Start auto log messages stack - Iteration 500.	[MsgId: MMSG-10545]
A_Patient_Register.c(46):     1afdc9a-7c24-4600-8714-05e9250c0a31</wsa:MessageID><wsa:ReplyTo><wsa:Address>http://schema
A_Patient_Register.c(46):     s.xmlsoap.org/ws/2004/03/addressing/role/anonymous</wsa:Address></wsa:ReplyTo><wsa:To>http
A_Patient_Register.c(46):     ://47.98.102.85/CenterInfoServer/CenterPrintService.asmx</wsa:To></soap:Header><soap:Body>
A_Patient_Register.c(46):     <Get2DCodeImage xmlns="http://tempuri.org/"><hospitalID>2</hospitalID><patientID>P20180503
A_Patient_Register.c(46):     1046428492</patientID><qrcodeParam><QRCodeScale>1</QRCodeScale><QRCodeErrorCorrect>10</QRC
A_Patient_Register.c(46):     odeErrorCorrect></qrcodeParam></Get2DCodeImage></soap:Body></soap:Envelope>
A_Patient_Register.c(46): Continuing after Error -27724: Step download timeout (120 seconds) has expired  	[MsgId: MERR-27724]
End auto log messages stack.	[MsgId: MMSG-10544]

Start auto log messages stack - Iteration 500.	[MsgId: MMSG-10545]
A_Patient_Register.c(46): Aborting pending download of URL="http://47.98.102.85/CenterInfoServer/CenterPrintService.asmx" (RelFrameId=1, Internal ID=3390)  	[MsgId: MMSG-27652]
A_Patient_Register.c(46): Continuing after Error -26377: No match found for the requested parameter "Get2DCodeImageResult". Either the specified boundaries were not found in the response or the matched text is longer than current max html parameter size of 10240 bytes. The total length of the response is 0 bytes. You can use "web_set_max_html_param_len" to increase the max parameter size.  	[MsgId: MERR-26377]
End auto log messages stack.	[MsgId: MMSG-10544]

Start auto log messages stack - Iteration 500.	[MsgId: MMSG-10545]
A_Patient_Register.c(46): Notify: Saving Parameter "Get2DCodeImageResult = ".	[MsgId: MMSG-13798]
A_Patient_Register.c(46): Continuing after Error -26374: The above "not found" error(s) may be explained by header and body byte counts being 0 and 0, respectively.  	[MsgId: MERR-26374]
End auto log messages stack.	[MsgId: MMSG-10544]

Start auto log messages stack - Iteration 500.	[MsgId: MMSG-10545]
A_Patient_Register.c(46): web_custom_request("Get2DCodeImage") highest severity level was "continue on error", 0 body bytes, 0 header bytes  	[MsgId: MMSG-26388]
A_Patient_Register.c(46): Continuing after error in Vuser script.	[MsgId: MMSG-10678]
A_Patient_Register.c(59): web_get_int_property started  	[MsgId: MMSG-26355]
A_Patient_Register.c(59): web_get_int_property was successful  	[MsgId: MMSG-26392]
A_Patient_Register.c(63): Error: Get2DCodeImage from CS operations failed. The http return code is -1	[MsgId: MERR-17999]
End auto log messages stack.	[MsgId: MMSG-10544]

Start auto log messages stack - Iteration 501.	[MsgId: MMSG-10545]
Starting action A_Patient_Register.	[MsgId: MMSG-15919]
A_Patient_Register.c(25): web_set_max_html_param_len started  	[MsgId: MMSG-26355]
A_Patient_Register.c(25): web_set_max_html_param_len was successful  	[MsgId: MMSG-26392]
A_Patient_Register.c(33): Notify: Parameter Substitution: parameter "CurrentDateTime" =  "20180503104849.847"	[MsgId: MMSG-13992]
A_Patient_Register.c(34): Notify: Saving Parameter "strCurrentDateTime = 20180503104849847".	[MsgId: MMSG-13798]
A_Patient_Register.c(42): web_reg_save_param started  	[MsgId: MMSG-26355]
A_Patient_Register.c(42): Registering web_reg_save_param was successful  	[MsgId: MMSG-26390]
A_Patient_Register.c(44): Error: Cannot start transaction "Patient operations_ Get2DCodeImage". This Vuser already started a transaction with the same name, and has not yet processed the corresponding lr_end_transaction statement.	[MsgId: MERR-16993]
End auto log messages stack.	[MsgId: MMSG-10544]

Start auto log messages stack - Iteration 2871.	[MsgId: MMSG-10545]
A_Patient_Register.c(46):     y></soap:Envelope>
A_Patient_Register.c(46): Notify: Message id [-13798] was not saved - Auto Log cache is too small to contain the message.	[MsgId: MMSG-10547]
A_Patient_Register.c(46): t=29234301ms: Request done "http://47.98.102.85/CenterInfoServer/CenterPrintService.asmx"  	[MsgId: MMSG-26000]
A_Patient_Register.c(46): web_custom_request("Get2DCodeImage") was successful, 2628 body bytes, 232 header bytes  	[MsgId: MMSG-26386]
A_Patient_Register.c(59): web_get_int_property started  	[MsgId: MMSG-26355]
A_Patient_Register.c(59): web_get_int_property was successful  	[MsgId: MMSG-26392]
A_Patient_Register.c(69): Notify: Message id [-13992] was not saved - Auto Log cache is too small to contain the message.	[MsgId: MMSG-10547]
A_Patient_Register.c(72): Notify: Message id [-13992] was not saved - Auto Log cache is too small to contain the message.	[MsgId: MMSG-10547]
A_Patient_Register.c(80): Notify: Transaction "Patient operations_ Get2DCodeImage" ended with a "Pass" status (Duration: 0.4405 Wasted Time: 0.0015).	[MsgId: MMSG-16871]
A_Patient_Register.c(80): Error: C interpreter run time error: A_Patient_Register.c (80):  Error -- memory violation : Exception ACCESS_VIOLATION received.	[MsgId: MERR-19890]
End auto log messages stack.	[MsgId: MMSG-10544]

