Start auto log messages stack - Iteration 521.	[MsgId: MMSG-10545]
A_Patient_Register.c(46):     4uPk5ebn6Onq8vP09fb3+Pn6/9oADAMBAAIRAxEAPwCPw94evYdS0l30aNIETShFCvhyWK4guElt
A_Patient_Register.c(46): t=5371879ms: Server 47.98.102.85 has shut down the connection [0]  	[MsgId: MMSG-26000]
A_Patient_Register.c(46): t=5371879ms: Closed connection [0] to 47.98.102.85:80 after completing 0 request(s)  	[MsgId: MMSG-26000]
A_Patient_Register.c(46): Warning -26652: Response body length (1156) does not match the expected length for "http://47.98.102.85/CenterInfoServer/CenterPrintService.asmx". Content-Length=2636 (Intennal: expected difference=0)  	[MsgId: MWAR-26652]
A_Patient_Register.c(46): t=5371879ms: Request done "http://47.98.102.85/CenterInfoServer/CenterPrintService.asmx"  	[MsgId: MMSG-26000]
A_Patient_Register.c(46): Continuing after Error -26377: No match found for the requested parameter "Get2DCodeImageResult". Either the specified boundaries were not found in the response or the matched text is longer than current max html parameter size of 10240 bytes. The total length of the response is 1156 bytes. You can use "web_set_max_html_param_len" to increase the max parameter size.  	[MsgId: MERR-26377]
End auto log messages stack.	[MsgId: MMSG-10544]

Start auto log messages stack - Iteration 521.	[MsgId: MMSG-10545]
A_Patient_Register.c(46): Notify: Saving Parameter "Get2DCodeImageResult = ".	[MsgId: MMSG-13798]
A_Patient_Register.c(46): web_custom_request("Get2DCodeImage") highest severity level was "continue on error", 1156 body bytes, 232 header bytes  	[MsgId: MMSG-26388]
A_Patient_Register.c(46): Continuing after error in Vuser script.	[MsgId: MMSG-10678]
A_Patient_Register.c(59): web_get_int_property started  	[MsgId: MMSG-26355]
A_Patient_Register.c(59): web_get_int_property was successful  	[MsgId: MMSG-26392]
A_Patient_Register.c(69): Notify: Parameter Substitution: parameter "Get2DCodeImageResult" =  ""	[MsgId: MMSG-13992]
A_Patient_Register.c(72): Notify: Parameter Substitution: parameter "Get2DCodeImageResult" =  ""	[MsgId: MMSG-13992]
A_Patient_Register.c(74): Error: Get2DCodeImage from CS operations failed. The http response content size is 0!	[MsgId: MERR-17999]
End auto log messages stack.	[MsgId: MMSG-10544]

Start auto log messages stack - Iteration 522.	[MsgId: MMSG-10545]
Starting action A_Patient_Register.	[MsgId: MMSG-15919]
A_Patient_Register.c(25): web_set_max_html_param_len started  	[MsgId: MMSG-26355]
A_Patient_Register.c(25): web_set_max_html_param_len was successful  	[MsgId: MMSG-26392]
A_Patient_Register.c(33): Notify: Parameter Substitution: parameter "CurrentDateTime" =  "20180503105136.194"	[MsgId: MMSG-13992]
A_Patient_Register.c(34): Notify: Saving Parameter "strCurrentDateTime = 20180503105136194".	[MsgId: MMSG-13798]
A_Patient_Register.c(42): web_reg_save_param started  	[MsgId: MMSG-26355]
A_Patient_Register.c(42): Registering web_reg_save_param was successful  	[MsgId: MMSG-26390]
A_Patient_Register.c(44): Error: Cannot start transaction "Patient operations_ Get2DCodeImage". This Vuser already started a transaction with the same name, and has not yet processed the corresponding lr_end_transaction statement.	[MsgId: MERR-16993]
End auto log messages stack.	[MsgId: MMSG-10544]

Start auto log messages stack - Iteration 2891.	[MsgId: MMSG-10545]
A_Patient_Register.c(46):     deImageResponse></soap:Body></soap:Envelope>
A_Patient_Register.c(46): Notify: Message id [-13798] was not saved - Auto Log cache is too small to contain the message.	[MsgId: MMSG-10547]
A_Patient_Register.c(46): t=29391762ms: Request done "http://47.98.102.85/CenterInfoServer/CenterPrintService.asmx"  	[MsgId: MMSG-26000]
A_Patient_Register.c(46): web_custom_request("Get2DCodeImage") was successful, 2640 body bytes, 232 header bytes  	[MsgId: MMSG-26386]
A_Patient_Register.c(59): web_get_int_property started  	[MsgId: MMSG-26355]
A_Patient_Register.c(59): web_get_int_property was successful  	[MsgId: MMSG-26392]
A_Patient_Register.c(69): Notify: Message id [-13992] was not saved - Auto Log cache is too small to contain the message.	[MsgId: MMSG-10547]
A_Patient_Register.c(72): Notify: Message id [-13992] was not saved - Auto Log cache is too small to contain the message.	[MsgId: MMSG-10547]
A_Patient_Register.c(80): Notify: Transaction "Patient operations_ Get2DCodeImage" ended with a "Pass" status (Duration: 0.4263 Wasted Time: 0.0015).	[MsgId: MMSG-16871]
A_Patient_Register.c(80): Error: C interpreter run time error: A_Patient_Register.c (80):  Error -- memory violation : Exception ACCESS_VIOLATION received.	[MsgId: MERR-19890]
End auto log messages stack.	[MsgId: MMSG-10544]

