Start auto log messages stack - Iteration 1.	[MsgId: MMSG-10545]
Action.c(313):     3,"statusDescription
Action.c(313): t=401ms: 1460-byte response body for "http://10.184.129.108/webapi/api/terminalmonitoring?userId=17" (RelFrameId=1, Internal ID=14)
Action.c(313):     ":"Empty"},{"drawerName":null,"paperType":"Plain","paperSizeType":"A4","statusCode":0,"sta
Action.c(313):     tusDescription":"Normal"}],"printerType":0,"blackInkLevel":71,"cyanInkLevel":0,"magentaInk
Action.c(313):     Level":0,"yellowInkLevel":0,"errorCode":"","errorDescription":null,"statusTime":"2018-09-1
Action.c(313):     7T18:56:21.08+08:00"},{"printerID":"Upper","terminalID":null,"printerName":"Upper","printe
Action.c(313):     rModel":"Color","statusCode":0,"statusDescription":"Normal","reportDrawersInfo":[{"drawerN
Action.c(313):     ame":null,"paperType":"Plain","paperSizeType":"A5","statusCode":3,"statusDescription":"Emp
Action.c(313):     ty"},{"drawerName":null,"paperType":"Plain","paperSizeType":"A4","statusCode":0,"statusDes
Action.c(313):     cription":"Normal"}],"printerType":1,"blackInkLevel":94,"cyanInkLevel":0,"magentaInkLevel"
Action.c(313):     :0,"yellowInkLevel":0,"errorCode":"","errorDescription":null,"statusTime":"2018-09-17T18:5
Action.c(313):     6:26.087+08:00"}],"errorCode":null,"errorDescription":null,"terminalType":2,"terminalEnabl
Action.c(313):     edFlag":1,"isFollowed":false},{"terminalID":"Terminal14","terminalName":"Terminal14","term
Action.c(313):     inalIP":"10.184.129.114","terminalDescription":null,"terminalStatus":1,"terminalStatusLeve
Action.c(313):     l":"Error","terminalStatusDescription":null,"terminalStatusTime":null,"departmentIdList":"
Action.c(313):     3,12,4,5,6,7,8,9,10,11,1,2","checkTermianlState":false,"checkFilmState":false,"filmPrinter
Action.c(313):     Info":null,"reportPrintersInfo":[],"errorCode":"80005018","errorDescription":null,"termina
Action.c(313):     lType":2,"terminalEnabledFlag":1,"isFollowed":false},{"terminalID":"Terminal15","terminalN
Action.c(313):     ame":"Terminal15","t
Action.c(313): t=401ms: 1460-byte response body for "http://10.184.129.108/webapi/api/terminalmonitoring?userId=17" (RelFrameId=1, Internal ID=14)
Action.c(313):     erminalIP":"10.184.129.115","terminalDescription":null,"terminalStatus":0,"terminalStatusL
Action.c(313):     evel":"Normal","terminalStatusDescription":null,"terminalStatusTime":"2018-09-17T18:52:00.
Action.c(313):     4+08:00","departmentIdList":"3,12,4,5,6,7,8,9,10,11,1,2","checkTermianlState":false,"check
Action.c(313):     FilmState":false,"filmPrinterInfo":null,"reportPrintersInfo":[{"printerID":"Lower","termin
Action.c(313):     alID":null,"printerName":"Lower","printerModel":"Mono","statusCode":0,"statusDescription":
Action.c(313):     "Normal","reportDrawersInfo":[{"drawerName":null,"paperType":"Plain","paperSizeType":"A4",
Action.c(313):     "statusCode":3,"statusDescription":"Empty"},{"drawerName":null,"paperType":"Plain","paperS
Action.c(313):     izeType":"A4","statusCode":0,"statusDescription":"Normal"}],"printerType":0,"blackInkLevel
Action.c(313):     ":71,"cyanInkLevel":0,"magentaInkLevel":0,"yellowInkLevel":0,"errorCode":"","errorDescript
Action.c(313):     ion":null,"statusTime":"2018-09-17T18:51:11.583+08:00"},{"printerID":"Upper","terminalID":
Action.c(313):     null,"printerName":"Upper","printerModel":"Color","statusCode":0,"statusDescription":"Norm
Action.c(313):     al","reportDrawersInfo":[{"drawerName":null,"paperType":"Plain","paperSizeType":"A5","stat
Action.c(313):     usCode":3,"statusDescription":"Empty"},{"drawerName":null,"paperType":"Plain","paperSizeTy
Action.c(313):     pe":"A4","statusCode":0,"statusDescription":"Normal"}],"printerType":1,"blackInkLevel":94,
Action.c(313):     "cyanInkLevel":0,"magentaInkLevel":0,"yellowInkLevel":0,"errorCode":"","errorDescription":
Action.c(313):     null,"statusTime":"2018-09-17T18:51:16.633+08:00"}],"errorCode":null,"errorDescription":nu
Action.c(313):     ll,"terminalType":2,
Action.c(313): t=402ms: 1460-byte response body for "http://10.184.129.108/webapi/api/terminalmonitoring?userId=17" (RelFrameId=1, Internal ID=14)
Action.c(313):     "terminalEnabledFlag":1,"isFollowed":false},{"terminalID":"Terminal16","terminalName":"Ter
Action.c(313):     minal16","terminalIP":"10.184.129.116","terminalDescription":null,"terminalStatus":0,"term
Action.c(313):     inalStatusLevel":"Normal","terminalStatusDescription":null,"terminalStatusTime":"2018-09-1
Action.c(313):     7T18:53:16.98+08:00","departmentIdList":"3,12,4,5,6,7,8,9,10,11,1,2","checkTermianlState":
Action.c(313):     false,"checkFilmState":false,"filmPrinterInfo":null,"reportPrintersInfo":[{"printerID":"Lo
Action.c(313):     wer","terminalID":null,"printerName":"Lower","printerModel":"Mono","statusCode":0,"statusD
Action.c(313):     escription":"Normal","reportDrawersInfo":[{"drawerName":null,"paperType":"Plain","paperSiz
Action.c(313):     eType":"A4","statusCode":3,"statusDescription":"Empty"},{"drawerName":null,"paperType":"Pl
Action.c(313):     ain","paperSizeType":"A4","statusCode":0,"statusDescription":"Normal"}],"printerType":0,"b
Action.c(313):     lackInkLevel":71,"cyanInkLevel":0,"magentaInkLevel":0,"yellowInkLevel":0,"errorCode":"","e
Action.c(313):     rrorDescription":null,"statusTime":"2018-09-17T18:52:28.233+08:00"},{"printerID":"Upper","
Action.c(313):     terminalID":null,"printerName":"Upper","printerModel":"Color","statusCode":0,"statusDescri
Action.c(313):     ption":"Normal","reportDrawersInfo":[{"drawerName":null,"paperType":"Plain","paperSizeType
Action.c(313):     ":"A5","statusCode":3,"statusDescription":"Empty"},{"drawerName":null,"paperType":"Plain",
Action.c(313):     "paperSizeType":"A4","statusCode":0,"statusDescription":"Normal"}],"printerType":1,"blackI
Action.c(313):     nkLevel":94,"cyanInkLevel":0,"magentaInkLevel":0,"yellowInkLevel":0,"errorCode":"","errorD
Action.c(313):     escription":null,"st
Action.c(313): t=402ms: 1460-byte response body for "http://10.184.129.108/webapi/api/terminalmonitoring?userId=17" (RelFrameId=1, Internal ID=14)
Action.c(313):     atusTime":"2018-09-17T18:52:33.28+08:00"}],"errorCode":null,"errorDescription":null,"termi
Action.c(313):     nalType":2,"terminalEnabledFlag":1,"isFollowed":false},{"terminalID":"Terminal17","termina
Action.c(313):     lName":"Terminal17","terminalIP":"10.184.129.117","terminalDescription":null,"terminalStat
Action.c(313):     us":0,"terminalStatusLevel":"Normal","terminalStatusDescription":null,"terminalStatusTime"
Action.c(313):     :"2018-09-17T18:54:43.71+08:00","departmentIdList":"3,12,4,5,6,7,8,9,10,11,1,2","checkTerm
Action.c(313):     ianlState":false,"checkFilmState":false,"filmPrinterInfo":null,"reportPrintersInfo":[{"pri
Action.c(313):     nterID":"Lower","terminalID":null,"printerName":"Lower","printerModel":"Mono","statusCode"
Action.c(313):     :0,"statusDescription":"Normal","reportDrawersInfo":[{"drawerName":null,"paperType":"Plain
Action.c(313):     ","paperSizeType":"A4","statusCode":3,"statusDescription":"Empty"},{"drawerName":null,"pap
Action.c(313):     erType":"Plain","paperSizeType":"A4","statusCode":0,"statusDescription":"Normal"}],"printe
Action.c(313):     rType":0,"blackInkLevel":71,"cyanInkLevel":0,"magentaInkLevel":0,"yellowInkLevel":0,"error
Action.c(313):     Code":"","errorDescription":null,"statusTime":"2018-09-17T18:53:55.12+08:00"},{"printerID"
Action.c(313):     :"Upper","terminalID":null,"printerName":"Upper","printerModel":"Color","statusCode":0,"st
Action.c(313):     atusDescription":"Normal","reportDrawersInfo":[{"drawerName":null,"paperType":"Plain","pap
Action.c(313):     erSizeType":"A5","statusCode":3,"statusDescription":"Empty"},{"drawerName":null,"paperType
Action.c(313):     ":"Plain","paperSizeType":"A4","statusCode":0,"statusDescription":"Normal"}],"printerType"
Action.c(313):     :1,"blackInkLevel":9
Action.c(313): t=402ms: 1460-byte response body for "http://10.184.129.108/webapi/api/terminalmonitoring?userId=17" (RelFrameId=1, Internal ID=14)
Action.c(313):     4,"cyanInkLevel":0,"magentaInkLevel":0,"yellowInkLevel":0,"errorCode":"","errorDescription
Action.c(313):     ":null,"statusTime":"2018-09-17T18:54:00.143+08:00"}],"errorCode":null,"errorDescription":
Action.c(313):     null,"terminalType":2,"terminalEnabledFlag":1,"isFollowed":false},{"terminalID":"Terminal1
Action.c(313):     8","terminalName":"Terminal18","terminalIP":"10.184.129.118","terminalDescription":null,"t
Action.c(313):     erminalStatus":0,"terminalStatusLevel":"Normal","terminalStatusDescription":null,"terminal
Action.c(313):     StatusTime":"2018-09-17T18:56:05.29+08:00","departmentIdList":"3,12,4,5,6,7,8,9,10,11,1,2"
Action.c(313):     ,"checkTermianlState":false,"checkFilmState":false,"filmPrinterInfo":null,"reportPrintersI
Action.c(313):     nfo":[{"printerID":"Lower","terminalID":null,"printerName":"Lower","printerModel":"Mono","
Action.c(313):     statusCode":0,"statusDescription":"Normal","reportDrawersInfo":[{"drawerName":null,"paperT
Action.c(313):     ype":"Plain","paperSizeType":"A4","statusCode":3,"statusDescription":"Empty"},{"drawerName
Action.c(313):     ":null,"paperType":"Plain","paperSizeType":"A4","statusCode":0,"statusDescription":"Normal
Action.c(313):     "}],"printerType":0,"blackInkLevel":71,"cyanInkLevel":0,"magentaInkLevel":0,"yellowInkLeve
Action.c(313):     l":0,"errorCode":"","errorDescription":null,"statusTime":"2018-09-17T18:55:16.653+08:00"},
Action.c(313):     {"printerID":"Upper","terminalID":null,"printerName":"Upper","printerModel":"Color","statu
Action.c(313):     sCode":0,"statusDescription":"Normal","reportDrawersInfo":[{"drawerName":null,"paperType":
Action.c(313):     "Plain","paperSizeType":"A5","statusCode":3,"statusDescription":"Empty"},{"drawerName":nul
Action.c(313):     l,"paperType":"Plain
Action.c(313): t=402ms: 1460-byte response body for "http://10.184.129.108/webapi/api/terminalmonitoring?userId=17" (RelFrameId=1, Internal ID=14)
Action.c(313):     ","paperSizeType":"A4","statusCode":0,"statusDescription":"Normal"}],"printerType":1,"blac
Action.c(313):     kInkLevel":94,"cyanInkLevel":0,"magentaInkLevel":0,"yellowInkLevel":0,"errorCode":"","erro
Action.c(313):     rDescription":null,"statusTime":"2018-09-17T18:55:21.697+08:00"}],"errorCode":null,"errorD
Action.c(313):     escription":null,"terminalType":2,"terminalEnabledFlag":1,"isFollowed":false},{"terminalID
Action.c(313):     ":"Terminal19","terminalName":"Terminal19","terminalIP":"10.184.129.119","terminalDescript
Action.c(313):     ion":null,"terminalStatus":0,"terminalStatusLevel":"Normal","terminalStatusDescription":nu
Action.c(313):     ll,"terminalStatusTime":"2018-09-17T18:59:31.56+08:00","departmentIdList":"3,12,4,5,6,7,8,
Action.c(313):     9,10,11,1,2","checkTermianlState":false,"checkFilmState":false,"filmPrinterInfo":null,"rep
Action.c(313):     ortPrintersInfo":[{"printerID":"Upper","terminalID":null,"printerName":"Upper","printerMod
Action.c(313):     el":"Color","statusCode":0,"statusDescription":"Normal","reportDrawersInfo":[{"drawerName"
Action.c(313):     :null,"paperType":"Plain","paperSizeType":"A5","statusCode":3,"statusDescription":"Empty"}
Action.c(313):     ,{"drawerName":null,"paperType":"Plain","paperSizeType":"A4","statusCode":0,"statusDescrip
Action.c(313):     tion":"Normal"}],"printerType":1,"blackInkLevel":94,"cyanInkLevel":0,"magentaInkLevel":0,"
Action.c(313):     yellowInkLevel":0,"errorCode":"","errorDescription":null,"statusTime":"2018-09-17T18:56:44
Action.c(313):     .993+08:00"}],"errorCode":null,"errorDescription":null,"terminalType":2,"terminalEnabledFl
Action.c(313):     ag":1,"isFollowed":false},{"terminalID":"Terminal2","terminalName":"Terminal2","terminalIP
Action.c(313):     ":"10.184.129.2","te
Action.c(313): t=402ms: 1460-byte response body for "http://10.184.129.108/webapi/api/terminalmonitoring?userId=17" (RelFrameId=1, Internal ID=14)
Action.c(313):     rminalDescription":null,"terminalStatus":1,"terminalStatusLevel":"Error","terminalStatusDe
Action.c(313):     scription":null,"terminalStatusTime":null,"departmentIdList":"3,12,4,5,6,7,8,9,10,11,1,2",
Action.c(313):     "checkTermianlState":false,"checkFilmState":false,"filmPrinterInfo":null,"reportPrintersIn
Action.c(313):     fo":[],"errorCode":"80005018","errorDescription":null,"terminalType":2,"terminalEnabledFla
Action.c(313):     g":1,"isFollowed":false},{"terminalID":"Terminal20","terminalName":"Terminal20","terminalI
Action.c(313):     P":"10.184.129.120","terminalDescription":null,"terminalStatus":0,"terminalStatusLevel":"N
Action.c(313):     ormal","terminalStatusDescription":null,"terminalStatusTime":"2018-09-17T18:52:18.553+08:0
Action.c(313):     0","departmentIdList":"3,12,4,5,6,7,8,9,10,11,1,2","checkTermianlState":false,"checkFilmSt
Action.c(313):     ate":false,"filmPrinterInfo":null,"reportPrintersInfo":[{"printerID":"Lower","terminalID":
Action.c(313):     null,"printerName":"Lower","printerModel":"Mono","statusCode":0,"statusDescription":"Norma
Action.c(313):     l","reportDrawersInfo":[{"drawerName":null,"paperType":"Plain","paperSizeType":"A4","statu
Action.c(313):     sCode":3,"statusDescription":"Empty"},{"drawerName":null,"paperType":"Plain","paperSizeTyp
Action.c(313):     e":"A4","statusCode":0,"statusDescription":"Normal"}],"printerType":0,"blackInkLevel":71,"
Action.c(313):     cyanInkLevel":0,"magentaInkLevel":0,"yellowInkLevel":0,"errorCode":"","errorDescription":n
Action.c(313):     ull,"statusTime":"2018-09-17T18:51:29.893+08:00"},{"printerID":"Upper","terminalID":null,"
Action.c(313):     printerName":"Upper","printerModel":"Color","statusCode":0,"statusDescription":"Normal","r
Action.c(313):     eportDrawersInfo":[{
Action.c(313): t=402ms: 1460-byte response body for "http://10.184.129.108/webapi/api/terminalmonitoring?userId=17" (RelFrameId=1, Internal ID=14)
Action.c(313):     "drawerName":null,"paperType":"Plain","paperSizeType":"A5","statusCode":3,"statusDescripti
Action.c(313):     on":"Empty"},{"drawerName":null,"paperType":"Plain","paperSizeType":"A4","statusCode":0,"s
Action.c(313):     tatusDescription":"Normal"}],"printerType":1,"blackInkLevel":94,"cyanInkLevel":0,"magentaI
Action.c(313):     nkLevel":0,"yellowInkLevel":0,"errorCode":"","errorDescription":null,"statusTime":"2018-09
Action.c(313):     -17T18:51:34.903+08:00"}],"errorCode":null,"errorDescription":null,"terminalType":2,"termi
Action.c(313):     nalEnabledFlag":1,"isFollowed":false},{"terminalID":"Terminal21","terminalName":"Terminal2
Action.c(313):     1","terminalIP":"10.184.129.21","terminalDescription":null,"terminalStatus":0,"terminalSta
Action.c(313):     tusLevel":"Normal","terminalStatusDescription":null,"terminalStatusTime":"2018-09-17T18:53
Action.c(313):     :34.397+08:00","departmentIdList":"3,12,4,5,6,7,8,9,10,11,1,2","checkTermianlState":false,
Action.c(313):     "checkFilmState":false,"filmPrinterInfo":null,"reportPrintersInfo":[{"printerID":"Lower","
Action.c(313):     terminalID":null,"printerName":"Lower","printerModel":"Mono","statusCode":0,"statusDescrip
Action.c(313):     tion":"Normal","reportDrawersInfo":[{"drawerName":null,"paperType":"Plain","paperSizeType"
Action.c(313):     :"A4","statusCode":3,"statusDescription":"Empty"},{"drawerName":null,"paperType":"Plain","
Action.c(313):     paperSizeType":"A4","statusCode":0,"statusDescription":"Normal"}],"printerType":0,"blackIn
Action.c(313):     kLevel":71,"cyanInkLevel":0,"magentaInkLevel":0,"yellowInkLevel":0,"errorCode":"","errorDe
Action.c(313):     scription":null,"statusTime":"2018-09-17T18:52:45.943+08:00"},{"printerID":"Upper","termin
Action.c(313):     alID":null,"printerN
Action.c(313): t=402ms: 1460-byte response body for "http://10.184.129.108/webapi/api/terminalmonitoring?userId=17" (RelFrameId=1, Internal ID=14)
Action.c(313):     ame":"Upper","printerModel":"Color","statusCode":0,"statusDescription":"Normal","reportDra
Action.c(313):     wersInfo":[{"drawerName":null,"paperType":"Plain","paperSizeType":"A5","statusCode":3,"sta
Action.c(313):     tusDescription":"Empty"},{"drawerName":null,"paperType":"Plain","paperSizeType":"A4","stat
Action.c(313):     usCode":0,"statusDescription":"Normal"}],"printerType":1,"blackInkLevel":94,"cyanInkLevel"
Action.c(313):     :0,"magentaInkLevel":0,"yellowInkLevel":0,"errorCode":"","errorDescription":null,"statusTi
Action.c(313):     me":"2018-09-17T18:52:50.98+08:00"}],"errorCode":null,"errorDescription":null,"terminalTyp
Action.c(313):     e":2,"terminalEnabledFlag":1,"isFollowed":false},{"terminalID":"Terminal22","terminalName"
Action.c(313):     :"Terminal22","terminalIP":"10.184.129.22","terminalDescription":null,"terminalStatus":0,"
Action.c(313):     terminalStatusLevel":"Normal","terminalStatusDescription":null,"terminalStatusTime":"2018-
Action.c(313):     09-17T18:54:53.59+08:00","departmentIdList":"3,12,4,5,6,7,8,9,10,11,1,2","checkTermianlSta
Action.c(313):     te":false,"checkFilmState":false,"filmPrinterInfo":null,"reportPrintersInfo":[{"printerID"
Action.c(313):     :"Lower","terminalID":null,"printerName":"Lower","printerModel":"Mono","statusCode":0,"sta
Action.c(313):     tusDescription":"Normal","reportDrawersInfo":[{"drawerName":null,"paperType":"Plain","pape
Action.c(313):     rSizeType":"A4","statusCode":3,"statusDescription":"Empty"},{"drawerName":null,"paperType"
Action.c(313):     :"Plain","paperSizeType":"A4","statusCode":0,"statusDescription":"Normal"}],"printerType":
Action.c(313):     0,"blackInkLevel":71,"cyanInkLevel":0,"magentaInkLevel":0,"yellowInkLevel":0,"errorCode":"
Action.c(313):     ","errorDescription"
Action.c(313): t=402ms: 1460-byte response body for "http://10.184.129.108/webapi/api/terminalmonitoring?userId=17" (RelFrameId=1, Internal ID=14)
Action.c(313):     :null,"statusTime":"2018-09-17T18:54:05.03+08:00"},{"printerID":"Upper","terminalID":null,
Action.c(313):     "printerName":"Upper","printerModel":"Color","statusCode":0,"statusDescription":"Normal","
Action.c(313):     reportDrawersInfo":[{"drawerName":null,"paperType":"Plain","paperSizeType":"A5","statusCod
Action.c(313):     e":3,"statusDescription":"Empty"},{"drawerName":null,"paperType":"Plain","paperSizeType":"
Action.c(313):     A4","statusCode":0,"statusDescription":"Normal"}],"printerType":1,"blackInkLevel":94,"cyan
Action.c(313):     InkLevel":0,"magentaInkLevel":0,"yellowInkLevel":0,"errorCode":"","errorDescription":null,
Action.c(313):     "statusTime":"2018-09-17T18:54:10.057+08:00"}],"errorCode":null,"errorDescription":null,"t
Action.c(313):     erminalType":2,"terminalEnabledFlag":1,"isFollowed":false},{"terminalID":"Terminal23","ter
Action.c(313):     minalName":"Terminal23","terminalIP":"10.184.129.23","terminalDescription":null,"terminalS
Action.c(313):     tatus":0,"terminalStatusLevel":"Normal","terminalStatusDescription":null,"terminalStatusTi
Action.c(313):     me":"2018-09-17T18:56:15.707+08:00","departmentIdList":"3,12,4,5,6,7,8,9,10,11,1,2","check
Action.c(313):     TermianlState":false,"checkFilmState":false,"filmPrinterInfo":null,"reportPrintersInfo":[{
Action.c(313):     "printerID":"Lower","terminalID":null,"printerName":"Lower","printerModel":"Mono","statusC
Action.c(313):     ode":0,"statusDescription":"Normal","reportDrawersInfo":[{"drawerName":null,"paperType":"P
Action.c(313):     lain","paperSizeType":"A4","statusCode":3,"statusDescription":"Empty"},{"drawerName":null,
Action.c(313):     "paperType":"Plain","paperSizeType":"A4","statusCode":0,"statusDescription":"Normal"}],"pr
Action.c(313):     interType":0,"blackI
Action.c(313): t=403ms: 1460-byte response body for "http://10.184.129.108/webapi/api/terminalmonitoring?userId=17" (RelFrameId=1, Internal ID=14)
Action.c(313):     nkLevel":71,"cyanInkLevel":0,"magentaInkLevel":0,"yellowInkLevel":0,"errorCode":"","errorD
Action.c(313):     escription":null,"statusTime":"2018-09-17T18:55:27.183+08:00"},{"printerID":"Upper","termi
Action.c(313):     nalID":null,"printerName":"Upper","printerModel":"Color","statusCode":0,"statusDescription
Action.c(313):     ":"Normal","reportDrawersInfo":[{"drawerName":null,"paperType":"Plain","paperSizeType":"A5
Action.c(313):     ","statusCode":3,"statusDescription":"Empty"},{"drawerName":null,"paperType":"Plain","pape
Action.c(313):     rSizeType":"A4","statusCode":0,"statusDescription":"Normal"}],"printerType":1,"blackInkLev
Action.c(313):     el":94,"cyanInkLevel":0,"magentaInkLevel":0,"yellowInkLevel":0,"errorCode":"","errorDescri
Action.c(313):     ption":null,"statusTime":"2018-09-17T18:55:32.217+08:00"}],"errorCode":null,"errorDescript
Action.c(313):     ion":null,"terminalType":2,"terminalEnabledFlag":1,"isFollowed":false},{"terminalID":"Term
Action.c(313):     inal24","terminalName":"Terminal24","terminalIP":"10.184.129.24","terminalDescription":nul
Action.c(313):     l,"terminalStatus":1,"terminalStatusLevel":"Error","terminalStatusDescription":null,"termi
Action.c(313):     nalStatusTime":null,"departmentIdList":"3,12,4,5,6,7,8,9,10,11,1,2","checkTermianlState":f
Action.c(313):     alse,"checkFilmState":false,"filmPrinterInfo":null,"reportPrintersInfo":[],"errorCode":"80
Action.c(313):     005018","errorDescription":null,"terminalType":2,"terminalEnabledFlag":1,"isFollowed":fals
Action.c(313):     e},{"terminalID":"Terminal25","terminalName":"Terminal25","terminalIP":"10.184.129.25","te
Action.c(313):     rminalDescription":null,"terminalStatus":1,"terminalStatusLevel":"Error","terminalStatusDe
Action.c(313):     scription":null,"ter
Action.c(313): t=403ms: 1460-byte response body for "http://10.184.129.108/webapi/api/terminalmonitoring?userId=17" (RelFrameId=1, Internal ID=14)
Action.c(313):     minalStatusTime":null,"departmentIdList":"3,12,4,5,6,7,8,9,10,11,1,2","checkTermianlState"
Action.c(313):     :false,"checkFilmState":false,"filmPrinterInfo":null,"reportPrintersInfo":[],"errorCode":"
Action.c(313):     80005018","errorDescription":null,"terminalType":2,"terminalEnabledFlag":1,"isFollowed":fa
Action.c(313):     lse},{"terminalID":"Terminal26","terminalName":"Terminal26","terminalIP":"10.184.129.26","
Action.c(313):     terminalDescription":null,"terminalStatus":0,"terminalStatusLevel":"Normal","terminalStatu
Action.c(313):     sDescription":null,"terminalStatusTime":"2018-09-17T18:52:39.063+08:00","departmentIdList"
Action.c(313):     :"3,12,4,5,6,7,8,9,10,11,1,2","checkTermianlState":false,"checkFilmState":false,"filmPrint
Action.c(313):     erInfo":null,"reportPrintersInfo":[{"printerID":"Lower","terminalID":null,"printerName":"L
Action.c(313):     ower","printerModel":"Mono","statusCode":0,"statusDescription":"Normal","reportDrawersInfo
Action.c(313):     ":[{"drawerName":null,"paperType":"Plain","paperSizeType":"A4","statusCode":3,"statusDescr
Action.c(313):     iption":"Empty"},{"drawerName":null,"paperType":"Plain","paperSizeType":"A4","statusCode":
Action.c(313):     0,"statusDescription":"Normal"}],"printerType":0,"blackInkLevel":71,"cyanInkLevel":0,"mage
Action.c(313):     ntaInkLevel":0,"yellowInkLevel":0,"errorCode":"","errorDescription":null,"statusTime":"201
Action.c(313):     8-09-17T18:51:50.457+08:00"},{"printerID":"Upper","terminalID":null,"printerName":"Upper",
Action.c(313):     "printerModel":"Color","statusCode":0,"statusDescription":"Normal","reportDrawersInfo":[{"
Action.c(313):     drawerName":null,"paperType":"Plain","paperSizeType":"A5","statusCode":3,"statusDescriptio
Action.c(313):     n":"Empty"},{"drawer
Action.c(313): t=403ms: 1460-byte response body for "http://10.184.129.108/webapi/api/terminalmonitoring?userId=17" (RelFrameId=1, Internal ID=14)
Action.c(313):     Name":null,"paperType":"Plain","paperSizeType":"A4","statusCode":0,"statusDescription":"No
Action.c(313):     rmal"}],"printerType":1,"blackInkLevel":94,"cyanInkLevel":0,"magentaInkLevel":0,"yellowInk
Action.c(313):     Level":0,"errorCode":"","errorDescription":null,"statusTime":"2018-09-17T18:51:55.463+08:0
Action.c(313):     0"}],"errorCode":null,"errorDescription":null,"terminalType":2,"terminalEnabledFlag":1,"is
Action.c(313):     Followed":false},{"terminalID":"Terminal27","terminalName":"Terminal27","terminalIP":"10.1
Action.c(313):     84.129.27","terminalDescription":null,"terminalStatus":0,"terminalStatusLevel":"Normal","t
Action.c(313):     erminalStatusDescription":null,"terminalStatusTime":"2018-09-17T18:53:51.24+08:00","depart
Action.c(313):     mentIdList":"3,12,4,5,6,7,8,9,10,11,1,2","checkTermianlState":false,"checkFilmState":false
Action.c(313):     ,"filmPrinterInfo":null,"reportPrintersInfo":[{"printerID":"Lower","terminalID":null,"prin
Action.c(313):     terName":"Lower","printerModel":"Mono","statusCode":0,"statusDescription":"Normal","report
Action.c(313):     DrawersInfo":[{"drawerName":null,"paperType":"Plain","paperSizeType":"A4","statusCode":3,"
Action.c(313):     statusDescription":"Empty"},{"drawerName":null,"paperType":"Plain","paperSizeType":"A4","s
Action.c(313):     tatusCode":0,"statusDescription":"Normal"}],"printerType":0,"blackInkLevel":71,"cyanInkLev
Action.c(313):     el":0,"magentaInkLevel":0,"yellowInkLevel":0,"errorCode":"","errorDescription":null,"statu
Action.c(313):     sTime":"2018-09-17T18:53:02.703+08:00"},{"printerID":"Upper","terminalID":null,"printerNam
Action.c(313):     e":"Upper","printerModel":"Color","statusCode":0,"statusDescription":"Normal","reportDrawe
Action.c(313):     rsInfo":[{"drawerNam
Action.c(313): t=403ms: 1460-byte response body for "http://10.184.129.108/webapi/api/terminalmonitoring?userId=17" (RelFrameId=1, Internal ID=14)
Action.c(313):     e":null,"paperType":"Plain","paperSizeType":"A5","statusCode":3,"statusDescription":"Empty
Action.c(313):     "},{"drawerName":null,"paperType":"Plain","paperSizeType":"A4","statusCode":0,"statusDescr
Action.c(313):     iption":"Normal"}],"printerType":1,"blackInkLevel":94,"cyanInkLevel":0,"magentaInkLevel":0
Action.c(313):     ,"yellowInkLevel":0,"errorCode":"","errorDescription":null,"statusTime":"2018-09-17T18:53:
Action.c(313):     07.717+08:00"}],"errorCode":null,"errorDescription":null,"terminalType":2,"terminalEnabled
Action.c(313):     Flag":1,"isFollowed":false},{"terminalID":"Terminal28","terminalName":"Terminal28","termin
Action.c(313):     alIP":"10.184.129.28","terminalDescription":null,"terminalStatus":0,"terminalStatusLevel":
Action.c(313):     "Normal","terminalStatusDescription":null,"terminalStatusTime":"2018-09-17T18:55:19.087+08
Action.c(313):     :00","departmentIdList":"3,12,4,5,6,7,8,9,10,11,1,2","checkTermianlState":false,"checkFilm
Action.c(313):     State":false,"filmPrinterInfo":null,"reportPrintersInfo":[{"printerID":"Lower","terminalID
Action.c(313):     ":null,"printerName":"Lower","printerModel":"Mono","statusCode":0,"statusDescription":"Nor
Action.c(313):     mal","reportDrawersInfo":[{"drawerName":null,"paperType":"Plain","paperSizeType":"A4","sta
Action.c(313):     tusCode":3,"statusDescription":"Empty"},{"drawerName":null,"paperType":"Plain","paperSizeT
Action.c(313):     ype":"A4","statusCode":0,"statusDescription":"Normal"}],"printerType":0,"blackInkLevel":71
Action.c(313):     ,"cyanInkLevel":0,"magentaInkLevel":0,"yellowInkLevel":0,"errorCode":"","errorDescription"
Action.c(313):     :null,"statusTime":"2018-09-17T18:54:30.457+08:00"},{"printerID":"Upper","terminalID":null
Action.c(313):     ,"printerName":"Uppe
Action.c(313): t=403ms: 1460-byte response body for "http://10.184.129.108/webapi/api/terminalmonitoring?userId=17" (RelFrameId=1, Internal ID=14)
Action.c(313):     r","printerModel":"Color","statusCode":0,"statusDescription":"Normal","reportDrawersInfo":
Action.c(313):     [{"drawerName":null,"paperType":"Plain","paperSizeType":"A5","statusCode":3,"statusDescrip
Action.c(313):     tion":"Empty"},{"drawerName":null,"paperType":"Plain","paperSizeType":"A4","statusCode":0,
Action.c(313):     "statusDescription":"Normal"}],"printerType":1,"blackInkLevel":94,"cyanInkLevel":0,"magent
Action.c(313):     aInkLevel":0,"yellowInkLevel":0,"errorCode":"","errorDescription":null,"statusTime":"2018-
Action.c(313):     09-17T18:54:35.48+08:00"}],"errorCode":null,"errorDescription":null,"terminalType":2,"term
Action.c(313):     inalEnabledFlag":1,"isFollowed":false},{"terminalID":"Terminal29","terminalName":"Terminal
Action.c(313):     29","terminalIP":"10.184.129.29","terminalDescription":null,"terminalStatus":0,"terminalSt
Action.c(313):     atusLevel":"Normal","terminalStatusDescription":null,"terminalStatusTime":"2018-09-17T18:5
Action.c(313):     8:50.773+08:00","departmentIdList":"3,12,4,5,6,7,8,9,10,11,1,2","checkTermianlState":false
Action.c(313):     ,"checkFilmState":false,"filmPrinterInfo":null,"reportPrintersInfo":[{"printerID":"Lower",
Action.c(313):     "terminalID":null,"printerName":"Lower","printerModel":"Mono","statusCode":0,"statusDescri
Action.c(313):     ption":"Normal","reportDrawersInfo":[{"drawerName":null,"paperType":"Plain","paperSizeType
Action.c(313):     ":"A4","statusCode":3,"statusDescription":"Empty"},{"drawerName":null,"paperType":"Plain",
Action.c(313):     "paperSizeType":"A4","statusCode":0,"statusDescription":"Normal"}],"printerType":0,"blackI
Action.c(313):     nkLevel":71,"cyanInkLevel":0,"magentaInkLevel":0,"yellowInkLevel":0,"errorCode":"","errorD
Action.c(313):     escription":null,"st
Action.c(313): t=403ms: 1460-byte response body for "http://10.184.129.108/webapi/api/terminalmonitoring?userId=17" (RelFrameId=1, Internal ID=14)
Action.c(313):     atusTime":"2018-09-17T18:55:59.797+08:00"},{"printerID":"Upper","terminalID":null,"printer
Action.c(313):     Name":"Upper","printerModel":"Color","statusCode":0,"statusDescription":"Normal","reportDr
Action.c(313):     awersInfo":[{"drawerName":null,"paperType":"Plain","paperSizeType":"A5","statusCode":3,"st
Action.c(313):     atusDescription":"Empty"},{"drawerName":null,"paperType":"Plain","paperSizeType":"A4","sta
Action.c(313):     tusCode":0,"statusDescription":"Normal"}],"printerType":1,"blackInkLevel":94,"cyanInkLevel
Action.c(313):     ":0,"magentaInkLevel":0,"yellowInkLevel":0,"errorCode":"","errorDescription":null,"statusT
Action.c(313):     ime":"2018-09-17T18:56:04.963+08:00"}],"errorCode":null,"errorDescription":null,"terminalT
Action.c(313):     ype":2,"terminalEnabledFlag":1,"isFollowed":false},{"terminalID":"Terminal3","terminalName
Action.c(313):     ":"Terminal3","terminalIP":"10.184.129.3","terminalDescription":null,"terminalStatus":1,"t
Action.c(313):     erminalStatusLevel":"Error","terminalStatusDescription":null,"terminalStatusTime":null,"de
Action.c(313):     partmentIdList":"3,12,4,5,6,7,8,9,10,11,1,2","checkTermianlState":false,"checkFilmState":f
Action.c(313):     alse,"filmPrinterInfo":null,"reportPrintersInfo":[],"errorCode":"80005018","errorDescripti
Action.c(313):     on":null,"terminalType":2,"terminalEnabledFlag":1,"isFollowed":false},{"terminalID":"Termi
Action.c(313):     nal30","terminalName":"Terminal30","terminalIP":"10.184.129.30","terminalDescription":null
Action.c(313):     ,"terminalStatus":1,"terminalStatusLevel":"Error","terminalStatusDescription":null,"termin
Action.c(313):     alStatusTime":null,"departmentIdList":"3,12,4,5,6,7,8,9,10,11,1,2","checkTermianlState":fa
Action.c(313):     lse,"checkFilmState"
Action.c(313): t=403ms: 1460-byte response body for "http://10.184.129.108/webapi/api/terminalmonitoring?userId=17" (RelFrameId=1, Internal ID=14)
Action.c(313):     :false,"filmPrinterInfo":null,"reportPrintersInfo":[],"errorCode":"80005018","errorDescrip
Action.c(313):     tion":null,"terminalType":2,"terminalEnabledFlag":1,"isFollowed":false},{"terminalID":"Ter
Action.c(313):     minal31","terminalName":"Terminal31","terminalIP":"10.184.129.31","terminalDescription":nu
Action.c(313):     ll,"terminalStatus":0,"terminalStatusLevel":"Normal","terminalStatusDescription":null,"ter
Action.c(313):     minalStatusTime":"2018-09-17T18:52:58.74+08:00","departmentIdList":"3,12,4,5,6,7,8,9,10,11
Action.c(313):     ,1,2","checkTermianlState":false,"checkFilmState":false,"filmPrinterInfo":null,"reportPrin
Action.c(313):     tersInfo":[{"printerID":"Lower","terminalID":null,"printerName":"Lower","printerModel":"Mo
Action.c(313):     no","statusCode":0,"statusDescription":"Normal","reportDrawersInfo":[{"drawerName":null,"p
Action.c(313):     aperType":"Plain","paperSizeType":"A4","statusCode":3,"statusDescription":"Empty"},{"drawe
Action.c(313):     rName":null,"paperType":"Plain","paperSizeType":"A4","statusCode":0,"statusDescription":"N
Action.c(313):     ormal"}],"printerType":0,"blackInkLevel":71,"cyanInkLevel":0,"magentaInkLevel":0,"yellowIn
Action.c(313):     kLevel":0,"errorCode":"","errorDescription":null,"statusTime":"2018-09-17T18:52:10.183+08:
Action.c(313):     00"},{"printerID":"Upper","terminalID":null,"printerName":"Upper","printerModel":"Color","
Action.c(313):     statusCode":0,"statusDescription":"Normal","reportDrawersInfo":[{"drawerName":null,"paperT
Action.c(313):     ype":"Plain","paperSizeType":"A5","statusCode":3,"statusDescription":"Empty"},{"drawerName
Action.c(313):     ":null,"paperType":"Plain","paperSizeType":"A4","statusCode":0,"statusDescription":"Normal
Action.c(313):     "}],"printerType":1,
Action.c(313): t=403ms: 1460-byte response body for "http://10.184.129.108/webapi/api/terminalmonitoring?userId=17" (RelFrameId=1, Internal ID=14)
Action.c(313):     "blackInkLevel":94,"cyanInkLevel":0,"magentaInkLevel":0,"yellowInkLevel":0,"errorCode":"",
Action.c(313):     "errorDescription":null,"statusTime":"2018-09-17T18:52:15.223+08:00"}],"errorCode":null,"e
Action.c(313):     rrorDescription":null,"terminalType":2,"terminalEnabledFlag":1,"isFollowed":false},{"termi
Action.c(313):     nalID":"Terminal32","terminalName":"Terminal32","terminalIP":"10.184.129.32","terminalDesc
Action.c(313):     ription":null,"terminalStatus":0,"terminalStatusLevel":"Normal","terminalStatusDescription
Action.c(313):     ":null,"terminalStatusTime":"2018-09-17T18:54:15.91+08:00","departmentIdList":"3,12,4,5,6,
Action.c(313):     7,8,9,10,11,1,2","checkTermianlState":false,"checkFilmState":false,"filmPrinterInfo":null,
Action.c(313):     "reportPrintersInfo":[{"printerID":"Lower","terminalID":null,"printerName":"Lower","printe
Action.c(313):     rModel":"Mono","statusCode":0,"statusDescription":"Normal","reportDrawersInfo":[{"drawerNa
Action.c(313):     me":null,"paperType":"Plain","paperSizeType":"A4","statusCode":3,"statusDescription":"Empt
Action.c(313):     y"},{"drawerName":null,"paperType":"Plain","paperSizeType":"A4","statusCode":0,"statusDesc
Action.c(313):     ription":"Normal"}],"printerType":0,"blackInkLevel":71,"cyanInkLevel":0,"magentaInkLevel":
Action.c(313):     0,"yellowInkLevel":0,"errorCode":"","errorDescription":null,"statusTime":"2018-09-17T18:53
Action.c(313):     :27.27+08:00"},{"printerID":"Upper","terminalID":null,"printerName":"Upper","printerModel"
Action.c(313):     :"Color","statusCode":0,"statusDescription":"Normal","reportDrawersInfo":[{"drawerName":nu
Action.c(313):     ll,"paperType":"Plain","paperSizeType":"A5","statusCode":3,"statusDescription":"Empty"},{"
Action.c(313):     drawerName":null,"pa
Action.c(313): t=404ms: 1460-byte response body for "http://10.184.129.108/webapi/api/terminalmonitoring?userId=17" (RelFrameId=1, Internal ID=14)
Action.c(313):     perType":"Plain","paperSizeType":"A4","statusCode":0,"statusDescription":"Normal"}],"print
Action.c(313):     erType":1,"blackInkLevel":94,"cyanInkLevel":0,"magentaInkLevel":0,"yellowInkLevel":0,"erro
Action.c(313):     rCode":"","errorDescription":null,"statusTime":"2018-09-17T18:53:32.31+08:00"}],"errorCode
Action.c(313):     ":null,"errorDescription":null,"terminalType":2,"terminalEnabledFlag":1,"isFollowed":false
Action.c(313):     },{"terminalID":"Terminal33","terminalName":"Terminal33","terminalIP":"10.184.129.33","ter
Action.c(313):     minalDescription":null,"terminalStatus":0,"terminalStatusLevel":"Normal","terminalStatusDe
Action.c(313):     scription":null,"terminalStatusTime":"2018-09-17T18:55:42.483+08:00","departmentIdList":"3
Action.c(313):     ,12,4,5,6,7,8,9,10,11,1,2","checkTermianlState":false,"checkFilmState":false,"filmPrinterI
Action.c(313):     nfo":null,"reportPrintersInfo":[{"printerID":"Lower","terminalID":null,"printerName":"Lowe
Action.c(313):     r","printerModel":"Mono","statusCode":0,"statusDescription":"Normal","reportDrawersInfo":[
Action.c(313):     {"drawerName":null,"paperType":"Plain","paperSizeType":"A4","statusCode":3,"statusDescript
Action.c(313):     ion":"Empty"},{"drawerName":null,"paperType":"Plain","paperSizeType":"A4","statusCode":0,"
Action.c(313):     statusDescription":"Normal"}],"printerType":0,"blackInkLevel":71,"cyanInkLevel":0,"magenta
Action.c(313):     InkLevel":0,"yellowInkLevel":0,"errorCode":"","errorDescription":null,"statusTime":"2018-0
Action.c(313):     9-17T18:54:52.987+08:00"},{"printerID":"Upper","terminalID":null,"printerName":"Upper","pr
Action.c(313):     interModel":"Color","statusCode":0,"statusDescription":"Normal","reportDrawersInfo":[{"dra
Action.c(313):     werName":null,"paper
Action.c(313): t=404ms: 1460-byte response body for "http://10.184.129.108/webapi/api/terminalmonitoring?userId=17" (RelFrameId=1, Internal ID=14)
Action.c(313):     Type":"Plain","paperSizeType":"A5","statusCode":3,"statusDescription":"Empty"},{"drawerNam
Action.c(313):     e":null,"paperType":"Plain","paperSizeType":"A4","statusCode":0,"statusDescription":"Norma
Action.c(313):     l"}],"printerType":1,"blackInkLevel":94,"cyanInkLevel":0,"magentaInkLevel":0,"yellowInkLev
Action.c(313):     el":0,"errorCode":"","errorDescription":null,"statusTime":"2018-09-17T18:54:58.02+08:00"}]
Action.c(313):     ,"errorCode":null,"errorDescription":null,"terminalType":2,"terminalEnabledFlag":1,"isFoll
Action.c(313):     owed":false},{"terminalID":"Terminal34","terminalName":"Terminal34","terminalIP":"10.184.1
Action.c(313):     29.34","terminalDescription":null,"terminalStatus":0,"terminalStatusLevel":"Normal","termi
Action.c(313):     nalStatusDescription":null,"terminalStatusTime":"2018-09-17T18:57:15.56+08:00","department
Action.c(313):     IdList":"3,12,4,5,6,7,8,9,10,11,1,2","checkTermianlState":false,"checkFilmState":false,"fi
Action.c(313):     lmPrinterInfo":null,"reportPrintersInfo":[{"printerID":"Lower","terminalID":null,"printerN
Action.c(313):     ame":"Lower","printerModel":"Mono","statusCode":0,"statusDescription":"Normal","reportDraw
Action.c(313):     ersInfo":[{"drawerName":null,"paperType":"Plain","paperSizeType":"A4","statusCode":3,"stat
Action.c(313):     usDescription":"Empty"},{"drawerName":null,"paperType":"Plain","paperSizeType":"A4","statu
Action.c(313):     sCode":0,"statusDescription":"Normal"}],"printerType":0,"blackInkLevel":71,"cyanInkLevel":
Action.c(313):     0,"magentaInkLevel":0,"yellowInkLevel":0,"errorCode":"","errorDescription":null,"statusTim
Action.c(313):     e":"2018-09-17T18:56:14.977+08:00"},{"printerID":"Upper","terminalID":null,"printerName":"
Action.c(313):     Upper","printerModel
Action.c(313): t=404ms: 1460-byte response body for "http://10.184.129.108/webapi/api/terminalmonitoring?userId=17" (RelFrameId=1, Internal ID=14)
Action.c(313):     ":"Color","statusCode":0,"statusDescription":"Normal","reportDrawersInfo":[{"drawerName":n
Action.c(313):     ull,"paperType":"Plain","paperSizeType":"A5","statusCode":3,"statusDescription":"Empty"},{
Action.c(313):     "drawerName":null,"paperType":"Plain","paperSizeType":"A4","statusCode":0,"statusDescripti
Action.c(313):     on":"Normal"}],"printerType":1,"blackInkLevel":94,"cyanInkLevel":0,"magentaInkLevel":0,"ye
Action.c(313):     llowInkLevel":0,"errorCode":"","errorDescription":null,"statusTime":"2018-09-17T18:56:20+0
Action.c(313):     8:00"}],"errorCode":null,"errorDescription":null,"terminalType":2,"terminalEnabledFlag":1,
Action.c(313):     "isFollowed":false},{"terminalID":"Terminal35","terminalName":"Terminal35","terminalIP":"1
Action.c(313):     0.184.129.35","terminalDescription":null,"terminalStatus":1,"terminalStatusLevel":"Error",
Action.c(313):     "terminalStatusDescription":null,"terminalStatusTime":null,"departmentIdList":"3,12,4,5,6,
Action.c(313):     7,8,9,10,11,1,2","checkTermianlState":false,"checkFilmState":false,"filmPrinterInfo":null,
Action.c(313):     "reportPrintersInfo":[],"errorCode":"80005018","errorDescription":null,"terminalType":2,"t
Action.c(313):     erminalEnabledFlag":1,"isFollowed":false},{"terminalID":"Terminal36","terminalName":"Termi
Action.c(313):     nal36","terminalIP":"10.184.129.36","terminalDescription":null,"terminalStatus":1,"termina
Action.c(313):     lStatusLevel":"Error","terminalStatusDescription":null,"terminalStatusTime":null,"departme
Action.c(313):     ntIdList":"3,12,4,5,6,7,8,9,10,11,1,2","checkTermianlState":false,"checkFilmState":false,"
Action.c(313):     filmPrinterInfo":null,"reportPrintersInfo":[],"errorCode":"80005018","errorDescription":nu
Action.c(313):     ll,"terminalType":2,
Action.c(313): t=404ms: 1460-byte response body for "http://10.184.129.108/webapi/api/terminalmonitoring?userId=17" (RelFrameId=1, Internal ID=14)
Action.c(313):     "terminalEnabledFlag":1,"isFollowed":false},{"terminalID":"Terminal37","terminalName":"Ter
Action.c(313):     minal37","terminalIP":"10.184.129.37","terminalDescription":null,"terminalStatus":0,"termi
Action.c(313):     nalStatusLevel":"Normal","terminalStatusDescription":null,"terminalStatusTime":"2018-09-17
Action.c(313):     T18:53:18.507+08:00","departmentIdList":"3,12,4,5,6,7,8,9,10,11,1,2","checkTermianlState":
Action.c(313):     false,"checkFilmState":false,"filmPrinterInfo":null,"reportPrintersInfo":[{"printerID":"Lo
Action.c(313):     wer","terminalID":null,"printerName":"Lower","printerModel":"Mono","statusCode":0,"statusD
Action.c(313):     escription":"Normal","reportDrawersInfo":[{"drawerName":null,"paperType":"Plain","paperSiz
Action.c(313):     eType":"A4","statusCode":3,"statusDescription":"Empty"},{"drawerName":null,"paperType":"Pl
Action.c(313):     ain","paperSizeType":"A4","statusCode":0,"statusDescription":"Normal"}],"printerType":0,"b
Action.c(313):     lackInkLevel":71,"cyanInkLevel":0,"magentaInkLevel":0,"yellowInkLevel":0,"errorCode":"","e
Action.c(313):     rrorDescription":null,"statusTime":"2018-09-17T18:52:30.033+08:00"},{"printerID":"Upper","
Action.c(313):     terminalID":null,"printerName":"Upper","printerModel":"Color","statusCode":0,"statusDescri
Action.c(313):     ption":"Normal","reportDrawersInfo":[{"drawerName":null,"paperType":"Plain","paperSizeType
Action.c(313):     ":"A5","statusCode":3,"statusDescription":"Empty"},{"drawerName":null,"paperType":"Plain",
Action.c(313):     "paperSizeType":"A4","statusCode":0,"statusDescription":"Normal"}],"printerType":1,"blackI
Action.c(313):     nkLevel":94,"cyanInkLevel":0,"magentaInkLevel":0,"yellowInkLevel":0,"errorCode":"","errorD
Action.c(313):     escription":null,"st
Action.c(313): t=404ms: 1460-byte response body for "http://10.184.129.108/webapi/api/terminalmonitoring?userId=17" (RelFrameId=1, Internal ID=14)
Action.c(313):     atusTime":"2018-09-17T18:52:35.057+08:00"}],"errorCode":null,"errorDescription":null,"term
Action.c(313):     inalType":2,"terminalEnabledFlag":1,"isFollowed":false},{"terminalID":"Terminal38","termin
Action.c(313):     alName":"Terminal38","terminalIP":"10.184.129.38","terminalDescription":null,"terminalStat
Action.c(313):     us":0,"terminalStatusLevel":"Normal","terminalStatusDescription":null,"terminalStatusTime"
Action.c(313):     :"2018-09-17T18:54:34.963+08:00","departmentIdList":"3,12,4,5,6,7,8,9,10,11,1,2","checkTer
Action.c(313):     mianlState":false,"checkFilmState":false,"filmPrinterInfo":null,"reportPrintersInfo":[{"pr
Action.c(313):     interID":"Lower","terminalID":null,"printerName":"Lower","printerModel":"Mono","statusCode
Action.c(313):     ":0,"statusDescription":"Normal","reportDrawersInfo":[{"drawerName":null,"paperType":"Plai
Action.c(313):     n","paperSizeType":"A4","statusCode":3,"statusDescription":"Empty"},{"drawerName":null,"pa
Action.c(313):     perType":"Plain","paperSizeType":"A4","statusCode":0,"statusDescription":"Normal"}],"print
Action.c(313):     erType":0,"blackInkLevel":71,"cyanInkLevel":0,"magentaInkLevel":0,"yellowInkLevel":0,"erro
Action.c(313):     rCode":"","errorDescription":null,"statusTime":"2018-09-17T18:53:46.303+08:00"},{"printerI
Action.c(313):     D":"Upper","terminalID":null,"printerName":"Upper","printerModel":"Color","statusCode":0,"
Action.c(313):     statusDescription":"Normal","reportDrawersInfo":[{"drawerName":null,"paperType":"Plain","p
Action.c(313):     aperSizeType":"A5","statusCode":3,"statusDescription":"Empty"},{"drawerName":null,"paperTy
Action.c(313):     pe":"Plain","paperSizeType":"A4","statusCode":0,"statusDescription":"Normal"}],"printerTyp
Action.c(313):     e":1,"blackInkLevel"
Action.c(313): t=404ms: 1460-byte response body for "http://10.184.129.108/webapi/api/terminalmonitoring?userId=17" (RelFrameId=1, Internal ID=14)
Action.c(313):     :94,"cyanInkLevel":0,"magentaInkLevel":0,"yellowInkLevel":0,"errorCode":"","errorDescripti
Action.c(313):     on":null,"statusTime":"2018-09-17T18:53:51.35+08:00"}],"errorCode":null,"errorDescription"
Action.c(313):     :null,"terminalType":2,"terminalEnabledFlag":1,"isFollowed":false},{"terminalID":"Terminal
Action.c(313):     39","terminalName":"Terminal39","terminalIP":"10.184.129.39","terminalDescription":null,"t
Action.c(313):     erminalStatus":0,"terminalStatusLevel":"Normal","terminalStatusDescription":null,"terminal
Action.c(313):     StatusTime":"2018-09-17T18:56:02.403+08:00","departmentIdList":"3,12,4,5,6,7,8,9,10,11,1,2
Action.c(313):     ","checkTermianlState":false,"checkFilmState":false,"filmPrinterInfo":null,"reportPrinters
Action.c(313):     Info":[{"printerID":"Lower","terminalID":null,"printerName":"Lower","printerModel":"Mono",
Action.c(313):     "statusCode":0,"statusDescription":"Normal","reportDrawersInfo":[{"drawerName":null,"paper
Action.c(313):     Type":"Plain","paperSizeType":"A4","statusCode":3,"statusDescription":"Empty"},{"drawerNam
Action.c(313):     e":null,"paperType":"Plain","paperSizeType":"A4","statusCode":0,"statusDescription":"Norma
Action.c(313):     l"}],"printerType":0,"blackInkLevel":71,"cyanInkLevel":0,"magentaInkLevel":0,"yellowInkLev
Action.c(313):     el":0,"errorCode":"","errorDescription":null,"statusTime":"2018-09-17T18:55:13.81+08:00"},
Action.c(313):     {"printerID":"Upper","terminalID":null,"printerName":"Upper","printerModel":"Color","statu
Action.c(313):     sCode":0,"statusDescription":"Normal","reportDrawersInfo":[{"drawerName":null,"paperType":
Action.c(313):     "Plain","paperSizeType":"A5","statusCode":3,"statusDescription":"Empty"},{"drawerName":nul
Action.c(313):     l,"paperType":"Plain
Action.c(313): t=404ms: 1460-byte response body for "http://10.184.129.108/webapi/api/terminalmonitoring?userId=17" (RelFrameId=1, Internal ID=14)
Action.c(313):     ","paperSizeType":"A4","statusCode":0,"statusDescription":"Normal"}],"printerType":1,"blac
Action.c(313):     kInkLevel":94,"cyanInkLevel":0,"magentaInkLevel":0,"yellowInkLevel":0,"errorCode":"","erro
Action.c(313):     rDescription":null,"statusTime":"2018-09-17T18:55:18.847+08:00"}],"errorCode":null,"errorD
Action.c(313):     escription":null,"terminalType":2,"terminalEnabledFlag":1,"isFollowed":false},{"terminalID
Action.c(313):     ":"Terminal4","terminalName":"Terminal4","terminalIP":"10.184.129.4","terminalDescription"
Action.c(313):     :null,"terminalStatus":0,"terminalStatusLevel":"Normal","terminalStatusDescription":null,"
Action.c(313):     terminalStatusTime":"2018-09-17T18:59:27.533+08:00","departmentIdList":"3,12,4,5,6,7,8,9,1
Action.c(313):     0,11,1,2","checkTermianlState":false,"checkFilmState":false,"filmPrinterInfo":null,"report
Action.c(313):     PrintersInfo":[{"printerID":"Lower","terminalID":null,"printerName":"Lower","printerModel"
Action.c(313):     :"Mono","statusCode":0,"statusDescription":"Normal","reportDrawersInfo":[{"drawerName":nul
Action.c(313):     l,"paperType":"Plain","paperSizeType":"A4","statusCode":3,"statusDescription":"Empty"},{"d
Action.c(313):     rawerName":null,"paperType":"Plain","paperSizeType":"A4","statusCode":0,"statusDescription
Action.c(313):     ":"Normal"}],"printerType":0,"blackInkLevel":71,"cyanInkLevel":0,"magentaInkLevel":0,"yell
Action.c(313):     owInkLevel":0,"errorCode":"","errorDescription":null,"statusTime":"2018-09-17T18:56:34.397
Action.c(313):     +08:00"}],"errorCode":null,"errorDescription":null,"terminalType":2,"terminalEnabledFlag":
Action.c(313):     1,"isFollowed":false},{"terminalID":"Terminal40","terminalName":"Terminal40","terminalIP":
Action.c(313):     "10.184.129.40","ter
Action.c(313): t=405ms: 1460-byte response body for "http://10.184.129.108/webapi/api/terminalmonitoring?userId=17" (RelFrameId=1, Internal ID=14)
Action.c(313):     minalDescription":null,"terminalStatus":1,"terminalStatusLevel":"Error","terminalStatusDes
Action.c(313):     cription":null,"terminalStatusTime":null,"departmentIdList":"3,12,4,5,6,7,8,9,10,11,1,2","
Action.c(313):     checkTermianlState":false,"checkFilmState":false,"filmPrinterInfo":null,"reportPrintersInf
Action.c(313):     o":[],"errorCode":"80005018","errorDescription":null,"terminalType":2,"terminalEnabledFlag
Action.c(313):     ":1,"isFollowed":false},{"terminalID":"Terminal41","terminalName":"Terminal41","terminalIP
Action.c(313):     ":"10.184.129.41","terminalDescription":null,"terminalStatus":1,"terminalStatusLevel":"Err
Action.c(313):     or","terminalStatusDescription":null,"terminalStatusTime":null,"departmentIdList":"3,12,4,
Action.c(313):     5,6,7,8,9,10,11,1,2","checkTermianlState":false,"checkFilmState":false,"filmPrinterInfo":n
Action.c(313):     ull,"reportPrintersInfo":[],"errorCode":"80005018","errorDescription":null,"terminalType":
Action.c(313):     2,"terminalEnabledFlag":1,"isFollowed":false},{"terminalID":"Terminal42","terminalName":"T
Action.c(313):     erminal42","terminalIP":"10.184.129.42","terminalDescription":null,"terminalStatus":0,"ter
Action.c(313):     minalStatusLevel":"Normal","terminalStatusDescription":null,"terminalStatusTime":"2018-09-
Action.c(313):     17T18:53:38.397+08:00","departmentIdList":"3,12,4,5,6,7,8,9,10,11,1,2","checkTermianlState
Action.c(313):     ":false,"checkFilmState":false,"filmPrinterInfo":null,"reportPrintersInfo":[{"printerID":"
Action.c(313):     Lower","terminalID":null,"printerName":"Lower","printerModel":"Mono","statusCode":0,"statu
Action.c(313):     sDescription":"Normal","reportDrawersInfo":[{"drawerName":null,"paperType":"Plain","paperS
Action.c(313):     izeType":"A4","statu
Action.c(313): t=405ms: 1460-byte response body for "http://10.184.129.108/webapi/api/terminalmonitoring?userId=17" (RelFrameId=1, Internal ID=14)
Action.c(313):     sCode":3,"statusDescription":"Empty"},{"drawerName":null,"paperType":"Plain","paperSizeTyp
Action.c(313):     e":"A4","statusCode":0,"statusDescription":"Normal"}],"printerType":0,"blackInkLevel":71,"
Action.c(313):     cyanInkLevel":0,"magentaInkLevel":0,"yellowInkLevel":0,"errorCode":"","errorDescription":n
Action.c(313):     ull,"statusTime":"2018-09-17T18:52:49.95+08:00"},{"printerID":"Upper","terminalID":null,"p
Action.c(313):     rinterName":"Upper","printerModel":"Color","statusCode":0,"statusDescription":"Normal","re
Action.c(313):     portDrawersInfo":[{"drawerName":null,"paperType":"Plain","paperSizeType":"A5","statusCode"
Action.c(313):     :3,"statusDescription":"Empty"},{"drawerName":null,"paperType":"Plain","paperSizeType":"A4
Action.c(313):     ","statusCode":0,"statusDescription":"Normal"}],"printerType":1,"blackInkLevel":94,"cyanIn
Action.c(313):     kLevel":0,"magentaInkLevel":0,"yellowInkLevel":0,"errorCode":"","errorDescription":null,"s
Action.c(313):     tatusTime":"2018-09-17T18:52:54.97+08:00"}],"errorCode":null,"errorDescription":null,"term
Action.c(313):     inalType":2,"terminalEnabledFlag":1,"isFollowed":false},{"terminalID":"Terminal43","termin
Action.c(313):     alName":"Terminal43","terminalIP":"10.184.129.43","terminalDescription":null,"terminalStat
Action.c(313):     us":0,"terminalStatusLevel":"Normal","terminalStatusDescription":null,"terminalStatusTime"
Action.c(313):     :"2018-09-17T18:55:02.58+08:00","departmentIdList":"3,12,4,5,6,7,8,9,10,11,1,2","checkTerm
Action.c(313):     ianlState":false,"checkFilmState":false,"filmPrinterInfo":null,"reportPrintersInfo":[{"pri
Action.c(313):     nterID":"Lower","terminalID":null,"printerName":"Lower","printerModel":"Mono","statusCode"
Action.c(313):     :0,"statusDescriptio
Action.c(313): t=405ms: 1460-byte response body for "http://10.184.129.108/webapi/api/terminalmonitoring?userId=17" (RelFrameId=1, Internal ID=14)
Action.c(313):     n":"Normal","reportDrawersInfo":[{"drawerName":null,"paperType":"Plain","paperSizeType":"A
Action.c(313):     4","statusCode":3,"statusDescription":"Empty"},{"drawerName":null,"paperType":"Plain","pap
Action.c(313):     erSizeType":"A4","statusCode":0,"statusDescription":"Normal"}],"printerType":0,"blackInkLe
Action.c(313):     vel":71,"cyanInkLevel":0,"magentaInkLevel":0,"yellowInkLevel":0,"errorCode":"","errorDescr
Action.c(313):     iption":null,"statusTime":"2018-09-17T18:54:13.933+08:00"},{"printerID":"Upper","terminalI
Action.c(313):     D":null,"printerName":"Upper","printerModel":"Color","statusCode":0,"statusDescription":"N
Action.c(313):     ormal","reportDrawersInfo":[{"drawerName":null,"paperType":"Plain","paperSizeType":"A5","s
Action.c(313):     tatusCode":3,"statusDescription":"Empty"},{"drawerName":null,"paperType":"Plain","paperSiz
Action.c(313):     eType":"A4","statusCode":0,"statusDescription":"Normal"}],"printerType":1,"blackInkLevel":
Action.c(313):     94,"cyanInkLevel":0,"magentaInkLevel":0,"yellowInkLevel":0,"errorCode":"","errorDescriptio
Action.c(313):     n":null,"statusTime":"2018-09-17T18:54:18.97+08:00"}],"errorCode":null,"errorDescription":
Action.c(313):     null,"terminalType":2,"terminalEnabledFlag":1,"isFollowed":false},{"terminalID":"Terminal4
Action.c(313):     4","terminalName":"Terminal44","terminalIP":"10.184.129.44","terminalDescription":null,"te
Action.c(313):     rminalStatus":0,"terminalStatusLevel":"Normal","terminalStatusDescription":null,"terminalS
Action.c(313):     tatusTime":"2018-09-17T18:56:23.657+08:00","departmentIdList":"3,12,4,5,6,7,8,9,10,11,1,2"
Action.c(313):     ,"checkTermianlState":false,"checkFilmState":false,"filmPrinterInfo":null,"reportPrintersI
Action.c(313):     nfo":[{"printerID":"
Action.c(313): t=405ms: 1460-byte response body for "http://10.184.129.108/webapi/api/terminalmonitoring?userId=17" (RelFrameId=1, Internal ID=14)
Action.c(313):     Lower","terminalID":null,"printerName":"Lower","printerModel":"Mono","statusCode":0,"statu
Action.c(313):     sDescription":"Normal","reportDrawersInfo":[{"drawerName":null,"paperType":"Plain","paperS
Action.c(313):     izeType":"A4","statusCode":3,"statusDescription":"Empty"},{"drawerName":null,"paperType":"
Action.c(313):     Plain","paperSizeType":"A4","statusCode":0,"statusDescription":"Normal"}],"printerType":0,
Action.c(313):     "blackInkLevel":71,"cyanInkLevel":0,"magentaInkLevel":0,"yellowInkLevel":0,"errorCode":"",
Action.c(313):     "errorDescription":null,"statusTime":"2018-09-17T18:55:32.127+08:00"},{"printerID":"Upper"
Action.c(313):     ,"terminalID":null,"printerName":"Upper","printerModel":"Color","statusCode":0,"statusDesc
Action.c(313):     ription":"Normal","reportDrawersInfo":[{"drawerName":null,"paperType":"Plain","paperSizeTy
Action.c(313):     pe":"A5","statusCode":3,"statusDescription":"Empty"},{"drawerName":null,"paperType":"Plain
Action.c(313):     ","paperSizeType":"A4","statusCode":0,"statusDescription":"Normal"}],"printerType":1,"blac
Action.c(313):     kInkLevel":94,"cyanInkLevel":0,"magentaInkLevel":0,"yellowInkLevel":0,"errorCode":"","erro
Action.c(313):     rDescription":null,"statusTime":"2018-09-17T18:55:37.143+08:00"}],"errorCode":null,"errorD
Action.c(313):     escription":null,"terminalType":2,"terminalEnabledFlag":1,"isFollowed":false},{"terminalID
Action.c(313):     ":"Terminal45","terminalName":"Terminal45","terminalIP":"10.184.129.45","terminalDescripti
Action.c(313):     on":null,"terminalStatus":1,"terminalStatusLevel":"Error","terminalStatusDescription":null
Action.c(313):     ,"terminalStatusTime":null,"departmentIdList":"3,12,4,5,6,7,8,9,10,11,1,2","checkTermianlS
Action.c(313):     tate":false,"checkFi
Action.c(313): t=405ms: 1460-byte response body for "http://10.184.129.108/webapi/api/terminalmonitoring?userId=17" (RelFrameId=1, Internal ID=14)
Action.c(313):     lmState":false,"filmPrinterInfo":null,"reportPrintersInfo":[],"errorCode":"80005018","erro
Action.c(313):     rDescription":null,"terminalType":2,"terminalEnabledFlag":1,"isFollowed":false},{"terminal
Action.c(313):     ID":"Terminal46","terminalName":"Terminal46","terminalIP":"10.184.129.46","terminalDescrip
Action.c(313):     tion":null,"terminalStatus":1,"terminalStatusLevel":"Error","terminalStatusDescription":nu
Action.c(313):     ll,"terminalStatusTime":null,"departmentIdList":"3,12,4,5,6,7,8,9,10,11,1,2","checkTermian
Action.c(313):     lState":false,"checkFilmState":false,"filmPrinterInfo":null,"reportPrintersInfo":[],"error
Action.c(313):     Code":"80005018","errorDescription":null,"terminalType":2,"terminalEnabledFlag":1,"isFollo
Action.c(313):     wed":false},{"terminalID":"Terminal47","terminalName":"Terminal47","terminalIP":"10.184.12
Action.c(313):     9.47","terminalDescription":null,"terminalStatus":1,"terminalStatusLevel":"Error","termina
Action.c(313):     lStatusDescription":null,"terminalStatusTime":null,"departmentIdList":"3,12,4,5,6,7,8,9,10
Action.c(313):     ,11,1,2","checkTermianlState":false,"checkFilmState":false,"filmPrinterInfo":null,"reportP
Action.c(313):     rintersInfo":[],"errorCode":"80005018","errorDescription":null,"terminalType":2,"terminalE
Action.c(313):     nabledFlag":1,"isFollowed":false},{"terminalID":"Terminal48","terminalName":"Terminal48","
Action.c(313):     terminalIP":"10.184.129.48","terminalDescription":null,"terminalStatus":0,"terminalStatusL
Action.c(313):     evel":"Normal","terminalStatusDescription":null,"terminalStatusTime":"2018-09-17T18:53:58.
Action.c(313):     56+08:00","departmentIdList":"3,12,4,5,6,7,8,9,10,11,1,2","checkTermianlState":false,"chec
Action.c(313):     kFilmState":false,"f
Action.c(313): t=405ms: 1460-byte response body for "http://10.184.129.108/webapi/api/terminalmonitoring?userId=17" (RelFrameId=1, Internal ID=14)
Action.c(313):     ilmPrinterInfo":null,"reportPrintersInfo":[{"printerID":"Lower","terminalID":null,"printer
Action.c(313):     Name":"Lower","printerModel":"Mono","statusCode":0,"statusDescription":"Normal","reportDra
Action.c(313):     wersInfo":[{"drawerName":null,"paperType":"Plain","paperSizeType":"A4","statusCode":3,"sta
Action.c(313):     tusDescription":"Empty"},{"drawerName":null,"paperType":"Plain","paperSizeType":"A4","stat
Action.c(313):     usCode":0,"statusDescription":"Normal"}],"printerType":0,"blackInkLevel":71,"cyanInkLevel"
Action.c(313):     :0,"magentaInkLevel":0,"yellowInkLevel":0,"errorCode":"","errorDescription":null,"statusTi
Action.c(313):     me":"2018-09-17T18:53:10.14+08:00"},{"printerID":"Upper","terminalID":null,"printerName":"
Action.c(313):     Upper","printerModel":"Color","statusCode":0,"statusDescription":"Normal","reportDrawersIn
Action.c(313):     fo":[{"drawerName":null,"paperType":"Plain","paperSizeType":"A5","statusCode":3,"statusDes
Action.c(313):     cription":"Empty"},{"drawerName":null,"paperType":"Plain","paperSizeType":"A4","statusCode
Action.c(313):     ":0,"statusDescription":"Normal"}],"printerType":1,"blackInkLevel":94,"cyanInkLevel":0,"ma
Action.c(313):     gentaInkLevel":0,"yellowInkLevel":0,"errorCode":"","errorDescription":null,"statusTime":"2
Action.c(313):     018-09-17T18:53:15.163+08:00"}],"errorCode":null,"errorDescription":null,"terminalType":2,
Action.c(313):     "terminalEnabledFlag":1,"isFollowed":false},{"terminalID":"Terminal49","terminalName":"Ter
Action.c(313):     minal49","terminalIP":"10.184.129.49","terminalDescription":null,"terminalStatus":0,"termi
Action.c(313):     nalStatusLevel":"Normal","terminalStatusDescription":null,"terminalStatusTime":"2018-09-17
Action.c(313):     T18:55:20.483+08:00"
Action.c(313): t=405ms: 1296-byte response body for "http://10.184.129.108/webapi/api/terminalmonitoring?userId=17" (RelFrameId=1, Internal ID=14)
Action.c(313):     ,"departmentIdList":"3,12,4,5,6,7,8,9,10,11,1,2","checkTermianlState":false,"checkFilmStat
Action.c(313):     e":false,"filmPrinterInfo":null,"reportPrintersInfo":[{"printerID":"Lower","terminalID":nu
Action.c(313):     ll,"printerName":"Lower","printerModel":"Mono","statusCode":0,"statusDescription":"Normal"
Action.c(313):     ,"reportDrawersInfo":[{"drawerName":null,"paperType":"Plain","paperSizeType":"A4","statusC
Action.c(313):     ode":3,"statusDescription":"Empty"},{"drawerName":null,"paperType":"Plain","paperSizeType"
Action.c(313):     :"A4","statusCode":0,"statusDescription":"Normal"}],"printerType":0,"blackInkLevel":71,"cy
Action.c(313):     anInkLevel":0,"magentaInkLevel":0,"yellowInkLevel":0,"errorCode":"","errorDescription":nul
Action.c(313):     l,"statusTime":"2018-09-17T18:54:31.853+08:00"},{"printerID":"Upper","terminalID":null,"pr
Action.c(313):     interName":"Upper","printerModel":"Color","statusCode":0,"statusDescription":"Normal","rep
Action.c(313):     ortDrawersInfo":[{"drawerName":null,"paperType":"Plain","paperSizeType":"A5","statusCode":
Action.c(313):     3,"statusDescription":"Empty"},{"drawerName":null,"paperType":"Plain","paperSizeType":"A4"
Action.c(313):     ,"statusCode":0,"statusDescription":"Normal"}],"printerType":1,"blackInkLevel":94,"cyanInk
Action.c(313):     Level":0,"magentaInkLevel":0,"yellowInkLevel":0,"errorCode":"","errorDescription":null,"st
Action.c(313):     atusTime":"2018-09-17T18:54:36.89+08:00"}],"errorCode":null,"errorDescription":null,"termi
Action.c(313):     nalType":2,"terminalEnabledFlag":1,"
Action.c(313): t=405ms: 1460-byte response body for "http://10.184.129.108/webapi/api/terminalmonitoring?userId=17" (RelFrameId=1, Internal ID=14)
Action.c(313):     isFollowed":false},{"terminalID":"Terminal5","terminalName":"Terminal5","terminalIP":"10.1
Action.c(313):     84.129.5","terminalDescription":null,"terminalStatus":0,"terminalStatusLevel":"Normal","te
Action.c(313):     rminalStatusDescription":null,"terminalStatusTime":"2018-09-17T18:56:50.017+08:00","depart
Action.c(313):     mentIdList":"3,12,4,5,6,7,8,9,10,11,1,2","checkTermianlState":false,"checkFilmState":false
Action.c(313):     ,"filmPrinterInfo":null,"reportPrintersInfo":[{"printerID":"Lower","terminalID":null,"prin
Action.c(313):     terName":"Lower","printerModel":"Mono","statusCode":0,"statusDescription":"Normal","report
Action.c(313):     DrawersInfo":[{"drawerName":null,"paperType":"Plain","paperSizeType":"A4","statusCode":3,"
Action.c(313):     statusDescription":"Empty"},{"drawerName":null,"paperType":"Plain","paperSizeType":"A4","s
Action.c(313):     tatusCode":0,"statusDescription":"Normal"}],"printerType":0,"blackInkLevel":71,"cyanInkLev
Action.c(313):     el":0,"magentaInkLevel":0,"yellowInkLevel":0,"errorCode":"","errorDescription":null,"statu
Action.c(313):     sTime":"2018-09-17T18:55:51.36+08:00"},{"printerID":"Upper","terminalID":null,"printerName
Action.c(313):     ":"Upper","printerModel":"Color","statusCode":0,"statusDescription":"Normal","reportDrawer
Action.c(313):     sInfo":[{"drawerName":null,"paperType":"Plain","paperSizeType":"A5","statusCode":3,"status
Action.c(313):     Description":"Empty"},{"drawerName":null,"paperType":"Plain","paperSizeType":"A4","statusC
Action.c(313):     ode":0,"statusDescription":"Normal"}],"printerType":1,"blackInkLevel":94,"cyanInkLevel":0,
Action.c(313):     "magentaInkLevel":0,"yellowInkLevel":0,"errorCode":"","errorDescription":null,"statusTime"
Action.c(313):     :"2018-09-17T18:55:5
Action.c(313): t=406ms: 1460-byte response body for "http://10.184.129.108/webapi/api/terminalmonitoring?userId=17" (RelFrameId=1, Internal ID=14)
Action.c(313):     6.393+08:00"}],"errorCode":null,"errorDescription":null,"terminalType":2,"terminalEnabledF
Action.c(313):     lag":1,"isFollowed":false},{"terminalID":"Terminal50","terminalName":"Terminal50","termina
Action.c(313):     lIP":"10.184.129.50","terminalDescription":null,"terminalStatus":1,"terminalStatusLevel":"
Action.c(313):     Error","terminalStatusDescription":null,"terminalStatusTime":null,"departmentIdList":"3,12
Action.c(313):     ,4,5,6,7,8,9,10,11,1,2","checkTermianlState":false,"checkFilmState":false,"filmPrinterInfo
Action.c(313):     ":null,"reportPrintersInfo":[],"errorCode":"80005018","errorDescription":null,"terminalTyp
Action.c(313):     e":2,"terminalEnabledFlag":1,"isFollowed":false},{"terminalID":"Terminal6","terminalName":
Action.c(313):     "Terminal6","terminalIP":"10.184.129.6","terminalDescription":null,"terminalStatus":1,"ter
Action.c(313):     minalStatusLevel":"Error","terminalStatusDescription":null,"terminalStatusTime":null,"depa
Action.c(313):     rtmentIdList":"3,12,4,5,6,7,8,9,10,11,1,2","checkTermianlState":false,"checkFilmState":fal
Action.c(313):     se,"filmPrinterInfo":null,"reportPrintersInfo":[],"errorCode":"80005018","errorDescription
Action.c(313):     ":null,"terminalType":2,"terminalEnabledFlag":1,"isFollowed":false},{"terminalID":"Termina
Action.c(313):     l7","terminalName":"Terminal7","terminalIP":"10.184.129.7","terminalDescription":null,"ter
Action.c(313):     minalStatus":1,"terminalStatusLevel":"Error","terminalStatusDescription":null,"terminalSta
Action.c(313):     tusTime":null,"departmentIdList":"3,12,4,5,6,7,8,9,10,11,1,2","checkTermianlState":false,"
Action.c(313):     checkFilmState":false,"filmPrinterInfo":null,"reportPrintersInfo":[],"errorCode":"80005018
Action.c(313):     ","errorDescription"
Action.c(313): t=406ms: 1460-byte response body for "http://10.184.129.108/webapi/api/terminalmonitoring?userId=17" (RelFrameId=1, Internal ID=14)
Action.c(313):     :null,"terminalType":2,"terminalEnabledFlag":1,"isFollowed":false},{"terminalID":"Terminal
Action.c(313):     8","terminalName":"Terminal8","terminalIP":"10.184.129.8","terminalDescription":null,"term
Action.c(313):     inalStatus":1,"terminalStatusLevel":"Error","terminalStatusDescription":null,"terminalStat
Action.c(313):     usTime":null,"departmentIdList":"3,12,4,5,6,7,8,9,10,11,1,2","checkTermianlState":false,"c
Action.c(313):     heckFilmState":false,"filmPrinterInfo":null,"reportPrintersInfo":[],"errorCode":"80005018"
Action.c(313):     ,"errorDescription":null,"terminalType":2,"terminalEnabledFlag":1,"isFollowed":false},{"te
Action.c(313):     rminalID":"Terminal9","terminalName":"Terminal9","terminalIP":"10.184.129.9","terminalDesc
Action.c(313):     ription":null,"terminalStatus":1,"terminalStatusLevel":"Error","terminalStatusDescription"
Action.c(313):     :null,"terminalStatusTime":null,"departmentIdList":"3,12,4,5,6,7,8,9,10,11,1,2","checkTerm
Action.c(313):     ianlState":false,"checkFilmState":false,"filmPrinterInfo":null,"reportPrintersInfo":[],"er
Action.c(313):     rorCode":"80005018","errorDescription":null,"terminalType":2,"terminalEnabledFlag":1,"isFo
Action.c(313):     llowed":false},{"terminalID":"YF","terminalName":"YF","terminalIP":"1.1.1.3","terminalDesc
Action.c(313):     ription":"","terminalStatus":0,"terminalStatusLevel":"Normal","terminalStatusDescription":
Action.c(313):     null,"terminalStatusTime":null,"departmentIdList":"3,12,4,5,6,7,8,9,10,11,1,2","checkTermi
Action.c(313):     anlState":false,"checkFilmState":false,"filmPrinterInfo":{"filmPrinterID":25,"filmPrinterN
Action.c(313):     ame":null,"filmPrinterModel":"Unknown","filmPrinterPrintState":null,"filmDrawers":[{"media
Action.c(313):     Type":"Unknown","med
Action.c(313): t=406ms: 765-byte response body for "http://10.184.129.108/webapi/api/terminalmonitoring?userId=17" (RelFrameId=1, Internal ID=14)
Action.c(313):     iaSize":"Unknown","mediaStatusLevel":"Warning","totalFilmCount":125,"availableFilmCount":0
Action.c(313):     ,"availablePercentage":0},{"mediaType":"Unknown","mediaSize":"Unknown","mediaStatusLevel":
Action.c(313):     "Warning","totalFilmCount":125,"availableFilmCount":0,"availablePercentage":0},{"mediaType
Action.c(313):     ":"Unknown","mediaSize":"Unknown","mediaStatusLevel":"Warning","totalFilmCount":125,"avail
Action.c(313):     ableFilmCount":0,"availablePercentage":0}],"filmPrinterStatus":8,"statusCode":null,"filmPr
Action.c(313):     interStatusLevel":"Warning","statusDescription":null,"filmPrinterStatusTime":null,"errorCo
Action.c(313):     de":null,"errorDescription":null,"rawErrorCodes":null,"pmDate":null,"pmCount":null,"frCoun
Action.c(313):     t":null},"reportPrintersInfo":[],"errorCode":null,"errorDescription":null,"terminalType":1
Action.c(313):     ,"terminalEnabledFlag":1,"isFollowed":false}]
Action.c(313): web_custom_request("terminalmonitoring") highest severity level was "warning", 70420 body bytes, 261 header bytes  	[MsgId: MMSG-26388]
Action.c(323): web_url("CheckLoginStatus_5") started  	[MsgId: MMSG-26355]
Action.c(323): t=412ms: 251-byte response headers for "http://10.184.129.108/Platform/Account/CheckLoginStatus" (RelFrameId=1, Internal ID=15)
Action.c(323):     HTTP/1.1 200 OK\r\n
Action.c(323):     Cache-Control: private\r\n
Action.c(323):     Content-Type: application/json; charset=utf-8\r\n
Action.c(323):     Server: Microsoft-IIS/7.5\r\n
Action.c(323):     X-AspNetMvc-Version: 5.2\r\n
Action.c(323):     X-AspNet-Version: 4.0.30319\r\n
Action.c(323):     X-Powered-By: ASP.NET\r\n
Action.c(323):     Date: Mon, 17 Sep 2018 11:20:08 GMT\r\n
Action.c(323):     Content-Length: 4\r\n
Action.c(323):     \r\n
Action.c(323): t=412ms: 4-byte response body for "http://10.184.129.108/Platform/Account/CheckLoginStatus" (RelFrameId=1, Internal ID=15)
Action.c(323):     true
Action.c(323): HTML parsing not performed for Content-Type "application/json" ("ParseHtmlContentType" Run-Time Setting is "TEXT"). URL="http://10.184.129.108/Platform/Account/CheckLoginStatus"  	[MsgId: MMSG-26548]
Action.c(323): web_url("CheckLoginStatus_5") was successful, 4 body bytes, 251 header bytes  	[MsgId: MMSG-26386]
Action.c(339): Notify: Transaction "User_login" ended with a "Pass" status (Duration: 0.2454 Wasted Time: 0.0003).	[MsgId: MMSG-16871]
Action.c(346): Notify: Parameter Substitution: parameter "SetStatusOfReportRand" =  "4"	[MsgId: MMSG-13992]
Action.c(386): Notify: Parameter Substitution: parameter "SetStatusOfReportRand" =  "3"	[MsgId: MMSG-13992]
Action.c(424): Notify: Parameter Substitution: parameter "SetStatusOfReportRand" =  "1"	[MsgId: MMSG-13992]
Action.c(463): Notify: Parameter Substitution: parameter "SetStatusOfReportRand" =  "6"	[MsgId: MMSG-13992]
Action.c(504): Notify: Parameter Substitution: parameter "SetStatusOfReportRand" =  "5"	[MsgId: MMSG-13992]
Action.c(506): web_reg_save_param started  	[MsgId: MMSG-26355]
Action.c(506): Registering web_reg_save_param was successful  	[MsgId: MMSG-26390]
Action.c(511): Notify: Transaction "SetStatusOfReportWithExpand_printed" started.	[MsgId: MMSG-16999]
Action.c(513): web_custom_request("web_custom_request") started  	[MsgId: MMSG-26355]
Action.c(513): Notify: Parameter Substitution: parameter "ReportInstanceUID" =  "35813519-dd05-4873-a2df-17b1639397c6"	[MsgId: MMSG-13992]
Action.c(513): t=1182ms: 259-byte response headers for "http://10.184.129.108/webapi/api/worklist/UpdateStatusByStudyInstanceUID" (RelFrameId=1, Internal ID=16)
Action.c(513):     HTTP/1.1 200 OK\r\n
Action.c(513):     Cache-Control: no-cache\r\n
Action.c(513):     Pragma: no-cache\r\n
Action.c(513):     Content-Type: application/json; charset=utf-8\r\n
Action.c(513):     Expires: -1\r\n
Action.c(513):     Server: Microsoft-IIS/7.5\r\n
Action.c(513):     X-AspNet-Version: 4.0.30319\r\n
Action.c(513):     X-Powered-By: ASP.NET\r\n
Action.c(513):     Date: Mon, 17 Sep 2018 11:20:09 GMT\r\n
Action.c(513):     Content-Length: 546\r\n
Action.c(513):     \r\n
Action.c(513): t=1182ms: 546-byte response body for "http://10.184.129.108/webapi/api/worklist/UpdateStatusByStudyInstanceUID" (RelFrameId=1, Internal ID=16)
Action.c(513):     {"isSucceed":true,"workItem":{"patientName":"CN20180912162811003","accessionNumber":"A2018
Action.c(513):     0912162811003","patientID":"P20180912162811003","studyDate":"2018-09-12","studyTime":"16:2
Action.c(513):     7:29","patientSex":"\xB3","patientType":"3","holdFlag":1,"printMode":3,"examName":null,"
Action.c(513):     bodayPart":null,"filmPrintStatus":-1,"filmPrintTime":null,"filmDeleteStatus":0,"imageCount
Action.c(513):     ":0,"reportStatus":2,"reportPrintStatus":1,"reportPrintTime":null,"reportCount":1,"modalit
Action.c(513):     y":"KO","deleteStatus":0,"completeStatus":null,"reportInfos":null,"filmInfos":null},"messa
Action.c(513):     ge":null}
Action.c(513): Notify: Saving Parameter "SetStatusOfReportWithExpand_printed = true".	[MsgId: MMSG-13798]
Action.c(513): HTML parsing not performed for Content-Type "application/json" ("ParseHtmlContentType" Run-Time Setting is "TEXT"). URL="http://10.184.129.108/webapi/api/worklist/UpdateStatusByStudyInstanceUID"  	[MsgId: MMSG-26548]
Action.c(513): web_custom_request("web_custom_request") was successful, 546 body bytes, 259 header bytes  	[MsgId: MMSG-26386]
Action.c(523): Notify: Transaction "SetStatusOfReportWithExpand_printed" ended with a "Pass" status (Duration: 0.7492 Wasted Time: 0.0000).	[MsgId: MMSG-16871]
Action.c(525): Notify: Parameter Substitution: parameter "SetStatusOfReportWithExpand_printed" =  "true"	[MsgId: MMSG-13992]
The result is:  true	[MsgId: MMSG-17999]
Action.c(527): Notify: Parameter Substitution: parameter "SetStatusOfReportWithExpand_printed" =  "true"	[MsgId: MMSG-13992]
Action.c(532): lr_think_time: 10.00 seconds.	[MsgId: MMSG-15948]
Action.c(534): web_url("CheckLoginStatus_25") started  	[MsgId: MMSG-26355]
Action.c(534): t=11201ms: 251-byte response headers for "http://10.184.129.108/Platform/Account/CheckLoginStatus" (RelFrameId=1, Internal ID=17)
Action.c(534):     HTTP/1.1 200 OK\r\n
Action.c(534):     Cache-Control: private\r\n
Action.c(534):     Content-Type: application/json; charset=utf-8\r\n
Action.c(534):     Server: Microsoft-IIS/7.5\r\n
Action.c(534):     X-AspNetMvc-Version: 5.2\r\n
Action.c(534):     X-AspNet-Version: 4.0.30319\r\n
Action.c(534):     X-Powered-By: ASP.NET\r\n
Action.c(534):     Date: Mon, 17 Sep 2018 11:20:19 GMT\r\n
Action.c(534):     Content-Length: 4\r\n
Action.c(534):     \r\n
Action.c(534): t=11201ms: 4-byte response body for "http://10.184.129.108/Platform/Account/CheckLoginStatus" (RelFrameId=1, Internal ID=17)
Action.c(534):     true
Action.c(534): HTML parsing not performed for Content-Type "application/json" ("ParseHtmlContentType" Run-Time Setting is "TEXT"). URL="http://10.184.129.108/Platform/Account/CheckLoginStatus"  	[MsgId: MMSG-26548]
Action.c(534): web_url("CheckLoginStatus_25") was successful, 4 body bytes, 251 header bytes  	[MsgId: MMSG-26386]
Action.c(543): Notify: Parameter Substitution: parameter "SetStatusOfReportRand" =  "4"	[MsgId: MMSG-13992]
Action.c(582): lr_think_time: 10.00 seconds.	[MsgId: MMSG-15948]
Action.c(588): Notify: Parameter Substitution: parameter "SetStatusOfFilmRand" =  "3"	[MsgId: MMSG-13992]
Action.c(627): Notify: Parameter Substitution: parameter "SetStatusOfFilmRand" =  "1"	[MsgId: MMSG-13992]
Action.c(666): Notify: Parameter Substitution: parameter "SetStatusOfFilmRand" =  "6"	[MsgId: MMSG-13992]
Action.c(705): Notify: Parameter Substitution: parameter "SetStatusOfFilmRand" =  "2"	[MsgId: MMSG-13992]
Action.c(744): Notify: Parameter Substitution: parameter "SetStatusOfFilmRand" =  "5"	[MsgId: MMSG-13992]
Action.c(747): web_reg_save_param started  	[MsgId: MMSG-26355]
Action.c(747): Registering web_reg_save_param was successful  	[MsgId: MMSG-26390]
Action.c(752): Notify: Transaction "SetStatusOfFilmWithExpand_printed" started.	[MsgId: MMSG-16999]
Action.c(754): web_custom_request("web_custom_request") started  	[MsgId: MMSG-26355]
Action.c(754): Notify: Parameter Substitution: parameter "FilmStatusChangedACC" =  "A20180912164915283"	[MsgId: MMSG-13992]
Action.c(754): t=51981ms: 259-byte response headers for "http://10.184.129.108/webapi/api/worklist/UpdateStatusByAccessionNumber" (RelFrameId=1, Internal ID=18)
Action.c(754):     HTTP/1.1 200 OK\r\n
Action.c(754):     Cache-Control: no-cache\r\n
Action.c(754):     Pragma: no-cache\r\n
Action.c(754):     Content-Type: application/json; charset=utf-8\r\n
Action.c(754):     Expires: -1\r\n
Action.c(754):     Server: Microsoft-IIS/7.5\r\n
Action.c(754):     X-AspNet-Version: 4.0.30319\r\n
Action.c(754):     X-Powered-By: ASP.NET\r\n
Action.c(754):     Date: Mon, 17 Sep 2018 11:21:00 GMT\r\n
Action.c(754):     Content-Length: 142\r\n
Action.c(754):     \r\n
Action.c(754): t=51981ms: 142-byte response body for "http://10.184.129.108/webapi/api/worklist/UpdateStatusByAccessionNumber" (RelFrameId=1, Internal ID=18)
Action.c(754):     {"isSucceed":false,"workItem":null,"message":"An error occurred while executing the comman
Action.c(754):     d definition. See the inner exception for details."}
Action.c(754): Notify: Saving Parameter "SetStatusOfFilmWithExpand_printed = false".	[MsgId: MMSG-13798]
Action.c(754): HTML parsing not performed for Content-Type "application/json" ("ParseHtmlContentType" Run-Time Setting is "TEXT"). URL="http://10.184.129.108/webapi/api/worklist/UpdateStatusByAccessionNumber"  	[MsgId: MMSG-26548]
Action.c(754): web_custom_request("web_custom_request") was successful, 142 body bytes, 259 header bytes  	[MsgId: MMSG-26386]
Action.c(764): Notify: Transaction "SetStatusOfFilmWithExpand_printed" ended with a "Pass" status (Duration: 30.7700 Wasted Time: 0.0000).	[MsgId: MMSG-16871]
Action.c(767): Notify: Parameter Substitution: parameter "SetStatusOfFilmWithExpand_printed" =  "false"	[MsgId: MMSG-13992]
The result is:  false	[MsgId: MMSG-17999]
Action.c(769): Notify: Parameter Substitution: parameter "SetStatusOfFilmWithExpand_printed" =  "false"	[MsgId: MMSG-13992]
Action.c(771): Error: SetStatusOfFilmWithExpand_printed fail	[MsgId: MERR-17999]
End auto log messages stack.	[MsgId: MMSG-10544]


