Virtual User Script started at : 2018/8/5 16:53:36	[MsgId: MMSG-15967]
Starting action vuser_init.	[MsgId: MMSG-15919]
Web Turbo Replay of LoadRunner 12.53.0 (8ÔÂ 05 2018 19:13:20)  	[MsgId: MMSG-27143]
Run mode: HTML  	[MsgId: MMSG-26993]
Replay user agent: Mozilla/5.0 (compatible; MSIE 10.0; Windows NT 6.1; Trident/6.0)  	[MsgId: MMSG-26988]
Ending action vuser_init.	[MsgId: MMSG-15918]
Running Vuser...	[MsgId: MMSG-15964]
Starting iteration 1.	[MsgId: MMSG-15968]
Maximum number of concurrent connections per server: 6  	[MsgId: MMSG-26989]
Starting action Action.	[MsgId: MMSG-15919]
Action.c(6): web_set_max_html_param_len started  	[MsgId: MMSG-26355]
Action.c(6): web_set_max_html_param_len was successful  	[MsgId: MMSG-26392]
Action.c(8): web_url("Platform") started  	[MsgId: MMSG-26355]
Action.c(8): web_url("Platform") was successful, 6282 body bytes, 247 header bytes  	[MsgId: MMSG-26386]
Action.c(87): web_url("login-view.html") started  	[MsgId: MMSG-26355]
Action.c(87): web_url("login-view.html") was successful, 6207 body bytes, 246 header bytes  	[MsgId: MMSG-26386]
Action.c(99): web_reg_save_param started  	[MsgId: MMSG-26355]
Action.c(99): Registering web_reg_save_param was successful  	[MsgId: MMSG-26390]
Action.c(104): web_reg_save_param started  	[MsgId: MMSG-26355]
Action.c(104): Registering web_reg_save_param was successful  	[MsgId: MMSG-26390]
Action.c(109): web_reg_save_param started  	[MsgId: MMSG-26355]
Action.c(109): Registering web_reg_save_param was successful  	[MsgId: MMSG-26390]
Action.c(114): Notify: Transaction "User_login" started.	[MsgId: MMSG-16999]
Action.c(116): web_custom_request("login") started  	[MsgId: MMSG-26355]
Action.c(116): HTML parsing not performed for Content-Type "application/json" ("ParseHtmlContentType" Run-Time Setting is "TEXT"). URL="http://10.184.129.108/Platform/account/login"  	[MsgId: MMSG-26548]
Action.c(116): web_custom_request("login") was successful, 78 body bytes, 1676 header bytes  	[MsgId: MMSG-26386]
Action.c(127): web_add_cookie started  	[MsgId: MMSG-26355]
Action.c(127): web_add_cookie was successful  	[MsgId: MMSG-26392]
Action.c(128): web_add_cookie started  	[MsgId: MMSG-26355]
Action.c(128): web_add_cookie was successful  	[MsgId: MMSG-26392]
Action.c(138): web_url("login_2") started  	[MsgId: MMSG-26355]
Action.c(138): Redirecting "http://10.184.129.108/Platform//account/login" (redirection depth is 0)  	[MsgId: MMSG-26694]
Action.c(138): To location "http://10.184.129.108/Platform/workarea"  	[MsgId: MMSG-26693]
Action.c(138): web_url("login_2") was successful, 14819 body bytes, 539 header bytes  	[MsgId: MMSG-26386]
Action.c(146): web_url("workarea") started  	[MsgId: MMSG-26355]
Action.c(146): web_url("workarea") was successful, 14684 body bytes, 260 header bytes  	[MsgId: MMSG-26386]
Action.c(206): web_add_auto_header("Authorization") started  	[MsgId: MMSG-26355]
Action.c(206): Warning -26593: The header being added may cause unpredictable results when applied to all ensuing URLs. It is added anyway  	[MsgId: MWAR-26593]
Action.c(206): web_add_auto_header("Authorization") highest severity level was "warning"  	[MsgId: MMSG-26391]
Action.c(208): web_reg_save_param started  	[MsgId: MMSG-26355]
Action.c(208): Registering web_reg_save_param was successful  	[MsgId: MMSG-26390]
Action.c(213): web_url("CheckLoginStatusByUser") started  	[MsgId: MMSG-26355]
Action.c(213): HTML parsing not performed for Content-Type "application/json" ("ParseHtmlContentType" Run-Time Setting is "TEXT"). URL="http://10.184.129.108/Platform/Account/CheckLoginStatus"  	[MsgId: MMSG-26548]
Action.c(213): web_url("CheckLoginStatusByUser") was successful, 4 body bytes, 251 header bytes  	[MsgId: MMSG-26386]
User Login website successfully: HTTP/1.1 200 OK
Cache-Control: private
Content-Type: application/json; charset=utf-8
Server: Microsoft-IIS/7.5
X-AspNetMvc-Version: 5.2
X-AspNet-Version: 4.0.30319
X-Powered-By: ASP.NET
Date: Sun, 05 Aug 2018 08:55:06 GMT
Content-Length: 4

true	[MsgId: MMSG-17999]
Action.c(238): web_url("tableRowsPerPage") started  	[MsgId: MMSG-26355]
Action.c(238): HTML parsing not performed for Content-Type "application/json" ("ParseHtmlContentType" Run-Time Setting is "TEXT"). URL="http://10.184.129.108/webapi/api/tableRowsPerPage"  	[MsgId: MMSG-26548]
Action.c(238): web_url("tableRowsPerPage") was successful, 39 body bytes, 258 header bytes  	[MsgId: MMSG-26386]
Action.c(246): web_url("worklistcolumns") started  	[MsgId: MMSG-26355]
Action.c(246): HTML parsing not performed for Content-Type "application/json" ("ParseHtmlContentType" Run-Time Setting is "TEXT"). URL="http://10.184.129.108/webapi/api/worklist/worklistcolumns"  	[MsgId: MMSG-26548]
Action.c(246): web_url("worklistcolumns") was successful, 6057 body bytes, 260 header bytes  	[MsgId: MMSG-26386]
Action.c(262): web_url("systemversion") started  	[MsgId: MMSG-26355]
Action.c(262): HTML parsing not performed for Content-Type "application/json" ("ParseHtmlContentType" Run-Time Setting is "TEXT"). URL="http://10.184.129.108/webapi/api/systemversion"  	[MsgId: MMSG-26548]
Action.c(262): web_url("systemversion") was successful, 17 body bytes, 258 header bytes  	[MsgId: MMSG-26386]
Action.c(270): web_url("CheckLoginStatus") started  	[MsgId: MMSG-26355]
Action.c(270): HTML parsing not performed for Content-Type "application/json" ("ParseHtmlContentType" Run-Time Setting is "TEXT"). URL="http://10.184.129.108/Platform/Account/CheckLoginStatus"  	[MsgId: MMSG-26548]
Action.c(270): web_url("CheckLoginStatus") was successful, 4 body bytes, 251 header bytes  	[MsgId: MMSG-26386]
Action.c(280): web_url("workarea-app-container.html") started  	[MsgId: MMSG-26355]
Action.c(280): web_url("workarea-app-container.html") was successful, 901 body bytes, 245 header bytes  	[MsgId: MMSG-26386]
Action.c(289): web_url("terminalmonitor-template.html") started  	[MsgId: MMSG-26355]
Action.c(289): web_url("terminalmonitor-template.html") was successful, 33052 body bytes, 247 header bytes  	[MsgId: MMSG-26386]
Action.c(313): web_custom_request("terminalmonitoring") started  	[MsgId: MMSG-26355]
Action.c(313): Warning -26000: Request body (length=39) is not empty for HTTP Method=GET, for URL is "http://10.184.129.108/webapi/api/terminalmonitoring?userId=17" (Internal ID=14)  	[MsgId: MWAR-26000]
Action.c(313): HTML parsing not performed for Content-Type "application/json" ("ParseHtmlContentType" Run-Time Setting is "TEXT"). URL="http://10.184.129.108/webapi/api/terminalmonitoring?userId=17"  	[MsgId: MMSG-26548]
Action.c(313): web_custom_request("terminalmonitoring") highest severity level was "warning", 91730 body bytes, 261 header bytes  	[MsgId: MMSG-26388]
Action.c(323): web_url("CheckLoginStatus_5") started  	[MsgId: MMSG-26355]
Action.c(323): HTML parsing not performed for Content-Type "application/json" ("ParseHtmlContentType" Run-Time Setting is "TEXT"). URL="http://10.184.129.108/Platform/Account/CheckLoginStatus"  	[MsgId: MMSG-26548]
Action.c(323): web_url("CheckLoginStatus_5") was successful, 4 body bytes, 251 header bytes  	[MsgId: MMSG-26386]
Action.c(339): Notify: Transaction "User_login" ended with a "Pass" status (Duration: 0.1671 Wasted Time: 0.0000).	[MsgId: MMSG-16871]
Action.c(465): web_reg_save_param started  	[MsgId: MMSG-26355]
Action.c(465): Registering web_reg_save_param was successful  	[MsgId: MMSG-26390]
Action.c(470): Notify: Transaction "SetStatusOfReportWithExpand_unprinted" started.	[MsgId: MMSG-16999]
Action.c(472): web_custom_request("web_custom_request") started  	[MsgId: MMSG-26355]
Action.c(472): HTML parsing not performed for Content-Type "application/json" ("ParseHtmlContentType" Run-Time Setting is "TEXT"). URL="http://10.184.129.108/webapi/api/worklist/UpdateStatusByStudyInstanceUID"  	[MsgId: MMSG-26548]
Action.c(472): web_custom_request("web_custom_request") was successful, 546 body bytes, 259 header bytes  	[MsgId: MMSG-26386]
Action.c(482): Notify: Transaction "SetStatusOfReportWithExpand_unprinted" ended with a "Pass" status (Duration: 0.0922 Wasted Time: 0.0000).	[MsgId: MMSG-16871]
The result is:  true	[MsgId: MMSG-17999]
Action.c(491): lr_think_time: 30.00 seconds.	[MsgId: MMSG-15948]
Action.c(494): web_url("CheckLoginStatus_25") started  	[MsgId: MMSG-26355]
Action.c(494): HTML parsing not performed for Content-Type "application/json" ("ParseHtmlContentType" Run-Time Setting is "TEXT"). URL="http://10.184.129.108/Platform/Account/CheckLoginStatus"  	[MsgId: MMSG-26548]
Action.c(494): web_url("CheckLoginStatus_25") was successful, 4 body bytes, 251 header bytes  	[MsgId: MMSG-26386]
Action.c(582): lr_think_time: 30.00 seconds.	[MsgId: MMSG-15948]
Action.c(668): web_reg_save_param started  	[MsgId: MMSG-26355]
Action.c(668): Registering web_reg_save_param was successful  	[MsgId: MMSG-26390]
Action.c(673): Notify: Transaction "SetStatusOfFilmWithoutExpand_NOTprinte" started.	[MsgId: MMSG-16999]
Action.c(675): web_custom_request("web_custom_request") started  	[MsgId: MMSG-26355]
Action.c(675): HTML parsing not performed for Content-Type "application/json" ("ParseHtmlContentType" Run-Time Setting is "TEXT"). URL="http://10.184.129.108/webapi/api/worklist/UpdateStatusByAccessionNumber"  	[MsgId: MMSG-26548]
Action.c(675): web_custom_request("web_custom_request") was successful, 546 body bytes, 259 header bytes  	[MsgId: MMSG-26386]
Action.c(685): Notify: Transaction "SetStatusOfFilmWithoutExpand_NOTprinte" ended with a "Pass" status (Duration: 0.2798 Wasted Time: 0.0000).	[MsgId: MMSG-16871]
The result is:  true	[MsgId: MMSG-17999]
Action.c(694): lr_think_time: 30.00 seconds.	[MsgId: MMSG-15948]
Action.c(696): web_url("CheckLoginStatus_25") started  	[MsgId: MMSG-26355]
Action.c(696): HTML parsing not performed for Content-Type "application/json" ("ParseHtmlContentType" Run-Time Setting is "TEXT"). URL="http://10.184.129.108/Platform/Account/CheckLoginStatus"  	[MsgId: MMSG-26548]
Action.c(696): web_url("CheckLoginStatus_25") was successful, 4 body bytes, 251 header bytes  	[MsgId: MMSG-26386]
Action.c(707): web_reg_save_param started  	[MsgId: MMSG-26355]
Action.c(707): Registering web_reg_save_param was successful  	[MsgId: MMSG-26390]
Action.c(712): Notify: Transaction "SetStatusOfFilmWithExpand_unprinted" started.	[MsgId: MMSG-16999]
Action.c(714): web_custom_request("web_custom_request") started  	[MsgId: MMSG-26355]
Action.c(714): HTML parsing not performed for Content-Type "application/json" ("ParseHtmlContentType" Run-Time Setting is "TEXT"). URL="http://10.184.129.108/webapi/api/worklist/UpdateStatusByAccessionNumber"  	[MsgId: MMSG-26548]
Action.c(714): web_custom_request("web_custom_request") was successful, 1401 body bytes, 260 header bytes  	[MsgId: MMSG-26386]
Action.c(724): Notify: Transaction "SetStatusOfFilmWithExpand_unprinted" ended with a "Pass" status (Duration: 0.0866 Wasted Time: 0.0000).	[MsgId: MMSG-16871]
The result is:  true	[MsgId: MMSG-17999]
Action.c(733): lr_think_time: 30.00 seconds.	[MsgId: MMSG-15948]
Action.c(735): web_url("CheckLoginStatus_25") started  	[MsgId: MMSG-26355]
Action.c(735): HTML parsing not performed for Content-Type "application/json" ("ParseHtmlContentType" Run-Time Setting is "TEXT"). URL="http://10.184.129.108/Platform/Account/CheckLoginStatus"  	[MsgId: MMSG-26548]
Action.c(735): web_url("CheckLoginStatus_25") was successful, 4 body bytes, 251 header bytes  	[MsgId: MMSG-26386]
Action.c(825): lr_think_time: 30.00 seconds.	[MsgId: MMSG-15948]
Ending action Action.	[MsgId: MMSG-15918]
Ending iteration 1.	[MsgId: MMSG-15965]
Waiting 28.3210 seconds for iteration pacing.	[MsgId: MMSG-15996]
Starting iteration 2.	[MsgId: MMSG-15968]
Starting action Action.	[MsgId: MMSG-15919]
Action.c(6): web_set_max_html_param_len started  	[MsgId: MMSG-26355]
Action.c(6): web_set_max_html_param_len was successful  	[MsgId: MMSG-26392]
Action.c(8): web_url("Platform") started  	[MsgId: MMSG-26355]
Action.c(8): web_url("Platform") was successful, 6282 body bytes, 247 header bytes  	[MsgId: MMSG-26386]
Action.c(87): web_url("login-view.html") started  	[MsgId: MMSG-26355]
Action.c(87): web_url("login-view.html") was successful, 6207 body bytes, 246 header bytes  	[MsgId: MMSG-26386]
Action.c(99): web_reg_save_param started  	[MsgId: MMSG-26355]
Action.c(99): Registering web_reg_save_param was successful  	[MsgId: MMSG-26390]
Action.c(104): web_reg_save_param started  	[MsgId: MMSG-26355]
Action.c(104): Registering web_reg_save_param was successful  	[MsgId: MMSG-26390]
Action.c(109): web_reg_save_param started  	[MsgId: MMSG-26355]
Action.c(109): Registering web_reg_save_param was successful  	[MsgId: MMSG-26390]
Action.c(114): Notify: Transaction "User_login" started.	[MsgId: MMSG-16999]
Action.c(116): web_custom_request("login") started  	[MsgId: MMSG-26355]
Action.c(116): HTML parsing not performed for Content-Type "application/json" ("ParseHtmlContentType" Run-Time Setting is "TEXT"). URL="http://10.184.129.108/Platform/account/login"  	[MsgId: MMSG-26548]
Action.c(116): web_custom_request("login") was successful, 78 body bytes, 1676 header bytes  	[MsgId: MMSG-26386]
Action.c(127): web_add_cookie started  	[MsgId: MMSG-26355]
Action.c(127): web_add_cookie was successful  	[MsgId: MMSG-26392]
Action.c(128): web_add_cookie started  	[MsgId: MMSG-26355]
Action.c(128): web_add_cookie was successful  	[MsgId: MMSG-26392]
Action.c(138): web_url("login_2") started  	[MsgId: MMSG-26355]
Action.c(138): Redirecting "http://10.184.129.108/Platform//account/login" (redirection depth is 0)  	[MsgId: MMSG-26694]
Action.c(138): To location "http://10.184.129.108/Platform/workarea"  	[MsgId: MMSG-26693]
Action.c(138): web_url("login_2") was successful, 14819 body bytes, 539 header bytes  	[MsgId: MMSG-26386]
Action.c(146): web_url("workarea") started  	[MsgId: MMSG-26355]
Action.c(146): web_url("workarea") was successful, 14684 body bytes, 260 header bytes  	[MsgId: MMSG-26386]
Action.c(206): web_add_auto_header("Authorization") started  	[MsgId: MMSG-26355]
Action.c(206): Warning -26593: The header being added may cause unpredictable results when applied to all ensuing URLs. It is added anyway  	[MsgId: MWAR-26593]
Action.c(206): web_add_auto_header("Authorization") highest severity level was "warning"  	[MsgId: MMSG-26391]
Action.c(208): web_reg_save_param started  	[MsgId: MMSG-26355]
Action.c(208): Registering web_reg_save_param was successful  	[MsgId: MMSG-26390]
Action.c(213): web_url("CheckLoginStatusByUser") started  	[MsgId: MMSG-26355]
Action.c(213): HTML parsing not performed for Content-Type "application/json" ("ParseHtmlContentType" Run-Time Setting is "TEXT"). URL="http://10.184.129.108/Platform/Account/CheckLoginStatus"  	[MsgId: MMSG-26548]
Action.c(213): web_url("CheckLoginStatusByUser") was successful, 4 body bytes, 251 header bytes  	[MsgId: MMSG-26386]
User Login website successfully: HTTP/1.1 200 OK
Cache-Control: private
Content-Type: application/json; charset=utf-8
Server: Microsoft-IIS/7.5
X-AspNetMvc-Version: 5.2
X-AspNet-Version: 4.0.30319
X-Powered-By: ASP.NET
Date: Sun, 05 Aug 2018 08:58:05 GMT
Content-Length: 4

true	[MsgId: MMSG-17999]
Action.c(238): web_url("tableRowsPerPage") started  	[MsgId: MMSG-26355]
Action.c(238): HTML parsing not performed for Content-Type "application/json" ("ParseHtmlContentType" Run-Time Setting is "TEXT"). URL="http://10.184.129.108/webapi/api/tableRowsPerPage"  	[MsgId: MMSG-26548]
Action.c(238): web_url("tableRowsPerPage") was successful, 39 body bytes, 258 header bytes  	[MsgId: MMSG-26386]
Action.c(246): web_url("worklistcolumns") started  	[MsgId: MMSG-26355]
Action.c(246): HTML parsing not performed for Content-Type "application/json" ("ParseHtmlContentType" Run-Time Setting is "TEXT"). URL="http://10.184.129.108/webapi/api/worklist/worklistcolumns"  	[MsgId: MMSG-26548]
Action.c(246): web_url("worklistcolumns") was successful, 6057 body bytes, 260 header bytes  	[MsgId: MMSG-26386]
Action.c(262): web_url("systemversion") started  	[MsgId: MMSG-26355]
Action.c(262): HTML parsing not performed for Content-Type "application/json" ("ParseHtmlContentType" Run-Time Setting is "TEXT"). URL="http://10.184.129.108/webapi/api/systemversion"  	[MsgId: MMSG-26548]
Action.c(262): web_url("systemversion") was successful, 17 body bytes, 258 header bytes  	[MsgId: MMSG-26386]
Action.c(270): web_url("CheckLoginStatus") started  	[MsgId: MMSG-26355]
Action.c(270): HTML parsing not performed for Content-Type "application/json" ("ParseHtmlContentType" Run-Time Setting is "TEXT"). URL="http://10.184.129.108/Platform/Account/CheckLoginStatus"  	[MsgId: MMSG-26548]
Action.c(270): web_url("CheckLoginStatus") was successful, 4 body bytes, 251 header bytes  	[MsgId: MMSG-26386]
Action.c(280): web_url("workarea-app-container.html") started  	[MsgId: MMSG-26355]
Action.c(280): web_url("workarea-app-container.html") was successful, 901 body bytes, 245 header bytes  	[MsgId: MMSG-26386]
Action.c(289): web_url("terminalmonitor-template.html") started  	[MsgId: MMSG-26355]
Action.c(289): web_url("terminalmonitor-template.html") was successful, 33052 body bytes, 247 header bytes  	[MsgId: MMSG-26386]
Action.c(313): web_custom_request("terminalmonitoring") started  	[MsgId: MMSG-26355]
Action.c(313): Warning -26000: Request body (length=39) is not empty for HTTP Method=GET, for URL is "http://10.184.129.108/webapi/api/terminalmonitoring?userId=18" (Internal ID=35)  	[MsgId: MWAR-26000]
Action.c(313): HTML parsing not performed for Content-Type "application/json" ("ParseHtmlContentType" Run-Time Setting is "TEXT"). URL="http://10.184.129.108/webapi/api/terminalmonitoring?userId=18"  	[MsgId: MMSG-26548]
Action.c(313): web_custom_request("terminalmonitoring") highest severity level was "warning", 91735 body bytes, 261 header bytes  	[MsgId: MMSG-26388]
Action.c(323): web_url("CheckLoginStatus_5") started  	[MsgId: MMSG-26355]
Action.c(323): HTML parsing not performed for Content-Type "application/json" ("ParseHtmlContentType" Run-Time Setting is "TEXT"). URL="http://10.184.129.108/Platform/Account/CheckLoginStatus"  	[MsgId: MMSG-26548]
Action.c(323): web_url("CheckLoginStatus_5") was successful, 4 body bytes, 251 header bytes  	[MsgId: MMSG-26386]
Action.c(339): Notify: Transaction "User_login" ended with a "Pass" status (Duration: 0.2194 Wasted Time: 0.0000).	[MsgId: MMSG-16871]
Action.c(582): lr_think_time: 30.00 seconds.	[MsgId: MMSG-15948]
Action.c(825): lr_think_time: 30.00 seconds.	[MsgId: MMSG-15948]
Ending action Action.	[MsgId: MMSG-15918]
Ending iteration 2.	[MsgId: MMSG-15965]
Waiting 20.9270 seconds for iteration pacing.	[MsgId: MMSG-15996]
Starting iteration 3.	[MsgId: MMSG-15968]
Starting action Action.	[MsgId: MMSG-15919]
Action.c(6): web_set_max_html_param_len started  	[MsgId: MMSG-26355]
Action.c(6): web_set_max_html_param_len was successful  	[MsgId: MMSG-26392]
Action.c(8): web_url("Platform") started  	[MsgId: MMSG-26355]
Action.c(8): web_url("Platform") was successful, 6282 body bytes, 247 header bytes  	[MsgId: MMSG-26386]
Action.c(87): web_url("login-view.html") started  	[MsgId: MMSG-26355]
Action.c(87): web_url("login-view.html") was successful, 6207 body bytes, 246 header bytes  	[MsgId: MMSG-26386]
Action.c(99): web_reg_save_param started  	[MsgId: MMSG-26355]
Action.c(99): Registering web_reg_save_param was successful  	[MsgId: MMSG-26390]
Action.c(104): web_reg_save_param started  	[MsgId: MMSG-26355]
Action.c(104): Registering web_reg_save_param was successful  	[MsgId: MMSG-26390]
Action.c(109): web_reg_save_param started  	[MsgId: MMSG-26355]
Action.c(109): Registering web_reg_save_param was successful  	[MsgId: MMSG-26390]
Action.c(114): Notify: Transaction "User_login" started.	[MsgId: MMSG-16999]
Action.c(116): web_custom_request("login") started  	[MsgId: MMSG-26355]
Action.c(116): HTML parsing not performed for Content-Type "application/json" ("ParseHtmlContentType" Run-Time Setting is "TEXT"). URL="http://10.184.129.108/Platform/account/login"  	[MsgId: MMSG-26548]
Action.c(116): web_custom_request("login") was successful, 78 body bytes, 1676 header bytes  	[MsgId: MMSG-26386]
Action.c(127): web_add_cookie started  	[MsgId: MMSG-26355]
Action.c(127): web_add_cookie was successful  	[MsgId: MMSG-26392]
Action.c(128): web_add_cookie started  	[MsgId: MMSG-26355]
Action.c(128): web_add_cookie was successful  	[MsgId: MMSG-26392]
Action.c(138): web_url("login_2") started  	[MsgId: MMSG-26355]
Action.c(138): Redirecting "http://10.184.129.108/Platform//account/login" (redirection depth is 0)  	[MsgId: MMSG-26694]
Action.c(138): To location "http://10.184.129.108/Platform/workarea"  	[MsgId: MMSG-26693]
Action.c(138): web_url("login_2") was successful, 14819 body bytes, 539 header bytes  	[MsgId: MMSG-26386]
Action.c(146): web_url("workarea") started  	[MsgId: MMSG-26355]
Action.c(146): web_url("workarea") was successful, 14684 body bytes, 260 header bytes  	[MsgId: MMSG-26386]
Action.c(206): web_add_auto_header("Authorization") started  	[MsgId: MMSG-26355]
Action.c(206): Warning -26593: The header being added may cause unpredictable results when applied to all ensuing URLs. It is added anyway  	[MsgId: MWAR-26593]
Action.c(206): web_add_auto_header("Authorization") highest severity level was "warning"  	[MsgId: MMSG-26391]
Action.c(208): web_reg_save_param started  	[MsgId: MMSG-26355]
Action.c(208): Registering web_reg_save_param was successful  	[MsgId: MMSG-26390]
Action.c(213): web_url("CheckLoginStatusByUser") started  	[MsgId: MMSG-26355]
Action.c(213): HTML parsing not performed for Content-Type "application/json" ("ParseHtmlContentType" Run-Time Setting is "TEXT"). URL="http://10.184.129.108/Platform/Account/CheckLoginStatus"  	[MsgId: MMSG-26548]
Action.c(213): web_url("CheckLoginStatusByUser") was successful, 4 body bytes, 251 header bytes  	[MsgId: MMSG-26386]
User Login website successfully: HTTP/1.1 200 OK
Cache-Control: private
Content-Type: application/json; charset=utf-8
Server: Microsoft-IIS/7.5
X-AspNetMvc-Version: 5.2
X-AspNet-Version: 4.0.30319
X-Powered-By: ASP.NET
Date: Sun, 05 Aug 2018 08:59:26 GMT
Content-Length: 4

true	[MsgId: MMSG-17999]
Action.c(238): web_url("tableRowsPerPage") started  	[MsgId: MMSG-26355]
Action.c(238): HTML parsing not performed for Content-Type "application/json" ("ParseHtmlContentType" Run-Time Setting is "TEXT"). URL="http://10.184.129.108/webapi/api/tableRowsPerPage"  	[MsgId: MMSG-26548]
Action.c(238): web_url("tableRowsPerPage") was successful, 39 body bytes, 258 header bytes  	[MsgId: MMSG-26386]
Action.c(246): web_url("worklistcolumns") started  	[MsgId: MMSG-26355]
Action.c(246): HTML parsing not performed for Content-Type "application/json" ("ParseHtmlContentType" Run-Time Setting is "TEXT"). URL="http://10.184.129.108/webapi/api/worklist/worklistcolumns"  	[MsgId: MMSG-26548]
Action.c(246): web_url("worklistcolumns") was successful, 6057 body bytes, 260 header bytes  	[MsgId: MMSG-26386]
Action.c(262): web_url("systemversion") started  	[MsgId: MMSG-26355]
Action.c(262): HTML parsing not performed for Content-Type "application/json" ("ParseHtmlContentType" Run-Time Setting is "TEXT"). URL="http://10.184.129.108/webapi/api/systemversion"  	[MsgId: MMSG-26548]
Action.c(262): web_url("systemversion") was successful, 17 body bytes, 258 header bytes  	[MsgId: MMSG-26386]
Action.c(270): web_url("CheckLoginStatus") started  	[MsgId: MMSG-26355]
Action.c(270): HTML parsing not performed for Content-Type "application/json" ("ParseHtmlContentType" Run-Time Setting is "TEXT"). URL="http://10.184.129.108/Platform/Account/CheckLoginStatus"  	[MsgId: MMSG-26548]
Action.c(270): web_url("CheckLoginStatus") was successful, 4 body bytes, 251 header bytes  	[MsgId: MMSG-26386]
Action.c(280): web_url("workarea-app-container.html") started  	[MsgId: MMSG-26355]
Action.c(280): web_url("workarea-app-container.html") was successful, 901 body bytes, 245 header bytes  	[MsgId: MMSG-26386]
Action.c(289): web_url("terminalmonitor-template.html") started  	[MsgId: MMSG-26355]
Action.c(289): web_url("terminalmonitor-template.html") was successful, 33052 body bytes, 247 header bytes  	[MsgId: MMSG-26386]
Action.c(313): web_custom_request("terminalmonitoring") started  	[MsgId: MMSG-26355]
Action.c(313): Warning -26000: Request body (length=39) is not empty for HTTP Method=GET, for URL is "http://10.184.129.108/webapi/api/terminalmonitoring?userId=19" (Internal ID=50)  	[MsgId: MWAR-26000]
Action.c(313): HTML parsing not performed for Content-Type "application/json" ("ParseHtmlContentType" Run-Time Setting is "TEXT"). URL="http://10.184.129.108/webapi/api/terminalmonitoring?userId=19"  	[MsgId: MMSG-26548]
Action.c(313): web_custom_request("terminalmonitoring") highest severity level was "warning", 91715 body bytes, 261 header bytes  	[MsgId: MMSG-26388]
Action.c(323): web_url("CheckLoginStatus_5") started  	[MsgId: MMSG-26355]
Action.c(323): HTML parsing not performed for Content-Type "application/json" ("ParseHtmlContentType" Run-Time Setting is "TEXT"). URL="http://10.184.129.108/Platform/Account/CheckLoginStatus"  	[MsgId: MMSG-26548]
Action.c(323): web_url("CheckLoginStatus_5") was successful, 4 body bytes, 251 header bytes  	[MsgId: MMSG-26386]
Action.c(339): Notify: Transaction "User_login" ended with a "Pass" status (Duration: 0.2045 Wasted Time: 0.0000).	[MsgId: MMSG-16871]
Action.c(582): lr_think_time: 30.00 seconds.	[MsgId: MMSG-15948]
Action.c(629): web_reg_save_param started  	[MsgId: MMSG-26355]
Action.c(629): Registering web_reg_save_param was successful  	[MsgId: MMSG-26390]
Action.c(634): Notify: Transaction "SetStatusOfFilmWithoutExpand_printed" started.	[MsgId: MMSG-16999]
Action.c(636): web_custom_request("web_custom_request") started  	[MsgId: MMSG-26355]
Action.c(636): HTML parsing not performed for Content-Type "application/json" ("ParseHtmlContentType" Run-Time Setting is "TEXT"). URL="http://10.184.129.108/webapi/api/worklist/UpdateStatusByAccessionNumber"  	[MsgId: MMSG-26548]
Action.c(636): web_custom_request("web_custom_request") was successful, 546 body bytes, 259 header bytes  	[MsgId: MMSG-26386]
Action.c(646): Notify: Transaction "SetStatusOfFilmWithoutExpand_printed" ended with a "Pass" status (Duration: 3.2081 Wasted Time: 0.0000).	[MsgId: MMSG-16871]
The result is:  true	[MsgId: MMSG-17999]
Action.c(655): lr_think_time: 30.00 seconds.	[MsgId: MMSG-15948]
Action.c(657): web_url("CheckLoginStatus_25") started  	[MsgId: MMSG-26355]
Action.c(657): HTML parsing not performed for Content-Type "application/json" ("ParseHtmlContentType" Run-Time Setting is "TEXT"). URL="http://10.184.129.108/Platform/Account/CheckLoginStatus"  	[MsgId: MMSG-26548]
Action.c(657): web_url("CheckLoginStatus_25") was successful, 4 body bytes, 251 header bytes  	[MsgId: MMSG-26386]
Action.c(668): web_reg_save_param started  	[MsgId: MMSG-26355]
Action.c(668): Registering web_reg_save_param was successful  	[MsgId: MMSG-26390]
Action.c(673): Notify: Transaction "SetStatusOfFilmWithoutExpand_NOTprinte" started.	[MsgId: MMSG-16999]
Action.c(675): web_custom_request("web_custom_request") started  	[MsgId: MMSG-26355]
Action.c(675): HTML parsing not performed for Content-Type "application/json" ("ParseHtmlContentType" Run-Time Setting is "TEXT"). URL="http://10.184.129.108/webapi/api/worklist/UpdateStatusByAccessionNumber"  	[MsgId: MMSG-26548]
Action.c(675): web_custom_request("web_custom_request") was successful, 546 body bytes, 259 header bytes  	[MsgId: MMSG-26386]
Action.c(685): Notify: Transaction "SetStatusOfFilmWithoutExpand_NOTprinte" ended with a "Pass" status (Duration: 0.0432 Wasted Time: 0.0000).	[MsgId: MMSG-16871]
The result is:  true	[MsgId: MMSG-17999]
Action.c(694): lr_think_time: 30.00 seconds.	[MsgId: MMSG-15948]
Action.c(696): web_url("CheckLoginStatus_25") started  	[MsgId: MMSG-26355]
Action.c(696): HTML parsing not performed for Content-Type "application/json" ("ParseHtmlContentType" Run-Time Setting is "TEXT"). URL="http://10.184.129.108/Platform/Account/CheckLoginStatus"  	[MsgId: MMSG-26548]
Action.c(696): web_url("CheckLoginStatus_25") was successful, 4 body bytes, 251 header bytes  	[MsgId: MMSG-26386]
Action.c(825): lr_think_time: 30.00 seconds.	[MsgId: MMSG-15948]
Ending action Action.	[MsgId: MMSG-15918]
Ending iteration 3.	[MsgId: MMSG-15965]
Waiting 7.3330 seconds for iteration pacing.	[MsgId: MMSG-15996]
Starting iteration 4.	[MsgId: MMSG-15968]
Starting action Action.	[MsgId: MMSG-15919]
Action.c(6): web_set_max_html_param_len started  	[MsgId: MMSG-26355]
Action.c(6): web_set_max_html_param_len was successful  	[MsgId: MMSG-26392]
Action.c(8): web_url("Platform") started  	[MsgId: MMSG-26355]
Action.c(8): web_url("Platform") was successful, 6282 body bytes, 247 header bytes  	[MsgId: MMSG-26386]
Action.c(87): web_url("login-view.html") started  	[MsgId: MMSG-26355]
Action.c(87): web_url("login-view.html") was successful, 6207 body bytes, 246 header bytes  	[MsgId: MMSG-26386]
Action.c(99): web_reg_save_param started  	[MsgId: MMSG-26355]
Action.c(99): Registering web_reg_save_param was successful  	[MsgId: MMSG-26390]
Action.c(104): web_reg_save_param started  	[MsgId: MMSG-26355]
Action.c(104): Registering web_reg_save_param was successful  	[MsgId: MMSG-26390]
Action.c(109): web_reg_save_param started  	[MsgId: MMSG-26355]
Action.c(109): Registering web_reg_save_param was successful  	[MsgId: MMSG-26390]
Action.c(114): Notify: Transaction "User_login" started.	[MsgId: MMSG-16999]
Action.c(116): web_custom_request("login") started  	[MsgId: MMSG-26355]
Action.c(116): HTML parsing not performed for Content-Type "application/json" ("ParseHtmlContentType" Run-Time Setting is "TEXT"). URL="http://10.184.129.108/Platform/account/login"  	[MsgId: MMSG-26548]
Action.c(116): web_custom_request("login") was successful, 78 body bytes, 1676 header bytes  	[MsgId: MMSG-26386]
Action.c(127): web_add_cookie started  	[MsgId: MMSG-26355]
Action.c(127): web_add_cookie was successful  	[MsgId: MMSG-26392]
Action.c(128): web_add_cookie started  	[MsgId: MMSG-26355]
Action.c(128): web_add_cookie was successful  	[MsgId: MMSG-26392]
Action.c(138): web_url("login_2") started  	[MsgId: MMSG-26355]
Action.c(138): Redirecting "http://10.184.129.108/Platform//account/login" (redirection depth is 0)  	[MsgId: MMSG-26694]
Action.c(138): To location "http://10.184.129.108/Platform/workarea"  	[MsgId: MMSG-26693]
Action.c(138): web_url("login_2") was successful, 14819 body bytes, 539 header bytes  	[MsgId: MMSG-26386]
Action.c(146): web_url("workarea") started  	[MsgId: MMSG-26355]
Action.c(146): web_url("workarea") was successful, 14684 body bytes, 260 header bytes  	[MsgId: MMSG-26386]
Action.c(206): web_add_auto_header("Authorization") started  	[MsgId: MMSG-26355]
Action.c(206): Warning -26593: The header being added may cause unpredictable results when applied to all ensuing URLs. It is added anyway  	[MsgId: MWAR-26593]
Action.c(206): web_add_auto_header("Authorization") highest severity level was "warning"  	[MsgId: MMSG-26391]
Action.c(208): web_reg_save_param started  	[MsgId: MMSG-26355]
Action.c(208): Registering web_reg_save_param was successful  	[MsgId: MMSG-26390]
Action.c(213): web_url("CheckLoginStatusByUser") started  	[MsgId: MMSG-26355]
Action.c(213): HTML parsing not performed for Content-Type "application/json" ("ParseHtmlContentType" Run-Time Setting is "TEXT"). URL="http://10.184.129.108/Platform/Account/CheckLoginStatus"  	[MsgId: MMSG-26548]
Action.c(213): web_url("CheckLoginStatusByUser") was successful, 4 body bytes, 251 header bytes  	[MsgId: MMSG-26386]
User Login website successfully: HTTP/1.1 200 OK
Cache-Control: private
Content-Type: application/json; charset=utf-8
Server: Microsoft-IIS/7.5
X-AspNetMvc-Version: 5.2
X-AspNet-Version: 4.0.30319
X-Powered-By: ASP.NET
Date: Sun, 05 Aug 2018 09:01:40 GMT
Content-Length: 4

true	[MsgId: MMSG-17999]
Action.c(238): web_url("tableRowsPerPage") started  	[MsgId: MMSG-26355]
Action.c(238): HTML parsing not performed for Content-Type "application/json" ("ParseHtmlContentType" Run-Time Setting is "TEXT"). URL="http://10.184.129.108/webapi/api/tableRowsPerPage"  	[MsgId: MMSG-26548]
Action.c(238): web_url("tableRowsPerPage") was successful, 39 body bytes, 258 header bytes  	[MsgId: MMSG-26386]
Action.c(246): web_url("worklistcolumns") started  	[MsgId: MMSG-26355]
Action.c(246): HTML parsing not performed for Content-Type "application/json" ("ParseHtmlContentType" Run-Time Setting is "TEXT"). URL="http://10.184.129.108/webapi/api/worklist/worklistcolumns"  	[MsgId: MMSG-26548]
Action.c(246): web_url("worklistcolumns") was successful, 6057 body bytes, 260 header bytes  	[MsgId: MMSG-26386]
Action.c(262): web_url("systemversion") started  	[MsgId: MMSG-26355]
Action.c(262): HTML parsing not performed for Content-Type "application/json" ("ParseHtmlContentType" Run-Time Setting is "TEXT"). URL="http://10.184.129.108/webapi/api/systemversion"  	[MsgId: MMSG-26548]
Action.c(262): web_url("systemversion") was successful, 17 body bytes, 258 header bytes  	[MsgId: MMSG-26386]
Action.c(270): web_url("CheckLoginStatus") started  	[MsgId: MMSG-26355]
Action.c(270): HTML parsing not performed for Content-Type "application/json" ("ParseHtmlContentType" Run-Time Setting is "TEXT"). URL="http://10.184.129.108/Platform/Account/CheckLoginStatus"  	[MsgId: MMSG-26548]
Action.c(270): web_url("CheckLoginStatus") was successful, 4 body bytes, 251 header bytes  	[MsgId: MMSG-26386]
Action.c(280): web_url("workarea-app-container.html") started  	[MsgId: MMSG-26355]
Action.c(280): web_url("workarea-app-container.html") was successful, 901 body bytes, 245 header bytes  	[MsgId: MMSG-26386]
Action.c(289): web_url("terminalmonitor-template.html") started  	[MsgId: MMSG-26355]
Action.c(289): web_url("terminalmonitor-template.html") was successful, 33052 body bytes, 247 header bytes  	[MsgId: MMSG-26386]
Action.c(313): web_custom_request("terminalmonitoring") started  	[MsgId: MMSG-26355]
Action.c(313): Warning -26000: Request body (length=39) is not empty for HTTP Method=GET, for URL is "http://10.184.129.108/webapi/api/terminalmonitoring?userId=20" (Internal ID=69)  	[MsgId: MWAR-26000]
Action.c(313): HTML parsing not performed for Content-Type "application/json" ("ParseHtmlContentType" Run-Time Setting is "TEXT"). URL="http://10.184.129.108/webapi/api/terminalmonitoring?userId=20"  	[MsgId: MMSG-26548]
Action.c(313): web_custom_request("terminalmonitoring") highest severity level was "warning", 91712 body bytes, 261 header bytes  	[MsgId: MMSG-26388]
Action.c(323): web_url("CheckLoginStatus_5") started  	[MsgId: MMSG-26355]
Action.c(323): HTML parsing not performed for Content-Type "application/json" ("ParseHtmlContentType" Run-Time Setting is "TEXT"). URL="http://10.184.129.108/Platform/Account/CheckLoginStatus"  	[MsgId: MMSG-26548]
Action.c(323): web_url("CheckLoginStatus_5") was successful, 4 body bytes, 251 header bytes  	[MsgId: MMSG-26386]
Action.c(339): Notify: Transaction "User_login" ended with a "Pass" status (Duration: 0.2081 Wasted Time: 0.0000).	[MsgId: MMSG-16871]
Action.c(582): lr_think_time: 30.00 seconds.	[MsgId: MMSG-15948]
Abort was called from an action.	[MsgId: MMSG-10447]
Ending Vuser...	[MsgId: MMSG-15966]
Starting action vuser_end.	[MsgId: MMSG-15919]
Ending action vuser_end.	[MsgId: MMSG-15918]
Vuser Terminated.	[MsgId: MMSG-15963]
