Start auto log messages stack - Iteration 3.	[MsgId: MMSG-10545]
Action.c(313):     statusCode":2,"statusDescription":"Error","reportDrawersInfo":[{"drawerName":null,"paperTy
Action.c(313):     pe":"Plain","paperSizeType":"A4","statusCode":3,"statusDescription":"Empty"},{"drawerName"
Action.c(313):     :null,"paperType":"Plain","paperSizeType":"A4","statusCode":0,"statusDescription":"Normal"
Action.c(313):     }],"printerType":0,"blackInkLevel":71,"cyanInkLevel":0,"magentaInkLevel":0,"yellowInkLevel
Action.c(313):     ":0,"errorCode":"80804008","errorDescription":null,"statusTime":"2018-09-21T01:35:00.173+0
Action.c(313):     8:00"},{"printerID":"Upper","terminalID":null,"printerName":"Upper","printerModel":"Color"
Action.c(313):     ,"statusCode":2,"statusDescription":"Error","reportDrawersInfo":[{"drawerName":null,"paper
Action.c(313):     Type":"Plain","paperSizeType":"A5","statusCode":3,"statusDescription":"Empty"},{"drawerNam
Action.c(313):     e":null,"paperType":"Plain","paperSizeType":"A4","statusCode":0,"statusDescription":"Norma
Action.c(313):     l"}],"printerType":1,"blackInkLevel":94,"cyanInkLevel":0,"magentaInkLevel":0,"yellowInkLev
Action.c(313):     el":0,"errorCode":"80804008","errorDescription":null,"statusTime":"2018-09-21T01:35:05.23+
Action.c(313):     08:00"}],"errorCode":"80005018","errorDescription":null,"terminalType":2,"terminalEnabledF
Action.c(313):     lag":1,"isFollowed":false},{"terminalID":"Terminal23","terminalName":"Terminal23","termina
Action.c(313):     lIP":"10.184.129.23","terminalDescription":null,"terminalStatus":1,"terminalStatusLevel":"
Action.c(313):     Error","terminalStatusDescription":null,"terminalStatusTime":"2018-09-21T01:29:02.727+08:0
Action.c(313):     0","departmentIdList":"3,12,4,5,6,7,8,9,10,11,1,2","checkTermianlState":false,"checkFilmSt
Action.c(313):     ate":false,"filmPrinterInfo":null,"reportPrintersInfo":[{"printerID":"Lower","terminalID":
Action.c(313):     null,"printerName":"Lower","printerModel":"Mono","statusCode":2,"statusDescription":"Error
Action.c(313):     ","reportDrawersInfo":[{"drawerName":null,"paperType":"Plain","paperSizeType":"A4","status
Action.c(313):     Code":3,"statusDescription":"Empty"},{"drawerName":null,"paperType":"Plain","paperSizeType
Action.c(313):     ":"A4","statusCode":0,"statusDescription":"Normal"}],"printe
Action.c(313): t=184641ms: 5840-byte response body for "http://10.184.129.108/webapi/api/terminalmonitoring?userId=19" (RelFrameId=1, Internal ID=48)
Action.c(313):     rType":0,"blackInkLevel":71,"cyanInkLevel":0,"magentaInkLevel":0,"yellowInkLevel":0,"error
Action.c(313):     Code":"80804008","errorDescription":null,"statusTime":"2018-09-21T01:28:14.303+08:00"},{"p
Action.c(313):     rinterID":"Upper","terminalID":null,"printerName":"Upper","printerModel":"Color","statusCo
Action.c(313):     de":2,"statusDescription":"Error","reportDrawersInfo":[{"drawerName":null,"paperType":"Pla
Action.c(313):     in","paperSizeType":"A5","statusCode":3,"statusDescription":"Empty"},{"drawerName":null,"p
Action.c(313):     aperType":"Plain","paperSizeType":"A4","statusCode":0,"statusDescription":"Normal"}],"prin
Action.c(313):     terType":1,"blackInkLevel":94,"cyanInkLevel":0,"magentaInkLevel":0,"yellowInkLevel":0,"err
Action.c(313):     orCode":"80804008","errorDescription":null,"statusTime":"2018-09-21T01:28:19.3+08:00"}],"e
Action.c(313):     rrorCode":"80005018","errorDescription":null,"terminalType":2,"terminalEnabledFlag":1,"isF
Action.c(313):     ollowed":false},{"terminalID":"Terminal24","terminalName":"Terminal24","terminalIP":"10.18
Action.c(313):     4.129.24","terminalDescription":null,"terminalStatus":1,"terminalStatusLevel":"Error","ter
Action.c(313):     minalStatusDescription":null,"terminalStatusTime":"2018-09-21T01:30:32.053+08:00","departm
Action.c(313):     entIdList":"3,12,4,5,6,7,8,9,10,11,1,2","checkTermianlState":false,"checkFilmState":false,
Action.c(313):     "filmPrinterInfo":null,"reportPrintersInfo":[{"printerID":"Lower","terminalID":null,"print
Action.c(313):     erName":"Lower","printerModel":"Mono","statusCode":2,"statusDescription":"Error","reportDr
Action.c(313):     awersInfo":[{"drawerName":null,"paperType":"Plain","paperSizeType":"A4","statusCode":3,"st
Action.c(313):     atusDescription":"Empty"},{"drawerName":null,"paperType":"Plain","paperSizeType":"A4","sta
Action.c(313):     tusCode":0,"statusDescription":"Normal"}],"printerType":0,"blackInkLevel":71,"cyanInkLevel
Action.c(313):     ":0,"magentaInkLevel":0,"yellowInkLevel":0,"errorCode":"80804008","errorDescription":null,
Action.c(313):     "statusTime":"2018-09-21T01:29:43.6+08:00"},{"printerID":"Upper","terminalID":null,"printe
Action.c(313):     rName":"Upper","printerModel":"Color","statusCode":2,"statusDescription":"Error","reportDr
Action.c(313):     awersInfo":[{"drawerName":null,"paperType":"Plain","paperSizeType":"A5","statusCode":3,"st
Action.c(313):     atusDescription":"Empty"},{"drawerName":null,"paperType":"Plain","paperSizeType":"A4","sta
Action.c(313):     tusCode":0,"statusDescription":"Normal"}],"printerType":1,"blackInkLevel":94,"cyanInkLevel
Action.c(313):     ":0,"magentaInkLevel":0,"yellowInkLevel":0,"errorCode":"80804008","errorDescription":null,
Action.c(313):     "statusTime":"2018-09-21T01:29:48.63+08:00"}],"errorCode":"80005018","errorDescription":nu
Action.c(313):     ll,"terminalType":2,"terminalEnabledFlag":1,"isFollowed":false},{"terminalID":"Terminal25"
Action.c(313):     ,"terminalName":"Terminal25","terminalIP":"10.184.129.25","terminalDescription":null,"term
Action.c(313):     inalStatus":1,"terminalStatusLevel":"Error","terminalStatusDescription":null,"terminalStat
Action.c(313):     usTime":"2018-09-21T01:31:47.83+08:00","departmentIdList":"3,12,4,5,6,7,8,9,10,11,1,2","ch
Action.c(313):     eckTermianlState":false,"checkFilmState":false,"filmPrinterInfo":null,"reportPrintersInfo"
Action.c(313):     :[{"printerID":"Lower","terminalID":null,"printerName":"Lower","printerModel":"Mono","stat
Action.c(313):     usCode":2,"statusDescription":"Error","reportDrawersInfo":[{"drawerName":null,"paperType":
Action.c(313):     "Plain","paperSizeType":"A4","statusCode":3,"statusDescription":"Empty"},{"drawerName":nul
Action.c(313):     l,"paperType":"Plain","paperSizeType":"A4","statusCode":0,"statusDescription":"Normal"}],"
Action.c(313):     printerType":0,"blackInkLevel":71,"cyanInkLevel":0,"magentaInkLevel":0,"yellowInkLevel":0,
Action.c(313):     "errorCode":"80804008","errorDescription":null,"statusTime":"2018-09-21T01:30:59.41+08:00"
Action.c(313):     },{"printerID":"Upper","terminalID":null,"printerName":"Upper","printerModel":"Color","sta
Action.c(313):     tusCode":2,"statusDescription":"Error","reportDrawersInfo":[{"drawerName":null,"paperType"
Action.c(313):     :"Plain","paperSizeType":"A5","statusCode":3,"statusDescription":"Empty"},{"drawerName":nu
Action.c(313):     ll,"paperType":"Plain","paperSizeType":"A4","statusCode":0,"statusDescription":"Normal"}],
Action.c(313):     "printerType":1,"blackInkLevel":94,"cyanInkLevel":0,"magentaInkLevel":0,"yellowInkLevel":0
Action.c(313):     ,"errorCode":"80804008","errorDescription":null,"statusTime":"2018-09-21T01:31:04.417+08:0
Action.c(313):     0"}],"errorCode":"80005018","errorDescription":null,"terminalType":2,"terminalEnabledFlag"
Action.c(313):     :1,"isFollowed":false},{"terminalID":"Terminal26","terminalName":"Terminal26","terminalIP"
Action.c(313):     :"10.184.129.26","terminalDescription":null,"terminalStatus":0,"terminalStatusLevel":"Norm
Action.c(313):     al","terminalStatusDescription":null,"terminalStatusTime":"2018-09-21T15:38:15.917+08:00",
Action.c(313):     "departmentIdList":"3,12,4,5,6,7,8,9,10,11,1,2","checkTermianlState":false,"checkFilmState
Action.c(313):     ":false,"filmPrinterInfo":null,"reportPrintersInfo":[{"printerID":"Lower","terminalID":nul
Action.c(313):     l,"printerName":"Lower","printerModel":"Mono","statusCode":0,"statusDescription":"Normal",
Action.c(313):     "reportDrawersInfo":[{"drawerName":null,"paperType":"Plain","paperSizeType":"A4","statusCo
Action.c(313):     de":3,"statusDescription":"Empty"},{"drawerName":null,"paperType":"Plain","paperSizeType":
Action.c(313):     "A4","statusCode":0,"statusDescription":"Normal"}],"printerType":0,"blackInkLevel":71,"cya
Action.c(313):     nInkLevel":0,"magentaInkLevel":0,"yellowInkLevel":0,"errorCode":"","errorDescription":null
Action.c(313):     ,"statusTime":"2018-09-21T15:37:59.123+08:00"},{"printerID":"Upper","terminalID":null,"pri
Action.c(313):     nterName":"Upper","printerModel":"Color","statusCode":0,"statusDescription":"Normal","repo
Action.c(313):     rtDrawersInfo":[{"drawerName":null,"paperType":"Plain","paperSizeType":"A5","statusCode":3
Action.c(313):     ,"statusDescription":"Empty"},{"drawerName":null,"paperType":"Plain","paperSizeType":"A4",
Action.c(313):     "statusCode":0,"statusDescription":"Normal"}],"printerType":1,"blackInkLevel":94,"cyanInkL
Action.c(313):     evel":0,"magentaInkLevel":0,"yellowInkLevel":0,"errorCode":"","errorDescription":null,"sta
Action.c(313):     tusTime":"2018-09-21T15:38:05.073+08:00"}],"errorCode":null,"errorDescription":null,"termi
Action.c(313):     nalType":2,"terminalEnabledFlag":1,"isFollowed":false},{"terminalID":"Terminal27","termina
Action.c(313):     lName":"Terminal27","terminalIP":"10.184.129.27","terminalDescription":null,"terminalStatu
Action.c(313):     s":1,"terminalStatusLevel":"Error","terminalStatusDescription":null,"terminalStatusTime":"
Action.c(313):     2018-09-21T01:31:37.523+08:00","departmentIdList":"3,12,4,5,6,7,8,9,10,11,1,2","
Action.c(313): t=184642ms: 4380-byte response body for "http://10.184.129.108/webapi/api/terminalmonitoring?userId=19" (RelFrameId=1, Internal ID=48)
Action.c(313):     checkTermianlState":false,"checkFilmState":false,"filmPrinterInfo":null,"reportPrintersInf
Action.c(313):     o":[{"printerID":"Lower","terminalID":null,"printerName":"Lower","printerModel":"Mono","st
Action.c(313):     atusCode":2,"statusDescription":"Error","reportDrawersInfo":[{"drawerName":null,"paperType
Action.c(313):     ":"Plain","paperSizeType":"A4","statusCode":3,"statusDescription":"Empty"},{"drawerName":n
Action.c(313):     ull,"paperType":"Plain","paperSizeType":"A4","statusCode":0,"statusDescription":"Normal"}]
Action.c(313):     ,"printerType":0,"blackInkLevel":71,"cyanInkLevel":0,"magentaInkLevel":0,"yellowInkLevel":
Action.c(313):     0,"errorCode":"80804008","errorDescription":null,"statusTime":"2018-09-21T01:30:49.143+08:
Action.c(313):     00"},{"printerID":"Upper","terminalID":null,"printerName":"Upper","printerModel":"Color","
Action.c(313):     statusCode":2,"statusDescription":"Error","reportDrawersInfo":[{"drawerName":null,"paperTy
Action.c(313):     pe":"Plain","paperSizeType":"A5","statusCode":3,"statusDescription":"Empty"},{"drawerName"
Action.c(313):     :null,"paperType":"Plain","paperSizeType":"A4","statusCode":0,"statusDescription":"Normal"
Action.c(313):     }],"printerType":1,"blackInkLevel":94,"cyanInkLevel":0,"magentaInkLevel":0,"yellowInkLevel
Action.c(313):     ":0,"errorCode":"80804008","errorDescription":null,"statusTime":"2018-09-21T01:30:54.157+0
Action.c(313):     8:00"}],"errorCode":"80005018","errorDescription":null,"terminalType":2,"terminalEnabledFl
Action.c(313):     ag":1,"isFollowed":false},{"terminalID":"Terminal28","terminalName":"Terminal28","terminal
Action.c(313):     IP":"10.184.129.28","terminalDescription":null,"terminalStatus":1,"terminalStatusLevel":"E
Action.c(313):     rror","terminalStatusDescription":null,"terminalStatusTime":"2018-09-21T01:33:04.067+08:00
Action.c(313):     ","departmentIdList":"3,12,4,5,6,7,8,9,10,11,1,2","checkTermianlState":false,"checkFilmSta
Action.c(313):     te":false,"filmPrinterInfo":null,"reportPrintersInfo":[{"printerID":"Lower","terminalID":n
Action.c(313):     ull,"printerName":"Lower","printerModel":"Mono","statusCode":2,"statusDescription":"Error"
Action.c(313):     ,"reportDrawersInfo":[{"drawerName":null,"paperType":"Plain","paperSizeType":"A4","statusC
Action.c(313):     ode":3,"statusDescription":"Empty"},{"drawerName":null,"paperType":"Plain","paperSizeType"
Action.c(313):     :"A4","statusCode":0,"statusDescription":"Normal"}],"printerType":0,"blackInkLevel":71,"cy
Action.c(313):     anInkLevel":0,"magentaInkLevel":0,"yellowInkLevel":0,"errorCode":"80804008","errorDescript
Action.c(313):     ion":null,"statusTime":"2018-09-21T01:32:15.547+08:00"},{"printerID":"Upper","terminalID":
Action.c(313):     null,"printerName":"Upper","printerModel":"Color","statusCode":2,"statusDescription":"Erro
Action.c(313):     r","reportDrawersInfo":[{"drawerName":null,"paperType":"Plain","paperSizeType":"A5","statu
Action.c(313):     sCode":3,"statusDescription":"Empty"},{"drawerName":null,"paperType":"Plain","paperSizeTyp
Action.c(313):     e":"A4","statusCode":0,"statusDescription":"Normal"}],"printerType":1,"blackInkLevel":94,"
Action.c(313):     cyanInkLevel":0,"magentaInkLevel":0,"yellowInkLevel":0,"errorCode":"80804008","errorDescri
Action.c(313):     ption":null,"statusTime":"2018-09-21T01:32:20.557+08:00"}],"errorCode":"80005018","errorDe
Action.c(313):     scription":null,"terminalType":2,"terminalEnabledFlag":1,"isFollowed":false},{"terminalID"
Action.c(313):     :"Terminal29","terminalName":"Terminal29","terminalIP":"10.184.129.29","terminalDescriptio
Action.c(313):     n":null,"terminalStatus":1,"terminalStatusLevel":"Error","terminalStatusDescription":null,
Action.c(313):     "terminalStatusTime":"2018-09-21T01:34:22.06+08:00","departmentIdList":"3,12,4,5,6,7,8,9,1
Action.c(313):     0,11,1,2","checkTermianlState":false,"checkFilmState":false,"filmPrinterInfo":null,"report
Action.c(313):     PrintersInfo":[{"printerID":"Lower","terminalID":null,"printerName":"Lower","printerModel"
Action.c(313):     :"Mono","statusCode":2,"statusDescription":"Error","reportDrawersInfo":[{"drawerName":null
Action.c(313):     ,"paperType":"Plain","paperSizeType":"A4","statusCode":3,"statusDescription":"Empty"},{"dr
Action.c(313):     awerName":null,"paperType":"Plain","paperSizeType":"A4","statusCode":0,"statusDescription"
Action.c(313):     :"Normal"}],"printerType":0,"blackInkLevel":71,"cyanInkLevel":0,"magentaInkLevel":0,"yello
Action.c(313):     wInkLevel":0,"errorCode":"80804008","errorDescription":null,"statusTime":"2018-09-21T01:33
Action.c(313):     :33.64+08:00"},{"printerID":"Upper","terminalID":null,"printerName":"Upper","printerModel"
Action.c(313):     :"Color","statusCode":2,"statusDescription":"Error","reportDrawersInfo":[{"drawerName":nul
Action.c(313):     l,"paperType":"Plain","paperSizeType":"A5","statusCode":3,"statusDescription":"Empty"},{"d
Action.c(313):     rawerName":null,"paperType":"Plain","paperSizeType":"A4","statusCode":0,"statusDescription
Action.c(313):     ":"Normal"}],"printerType":1,"blackInkLevel":94,"cyanInkLevel":0,"magentaInkLevel":0,"yell
Action.c(313):     owInkLevel":0,"errorCode":"80804008","errorDescription":null,"statusTime":"2018-09-21T01:3
Action.c(313):     3:38.663+08:00"}],"errorCode":"80005018","errorDescription":
Action.c(313): t=184642ms: 4380-byte response body for "http://10.184.129.108/webapi/api/terminalmonitoring?userId=19" (RelFrameId=1, Internal ID=48)
Action.c(313):     null,"terminalType":2,"terminalEnabledFlag":1,"isFollowed":false},{"terminalID":"Terminal3
Action.c(313):     ","terminalName":"Terminal3","terminalIP":"10.184.129.3","terminalDescription":null,"termi
Action.c(313):     nalStatus":1,"terminalStatusLevel":"Error","terminalStatusDescription":null,"terminalStatu
Action.c(313):     sTime":"2018-09-21T01:35:43.95+08:00","departmentIdList":"3,12,4,5,6,7,8,9,10,11,1,2","che
Action.c(313):     ckTermianlState":false,"checkFilmState":false,"filmPrinterInfo":null,"reportPrintersInfo":
Action.c(313):     [{"printerID":"Lower","terminalID":null,"printerName":"Lower","printerModel":"Mono","statu
Action.c(313):     sCode":2,"statusDescription":"Error","reportDrawersInfo":[{"drawerName":null,"paperType":"
Action.c(313):     Plain","paperSizeType":"A4","statusCode":3,"statusDescription":"Empty"},{"drawerName":null
Action.c(313):     ,"paperType":"Plain","paperSizeType":"A4","statusCode":0,"statusDescription":"Normal"}],"p
Action.c(313):     rinterType":0,"blackInkLevel":71,"cyanInkLevel":0,"magentaInkLevel":0,"yellowInkLevel":0,"
Action.c(313):     errorCode":"80804008","errorDescription":null,"statusTime":"2018-09-21T01:34:55.54+08:00"}
Action.c(313):     ,{"printerID":"Upper","terminalID":null,"printerName":"Upper","printerModel":"Color","stat
Action.c(313):     usCode":2,"statusDescription":"Error","reportDrawersInfo":[{"drawerName":null,"paperType":
Action.c(313):     "Plain","paperSizeType":"A5","statusCode":3,"statusDescription":"Empty"},{"drawerName":nul
Action.c(313):     l,"paperType":"Plain","paperSizeType":"A4","statusCode":0,"statusDescription":"Normal"}],"
Action.c(313):     printerType":1,"blackInkLevel":94,"cyanInkLevel":0,"magentaInkLevel":0,"yellowInkLevel":0,
Action.c(313):     "errorCode":"80804008","errorDescription":null,"statusTime":"2018-09-21T01:35:00.533+08:00
Action.c(313):     "}],"errorCode":"80005018","errorDescription":null,"terminalType":2,"terminalEnabledFlag":
Action.c(313):     1,"isFollowed":false},{"terminalID":"Terminal30","terminalName":"Terminal30","terminalIP":
Action.c(313):     "10.184.129.30","terminalDescription":null,"terminalStatus":1,"terminalStatusLevel":"Error
Action.c(313):     ","terminalStatusDescription":null,"terminalStatusTime":"2018-09-21T01:28:59.63+08:00","de
Action.c(313):     partmentIdList":"3,12,4,5,6,7,8,9,10,11,1,2","checkTermianlState":false,"checkFilmState":f
Action.c(313):     alse,"filmPrinterInfo":null,"reportPrintersInfo":[{"printerID":"Lower","terminalID":null,"
Action.c(313):     printerName":"Lower","printerModel":"Mono","statusCode":2,"statusDescription":"Error","rep
Action.c(313):     ortDrawersInfo":[{"drawerName":null,"paperType":"Plain","paperSizeType":"A4","statusCode":
Action.c(313):     3,"statusDescription":"Empty"},{"drawerName":null,"paperType":"Plain","paperSizeType":"A4"
Action.c(313):     ,"statusCode":0,"statusDescription":"Normal"}],"printerType":0,"blackInkLevel":71,"cyanInk
Action.c(313):     Level":0,"magentaInkLevel":0,"yellowInkLevel":0,"errorCode":"80804008","errorDescription":
Action.c(313):     null,"statusTime":"2018-09-21T01:28:11.103+08:00"},{"printerID":"Upper","terminalID":null,
Action.c(313):     "printerName":"Upper","printerModel":"Color","statusCode":2,"statusDescription":"Error","r
Action.c(313):     eportDrawersInfo":[{"drawerName":null,"paperType":"Plain","paperSizeType":"A5","statusCode
Action.c(313):     ":3,"statusDescription":"Empty"},{"drawerName":null,"paperType":"Plain","paperSizeType":"A
Action.c(313):     4","statusCode":0,"statusDescription":"Normal"}],"printerType":1,"blackInkLevel":94,"cyanI
Action.c(313):     nkLevel":0,"magentaInkLevel":0,"yellowInkLevel":0,"errorCode":"80804008","errorDescription
Action.c(313):     ":null,"statusTime":"2018-09-21T01:28:16.127+08:00"}],"errorCode":"80005018","errorDescrip
Action.c(313):     tion":null,"terminalType":2,"terminalEnabledFlag":1,"isFollowed":false},{"terminalID":"Ter
Action.c(313):     minal31","terminalName":"Terminal31","terminalIP":"10.184.129.31","terminalDescription":nu
Action.c(313):     ll,"terminalStatus":1,"terminalStatusLevel":"Error","terminalStatusDescription":null,"term
Action.c(313):     inalStatusTime":"2018-09-21T01:33:28.503+08:00","departmentIdList":"3,12,4,5,6,7,8,9,10,11
Action.c(313):     ,1,2","checkTermianlState":false,"checkFilmState":false,"filmPrinterInfo":null,"reportPrin
Action.c(313):     tersInfo":[{"printerID":"Lower","terminalID":null,"printerName":"Lower","printerModel":"Mo
Action.c(313):     no","statusCode":2,"statusDescription":"Error","reportDrawersInfo":[{"drawerName":null,"pa
Action.c(313):     perType":"Plain","paperSizeType":"A4","statusCode":3,"statusDescription":"Empty"},{"drawer
Action.c(313):     Name":null,"paperType":"Plain","paperSizeType":"A4","statusCode":0,"statusDescription":"No
Action.c(313):     rmal"}],"printerType":0,"blackInkLevel":71,"cyanInkLevel":0,"magentaInkLevel":0,"yellowInk
Action.c(313):     Level":0,"errorCode":"80804008","errorDescription":null,"statusTime":"2018-09-21T01:32:40.
Action.c(313):     057+08:00"},{"printerID":"Upper","terminalID":null,"printerName":"Upper","printerModel":"C
Action.c(313):     olor","statusCode":2,"statusDescription":"Error","reportDrawersInfo":[{"drawerName":null,"
Action.c(313):     paperType":"Plain","paperSizeType":"A5","statusCode":3,"stat
Action.c(313): t=184642ms: 4380-byte response body for "http://10.184.129.108/webapi/api/terminalmonitoring?userId=19" (RelFrameId=1, Internal ID=48)
Action.c(313):     usDescription":"Empty"},{"drawerName":null,"paperType":"Plain","paperSizeType":"A4","statu
Action.c(313):     sCode":0,"statusDescription":"Normal"}],"printerType":1,"blackInkLevel":94,"cyanInkLevel":
Action.c(313):     0,"magentaInkLevel":0,"yellowInkLevel":0,"errorCode":"80804008","errorDescription":null,"s
Action.c(313):     tatusTime":"2018-09-21T01:32:45.067+08:00"}],"errorCode":"80005018","errorDescription":nul
Action.c(313):     l,"terminalType":2,"terminalEnabledFlag":1,"isFollowed":false},{"terminalID":"Terminal32",
Action.c(313):     "terminalName":"Terminal32","terminalIP":"10.184.129.32","terminalDescription":null,"termi
Action.c(313):     nalStatus":1,"terminalStatusLevel":"Error","terminalStatusDescription":null,"terminalStatu
Action.c(313):     sTime":"2018-09-21T01:34:53.617+08:00","departmentIdList":"3,12,4,5,6,7,8,9,10,11,1,2","ch
Action.c(313):     eckTermianlState":false,"checkFilmState":false,"filmPrinterInfo":null,"reportPrintersInfo"
Action.c(313):     :[{"printerID":"Lower","terminalID":null,"printerName":"Lower","printerModel":"Mono","stat
Action.c(313):     usCode":2,"statusDescription":"Error","reportDrawersInfo":[{"drawerName":null,"paperType":
Action.c(313):     "Plain","paperSizeType":"A4","statusCode":3,"statusDescription":"Empty"},{"drawerName":nul
Action.c(313):     l,"paperType":"Plain","paperSizeType":"A4","statusCode":0,"statusDescription":"Normal"}],"
Action.c(313):     printerType":0,"blackInkLevel":71,"cyanInkLevel":0,"magentaInkLevel":0,"yellowInkLevel":0,
Action.c(313):     "errorCode":"80804008","errorDescription":null,"statusTime":"2018-09-21T01:34:05.12+08:00"
Action.c(313):     },{"printerID":"Upper","terminalID":null,"printerName":"Upper","printerModel":"Color","sta
Action.c(313):     tusCode":2,"statusDescription":"Error","reportDrawersInfo":[{"drawerName":null,"paperType"
Action.c(313):     :"Plain","paperSizeType":"A5","statusCode":3,"statusDescription":"Empty"},{"drawerName":nu
Action.c(313):     ll,"paperType":"Plain","paperSizeType":"A4","statusCode":0,"statusDescription":"Normal"}],
Action.c(313):     "printerType":1,"blackInkLevel":94,"cyanInkLevel":0,"magentaInkLevel":0,"yellowInkLevel":0
Action.c(313):     ,"errorCode":"80804008","errorDescription":null,"statusTime":"2018-09-21T01:34:10.137+08:0
Action.c(313):     0"}],"errorCode":"80005018","errorDescription":null,"terminalType":2,"terminalEnabledFlag"
Action.c(313):     :1,"isFollowed":false},{"terminalID":"Terminal33","terminalName":"Terminal33","terminalIP"
Action.c(313):     :"10.184.129.33","terminalDescription":null,"terminalStatus":0,"terminalStatusLevel":"Norm
Action.c(313):     al","terminalStatusDescription":null,"terminalStatusTime":"2018-09-21T15:39:50.617+08:00",
Action.c(313):     "departmentIdList":"3,12,4,5,6,7,8,9,10,11,1,2","checkTermianlState":false,"checkFilmState
Action.c(313):     ":false,"filmPrinterInfo":null,"reportPrintersInfo":[{"printerID":"Lower","terminalID":nul
Action.c(313):     l,"printerName":"Lower","printerModel":"Mono","statusCode":0,"statusDescription":"Normal",
Action.c(313):     "reportDrawersInfo":[{"drawerName":null,"paperType":"Plain","paperSizeType":"A4","statusCo
Action.c(313):     de":3,"statusDescription":"Empty"},{"drawerName":null,"paperType":"Plain","paperSizeType":
Action.c(313):     "A4","statusCode":0,"statusDescription":"Normal"}],"printerType":0,"blackInkLevel":71,"cya
Action.c(313):     nInkLevel":0,"magentaInkLevel":0,"yellowInkLevel":0,"errorCode":"","errorDescription":null
Action.c(313):     ,"statusTime":"2018-09-21T15:39:30.36+08:00"},{"printerID":"Upper","terminalID":null,"prin
Action.c(313):     terName":"Upper","printerModel":"Color","statusCode":0,"statusDescription":"Normal","repor
Action.c(313):     tDrawersInfo":[{"drawerName":null,"paperType":"Plain","paperSizeType":"A5","statusCode":3,
Action.c(313):     "statusDescription":"Empty"},{"drawerName":null,"paperType":"Plain","paperSizeType":"A4","
Action.c(313):     statusCode":0,"statusDescription":"Normal"}],"printerType":1,"blackInkLevel":94,"cyanInkLe
Action.c(313):     vel":0,"magentaInkLevel":0,"yellowInkLevel":0,"errorCode":"","errorDescription":null,"stat
Action.c(313):     usTime":"2018-09-21T15:39:37.02+08:00"}],"errorCode":null,"errorDescription":null,"termina
Action.c(313):     lType":2,"terminalEnabledFlag":1,"isFollowed":false},{"terminalID":"Terminal34","terminalN
Action.c(313):     ame":"Terminal34","terminalIP":"10.184.129.34","terminalDescription":null,"terminalStatus"
Action.c(313):     :1,"terminalStatusLevel":"Error","terminalStatusDescription":null,"terminalStatusTime":"20
Action.c(313):     18-09-21T01:29:25.633+08:00","departmentIdList":"3,12,4,5,6,7,8,9,10,11,1,2","checkTermian
Action.c(313):     lState":false,"checkFilmState":false,"filmPrinterInfo":null,"reportPrintersInfo":[{"printe
Action.c(313):     rID":"Lower","terminalID":null,"printerName":"Lower","printerModel":"Mono","statusCode":2,
Action.c(313):     "statusDescription":"Error","reportDrawersInfo":[{"drawerName":null,"paperType":"Plain","p
Action.c(313):     aperSizeType":"A4","statusCode":3,"statusDescription":"Empty"},{"drawerName":null,"paperTy
Action.c(313):     pe":"Plain","paperSizeType":"A4","statusCode":0,"statusDescription":"Normal"}],"printerTyp
Action.c(313):     e":0,"blackInkLevel":71,"cyanInkLevel":0,"magentaInkLevel":0
Action.c(313): t=184643ms: 4380-byte response body for "http://10.184.129.108/webapi/api/terminalmonitoring?userId=19" (RelFrameId=1, Internal ID=48)
Action.c(313):     ,"yellowInkLevel":0,"errorCode":"80804008","errorDescription":null,"statusTime":"2018-09-2
Action.c(313):     1T01:28:37.17+08:00"},{"printerID":"Upper","terminalID":null,"printerName":"Upper","printe
Action.c(313):     rModel":"Color","statusCode":2,"statusDescription":"Error","reportDrawersInfo":[{"drawerNa
Action.c(313):     me":null,"paperType":"Plain","paperSizeType":"A5","statusCode":3,"statusDescription":"Empt
Action.c(313):     y"},{"drawerName":null,"paperType":"Plain","paperSizeType":"A4","statusCode":0,"statusDesc
Action.c(313):     ription":"Normal"}],"printerType":1,"blackInkLevel":94,"cyanInkLevel":0,"magentaInkLevel":
Action.c(313):     0,"yellowInkLevel":0,"errorCode":"80804008","errorDescription":null,"statusTime":"2018-09-
Action.c(313):     21T01:28:42.19+08:00"}],"errorCode":"80005018","errorDescription":null,"terminalType":2,"t
Action.c(313):     erminalEnabledFlag":1,"isFollowed":false},{"terminalID":"Terminal35","terminalName":"Termi
Action.c(313):     nal35","terminalIP":"10.184.129.35","terminalDescription":null,"terminalStatus":1,"termina
Action.c(313):     lStatusLevel":"Error","terminalStatusDescription":null,"terminalStatusTime":"2018-09-21T01
Action.c(313):     :30:42.523+08:00","departmentIdList":"3,12,4,5,6,7,8,9,10,11,1,2","checkTermianlState":fal
Action.c(313):     se,"checkFilmState":false,"filmPrinterInfo":null,"reportPrintersInfo":[{"printerID":"Lower
Action.c(313):     ","terminalID":null,"printerName":"Lower","printerModel":"Mono","statusCode":2,"statusDesc
Action.c(313):     ription":"Error","reportDrawersInfo":[{"drawerName":null,"paperType":"Plain","paperSizeTyp
Action.c(313):     e":"A4","statusCode":3,"statusDescription":"Empty"},{"drawerName":null,"paperType":"Plain"
Action.c(313):     ,"paperSizeType":"A4","statusCode":0,"statusDescription":"Normal"}],"printerType":0,"black
Action.c(313):     InkLevel":71,"cyanInkLevel":0,"magentaInkLevel":0,"yellowInkLevel":0,"errorCode":"80804008
Action.c(313):     ","errorDescription":null,"statusTime":"2018-09-21T01:29:54.01+08:00"},{"printerID":"Upper
Action.c(313):     ","terminalID":null,"printerName":"Upper","printerModel":"Color","statusCode":2,"statusDes
Action.c(313):     cription":"Error","reportDrawersInfo":[{"drawerName":null,"paperType":"Plain","paperSizeTy
Action.c(313):     pe":"A5","statusCode":3,"statusDescription":"Empty"},{"drawerName":null,"paperType":"Plain
Action.c(313):     ","paperSizeType":"A4","statusCode":0,"statusDescription":"Normal"}],"printerType":1,"blac
Action.c(313):     kInkLevel":94,"cyanInkLevel":0,"magentaInkLevel":0,"yellowInkLevel":0,"errorCode":"8080400
Action.c(313):     8","errorDescription":null,"statusTime":"2018-09-21T01:29:59.01+08:00"}],"errorCode":"8000
Action.c(313):     5018","errorDescription":null,"terminalType":2,"terminalEnabledFlag":1,"isFollowed":false}
Action.c(313):     ,{"terminalID":"Terminal36","terminalName":"Terminal36","terminalIP":"10.184.129.36","term
Action.c(313):     inalDescription":null,"terminalStatus":1,"terminalStatusLevel":"Error","terminalStatusDesc
Action.c(313):     ription":null,"terminalStatusTime":"2018-09-21T01:31:58.977+08:00","departmentIdList":"3,1
Action.c(313):     2,4,5,6,7,8,9,10,11,1,2","checkTermianlState":false,"checkFilmState":false,"filmPrinterInf
Action.c(313):     o":null,"reportPrintersInfo":[{"printerID":"Lower","terminalID":null,"printerName":"Lower"
Action.c(313):     ,"printerModel":"Mono","statusCode":2,"statusDescription":"Error","reportDrawersInfo":[{"d
Action.c(313):     rawerName":null,"paperType":"Plain","paperSizeType":"A4","statusCode":3,"statusDescription
Action.c(313):     ":"Empty"},{"drawerName":null,"paperType":"Plain","paperSizeType":"A4","statusCode":0,"sta
Action.c(313):     tusDescription":"Normal"}],"printerType":0,"blackInkLevel":71,"cyanInkLevel":0,"magentaInk
Action.c(313):     Level":0,"yellowInkLevel":0,"errorCode":"80804008","errorDescription":null,"statusTime":"2
Action.c(313):     018-09-21T01:31:10.217+08:00"},{"printerID":"Upper","terminalID":null,"printerName":"Upper
Action.c(313):     ","printerModel":"Color","statusCode":2,"statusDescription":"Error","reportDrawersInfo":[{
Action.c(313):     "drawerName":null,"paperType":"Plain","paperSizeType":"A5","statusCode":3,"statusDescripti
Action.c(313):     on":"Empty"},{"drawerName":null,"paperType":"Plain","paperSizeType":"A4","statusCode":0,"s
Action.c(313):     tatusDescription":"Normal"}],"printerType":1,"blackInkLevel":94,"cyanInkLevel":0,"magentaI
Action.c(313):     nkLevel":0,"yellowInkLevel":0,"errorCode":"80804008","errorDescription":null,"statusTime":
Action.c(313):     "2018-09-21T01:31:15.22+08:00"}],"errorCode":"80005018","errorDescription":null,"terminalT
Action.c(313):     ype":2,"terminalEnabledFlag":1,"isFollowed":false},{"terminalID":"Terminal37","terminalNam
Action.c(313):     e":"Terminal37","terminalIP":"10.184.129.37","terminalDescription":null,"terminalStatus":0
Action.c(313):     ,"terminalStatusLevel":"Normal","terminalStatusDescription":null,"terminalStatusTime":"201
Action.c(313):     8-09-21T15:38:23.177+08:00","departmentIdList":"3,12,4,5,6,7,8,9,10,11,1,2","checkTermianl
Action.c(313):     State":false,"checkFilmState":false,"filmPrinterInfo":null,"reportPrintersInfo":[{"printer
Action.c(313):     ID":"Lower","terminalID":null,"printerName":"Lower","printer
Action.c(313): t=184643ms: 5676-byte response body for "http://10.184.129.108/webapi/api/terminalmonitoring?userId=19" (RelFrameId=1, Internal ID=48)
Action.c(313):     Model":"Mono","statusCode":0,"statusDescription":"Normal","reportDrawersInfo":[{"drawerNam
Action.c(313):     e":null,"paperType":"Plain","paperSizeType":"A4","statusCode":3,"statusDescription":"Empty
Action.c(313):     "},{"drawerName":null,"paperType":"Plain","paperSizeType":"A4","statusCode":0,"statusDescr
Action.c(313):     iption":"Normal"}],"printerType":0,"blackInkLevel":71,"cyanInkLevel":0,"magentaInkLevel":0
Action.c(313):     ,"yellowInkLevel":0,"errorCode":"","errorDescription":null,"statusTime":"2018-09-21T15:38:
Action.c(313):     06.747+08:00"},{"printerID":"Upper","terminalID":null,"printerName":"Upper","printerModel"
Action.c(313):     :"Color","statusCode":0,"statusDescription":"Normal","reportDrawersInfo":[{"drawerName":nu
Action.c(313):     ll,"paperType":"Plain","paperSizeType":"A5","statusCode":3,"statusDescription":"Empty"},{"
Action.c(313):     drawerName":null,"paperType":"Plain","paperSizeType":"A4","statusCode":0,"statusDescriptio
Action.c(313):     n":"Normal"}],"printerType":1,"blackInkLevel":94,"cyanInkLevel":0,"magentaInkLevel":0,"yel
Action.c(313):     lowInkLevel":0,"errorCode":"","errorDescription":null,"statusTime":"2018-09-21T15:38:12.86
Action.c(313):     +08:00"}],"errorCode":null,"errorDescription":null,"terminalType":2,"terminalEnabledFlag":
Action.c(313):     1,"isFollowed":false},{"terminalID":"Terminal38","terminalName":"Terminal38","terminalIP":
Action.c(313):     "10.184.129.38","terminalDescription":null,"terminalStatus":1,"terminalStatusLevel":"Error
Action.c(313):     ","terminalStatusDescription":null,"terminalStatusTime":"2018-09-21T01:34:38.9+08:00","dep
Action.c(313):     artmentIdList":"3,12,4,5,6,7,8,9,10,11,1,2","checkTermianlState":false,"checkFilmState":fa
Action.c(313):     lse,"filmPrinterInfo":null,"reportPrintersInfo":[{"printerID":"Lower","terminalID":null,"p
Action.c(313):     rinterName":"Lower","printerModel":"Mono","statusCode":0,"statusDescription":"Normal","rep
Action.c(313):     ortDrawersInfo":[{"drawerName":null,"paperType":"Plain","paperSizeType":"A4","statusCode":
Action.c(313):     3,"statusDescription":"Empty"},{"drawerName":null,"paperType":"Plain","paperSizeType":"A4"
Action.c(313):     ,"statusCode":0,"statusDescription":"Normal"}],"printerType":0,"blackInkLevel":71,"cyanInk
Action.c(313):     Level":0,"magentaInkLevel":0,"yellowInkLevel":0,"errorCode":"","errorDescription":null,"st
Action.c(313):     atusTime":"2018-09-21T15:03:47.533+08:00"},{"printerID":"Upper","terminalID":null,"printer
Action.c(313):     Name":"Upper","printerModel":"Color","statusCode":0,"statusDescription":"Normal","reportDr
Action.c(313):     awersInfo":[{"drawerName":null,"paperType":"Plain","paperSizeType":"A5","statusCode":3,"st
Action.c(313):     atusDescription":"Empty"},{"drawerName":null,"paperType":"Plain","paperSizeType":"A4","sta
Action.c(313):     tusCode":0,"statusDescription":"Normal"}],"printerType":1,"blackInkLevel":94,"cyanInkLevel
Action.c(313):     ":0,"magentaInkLevel":0,"yellowInkLevel":0,"errorCode":"","errorDescription":null,"statusT
Action.c(313):     ime":"2018-09-21T15:03:52.877+08:00"}],"errorCode":"80005018","errorDescription":null,"ter
Action.c(313):     minalType":2,"terminalEnabledFlag":1,"isFollowed":false},{"terminalID":"Terminal39","termi
Action.c(313):     nalName":"Terminal39","terminalIP":"10.184.129.39","terminalDescription":null,"terminalSta
Action.c(313):     tus":1,"terminalStatusLevel":"Error","terminalStatusDescription":null,"terminalStatusTime"
Action.c(313):     :"2018-09-21T01:36:03.56+08:00","departmentIdList":"3,12,4,5,6,7,8,9,10,11,1,2","checkTerm
Action.c(313):     ianlState":false,"checkFilmState":false,"filmPrinterInfo":null,"reportPrintersInfo":[{"pri
Action.c(313):     nterID":"Lower","terminalID":null,"printerName":"Lower","printerModel":"Mono","statusCode"
Action.c(313):     :2,"statusDescription":"Error","reportDrawersInfo":[{"drawerName":null,"paperType":"Plain"
Action.c(313):     ,"paperSizeType":"A4","statusCode":3,"statusDescription":"Empty"},{"drawerName":null,"pape
Action.c(313):     rType":"Plain","paperSizeType":"A4","statusCode":0,"statusDescription":"Normal"}],"printer
Action.c(313):     Type":0,"blackInkLevel":71,"cyanInkLevel":0,"magentaInkLevel":0,"yellowInkLevel":0,"errorC
Action.c(313):     ode":"80804008","errorDescription":null,"statusTime":"2018-09-21T01:35:15.153+08:00"},{"pr
Action.c(313):     interID":"Upper","terminalID":null,"printerName":"Upper","printerModel":"Color","statusCod
Action.c(313):     e":2,"statusDescription":"Error","reportDrawersInfo":[{"drawerName":null,"paperType":"Plai
Action.c(313):     n","paperSizeType":"A5","statusCode":3,"statusDescription":"Empty"},{"drawerName":null,"pa
Action.c(313):     perType":"Plain","paperSizeType":"A4","statusCode":0,"statusDescription":"Normal"}],"print
Action.c(313):     erType":1,"blackInkLevel":94,"cyanInkLevel":0,"magentaInkLevel":0,"yellowInkLevel":0,"erro
Action.c(313):     rCode":"80804008","errorDescription":null,"statusTime":"2018-09-21T01:35:20.173+08:00"}],"
Action.c(313):     errorCode":"80005018","errorDescription":null,"terminalType":2,"terminalEnabledFlag":1,"is
Action.c(313):     Followed":false},{"terminalID":"Terminal4","terminalName":"Terminal4","terminalIP":"10.184
Action.c(313):     .129.4","terminalDescription":null,"terminalStatus":1,"terminalStatusLevel":"Error","termi
Action.c(313):     nalStatusDescription":null,"terminalStatusTime":"2018-09-21T01:36:36.683+08:00","departmen
Action.c(313):     tIdList":"3,12,4,5,6,7,8,9,10,11,1,2","checkTermianlState":false,"checkFilmState":false,"f
Action.c(313):     ilmPrinterInfo":null,"reportPrintersInfo":[{"printerID":"Lower","terminalID":null,"printer
Action.c(313):     Name":"Lower","printerModel":"Mono","statusCode":2,"statusDescription":"Error","reportDraw
Action.c(313):     ersInfo":[{"drawerName":null,"paperType":"Plain","paperSizeType":"A4","statusCode":3,"stat
Action.c(313):     usDescription":"Empty"},{"drawerName":null,"paperType":"Plain","paperSizeType":"A4","statu
Action.c(313):     sCode":0,"statusDescription":"Normal"}],"printerType":0,"blackInkLevel":71,"cyanInkLevel":
Action.c(313):     0,"magentaInkLevel":0,"yellowInkLevel":0,"errorCode":"80804008","errorDescription":null,"s
Action.c(313):     tatusTime":"2018-09-21T01:36:26.647+08:00"},{"printerID":"Upper","terminalID":null,"printe
Action.c(313):     rName":"Upper","printerModel":"Color","statusCode":2,"statusDescription":"Error","reportDr
Action.c(313):     awersInfo":[{"drawerName":null,"paperType":"Plain","paperSizeType":"A5","statusCode":3,"st
Action.c(313):     atusDescription":"Empty"},{"drawerName":null,"paperType":"Plain","paperSizeType":"A4","sta
Action.c(313):     tusCode":0,"statusDescription":"Normal"}],"printerType":1,"blackInkLevel":94,"cyanInkLevel
Action.c(313):     ":0,"magentaInkLevel":0,"yellowInkLevel":0,"errorCode":"80804008","errorDescription":null,
Action.c(313):     "statu
Action.c(313): t=184644ms: 4380-byte response body for "http://10.184.129.108/webapi/api/terminalmonitoring?userId=19" (RelFrameId=1, Internal ID=48)
Action.c(313):     sTime":"2018-09-21T01:36:31.657+08:00"}],"errorCode":"80005018","errorDescription":null,"t
Action.c(313):     erminalType":2,"terminalEnabledFlag":1,"isFollowed":false},{"terminalID":"Terminal40","ter
Action.c(313):     minalName":"Terminal40","terminalIP":"10.184.129.40","terminalDescription":null,"terminalS
Action.c(313):     tatus":1,"terminalStatusLevel":"Error","terminalStatusDescription":null,"terminalStatusTim
Action.c(313):     e":"2018-09-21T01:30:23.31+08:00","departmentIdList":"3,12,4,5,6,7,8,9,10,11,1,2","checkTe
Action.c(313):     rmianlState":false,"checkFilmState":false,"filmPrinterInfo":null,"reportPrintersInfo":[{"p
Action.c(313):     rinterID":"Lower","terminalID":null,"printerName":"Lower","printerModel":"Mono","statusCod
Action.c(313):     e":2,"statusDescription":"Error","reportDrawersInfo":[{"drawerName":null,"paperType":"Plai
Action.c(313):     n","paperSizeType":"A4","statusCode":3,"statusDescription":"Empty"},{"drawerName":null,"pa
Action.c(313):     perType":"Plain","paperSizeType":"A4","statusCode":0,"statusDescription":"Normal"}],"print
Action.c(313):     erType":0,"blackInkLevel":71,"cyanInkLevel":0,"magentaInkLevel":0,"yellowInkLevel":0,"erro
Action.c(313):     rCode":"80804008","errorDescription":null,"statusTime":"2018-09-21T01:29:34.847+08:00"},{"
Action.c(313):     printerID":"Upper","terminalID":null,"printerName":"Upper","printerModel":"Color","statusC
Action.c(313):     ode":2,"statusDescription":"Error","reportDrawersInfo":[{"drawerName":null,"paperType":"Pl
Action.c(313):     ain","paperSizeType":"A5","statusCode":3,"statusDescription":"Empty"},{"drawerName":null,"
Action.c(313):     paperType":"Plain","paperSizeType":"A4","statusCode":0,"statusDescription":"Normal"}],"pri
Action.c(313):     nterType":1,"blackInkLevel":94,"cyanInkLevel":0,"magentaInkLevel":0,"yellowInkLevel":0,"er
Action.c(313):     rorCode":"80804008","errorDescription":null,"statusTime":"2018-09-21T01:29:39.867+08:00"}]
Action.c(313):     ,"errorCode":"80005018","errorDescription":null,"terminalType":2,"terminalEnabledFlag":1,"
Action.c(313):     isFollowed":false},{"terminalID":"Terminal41","terminalName":"Terminal41","terminalIP":"10
Action.c(313):     .184.129.41","terminalDescription":null,"terminalStatus":1,"terminalStatusLevel":"Error","
Action.c(313):     terminalStatusDescription":null,"terminalStatusTime":"2018-09-21T01:31:52.95+08:00","depar
Action.c(313):     tmentIdList":"3,12,4,5,6,7,8,9,10,11,1,2","checkTermianlState":false,"checkFilmState":fals
Action.c(313):     e,"filmPrinterInfo":null,"reportPrintersInfo":[{"printerID":"Lower","terminalID":null,"pri
Action.c(313):     nterName":"Lower","printerModel":"Mono","statusCode":2,"statusDescription":"Error","report
Action.c(313):     DrawersInfo":[{"drawerName":null,"paperType":"Plain","paperSizeType":"A4","statusCode":3,"
Action.c(313):     statusDescription":"Empty"},{"drawerName":null,"paperType":"Plain","paperSizeType":"A4","s
Action.c(313):     tatusCode":0,"statusDescription":"Normal"}],"printerType":0,"blackInkLevel":71,"cyanInkLev
Action.c(313):     el":0,"magentaInkLevel":0,"yellowInkLevel":0,"errorCode":"80804008","errorDescription":nul
Action.c(313):     l,"statusTime":"2018-09-21T01:31:04.513+08:00"},{"printerID":"Upper","terminalID":null,"pr
Action.c(313):     interName":"Upper","printerModel":"Color","statusCode":2,"statusDescription":"Error","repo
Action.c(313):     rtDrawersInfo":[{"drawerName":null,"paperType":"Plain","paperSizeType":"A5","statusCode":3
Action.c(313):     ,"statusDescription":"Empty"},{"drawerName":null,"paperType":"Plain","paperSizeType":"A4",
Action.c(313):     "statusCode":0,"statusDescription":"Normal"}],"printerType":1,"blackInkLevel":94,"cyanInkL
Action.c(313):     evel":0,"magentaInkLevel":0,"yellowInkLevel":0,"errorCode":"80804008","errorDescription":n
Action.c(313):     ull,"statusTime":"2018-09-21T01:31:09.54+08:00"}],"errorCode":"80005018","errorDescription
Action.c(313):     ":null,"terminalType":2,"terminalEnabledFlag":1,"isFollowed":false},{"terminalID":"Termina
Action.c(313):     l42","terminalName":"Terminal42","terminalIP":"10.184.129.42","terminalDescription":null,"
Action.c(313):     terminalStatus":1,"terminalStatusLevel":"Error","terminalStatusDescription":null,"terminal
Action.c(313):     StatusTime":"2018-09-21T01:34:23.613+08:00","departmentIdList":"3,12,4,5,6,7,8,9,10,11,1,2
Action.c(313):     ","checkTermianlState":false,"checkFilmState":false,"filmPrinterInfo":null,"reportPrinters
Action.c(313):     Info":[{"printerID":"Lower","terminalID":null,"printerName":"Lower","printerModel":"Mono",
Action.c(313):     "statusCode":2,"statusDescription":"Error","reportDrawersInfo":[{"drawerName":null,"paperT
Action.c(313):     ype":"Plain","paperSizeType":"A4","statusCode":3,"statusDescription":"Empty"},{"drawerName
Action.c(313):     ":null,"paperType":"Plain","paperSizeType":"A4","statusCode":0,"statusDescription":"Normal
Action.c(313):     "}],"printerType":0,"blackInkLevel":71,"cyanInkLevel":0,"magentaInkLevel":0,"yellowInkLeve
Action.c(313):     l":0,"errorCode":"80804008","errorDescription":null,"statusTime":"2018-09-21T01:33:35.083+
Action.c(313):     08:00"},{"printerID":"Upper","terminalID":null,"printerName":"Upper","printerModel":"Color
Action.c(313):     ","statusCode":2,"statusDescription":"Error","reportDrawersI
Action.c(313): t=184644ms: 4380-byte response body for "http://10.184.129.108/webapi/api/terminalmonitoring?userId=19" (RelFrameId=1, Internal ID=48)
Action.c(313):     nfo":[{"drawerName":null,"paperType":"Plain","paperSizeType":"A5","statusCode":3,"statusDe
Action.c(313):     scription":"Empty"},{"drawerName":null,"paperType":"Plain","paperSizeType":"A4","statusCod
Action.c(313):     e":0,"statusDescription":"Normal"}],"printerType":1,"blackInkLevel":94,"cyanInkLevel":0,"m
Action.c(313):     agentaInkLevel":0,"yellowInkLevel":0,"errorCode":"80804008","errorDescription":null,"statu
Action.c(313):     sTime":"2018-09-21T01:33:40.113+08:00"}],"errorCode":"80005018","errorDescription":null,"t
Action.c(313):     erminalType":2,"terminalEnabledFlag":1,"isFollowed":false},{"terminalID":"Terminal43","ter
Action.c(313):     minalName":"Terminal43","terminalIP":"10.184.129.43","terminalDescription":null,"terminalS
Action.c(313):     tatus":0,"terminalStatusLevel":"Normal","terminalStatusDescription":null,"terminalStatusTi
Action.c(313):     me":"2018-09-21T15:39:50.617+08:00","departmentIdList":"3,12,4,5,6,7,8,9,10,11,1,2","check
Action.c(313):     TermianlState":false,"checkFilmState":false,"filmPrinterInfo":null,"reportPrintersInfo":[{
Action.c(313):     "printerID":"Lower","terminalID":null,"printerName":"Lower","printerModel":"Mono","statusC
Action.c(313):     ode":0,"statusDescription":"Normal","reportDrawersInfo":[{"drawerName":null,"paperType":"P
Action.c(313):     lain","paperSizeType":"A4","statusCode":3,"statusDescription":"Empty"},{"drawerName":null,
Action.c(313):     "paperType":"Plain","paperSizeType":"A4","statusCode":0,"statusDescription":"Normal"}],"pr
Action.c(313):     interType":0,"blackInkLevel":71,"cyanInkLevel":0,"magentaInkLevel":0,"yellowInkLevel":0,"e
Action.c(313):     rrorCode":"","errorDescription":null,"statusTime":"2018-09-21T15:39:31.957+08:00"},{"print
Action.c(313):     erID":"Upper","terminalID":null,"printerName":"Upper","printerModel":"Color","statusCode":
Action.c(313):     0,"statusDescription":"Normal","reportDrawersInfo":[{"drawerName":null,"paperType":"Plain"
Action.c(313):     ,"paperSizeType":"A5","statusCode":3,"statusDescription":"Empty"},{"drawerName":null,"pape
Action.c(313):     rType":"Plain","paperSizeType":"A4","statusCode":0,"statusDescription":"Normal"}],"printer
Action.c(313):     Type":1,"blackInkLevel":94,"cyanInkLevel":0,"magentaInkLevel":0,"yellowInkLevel":0,"errorC
Action.c(313):     ode":"","errorDescription":null,"statusTime":"2018-09-21T15:39:37.017+08:00"}],"errorCode"
Action.c(313):     :null,"errorDescription":null,"terminalType":2,"terminalEnabledFlag":1,"isFollowed":false}
Action.c(313):     ,{"terminalID":"Terminal44","terminalName":"Terminal44","terminalIP":"10.184.129.44","term
Action.c(313):     inalDescription":null,"terminalStatus":1,"terminalStatusLevel":"Error","terminalStatusDesc
Action.c(313):     ription":null,"terminalStatusTime":"2018-09-21T01:36:38.98+08:00","departmentIdList":"3,12
Action.c(313):     ,4,5,6,7,8,9,10,11,1,2","checkTermianlState":false,"checkFilmState":false,"filmPrinterInfo
Action.c(313):     ":null,"reportPrintersInfo":[{"printerID":"Lower","terminalID":null,"printerName":"Lower",
Action.c(313):     "printerModel":"Mono","statusCode":2,"statusDescription":"Error","reportDrawersInfo":[{"dr
Action.c(313):     awerName":null,"paperType":"Plain","paperSizeType":"A4","statusCode":3,"statusDescription"
Action.c(313):     :"Empty"},{"drawerName":null,"paperType":"Plain","paperSizeType":"A4","statusCode":0,"stat
Action.c(313):     usDescription":"Normal"}],"printerType":0,"blackInkLevel":71,"cyanInkLevel":0,"magentaInkL
Action.c(313):     evel":0,"yellowInkLevel":0,"errorCode":"80804008","errorDescription":null,"statusTime":"20
Action.c(313):     18-09-21T01:36:23.937+08:00"},{"printerID":"Upper","terminalID":null,"printerName":"Upper"
Action.c(313):     ,"printerModel":"Color","statusCode":2,"statusDescription":"Error","reportDrawersInfo":[{"
Action.c(313):     drawerName":null,"paperType":"Plain","paperSizeType":"A5","statusCode":3,"statusDescriptio
Action.c(313):     n":"Empty"},{"drawerName":null,"paperType":"Plain","paperSizeType":"A4","statusCode":0,"st
Action.c(313):     atusDescription":"Normal"}],"printerType":1,"blackInkLevel":94,"cyanInkLevel":0,"magentaIn
Action.c(313):     kLevel":0,"yellowInkLevel":0,"errorCode":"80804008","errorDescription":null,"statusTime":"
Action.c(313):     2018-09-21T01:36:28.937+08:00"}],"errorCode":"80005018","errorDescription":null,"terminalT
Action.c(313):     ype":2,"terminalEnabledFlag":1,"isFollowed":false},{"terminalID":"Terminal45","terminalNam
Action.c(313):     e":"Terminal45","terminalIP":"10.184.129.45","terminalDescription":null,"terminalStatus":1
Action.c(313):     ,"terminalStatusLevel":"Error","terminalStatusDescription":null,"terminalStatusTime":"2018
Action.c(313):     -09-21T01:30:33.76+08:00","departmentIdList":"3,12,4,5,6,7,8,9,10,11,1,2","checkTermianlSt
Action.c(313):     ate":false,"checkFilmState":false,"filmPrinterInfo":null,"reportPrintersInfo":[{"printerID
Action.c(313):     ":"Lower","terminalID":null,"printerName":"Lower","printerModel":"Mono","statusCode":2,"st
Action.c(313):     atusDescription":"Error","reportDrawersInfo":[{"drawerName":null,"paperType":"Plain","pape
Action.c(313):     rSizeType":"A4","statusCode":3,"statusDescription":"Empty"},{"drawerName":null,"paperType"
Action.c(313):     :"Plain","paperSizeType":"A4","statusCode":0,"statusDescript
Action.c(313): t=184645ms: 4380-byte response body for "http://10.184.129.108/webapi/api/terminalmonitoring?userId=19" (RelFrameId=1, Internal ID=48)
Action.c(313):     ion":"Normal"}],"printerType":0,"blackInkLevel":71,"cyanInkLevel":0,"magentaInkLevel":0,"y
Action.c(313):     ellowInkLevel":0,"errorCode":"80804008","errorDescription":null,"statusTime":"2018-09-21T0
Action.c(313):     1:29:45.27+08:00"},{"printerID":"Upper","terminalID":null,"printerName":"Upper","printerMo
Action.c(313):     del":"Color","statusCode":2,"statusDescription":"Error","reportDrawersInfo":[{"drawerName"
Action.c(313):     :null,"paperType":"Plain","paperSizeType":"A5","statusCode":3,"statusDescription":"Empty"}
Action.c(313):     ,{"drawerName":null,"paperType":"Plain","paperSizeType":"A4","statusCode":0,"statusDescrip
Action.c(313):     tion":"Normal"}],"printerType":1,"blackInkLevel":94,"cyanInkLevel":0,"magentaInkLevel":0,"
Action.c(313):     yellowInkLevel":0,"errorCode":"80804008","errorDescription":null,"statusTime":"2018-09-21T
Action.c(313):     01:29:50.293+08:00"}],"errorCode":"80005018","errorDescription":null,"terminalType":2,"ter
Action.c(313):     minalEnabledFlag":1,"isFollowed":false},{"terminalID":"Terminal46","terminalName":"Termina
Action.c(313):     l46","terminalIP":"10.184.129.46","terminalDescription":null,"terminalStatus":1,"terminalS
Action.c(313):     tatusLevel":"Error","terminalStatusDescription":null,"terminalStatusTime":"2018-09-21T01:3
Action.c(313):     1:43.873+08:00","departmentIdList":"3,12,4,5,6,7,8,9,10,11,1,2","checkTermianlState":false
Action.c(313):     ,"checkFilmState":false,"filmPrinterInfo":null,"reportPrintersInfo":[{"printerID":"Lower",
Action.c(313):     "terminalID":null,"printerName":"Lower","printerModel":"Mono","statusCode":2,"statusDescri
Action.c(313):     ption":"Error","reportDrawersInfo":[{"drawerName":null,"paperType":"Plain","paperSizeType"
Action.c(313):     :"A4","statusCode":3,"statusDescription":"Empty"},{"drawerName":null,"paperType":"Plain","
Action.c(313):     paperSizeType":"A4","statusCode":0,"statusDescription":"Normal"}],"printerType":0,"blackIn
Action.c(313):     kLevel":71,"cyanInkLevel":0,"magentaInkLevel":0,"yellowInkLevel":0,"errorCode":"80804008",
Action.c(313):     "errorDescription":null,"statusTime":"2018-09-21T01:30:55.113+08:00"},{"printerID":"Upper"
Action.c(313):     ,"terminalID":null,"printerName":"Upper","printerModel":"Color","statusCode":2,"statusDesc
Action.c(313):     ription":"Error","reportDrawersInfo":[{"drawerName":null,"paperType":"Plain","paperSizeTyp
Action.c(313):     e":"A5","statusCode":3,"statusDescription":"Empty"},{"drawerName":null,"paperType":"Plain"
Action.c(313):     ,"paperSizeType":"A4","statusCode":0,"statusDescription":"Normal"}],"printerType":1,"black
Action.c(313):     InkLevel":94,"cyanInkLevel":0,"magentaInkLevel":0,"yellowInkLevel":0,"errorCode":"80804008
Action.c(313):     ","errorDescription":null,"statusTime":"2018-09-21T01:31:00.157+08:00"}],"errorCode":"8000
Action.c(313):     5018","errorDescription":null,"terminalType":2,"terminalEnabledFlag":1,"isFollowed":false}
Action.c(313):     ,{"terminalID":"Terminal47","terminalName":"Terminal47","terminalIP":"10.184.129.47","term
Action.c(313):     inalDescription":null,"terminalStatus":1,"terminalStatusLevel":"Error","terminalStatusDesc
Action.c(313):     ription":null,"terminalStatusTime":"2018-09-21T01:32:59.037+08:00","departmentIdList":"3,1
Action.c(313):     2,4,5,6,7,8,9,10,11,1,2","checkTermianlState":false,"checkFilmState":false,"filmPrinterInf
Action.c(313):     o":null,"reportPrintersInfo":[{"printerID":"Lower","terminalID":null,"printerName":"Lower"
Action.c(313):     ,"printerModel":"Mono","statusCode":2,"statusDescription":"Error","reportDrawersInfo":[{"d
Action.c(313):     rawerName":null,"paperType":"Plain","paperSizeType":"A4","statusCode":3,"statusDescription
Action.c(313):     ":"Empty"},{"drawerName":null,"paperType":"Plain","paperSizeType":"A4","statusCode":0,"sta
Action.c(313):     tusDescription":"Normal"}],"printerType":0,"blackInkLevel":71,"cyanInkLevel":0,"magentaInk
Action.c(313):     Level":0,"yellowInkLevel":0,"errorCode":"80804008","errorDescription":null,"statusTime":"2
Action.c(313):     018-09-21T01:32:10.58+08:00"},{"printerID":"Upper","terminalID":null,"printerName":"Upper"
Action.c(313):     ,"printerModel":"Color","statusCode":2,"statusDescription":"Error","reportDrawersInfo":[{"
Action.c(313):     drawerName":null,"paperType":"Plain","paperSizeType":"A5","statusCode":3,"statusDescriptio
Action.c(313):     n":"Empty"},{"drawerName":null,"paperType":"Plain","paperSizeType":"A4","statusCode":0,"st
Action.c(313):     atusDescription":"Normal"}],"printerType":1,"blackInkLevel":94,"cyanInkLevel":0,"magentaIn
Action.c(313):     kLevel":0,"yellowInkLevel":0,"errorCode":"80804008","errorDescription":null,"statusTime":"
Action.c(313):     2018-09-21T01:32:15.623+08:00"}],"errorCode":"80005018","errorDescription":null,"terminalT
Action.c(313):     ype":2,"terminalEnabledFlag":1,"isFollowed":false},{"terminalID":"Terminal48","terminalNam
Action.c(313):     e":"Terminal48","terminalIP":"10.184.129.48","terminalDescription":null,"terminalStatus":1
Action.c(313):     ,"terminalStatusLevel":"Error","terminalStatusDescription":null,"terminalStatusTime":"2018
Action.c(313):     -09-21T01:32:46.417+08:00","departmentIdList":"3,12,4,5,6,7,8,9,10,11,1,2","checkTermianlS
Action.c(313):     tate":false,"checkFilmState":false,"filmPrinterInfo":null,"r
Action.c(313): t=184645ms: 4380-byte response body for "http://10.184.129.108/webapi/api/terminalmonitoring?userId=19" (RelFrameId=1, Internal ID=48)
Action.c(313):     eportPrintersInfo":[{"printerID":"Lower","terminalID":null,"printerName":"Lower","printerM
Action.c(313):     odel":"Mono","statusCode":2,"statusDescription":"Error","reportDrawersInfo":[{"drawerName"
Action.c(313):     :null,"paperType":"Plain","paperSizeType":"A4","statusCode":3,"statusDescription":"Empty"}
Action.c(313):     ,{"drawerName":null,"paperType":"Plain","paperSizeType":"A4","statusCode":0,"statusDescrip
Action.c(313):     tion":"Normal"}],"printerType":0,"blackInkLevel":71,"cyanInkLevel":0,"magentaInkLevel":0,"
Action.c(313):     yellowInkLevel":0,"errorCode":"80804008","errorDescription":null,"statusTime":"2018-09-21T
Action.c(313):     01:31:57.947+08:00"},{"printerID":"Upper","terminalID":null,"printerName":"Upper","printer
Action.c(313):     Model":"Color","statusCode":2,"statusDescription":"Error","reportDrawersInfo":[{"drawerNam
Action.c(313):     e":null,"paperType":"Plain","paperSizeType":"A5","statusCode":3,"statusDescription":"Empty
Action.c(313):     "},{"drawerName":null,"paperType":"Plain","paperSizeType":"A4","statusCode":0,"statusDescr
Action.c(313):     iption":"Normal"}],"printerType":1,"blackInkLevel":94,"cyanInkLevel":0,"magentaInkLevel":0
Action.c(313):     ,"yellowInkLevel":0,"errorCode":"80804008","errorDescription":null,"statusTime":"2018-09-2
Action.c(313):     1T01:32:02.98+08:00"}],"errorCode":"80005018","errorDescription":null,"terminalType":2,"te
Action.c(313):     rminalEnabledFlag":1,"isFollowed":false},{"terminalID":"Terminal49","terminalName":"Termin
Action.c(313):     al49","terminalIP":"10.184.129.49","terminalDescription":null,"terminalStatus":0,"terminal
Action.c(313):     StatusLevel":"Normal","terminalStatusDescription":null,"terminalStatusTime":"2018-09-21T15
Action.c(313):     :04:01.677+08:00","departmentIdList":"3,12,4,5,6,7,8,9,10,11,1,2","checkTermianlState":fal
Action.c(313):     se,"checkFilmState":false,"filmPrinterInfo":null,"reportPrintersInfo":[{"printerID":"Lower
Action.c(313):     ","terminalID":null,"printerName":"Lower","printerModel":"Mono","statusCode":0,"statusDesc
Action.c(313):     ription":"Normal","reportDrawersInfo":[{"drawerName":null,"paperType":"Plain","paperSizeTy
Action.c(313):     pe":"A4","statusCode":3,"statusDescription":"Empty"},{"drawerName":null,"paperType":"Plain
Action.c(313):     ","paperSizeType":"A4","statusCode":0,"statusDescription":"Normal"}],"printerType":0,"blac
Action.c(313):     kInkLevel":71,"cyanInkLevel":0,"magentaInkLevel":0,"yellowInkLevel":0,"errorCode":"","erro
Action.c(313):     rDescription":null,"statusTime":"2018-09-21T15:03:46.867+08:00"},{"printerID":"Upper","ter
Action.c(313):     minalID":null,"printerName":"Upper","printerModel":"Color","statusCode":0,"statusDescripti
Action.c(313):     on":"Normal","reportDrawersInfo":[{"drawerName":null,"paperType":"Plain","paperSizeType":"
Action.c(313):     A5","statusCode":3,"statusDescription":"Empty"},{"drawerName":null,"paperType":"Plain","pa
Action.c(313):     perSizeType":"A4","statusCode":0,"statusDescription":"Normal"}],"printerType":1,"blackInkL
Action.c(313):     evel":94,"cyanInkLevel":0,"magentaInkLevel":0,"yellowInkLevel":0,"errorCode":"","errorDesc
Action.c(313):     ription":null,"statusTime":"2018-09-21T15:03:52.673+08:00"}],"errorCode":null,"errorDescri
Action.c(313):     ption":null,"terminalType":2,"terminalEnabledFlag":1,"isFollowed":false},{"terminalID":"Te
Action.c(313):     rminal5","terminalName":"Terminal5","terminalIP":"10.184.129.5","terminalDescription":null
Action.c(313):     ,"terminalStatus":1,"terminalStatusLevel":"Error","terminalStatusDescription":null,"termin
Action.c(313):     alStatusTime":"2018-09-21T01:35:25.483+08:00","departmentIdList":"3,12,4,5,6,7,8,9,10,11,1
Action.c(313):     ,2","checkTermianlState":false,"checkFilmState":false,"filmPrinterInfo":null,"reportPrinte
Action.c(313):     rsInfo":[{"printerID":"Lower","terminalID":null,"printerName":"Lower","printerModel":"Mono
Action.c(313):     ","statusCode":2,"statusDescription":"Error","reportDrawersInfo":[{"drawerName":null,"pape
Action.c(313):     rType":"Plain","paperSizeType":"A4","statusCode":3,"statusDescription":"Empty"},{"drawerNa
Action.c(313):     me":null,"paperType":"Plain","paperSizeType":"A4","statusCode":0,"statusDescription":"Norm
Action.c(313):     al"}],"printerType":0,"blackInkLevel":71,"cyanInkLevel":0,"magentaInkLevel":0,"yellowInkLe
Action.c(313):     vel":0,"errorCode":"80804008","errorDescription":null,"statusTime":"2018-09-21T01:34:36.95
Action.c(313):     +08:00"},{"printerID":"Upper","terminalID":null,"printerName":"Upper","printerModel":"Colo
Action.c(313):     r","statusCode":2,"statusDescription":"Error","reportDrawersInfo":[{"drawerName":null,"pap
Action.c(313):     erType":"Plain","paperSizeType":"A5","statusCode":3,"statusDescription":"Empty"},{"drawerN
Action.c(313):     ame":null,"paperType":"Plain","paperSizeType":"A4","statusCode":0,"statusDescription":"Nor
Action.c(313):     mal"}],"printerType":1,"blackInkLevel":94,"cyanInkLevel":0,"magentaInkLevel":0,"yellowInkL
Action.c(313):     evel":0,"errorCode":"80804008","errorDescription":null,"statusTime":"2018-09-21T01:34:41.9
Action.c(313):     63+08:00"}],"errorCode":"80005018","errorDescription":null,"terminalType":2,"terminalEnabl
Action.c(313):     edFlag":1,"isFollowed":false},{"terminalID":"Terminal50","te
Action.c(313): t=184645ms: 5840-byte response body for "http://10.184.129.108/webapi/api/terminalmonitoring?userId=19" (RelFrameId=1, Internal ID=48)
Action.c(313):     rminalName":"Terminal50","terminalIP":"10.184.129.50","terminalDescription":null,"terminal
Action.c(313):     Status":1,"terminalStatusLevel":"Error","terminalStatusDescription":null,"terminalStatusTi
Action.c(313):     me":"2018-09-21T01:36:19.987+08:00","departmentIdList":"3,12,4,5,6,7,8,9,10,11,1,2","check
Action.c(313):     TermianlState":false,"checkFilmState":false,"filmPrinterInfo":null,"reportPrintersInfo":[{
Action.c(313):     "printerID":"Lower","terminalID":null,"printerName":"Lower","printerModel":"Mono","statusC
Action.c(313):     ode":2,"statusDescription":"Error","reportDrawersInfo":[{"drawerName":null,"paperType":"Pl
Action.c(313):     ain","paperSizeType":"A4","statusCode":3,"statusDescription":"Empty"},{"drawerName":null,"
Action.c(313):     paperType":"Plain","paperSizeType":"A4","statusCode":0,"statusDescription":"Normal"}],"pri
Action.c(313):     nterType":0,"blackInkLevel":71,"cyanInkLevel":0,"magentaInkLevel":0,"yellowInkLevel":0,"er
Action.c(313):     rorCode":"80804008","errorDescription":null,"statusTime":"2018-09-21T01:36:04.91+08:00"},{
Action.c(313):     "printerID":"Upper","terminalID":null,"printerName":"Upper","printerModel":"Color","status
Action.c(313):     Code":2,"statusDescription":"Error","reportDrawersInfo":[{"drawerName":null,"paperType":"P
Action.c(313):     lain","paperSizeType":"A5","statusCode":3,"statusDescription":"Empty"},{"drawerName":null,
Action.c(313):     "paperType":"Plain","paperSizeType":"A4","statusCode":0,"statusDescription":"Normal"}],"pr
Action.c(313):     interType":1,"blackInkLevel":94,"cyanInkLevel":0,"magentaInkLevel":0,"yellowInkLevel":0,"e
Action.c(313):     rrorCode":"80804008","errorDescription":null,"statusTime":"2018-09-21T01:36:09.937+08:00"}
Action.c(313):     ],"errorCode":"80005018","errorDescription":null,"terminalType":2,"terminalEnabledFlag":1,
Action.c(313):     "isFollowed":false},{"terminalID":"Terminal6","terminalName":"Terminal6","terminalIP":"10.
Action.c(313):     184.129.6","terminalDescription":null,"terminalStatus":1,"terminalStatusLevel":"Error","te
Action.c(313):     rminalStatusDescription":null,"terminalStatusTime":"2018-09-21T01:30:15.383+08:00","depart
Action.c(313):     mentIdList":"3,12,4,5,6,7,8,9,10,11,1,2","checkTermianlState":false,"checkFilmState":false
Action.c(313):     ,"filmPrinterInfo":null,"reportPrintersInfo":[{"printerID":"Lower","terminalID":null,"prin
Action.c(313):     terName":"Lower","printerModel":"Mono","statusCode":2,"statusDescription":"Error","reportD
Action.c(313):     rawersInfo":[{"drawerName":null,"paperType":"Plain","paperSizeType":"A4","statusCode":3,"s
Action.c(313):     tatusDescription":"Empty"},{"drawerName":null,"paperType":"Plain","paperSizeType":"A4","st
Action.c(313):     atusCode":0,"statusDescription":"Normal"}],"printerType":0,"blackInkLevel":71,"cyanInkLeve
Action.c(313):     l":0,"magentaInkLevel":0,"yellowInkLevel":0,"errorCode":"80804008","errorDescription":null
Action.c(313):     ,"statusTime":"2018-09-21T01:29:26.957+08:00"},{"printerID":"Upper","terminalID":null,"pri
Action.c(313):     nterName":"Upper","printerModel":"Color","statusCode":2,"statusDescription":"Error","repor
Action.c(313):     tDrawersInfo":[{"drawerName":null,"paperType":"Plain","paperSizeType":"A5","statusCode":3,
Action.c(313):     "statusDescription":"Empty"},{"drawerName":null,"paperType":"Plain","paperSizeType":"A4","
Action.c(313):     statusCode":0,"statusDescription":"Normal"}],"printerType":1,"blackInkLevel":94,"cyanInkLe
Action.c(313):     vel":0,"magentaInkLevel":0,"yellowInkLevel":0,"errorCode":"80804008","errorDescription":nu
Action.c(313):     ll,"statusTime":"2018-09-21T01:29:31.997+08:00"}],"errorCode":"80005018","errorDescription
Action.c(313):     ":null,"terminalType":2,"terminalEnabledFlag":1,"isFollowed":false},{"terminalID":"Termina
Action.c(313):     l7","terminalName":"Terminal7","terminalIP":"10.184.129.7","terminalDescription":null,"ter
Action.c(313):     minalStatus":1,"terminalStatusLevel":"Error","terminalStatusDescription":null,"terminalSta
Action.c(313):     tusTime":"2018-09-21T01:31:33.25+08:00","departmentIdList":"3,12,4,5,6,7,8,9,10,11,1,2","c
Action.c(313):     heckTermianlState":false,"checkFilmState":false,"filmPrinterInfo":null,"reportPrintersInfo
Action.c(313):     ":[{"printerID":"Lower","terminalID":null,"printerName":"Lower","printerModel":"Mono","sta
Action.c(313):     tusCode":2,"statusDescription":"Error","reportDrawersInfo":[{"drawerName":null,"paperType"
Action.c(313):     :"Plain","paperSizeType":"A4","statusCode":3,"statusDescription":"Empty"},{"drawerName":nu
Action.c(313):     ll,"paperType":"Plain","paperSizeType":"A4","statusCode":0,"statusDescription":"Normal"}],
Action.c(313):     "printerType":0,"blackInkLevel":71,"cyanInkLevel":0,"magentaInkLevel":0,"yellowInkLevel":0
Action.c(313):     ,"errorCode":"80804008","errorDescription":null,"statusTime":"2018-09-21T01:30:44.753+08:0
Action.c(313):     0"},{"printerID":"Upper","terminalID":null,"printerName":"Upper","printerModel":"Color","s
Action.c(313):     tatusCode":2,"statusDescription":"Error","reportDrawersInfo":[{"drawerName":null,"paperTyp
Action.c(313):     e":"Plain","paperSizeType":"A5","statusCode":3,"statusDescription":"Empty"},{"drawerName":
Action.c(313):     null,"paperType":"Plain","paperSizeType":"A4","statusCode":0,"statusDescription":"Normal"}
Action.c(313):     ],"printerType":1,"blackInkLevel":94,"cyanInkLevel":0,"magentaInkLevel":0,"yellowInkLevel"
Action.c(313):     :0,"errorCode":"80804008","errorDescription":null,"statusTime":"2018-09-21T01:30:49.753+08
Action.c(313):     :00"}],"errorCode":"80005018","errorDescription":null,"terminalType":2,"terminalEnabledFla
Action.c(313):     g":1,"isFollowed":false},{"terminalID":"Terminal8","terminalName":"Terminal8","terminalIP"
Action.c(313):     :"10.184.129.8","terminalDescription":null,"terminalStatus":1,"terminalStatusLevel":"Error
Action.c(313):     ","terminalStatusDescription":null,"terminalStatusTime":null,"departmentIdList":"3,12,4,5,
Action.c(313):     6,7,8,9,10,11,1,2","checkTermianlState":false,"checkFilmState":false,"filmPrinterInfo":nul
Action.c(313):     l,"reportPrintersInfo":[],"errorCode":"80005018","errorDescription":null,"terminalType":2,
Action.c(313):     "terminalEnabledFlag":1,"isFollowed":false},{"terminalID":"Terminal9","terminalName":"Term
Action.c(313):     inal9","terminalIP":"10.184.129.9","terminalDescription":null,"terminalStatus":1,"terminal
Action.c(313):     StatusLevel":"Error","terminalStatusDescription":null,"terminalStatusTime":null,"departmen
Action.c(313):     tIdList":"3,12,4,5,6,7,8,9,10,11,1,2","checkTermianlState":false,"checkFilmState":false,"f
Action.c(313):     ilmPrinterInfo":null,"reportPrintersInfo":[],"errorCode":"80005018","errorDescription":nul
Action.c(313):     l,"terminalType":2,"terminalEnabledFlag":1,"isFollowed":false},{"terminalID":"YF","termina
Action.c(313):     lName":"YF","terminalIP":"1.1.1.3","terminalDescription":"","terminalStatus":0,"terminalSt
Action.c(313):     atusLevel":"Normal","terminalStatusDescription":null,"terminalStatusTime":null,"
Action.c(313): t=184646ms: 1023-byte response body for "http://10.184.129.108/webapi/api/terminalmonitoring?userId=19" (RelFrameId=1, Internal ID=48)
Action.c(313):     departmentIdList":"3,12,4,5,6,7,8,9,10,11,1,2","checkTermianlState":false,"checkFilmState"
Action.c(313):     :false,"filmPrinterInfo":{"filmPrinterID":25,"filmPrinterName":null,"filmPrinterModel":"Un
Action.c(313):     known","filmPrinterPrintState":null,"filmDrawers":[{"mediaType":"Unknown","mediaSize":"Unk
Action.c(313):     nown","mediaStatusLevel":"Warning","totalFilmCount":125,"availableFilmCount":0,"availableP
Action.c(313):     ercentage":0},{"mediaType":"Unknown","mediaSize":"Unknown","mediaStatusLevel":"Warning","t
Action.c(313):     otalFilmCount":125,"availableFilmCount":0,"availablePercentage":0},{"mediaType":"Unknown",
Action.c(313):     "mediaSize":"Unknown","mediaStatusLevel":"Warning","totalFilmCount":125,"availableFilmCoun
Action.c(313):     t":0,"availablePercentage":0}],"filmPrinterStatus":8,"statusCode":null,"filmPrinterStatusL
Action.c(313):     evel":"Warning","statusDescription":null,"filmPrinterStatusTime":null,"errorCode":null,"er
Action.c(313):     rorDescription":null,"rawErrorCodes":null,"pmDate":null,"pmCount":null,"frCount":null},"re
Action.c(313):     portPrintersInfo":[],"errorCode":null,"errorDescription":null,"terminalType":1,"terminalEn
Action.c(313):     abledFlag":1,"isFollowed":false}]
Action.c(313): web_custom_request("terminalmonitoring") highest severity level was "warning", 89658 body bytes, 261 header bytes  	[MsgId: MMSG-26388]
Action.c(323): web_url("CheckLoginStatus_5") started  	[MsgId: MMSG-26355]
Action.c(323): t=184653ms: 251-byte response headers for "http://10.184.129.108/Platform/Account/CheckLoginStatus" (RelFrameId=1, Internal ID=49)
Action.c(323):     HTTP/1.1 200 OK\r\n
Action.c(323):     Cache-Control: private\r\n
Action.c(323):     Content-Type: application/json; charset=utf-8\r\n
Action.c(323):     Server: Microsoft-IIS/7.5\r\n
Action.c(323):     X-AspNetMvc-Version: 5.2\r\n
Action.c(323):     X-AspNet-Version: 4.0.30319\r\n
Action.c(323):     X-Powered-By: ASP.NET\r\n
Action.c(323):     Date: Fri, 21 Sep 2018 07:40:16 GMT\r\n
Action.c(323):     Content-Length: 4\r\n
Action.c(323):     \r\n
Action.c(323): t=184653ms: 4-byte response body for "http://10.184.129.108/Platform/Account/CheckLoginStatus" (RelFrameId=1, Internal ID=49)
Action.c(323):     true
Action.c(323): HTML parsing not performed for Content-Type "application/json" ("ParseHtmlContentType" Run-Time Setting is "TEXT"). URL="http://10.184.129.108/Platform/Account/CheckLoginStatus"  	[MsgId: MMSG-26548]
Action.c(323): web_url("CheckLoginStatus_5") was successful, 4 body bytes, 251 header bytes  	[MsgId: MMSG-26386]
Action.c(339): Notify: Transaction "User_login" ended with a "Pass" status (Duration: 0.4417 Wasted Time: 0.0005).	[MsgId: MMSG-16871]
Action.c(346): Notify: Parameter Substitution: parameter "SetStatusOfReportRand" =  "6"	[MsgId: MMSG-13992]
Action.c(386): Notify: Parameter Substitution: parameter "SetStatusOfReportRand" =  "5"	[MsgId: MMSG-13992]
Action.c(424): Notify: Parameter Substitution: parameter "SetStatusOfReportRand" =  "5"	[MsgId: MMSG-13992]
Action.c(463): Notify: Parameter Substitution: parameter "SetStatusOfReportRand" =  "4"	[MsgId: MMSG-13992]
Action.c(465): web_reg_save_param started  	[MsgId: MMSG-26355]
Action.c(465): Registering web_reg_save_param was successful  	[MsgId: MMSG-26390]
Action.c(470): Notify: Transaction "SetStatusOfReportWithExpand_unprinted" started.	[MsgId: MMSG-16999]
Action.c(472): web_custom_request("web_custom_request") started  	[MsgId: MMSG-26355]
Action.c(472): Notify: Parameter Substitution: parameter "ReportInstanceUID" =  "5f35849f-8ef9-4a86-bf80-84a4b8022d88"	[MsgId: MMSG-13992]
Action.c(472): t=185799ms: 259-byte response headers for "http://10.184.129.108/webapi/api/worklist/UpdateStatusByStudyInstanceUID" (RelFrameId=1, Internal ID=50)
Action.c(472):     HTTP/1.1 200 OK\r\n
Action.c(472):     Cache-Control: no-cache\r\n
Action.c(472):     Pragma: no-cache\r\n
Action.c(472):     Content-Type: application/json; charset=utf-8\r\n
Action.c(472):     Expires: -1\r\n
Action.c(472):     Server: Microsoft-IIS/7.5\r\n
Action.c(472):     X-AspNet-Version: 4.0.30319\r\n
Action.c(472):     X-Powered-By: ASP.NET\r\n
Action.c(472):     Date: Fri, 21 Sep 2018 07:40:18 GMT\r\n
Action.c(472):     Content-Length: 546\r\n
Action.c(472):     \r\n
Action.c(472): t=185799ms: 546-byte response body for "http://10.184.129.108/webapi/api/worklist/UpdateStatusByStudyInstanceUID" (RelFrameId=1, Internal ID=50)
Action.c(472):     {"isSucceed":true,"workItem":{"patientName":"CN20180912162739070","accessionNumber":"A2018
Action.c(472):     0912162739070","patientID":"P20180912162739070","studyDate":"2018-09-12","studyTime":"16:2
Action.c(472):     6:57","patientSex":"\xB7","patientType":"3","holdFlag":1,"printMode":3,"examName":null,"
Action.c(472):     bodayPart":null,"filmPrintStatus":-1,"filmPrintTime":null,"filmDeleteStatus":0,"imageCount
Action.c(472):     ":0,"reportStatus":2,"reportPrintStatus":0,"reportPrintTime":null,"reportCount":1,"modalit
Action.c(472):     y":"MR","deleteStatus":0,"completeStatus":null,"reportInfos":null,"filmInfos":null},"messa
Action.c(472):     ge":null}
Action.c(472): Notify: Saving Parameter "SetStatusOfReportWithExpand_unprinted = true".	[MsgId: MMSG-13798]
Action.c(472): HTML parsing not performed for Content-Type "application/json" ("ParseHtmlContentType" Run-Time Setting is "TEXT"). URL="http://10.184.129.108/webapi/api/worklist/UpdateStatusByStudyInstanceUID"  	[MsgId: MMSG-26548]
Action.c(472): web_custom_request("web_custom_request") was successful, 546 body bytes, 259 header bytes  	[MsgId: MMSG-26386]
Action.c(482): Notify: Transaction "SetStatusOfReportWithExpand_unprinted" ended with a "Pass" status (Duration: 1.1460 Wasted Time: 0.0000).	[MsgId: MMSG-16871]
Action.c(484): Notify: Parameter Substitution: parameter "SetStatusOfReportWithExpand_unprinted" =  "true"	[MsgId: MMSG-13992]
The result is:  true	[MsgId: MMSG-17999]
Action.c(486): Notify: Parameter Substitution: parameter "SetStatusOfReportWithExpand_unprinted" =  "true"	[MsgId: MMSG-13992]
Action.c(491): lr_think_time: 10.00 seconds.	[MsgId: MMSG-15948]
Action.c(494): web_url("CheckLoginStatus_25") started  	[MsgId: MMSG-26355]
Action.c(494): t=195808ms: 251-byte response headers for "http://10.184.129.108/Platform/Account/CheckLoginStatus" (RelFrameId=1, Internal ID=51)
Action.c(494):     HTTP/1.1 200 OK\r\n
Action.c(494):     Cache-Control: private\r\n
Action.c(494):     Content-Type: application/json; charset=utf-8\r\n
Action.c(494):     Server: Microsoft-IIS/7.5\r\n
Action.c(494):     X-AspNetMvc-Version: 5.2\r\n
Action.c(494):     X-AspNet-Version: 4.0.30319\r\n
Action.c(494):     X-Powered-By: ASP.NET\r\n
Action.c(494):     Date: Fri, 21 Sep 2018 07:40:27 GMT\r\n
Action.c(494):     Content-Length: 4\r\n
Action.c(494):     \r\n
Action.c(494): t=195808ms: 4-byte response body for "http://10.184.129.108/Platform/Account/CheckLoginStatus" (RelFrameId=1, Internal ID=51)
Action.c(494):     true
Action.c(494): HTML parsing not performed for Content-Type "application/json" ("ParseHtmlContentType" Run-Time Setting is "TEXT"). URL="http://10.184.129.108/Platform/Account/CheckLoginStatus"  	[MsgId: MMSG-26548]
Action.c(494): web_url("CheckLoginStatus_25") was successful, 4 body bytes, 251 header bytes  	[MsgId: MMSG-26386]
Action.c(504): Notify: Parameter Substitution: parameter "SetStatusOfReportRand" =  "4"	[MsgId: MMSG-13992]
Action.c(543): Notify: Parameter Substitution: parameter "SetStatusOfReportRand" =  "1"	[MsgId: MMSG-13992]
Action.c(582): lr_think_time: 10.00 seconds.	[MsgId: MMSG-15948]
Action.c(588): Notify: Parameter Substitution: parameter "SetStatusOfFilmRand" =  "6"	[MsgId: MMSG-13992]
Action.c(627): Notify: Parameter Substitution: parameter "SetStatusOfFilmRand" =  "5"	[MsgId: MMSG-13992]
Action.c(666): Notify: Parameter Substitution: parameter "SetStatusOfFilmRand" =  "2"	[MsgId: MMSG-13992]
Action.c(705): Notify: Parameter Substitution: parameter "SetStatusOfFilmRand" =  "4"	[MsgId: MMSG-13992]
Action.c(707): web_reg_save_param started  	[MsgId: MMSG-26355]
Action.c(707): Registering web_reg_save_param was successful  	[MsgId: MMSG-26390]
Action.c(712): Notify: Transaction "SetStatusOfFilmWithExpand_unprinted" started.	[MsgId: MMSG-16999]
Action.c(714): web_custom_request("web_custom_request") started  	[MsgId: MMSG-26355]
Action.c(714): Notify: Parameter Substitution: parameter "FilmStatusChangedACC" =  "A20180912164851783"	[MsgId: MMSG-13992]
Action.c(714): t=236424ms: 259-byte response headers for "http://10.184.129.108/webapi/api/worklist/UpdateStatusByAccessionNumber" (RelFrameId=1, Internal ID=52)
Action.c(714):     HTTP/1.1 200 OK\r\n
Action.c(714):     Cache-Control: no-cache\r\n
Action.c(714):     Pragma: no-cache\r\n
Action.c(714):     Content-Type: application/json; charset=utf-8\r\n
Action.c(714):     Expires: -1\r\n
Action.c(714):     Server: Microsoft-IIS/7.5\r\n
Action.c(714):     X-AspNet-Version: 4.0.30319\r\n
Action.c(714):     X-Powered-By: ASP.NET\r\n
Action.c(714):     Date: Fri, 21 Sep 2018 07:41:08 GMT\r\n
Action.c(714):     Content-Length: 142\r\n
Action.c(714):     \r\n
Action.c(714): t=236424ms: 142-byte response body for "http://10.184.129.108/webapi/api/worklist/UpdateStatusByAccessionNumber" (RelFrameId=1, Internal ID=52)
Action.c(714):     {"isSucceed":false,"workItem":null,"message":"An error occurred while executing the comman
Action.c(714):     d definition. See the inner exception for details."}
Action.c(714): Notify: Saving Parameter "SetStatusOfFilmWithExpand_unprinted = false".	[MsgId: MMSG-13798]
Action.c(714): HTML parsing not performed for Content-Type "application/json" ("ParseHtmlContentType" Run-Time Setting is "TEXT"). URL="http://10.184.129.108/webapi/api/worklist/UpdateStatusByAccessionNumber"  	[MsgId: MMSG-26548]
Action.c(714): web_custom_request("web_custom_request") was successful, 142 body bytes, 259 header bytes  	[MsgId: MMSG-26386]
Action.c(724): Notify: Transaction "SetStatusOfFilmWithExpand_unprinted" ended with a "Pass" status (Duration: 30.6156 Wasted Time: 0.0000).	[MsgId: MMSG-16871]
Action.c(726): Notify: Parameter Substitution: parameter "SetStatusOfFilmWithExpand_unprinted" =  "false"	[MsgId: MMSG-13992]
The result is:  false	[MsgId: MMSG-17999]
Action.c(728): Notify: Parameter Substitution: parameter "SetStatusOfFilmWithExpand_unprinted" =  "false"	[MsgId: MMSG-13992]
Action.c(730): Error: SetStatusOfFilmWithExpand_unprinted fail	[MsgId: MERR-17999]
End auto log messages stack.	[MsgId: MMSG-10544]


