Start auto log messages stack - Iteration 2.	[MsgId: MMSG-10545]
Action.c(441): web_reg_save_param started  	[MsgId: MMSG-26355]
Action.c(441): Registering web_reg_save_param was successful  	[MsgId: MMSG-26390]
Action.c(446): Notify: Transaction "SetStatusOfReportWithExpand_unprinted" started.	[MsgId: MMSG-16999]
Action.c(448): web_custom_request("web_custom_request") started  	[MsgId: MMSG-26355]
Action.c(448): HTML parsing not performed for Content-Type "application/json" ("ParseHtmlContentType" Run-Time Setting is "TEXT"). URL="http://10.184.129.108/webapi/api/worklist/UpdateStatusByStudyInstanceUID"  	[MsgId: MMSG-26548]
Action.c(448): web_custom_request("web_custom_request") was successful, 130 body bytes, 259 header bytes  	[MsgId: MMSG-26386]
Action.c(458): Notify: Transaction "SetStatusOfReportWithExpand_unprinted" ended with a "Pass" status (Duration: 30.0815 Wasted Time: 0.0000).	[MsgId: MMSG-16871]
The result is:  false	[MsgId: MMSG-17999]
Action.c(464): Error: SetStatusOfReportWithExpand_unprinted fail	[MsgId: MERR-17999]
End auto log messages stack.	[MsgId: MMSG-10544]


Start auto log messages stack - Iteration 2.	[MsgId: MMSG-10545]
Action.c(482): web_reg_save_param started  	[MsgId: MMSG-26355]
Action.c(482): Registering web_reg_save_param was successful  	[MsgId: MMSG-26390]
Action.c(487): Notify: Transaction "SetStatusOfReportWithExpand_printed" started.	[MsgId: MMSG-16999]
Action.c(489): web_custom_request("web_custom_request") started  	[MsgId: MMSG-26355]
Action.c(489): HTML parsing not performed for Content-Type "application/json" ("ParseHtmlContentType" Run-Time Setting is "TEXT"). URL="http://10.184.129.108/webapi/api/worklist/UpdateStatusByStudyInstanceUID"  	[MsgId: MMSG-26548]
Action.c(489): web_custom_request("web_custom_request") was successful, 130 body bytes, 259 header bytes  	[MsgId: MMSG-26386]
Action.c(499): Notify: Transaction "SetStatusOfReportWithExpand_printed" ended with a "Pass" status (Duration: 30.0340 Wasted Time: 0.0000).	[MsgId: MMSG-16871]
The result is:  false	[MsgId: MMSG-17999]
Action.c(505): Error: SetStatusOfReportWithExpand_printed fail	[MsgId: MERR-17999]
End auto log messages stack.	[MsgId: MMSG-10544]


Start auto log messages stack - Iteration 2.	[MsgId: MMSG-10545]
Action.c(441): web_reg_save_param started  	[MsgId: MMSG-26355]
Action.c(441): Registering web_reg_save_param was successful  	[MsgId: MMSG-26390]
Action.c(446): Notify: Transaction "SetStatusOfReportWithExpand_unprinted" started.	[MsgId: MMSG-16999]
Action.c(448): web_custom_request("web_custom_request") started  	[MsgId: MMSG-26355]
Action.c(448): HTML parsing not performed for Content-Type "application/json" ("ParseHtmlContentType" Run-Time Setting is "TEXT"). URL="http://10.184.129.108/webapi/api/worklist/UpdateStatusByStudyInstanceUID"  	[MsgId: MMSG-26548]
Action.c(448): web_custom_request("web_custom_request") was successful, 130 body bytes, 259 header bytes  	[MsgId: MMSG-26386]
Action.c(458): Notify: Transaction "SetStatusOfReportWithExpand_unprinted" ended with a "Pass" status (Duration: 30.2035 Wasted Time: 0.0000).	[MsgId: MMSG-16871]
The result is:  false	[MsgId: MMSG-17999]
Action.c(464): Error: SetStatusOfReportWithExpand_unprinted fail	[MsgId: MERR-17999]
End auto log messages stack.	[MsgId: MMSG-10544]


Start auto log messages stack - Iteration 2.	[MsgId: MMSG-10545]
Action.c(482): web_reg_save_param started  	[MsgId: MMSG-26355]
Action.c(482): Registering web_reg_save_param was successful  	[MsgId: MMSG-26390]
Action.c(487): Notify: Transaction "SetStatusOfReportWithExpand_printed" started.	[MsgId: MMSG-16999]
Action.c(489): web_custom_request("web_custom_request") started  	[MsgId: MMSG-26355]
Action.c(489): HTML parsing not performed for Content-Type "application/json" ("ParseHtmlContentType" Run-Time Setting is "TEXT"). URL="http://10.184.129.108/webapi/api/worklist/UpdateStatusByStudyInstanceUID"  	[MsgId: MMSG-26548]
Action.c(489): web_custom_request("web_custom_request") was successful, 130 body bytes, 259 header bytes  	[MsgId: MMSG-26386]
Action.c(499): Notify: Transaction "SetStatusOfReportWithExpand_printed" ended with a "Pass" status (Duration: 30.1877 Wasted Time: 0.0000).	[MsgId: MMSG-16871]
The result is:  false	[MsgId: MMSG-17999]
Action.c(505): Error: SetStatusOfReportWithExpand_printed fail	[MsgId: MERR-17999]
End auto log messages stack.	[MsgId: MMSG-10544]


Start auto log messages stack - Iteration 3.	[MsgId: MMSG-10545]
Action.c(364): web_reg_save_param started  	[MsgId: MMSG-26355]
Action.c(364): Registering web_reg_save_param was successful  	[MsgId: MMSG-26390]
Action.c(368): Notify: Transaction "SetStatusOfReportWithoutExpand_printed" started.	[MsgId: MMSG-16999]
Action.c(370): web_custom_request("web_custom_request") started  	[MsgId: MMSG-26355]
Action.c(370): HTML parsing not performed for Content-Type "application/json" ("ParseHtmlContentType" Run-Time Setting is "TEXT"). URL="http://10.184.129.108/webapi/api/worklist/UpdateStatusByStudyInstanceUID"  	[MsgId: MMSG-26548]
Action.c(370): web_custom_request("web_custom_request") was successful, 130 body bytes, 259 header bytes  	[MsgId: MMSG-26386]
Action.c(380): Notify: Transaction "SetStatusOfReportWithoutExpand_printed" ended with a "Pass" status (Duration: 30.1703 Wasted Time: 0.0000).	[MsgId: MMSG-16871]
The result is:  false	[MsgId: MMSG-17999]
Action.c(386): Error: SetStatusOfReportWithoutExpand_printed fail	[MsgId: MERR-17999]
End auto log messages stack.	[MsgId: MMSG-10544]


Start auto log messages stack - Iteration 41.	[MsgId: MMSG-10545]
Action.c(482): web_reg_save_param started  	[MsgId: MMSG-26355]
Action.c(482): Registering web_reg_save_param was successful  	[MsgId: MMSG-26390]
Action.c(487): Notify: Transaction "SetStatusOfReportWithExpand_printed" started.	[MsgId: MMSG-16999]
Action.c(489): web_custom_request("web_custom_request") started  	[MsgId: MMSG-26355]
Action.c(489): HTML parsing not performed for Content-Type "application/json" ("ParseHtmlContentType" Run-Time Setting is "TEXT"). URL="http://10.184.129.108/webapi/api/worklist/UpdateStatusByStudyInstanceUID"  	[MsgId: MMSG-26548]
Action.c(489): web_custom_request("web_custom_request") was successful, 130 body bytes, 259 header bytes  	[MsgId: MMSG-26386]
Action.c(499): Notify: Transaction "SetStatusOfReportWithExpand_printed" ended with a "Pass" status (Duration: 30.2082 Wasted Time: 0.0000).	[MsgId: MMSG-16871]
The result is:  false	[MsgId: MMSG-17999]
Action.c(505): Error: SetStatusOfReportWithExpand_printed fail	[MsgId: MERR-17999]
End auto log messages stack.	[MsgId: MMSG-10544]


Start auto log messages stack - Iteration 41.	[MsgId: MMSG-10545]
Action.c(323): web_reg_save_param started  	[MsgId: MMSG-26355]
Action.c(323): Registering web_reg_save_param was successful  	[MsgId: MMSG-26390]
Action.c(329): Notify: Transaction "SetStatusOfReportWithoutExpand_unprinted" started.	[MsgId: MMSG-16999]
Action.c(331): web_custom_request("web_custom_request") started  	[MsgId: MMSG-26355]
Action.c(331): HTML parsing not performed for Content-Type "application/json" ("ParseHtmlContentType" Run-Time Setting is "TEXT"). URL="http://10.184.129.108/webapi/api/worklist/UpdateStatusByStudyInstanceUID"  	[MsgId: MMSG-26548]
Action.c(331): web_custom_request("web_custom_request") was successful, 130 body bytes, 259 header bytes  	[MsgId: MMSG-26386]
Action.c(342): Notify: Transaction "SetStatusOfReportWithoutExpand_unprinted" ended with a "Pass" status (Duration: 30.2007 Wasted Time: 0.0000).	[MsgId: MMSG-16871]
The result is:  false	[MsgId: MMSG-17999]
Action.c(348): Error: SetStatusOfReportWithoutExpand_unprinted fail	[MsgId: MERR-17999]
End auto log messages stack.	[MsgId: MMSG-10544]


Start auto log messages stack - Iteration 42.	[MsgId: MMSG-10545]
Action.c(402): web_reg_save_param started  	[MsgId: MMSG-26355]
Action.c(402): Registering web_reg_save_param was successful  	[MsgId: MMSG-26390]
Action.c(407): Notify: Transaction "SetStatusOfReportWithoutExpand_NOTprinted" started.	[MsgId: MMSG-16999]
Action.c(409): web_custom_request("web_custom_request") started  	[MsgId: MMSG-26355]
Action.c(409): HTML parsing not performed for Content-Type "application/json" ("ParseHtmlContentType" Run-Time Setting is "TEXT"). URL="http://10.184.129.108/webapi/api/worklist/UpdateStatusByStudyInstanceUID"  	[MsgId: MMSG-26548]
Action.c(409): web_custom_request("web_custom_request") was successful, 130 body bytes, 259 header bytes  	[MsgId: MMSG-26386]
Action.c(419): Notify: Transaction "SetStatusOfReportWithoutExpand_NOTprinted" ended with a "Pass" status (Duration: 30.0347 Wasted Time: 0.0000).	[MsgId: MMSG-16871]
The result is:  false	[MsgId: MMSG-17999]
Action.c(425): Error: SetStatusOfReportWithoutExpand_NOTprinted fail	[MsgId: MERR-17999]
End auto log messages stack.	[MsgId: MMSG-10544]


