Start auto log messages stack - Iteration 2.	[MsgId: MMSG-10545]
Action.c(441): web_reg_save_param started  	[MsgId: MMSG-26355]
Action.c(441): Registering web_reg_save_param was successful  	[MsgId: MMSG-26390]
Action.c(446): Notify: Transaction "SetStatusOfReportWithExpand_unprinted" started.	[MsgId: MMSG-16999]
Action.c(448): web_custom_request("web_custom_request") started  	[MsgId: MMSG-26355]
Action.c(448): HTML parsing not performed for Content-Type "application/json" ("ParseHtmlContentType" Run-Time Setting is "TEXT"). URL="http://10.184.129.108/webapi/api/worklist/UpdateStatusByStudyInstanceUID"  	[MsgId: MMSG-26548]
Action.c(448): web_custom_request("web_custom_request") was successful, 130 body bytes, 259 header bytes  	[MsgId: MMSG-26386]
Action.c(458): Notify: Transaction "SetStatusOfReportWithExpand_unprinted" ended with a "Pass" status (Duration: 30.1624 Wasted Time: 0.0000).	[MsgId: MMSG-16871]
The result is:  false	[MsgId: MMSG-17999]
Action.c(464): Error: SetStatusOfReportWithExpand_unprinted fail	[MsgId: MERR-17999]
End auto log messages stack.	[MsgId: MMSG-10544]


Start auto log messages stack - Iteration 2.	[MsgId: MMSG-10545]
Action.c(402): web_reg_save_param started  	[MsgId: MMSG-26355]
Action.c(402): Registering web_reg_save_param was successful  	[MsgId: MMSG-26390]
Action.c(407): Notify: Transaction "SetStatusOfReportWithoutExpand_NOTprinted" started.	[MsgId: MMSG-16999]
Action.c(409): web_custom_request("web_custom_request") started  	[MsgId: MMSG-26355]
Action.c(409): HTML parsing not performed for Content-Type "application/json" ("ParseHtmlContentType" Run-Time Setting is "TEXT"). URL="http://10.184.129.108/webapi/api/worklist/UpdateStatusByStudyInstanceUID"  	[MsgId: MMSG-26548]
Action.c(409): web_custom_request("web_custom_request") was successful, 130 body bytes, 259 header bytes  	[MsgId: MMSG-26386]
Action.c(419): Notify: Transaction "SetStatusOfReportWithoutExpand_NOTprinted" ended with a "Pass" status (Duration: 30.1112 Wasted Time: 0.0000).	[MsgId: MMSG-16871]
The result is:  false	[MsgId: MMSG-17999]
Action.c(425): Error: SetStatusOfReportWithoutExpand_NOTprinted fail	[MsgId: MERR-17999]
End auto log messages stack.	[MsgId: MMSG-10544]


Start auto log messages stack - Iteration 2.	[MsgId: MMSG-10545]
Action.c(402): web_reg_save_param started  	[MsgId: MMSG-26355]
Action.c(402): Registering web_reg_save_param was successful  	[MsgId: MMSG-26390]
Action.c(407): Notify: Transaction "SetStatusOfReportWithoutExpand_NOTprinted" started.	[MsgId: MMSG-16999]
Action.c(409): web_custom_request("web_custom_request") started  	[MsgId: MMSG-26355]
Action.c(409): HTML parsing not performed for Content-Type "application/json" ("ParseHtmlContentType" Run-Time Setting is "TEXT"). URL="http://10.184.129.108/webapi/api/worklist/UpdateStatusByStudyInstanceUID"  	[MsgId: MMSG-26548]
Action.c(409): web_custom_request("web_custom_request") was successful, 130 body bytes, 259 header bytes  	[MsgId: MMSG-26386]
Action.c(419): Notify: Transaction "SetStatusOfReportWithoutExpand_NOTprinted" ended with a "Pass" status (Duration: 30.2498 Wasted Time: 0.0000).	[MsgId: MMSG-16871]
The result is:  false	[MsgId: MMSG-17999]
Action.c(425): Error: SetStatusOfReportWithoutExpand_NOTprinted fail	[MsgId: MERR-17999]
End auto log messages stack.	[MsgId: MMSG-10544]


Start auto log messages stack - Iteration 10.	[MsgId: MMSG-10545]
Action.c(364): web_reg_save_param started  	[MsgId: MMSG-26355]
Action.c(364): Registering web_reg_save_param was successful  	[MsgId: MMSG-26390]
Action.c(368): Notify: Transaction "SetStatusOfReportWithoutExpand_printed" started.	[MsgId: MMSG-16999]
Action.c(370): web_custom_request("web_custom_request") started  	[MsgId: MMSG-26355]
Action.c(370): HTML parsing not performed for Content-Type "application/json" ("ParseHtmlContentType" Run-Time Setting is "TEXT"). URL="http://10.184.129.108/webapi/api/worklist/UpdateStatusByStudyInstanceUID"  	[MsgId: MMSG-26548]
Action.c(370): web_custom_request("web_custom_request") was successful, 130 body bytes, 259 header bytes  	[MsgId: MMSG-26386]
Action.c(380): Notify: Transaction "SetStatusOfReportWithoutExpand_printed" ended with a "Pass" status (Duration: 30.2167 Wasted Time: 0.0000).	[MsgId: MMSG-16871]
The result is:  false	[MsgId: MMSG-17999]
Action.c(386): Error: SetStatusOfReportWithoutExpand_printed fail	[MsgId: MERR-17999]
End auto log messages stack.	[MsgId: MMSG-10544]


Start auto log messages stack - Iteration 15.	[MsgId: MMSG-10545]
Action.c(323): web_reg_save_param started  	[MsgId: MMSG-26355]
Action.c(323): Registering web_reg_save_param was successful  	[MsgId: MMSG-26390]
Action.c(329): Notify: Transaction "SetStatusOfReportWithoutExpand_unprinted" started.	[MsgId: MMSG-16999]
Action.c(331): web_custom_request("web_custom_request") started  	[MsgId: MMSG-26355]
Action.c(331): HTML parsing not performed for Content-Type "application/json" ("ParseHtmlContentType" Run-Time Setting is "TEXT"). URL="http://10.184.129.108/webapi/api/worklist/UpdateStatusByStudyInstanceUID"  	[MsgId: MMSG-26548]
Action.c(331): web_custom_request("web_custom_request") was successful, 130 body bytes, 259 header bytes  	[MsgId: MMSG-26386]
Action.c(342): Notify: Transaction "SetStatusOfReportWithoutExpand_unprinted" ended with a "Pass" status (Duration: 30.1697 Wasted Time: 0.0000).	[MsgId: MMSG-16871]
The result is:  false	[MsgId: MMSG-17999]
Action.c(348): Error: SetStatusOfReportWithoutExpand_unprinted fail	[MsgId: MERR-17999]
End auto log messages stack.	[MsgId: MMSG-10544]


Start auto log messages stack - Iteration 16.	[MsgId: MMSG-10545]
Action.c(402): web_reg_save_param started  	[MsgId: MMSG-26355]
Action.c(402): Registering web_reg_save_param was successful  	[MsgId: MMSG-26390]
Action.c(407): Notify: Transaction "SetStatusOfReportWithoutExpand_NOTprinted" started.	[MsgId: MMSG-16999]
Action.c(409): web_custom_request("web_custom_request") started  	[MsgId: MMSG-26355]
Action.c(409): HTML parsing not performed for Content-Type "application/json" ("ParseHtmlContentType" Run-Time Setting is "TEXT"). URL="http://10.184.129.108/webapi/api/worklist/UpdateStatusByStudyInstanceUID"  	[MsgId: MMSG-26548]
Action.c(409): web_custom_request("web_custom_request") was successful, 130 body bytes, 259 header bytes  	[MsgId: MMSG-26386]
Action.c(419): Notify: Transaction "SetStatusOfReportWithoutExpand_NOTprinted" ended with a "Pass" status (Duration: 30.1696 Wasted Time: 0.0000).	[MsgId: MMSG-16871]
The result is:  false	[MsgId: MMSG-17999]
Action.c(425): Error: SetStatusOfReportWithoutExpand_NOTprinted fail	[MsgId: MERR-17999]
End auto log messages stack.	[MsgId: MMSG-10544]


Start auto log messages stack - Iteration 18.	[MsgId: MMSG-10545]
Action.c(441): web_reg_save_param started  	[MsgId: MMSG-26355]
Action.c(441): Registering web_reg_save_param was successful  	[MsgId: MMSG-26390]
Action.c(446): Notify: Transaction "SetStatusOfReportWithExpand_unprinted" started.	[MsgId: MMSG-16999]
Action.c(448): web_custom_request("web_custom_request") started  	[MsgId: MMSG-26355]
Action.c(448): HTML parsing not performed for Content-Type "application/json" ("ParseHtmlContentType" Run-Time Setting is "TEXT"). URL="http://10.184.129.108/webapi/api/worklist/UpdateStatusByStudyInstanceUID"  	[MsgId: MMSG-26548]
Action.c(448): web_custom_request("web_custom_request") was successful, 130 body bytes, 259 header bytes  	[MsgId: MMSG-26386]
Action.c(458): Notify: Transaction "SetStatusOfReportWithExpand_unprinted" ended with a "Pass" status (Duration: 30.3197 Wasted Time: 0.0000).	[MsgId: MMSG-16871]
The result is:  false	[MsgId: MMSG-17999]
Action.c(464): Error: SetStatusOfReportWithExpand_unprinted fail	[MsgId: MERR-17999]
End auto log messages stack.	[MsgId: MMSG-10544]


Start auto log messages stack - Iteration 25.	[MsgId: MMSG-10545]
Action.c(213): web_url("CheckLoginStatusByUser") started  	[MsgId: MMSG-26355]
Action.c(213): HTML parsing not performed for Content-Type "application/json" ("ParseHtmlContentType" Run-Time Setting is "TEXT"). URL="http://10.184.129.108/Platform/Account/CheckLoginStatus"  	[MsgId: MMSG-26548]
Action.c(213): web_url("CheckLoginStatusByUser") was successful, 4 body bytes, 251 header bytes  	[MsgId: MMSG-26386]
User Login website successfully: HTTP/1.1 200 OK
Cache-Control: private
Content-Type: application/json; charset=utf-8
Server: Microsoft-IIS/7.5
X-AspNetMvc-Version: 5.2
X-AspNet-Version: 4.0.30319
X-Powered-By: ASP.NET
Date: Wed, 13 Jun 2018 10:25:19 GMT
Content-Length: 4

true	[MsgId: MMSG-17999]
Action.c(238): web_url("tableRowsPerPage") started  	[MsgId: MMSG-26355]
Action.c(238): Continuing after Error -26612: HTTP Status-Code=500 (NullReferenceException) for "http://10.184.129.108/webapi/api/tableRowsPerPage"  	[MsgId: MERR-26612]
End auto log messages stack.	[MsgId: MMSG-10544]


Start auto log messages stack - Iteration 25.	[MsgId: MMSG-10545]
Action.c(238): web_url("tableRowsPerPage") highest severity level was "continue on error", 99 body bytes, 278 header bytes  	[MsgId: MMSG-26388]
Action.c(238): Continuing after error in Vuser script.	[MsgId: MMSG-10678]
Action.c(246): web_url("worklistcolumns") started  	[MsgId: MMSG-26355]
Action.c(246): Continuing after Error -26612: HTTP Status-Code=500 (NullReferenceException) for "http://10.184.129.108/webapi/api/worklist/worklistcolumns"  	[MsgId: MERR-26612]
End auto log messages stack.	[MsgId: MMSG-10544]


Start auto log messages stack - Iteration 25.	[MsgId: MMSG-10545]
Action.c(441): web_reg_save_param started  	[MsgId: MMSG-26355]
Action.c(441): Registering web_reg_save_param was successful  	[MsgId: MMSG-26390]
Action.c(446): Notify: Transaction "SetStatusOfReportWithExpand_unprinted" started.	[MsgId: MMSG-16999]
Action.c(448): web_custom_request("web_custom_request") started  	[MsgId: MMSG-26355]
Action.c(448): HTML parsing not performed for Content-Type "application/json" ("ParseHtmlContentType" Run-Time Setting is "TEXT"). URL="http://10.184.129.108/webapi/api/worklist/UpdateStatusByStudyInstanceUID"  	[MsgId: MMSG-26548]
Action.c(448): web_custom_request("web_custom_request") was successful, 130 body bytes, 259 header bytes  	[MsgId: MMSG-26386]
Action.c(458): Notify: Transaction "SetStatusOfReportWithExpand_unprinted" ended with a "Pass" status (Duration: 30.4405 Wasted Time: 0.0000).	[MsgId: MMSG-16871]
The result is:  false	[MsgId: MMSG-17999]
Action.c(464): Error: SetStatusOfReportWithExpand_unprinted fail	[MsgId: MERR-17999]
End auto log messages stack.	[MsgId: MMSG-10544]


Start auto log messages stack - Iteration 26.	[MsgId: MMSG-10545]
Action.c(441): web_reg_save_param started  	[MsgId: MMSG-26355]
Action.c(441): Registering web_reg_save_param was successful  	[MsgId: MMSG-26390]
Action.c(446): Notify: Transaction "SetStatusOfReportWithExpand_unprinted" started.	[MsgId: MMSG-16999]
Action.c(448): web_custom_request("web_custom_request") started  	[MsgId: MMSG-26355]
Action.c(448): HTML parsing not performed for Content-Type "application/json" ("ParseHtmlContentType" Run-Time Setting is "TEXT"). URL="http://10.184.129.108/webapi/api/worklist/UpdateStatusByStudyInstanceUID"  	[MsgId: MMSG-26548]
Action.c(448): web_custom_request("web_custom_request") was successful, 130 body bytes, 259 header bytes  	[MsgId: MMSG-26386]
Action.c(458): Notify: Transaction "SetStatusOfReportWithExpand_unprinted" ended with a "Pass" status (Duration: 35.0975 Wasted Time: 0.0000).	[MsgId: MMSG-16871]
The result is:  false	[MsgId: MMSG-17999]
Action.c(464): Error: SetStatusOfReportWithExpand_unprinted fail	[MsgId: MERR-17999]
End auto log messages stack.	[MsgId: MMSG-10544]


Start auto log messages stack - Iteration 26.	[MsgId: MMSG-10545]
Action.c(605): web_reg_save_param started  	[MsgId: MMSG-26355]
Action.c(605): Registering web_reg_save_param was successful  	[MsgId: MMSG-26390]
Action.c(610): Notify: Transaction "SetStatusOfFilmWithoutExpand_printed" started.	[MsgId: MMSG-16999]
Action.c(612): web_custom_request("web_custom_request") started  	[MsgId: MMSG-26355]
Action.c(612): HTML parsing not performed for Content-Type "application/json" ("ParseHtmlContentType" Run-Time Setting is "TEXT"). URL="http://10.184.129.108/webapi/api/worklist/UpdateStatusByAccessionNumber"  	[MsgId: MMSG-26548]
Action.c(612): web_custom_request("web_custom_request") was successful, 130 body bytes, 259 header bytes  	[MsgId: MMSG-26386]
Action.c(622): Notify: Transaction "SetStatusOfFilmWithoutExpand_printed" ended with a "Pass" status (Duration: 31.0510 Wasted Time: 0.0000).	[MsgId: MMSG-16871]
The result is:  false	[MsgId: MMSG-17999]
Action.c(628): Error: SetStatusOfFilmWithoutExpand_printed fail	[MsgId: MERR-17999]
End auto log messages stack.	[MsgId: MMSG-10544]


Start auto log messages stack - Iteration 34.	[MsgId: MMSG-10545]
Action.c(323): web_reg_save_param started  	[MsgId: MMSG-26355]
Action.c(323): Registering web_reg_save_param was successful  	[MsgId: MMSG-26390]
Action.c(329): Notify: Transaction "SetStatusOfReportWithoutExpand_unprinted" started.	[MsgId: MMSG-16999]
Action.c(331): web_custom_request("web_custom_request") started  	[MsgId: MMSG-26355]
Action.c(331): HTML parsing not performed for Content-Type "application/json" ("ParseHtmlContentType" Run-Time Setting is "TEXT"). URL="http://10.184.129.108/webapi/api/worklist/UpdateStatusByStudyInstanceUID"  	[MsgId: MMSG-26548]
Action.c(331): web_custom_request("web_custom_request") was successful, 87 body bytes, 258 header bytes  	[MsgId: MMSG-26386]
Action.c(342): Notify: Transaction "SetStatusOfReportWithoutExpand_unprinted" ended with a "Pass" status (Duration: 14.1315 Wasted Time: 0.0000).	[MsgId: MMSG-16871]
The result is:  false	[MsgId: MMSG-17999]
Action.c(348): Error: SetStatusOfReportWithoutExpand_unprinted fail	[MsgId: MERR-17999]
End auto log messages stack.	[MsgId: MMSG-10544]


Start auto log messages stack - Iteration 34.	[MsgId: MMSG-10545]
Action.c(482): web_reg_save_param started  	[MsgId: MMSG-26355]
Action.c(482): Registering web_reg_save_param was successful  	[MsgId: MMSG-26390]
Action.c(487): Notify: Transaction "SetStatusOfReportWithExpand_printed" started.	[MsgId: MMSG-16999]
Action.c(489): web_custom_request("web_custom_request") started  	[MsgId: MMSG-26355]
Action.c(489): HTML parsing not performed for Content-Type "application/json" ("ParseHtmlContentType" Run-Time Setting is "TEXT"). URL="http://10.184.129.108/webapi/api/worklist/UpdateStatusByStudyInstanceUID"  	[MsgId: MMSG-26548]
Action.c(489): web_custom_request("web_custom_request") was successful, 130 body bytes, 259 header bytes  	[MsgId: MMSG-26386]
Action.c(499): Notify: Transaction "SetStatusOfReportWithExpand_printed" ended with a "Pass" status (Duration: 30.0860 Wasted Time: 0.0000).	[MsgId: MMSG-16871]
The result is:  false	[MsgId: MMSG-17999]
Action.c(505): Error: SetStatusOfReportWithExpand_printed fail	[MsgId: MERR-17999]
End auto log messages stack.	[MsgId: MMSG-10544]


Start auto log messages stack - Iteration 35.	[MsgId: MMSG-10545]
Action.c(441): web_reg_save_param started  	[MsgId: MMSG-26355]
Action.c(441): Registering web_reg_save_param was successful  	[MsgId: MMSG-26390]
Action.c(446): Notify: Transaction "SetStatusOfReportWithExpand_unprinted" started.	[MsgId: MMSG-16999]
Action.c(448): web_custom_request("web_custom_request") started  	[MsgId: MMSG-26355]
Action.c(448): HTML parsing not performed for Content-Type "application/json" ("ParseHtmlContentType" Run-Time Setting is "TEXT"). URL="http://10.184.129.108/webapi/api/worklist/UpdateStatusByStudyInstanceUID"  	[MsgId: MMSG-26548]
Action.c(448): web_custom_request("web_custom_request") was successful, 130 body bytes, 259 header bytes  	[MsgId: MMSG-26386]
Action.c(458): Notify: Transaction "SetStatusOfReportWithExpand_unprinted" ended with a "Pass" status (Duration: 30.4450 Wasted Time: 0.0000).	[MsgId: MMSG-16871]
The result is:  false	[MsgId: MMSG-17999]
Action.c(464): Error: SetStatusOfReportWithExpand_unprinted fail	[MsgId: MERR-17999]
End auto log messages stack.	[MsgId: MMSG-10544]


Start auto log messages stack - Iteration 41.	[MsgId: MMSG-10545]
Action.c(520): web_reg_save_param started  	[MsgId: MMSG-26355]
Action.c(520): Registering web_reg_save_param was successful  	[MsgId: MMSG-26390]
Action.c(525): Notify: Transaction "SetStatusOfReportWithExpand_NOTprinted" started.	[MsgId: MMSG-16999]
Action.c(527): web_custom_request("web_custom_request") started  	[MsgId: MMSG-26355]
Action.c(527): HTML parsing not performed for Content-Type "application/json" ("ParseHtmlContentType" Run-Time Setting is "TEXT"). URL="http://10.184.129.108/webapi/api/worklist/UpdateStatusByStudyInstanceUID"  	[MsgId: MMSG-26548]
Action.c(527): web_custom_request("web_custom_request") was successful, 130 body bytes, 259 header bytes  	[MsgId: MMSG-26386]
Action.c(537): Notify: Transaction "SetStatusOfReportWithExpand_NOTprinted" ended with a "Pass" status (Duration: 31.2173 Wasted Time: 0.0000).	[MsgId: MMSG-16871]
The result is:  false	[MsgId: MMSG-17999]
Action.c(543): Error: SetStatusOfReportWithExpand_NOTprinted fail	[MsgId: MERR-17999]
End auto log messages stack.	[MsgId: MMSG-10544]


Start auto log messages stack - Iteration 51.	[MsgId: MMSG-10545]
Action.c(441): web_reg_save_param started  	[MsgId: MMSG-26355]
Action.c(441): Registering web_reg_save_param was successful  	[MsgId: MMSG-26390]
Action.c(446): Notify: Transaction "SetStatusOfReportWithExpand_unprinted" started.	[MsgId: MMSG-16999]
Action.c(448): web_custom_request("web_custom_request") started  	[MsgId: MMSG-26355]
Action.c(448): HTML parsing not performed for Content-Type "application/json" ("ParseHtmlContentType" Run-Time Setting is "TEXT"). URL="http://10.184.129.108/webapi/api/worklist/UpdateStatusByStudyInstanceUID"  	[MsgId: MMSG-26548]
Action.c(448): web_custom_request("web_custom_request") was successful, 130 body bytes, 259 header bytes  	[MsgId: MMSG-26386]
Action.c(458): Notify: Transaction "SetStatusOfReportWithExpand_unprinted" ended with a "Pass" status (Duration: 31.2844 Wasted Time: 0.0000).	[MsgId: MMSG-16871]
The result is:  false	[MsgId: MMSG-17999]
Action.c(464): Error: SetStatusOfReportWithExpand_unprinted fail	[MsgId: MERR-17999]
End auto log messages stack.	[MsgId: MMSG-10544]


Start auto log messages stack - Iteration 50.	[MsgId: MMSG-10545]
Action.c(566): web_reg_save_param started  	[MsgId: MMSG-26355]
Action.c(566): Registering web_reg_save_param was successful  	[MsgId: MMSG-26390]
Action.c(571): Notify: Transaction "SetStatusOfFilmWithoutExpand_unprinted" started.	[MsgId: MMSG-16999]
Action.c(573): web_custom_request("web_custom_request") started  	[MsgId: MMSG-26355]
Action.c(573): HTML parsing not performed for Content-Type "application/json" ("ParseHtmlContentType" Run-Time Setting is "TEXT"). URL="http://10.184.129.108/webapi/api/worklist/UpdateStatusByAccessionNumber"  	[MsgId: MMSG-26548]
Action.c(573): web_custom_request("web_custom_request") was successful, 130 body bytes, 259 header bytes  	[MsgId: MMSG-26386]
Action.c(583): Notify: Transaction "SetStatusOfFilmWithoutExpand_unprinted" ended with a "Pass" status (Duration: 30.1535 Wasted Time: 0.0000).	[MsgId: MMSG-16871]
The result is:  false	[MsgId: MMSG-17999]
Action.c(589): Error: SetStatusOfFilmWithoutExpand_unprinted fail	[MsgId: MERR-17999]
End auto log messages stack.	[MsgId: MMSG-10544]


Start auto log messages stack - Iteration 53.	[MsgId: MMSG-10545]
Action.c(402): web_reg_save_param started  	[MsgId: MMSG-26355]
Action.c(402): Registering web_reg_save_param was successful  	[MsgId: MMSG-26390]
Action.c(407): Notify: Transaction "SetStatusOfReportWithoutExpand_NOTprinted" started.	[MsgId: MMSG-16999]
Action.c(409): web_custom_request("web_custom_request") started  	[MsgId: MMSG-26355]
Action.c(409): HTML parsing not performed for Content-Type "application/json" ("ParseHtmlContentType" Run-Time Setting is "TEXT"). URL="http://10.184.129.108/webapi/api/worklist/UpdateStatusByStudyInstanceUID"  	[MsgId: MMSG-26548]
Action.c(409): web_custom_request("web_custom_request") was successful, 130 body bytes, 259 header bytes  	[MsgId: MMSG-26386]
Action.c(419): Notify: Transaction "SetStatusOfReportWithoutExpand_NOTprinted" ended with a "Pass" status (Duration: 30.1471 Wasted Time: 0.0000).	[MsgId: MMSG-16871]
The result is:  false	[MsgId: MMSG-17999]
Action.c(425): Error: SetStatusOfReportWithoutExpand_NOTprinted fail	[MsgId: MERR-17999]
End auto log messages stack.	[MsgId: MMSG-10544]


Start auto log messages stack - Iteration 57.	[MsgId: MMSG-10545]
Action.c(402): web_reg_save_param started  	[MsgId: MMSG-26355]
Action.c(402): Registering web_reg_save_param was successful  	[MsgId: MMSG-26390]
Action.c(407): Notify: Transaction "SetStatusOfReportWithoutExpand_NOTprinted" started.	[MsgId: MMSG-16999]
Action.c(409): web_custom_request("web_custom_request") started  	[MsgId: MMSG-26355]
Action.c(409): HTML parsing not performed for Content-Type "application/json" ("ParseHtmlContentType" Run-Time Setting is "TEXT"). URL="http://10.184.129.108/webapi/api/worklist/UpdateStatusByStudyInstanceUID"  	[MsgId: MMSG-26548]
Action.c(409): web_custom_request("web_custom_request") was successful, 130 body bytes, 259 header bytes  	[MsgId: MMSG-26386]
Action.c(419): Notify: Transaction "SetStatusOfReportWithoutExpand_NOTprinted" ended with a "Pass" status (Duration: 32.2756 Wasted Time: 0.0000).	[MsgId: MMSG-16871]
The result is:  false	[MsgId: MMSG-17999]
Action.c(425): Error: SetStatusOfReportWithoutExpand_NOTprinted fail	[MsgId: MERR-17999]
End auto log messages stack.	[MsgId: MMSG-10544]


Start auto log messages stack - Iteration 68.	[MsgId: MMSG-10545]
Action.c(441): web_reg_save_param started  	[MsgId: MMSG-26355]
Action.c(441): Registering web_reg_save_param was successful  	[MsgId: MMSG-26390]
Action.c(446): Notify: Transaction "SetStatusOfReportWithExpand_unprinted" started.	[MsgId: MMSG-16999]
Action.c(448): web_custom_request("web_custom_request") started  	[MsgId: MMSG-26355]
Action.c(448): HTML parsing not performed for Content-Type "application/json" ("ParseHtmlContentType" Run-Time Setting is "TEXT"). URL="http://10.184.129.108/webapi/api/worklist/UpdateStatusByStudyInstanceUID"  	[MsgId: MMSG-26548]
Action.c(448): web_custom_request("web_custom_request") was successful, 130 body bytes, 259 header bytes  	[MsgId: MMSG-26386]
Action.c(458): Notify: Transaction "SetStatusOfReportWithExpand_unprinted" ended with a "Pass" status (Duration: 30.1313 Wasted Time: 0.0000).	[MsgId: MMSG-16871]
The result is:  false	[MsgId: MMSG-17999]
Action.c(464): Error: SetStatusOfReportWithExpand_unprinted fail	[MsgId: MERR-17999]
End auto log messages stack.	[MsgId: MMSG-10544]


Start auto log messages stack - Iteration 69.	[MsgId: MMSG-10545]
Action.c(520): web_reg_save_param started  	[MsgId: MMSG-26355]
Action.c(520): Registering web_reg_save_param was successful  	[MsgId: MMSG-26390]
Action.c(525): Notify: Transaction "SetStatusOfReportWithExpand_NOTprinted" started.	[MsgId: MMSG-16999]
Action.c(527): web_custom_request("web_custom_request") started  	[MsgId: MMSG-26355]
Action.c(527): HTML parsing not performed for Content-Type "application/json" ("ParseHtmlContentType" Run-Time Setting is "TEXT"). URL="http://10.184.129.108/webapi/api/worklist/UpdateStatusByStudyInstanceUID"  	[MsgId: MMSG-26548]
Action.c(527): web_custom_request("web_custom_request") was successful, 130 body bytes, 259 header bytes  	[MsgId: MMSG-26386]
Action.c(537): Notify: Transaction "SetStatusOfReportWithExpand_NOTprinted" ended with a "Pass" status (Duration: 30.2669 Wasted Time: 0.0000).	[MsgId: MMSG-16871]
The result is:  false	[MsgId: MMSG-17999]
Action.c(543): Error: SetStatusOfReportWithExpand_NOTprinted fail	[MsgId: MERR-17999]
End auto log messages stack.	[MsgId: MMSG-10544]


Start auto log messages stack - Iteration 72.	[MsgId: MMSG-10545]
Action.c(323): web_reg_save_param started  	[MsgId: MMSG-26355]
Action.c(323): Registering web_reg_save_param was successful  	[MsgId: MMSG-26390]
Action.c(329): Notify: Transaction "SetStatusOfReportWithoutExpand_unprinted" started.	[MsgId: MMSG-16999]
Action.c(331): web_custom_request("web_custom_request") started  	[MsgId: MMSG-26355]
Action.c(331): HTML parsing not performed for Content-Type "application/json" ("ParseHtmlContentType" Run-Time Setting is "TEXT"). URL="http://10.184.129.108/webapi/api/worklist/UpdateStatusByStudyInstanceUID"  	[MsgId: MMSG-26548]
Action.c(331): web_custom_request("web_custom_request") was successful, 130 body bytes, 259 header bytes  	[MsgId: MMSG-26386]
Action.c(342): Notify: Transaction "SetStatusOfReportWithoutExpand_unprinted" ended with a "Pass" status (Duration: 30.9054 Wasted Time: 0.0000).	[MsgId: MMSG-16871]
The result is:  false	[MsgId: MMSG-17999]
Action.c(348): Error: SetStatusOfReportWithoutExpand_unprinted fail	[MsgId: MERR-17999]
End auto log messages stack.	[MsgId: MMSG-10544]


Start auto log messages stack - Iteration 71.	[MsgId: MMSG-10545]
Action.c(482): web_reg_save_param started  	[MsgId: MMSG-26355]
Action.c(482): Registering web_reg_save_param was successful  	[MsgId: MMSG-26390]
Action.c(487): Notify: Transaction "SetStatusOfReportWithExpand_printed" started.	[MsgId: MMSG-16999]
Action.c(489): web_custom_request("web_custom_request") started  	[MsgId: MMSG-26355]
Action.c(489): HTML parsing not performed for Content-Type "application/json" ("ParseHtmlContentType" Run-Time Setting is "TEXT"). URL="http://10.184.129.108/webapi/api/worklist/UpdateStatusByStudyInstanceUID"  	[MsgId: MMSG-26548]
Action.c(489): web_custom_request("web_custom_request") was successful, 130 body bytes, 259 header bytes  	[MsgId: MMSG-26386]
Action.c(499): Notify: Transaction "SetStatusOfReportWithExpand_printed" ended with a "Pass" status (Duration: 30.5700 Wasted Time: 0.0000).	[MsgId: MMSG-16871]
The result is:  false	[MsgId: MMSG-17999]
Action.c(505): Error: SetStatusOfReportWithExpand_printed fail	[MsgId: MERR-17999]
End auto log messages stack.	[MsgId: MMSG-10544]


Start auto log messages stack - Iteration 72.	[MsgId: MMSG-10545]
Action.c(441): web_reg_save_param started  	[MsgId: MMSG-26355]
Action.c(441): Registering web_reg_save_param was successful  	[MsgId: MMSG-26390]
Action.c(446): Notify: Transaction "SetStatusOfReportWithExpand_unprinted" started.	[MsgId: MMSG-16999]
Action.c(448): web_custom_request("web_custom_request") started  	[MsgId: MMSG-26355]
Action.c(448): HTML parsing not performed for Content-Type "application/json" ("ParseHtmlContentType" Run-Time Setting is "TEXT"). URL="http://10.184.129.108/webapi/api/worklist/UpdateStatusByStudyInstanceUID"  	[MsgId: MMSG-26548]
Action.c(448): web_custom_request("web_custom_request") was successful, 130 body bytes, 259 header bytes  	[MsgId: MMSG-26386]
Action.c(458): Notify: Transaction "SetStatusOfReportWithExpand_unprinted" ended with a "Pass" status (Duration: 30.8159 Wasted Time: 0.0000).	[MsgId: MMSG-16871]
The result is:  false	[MsgId: MMSG-17999]
Action.c(464): Error: SetStatusOfReportWithExpand_unprinted fail	[MsgId: MERR-17999]
End auto log messages stack.	[MsgId: MMSG-10544]


Start auto log messages stack - Iteration 68.	[MsgId: MMSG-10545]
Action.c(402): web_reg_save_param started  	[MsgId: MMSG-26355]
Action.c(402): Registering web_reg_save_param was successful  	[MsgId: MMSG-26390]
Action.c(407): Notify: Transaction "SetStatusOfReportWithoutExpand_NOTprinted" started.	[MsgId: MMSG-16999]
Action.c(409): web_custom_request("web_custom_request") started  	[MsgId: MMSG-26355]
Action.c(409): HTML parsing not performed for Content-Type "application/json" ("ParseHtmlContentType" Run-Time Setting is "TEXT"). URL="http://10.184.129.108/webapi/api/worklist/UpdateStatusByStudyInstanceUID"  	[MsgId: MMSG-26548]
Action.c(409): web_custom_request("web_custom_request") was successful, 130 body bytes, 259 header bytes  	[MsgId: MMSG-26386]
Action.c(419): Notify: Transaction "SetStatusOfReportWithoutExpand_NOTprinted" ended with a "Pass" status (Duration: 30.3445 Wasted Time: 0.0000).	[MsgId: MMSG-16871]
The result is:  false	[MsgId: MMSG-17999]
Action.c(425): Error: SetStatusOfReportWithoutExpand_NOTprinted fail	[MsgId: MERR-17999]
End auto log messages stack.	[MsgId: MMSG-10544]


Start auto log messages stack - Iteration 72.	[MsgId: MMSG-10545]
Action.c(482): web_reg_save_param started  	[MsgId: MMSG-26355]
Action.c(482): Registering web_reg_save_param was successful  	[MsgId: MMSG-26390]
Action.c(487): Notify: Transaction "SetStatusOfReportWithExpand_printed" started.	[MsgId: MMSG-16999]
Action.c(489): web_custom_request("web_custom_request") started  	[MsgId: MMSG-26355]
Action.c(489): HTML parsing not performed for Content-Type "application/json" ("ParseHtmlContentType" Run-Time Setting is "TEXT"). URL="http://10.184.129.108/webapi/api/worklist/UpdateStatusByStudyInstanceUID"  	[MsgId: MMSG-26548]
Action.c(489): web_custom_request("web_custom_request") was successful, 130 body bytes, 259 header bytes  	[MsgId: MMSG-26386]
Action.c(499): Notify: Transaction "SetStatusOfReportWithExpand_printed" ended with a "Pass" status (Duration: 30.0605 Wasted Time: 0.0000).	[MsgId: MMSG-16871]
The result is:  false	[MsgId: MMSG-17999]
Action.c(505): Error: SetStatusOfReportWithExpand_printed fail	[MsgId: MERR-17999]
End auto log messages stack.	[MsgId: MMSG-10544]


Start auto log messages stack - Iteration 68.	[MsgId: MMSG-10545]
Action.c(683): web_reg_save_param started  	[MsgId: MMSG-26355]
Action.c(683): Registering web_reg_save_param was successful  	[MsgId: MMSG-26390]
Action.c(688): Notify: Transaction "SetStatusOfFilmWithExpand_unprinted" started.	[MsgId: MMSG-16999]
Action.c(690): web_custom_request("web_custom_request") started  	[MsgId: MMSG-26355]
Action.c(690): HTML parsing not performed for Content-Type "application/json" ("ParseHtmlContentType" Run-Time Setting is "TEXT"). URL="http://10.184.129.108/webapi/api/worklist/UpdateStatusByAccessionNumber"  	[MsgId: MMSG-26548]
Action.c(690): web_custom_request("web_custom_request") was successful, 130 body bytes, 259 header bytes  	[MsgId: MMSG-26386]
Action.c(700): Notify: Transaction "SetStatusOfFilmWithExpand_unprinted" ended with a "Pass" status (Duration: 30.4680 Wasted Time: 0.0000).	[MsgId: MMSG-16871]
The result is:  false	[MsgId: MMSG-17999]
Action.c(706): Error: SetStatusOfFilmWithExpand_unprinted fail	[MsgId: MERR-17999]
End auto log messages stack.	[MsgId: MMSG-10544]


Start auto log messages stack - Iteration 74.	[MsgId: MMSG-10545]
Action.c(482): web_reg_save_param started  	[MsgId: MMSG-26355]
Action.c(482): Registering web_reg_save_param was successful  	[MsgId: MMSG-26390]
Action.c(487): Notify: Transaction "SetStatusOfReportWithExpand_printed" started.	[MsgId: MMSG-16999]
Action.c(489): web_custom_request("web_custom_request") started  	[MsgId: MMSG-26355]
Action.c(489): HTML parsing not performed for Content-Type "application/json" ("ParseHtmlContentType" Run-Time Setting is "TEXT"). URL="http://10.184.129.108/webapi/api/worklist/UpdateStatusByStudyInstanceUID"  	[MsgId: MMSG-26548]
Action.c(489): web_custom_request("web_custom_request") was successful, 130 body bytes, 259 header bytes  	[MsgId: MMSG-26386]
Action.c(499): Notify: Transaction "SetStatusOfReportWithExpand_printed" ended with a "Pass" status (Duration: 30.0774 Wasted Time: 0.0000).	[MsgId: MMSG-16871]
The result is:  false	[MsgId: MMSG-17999]
Action.c(505): Error: SetStatusOfReportWithExpand_printed fail	[MsgId: MERR-17999]
End auto log messages stack.	[MsgId: MMSG-10544]


Start auto log messages stack - Iteration 74.	[MsgId: MMSG-10545]
Action.c(402): web_reg_save_param started  	[MsgId: MMSG-26355]
Action.c(402): Registering web_reg_save_param was successful  	[MsgId: MMSG-26390]
Action.c(407): Notify: Transaction "SetStatusOfReportWithoutExpand_NOTprinted" started.	[MsgId: MMSG-16999]
Action.c(409): web_custom_request("web_custom_request") started  	[MsgId: MMSG-26355]
Action.c(409): HTML parsing not performed for Content-Type "application/json" ("ParseHtmlContentType" Run-Time Setting is "TEXT"). URL="http://10.184.129.108/webapi/api/worklist/UpdateStatusByStudyInstanceUID"  	[MsgId: MMSG-26548]
Action.c(409): web_custom_request("web_custom_request") was successful, 130 body bytes, 259 header bytes  	[MsgId: MMSG-26386]
Action.c(419): Notify: Transaction "SetStatusOfReportWithoutExpand_NOTprinted" ended with a "Pass" status (Duration: 30.1006 Wasted Time: 0.0000).	[MsgId: MMSG-16871]
The result is:  false	[MsgId: MMSG-17999]
Action.c(425): Error: SetStatusOfReportWithoutExpand_NOTprinted fail	[MsgId: MERR-17999]
End auto log messages stack.	[MsgId: MMSG-10544]


Start auto log messages stack - Iteration 77.	[MsgId: MMSG-10545]
Action.c(763): web_reg_save_param started  	[MsgId: MMSG-26355]
Action.c(763): Registering web_reg_save_param was successful  	[MsgId: MMSG-26390]
Action.c(769): Notify: Transaction "SetStatusOfFilmWithExpand_NOTprinted" started.	[MsgId: MMSG-16999]
Action.c(771): web_custom_request("web_custom_request") started  	[MsgId: MMSG-26355]
Action.c(771): HTML parsing not performed for Content-Type "application/json" ("ParseHtmlContentType" Run-Time Setting is "TEXT"). URL="http://10.184.129.108/webapi/api/worklist/UpdateStatusByAccessionNumber"  	[MsgId: MMSG-26548]
Action.c(771): web_custom_request("web_custom_request") was successful, 130 body bytes, 259 header bytes  	[MsgId: MMSG-26386]
Action.c(781): Notify: Transaction "SetStatusOfFilmWithExpand_NOTprinted" ended with a "Pass" status (Duration: 31.1038 Wasted Time: 0.0000).	[MsgId: MMSG-16871]
The result is:  false	[MsgId: MMSG-17999]
Action.c(787): Error: SetStatusOfFilmWithExpand_NOTprinted fail	[MsgId: MERR-17999]
End auto log messages stack.	[MsgId: MMSG-10544]


Start auto log messages stack - Iteration 80.	[MsgId: MMSG-10545]
Action.c(364): web_reg_save_param started  	[MsgId: MMSG-26355]
Action.c(364): Registering web_reg_save_param was successful  	[MsgId: MMSG-26390]
Action.c(368): Notify: Transaction "SetStatusOfReportWithoutExpand_printed" started.	[MsgId: MMSG-16999]
Action.c(370): web_custom_request("web_custom_request") started  	[MsgId: MMSG-26355]
Action.c(370): HTML parsing not performed for Content-Type "application/json" ("ParseHtmlContentType" Run-Time Setting is "TEXT"). URL="http://10.184.129.108/webapi/api/worklist/UpdateStatusByStudyInstanceUID"  	[MsgId: MMSG-26548]
Action.c(370): web_custom_request("web_custom_request") was successful, 130 body bytes, 259 header bytes  	[MsgId: MMSG-26386]
Action.c(380): Notify: Transaction "SetStatusOfReportWithoutExpand_printed" ended with a "Pass" status (Duration: 31.0711 Wasted Time: 0.0000).	[MsgId: MMSG-16871]
The result is:  false	[MsgId: MMSG-17999]
Action.c(386): Error: SetStatusOfReportWithoutExpand_printed fail	[MsgId: MERR-17999]
End auto log messages stack.	[MsgId: MMSG-10544]


Start auto log messages stack - Iteration 80.	[MsgId: MMSG-10545]
Action.c(763): web_reg_save_param started  	[MsgId: MMSG-26355]
Action.c(763): Registering web_reg_save_param was successful  	[MsgId: MMSG-26390]
Action.c(769): Notify: Transaction "SetStatusOfFilmWithExpand_NOTprinted" started.	[MsgId: MMSG-16999]
Action.c(771): web_custom_request("web_custom_request") started  	[MsgId: MMSG-26355]
Action.c(771): HTML parsing not performed for Content-Type "application/json" ("ParseHtmlContentType" Run-Time Setting is "TEXT"). URL="http://10.184.129.108/webapi/api/worklist/UpdateStatusByAccessionNumber"  	[MsgId: MMSG-26548]
Action.c(771): web_custom_request("web_custom_request") was successful, 130 body bytes, 259 header bytes  	[MsgId: MMSG-26386]
Action.c(781): Notify: Transaction "SetStatusOfFilmWithExpand_NOTprinted" ended with a "Pass" status (Duration: 32.1459 Wasted Time: 0.0000).	[MsgId: MMSG-16871]
The result is:  false	[MsgId: MMSG-17999]
Action.c(787): Error: SetStatusOfFilmWithExpand_NOTprinted fail	[MsgId: MERR-17999]
End auto log messages stack.	[MsgId: MMSG-10544]


Start auto log messages stack - Iteration 77.	[MsgId: MMSG-10545]
Start auto log messages stack - Iteration 81.	[MsgId: MMSG-10545]
Action.c(683): web_reg_save_param started  	[MsgId: MMSG-26355]
Action.c(683): Registering web_reg_save_param was successful  	[MsgId: MMSG-26390]
Action.c(688): Notify: Transaction "SetStatusOfFilmWithExpand_unprinted" started.	[MsgId: MMSG-16999]
Action.c(690): web_custom_request("web_custom_request") started  	[MsgId: MMSG-26355]
Action.c(690): HTML parsing not performed for Content-Type "application/json" ("ParseHtmlContentType" Run-Time Setting is "TEXT"). URL="http://10.184.129.108/webapi/api/worklist/UpdateStatusByAccessionNumber"  	[MsgId: MMSG-26548]
Action.c(723): web_reg_save_param started  	[MsgId: MMSG-26355]
Action.c(690): web_custom_request("web_custom_request") was successful, 130 body bytes, 259 header bytes  	[MsgId: MMSG-26386]
Action.c(723): Registering web_reg_save_param was successful  	[MsgId: MMSG-26390]
Action.c(728): Notify: Transaction "SetStatusOfFilmWithExpand_printed" started.	[MsgId: MMSG-16999]
Action.c(700): Notify: Transaction "SetStatusOfFilmWithExpand_unprinted" ended with a "Pass" status (Duration: 34.5712 Wasted Time: 0.0000).	[MsgId: MMSG-16871]
Action.c(730): web_custom_request("web_custom_request") started  	[MsgId: MMSG-26355]
The result is:  false	[MsgId: MMSG-17999]
Action.c(730): HTML parsing not performed for Content-Type "application/json" ("ParseHtmlContentType" Run-Time Setting is "TEXT"). URL="http://10.184.129.108/webapi/api/worklist/UpdateStatusByAccessionNumber"  	[MsgId: MMSG-26548]
Action.c(706): Error: SetStatusOfFilmWithExpand_unprinted fail	[MsgId: MERR-17999]
Action.c(730): web_custom_request("web_custom_request") was successful, 130 body bytes, 259 header bytes  	[MsgId: MMSG-26386]
Action.c(740): Notify: Transaction "SetStatusOfFilmWithExpand_printed" ended with a "Pass" status (Duration: 34.5712 Wasted Time: 0.0000).	[MsgId: MMSG-16871]
The result is:  false	[MsgId: MMSG-17999]
End auto log messages stack.	[MsgId: MMSG-10544]
Action.c(747): Error: SetStatusOfFilmWithExpand_printed fail	[MsgId: MERR-17999]


End auto log messages stack.	[MsgId: MMSG-10544]


Start auto log messages stack - Iteration 88.	[MsgId: MMSG-10545]
Action.c(520): web_reg_save_param started  	[MsgId: MMSG-26355]
Action.c(520): Registering web_reg_save_param was successful  	[MsgId: MMSG-26390]
Action.c(525): Notify: Transaction "SetStatusOfReportWithExpand_NOTprinted" started.	[MsgId: MMSG-16999]
Action.c(527): web_custom_request("web_custom_request") started  	[MsgId: MMSG-26355]
Action.c(527): HTML parsing not performed for Content-Type "application/json" ("ParseHtmlContentType" Run-Time Setting is "TEXT"). URL="http://10.184.129.108/webapi/api/worklist/UpdateStatusByStudyInstanceUID"  	[MsgId: MMSG-26548]
Action.c(527): web_custom_request("web_custom_request") was successful, 130 body bytes, 259 header bytes  	[MsgId: MMSG-26386]
Action.c(537): Notify: Transaction "SetStatusOfReportWithExpand_NOTprinted" ended with a "Pass" status (Duration: 30.2531 Wasted Time: 0.0000).	[MsgId: MMSG-16871]
The result is:  false	[MsgId: MMSG-17999]
Action.c(543): Error: SetStatusOfReportWithExpand_NOTprinted fail	[MsgId: MERR-17999]
End auto log messages stack.	[MsgId: MMSG-10544]


Start auto log messages stack - Iteration 86.	[MsgId: MMSG-10545]
Action.c(323): web_reg_save_param started  	[MsgId: MMSG-26355]
Action.c(323): Registering web_reg_save_param was successful  	[MsgId: MMSG-26390]
Action.c(329): Notify: Transaction "SetStatusOfReportWithoutExpand_unprinted" started.	[MsgId: MMSG-16999]
Action.c(331): web_custom_request("web_custom_request") started  	[MsgId: MMSG-26355]
Action.c(331): HTML parsing not performed for Content-Type "application/json" ("ParseHtmlContentType" Run-Time Setting is "TEXT"). URL="http://10.184.129.108/webapi/api/worklist/UpdateStatusByStudyInstanceUID"  	[MsgId: MMSG-26548]
Action.c(331): web_custom_request("web_custom_request") was successful, 130 body bytes, 259 header bytes  	[MsgId: MMSG-26386]
Action.c(342): Notify: Transaction "SetStatusOfReportWithoutExpand_unprinted" ended with a "Pass" status (Duration: 30.2606 Wasted Time: 0.0000).	[MsgId: MMSG-16871]
The result is:  false	[MsgId: MMSG-17999]
Action.c(348): Error: SetStatusOfReportWithoutExpand_unprinted fail	[MsgId: MERR-17999]
End auto log messages stack.	[MsgId: MMSG-10544]


Start auto log messages stack - Iteration 88.	[MsgId: MMSG-10545]
Action.c(763): web_reg_save_param started  	[MsgId: MMSG-26355]
Action.c(763): Registering web_reg_save_param was successful  	[MsgId: MMSG-26390]
Action.c(769): Notify: Transaction "SetStatusOfFilmWithExpand_NOTprinted" started.	[MsgId: MMSG-16999]
Action.c(771): web_custom_request("web_custom_request") started  	[MsgId: MMSG-26355]
Action.c(771): HTML parsing not performed for Content-Type "application/json" ("ParseHtmlContentType" Run-Time Setting is "TEXT"). URL="http://10.184.129.108/webapi/api/worklist/UpdateStatusByAccessionNumber"  	[MsgId: MMSG-26548]
Action.c(771): web_custom_request("web_custom_request") was successful, 87 body bytes, 258 header bytes  	[MsgId: MMSG-26386]
Action.c(781): Notify: Transaction "SetStatusOfFilmWithExpand_NOTprinted" ended with a "Pass" status (Duration: 3.4759 Wasted Time: 0.0000).	[MsgId: MMSG-16871]
The result is:  false	[MsgId: MMSG-17999]
Action.c(787): Error: SetStatusOfFilmWithExpand_NOTprinted fail	[MsgId: MERR-17999]
End auto log messages stack.	[MsgId: MMSG-10544]


Start auto log messages stack - Iteration 90.	[MsgId: MMSG-10545]
Action.c(644): web_reg_save_param started  	[MsgId: MMSG-26355]
Action.c(644): Registering web_reg_save_param was successful  	[MsgId: MMSG-26390]
Action.c(649): Notify: Transaction "SetStatusOfFilmWithoutExpand_NOTprinte" started.	[MsgId: MMSG-16999]
Action.c(651): web_custom_request("web_custom_request") started  	[MsgId: MMSG-26355]
Action.c(651): HTML parsing not performed for Content-Type "application/json" ("ParseHtmlContentType" Run-Time Setting is "TEXT"). URL="http://10.184.129.108/webapi/api/worklist/UpdateStatusByAccessionNumber"  	[MsgId: MMSG-26548]
Action.c(651): web_custom_request("web_custom_request") was successful, 130 body bytes, 259 header bytes  	[MsgId: MMSG-26386]
Action.c(661): Notify: Transaction "SetStatusOfFilmWithoutExpand_NOTprinte" ended with a "Pass" status (Duration: 30.1838 Wasted Time: 0.0000).	[MsgId: MMSG-16871]
The result is:  false	[MsgId: MMSG-17999]
Action.c(667): Error: SetStatusOfFilmWithoutExpand_NOTprinte fail	[MsgId: MERR-17999]
End auto log messages stack.	[MsgId: MMSG-10544]


Start auto log messages stack - Iteration 100.	[MsgId: MMSG-10545]
Action.c(520): web_reg_save_param started  	[MsgId: MMSG-26355]
Action.c(520): Registering web_reg_save_param was successful  	[MsgId: MMSG-26390]
Action.c(525): Notify: Transaction "SetStatusOfReportWithExpand_NOTprinted" started.	[MsgId: MMSG-16999]
Action.c(527): web_custom_request("web_custom_request") started  	[MsgId: MMSG-26355]
Action.c(527): HTML parsing not performed for Content-Type "application/json" ("ParseHtmlContentType" Run-Time Setting is "TEXT"). URL="http://10.184.129.108/webapi/api/worklist/UpdateStatusByStudyInstanceUID"  	[MsgId: MMSG-26548]
Action.c(527): web_custom_request("web_custom_request") was successful, 130 body bytes, 259 header bytes  	[MsgId: MMSG-26386]
Action.c(537): Notify: Transaction "SetStatusOfReportWithExpand_NOTprinted" ended with a "Pass" status (Duration: 32.6696 Wasted Time: 0.0000).	[MsgId: MMSG-16871]
The result is:  false	[MsgId: MMSG-17999]
Action.c(543): Error: SetStatusOfReportWithExpand_NOTprinted fail	[MsgId: MERR-17999]
End auto log messages stack.	[MsgId: MMSG-10544]


Start auto log messages stack - Iteration 94.	[MsgId: MMSG-10545]
Action.c(763): web_reg_save_param started  	[MsgId: MMSG-26355]
Action.c(763): Registering web_reg_save_param was successful  	[MsgId: MMSG-26390]
Action.c(769): Notify: Transaction "SetStatusOfFilmWithExpand_NOTprinted" started.	[MsgId: MMSG-16999]
Action.c(771): web_custom_request("web_custom_request") started  	[MsgId: MMSG-26355]
Action.c(771): HTML parsing not performed for Content-Type "application/json" ("ParseHtmlContentType" Run-Time Setting is "TEXT"). URL="http://10.184.129.108/webapi/api/worklist/UpdateStatusByAccessionNumber"  	[MsgId: MMSG-26548]
Action.c(771): web_custom_request("web_custom_request") was successful, 130 body bytes, 259 header bytes  	[MsgId: MMSG-26386]
Action.c(781): Notify: Transaction "SetStatusOfFilmWithExpand_NOTprinted" ended with a "Pass" status (Duration: 33.0577 Wasted Time: 0.0000).	[MsgId: MMSG-16871]
The result is:  false	[MsgId: MMSG-17999]
Action.c(787): Error: SetStatusOfFilmWithExpand_NOTprinted fail	[MsgId: MERR-17999]
End auto log messages stack.	[MsgId: MMSG-10544]


Start auto log messages stack - Iteration 107.	[MsgId: MMSG-10545]
Action.c(402): web_reg_save_param started  	[MsgId: MMSG-26355]
Action.c(402): Registering web_reg_save_param was successful  	[MsgId: MMSG-26390]
Action.c(407): Notify: Transaction "SetStatusOfReportWithoutExpand_NOTprinted" started.	[MsgId: MMSG-16999]
Action.c(409): web_custom_request("web_custom_request") started  	[MsgId: MMSG-26355]
Action.c(409): HTML parsing not performed for Content-Type "application/json" ("ParseHtmlContentType" Run-Time Setting is "TEXT"). URL="http://10.184.129.108/webapi/api/worklist/UpdateStatusByStudyInstanceUID"  	[MsgId: MMSG-26548]
Action.c(409): web_custom_request("web_custom_request") was successful, 87 body bytes, 258 header bytes  	[MsgId: MMSG-26386]
Action.c(419): Notify: Transaction "SetStatusOfReportWithoutExpand_NOTprinted" ended with a "Pass" status (Duration: 15.1242 Wasted Time: 0.0000).	[MsgId: MMSG-16871]
The result is:  false	[MsgId: MMSG-17999]
Action.c(425): Error: SetStatusOfReportWithoutExpand_NOTprinted fail	[MsgId: MERR-17999]
End auto log messages stack.	[MsgId: MMSG-10544]


Start auto log messages stack - Iteration 114.	[MsgId: MMSG-10545]
Action.c(402): web_reg_save_param started  	[MsgId: MMSG-26355]
Action.c(402): Registering web_reg_save_param was successful  	[MsgId: MMSG-26390]
Action.c(407): Notify: Transaction "SetStatusOfReportWithoutExpand_NOTprinted" started.	[MsgId: MMSG-16999]
Action.c(409): web_custom_request("web_custom_request") started  	[MsgId: MMSG-26355]
Action.c(409): HTML parsing not performed for Content-Type "application/json" ("ParseHtmlContentType" Run-Time Setting is "TEXT"). URL="http://10.184.129.108/webapi/api/worklist/UpdateStatusByStudyInstanceUID"  	[MsgId: MMSG-26548]
Action.c(409): web_custom_request("web_custom_request") was successful, 130 body bytes, 259 header bytes  	[MsgId: MMSG-26386]
Action.c(419): Notify: Transaction "SetStatusOfReportWithoutExpand_NOTprinted" ended with a "Pass" status (Duration: 30.1369 Wasted Time: 0.0000).	[MsgId: MMSG-16871]
The result is:  false	[MsgId: MMSG-17999]
Action.c(425): Error: SetStatusOfReportWithoutExpand_NOTprinted fail	[MsgId: MERR-17999]
End auto log messages stack.	[MsgId: MMSG-10544]


Start auto log messages stack - Iteration 109.	[MsgId: MMSG-10545]
Action.c(723): web_reg_save_param started  	[MsgId: MMSG-26355]
Action.c(723): Registering web_reg_save_param was successful  	[MsgId: MMSG-26390]
Action.c(728): Notify: Transaction "SetStatusOfFilmWithExpand_printed" started.	[MsgId: MMSG-16999]
Action.c(730): web_custom_request("web_custom_request") started  	[MsgId: MMSG-26355]
Action.c(730): HTML parsing not performed for Content-Type "application/json" ("ParseHtmlContentType" Run-Time Setting is "TEXT"). URL="http://10.184.129.108/webapi/api/worklist/UpdateStatusByAccessionNumber"  	[MsgId: MMSG-26548]
Action.c(730): web_custom_request("web_custom_request") was successful, 142 body bytes, 259 header bytes  	[MsgId: MMSG-26386]
Action.c(740): Notify: Transaction "SetStatusOfFilmWithExpand_printed" ended with a "Pass" status (Duration: 36.2565 Wasted Time: 0.0000).	[MsgId: MMSG-16871]
The result is:  false	[MsgId: MMSG-17999]
Action.c(747): Error: SetStatusOfFilmWithExpand_printed fail	[MsgId: MERR-17999]
End auto log messages stack.	[MsgId: MMSG-10544]


Start auto log messages stack - Iteration 108.	[MsgId: MMSG-10545]
Action.c(520): web_reg_save_param started  	[MsgId: MMSG-26355]
Action.c(520): Registering web_reg_save_param was successful  	[MsgId: MMSG-26390]
Action.c(525): Notify: Transaction "SetStatusOfReportWithExpand_NOTprinted" started.	[MsgId: MMSG-16999]
Action.c(527): web_custom_request("web_custom_request") started  	[MsgId: MMSG-26355]
Action.c(527): HTML parsing not performed for Content-Type "application/json" ("ParseHtmlContentType" Run-Time Setting is "TEXT"). URL="http://10.184.129.108/webapi/api/worklist/UpdateStatusByStudyInstanceUID"  	[MsgId: MMSG-26548]
Action.c(527): web_custom_request("web_custom_request") was successful, 130 body bytes, 259 header bytes  	[MsgId: MMSG-26386]
Action.c(537): Notify: Transaction "SetStatusOfReportWithExpand_NOTprinted" ended with a "Pass" status (Duration: 30.0982 Wasted Time: 0.0000).	[MsgId: MMSG-16871]
The result is:  false	[MsgId: MMSG-17999]
Action.c(543): Error: SetStatusOfReportWithExpand_NOTprinted fail	[MsgId: MERR-17999]
End auto log messages stack.	[MsgId: MMSG-10544]


Start auto log messages stack - Iteration 113.	[MsgId: MMSG-10545]
Action.c(723): web_reg_save_param started  	[MsgId: MMSG-26355]
Action.c(723): Registering web_reg_save_param was successful  	[MsgId: MMSG-26390]
Action.c(728): Notify: Transaction "SetStatusOfFilmWithExpand_printed" started.	[MsgId: MMSG-16999]
Action.c(730): web_custom_request("web_custom_request") started  	[MsgId: MMSG-26355]
Action.c(730): HTML parsing not performed for Content-Type "application/json" ("ParseHtmlContentType" Run-Time Setting is "TEXT"). URL="http://10.184.129.108/webapi/api/worklist/UpdateStatusByAccessionNumber"  	[MsgId: MMSG-26548]
Action.c(730): web_custom_request("web_custom_request") was successful, 130 body bytes, 259 header bytes  	[MsgId: MMSG-26386]
Action.c(740): Notify: Transaction "SetStatusOfFilmWithExpand_printed" ended with a "Pass" status (Duration: 30.0790 Wasted Time: 0.0000).	[MsgId: MMSG-16871]
The result is:  false	[MsgId: MMSG-17999]
Action.c(747): Error: SetStatusOfFilmWithExpand_printed fail	[MsgId: MERR-17999]
End auto log messages stack.	[MsgId: MMSG-10544]


Start auto log messages stack - Iteration 123.	[MsgId: MMSG-10545]
Action.c(323): web_reg_save_param started  	[MsgId: MMSG-26355]
Action.c(323): Registering web_reg_save_param was successful  	[MsgId: MMSG-26390]
Action.c(329): Notify: Transaction "SetStatusOfReportWithoutExpand_unprinted" started.	[MsgId: MMSG-16999]
Action.c(331): web_custom_request("web_custom_request") started  	[MsgId: MMSG-26355]
Action.c(331): HTML parsing not performed for Content-Type "application/json" ("ParseHtmlContentType" Run-Time Setting is "TEXT"). URL="http://10.184.129.108/webapi/api/worklist/UpdateStatusByStudyInstanceUID"  	[MsgId: MMSG-26548]
Action.c(331): web_custom_request("web_custom_request") was successful, 130 body bytes, 259 header bytes  	[MsgId: MMSG-26386]
Action.c(342): Notify: Transaction "SetStatusOfReportWithoutExpand_unprinted" ended with a "Pass" status (Duration: 30.6530 Wasted Time: 0.0000).	[MsgId: MMSG-16871]
The result is:  false	[MsgId: MMSG-17999]
Action.c(348): Error: SetStatusOfReportWithoutExpand_unprinted fail	[MsgId: MERR-17999]
End auto log messages stack.	[MsgId: MMSG-10544]


Start auto log messages stack - Iteration 128.	[MsgId: MMSG-10545]
Action.c(520): web_reg_save_param started  	[MsgId: MMSG-26355]
Action.c(520): Registering web_reg_save_param was successful  	[MsgId: MMSG-26390]
Action.c(525): Notify: Transaction "SetStatusOfReportWithExpand_NOTprinted" started.	[MsgId: MMSG-16999]
Action.c(527): web_custom_request("web_custom_request") started  	[MsgId: MMSG-26355]
Action.c(527): HTML parsing not performed for Content-Type "application/json" ("ParseHtmlContentType" Run-Time Setting is "TEXT"). URL="http://10.184.129.108/webapi/api/worklist/UpdateStatusByStudyInstanceUID"  	[MsgId: MMSG-26548]
Action.c(527): web_custom_request("web_custom_request") was successful, 130 body bytes, 259 header bytes  	[MsgId: MMSG-26386]
Action.c(537): Notify: Transaction "SetStatusOfReportWithExpand_NOTprinted" ended with a "Pass" status (Duration: 30.1273 Wasted Time: 0.0000).	[MsgId: MMSG-16871]
The result is:  false	[MsgId: MMSG-17999]
Action.c(543): Error: SetStatusOfReportWithExpand_NOTprinted fail	[MsgId: MERR-17999]
End auto log messages stack.	[MsgId: MMSG-10544]


Start auto log messages stack - Iteration 130.	[MsgId: MMSG-10545]
Action.c(364): web_reg_save_param started  	[MsgId: MMSG-26355]
Action.c(364): Registering web_reg_save_param was successful  	[MsgId: MMSG-26390]
Action.c(368): Notify: Transaction "SetStatusOfReportWithoutExpand_printed" started.	[MsgId: MMSG-16999]
Action.c(370): web_custom_request("web_custom_request") started  	[MsgId: MMSG-26355]
Action.c(370): HTML parsing not performed for Content-Type "application/json" ("ParseHtmlContentType" Run-Time Setting is "TEXT"). URL="http://10.184.129.108/webapi/api/worklist/UpdateStatusByStudyInstanceUID"  	[MsgId: MMSG-26548]
Action.c(370): web_custom_request("web_custom_request") was successful, 130 body bytes, 259 header bytes  	[MsgId: MMSG-26386]
Action.c(380): Notify: Transaction "SetStatusOfReportWithoutExpand_printed" ended with a "Pass" status (Duration: 30.3653 Wasted Time: 0.0000).	[MsgId: MMSG-16871]
The result is:  false	[MsgId: MMSG-17999]
Action.c(386): Error: SetStatusOfReportWithoutExpand_printed fail	[MsgId: MERR-17999]
End auto log messages stack.	[MsgId: MMSG-10544]


Start auto log messages stack - Iteration 132.	[MsgId: MMSG-10545]
Action.c(566): web_reg_save_param started  	[MsgId: MMSG-26355]
Action.c(566): Registering web_reg_save_param was successful  	[MsgId: MMSG-26390]
Action.c(571): Notify: Transaction "SetStatusOfFilmWithoutExpand_unprinted" started.	[MsgId: MMSG-16999]
Action.c(573): web_custom_request("web_custom_request") started  	[MsgId: MMSG-26355]
Action.c(573): HTML parsing not performed for Content-Type "application/json" ("ParseHtmlContentType" Run-Time Setting is "TEXT"). URL="http://10.184.129.108/webapi/api/worklist/UpdateStatusByAccessionNumber"  	[MsgId: MMSG-26548]
Action.c(573): web_custom_request("web_custom_request") was successful, 130 body bytes, 259 header bytes  	[MsgId: MMSG-26386]
Action.c(583): Notify: Transaction "SetStatusOfFilmWithoutExpand_unprinted" ended with a "Pass" status (Duration: 30.4628 Wasted Time: 0.0000).	[MsgId: MMSG-16871]
The result is:  false	[MsgId: MMSG-17999]
Action.c(589): Error: SetStatusOfFilmWithoutExpand_unprinted fail	[MsgId: MERR-17999]
End auto log messages stack.	[MsgId: MMSG-10544]


Start auto log messages stack - Iteration 138.	[MsgId: MMSG-10545]
Action.c(683): web_reg_save_param started  	[MsgId: MMSG-26355]
Action.c(683): Registering web_reg_save_param was successful  	[MsgId: MMSG-26390]
Action.c(688): Notify: Transaction "SetStatusOfFilmWithExpand_unprinted" started.	[MsgId: MMSG-16999]
Action.c(690): web_custom_request("web_custom_request") started  	[MsgId: MMSG-26355]
Action.c(690): HTML parsing not performed for Content-Type "application/json" ("ParseHtmlContentType" Run-Time Setting is "TEXT"). URL="http://10.184.129.108/webapi/api/worklist/UpdateStatusByAccessionNumber"  	[MsgId: MMSG-26548]
Action.c(690): web_custom_request("web_custom_request") was successful, 87 body bytes, 258 header bytes  	[MsgId: MMSG-26386]
Action.c(700): Notify: Transaction "SetStatusOfFilmWithExpand_unprinted" ended with a "Pass" status (Duration: 7.0767 Wasted Time: 0.0000).	[MsgId: MMSG-16871]
The result is:  false	[MsgId: MMSG-17999]
Action.c(706): Error: SetStatusOfFilmWithExpand_unprinted fail	[MsgId: MERR-17999]
End auto log messages stack.	[MsgId: MMSG-10544]


Start auto log messages stack - Iteration 137.	[MsgId: MMSG-10545]
Action.c(683): web_reg_save_param started  	[MsgId: MMSG-26355]
Action.c(683): Registering web_reg_save_param was successful  	[MsgId: MMSG-26390]
Action.c(688): Notify: Transaction "SetStatusOfFilmWithExpand_unprinted" started.	[MsgId: MMSG-16999]
Action.c(690): web_custom_request("web_custom_request") started  	[MsgId: MMSG-26355]
Action.c(690): HTML parsing not performed for Content-Type "application/json" ("ParseHtmlContentType" Run-Time Setting is "TEXT"). URL="http://10.184.129.108/webapi/api/worklist/UpdateStatusByAccessionNumber"  	[MsgId: MMSG-26548]
Action.c(690): web_custom_request("web_custom_request") was successful, 87 body bytes, 258 header bytes  	[MsgId: MMSG-26386]
Action.c(700): Notify: Transaction "SetStatusOfFilmWithExpand_unprinted" ended with a "Pass" status (Duration: 14.0375 Wasted Time: 0.0000).	[MsgId: MMSG-16871]
The result is:  false	[MsgId: MMSG-17999]
Action.c(706): Error: SetStatusOfFilmWithExpand_unprinted fail	[MsgId: MERR-17999]
End auto log messages stack.	[MsgId: MMSG-10544]


Start auto log messages stack - Iteration 139.	[MsgId: MMSG-10545]
Action.c(520): web_reg_save_param started  	[MsgId: MMSG-26355]
Action.c(520): Registering web_reg_save_param was successful  	[MsgId: MMSG-26390]
Action.c(525): Notify: Transaction "SetStatusOfReportWithExpand_NOTprinted" started.	[MsgId: MMSG-16999]
Action.c(527): web_custom_request("web_custom_request") started  	[MsgId: MMSG-26355]
Action.c(527): HTML parsing not performed for Content-Type "application/json" ("ParseHtmlContentType" Run-Time Setting is "TEXT"). URL="http://10.184.129.108/webapi/api/worklist/UpdateStatusByStudyInstanceUID"  	[MsgId: MMSG-26548]
Action.c(527): web_custom_request("web_custom_request") was successful, 130 body bytes, 259 header bytes  	[MsgId: MMSG-26386]
Action.c(537): Notify: Transaction "SetStatusOfReportWithExpand_NOTprinted" ended with a "Pass" status (Duration: 30.0737 Wasted Time: 0.0000).	[MsgId: MMSG-16871]
The result is:  false	[MsgId: MMSG-17999]
Action.c(543): Error: SetStatusOfReportWithExpand_NOTprinted fail	[MsgId: MERR-17999]
End auto log messages stack.	[MsgId: MMSG-10544]


Start auto log messages stack - Iteration 146.	[MsgId: MMSG-10545]
Action.c(683): web_reg_save_param started  	[MsgId: MMSG-26355]
Action.c(683): Registering web_reg_save_param was successful  	[MsgId: MMSG-26390]
Action.c(688): Notify: Transaction "SetStatusOfFilmWithExpand_unprinted" started.	[MsgId: MMSG-16999]
Action.c(690): web_custom_request("web_custom_request") started  	[MsgId: MMSG-26355]
Action.c(690): HTML parsing not performed for Content-Type "application/json" ("ParseHtmlContentType" Run-Time Setting is "TEXT"). URL="http://10.184.129.108/webapi/api/worklist/UpdateStatusByAccessionNumber"  	[MsgId: MMSG-26548]
Action.c(690): web_custom_request("web_custom_request") was successful, 130 body bytes, 259 header bytes  	[MsgId: MMSG-26386]
Action.c(700): Notify: Transaction "SetStatusOfFilmWithExpand_unprinted" ended with a "Pass" status (Duration: 30.3601 Wasted Time: 0.0000).	[MsgId: MMSG-16871]
The result is:  false	[MsgId: MMSG-17999]
Action.c(706): Error: SetStatusOfFilmWithExpand_unprinted fail	[MsgId: MERR-17999]
End auto log messages stack.	[MsgId: MMSG-10544]


Start auto log messages stack - Iteration 143.	[MsgId: MMSG-10545]
Action.c(683): web_reg_save_param started  	[MsgId: MMSG-26355]
Action.c(683): Registering web_reg_save_param was successful  	[MsgId: MMSG-26390]
Action.c(688): Notify: Transaction "SetStatusOfFilmWithExpand_unprinted" started.	[MsgId: MMSG-16999]
Action.c(690): web_custom_request("web_custom_request") started  	[MsgId: MMSG-26355]
Action.c(690): HTML parsing not performed for Content-Type "application/json" ("ParseHtmlContentType" Run-Time Setting is "TEXT"). URL="http://10.184.129.108/webapi/api/worklist/UpdateStatusByAccessionNumber"  	[MsgId: MMSG-26548]
Action.c(690): web_custom_request("web_custom_request") was successful, 87 body bytes, 258 header bytes  	[MsgId: MMSG-26386]
Action.c(700): Notify: Transaction "SetStatusOfFilmWithExpand_unprinted" ended with a "Pass" status (Duration: 21.0529 Wasted Time: 0.0000).	[MsgId: MMSG-16871]
The result is:  false	[MsgId: MMSG-17999]
Action.c(706): Error: SetStatusOfFilmWithExpand_unprinted fail	[MsgId: MERR-17999]
End auto log messages stack.	[MsgId: MMSG-10544]


Start auto log messages stack - Iteration 152.	[MsgId: MMSG-10545]
Action.c(763): web_reg_save_param started  	[MsgId: MMSG-26355]
Action.c(763): Registering web_reg_save_param was successful  	[MsgId: MMSG-26390]
Action.c(769): Notify: Transaction "SetStatusOfFilmWithExpand_NOTprinted" started.	[MsgId: MMSG-16999]
Action.c(771): web_custom_request("web_custom_request") started  	[MsgId: MMSG-26355]
Action.c(771): HTML parsing not performed for Content-Type "application/json" ("ParseHtmlContentType" Run-Time Setting is "TEXT"). URL="http://10.184.129.108/webapi/api/worklist/UpdateStatusByAccessionNumber"  	[MsgId: MMSG-26548]
Action.c(771): web_custom_request("web_custom_request") was successful, 130 body bytes, 259 header bytes  	[MsgId: MMSG-26386]
Action.c(781): Notify: Transaction "SetStatusOfFilmWithExpand_NOTprinted" ended with a "Pass" status (Duration: 30.3110 Wasted Time: 0.0000).	[MsgId: MMSG-16871]
The result is:  false	[MsgId: MMSG-17999]
Action.c(787): Error: SetStatusOfFilmWithExpand_NOTprinted fail	[MsgId: MERR-17999]
End auto log messages stack.	[MsgId: MMSG-10544]


Start auto log messages stack - Iteration 144.	[MsgId: MMSG-10545]
Action.c(402): web_reg_save_param started  	[MsgId: MMSG-26355]
Action.c(402): Registering web_reg_save_param was successful  	[MsgId: MMSG-26390]
Action.c(407): Notify: Transaction "SetStatusOfReportWithoutExpand_NOTprinted" started.	[MsgId: MMSG-16999]
Action.c(409): web_custom_request("web_custom_request") started  	[MsgId: MMSG-26355]
Action.c(409): HTML parsing not performed for Content-Type "application/json" ("ParseHtmlContentType" Run-Time Setting is "TEXT"). URL="http://10.184.129.108/webapi/api/worklist/UpdateStatusByStudyInstanceUID"  	[MsgId: MMSG-26548]
Action.c(409): web_custom_request("web_custom_request") was successful, 130 body bytes, 259 header bytes  	[MsgId: MMSG-26386]
Action.c(419): Notify: Transaction "SetStatusOfReportWithoutExpand_NOTprinted" ended with a "Pass" status (Duration: 30.2907 Wasted Time: 0.0000).	[MsgId: MMSG-16871]
The result is:  false	[MsgId: MMSG-17999]
Action.c(425): Error: SetStatusOfReportWithoutExpand_NOTprinted fail	[MsgId: MERR-17999]
End auto log messages stack.	[MsgId: MMSG-10544]


Start auto log messages stack - Iteration 147.	[MsgId: MMSG-10545]
Action.c(566): web_reg_save_param started  	[MsgId: MMSG-26355]
Action.c(566): Registering web_reg_save_param was successful  	[MsgId: MMSG-26390]
Action.c(571): Notify: Transaction "SetStatusOfFilmWithoutExpand_unprinted" started.	[MsgId: MMSG-16999]
Action.c(573): web_custom_request("web_custom_request") started  	[MsgId: MMSG-26355]
Action.c(573): HTML parsing not performed for Content-Type "application/json" ("ParseHtmlContentType" Run-Time Setting is "TEXT"). URL="http://10.184.129.108/webapi/api/worklist/UpdateStatusByAccessionNumber"  	[MsgId: MMSG-26548]
Action.c(573): web_custom_request("web_custom_request") was successful, 130 body bytes, 259 header bytes  	[MsgId: MMSG-26386]
Action.c(583): Notify: Transaction "SetStatusOfFilmWithoutExpand_unprinted" ended with a "Pass" status (Duration: 30.1237 Wasted Time: 0.0000).	[MsgId: MMSG-16871]
The result is:  false	[MsgId: MMSG-17999]
Action.c(589): Error: SetStatusOfFilmWithoutExpand_unprinted fail	[MsgId: MERR-17999]
End auto log messages stack.	[MsgId: MMSG-10544]


