Start auto log messages stack - Iteration 3.	[MsgId: MMSG-10545]
Action.c(364): web_reg_save_param started  	[MsgId: MMSG-26355]
Action.c(364): Registering web_reg_save_param was successful  	[MsgId: MMSG-26390]
Action.c(368): Notify: Transaction "SetStatusOfReportWithoutExpand_printed" started.	[MsgId: MMSG-16999]
Action.c(370): web_custom_request("web_custom_request") started  	[MsgId: MMSG-26355]
Action.c(370): HTML parsing not performed for Content-Type "application/json" ("ParseHtmlContentType" Run-Time Setting is "TEXT"). URL="http://10.184.129.108/webapi/api/worklist/UpdateStatusByStudyInstanceUID"  	[MsgId: MMSG-26548]
Action.c(370): web_custom_request("web_custom_request") was successful, 130 body bytes, 259 header bytes  	[MsgId: MMSG-26386]
Action.c(380): Notify: Transaction "SetStatusOfReportWithoutExpand_printed" ended with a "Pass" status (Duration: 30.3791 Wasted Time: 0.0000).	[MsgId: MMSG-16871]
The result is:  false	[MsgId: MMSG-17999]
Action.c(386): Error: SetStatusOfReportWithoutExpand_printed fail	[MsgId: MERR-17999]
End auto log messages stack.	[MsgId: MMSG-10544]


Start auto log messages stack - Iteration 3.	[MsgId: MMSG-10545]
Action.c(364): web_reg_save_param started  	[MsgId: MMSG-26355]
Action.c(364): Registering web_reg_save_param was successful  	[MsgId: MMSG-26390]
Action.c(368): Notify: Transaction "SetStatusOfReportWithoutExpand_printed" started.	[MsgId: MMSG-16999]
Action.c(370): web_custom_request("web_custom_request") started  	[MsgId: MMSG-26355]
Action.c(370): HTML parsing not performed for Content-Type "application/json" ("ParseHtmlContentType" Run-Time Setting is "TEXT"). URL="http://10.184.129.108/webapi/api/worklist/UpdateStatusByStudyInstanceUID"  	[MsgId: MMSG-26548]
Action.c(370): web_custom_request("web_custom_request") was successful, 130 body bytes, 259 header bytes  	[MsgId: MMSG-26386]
Action.c(380): Notify: Transaction "SetStatusOfReportWithoutExpand_printed" ended with a "Pass" status (Duration: 30.1655 Wasted Time: 0.0000).	[MsgId: MMSG-16871]
The result is:  false	[MsgId: MMSG-17999]
Action.c(386): Error: SetStatusOfReportWithoutExpand_printed fail	[MsgId: MERR-17999]
End auto log messages stack.	[MsgId: MMSG-10544]


Start auto log messages stack - Iteration 2.	[MsgId: MMSG-10545]
Action.c(402): web_reg_save_param started  	[MsgId: MMSG-26355]
Action.c(402): Registering web_reg_save_param was successful  	[MsgId: MMSG-26390]
Action.c(407): Notify: Transaction "SetStatusOfReportWithoutExpand_NOTprinted" started.	[MsgId: MMSG-16999]
Action.c(409): web_custom_request("web_custom_request") started  	[MsgId: MMSG-26355]
Action.c(409): HTML parsing not performed for Content-Type "application/json" ("ParseHtmlContentType" Run-Time Setting is "TEXT"). URL="http://10.184.129.108/webapi/api/worklist/UpdateStatusByStudyInstanceUID"  	[MsgId: MMSG-26548]
Action.c(409): web_custom_request("web_custom_request") was successful, 130 body bytes, 259 header bytes  	[MsgId: MMSG-26386]
Action.c(419): Notify: Transaction "SetStatusOfReportWithoutExpand_NOTprinted" ended with a "Pass" status (Duration: 31.1942 Wasted Time: 0.0000).	[MsgId: MMSG-16871]
The result is:  false	[MsgId: MMSG-17999]
Action.c(425): Error: SetStatusOfReportWithoutExpand_NOTprinted fail	[MsgId: MERR-17999]
End auto log messages stack.	[MsgId: MMSG-10544]


