Start auto log messages stack - Iteration 3.	[MsgId: MMSG-10545]
Action.c(137): Create print task failed. Try again. The accession number is A20180912102540260,K2_5,1	[MsgId: MMSG-17999]
Action.c(138): Notify: Transaction "Fim GetTaskID_fail" ended with "Pass" status (Duration: 0.0002).	[MsgId: MMSG-16873]
Action.c(141): Notify: Parameter Substitution: parameter "TaskID" =  ""	[MsgId: MMSG-13992]
Action.c(105): lr_think_time: 5.00 seconds.	[MsgId: MMSG-15948]
Action.c(108): Registering web_reg_save_param was successful  	[MsgId: MMSG-26390]
Action.c(114): Notify: Transaction "Film Create_PrintTask" started.	[MsgId: MMSG-16999]
Action.c(116): Warning -26593: The header being added may cause unpredictable results when applied to all ensuing URLs. It is added anyway  	[MsgId: MWAR-26593]
Action.c(116): web_add_auto_header("content-type") highest severity level was "warning"  	[MsgId: MMSG-26391]
Action.c(118): Notify: Parameter Substitution: parameter "K2Terminal" =  "K2_5"	[MsgId: MMSG-13992]
Action.c(118): Notify: Parameter Substitution: parameter "ACCNum" =  "A20180912102540260"	[MsgId: MMSG-13992]
Action.c(118): Notify: Parameter Substitution: parameter "CurrentTime" =  "2018-09-18 11:07:30"	[MsgId: MMSG-13992]
Action.c(118): Continuing after Error -27728: Step download timeout (120 seconds) has expired  	[MsgId: MERR-27728]
End auto log messages stack.	[MsgId: MMSG-10544]


Start auto log messages stack - Iteration 1.	[MsgId: MMSG-10545]
Action.c(193):     atus":8,"PrintStatus":0}],"ReportPrinters":[],"PrintTaskID":null}}}
Action.c(193): Notify: Saving Parameter "TaskStatus = 3".	[MsgId: MMSG-13798]
Action.c(193): web_custom_request("web_custom_request") was successful, 781 body bytes, 259 header bytes  	[MsgId: MMSG-26386]
Action.c(203): Notify: Transaction "Film_PrintStatus_CheckService" ended with "Pass" status (Duration: 2.5875 Wasted Time: 0.0000).	[MsgId: MMSG-16871]
Action.c(205): Notify: Parameter Substitution: parameter "TaskStatus" =  "3"	[MsgId: MMSG-13992]
Action.c(205): PrintStatus in DataBase-------,3	[MsgId: MMSG-17999]
Action.c(206): Notify: Parameter Substitution: parameter "TaskStatus" =  "3"	[MsgId: MMSG-13992]
Action.c(207): PrintStatus Check result-------,-1	[MsgId: MMSG-17999]
Action.c(212): PrintStatus-------,30	[MsgId: MMSG-17999]
Action.c(245): Notify: Transaction "Film PrintTask_Result_Fail" started.	[MsgId: MMSG-16999]
Action.c(246): Notify: Parameter Substitution: parameter "TaskID" =  "5076151"	[MsgId: MMSG-13992]
Action.c(246): Notify: Parameter Substitution: parameter "K2Terminal" =  "K2_7"	[MsgId: MMSG-13992]
Action.c(246): Error: The task do not finish correct: TaskID: 5076151  From Terminal: K2_7	[MsgId: MERR-17999]
End auto log messages stack.	[MsgId: MMSG-10544]


Start auto log messages stack - Iteration 1.	[MsgId: MMSG-10545]
Start auto log messages stack - Iteration 1.	[MsgId: MMSG-10545]
Action.c(193):     "2","ErrorCode":"","RawErrorCodes":null,"PMDate":null,"PMCount":0,"FRCount":0,"Status":8,"
Action.c(193):     tus":8,"PrintStatus":0}],"ReportPrinters":[],"PrintTaskID":null}}}
Action.c(193):     PrintStatus":0}],"ReportPrinters":[],"PrintTaskID":null}}}
Action.c(193): Notify: Saving Parameter "TaskStatus = 3".	[MsgId: MMSG-13798]
Action.c(193): Notify: Saving Parameter "TaskStatus = 3".	[MsgId: MMSG-13798]
Action.c(193): web_custom_request("web_custom_request") was successful, 780 body bytes, 259 header bytes  	[MsgId: MMSG-26386]
Action.c(193): web_custom_request("web_custom_request") was successful, 772 body bytes, 259 header bytes  	[MsgId: MMSG-26386]
Action.c(203): Notify: Transaction "Film_PrintStatus_CheckService" ended with "Pass" status (Duration: 1.1138 Wasted Time: 0.0000).	[MsgId: MMSG-16871]
Action.c(203): Notify: Transaction "Film_PrintStatus_CheckService" ended with "Pass" status (Duration: 1.1287 Wasted Time: 0.0000).	[MsgId: MMSG-16871]
Action.c(205): Notify: Parameter Substitution: parameter "TaskStatus" =  "3"	[MsgId: MMSG-13992]
Action.c(205): Notify: Parameter Substitution: parameter "TaskStatus" =  "3"	[MsgId: MMSG-13992]
Action.c(205): PrintStatus in DataBase-------,3	[MsgId: MMSG-17999]
Action.c(205): PrintStatus in DataBase-------,3	[MsgId: MMSG-17999]
Action.c(206): Notify: Parameter Substitution: parameter "TaskStatus" =  "3"	[MsgId: MMSG-13992]
Action.c(206): Notify: Parameter Substitution: parameter "TaskStatus" =  "3"	[MsgId: MMSG-13992]
Action.c(207): PrintStatus Check result-------,-1	[MsgId: MMSG-17999]
Action.c(207): PrintStatus Check result-------,-1	[MsgId: MMSG-17999]
Action.c(212): PrintStatus-------,30	[MsgId: MMSG-17999]
Action.c(212): PrintStatus-------,30	[MsgId: MMSG-17999]
Action.c(245): Notify: Transaction "Film PrintTask_Result_Fail" started.	[MsgId: MMSG-16999]
Action.c(245): Notify: Transaction "Film PrintTask_Result_Fail" started.	[MsgId: MMSG-16999]
Action.c(246): Notify: Parameter Substitution: parameter "TaskID" =  "5076150"	[MsgId: MMSG-13992]
Action.c(246): Notify: Parameter Substitution: parameter "TaskID" =  "5076156"	[MsgId: MMSG-13992]
Action.c(246): Notify: Parameter Substitution: parameter "K2Terminal" =  "K2_6"	[MsgId: MMSG-13992]
Action.c(246): Notify: Parameter Substitution: parameter "K2Terminal" =  "K2_8"	[MsgId: MMSG-13992]
Action.c(246): Error: The task do not finish correct: TaskID: 5076156  From Terminal: K2_8	[MsgId: MERR-17999]
Action.c(246): Error: The task do not finish correct: TaskID: 5076150  From Terminal: K2_6	[MsgId: MERR-17999]
End auto log messages stack.	[MsgId: MMSG-10544]


End auto log messages stack.	[MsgId: MMSG-10544]


Start auto log messages stack - Iteration 3.	[MsgId: MMSG-10545]
Start auto log messages stack - Iteration 4.	[MsgId: MMSG-10545]
Start auto log messages stack - Iteration 2.	[MsgId: MMSG-10545]
Action.c(193):     \r\n
Action.c(193): t=581163ms: 326-byte response body for "http://10.184.129.108/EHDPS/printtask/status/5076158?tid=K2_4" (RelFrameId=1, Internal ID=37)
Action.c(193):     <!DOCTYPE HTML PUBLIC "-//W3C//DTD HTML 4.01//EN""http://www.w3.org/TR/html4/strict.dtd">\r
Action.c(193):     \n
Action.c(193):     <HTML><HEAD><TITLE>Service Unavailable</TITLE>\r\n
Action.c(193):     <META HTTP-EQUIV="Content-Type" Content="text/html; charset=us-ascii"></HEAD>\r\n
Action.c(193):     <BODY><h2>Service Unavailable</h2>\r\n
Action.c(193):     \r\n
Action.c(193):     <hr><p>HTTP Error 503. The service is unavailable.</p>\r\n
Action.c(193):     </BODY></HTML>\r\n
Action.c(193): t=581161ms: 326-byte response body for "http://10.184.129.108/EHDPS/printtask/status/5076167?tid=K2_3" (RelFrameId=1, Internal ID=37)
Action.c(193): Continuing after Error -26609: HTTP Status-Code=503 (Service Unavailable) for "http://10.184.129.108/EHDPS/printtask/status/5076158?tid=K2_4"  	[MsgId: MERR-26609]
Action.c(193):     <!DOCTYPE HTML PUBLIC "-//W3C//DTD HTML 4.01//EN""http://www.w3.org/TR/html4/strict.dtd">\r
Action.c(193):     \n
Action.c(193):     <HTML><HEAD><TITLE>Service Unavailable</TITLE>\r\n
Action.c(193):     <META HTTP-EQUIV="Content-Type" Content="text/html; charset=us-ascii"></HEAD>\r\n
Action.c(193): Continuing after Error -26377: No match found for the requested parameter "TaskStatus". Check whether the requested boundaries exist in the response data. Also, if the data you want to save exceeds 10240 bytes, use web_set_max_html_param_len to increase the parameter size  	[MsgId: MERR-26377]
End auto log messages stack.	[MsgId: MMSG-10544]
Action.c(193):     <BODY><h2>Service Unavailable</h2>\r\n


Action.c(193):     <hr><p>HTTP Error 503. The service is unavailable.</p>\r\n
Action.c(193):     </BODY></HTML>\r\n
Action.c(193): Continuing after Error -26609: HTTP Status-Code=503 (Service Unavailable) for "http://10.184.129.108/EHDPS/printtask/status/5076167?tid=K2_3"  	[MsgId: MERR-26609]
Action.c(193): Continuing after Error -26377: No match found for the requested parameter "TaskStatus". Check whether the requested boundaries exist in the response data. Also, if the data you want to save exceeds 10240 bytes, use web_set_max_html_param_len to increase the parameter size  	[MsgId: MERR-26377]
End auto log messages stack.	[MsgId: MMSG-10544]


Action.c(193):     \r\n
Action.c(193): t=581161ms: 326-byte response body for "http://10.184.129.108/EHDPS/printtask/status/5076165?tid=K2_1" (RelFrameId=1, Internal ID=39)
Action.c(193):     <!DOCTYPE HTML PUBLIC "-//W3C//DTD HTML 4.01//EN""http://www.w3.org/TR/html4/strict.dtd">\r
Action.c(193):     \n
Action.c(193):     <HTML><HEAD><TITLE>Service Unavailable</TITLE>\r\n
Action.c(193):     <META HTTP-EQUIV="Content-Type" Content="text/html; charset=us-ascii"></HEAD>\r\n
Action.c(193):     <BODY><h2>Service Unavailable</h2>\r\n
Action.c(193):     <hr><p>HTTP Error 503. The service is unavailable.</p>\r\n
Action.c(193):     </BODY></HTML>\r\n
Action.c(193): Continuing after Error -26609: HTTP Status-Code=503 (Service Unavailable) for "http://10.184.129.108/EHDPS/printtask/status/5076165?tid=K2_1"  	[MsgId: MERR-26609]
Action.c(193): Continuing after Error -26377: No match found for the requested parameter "TaskStatus". Check whether the requested boundaries exist in the response data. Also, if the data you want to save exceeds 10240 bytes, use web_set_max_html_param_len to increase the parameter size  	[MsgId: MERR-26377]
End auto log messages stack.	[MsgId: MMSG-10544]


Start auto log messages stack - Iteration 3.	[MsgId: MMSG-10545]
Start auto log messages stack - Iteration 3.	[MsgId: MMSG-10545]
Action.c(193):     \r\n
Action.c(193): t=582454ms: 326-byte response body for "http://10.184.129.108/EHDPS/printtask/status/5076168?tid=K2_5" (RelFrameId=1, Internal ID=27)
Action.c(193):     <!DOCTYPE HTML PUBLIC "-//W3C//DTD HTML 4.01//EN""http://www.w3.org/TR/html4/strict.dtd">\r
Action.c(193):     \n
Action.c(193):     <HTML><HEAD><TITLE>Service Unavailable</TITLE>\r\n
Action.c(193):     <META HTTP-EQUIV="Content-Type" Content="text/html; charset=us-ascii"></HEAD>\r\n
Action.c(193):     <BODY><h2>Service Unavailable</h2>\r\n
Action.c(193):     <hr><p>HTTP Error 503. The service is unavailable.</p>\r\n
Action.c(193):     </BODY></HTML>\r\n
Action.c(193): Continuing after Error -26609: HTTP Status-Code=503 (Service Unavailable) for "http://10.184.129.108/EHDPS/printtask/status/5076168?tid=K2_5"  	[MsgId: MERR-26609]
Action.c(193): Continuing after Error -26377: No match found for the requested parameter "TaskStatus". Check whether the requested boundaries exist in the response data. Also, if the data you want to save exceeds 10240 bytes, use web_set_max_html_param_len to increase the parameter size  	[MsgId: MERR-26377]
End auto log messages stack.	[MsgId: MMSG-10544]


Action.c(193):     \r\n
Action.c(193): t=582454ms: 326-byte response body for "http://10.184.129.108/EHDPS/printtask/status/5076163?tid=K2_2" (RelFrameId=1, Internal ID=40)
Action.c(193):     <!DOCTYPE HTML PUBLIC "-//W3C//DTD HTML 4.01//EN""http://www.w3.org/TR/html4/strict.dtd">\r
Action.c(193):     \n
Action.c(193):     <HTML><HEAD><TITLE>Service Unavailable</TITLE>\r\n
Action.c(193):     <META HTTP-EQUIV="Content-Type" Content="text/html; charset=us-ascii"></HEAD>\r\n
Action.c(193):     <BODY><h2>Service Unavailable</h2>\r\n
Action.c(193):     <hr><p>HTTP Error 503. The service is unavailable.</p>\r\n
Action.c(193):     </BODY></HTML>\r\n
Action.c(193): Continuing after Error -26609: HTTP Status-Code=503 (Service Unavailable) for "http://10.184.129.108/EHDPS/printtask/status/5076163?tid=K2_2"  	[MsgId: MERR-26609]
Action.c(193): Continuing after Error -26377: No match found for the requested parameter "TaskStatus". Check whether the requested boundaries exist in the response data. Also, if the data you want to save exceeds 10240 bytes, use web_set_max_html_param_len to increase the parameter size  	[MsgId: MERR-26377]
End auto log messages stack.	[MsgId: MMSG-10544]


Start auto log messages stack - Iteration 3.	[MsgId: MMSG-10545]
Start auto log messages stack - Iteration 4.	[MsgId: MMSG-10545]
Action.c(193):     \r\n
Action.c(193):     \r\n
Action.c(193): t=591176ms: 315-byte response body for "http://10.184.129.108/EHDPS/printtask/status/5076165?tid=K2_1" (RelFrameId=1, Internal ID=40)
Action.c(193): t=591176ms: 315-byte response body for "http://10.184.129.108/EHDPS/printtask/status/5076167?tid=K2_3" (RelFrameId=1, Internal ID=38)
Action.c(193):     <!DOCTYPE HTML PUBLIC "-//W3C//DTD HTML 4.01//EN""http://www.w3.org/TR/html4/strict.dtd">\r
Action.c(193):     <!DOCTYPE HTML PUBLIC "-//W3C//DTD HTML 4.01//EN""http://www.w3.org/TR/html4/strict.dtd">\r
Action.c(193):     \n
Action.c(193):     \n
Action.c(193):     <HTML><HEAD><TITLE>Not Found</TITLE>\r\n
Action.c(193):     <HTML><HEAD><TITLE>Not Found</TITLE>\r\n
Action.c(193):     <META HTTP-EQUIV="Content-Type" Content="text/html; charset=us-ascii"></HEAD>\r\n
Action.c(193):     <META HTTP-EQUIV="Content-Type" Content="text/html; charset=us-ascii"></HEAD>\r\n
Action.c(193):     <BODY><h2>Not Found</h2>\r\n
Action.c(193):     <BODY><h2>Not Found</h2>\r\n
Action.c(193):     <hr><p>HTTP Error 404. The requested resource is not found.</p>\r\n
Action.c(193):     <hr><p>HTTP Error 404. The requested resource is not found.</p>\r\n
Action.c(193):     </BODY></HTML>\r\n
Action.c(193):     </BODY></HTML>\r\n
Action.c(193): Continuing after Error -26627: HTTP Status-Code=404 (Not Found) for "http://10.184.129.108/EHDPS/printtask/status/5076165?tid=K2_1"  	[MsgId: MERR-26627]
Action.c(193): Continuing after Error -26627: HTTP Status-Code=404 (Not Found) for "http://10.184.129.108/EHDPS/printtask/status/5076167?tid=K2_3"  	[MsgId: MERR-26627]
Action.c(193): Continuing after Error -26377: No match found for the requested parameter "TaskStatus". Check whether the requested boundaries exist in the response data. Also, if the data you want to save exceeds 10240 bytes, use web_set_max_html_param_len to increase the parameter size  	[MsgId: MERR-26377]
End auto log messages stack.	[MsgId: MMSG-10544]


Action.c(193): Continuing after Error -26377: No match found for the requested parameter "TaskStatus". Check whether the requested boundaries exist in the response data. Also, if the data you want to save exceeds 10240 bytes, use web_set_max_html_param_len to increase the parameter size  	[MsgId: MERR-26377]
End auto log messages stack.	[MsgId: MMSG-10544]


Start auto log messages stack - Iteration 2.	[MsgId: MMSG-10545]
Action.c(193):     \r\n
Action.c(193): t=591178ms: 315-byte response body for "http://10.184.129.108/EHDPS/printtask/status/5076158?tid=K2_4" (RelFrameId=1, Internal ID=38)
Action.c(193):     <!DOCTYPE HTML PUBLIC "-//W3C//DTD HTML 4.01//EN""http://www.w3.org/TR/html4/strict.dtd">\r
Action.c(193):     \n
Action.c(193):     <HTML><HEAD><TITLE>Not Found</TITLE>\r\n
Action.c(193):     <META HTTP-EQUIV="Content-Type" Content="text/html; charset=us-ascii"></HEAD>\r\n
Action.c(193):     <BODY><h2>Not Found</h2>\r\n
Action.c(193):     <hr><p>HTTP Error 404. The requested resource is not found.</p>\r\n
Action.c(193):     </BODY></HTML>\r\n
Action.c(193): Continuing after Error -26627: HTTP Status-Code=404 (Not Found) for "http://10.184.129.108/EHDPS/printtask/status/5076158?tid=K2_4"  	[MsgId: MERR-26627]
Action.c(193): Continuing after Error -26377: No match found for the requested parameter "TaskStatus". Check whether the requested boundaries exist in the response data. Also, if the data you want to save exceeds 10240 bytes, use web_set_max_html_param_len to increase the parameter size  	[MsgId: MERR-26377]
End auto log messages stack.	[MsgId: MMSG-10544]


Start auto log messages stack - Iteration 3.	[MsgId: MMSG-10545]
Start auto log messages stack - Iteration 3.	[MsgId: MMSG-10545]
Action.c(193):     \r\n
Action.c(193):     \r\n
Action.c(193): t=592471ms: 315-byte response body for "http://10.184.129.108/EHDPS/printtask/status/5076168?tid=K2_5" (RelFrameId=1, Internal ID=28)
Action.c(193): t=592471ms: 315-byte response body for "http://10.184.129.108/EHDPS/printtask/status/5076163?tid=K2_2" (RelFrameId=1, Internal ID=41)
Action.c(193):     <!DOCTYPE HTML PUBLIC "-//W3C//DTD HTML 4.01//EN""http://www.w3.org/TR/html4/strict.dtd">\r
Action.c(193):     <!DOCTYPE HTML PUBLIC "-//W3C//DTD HTML 4.01//EN""http://www.w3.org/TR/html4/strict.dtd">\r
Action.c(193):     \n
Action.c(193):     \n
Action.c(193):     <HTML><HEAD><TITLE>Not Found</TITLE>\r\n
Action.c(193):     <HTML><HEAD><TITLE>Not Found</TITLE>\r\n
Action.c(193):     <META HTTP-EQUIV="Content-Type" Content="text/html; charset=us-ascii"></HEAD>\r\n
Action.c(193):     <META HTTP-EQUIV="Content-Type" Content="text/html; charset=us-ascii"></HEAD>\r\n
Action.c(193):     <BODY><h2>Not Found</h2>\r\n
Action.c(193):     <BODY><h2>Not Found</h2>\r\n
Action.c(193):     <hr><p>HTTP Error 404. The requested resource is not found.</p>\r\n
Action.c(193):     <hr><p>HTTP Error 404. The requested resource is not found.</p>\r\n
Action.c(193):     </BODY></HTML>\r\n
Action.c(193):     </BODY></HTML>\r\n
Action.c(193): Continuing after Error -26627: HTTP Status-Code=404 (Not Found) for "http://10.184.129.108/EHDPS/printtask/status/5076168?tid=K2_5"  	[MsgId: MERR-26627]
Action.c(193): Continuing after Error -26627: HTTP Status-Code=404 (Not Found) for "http://10.184.129.108/EHDPS/printtask/status/5076163?tid=K2_2"  	[MsgId: MERR-26627]
Action.c(193): Continuing after Error -26377: No match found for the requested parameter "TaskStatus". Check whether the requested boundaries exist in the response data. Also, if the data you want to save exceeds 10240 bytes, use web_set_max_html_param_len to increase the parameter size  	[MsgId: MERR-26377]
Action.c(193): Continuing after Error -26377: No match found for the requested parameter "TaskStatus". Check whether the requested boundaries exist in the response data. Also, if the data you want to save exceeds 10240 bytes, use web_set_max_html_param_len to increase the parameter size  	[MsgId: MERR-26377]
End auto log messages stack.	[MsgId: MMSG-10544]


End auto log messages stack.	[MsgId: MMSG-10544]


Start auto log messages stack - Iteration 4.	[MsgId: MMSG-10545]
Start auto log messages stack - Iteration 3.	[MsgId: MMSG-10545]
Start auto log messages stack - Iteration 2.	[MsgId: MMSG-10545]
Action.c(193):     \r\n
Action.c(193):     \r\n
Action.c(193):     \r\n
Action.c(193): t=601191ms: 315-byte response body for "http://10.184.129.108/EHDPS/printtask/status/5076167?tid=K2_3" (RelFrameId=1, Internal ID=39)
Action.c(193): t=601191ms: 315-byte response body for "http://10.184.129.108/EHDPS/printtask/status/5076165?tid=K2_1" (RelFrameId=1, Internal ID=41)
Action.c(193): t=601191ms: 315-byte response body for "http://10.184.129.108/EHDPS/printtask/status/5076158?tid=K2_4" (RelFrameId=1, Internal ID=39)
Action.c(193):     <!DOCTYPE HTML PUBLIC "-//W3C//DTD HTML 4.01//EN""http://www.w3.org/TR/html4/strict.dtd">\r
Action.c(193):     <!DOCTYPE HTML PUBLIC "-//W3C//DTD HTML 4.01//EN""http://www.w3.org/TR/html4/strict.dtd">\r
Action.c(193):     <!DOCTYPE HTML PUBLIC "-//W3C//DTD HTML 4.01//EN""http://www.w3.org/TR/html4/strict.dtd">\r
Action.c(193):     \n
Action.c(193):     \n
Action.c(193):     \n
Action.c(193):     <HTML><HEAD><TITLE>Not Found</TITLE>\r\n
Action.c(193):     <HTML><HEAD><TITLE>Not Found</TITLE>\r\n
Action.c(193):     <HTML><HEAD><TITLE>Not Found</TITLE>\r\n
Action.c(193):     <META HTTP-EQUIV="Content-Type" Content="text/html; charset=us-ascii"></HEAD>\r\n
Action.c(193):     <META HTTP-EQUIV="Content-Type" Content="text/html; charset=us-ascii"></HEAD>\r\n
Action.c(193):     <META HTTP-EQUIV="Content-Type" Content="text/html; charset=us-ascii"></HEAD>\r\n
Action.c(193):     <BODY><h2>Not Found</h2>\r\n
Action.c(193):     <BODY><h2>Not Found</h2>\r\n
Action.c(193):     <BODY><h2>Not Found</h2>\r\n
Action.c(193):     <hr><p>HTTP Error 404. The requested resource is not found.</p>\r\n
Action.c(193):     <hr><p>HTTP Error 404. The requested resource is not found.</p>\r\n
Action.c(193):     <hr><p>HTTP Error 404. The requested resource is not found.</p>\r\n
Action.c(193):     </BODY></HTML>\r\n
Action.c(193):     </BODY></HTML>\r\n
Action.c(193):     </BODY></HTML>\r\n
Action.c(193): Continuing after Error -26627: HTTP Status-Code=404 (Not Found) for "http://10.184.129.108/EHDPS/printtask/status/5076167?tid=K2_3"  	[MsgId: MERR-26627]
Action.c(193): Continuing after Error -26627: HTTP Status-Code=404 (Not Found) for "http://10.184.129.108/EHDPS/printtask/status/5076165?tid=K2_1"  	[MsgId: MERR-26627]
Action.c(193): Continuing after Error -26627: HTTP Status-Code=404 (Not Found) for "http://10.184.129.108/EHDPS/printtask/status/5076158?tid=K2_4"  	[MsgId: MERR-26627]
Action.c(193): Continuing after Error -26377: No match found for the requested parameter "TaskStatus". Check whether the requested boundaries exist in the response data. Also, if the data you want to save exceeds 10240 bytes, use web_set_max_html_param_len to increase the parameter size  	[MsgId: MERR-26377]
Action.c(193): Continuing after Error -26377: No match found for the requested parameter "TaskStatus". Check whether the requested boundaries exist in the response data. Also, if the data you want to save exceeds 10240 bytes, use web_set_max_html_param_len to increase the parameter size  	[MsgId: MERR-26377]
Action.c(193): Continuing after Error -26377: No match found for the requested parameter "TaskStatus". Check whether the requested boundaries exist in the response data. Also, if the data you want to save exceeds 10240 bytes, use web_set_max_html_param_len to increase the parameter size  	[MsgId: MERR-26377]
End auto log messages stack.	[MsgId: MMSG-10544]
End auto log messages stack.	[MsgId: MMSG-10544]


End auto log messages stack.	[MsgId: MMSG-10544]




Start auto log messages stack - Iteration 2.	[MsgId: MMSG-10545]
Action.c(193): Notify: Saving Parameter "TaskStatus = ".	[MsgId: MMSG-13798]
Action.c(193): web_custom_request("web_custom_request") highest severity level was "continue on error", 315 body bytes, 177 header bytes  	[MsgId: MMSG-26388]
Action.c(193): Continuing after error in Vuser script.	[MsgId: MMSG-10678]
Action.c(203): Notify: Transaction "Film_PrintStatus_CheckService" ended with "Fail" status (Duration: 0.0036 Wasted Time: 0.0000).	[MsgId: MMSG-16871]
Action.c(205): Notify: Parameter Substitution: parameter "TaskStatus" =  ""	[MsgId: MMSG-13992]
Action.c(205): PrintStatus in DataBase-------,	[MsgId: MMSG-17999]
Action.c(206): Notify: Parameter Substitution: parameter "TaskStatus" =  ""	[MsgId: MMSG-13992]
Action.c(207): PrintStatus Check result-------,-52	[MsgId: MMSG-17999]
Action.c(212): PrintStatus-------,30	[MsgId: MMSG-17999]
Action.c(245): Notify: Transaction "Film PrintTask_Result_Fail" started.	[MsgId: MMSG-16999]
Action.c(246): Notify: Parameter Substitution: parameter "TaskID" =  "5076158"	[MsgId: MMSG-13992]
Action.c(246): Notify: Parameter Substitution: parameter "K2Terminal" =  "K2_4"	[MsgId: MMSG-13992]
Action.c(246): Error: The task do not finish correct: TaskID: 5076158  From Terminal: K2_4	[MsgId: MERR-17999]
End auto log messages stack.	[MsgId: MMSG-10544]


Start auto log messages stack - Iteration 3.	[MsgId: MMSG-10545]
Start auto log messages stack - Iteration 3.	[MsgId: MMSG-10545]
Action.c(193):     \r\n
Action.c(193):     \r\n
Action.c(193): t=602485ms: 315-byte response body for "http://10.184.129.108/EHDPS/printtask/status/5076168?tid=K2_5" (RelFrameId=1, Internal ID=29)
Action.c(193): t=602485ms: 315-byte response body for "http://10.184.129.108/EHDPS/printtask/status/5076163?tid=K2_2" (RelFrameId=1, Internal ID=42)
Action.c(193):     <!DOCTYPE HTML PUBLIC "-//W3C//DTD HTML 4.01//EN""http://www.w3.org/TR/html4/strict.dtd">\r
Action.c(193):     \n
Action.c(193):     <HTML><HEAD><TITLE>Not Found</TITLE>\r\n
Action.c(193):     <!DOCTYPE HTML PUBLIC "-//W3C//DTD HTML 4.01//EN""http://www.w3.org/TR/html4/strict.dtd">\r
Action.c(193):     <META HTTP-EQUIV="Content-Type" Content="text/html; charset=us-ascii"></HEAD>\r\n
Action.c(193):     \n
Action.c(193):     <BODY><h2>Not Found</h2>\r\n
Action.c(193):     <HTML><HEAD><TITLE>Not Found</TITLE>\r\n
Action.c(193):     <hr><p>HTTP Error 404. The requested resource is not found.</p>\r\n
Action.c(193):     <META HTTP-EQUIV="Content-Type" Content="text/html; charset=us-ascii"></HEAD>\r\n
Action.c(193):     </BODY></HTML>\r\n
Action.c(193):     <BODY><h2>Not Found</h2>\r\n
Action.c(193): Continuing after Error -26627: HTTP Status-Code=404 (Not Found) for "http://10.184.129.108/EHDPS/printtask/status/5076163?tid=K2_2"  	[MsgId: MERR-26627]
Action.c(193):     <hr><p>HTTP Error 404. The requested resource is not found.</p>\r\n
Action.c(193):     </BODY></HTML>\r\n
Action.c(193): Continuing after Error -26627: HTTP Status-Code=404 (Not Found) for "http://10.184.129.108/EHDPS/printtask/status/5076168?tid=K2_5"  	[MsgId: MERR-26627]
Action.c(193): Continuing after Error -26377: No match found for the requested parameter "TaskStatus". Check whether the requested boundaries exist in the response data. Also, if the data you want to save exceeds 10240 bytes, use web_set_max_html_param_len to increase the parameter size  	[MsgId: MERR-26377]
Action.c(193): Continuing after Error -26377: No match found for the requested parameter "TaskStatus". Check whether the requested boundaries exist in the response data. Also, if the data you want to save exceeds 10240 bytes, use web_set_max_html_param_len to increase the parameter size  	[MsgId: MERR-26377]
End auto log messages stack.	[MsgId: MMSG-10544]


End auto log messages stack.	[MsgId: MMSG-10544]


Start auto log messages stack - Iteration 4.	[MsgId: MMSG-10545]
Start auto log messages stack - Iteration 3.	[MsgId: MMSG-10545]
Action.c(193):     \r\n
Action.c(193):     \r\n
Action.c(193): t=611205ms: 315-byte response body for "http://10.184.129.108/EHDPS/printtask/status/5076167?tid=K2_3" (RelFrameId=1, Internal ID=40)
Action.c(193): t=611205ms: 315-byte response body for "http://10.184.129.108/EHDPS/printtask/status/5076165?tid=K2_1" (RelFrameId=1, Internal ID=42)
Action.c(193):     <!DOCTYPE HTML PUBLIC "-//W3C//DTD HTML 4.01//EN""http://www.w3.org/TR/html4/strict.dtd">\r
Action.c(193):     <!DOCTYPE HTML PUBLIC "-//W3C//DTD HTML 4.01//EN""http://www.w3.org/TR/html4/strict.dtd">\r
Action.c(193):     \n
Action.c(193):     <HTML><HEAD><TITLE>Not Found</TITLE>\r\n
Action.c(193):     \n
Action.c(193):     <META HTTP-EQUIV="Content-Type" Content="text/html; charset=us-ascii"></HEAD>\r\n
Action.c(193):     <HTML><HEAD><TITLE>Not Found</TITLE>\r\n
Action.c(193):     <BODY><h2>Not Found</h2>\r\n
Action.c(193):     <META HTTP-EQUIV="Content-Type" Content="text/html; charset=us-ascii"></HEAD>\r\n
Action.c(193):     <hr><p>HTTP Error 404. The requested resource is not found.</p>\r\n
Action.c(193):     <BODY><h2>Not Found</h2>\r\n
Action.c(193):     </BODY></HTML>\r\n
Action.c(193):     <hr><p>HTTP Error 404. The requested resource is not found.</p>\r\n
Action.c(193): Continuing after Error -26627: HTTP Status-Code=404 (Not Found) for "http://10.184.129.108/EHDPS/printtask/status/5076167?tid=K2_3"  	[MsgId: MERR-26627]
Action.c(193):     </BODY></HTML>\r\n
Action.c(193): Continuing after Error -26627: HTTP Status-Code=404 (Not Found) for "http://10.184.129.108/EHDPS/printtask/status/5076165?tid=K2_1"  	[MsgId: MERR-26627]
Action.c(193): Continuing after Error -26377: No match found for the requested parameter "TaskStatus". Check whether the requested boundaries exist in the response data. Also, if the data you want to save exceeds 10240 bytes, use web_set_max_html_param_len to increase the parameter size  	[MsgId: MERR-26377]
Action.c(193): Continuing after Error -26377: No match found for the requested parameter "TaskStatus". Check whether the requested boundaries exist in the response data. Also, if the data you want to save exceeds 10240 bytes, use web_set_max_html_param_len to increase the parameter size  	[MsgId: MERR-26377]
End auto log messages stack.	[MsgId: MMSG-10544]


End auto log messages stack.	[MsgId: MMSG-10544]


Start auto log messages stack - Iteration 3.	[MsgId: MMSG-10545]
Start auto log messages stack - Iteration 3.	[MsgId: MMSG-10545]
Action.c(193):     \r\n
Action.c(193):     \r\n
Action.c(193): t=612499ms: 315-byte response body for "http://10.184.129.108/EHDPS/printtask/status/5076163?tid=K2_2" (RelFrameId=1, Internal ID=43)
Action.c(193): t=612499ms: 315-byte response body for "http://10.184.129.108/EHDPS/printtask/status/5076168?tid=K2_5" (RelFrameId=1, Internal ID=30)
Action.c(193):     <!DOCTYPE HTML PUBLIC "-//W3C//DTD HTML 4.01//EN""http://www.w3.org/TR/html4/strict.dtd">\r
Action.c(193):     <!DOCTYPE HTML PUBLIC "-//W3C//DTD HTML 4.01//EN""http://www.w3.org/TR/html4/strict.dtd">\r
Action.c(193):     \n
Action.c(193):     <HTML><HEAD><TITLE>Not Found</TITLE>\r\n
Action.c(193):     <META HTTP-EQUIV="Content-Type" Content="text/html; charset=us-ascii"></HEAD>\r\n
Action.c(193):     \n
Action.c(193):     <BODY><h2>Not Found</h2>\r\n
Action.c(193):     <HTML><HEAD><TITLE>Not Found</TITLE>\r\n
Action.c(193):     <hr><p>HTTP Error 404. The requested resource is not found.</p>\r\n
Action.c(193):     <META HTTP-EQUIV="Content-Type" Content="text/html; charset=us-ascii"></HEAD>\r\n
Action.c(193):     </BODY></HTML>\r\n
Action.c(193):     <BODY><h2>Not Found</h2>\r\n
Action.c(193): Continuing after Error -26627: HTTP Status-Code=404 (Not Found) for "http://10.184.129.108/EHDPS/printtask/status/5076168?tid=K2_5"  	[MsgId: MERR-26627]
Action.c(193):     <hr><p>HTTP Error 404. The requested resource is not found.</p>\r\n
Action.c(193):     </BODY></HTML>\r\n
Action.c(193): Continuing after Error -26627: HTTP Status-Code=404 (Not Found) for "http://10.184.129.108/EHDPS/printtask/status/5076163?tid=K2_2"  	[MsgId: MERR-26627]
Action.c(193): Continuing after Error -26377: No match found for the requested parameter "TaskStatus". Check whether the requested boundaries exist in the response data. Also, if the data you want to save exceeds 10240 bytes, use web_set_max_html_param_len to increase the parameter size  	[MsgId: MERR-26377]
Action.c(193): Continuing after Error -26377: No match found for the requested parameter "TaskStatus". Check whether the requested boundaries exist in the response data. Also, if the data you want to save exceeds 10240 bytes, use web_set_max_html_param_len to increase the parameter size  	[MsgId: MERR-26377]
End auto log messages stack.	[MsgId: MMSG-10544]


End auto log messages stack.	[MsgId: MMSG-10544]


Start auto log messages stack - Iteration 3.	[MsgId: MMSG-10545]
Start auto log messages stack - Iteration 4.	[MsgId: MMSG-10545]
Action.c(193):     \r\n
Action.c(193):     \r\n
Action.c(193): t=621221ms: 315-byte response body for "http://10.184.129.108/EHDPS/printtask/status/5076165?tid=K2_1" (RelFrameId=1, Internal ID=43)
Action.c(193): t=621221ms: 315-byte response body for "http://10.184.129.108/EHDPS/printtask/status/5076167?tid=K2_3" (RelFrameId=1, Internal ID=41)
Action.c(193):     <!DOCTYPE HTML PUBLIC "-//W3C//DTD HTML 4.01//EN""http://www.w3.org/TR/html4/strict.dtd">\r
Action.c(193):     <!DOCTYPE HTML PUBLIC "-//W3C//DTD HTML 4.01//EN""http://www.w3.org/TR/html4/strict.dtd">\r
Action.c(193):     \n
Action.c(193):     \n
Action.c(193):     <HTML><HEAD><TITLE>Not Found</TITLE>\r\n
Action.c(193):     <HTML><HEAD><TITLE>Not Found</TITLE>\r\n
Action.c(193):     <META HTTP-EQUIV="Content-Type" Content="text/html; charset=us-ascii"></HEAD>\r\n
Action.c(193):     <META HTTP-EQUIV="Content-Type" Content="text/html; charset=us-ascii"></HEAD>\r\n
Action.c(193):     <BODY><h2>Not Found</h2>\r\n
Action.c(193):     <BODY><h2>Not Found</h2>\r\n
Action.c(193):     <hr><p>HTTP Error 404. The requested resource is not found.</p>\r\n
Action.c(193):     <hr><p>HTTP Error 404. The requested resource is not found.</p>\r\n
Action.c(193):     </BODY></HTML>\r\n
Action.c(193):     </BODY></HTML>\r\n
Action.c(193): Continuing after Error -26627: HTTP Status-Code=404 (Not Found) for "http://10.184.129.108/EHDPS/printtask/status/5076165?tid=K2_1"  	[MsgId: MERR-26627]
Action.c(193): Continuing after Error -26627: HTTP Status-Code=404 (Not Found) for "http://10.184.129.108/EHDPS/printtask/status/5076167?tid=K2_3"  	[MsgId: MERR-26627]
Action.c(193): Continuing after Error -26377: No match found for the requested parameter "TaskStatus". Check whether the requested boundaries exist in the response data. Also, if the data you want to save exceeds 10240 bytes, use web_set_max_html_param_len to increase the parameter size  	[MsgId: MERR-26377]
Action.c(193): Continuing after Error -26377: No match found for the requested parameter "TaskStatus". Check whether the requested boundaries exist in the response data. Also, if the data you want to save exceeds 10240 bytes, use web_set_max_html_param_len to increase the parameter size  	[MsgId: MERR-26377]
End auto log messages stack.	[MsgId: MMSG-10544]
End auto log messages stack.	[MsgId: MMSG-10544]




Start auto log messages stack - Iteration 3.	[MsgId: MMSG-10545]
Start auto log messages stack - Iteration 3.	[MsgId: MMSG-10545]
Action.c(193):     \r\n
Action.c(193):     \r\n
Action.c(193): t=622515ms: 315-byte response body for "http://10.184.129.108/EHDPS/printtask/status/5076168?tid=K2_5" (RelFrameId=1, Internal ID=31)
Action.c(193): t=622515ms: 315-byte response body for "http://10.184.129.108/EHDPS/printtask/status/5076163?tid=K2_2" (RelFrameId=1, Internal ID=44)
Action.c(193):     <!DOCTYPE HTML PUBLIC "-//W3C//DTD HTML 4.01//EN""http://www.w3.org/TR/html4/strict.dtd">\r
Action.c(193):     <!DOCTYPE HTML PUBLIC "-//W3C//DTD HTML 4.01//EN""http://www.w3.org/TR/html4/strict.dtd">\r
Action.c(193):     \n
Action.c(193):     \n
Action.c(193):     <HTML><HEAD><TITLE>Not Found</TITLE>\r\n
Action.c(193):     <HTML><HEAD><TITLE>Not Found</TITLE>\r\n
Action.c(193):     <META HTTP-EQUIV="Content-Type" Content="text/html; charset=us-ascii"></HEAD>\r\n
Action.c(193):     <META HTTP-EQUIV="Content-Type" Content="text/html; charset=us-ascii"></HEAD>\r\n
Action.c(193):     <BODY><h2>Not Found</h2>\r\n
Action.c(193):     <BODY><h2>Not Found</h2>\r\n
Action.c(193):     <hr><p>HTTP Error 404. The requested resource is not found.</p>\r\n
Action.c(193):     <hr><p>HTTP Error 404. The requested resource is not found.</p>\r\n
Action.c(193):     </BODY></HTML>\r\n
Action.c(193):     </BODY></HTML>\r\n
Action.c(193): Continuing after Error -26627: HTTP Status-Code=404 (Not Found) for "http://10.184.129.108/EHDPS/printtask/status/5076168?tid=K2_5"  	[MsgId: MERR-26627]
Action.c(193): Continuing after Error -26627: HTTP Status-Code=404 (Not Found) for "http://10.184.129.108/EHDPS/printtask/status/5076163?tid=K2_2"  	[MsgId: MERR-26627]
Action.c(193): Continuing after Error -26377: No match found for the requested parameter "TaskStatus". Check whether the requested boundaries exist in the response data. Also, if the data you want to save exceeds 10240 bytes, use web_set_max_html_param_len to increase the parameter size  	[MsgId: MERR-26377]
Action.c(193): Continuing after Error -26377: No match found for the requested parameter "TaskStatus". Check whether the requested boundaries exist in the response data. Also, if the data you want to save exceeds 10240 bytes, use web_set_max_html_param_len to increase the parameter size  	[MsgId: MERR-26377]
End auto log messages stack.	[MsgId: MMSG-10544]
End auto log messages stack.	[MsgId: MMSG-10544]




Start auto log messages stack - Iteration 4.	[MsgId: MMSG-10545]
Start auto log messages stack - Iteration 3.	[MsgId: MMSG-10545]
Action.c(193):     \r\n
Action.c(193):     \r\n
Action.c(193): t=631235ms: 315-byte response body for "http://10.184.129.108/EHDPS/printtask/status/5076167?tid=K2_3" (RelFrameId=1, Internal ID=42)
Action.c(193): t=631235ms: 315-byte response body for "http://10.184.129.108/EHDPS/printtask/status/5076165?tid=K2_1" (RelFrameId=1, Internal ID=44)
Action.c(193):     <!DOCTYPE HTML PUBLIC "-//W3C//DTD HTML 4.01//EN""http://www.w3.org/TR/html4/strict.dtd">\r
Action.c(193):     <!DOCTYPE HTML PUBLIC "-//W3C//DTD HTML 4.01//EN""http://www.w3.org/TR/html4/strict.dtd">\r
Action.c(193):     \n
Action.c(193):     \n
Action.c(193):     <HTML><HEAD><TITLE>Not Found</TITLE>\r\n
Action.c(193):     <HTML><HEAD><TITLE>Not Found</TITLE>\r\n
Action.c(193):     <META HTTP-EQUIV="Content-Type" Content="text/html; charset=us-ascii"></HEAD>\r\n
Action.c(193):     <META HTTP-EQUIV="Content-Type" Content="text/html; charset=us-ascii"></HEAD>\r\n
Action.c(193):     <BODY><h2>Not Found</h2>\r\n
Action.c(193):     <BODY><h2>Not Found</h2>\r\n
Action.c(193):     <hr><p>HTTP Error 404. The requested resource is not found.</p>\r\n
Action.c(193):     <hr><p>HTTP Error 404. The requested resource is not found.</p>\r\n
Action.c(193):     </BODY></HTML>\r\n
Action.c(193):     </BODY></HTML>\r\n
Action.c(193): Continuing after Error -26627: HTTP Status-Code=404 (Not Found) for "http://10.184.129.108/EHDPS/printtask/status/5076167?tid=K2_3"  	[MsgId: MERR-26627]
Action.c(193): Continuing after Error -26627: HTTP Status-Code=404 (Not Found) for "http://10.184.129.108/EHDPS/printtask/status/5076165?tid=K2_1"  	[MsgId: MERR-26627]
Action.c(193): Continuing after Error -26377: No match found for the requested parameter "TaskStatus". Check whether the requested boundaries exist in the response data. Also, if the data you want to save exceeds 10240 bytes, use web_set_max_html_param_len to increase the parameter size  	[MsgId: MERR-26377]
Action.c(193): Continuing after Error -26377: No match found for the requested parameter "TaskStatus". Check whether the requested boundaries exist in the response data. Also, if the data you want to save exceeds 10240 bytes, use web_set_max_html_param_len to increase the parameter size  	[MsgId: MERR-26377]
End auto log messages stack.	[MsgId: MMSG-10544]


End auto log messages stack.	[MsgId: MMSG-10544]


Start auto log messages stack - Iteration 3.	[MsgId: MMSG-10545]
Start auto log messages stack - Iteration 3.	[MsgId: MMSG-10545]
Action.c(193):     \r\n
Action.c(193):     \r\n
Action.c(193): t=632533ms: 315-byte response body for "http://10.184.129.108/EHDPS/printtask/status/5076168?tid=K2_5" (RelFrameId=1, Internal ID=32)
Action.c(193): t=632533ms: 315-byte response body for "http://10.184.129.108/EHDPS/printtask/status/5076163?tid=K2_2" (RelFrameId=1, Internal ID=45)
Action.c(193):     <!DOCTYPE HTML PUBLIC "-//W3C//DTD HTML 4.01//EN""http://www.w3.org/TR/html4/strict.dtd">\r
Action.c(193):     <!DOCTYPE HTML PUBLIC "-//W3C//DTD HTML 4.01//EN""http://www.w3.org/TR/html4/strict.dtd">\r
Action.c(193):     \n
Action.c(193):     \n
Action.c(193):     <HTML><HEAD><TITLE>Not Found</TITLE>\r\n
Action.c(193):     <HTML><HEAD><TITLE>Not Found</TITLE>\r\n
Action.c(193):     <META HTTP-EQUIV="Content-Type" Content="text/html; charset=us-ascii"></HEAD>\r\n
Action.c(193):     <META HTTP-EQUIV="Content-Type" Content="text/html; charset=us-ascii"></HEAD>\r\n
Action.c(193):     <BODY><h2>Not Found</h2>\r\n
Action.c(193):     <hr><p>HTTP Error 404. The requested resource is not found.</p>\r\n
Action.c(193):     </BODY></HTML>\r\n
Action.c(193):     <BODY><h2>Not Found</h2>\r\n
Action.c(193): Continuing after Error -26627: HTTP Status-Code=404 (Not Found) for "http://10.184.129.108/EHDPS/printtask/status/5076163?tid=K2_2"  	[MsgId: MERR-26627]
Action.c(193):     <hr><p>HTTP Error 404. The requested resource is not found.</p>\r\n
Action.c(193):     </BODY></HTML>\r\n
Action.c(193): Continuing after Error -26627: HTTP Status-Code=404 (Not Found) for "http://10.184.129.108/EHDPS/printtask/status/5076168?tid=K2_5"  	[MsgId: MERR-26627]
Action.c(193): Continuing after Error -26377: No match found for the requested parameter "TaskStatus". Check whether the requested boundaries exist in the response data. Also, if the data you want to save exceeds 10240 bytes, use web_set_max_html_param_len to increase the parameter size  	[MsgId: MERR-26377]
Action.c(193): Continuing after Error -26377: No match found for the requested parameter "TaskStatus". Check whether the requested boundaries exist in the response data. Also, if the data you want to save exceeds 10240 bytes, use web_set_max_html_param_len to increase the parameter size  	[MsgId: MERR-26377]
End auto log messages stack.	[MsgId: MMSG-10544]
End auto log messages stack.	[MsgId: MMSG-10544]




Start auto log messages stack - Iteration 4.	[MsgId: MMSG-10545]
Start auto log messages stack - Iteration 3.	[MsgId: MMSG-10545]
Action.c(193):     \r\n
Action.c(193):     \r\n
Action.c(193): t=641250ms: 315-byte response body for "http://10.184.129.108/EHDPS/printtask/status/5076167?tid=K2_3" (RelFrameId=1, Internal ID=43)
Action.c(193): t=641250ms: 315-byte response body for "http://10.184.129.108/EHDPS/printtask/status/5076165?tid=K2_1" (RelFrameId=1, Internal ID=45)
Action.c(193):     <!DOCTYPE HTML PUBLIC "-//W3C//DTD HTML 4.01//EN""http://www.w3.org/TR/html4/strict.dtd">\r
Action.c(193):     <!DOCTYPE HTML PUBLIC "-//W3C//DTD HTML 4.01//EN""http://www.w3.org/TR/html4/strict.dtd">\r
Action.c(193):     \n
Action.c(193):     \n
Action.c(193):     <HTML><HEAD><TITLE>Not Found</TITLE>\r\n
Action.c(193):     <HTML><HEAD><TITLE>Not Found</TITLE>\r\n
Action.c(193):     <META HTTP-EQUIV="Content-Type" Content="text/html; charset=us-ascii"></HEAD>\r\n
Action.c(193):     <META HTTP-EQUIV="Content-Type" Content="text/html; charset=us-ascii"></HEAD>\r\n
Action.c(193):     <BODY><h2>Not Found</h2>\r\n
Action.c(193):     <BODY><h2>Not Found</h2>\r\n
Action.c(193):     <hr><p>HTTP Error 404. The requested resource is not found.</p>\r\n
Action.c(193):     <hr><p>HTTP Error 404. The requested resource is not found.</p>\r\n
Action.c(193):     </BODY></HTML>\r\n
Action.c(193):     </BODY></HTML>\r\n
Action.c(193): Continuing after Error -26627: HTTP Status-Code=404 (Not Found) for "http://10.184.129.108/EHDPS/printtask/status/5076167?tid=K2_3"  	[MsgId: MERR-26627]
Action.c(193): Continuing after Error -26627: HTTP Status-Code=404 (Not Found) for "http://10.184.129.108/EHDPS/printtask/status/5076165?tid=K2_1"  	[MsgId: MERR-26627]
Action.c(193): Continuing after Error -26377: No match found for the requested parameter "TaskStatus". Check whether the requested boundaries exist in the response data. Also, if the data you want to save exceeds 10240 bytes, use web_set_max_html_param_len to increase the parameter size  	[MsgId: MERR-26377]
End auto log messages stack.	[MsgId: MMSG-10544]


Action.c(193): Continuing after Error -26377: No match found for the requested parameter "TaskStatus". Check whether the requested boundaries exist in the response data. Also, if the data you want to save exceeds 10240 bytes, use web_set_max_html_param_len to increase the parameter size  	[MsgId: MERR-26377]
End auto log messages stack.	[MsgId: MMSG-10544]


Start auto log messages stack - Iteration 3.	[MsgId: MMSG-10545]
Start auto log messages stack - Iteration 3.	[MsgId: MMSG-10545]
Action.c(193):     \r\n
Action.c(193):     \r\n
Action.c(193): t=642546ms: 315-byte response body for "http://10.184.129.108/EHDPS/printtask/status/5076163?tid=K2_2" (RelFrameId=1, Internal ID=46)
Action.c(193): t=642546ms: 315-byte response body for "http://10.184.129.108/EHDPS/printtask/status/5076168?tid=K2_5" (RelFrameId=1, Internal ID=33)
Action.c(193):     <!DOCTYPE HTML PUBLIC "-//W3C//DTD HTML 4.01//EN""http://www.w3.org/TR/html4/strict.dtd">\r
Action.c(193):     <!DOCTYPE HTML PUBLIC "-//W3C//DTD HTML 4.01//EN""http://www.w3.org/TR/html4/strict.dtd">\r
Action.c(193):     \n
Action.c(193):     \n
Action.c(193):     <HTML><HEAD><TITLE>Not Found</TITLE>\r\n
Action.c(193):     <HTML><HEAD><TITLE>Not Found</TITLE>\r\n
Action.c(193):     <META HTTP-EQUIV="Content-Type" Content="text/html; charset=us-ascii"></HEAD>\r\n
Action.c(193):     <META HTTP-EQUIV="Content-Type" Content="text/html; charset=us-ascii"></HEAD>\r\n
Action.c(193):     <BODY><h2>Not Found</h2>\r\n
Action.c(193):     <BODY><h2>Not Found</h2>\r\n
Action.c(193):     <hr><p>HTTP Error 404. The requested resource is not found.</p>\r\n
Action.c(193):     <hr><p>HTTP Error 404. The requested resource is not found.</p>\r\n
Action.c(193):     </BODY></HTML>\r\n
Action.c(193):     </BODY></HTML>\r\n
Action.c(193): Continuing after Error -26627: HTTP Status-Code=404 (Not Found) for "http://10.184.129.108/EHDPS/printtask/status/5076168?tid=K2_5"  	[MsgId: MERR-26627]
Action.c(193): Continuing after Error -26627: HTTP Status-Code=404 (Not Found) for "http://10.184.129.108/EHDPS/printtask/status/5076163?tid=K2_2"  	[MsgId: MERR-26627]
Action.c(193): Continuing after Error -26377: No match found for the requested parameter "TaskStatus". Check whether the requested boundaries exist in the response data. Also, if the data you want to save exceeds 10240 bytes, use web_set_max_html_param_len to increase the parameter size  	[MsgId: MERR-26377]
Action.c(193): Continuing after Error -26377: No match found for the requested parameter "TaskStatus". Check whether the requested boundaries exist in the response data. Also, if the data you want to save exceeds 10240 bytes, use web_set_max_html_param_len to increase the parameter size  	[MsgId: MERR-26377]
End auto log messages stack.	[MsgId: MMSG-10544]


End auto log messages stack.	[MsgId: MMSG-10544]


Start auto log messages stack - Iteration 3.	[MsgId: MMSG-10545]
Action.c(193):     e":null,"PMCount":0,"FRCount":0,"Status":8,"PrintStatus":0}],"ReportPrinters":[],"PrintTas
Action.c(193):     kID":null}}}
Action.c(193): Notify: Saving Parameter "TaskStatus = -1".	[MsgId: MMSG-13798]
Action.c(193): web_custom_request("web_custom_request") was successful, 732 body bytes, 259 header bytes  	[MsgId: MMSG-26386]
Action.c(203): Notify: Transaction "Film_PrintStatus_CheckService" ended with "Pass" status (Duration: 1.0906 Wasted Time: 0.0000).	[MsgId: MMSG-16871]
Action.c(205): Notify: Parameter Substitution: parameter "TaskStatus" =  "-1"	[MsgId: MMSG-13992]
Action.c(205): PrintStatus in DataBase-------,-1	[MsgId: MMSG-17999]
Action.c(206): Notify: Parameter Substitution: parameter "TaskStatus" =  "-1"	[MsgId: MMSG-13992]
Action.c(207): PrintStatus Check result-------,-7	[MsgId: MMSG-17999]
Action.c(212): PrintStatus-------,30	[MsgId: MMSG-17999]
Action.c(245): Notify: Transaction "Film PrintTask_Result_Fail" started.	[MsgId: MMSG-16999]
Action.c(246): Notify: Parameter Substitution: parameter "TaskID" =  "5076163"	[MsgId: MMSG-13992]
Action.c(246): Notify: Parameter Substitution: parameter "K2Terminal" =  "K2_2"	[MsgId: MMSG-13992]
Action.c(246): Error: The task do not finish correct: TaskID: 5076163  From Terminal: K2_2	[MsgId: MERR-17999]
End auto log messages stack.	[MsgId: MMSG-10544]


Start auto log messages stack - Iteration 3.	[MsgId: MMSG-10545]
Action.c(193):     8,"PrintStatus":0}],"ReportPrinters":[],"PrintTaskID":null}}}
Action.c(193): Notify: Saving Parameter "TaskStatus = 3".	[MsgId: MMSG-13798]
Action.c(193): web_custom_request("web_custom_request") was successful, 775 body bytes, 259 header bytes  	[MsgId: MMSG-26386]
Action.c(203): Notify: Transaction "Film_PrintStatus_CheckService" ended with "Pass" status (Duration: 0.9182 Wasted Time: 0.0000).	[MsgId: MMSG-16871]
Action.c(205): Notify: Parameter Substitution: parameter "TaskStatus" =  "3"	[MsgId: MMSG-13992]
Action.c(205): PrintStatus in DataBase-------,3	[MsgId: MMSG-17999]
Action.c(206): Notify: Parameter Substitution: parameter "TaskStatus" =  "3"	[MsgId: MMSG-13992]
Action.c(207): PrintStatus Check result-------,-1	[MsgId: MMSG-17999]
Action.c(212): PrintStatus-------,30	[MsgId: MMSG-17999]
Action.c(245): Notify: Transaction "Film PrintTask_Result_Fail" started.	[MsgId: MMSG-16999]
Action.c(246): Notify: Parameter Substitution: parameter "TaskID" =  "5076165"	[MsgId: MMSG-13992]
Action.c(246): Notify: Parameter Substitution: parameter "K2Terminal" =  "K2_1"	[MsgId: MMSG-13992]
Action.c(246): Error: The task do not finish correct: TaskID: 5076165  From Terminal: K2_1	[MsgId: MERR-17999]
End auto log messages stack.	[MsgId: MMSG-10544]


Start auto log messages stack - Iteration 4.	[MsgId: MMSG-10545]
Action.c(193):     8,"PrintStatus":0}],"ReportPrinters":[],"PrintTaskID":null}}}
Action.c(193): Notify: Saving Parameter "TaskStatus = 3".	[MsgId: MMSG-13798]
Action.c(193): web_custom_request("web_custom_request") was successful, 775 body bytes, 259 header bytes  	[MsgId: MMSG-26386]
Action.c(203): Notify: Transaction "Film_PrintStatus_CheckService" ended with "Pass" status (Duration: 3.0270 Wasted Time: 0.0000).	[MsgId: MMSG-16871]
Action.c(205): Notify: Parameter Substitution: parameter "TaskStatus" =  "3"	[MsgId: MMSG-13992]
Action.c(205): PrintStatus in DataBase-------,3	[MsgId: MMSG-17999]
Action.c(206): Notify: Parameter Substitution: parameter "TaskStatus" =  "3"	[MsgId: MMSG-13992]
Action.c(207): PrintStatus Check result-------,-1	[MsgId: MMSG-17999]
Action.c(212): PrintStatus-------,30	[MsgId: MMSG-17999]
Action.c(245): Notify: Transaction "Film PrintTask_Result_Fail" started.	[MsgId: MMSG-16999]
Action.c(246): Notify: Parameter Substitution: parameter "TaskID" =  "5076167"	[MsgId: MMSG-13992]
Action.c(246): Notify: Parameter Substitution: parameter "K2Terminal" =  "K2_3"	[MsgId: MMSG-13992]
Action.c(246): Error: The task do not finish correct: TaskID: 5076167  From Terminal: K2_3	[MsgId: MERR-17999]
End auto log messages stack.	[MsgId: MMSG-10544]


Start auto log messages stack - Iteration 3.	[MsgId: MMSG-10545]
Action.c(193):     :null,"PMCount":0,"FRCount":0,"Status":8,"PrintStatus":0}],"ReportPrinters":[],"PrintTaskI
Action.c(193):     D":null}}}
Action.c(193): Notify: Saving Parameter "TaskStatus = 3".	[MsgId: MMSG-13798]
Action.c(193): web_custom_request("web_custom_request") was successful, 730 body bytes, 259 header bytes  	[MsgId: MMSG-26386]
Action.c(203): Notify: Transaction "Film_PrintStatus_CheckService" ended with "Pass" status (Duration: 0.5035 Wasted Time: 0.0000).	[MsgId: MMSG-16871]
Action.c(205): Notify: Parameter Substitution: parameter "TaskStatus" =  "3"	[MsgId: MMSG-13992]
Action.c(205): PrintStatus in DataBase-------,3	[MsgId: MMSG-17999]
Action.c(206): Notify: Parameter Substitution: parameter "TaskStatus" =  "3"	[MsgId: MMSG-13992]
Action.c(207): PrintStatus Check result-------,-1	[MsgId: MMSG-17999]
Action.c(212): PrintStatus-------,30	[MsgId: MMSG-17999]
Action.c(245): Notify: Transaction "Film PrintTask_Result_Fail" started.	[MsgId: MMSG-16999]
Action.c(246): Notify: Parameter Substitution: parameter "TaskID" =  "5076168"	[MsgId: MMSG-13992]
Action.c(246): Notify: Parameter Substitution: parameter "K2Terminal" =  "K2_5"	[MsgId: MMSG-13992]
Action.c(246): Error: The task do not finish correct: TaskID: 5076168  From Terminal: K2_5	[MsgId: MERR-17999]
End auto log messages stack.	[MsgId: MMSG-10544]


