Start auto log messages stack - Iteration 7.	[MsgId: MMSG-10545]
Action.c(193):     8,"PrintStatus":0}],"ReportPrinters":[],"PrintTaskID":null}}}
Action.c(193): Notify: Saving Parameter "TaskStatus = 3".	[MsgId: MMSG-13798]
Action.c(193): web_custom_request("web_custom_request") was successful, 775 body bytes, 259 header bytes  	[MsgId: MMSG-26386]
Action.c(203): Notify: Transaction "Film_PrintStatus_CheckService" ended with "Pass" status (Duration: 0.0543 Wasted Time: 0.0000).	[MsgId: MMSG-16871]
Action.c(205): Notify: Parameter Substitution: parameter "TaskStatus" =  "3"	[MsgId: MMSG-13992]
Action.c(205): PrintStatus in DataBase-------,3	[MsgId: MMSG-17999]
Action.c(206): Notify: Parameter Substitution: parameter "TaskStatus" =  "3"	[MsgId: MMSG-13992]
Action.c(207): PrintStatus Check result-------,-1	[MsgId: MMSG-17999]
Action.c(212): PrintStatus-------,30	[MsgId: MMSG-17999]
Action.c(245): Notify: Transaction "Film PrintTask_Result_Fail" started.	[MsgId: MMSG-16999]
Action.c(246): Notify: Parameter Substitution: parameter "TaskID" =  "5077288"	[MsgId: MMSG-13992]
Action.c(246): Notify: Parameter Substitution: parameter "K2Terminal" =  "K2_4"	[MsgId: MMSG-13992]
Action.c(246): Error: The task do not finish correct: TaskID: 5077288  From Terminal: K2_4	[MsgId: MERR-17999]
End auto log messages stack.	[MsgId: MMSG-10544]


Start auto log messages stack - Iteration 80.	[MsgId: MMSG-10545]
Action.c(193):     8,"PrintStatus":0}],"ReportPrinters":[],"PrintTaskID":null}}}
Action.c(193): Notify: Saving Parameter "TaskStatus = 3".	[MsgId: MMSG-13798]
Action.c(193): web_custom_request("web_custom_request") was successful, 775 body bytes, 259 header bytes  	[MsgId: MMSG-26386]
Action.c(203): Notify: Transaction "Film_PrintStatus_CheckService" ended with "Pass" status (Duration: 0.0103 Wasted Time: 0.0000).	[MsgId: MMSG-16871]
Action.c(205): Notify: Parameter Substitution: parameter "TaskStatus" =  "3"	[MsgId: MMSG-13992]
Action.c(205): PrintStatus in DataBase-------,3	[MsgId: MMSG-17999]
Action.c(206): Notify: Parameter Substitution: parameter "TaskStatus" =  "3"	[MsgId: MMSG-13992]
Action.c(207): PrintStatus Check result-------,-1	[MsgId: MMSG-17999]
Action.c(212): PrintStatus-------,30	[MsgId: MMSG-17999]
Action.c(245): Notify: Transaction "Film PrintTask_Result_Fail" started.	[MsgId: MMSG-16999]
Action.c(246): Notify: Parameter Substitution: parameter "TaskID" =  "5078434"	[MsgId: MMSG-13992]
Action.c(246): Notify: Parameter Substitution: parameter "K2Terminal" =  "K2_3"	[MsgId: MMSG-13992]
Action.c(246): Error: The task do not finish correct: TaskID: 5078434  From Terminal: K2_3	[MsgId: MERR-17999]
End auto log messages stack.	[MsgId: MMSG-10544]


Start auto log messages stack - Iteration 77.	[MsgId: MMSG-10545]
Action.c(193):     s":8,"PrintStatus":0}],"ReportPrinters":[],"PrintTaskID":null}}}
Action.c(193): Notify: Saving Parameter "TaskStatus = 3".	[MsgId: MMSG-13798]
Action.c(193): web_custom_request("web_custom_request") was successful, 778 body bytes, 259 header bytes  	[MsgId: MMSG-26386]
Action.c(203): Notify: Transaction "Film_PrintStatus_CheckService" ended with "Pass" status (Duration: 0.1366 Wasted Time: 0.0000).	[MsgId: MMSG-16871]
Action.c(205): Notify: Parameter Substitution: parameter "TaskStatus" =  "3"	[MsgId: MMSG-13992]
Action.c(205): PrintStatus in DataBase-------,3	[MsgId: MMSG-17999]
Action.c(206): Notify: Parameter Substitution: parameter "TaskStatus" =  "3"	[MsgId: MMSG-13992]
Action.c(207): PrintStatus Check result-------,-1	[MsgId: MMSG-17999]
Action.c(212): PrintStatus-------,30	[MsgId: MMSG-17999]
Action.c(245): Notify: Transaction "Film PrintTask_Result_Fail" started.	[MsgId: MMSG-16999]
Action.c(246): Notify: Parameter Substitution: parameter "TaskID" =  "5078438"	[MsgId: MMSG-13992]
Action.c(246): Notify: Parameter Substitution: parameter "K2Terminal" =  "K2_5"	[MsgId: MMSG-13992]
Action.c(246): Error: The task do not finish correct: TaskID: 5078438  From Terminal: K2_5	[MsgId: MERR-17999]
End auto log messages stack.	[MsgId: MMSG-10544]


Start auto log messages stack - Iteration 87.	[MsgId: MMSG-10545]
Action.c(193):     tus":8,"PrintStatus":0}],"ReportPrinters":[],"PrintTaskID":null}}}
Action.c(193): Notify: Saving Parameter "TaskStatus = 3".	[MsgId: MMSG-13798]
Action.c(193): web_custom_request("web_custom_request") was successful, 780 body bytes, 259 header bytes  	[MsgId: MMSG-26386]
Action.c(203): Notify: Transaction "Film_PrintStatus_CheckService" ended with "Pass" status (Duration: 0.4475 Wasted Time: 0.0000).	[MsgId: MMSG-16871]
Action.c(205): Notify: Parameter Substitution: parameter "TaskStatus" =  "3"	[MsgId: MMSG-13992]
Action.c(205): PrintStatus in DataBase-------,3	[MsgId: MMSG-17999]
Action.c(206): Notify: Parameter Substitution: parameter "TaskStatus" =  "3"	[MsgId: MMSG-13992]
Action.c(207): PrintStatus Check result-------,-1	[MsgId: MMSG-17999]
Action.c(212): PrintStatus-------,30	[MsgId: MMSG-17999]
Action.c(245): Notify: Transaction "Film PrintTask_Result_Fail" started.	[MsgId: MMSG-16999]
Action.c(246): Notify: Parameter Substitution: parameter "TaskID" =  "5078440"	[MsgId: MMSG-13992]
Action.c(246): Notify: Parameter Substitution: parameter "K2Terminal" =  "K2_2"	[MsgId: MMSG-13992]
Action.c(246): Error: The task do not finish correct: TaskID: 5078440  From Terminal: K2_2	[MsgId: MERR-17999]
End auto log messages stack.	[MsgId: MMSG-10544]


Start auto log messages stack - Iteration 78.	[MsgId: MMSG-10545]
Action.c(193):     8,"PrintStatus":0}],"ReportPrinters":[],"PrintTaskID":null}}}
Action.c(193): Notify: Saving Parameter "TaskStatus = 3".	[MsgId: MMSG-13798]
Action.c(193): web_custom_request("web_custom_request") was successful, 775 body bytes, 259 header bytes  	[MsgId: MMSG-26386]
Action.c(203): Notify: Transaction "Film_PrintStatus_CheckService" ended with "Pass" status (Duration: 0.1091 Wasted Time: 0.0000).	[MsgId: MMSG-16871]
Action.c(205): Notify: Parameter Substitution: parameter "TaskStatus" =  "3"	[MsgId: MMSG-13992]
Action.c(205): PrintStatus in DataBase-------,3	[MsgId: MMSG-17999]
Action.c(206): Notify: Parameter Substitution: parameter "TaskStatus" =  "3"	[MsgId: MMSG-13992]
Action.c(207): PrintStatus Check result-------,-1	[MsgId: MMSG-17999]
Action.c(212): PrintStatus-------,30	[MsgId: MMSG-17999]
Action.c(245): Notify: Transaction "Film PrintTask_Result_Fail" started.	[MsgId: MMSG-16999]
Action.c(246): Notify: Parameter Substitution: parameter "TaskID" =  "5078441"	[MsgId: MMSG-13992]
Action.c(246): Notify: Parameter Substitution: parameter "K2Terminal" =  "K2_1"	[MsgId: MMSG-13992]
Action.c(246): Error: The task do not finish correct: TaskID: 5078441  From Terminal: K2_1	[MsgId: MERR-17999]
End auto log messages stack.	[MsgId: MMSG-10544]


Start auto log messages stack - Iteration 176.	[MsgId: MMSG-10545]
Action.c(193):     e":null,"PMCount":0,"FRCount":0,"Status":8,"PrintStatus":0}],"ReportPrinters":[],"PrintTas
Action.c(193):     kID":"5079912"}}}
Action.c(193): Notify: Saving Parameter "TaskStatus = 1".	[MsgId: MMSG-13798]
Action.c(193): web_custom_request("web_custom_request") was successful, 737 body bytes, 259 header bytes  	[MsgId: MMSG-26386]
Action.c(203): Notify: Transaction "Film_PrintStatus_CheckService" ended with "Pass" status (Duration: 0.2496).	[MsgId: MMSG-16873]
Action.c(205): Notify: Parameter Substitution: parameter "TaskStatus" =  "1"	[MsgId: MMSG-13992]
Action.c(205): PrintStatus in DataBase-------,1	[MsgId: MMSG-17999]
Action.c(206): Notify: Parameter Substitution: parameter "TaskStatus" =  "1"	[MsgId: MMSG-13992]
Action.c(207): PrintStatus Check result-------,-3	[MsgId: MMSG-17999]
Action.c(212): PrintStatus-------,30	[MsgId: MMSG-17999]
Action.c(245): Notify: Transaction "Film PrintTask_Result_Fail" started.	[MsgId: MMSG-16999]
Action.c(246): Notify: Parameter Substitution: parameter "TaskID" =  "5079912"	[MsgId: MMSG-13992]
Action.c(246): Notify: Parameter Substitution: parameter "K2Terminal" =  "K2_6"	[MsgId: MMSG-13992]
Action.c(246): Error: The task do not finish correct: TaskID: 5079912  From Terminal: K2_6	[MsgId: MERR-17999]
End auto log messages stack.	[MsgId: MMSG-10544]


Start auto log messages stack - Iteration 177.	[MsgId: MMSG-10545]
Action.c(193):     ":null,"PMCount":0,"FRCount":0,"Status":8,"PrintStatus":0}],"ReportPrinters":[],"PrintTask
Action.c(193):     ID":"5079912"}}}
Action.c(193): Notify: Saving Parameter "TaskStatus = 0".	[MsgId: MMSG-13798]
Action.c(193): web_custom_request("web_custom_request") was successful, 736 body bytes, 259 header bytes  	[MsgId: MMSG-26386]
Action.c(203): Notify: Transaction "Film_PrintStatus_CheckService" ended with "Pass" status (Duration: 0.3432).	[MsgId: MMSG-16873]
Action.c(205): Notify: Parameter Substitution: parameter "TaskStatus" =  "0"	[MsgId: MMSG-13992]
Action.c(205): PrintStatus in DataBase-------,0	[MsgId: MMSG-17999]
Action.c(206): Notify: Parameter Substitution: parameter "TaskStatus" =  "0"	[MsgId: MMSG-13992]
Action.c(207): PrintStatus Check result-------,-4	[MsgId: MMSG-17999]
Action.c(212): PrintStatus-------,30	[MsgId: MMSG-17999]
Action.c(245): Notify: Transaction "Film PrintTask_Result_Fail" started.	[MsgId: MMSG-16999]
Action.c(246): Notify: Parameter Substitution: parameter "TaskID" =  "5079978"	[MsgId: MMSG-13992]
Action.c(246): Notify: Parameter Substitution: parameter "K2Terminal" =  "K2_6"	[MsgId: MMSG-13992]
Action.c(246): Error: The task do not finish correct: TaskID: 5079978  From Terminal: K2_6	[MsgId: MERR-17999]
End auto log messages stack.	[MsgId: MMSG-10544]


Start auto log messages stack - Iteration 178.	[MsgId: MMSG-10545]
Action.c(193):     ":null,"PMCount":0,"FRCount":0,"Status":8,"PrintStatus":0}],"ReportPrinters":[],"PrintTask
Action.c(193):     ID":"5079912"}}}
Action.c(193): Notify: Saving Parameter "TaskStatus = 0".	[MsgId: MMSG-13798]
Action.c(193): web_custom_request("web_custom_request") was successful, 736 body bytes, 259 header bytes  	[MsgId: MMSG-26386]
Action.c(203): Notify: Transaction "Film_PrintStatus_CheckService" ended with "Pass" status (Duration: 0.0312).	[MsgId: MMSG-16873]
Action.c(205): Notify: Parameter Substitution: parameter "TaskStatus" =  "0"	[MsgId: MMSG-13992]
Action.c(205): PrintStatus in DataBase-------,0	[MsgId: MMSG-17999]
Action.c(206): Notify: Parameter Substitution: parameter "TaskStatus" =  "0"	[MsgId: MMSG-13992]
Action.c(207): PrintStatus Check result-------,-4	[MsgId: MMSG-17999]
Action.c(212): PrintStatus-------,30	[MsgId: MMSG-17999]
Action.c(245): Notify: Transaction "Film PrintTask_Result_Fail" started.	[MsgId: MMSG-16999]
Action.c(246): Notify: Parameter Substitution: parameter "TaskID" =  "5080043"	[MsgId: MMSG-13992]
Action.c(246): Notify: Parameter Substitution: parameter "K2Terminal" =  "K2_6"	[MsgId: MMSG-13992]
Action.c(246): Error: The task do not finish correct: TaskID: 5080043  From Terminal: K2_6	[MsgId: MERR-17999]
End auto log messages stack.	[MsgId: MMSG-10544]


Start auto log messages stack - Iteration 179.	[MsgId: MMSG-10545]
Action.c(193):     ":null,"PMCount":0,"FRCount":0,"Status":8,"PrintStatus":0}],"ReportPrinters":[],"PrintTask
Action.c(193):     ID":"5079912"}}}
Action.c(193): Notify: Saving Parameter "TaskStatus = 0".	[MsgId: MMSG-13798]
Action.c(193): web_custom_request("web_custom_request") was successful, 736 body bytes, 259 header bytes  	[MsgId: MMSG-26386]
Action.c(203): Notify: Transaction "Film_PrintStatus_CheckService" ended with "Pass" status (Duration: 0.1560).	[MsgId: MMSG-16873]
Action.c(205): Notify: Parameter Substitution: parameter "TaskStatus" =  "0"	[MsgId: MMSG-13992]
Action.c(205): PrintStatus in DataBase-------,0	[MsgId: MMSG-17999]
Action.c(206): Notify: Parameter Substitution: parameter "TaskStatus" =  "0"	[MsgId: MMSG-13992]
Action.c(207): PrintStatus Check result-------,-4	[MsgId: MMSG-17999]
Action.c(212): PrintStatus-------,30	[MsgId: MMSG-17999]
Action.c(245): Notify: Transaction "Film PrintTask_Result_Fail" started.	[MsgId: MMSG-16999]
Action.c(246): Notify: Parameter Substitution: parameter "TaskID" =  "5080104"	[MsgId: MMSG-13992]
Action.c(246): Notify: Parameter Substitution: parameter "K2Terminal" =  "K2_6"	[MsgId: MMSG-13992]
Action.c(246): Error: The task do not finish correct: TaskID: 5080104  From Terminal: K2_6	[MsgId: MERR-17999]
End auto log messages stack.	[MsgId: MMSG-10544]


Start auto log messages stack - Iteration 180.	[MsgId: MMSG-10545]
Action.c(193):     ":null,"PMCount":0,"FRCount":0,"Status":8,"PrintStatus":0}],"ReportPrinters":[],"PrintTask
Action.c(193):     ID":"5079912"}}}
Action.c(193): Notify: Saving Parameter "TaskStatus = 0".	[MsgId: MMSG-13798]
Action.c(193): web_custom_request("web_custom_request") was successful, 736 body bytes, 259 header bytes  	[MsgId: MMSG-26386]
Action.c(203): Notify: Transaction "Film_PrintStatus_CheckService" ended with "Pass" status (Duration: 0.0780).	[MsgId: MMSG-16873]
Action.c(205): Notify: Parameter Substitution: parameter "TaskStatus" =  "0"	[MsgId: MMSG-13992]
Action.c(205): PrintStatus in DataBase-------,0	[MsgId: MMSG-17999]
Action.c(206): Notify: Parameter Substitution: parameter "TaskStatus" =  "0"	[MsgId: MMSG-13992]
Action.c(207): PrintStatus Check result-------,-4	[MsgId: MMSG-17999]
Action.c(212): PrintStatus-------,30	[MsgId: MMSG-17999]
Action.c(245): Notify: Transaction "Film PrintTask_Result_Fail" started.	[MsgId: MMSG-16999]
Action.c(246): Notify: Parameter Substitution: parameter "TaskID" =  "5080166"	[MsgId: MMSG-13992]
Action.c(246): Notify: Parameter Substitution: parameter "K2Terminal" =  "K2_6"	[MsgId: MMSG-13992]
Action.c(246): Error: The task do not finish correct: TaskID: 5080166  From Terminal: K2_6	[MsgId: MERR-17999]
End auto log messages stack.	[MsgId: MMSG-10544]


