Start auto log messages stack - Iteration 1.	[MsgId: MMSG-10545]
Start auto log messages stack - Iteration 1.	[MsgId: MMSG-10545]
Action.c(87): web_custom_request("web_custom_request") was successful, 602 body bytes, 259 header bytes  	[MsgId: MMSG-26386]
Action.c(87): web_custom_request("web_custom_request") was successful, 599 body bytes, 259 header bytes  	[MsgId: MMSG-26386]
Action.c(97): Notify: Transaction "Film TerminalStatus" ended with "Pass" status (Duration: 6.7202).	[MsgId: MMSG-16873]
Action.c(97): Notify: Transaction "Film TerminalStatus" ended with "Pass" status (Duration: 11.8561).	[MsgId: MMSG-16873]
Action.c(105): lr_think_time: 5.00 seconds.	[MsgId: MMSG-15948]
Action.c(108): Registering web_reg_save_param was successful  	[MsgId: MMSG-26390]
Action.c(105): lr_think_time: 5.00 seconds.	[MsgId: MMSG-15948]
Action.c(114): Notify: Transaction "Film Create_PrintTask" started.	[MsgId: MMSG-16999]
Action.c(108): Registering web_reg_save_param was successful  	[MsgId: MMSG-26390]
Action.c(114): Notify: Transaction "Film Create_PrintTask" started.	[MsgId: MMSG-16999]
Action.c(116): Warning -26593: The header being added may cause unpredictable results when applied to all ensuing URLs. It is added anyway  	[MsgId: MWAR-26593]
Action.c(116): Warning -26593: The header being added may cause unpredictable results when applied to all ensuing URLs. It is added anyway  	[MsgId: MWAR-26593]
Action.c(116): web_add_auto_header("content-type") highest severity level was "warning"  	[MsgId: MMSG-26391]
Action.c(116): web_add_auto_header("content-type") highest severity level was "warning"  	[MsgId: MMSG-26391]
Action.c(118): Notify: Parameter Substitution: parameter "K2Terminal" =  "K2_5"	[MsgId: MMSG-13992]
Action.c(118): Notify: Parameter Substitution: parameter "K2Terminal" =  "K2_3"	[MsgId: MMSG-13992]
Action.c(118): Notify: Parameter Substitution: parameter "ACCNum" =  "A20180912102603819"	[MsgId: MMSG-13992]
Action.c(118): Notify: Parameter Substitution: parameter "ACCNum" =  "A20180912103046076"	[MsgId: MMSG-13992]
Action.c(118): Notify: Parameter Substitution: parameter "CurrentTime" =  "2018-09-18 17:50:46"	[MsgId: MMSG-13992]
Action.c(118): Notify: Parameter Substitution: parameter "CurrentTime" =  "2018-09-18 17:50:46"	[MsgId: MMSG-13992]
Action.c(118): Continuing after Error -27728: Step download timeout (120 seconds) has expired  	[MsgId: MERR-27728]
Action.c(118): Continuing after Error -27728: Step download timeout (120 seconds) has expired  	[MsgId: MERR-27728]
End auto log messages stack.	[MsgId: MMSG-10544]


End auto log messages stack.	[MsgId: MMSG-10544]


Start auto log messages stack - Iteration 1.	[MsgId: MMSG-10545]
Action.c(87): web_custom_request("web_custom_request") was successful, 599 body bytes, 259 header bytes  	[MsgId: MMSG-26386]
Action.c(97): Notify: Transaction "Film TerminalStatus" ended with "Pass" status (Duration: 6.7865).	[MsgId: MMSG-16873]
Action.c(105): lr_think_time: 5.00 seconds.	[MsgId: MMSG-15948]
Action.c(108): Registering web_reg_save_param was successful  	[MsgId: MMSG-26390]
Action.c(114): Notify: Transaction "Film Create_PrintTask" started.	[MsgId: MMSG-16999]
Action.c(116): Warning -26593: The header being added may cause unpredictable results when applied to all ensuing URLs. It is added anyway  	[MsgId: MWAR-26593]
Action.c(116): web_add_auto_header("content-type") highest severity level was "warning"  	[MsgId: MMSG-26391]
Action.c(118): Notify: Parameter Substitution: parameter "K2Terminal" =  "K2_4"	[MsgId: MMSG-13992]
Action.c(118): Notify: Parameter Substitution: parameter "ACCNum" =  "A20180912102824873"	[MsgId: MMSG-13992]
Action.c(118): Notify: Parameter Substitution: parameter "CurrentTime" =  "2018-09-18 17:50:46"	[MsgId: MMSG-13992]
Action.c(118): Continuing after Error -27728: Step download timeout (120 seconds) has expired  	[MsgId: MERR-27728]
End auto log messages stack.	[MsgId: MMSG-10544]


Start auto log messages stack - Iteration 1.	[MsgId: MMSG-10545]
Action.c(87): web_custom_request("web_custom_request") was successful, 604 body bytes, 259 header bytes  	[MsgId: MMSG-26386]
Action.c(97): Notify: Transaction "Film TerminalStatus" ended with "Pass" status (Duration: 0.0369).	[MsgId: MMSG-16873]
Action.c(105): lr_think_time: 5.00 seconds.	[MsgId: MMSG-15948]
Action.c(108): Registering web_reg_save_param was successful  	[MsgId: MMSG-26390]
Action.c(114): Notify: Transaction "Film Create_PrintTask" started.	[MsgId: MMSG-16999]
Action.c(116): Warning -26593: The header being added may cause unpredictable results when applied to all ensuing URLs. It is added anyway  	[MsgId: MWAR-26593]
Action.c(116): web_add_auto_header("content-type") highest severity level was "warning"  	[MsgId: MMSG-26391]
Action.c(118): Notify: Parameter Substitution: parameter "K2Terminal" =  "K2_6"	[MsgId: MMSG-13992]
Action.c(118): Notify: Parameter Substitution: parameter "ACCNum" =  "A20180912102342620"	[MsgId: MMSG-13992]
Action.c(118): Notify: Parameter Substitution: parameter "CurrentTime" =  "2018-09-18 17:50:49"	[MsgId: MMSG-13992]
Action.c(118): Continuing after Error -27728: Step download timeout (120 seconds) has expired  	[MsgId: MERR-27728]
End auto log messages stack.	[MsgId: MMSG-10544]


Start auto log messages stack - Iteration 1.	[MsgId: MMSG-10545]
Start auto log messages stack - Iteration 1.	[MsgId: MMSG-10545]
Action.c(137): Create print task failed. Try again. The accession number is A20180912102603819,K2_5,1	[MsgId: MMSG-17999]
Action.c(137): Create print task failed. Try again. The accession number is A20180912103046076,K2_3,1	[MsgId: MMSG-17999]
Action.c(138): Notify: Transaction "Fim GetTaskID_fail" ended with "Pass" status (Duration: 0.0002).	[MsgId: MMSG-16873]
Action.c(138): Notify: Transaction "Fim GetTaskID_fail" ended with "Pass" status (Duration: 0.0002).	[MsgId: MMSG-16873]
Action.c(141): Notify: Parameter Substitution: parameter "TaskID" =  ""	[MsgId: MMSG-13992]
Action.c(141): Notify: Parameter Substitution: parameter "TaskID" =  ""	[MsgId: MMSG-13992]
Action.c(105): lr_think_time: 5.00 seconds.	[MsgId: MMSG-15948]
Action.c(105): lr_think_time: 5.00 seconds.	[MsgId: MMSG-15948]
Action.c(108): Registering web_reg_save_param was successful  	[MsgId: MMSG-26390]
Action.c(108): Registering web_reg_save_param was successful  	[MsgId: MMSG-26390]
Action.c(114): Notify: Transaction "Film Create_PrintTask" started.	[MsgId: MMSG-16999]
Action.c(114): Notify: Transaction "Film Create_PrintTask" started.	[MsgId: MMSG-16999]
Action.c(116): Warning -26593: The header being added may cause unpredictable results when applied to all ensuing URLs. It is added anyway  	[MsgId: MWAR-26593]
Action.c(116): Warning -26593: The header being added may cause unpredictable results when applied to all ensuing URLs. It is added anyway  	[MsgId: MWAR-26593]
Action.c(116): web_add_auto_header("content-type") highest severity level was "warning"  	[MsgId: MMSG-26391]
Action.c(116): web_add_auto_header("content-type") highest severity level was "warning"  	[MsgId: MMSG-26391]
Action.c(118): Notify: Parameter Substitution: parameter "K2Terminal" =  "K2_5"	[MsgId: MMSG-13992]
Action.c(118): Notify: Parameter Substitution: parameter "K2Terminal" =  "K2_3"	[MsgId: MMSG-13992]
Action.c(118): Notify: Parameter Substitution: parameter "ACCNum" =  "A20180912102603819"	[MsgId: MMSG-13992]
Action.c(118): Notify: Parameter Substitution: parameter "ACCNum" =  "A20180912103046076"	[MsgId: MMSG-13992]
Action.c(118): Notify: Parameter Substitution: parameter "CurrentTime" =  "2018-09-18 17:52:51"	[MsgId: MMSG-13992]
Action.c(118): Notify: Parameter Substitution: parameter "CurrentTime" =  "2018-09-18 17:52:51"	[MsgId: MMSG-13992]
Action.c(118): Continuing after Error -27728: Step download timeout (120 seconds) has expired  	[MsgId: MERR-27728]
Action.c(118): Continuing after Error -27728: Step download timeout (120 seconds) has expired  	[MsgId: MERR-27728]
End auto log messages stack.	[MsgId: MMSG-10544]


End auto log messages stack.	[MsgId: MMSG-10544]


Start auto log messages stack - Iteration 1.	[MsgId: MMSG-10545]
Action.c(137): Create print task failed. Try again. The accession number is A20180912102824873,K2_4,1	[MsgId: MMSG-17999]
Action.c(138): Notify: Transaction "Fim GetTaskID_fail" ended with "Pass" status (Duration: 0.0002).	[MsgId: MMSG-16873]
Action.c(141): Notify: Parameter Substitution: parameter "TaskID" =  ""	[MsgId: MMSG-13992]
Action.c(105): lr_think_time: 5.00 seconds.	[MsgId: MMSG-15948]
Action.c(108): Registering web_reg_save_param was successful  	[MsgId: MMSG-26390]
Action.c(114): Notify: Transaction "Film Create_PrintTask" started.	[MsgId: MMSG-16999]
Action.c(116): Warning -26593: The header being added may cause unpredictable results when applied to all ensuing URLs. It is added anyway  	[MsgId: MWAR-26593]
Action.c(116): web_add_auto_header("content-type") highest severity level was "warning"  	[MsgId: MMSG-26391]
Action.c(118): Notify: Parameter Substitution: parameter "K2Terminal" =  "K2_4"	[MsgId: MMSG-13992]
Action.c(118): Notify: Parameter Substitution: parameter "ACCNum" =  "A20180912102824873"	[MsgId: MMSG-13992]
Action.c(118): Notify: Parameter Substitution: parameter "CurrentTime" =  "2018-09-18 17:52:51"	[MsgId: MMSG-13992]
Action.c(118): Continuing after Error -27728: Step download timeout (120 seconds) has expired  	[MsgId: MERR-27728]
End auto log messages stack.	[MsgId: MMSG-10544]


