Start auto log messages stack - Iteration 5.	[MsgId: MMSG-10545]
Start auto log messages stack - Iteration 5.	[MsgId: MMSG-10545]
Action.c(190): Notify: Transaction "Film_PrintStatus_CheckService" started.	[MsgId: MMSG-16999]
Action.c(190): Notify: Transaction "Film_PrintStatus_CheckService" started.	[MsgId: MMSG-16999]
Action.c(192): Warning -26593: The header being added may cause unpredictable results when applied to all ensuing URLs. It is added anyway  	[MsgId: MWAR-26593]
Action.c(192): Warning -26593: The header being added may cause unpredictable results when applied to all ensuing URLs. It is added anyway  	[MsgId: MWAR-26593]
Action.c(192): web_add_auto_header("content-type") highest severity level was "warning"  	[MsgId: MMSG-26391]
Action.c(193): web_custom_request("web_custom_request") was successful, 726 body bytes, 259 header bytes  	[MsgId: MMSG-26386]
Action.c(192): web_add_auto_header("content-type") highest severity level was "warning"  	[MsgId: MMSG-26391]
Action.c(193): web_custom_request("web_custom_request") was successful, 727 body bytes, 259 header bytes  	[MsgId: MMSG-26386]
Action.c(203): Notify: Transaction "Film_PrintStatus_CheckService" ended with "Pass" status (Duration: 0.0893 Wasted Time: 0.0000).	[MsgId: MMSG-16871]
Action.c(205): PrintStatus in DataBase-------,3	[MsgId: MMSG-17999]
Action.c(203): Notify: Transaction "Film_PrintStatus_CheckService" ended with "Pass" status (Duration: 0.0893 Wasted Time: 0.0000).	[MsgId: MMSG-16871]
Action.c(205): PrintStatus in DataBase-------,3	[MsgId: MMSG-17999]
Action.c(207): PrintStatus Check result-------,-1	[MsgId: MMSG-17999]
Action.c(207): PrintStatus Check result-------,-1	[MsgId: MMSG-17999]
Action.c(212): PrintStatus-------,30	[MsgId: MMSG-17999]
Action.c(245): Notify: Transaction "Film PrintTask_Result_Fail" started.	[MsgId: MMSG-16999]
Action.c(246): Error: The task do not finish correct: TaskID: 4369121  From Terminal: K2_1	[MsgId: MERR-17999]
Action.c(212): PrintStatus-------,30	[MsgId: MMSG-17999]
Action.c(245): Notify: Transaction "Film PrintTask_Result_Fail" started.	[MsgId: MMSG-16999]
Action.c(246): Error: The task do not finish correct: TaskID: 4369120  From Terminal: K2_2	[MsgId: MERR-17999]
End auto log messages stack.	[MsgId: MMSG-10544]


End auto log messages stack.	[MsgId: MMSG-10544]


Start auto log messages stack - Iteration 5.	[MsgId: MMSG-10545]
Action.c(190): Notify: Transaction "Film_PrintStatus_CheckService" started.	[MsgId: MMSG-16999]
Action.c(192): Warning -26593: The header being added may cause unpredictable results when applied to all ensuing URLs. It is added anyway  	[MsgId: MWAR-26593]
Action.c(192): web_add_auto_header("content-type") highest severity level was "warning"  	[MsgId: MMSG-26391]
Action.c(193): web_custom_request("web_custom_request") was successful, 726 body bytes, 259 header bytes  	[MsgId: MMSG-26386]
Action.c(203): Notify: Transaction "Film_PrintStatus_CheckService" ended with "Pass" status (Duration: 0.0130 Wasted Time: 0.0000).	[MsgId: MMSG-16871]
Action.c(205): PrintStatus in DataBase-------,3	[MsgId: MMSG-17999]
Action.c(207): PrintStatus Check result-------,-1	[MsgId: MMSG-17999]
Action.c(212): PrintStatus-------,30	[MsgId: MMSG-17999]
Action.c(245): Notify: Transaction "Film PrintTask_Result_Fail" started.	[MsgId: MMSG-16999]
Action.c(246): Error: The task do not finish correct: TaskID: 4369122  From Terminal: K2_3	[MsgId: MERR-17999]
End auto log messages stack.	[MsgId: MMSG-10544]


Start auto log messages stack - Iteration 5.	[MsgId: MMSG-10545]
Start auto log messages stack - Iteration 5.	[MsgId: MMSG-10545]
Action.c(190): Notify: Transaction "Film_PrintStatus_CheckService" started.	[MsgId: MMSG-16999]
Action.c(190): Notify: Transaction "Film_PrintStatus_CheckService" started.	[MsgId: MMSG-16999]
Action.c(192): Warning -26593: The header being added may cause unpredictable results when applied to all ensuing URLs. It is added anyway  	[MsgId: MWAR-26593]
Action.c(192): Warning -26593: The header being added may cause unpredictable results when applied to all ensuing URLs. It is added anyway  	[MsgId: MWAR-26593]
Action.c(192): web_add_auto_header("content-type") highest severity level was "warning"  	[MsgId: MMSG-26391]
Start auto log messages stack - Iteration 5.	[MsgId: MMSG-10545]
Action.c(193): web_custom_request("web_custom_request") was successful, 731 body bytes, 259 header bytes  	[MsgId: MMSG-26386]
Start auto log messages stack - Iteration 5.	[MsgId: MMSG-10545]
Action.c(203): Notify: Transaction "Film_PrintStatus_CheckService" ended with "Pass" status (Duration: 0.1130 Wasted Time: 0.0000).	[MsgId: MMSG-16871]
Action.c(205): PrintStatus in DataBase-------,3	[MsgId: MMSG-17999]
Action.c(192): web_add_auto_header("content-type") highest severity level was "warning"  	[MsgId: MMSG-26391]
Action.c(207): PrintStatus Check result-------,-1	[MsgId: MMSG-17999]
Action.c(193): web_custom_request("web_custom_request") was successful, 732 body bytes, 259 header bytes  	[MsgId: MMSG-26386]
Action.c(212): PrintStatus-------,30	[MsgId: MMSG-17999]
Action.c(245): Notify: Transaction "Film PrintTask_Result_Fail" started.	[MsgId: MMSG-16999]
Action.c(246): Error: The task do not finish correct: TaskID: 4369129  From Terminal: K2_6	[MsgId: MERR-17999]
End auto log messages stack.	[MsgId: MMSG-10544]
Action.c(203): Notify: Transaction "Film_PrintStatus_CheckService" ended with "Pass" status (Duration: 0.1132 Wasted Time: 0.0000).	[MsgId: MMSG-16871]


Action.c(205): PrintStatus in DataBase-------,3	[MsgId: MMSG-17999]
Action.c(207): PrintStatus Check result-------,-1	[MsgId: MMSG-17999]
Action.c(212): PrintStatus-------,30	[MsgId: MMSG-17999]
Action.c(245): Notify: Transaction "Film PrintTask_Result_Fail" started.	[MsgId: MMSG-16999]
Action.c(246): Error: The task do not finish correct: TaskID: 4369128  From Terminal: K2_7	[MsgId: MERR-17999]
End auto log messages stack.	[MsgId: MMSG-10544]


Action.c(190): Notify: Transaction "Film_PrintStatus_CheckService" started.	[MsgId: MMSG-16999]
Action.c(190): Notify: Transaction "Film_PrintStatus_CheckService" started.	[MsgId: MMSG-16999]
Action.c(192): Warning -26593: The header being added may cause unpredictable results when applied to all ensuing URLs. It is added anyway  	[MsgId: MWAR-26593]
Action.c(192): Warning -26593: The header being added may cause unpredictable results when applied to all ensuing URLs. It is added anyway  	[MsgId: MWAR-26593]
Action.c(192): web_add_auto_header("content-type") highest severity level was "warning"  	[MsgId: MMSG-26391]
Action.c(192): web_add_auto_header("content-type") highest severity level was "warning"  	[MsgId: MMSG-26391]
Action.c(193): web_custom_request("web_custom_request") was successful, 723 body bytes, 259 header bytes  	[MsgId: MMSG-26386]
Action.c(193): web_custom_request("web_custom_request") was successful, 726 body bytes, 259 header bytes  	[MsgId: MMSG-26386]
Action.c(203): Notify: Transaction "Film_PrintStatus_CheckService" ended with "Pass" status (Duration: 0.1144 Wasted Time: 0.0000).	[MsgId: MMSG-16871]
Action.c(205): PrintStatus in DataBase-------,3	[MsgId: MMSG-17999]
Action.c(207): PrintStatus Check result-------,-1	[MsgId: MMSG-17999]
Action.c(203): Notify: Transaction "Film_PrintStatus_CheckService" ended with "Pass" status (Duration: 0.1145 Wasted Time: 0.0000).	[MsgId: MMSG-16871]
Action.c(212): PrintStatus-------,30	[MsgId: MMSG-17999]
Action.c(205): PrintStatus in DataBase-------,3	[MsgId: MMSG-17999]
Action.c(245): Notify: Transaction "Film PrintTask_Result_Fail" started.	[MsgId: MMSG-16999]
Action.c(207): PrintStatus Check result-------,-1	[MsgId: MMSG-17999]
Action.c(246): Error: The task do not finish correct: TaskID: 4369127  From Terminal: K2_8	[MsgId: MERR-17999]
Action.c(212): PrintStatus-------,30	[MsgId: MMSG-17999]
End auto log messages stack.	[MsgId: MMSG-10544]


Action.c(245): Notify: Transaction "Film PrintTask_Result_Fail" started.	[MsgId: MMSG-16999]
Action.c(246): Error: The task do not finish correct: TaskID: 4369126  From Terminal: K2_4	[MsgId: MERR-17999]
End auto log messages stack.	[MsgId: MMSG-10544]


Start auto log messages stack - Iteration 5.	[MsgId: MMSG-10545]
Action.c(190): Notify: Transaction "Film_PrintStatus_CheckService" started.	[MsgId: MMSG-16999]
Action.c(192): Warning -26593: The header being added may cause unpredictable results when applied to all ensuing URLs. It is added anyway  	[MsgId: MWAR-26593]
Action.c(192): web_add_auto_header("content-type") highest severity level was "warning"  	[MsgId: MMSG-26391]
Action.c(193): web_custom_request("web_custom_request") was successful, 729 body bytes, 259 header bytes  	[MsgId: MMSG-26386]
Action.c(203): Notify: Transaction "Film_PrintStatus_CheckService" ended with "Pass" status (Duration: 0.0190 Wasted Time: 0.0000).	[MsgId: MMSG-16871]
Action.c(205): PrintStatus in DataBase-------,3	[MsgId: MMSG-17999]
Action.c(207): PrintStatus Check result-------,-1	[MsgId: MMSG-17999]
Action.c(212): PrintStatus-------,30	[MsgId: MMSG-17999]
Action.c(245): Notify: Transaction "Film PrintTask_Result_Fail" started.	[MsgId: MMSG-16999]
Action.c(246): Error: The task do not finish correct: TaskID: 4369133  From Terminal: K2_5	[MsgId: MERR-17999]
End auto log messages stack.	[MsgId: MMSG-10544]


Start auto log messages stack - Iteration 10.	[MsgId: MMSG-10545]
Action.c(190): Notify: Transaction "Film_PrintStatus_CheckService" started.	[MsgId: MMSG-16999]
Action.c(192): Warning -26593: The header being added may cause unpredictable results when applied to all ensuing URLs. It is added anyway  	[MsgId: MWAR-26593]
Action.c(192): web_add_auto_header("content-type") highest severity level was "warning"  	[MsgId: MMSG-26391]
Start auto log messages stack - Iteration 10.	[MsgId: MMSG-10545]
Action.c(190): Notify: Transaction "Film_PrintStatus_CheckService" started.	[MsgId: MMSG-16999]
Action.c(192): Warning -26593: The header being added may cause unpredictable results when applied to all ensuing URLs. It is added anyway  	[MsgId: MWAR-26593]
Action.c(192): web_add_auto_header("content-type") highest severity level was "warning"  	[MsgId: MMSG-26391]
Action.c(193): web_custom_request("web_custom_request") was successful, 731 body bytes, 259 header bytes  	[MsgId: MMSG-26386]
Action.c(203): Notify: Transaction "Film_PrintStatus_CheckService" ended with "Pass" status (Duration: 0.2437 Wasted Time: 0.0000).	[MsgId: MMSG-16871]
Action.c(205): PrintStatus in DataBase-------,3	[MsgId: MMSG-17999]
Action.c(207): PrintStatus Check result-------,-1	[MsgId: MMSG-17999]
Start auto log messages stack - Iteration 10.	[MsgId: MMSG-10545]
Action.c(212): PrintStatus-------,30	[MsgId: MMSG-17999]
Action.c(190): Notify: Transaction "Film_PrintStatus_CheckService" started.	[MsgId: MMSG-16999]
Action.c(245): Notify: Transaction "Film PrintTask_Result_Fail" started.	[MsgId: MMSG-16999]
Action.c(192): Warning -26593: The header being added may cause unpredictable results when applied to all ensuing URLs. It is added anyway  	[MsgId: MWAR-26593]
Action.c(246): Error: The task do not finish correct: TaskID: 4369208  From Terminal: K2_6	[MsgId: MERR-17999]
Action.c(192): web_add_auto_header("content-type") highest severity level was "warning"  	[MsgId: MMSG-26391]
End auto log messages stack.	[MsgId: MMSG-10544]
Action.c(193): web_custom_request("web_custom_request") was successful, 723 body bytes, 259 header bytes  	[MsgId: MMSG-26386]


Action.c(203): Notify: Transaction "Film_PrintStatus_CheckService" ended with "Pass" status (Duration: 0.2443 Wasted Time: 0.0000).	[MsgId: MMSG-16871]
Action.c(205): PrintStatus in DataBase-------,3	[MsgId: MMSG-17999]
Action.c(207): PrintStatus Check result-------,-1	[MsgId: MMSG-17999]
Start auto log messages stack - Iteration 10.	[MsgId: MMSG-10545]
Action.c(212): PrintStatus-------,30	[MsgId: MMSG-17999]
Action.c(190): Notify: Transaction "Film_PrintStatus_CheckService" started.	[MsgId: MMSG-16999]
Action.c(245): Notify: Transaction "Film PrintTask_Result_Fail" started.	[MsgId: MMSG-16999]
Action.c(192): Warning -26593: The header being added may cause unpredictable results when applied to all ensuing URLs. It is added anyway  	[MsgId: MWAR-26593]
Action.c(193): web_custom_request("web_custom_request") was successful, 732 body bytes, 259 header bytes  	[MsgId: MMSG-26386]
Action.c(246): Error: The task do not finish correct: TaskID: 4369207  From Terminal: K2_8	[MsgId: MERR-17999]
Action.c(192): web_add_auto_header("content-type") highest severity level was "warning"  	[MsgId: MMSG-26391]
End auto log messages stack.	[MsgId: MMSG-10544]
Action.c(193): web_custom_request("web_custom_request") was successful, 726 body bytes, 259 header bytes  	[MsgId: MMSG-26386]


Action.c(203): Notify: Transaction "Film_PrintStatus_CheckService" ended with "Pass" status (Duration: 0.2429 Wasted Time: 0.0000).	[MsgId: MMSG-16871]
Action.c(203): Notify: Transaction "Film_PrintStatus_CheckService" ended with "Pass" status (Duration: 0.2441 Wasted Time: 0.0000).	[MsgId: MMSG-16871]
Action.c(205): PrintStatus in DataBase-------,3	[MsgId: MMSG-17999]
Action.c(205): PrintStatus in DataBase-------,3	[MsgId: MMSG-17999]
Action.c(207): PrintStatus Check result-------,-1	[MsgId: MMSG-17999]
Action.c(212): PrintStatus-------,30	[MsgId: MMSG-17999]
Action.c(245): Notify: Transaction "Film PrintTask_Result_Fail" started.	[MsgId: MMSG-16999]
Action.c(246): Error: The task do not finish correct: TaskID: 4369211  From Terminal: K2_3	[MsgId: MERR-17999]
Action.c(207): PrintStatus Check result-------,-1	[MsgId: MMSG-17999]
Action.c(212): PrintStatus-------,30	[MsgId: MMSG-17999]
End auto log messages stack.	[MsgId: MMSG-10544]


Action.c(245): Notify: Transaction "Film PrintTask_Result_Fail" started.	[MsgId: MMSG-16999]
Action.c(246): Error: The task do not finish correct: TaskID: 4369209  From Terminal: K2_7	[MsgId: MERR-17999]
End auto log messages stack.	[MsgId: MMSG-10544]


Start auto log messages stack - Iteration 10.	[MsgId: MMSG-10545]
Action.c(190): Notify: Transaction "Film_PrintStatus_CheckService" started.	[MsgId: MMSG-16999]
Action.c(192): Warning -26593: The header being added may cause unpredictable results when applied to all ensuing URLs. It is added anyway  	[MsgId: MWAR-26593]
Action.c(192): web_add_auto_header("content-type") highest severity level was "warning"  	[MsgId: MMSG-26391]
Action.c(193): web_custom_request("web_custom_request") was successful, 726 body bytes, 259 header bytes  	[MsgId: MMSG-26386]
Action.c(203): Notify: Transaction "Film_PrintStatus_CheckService" ended with "Pass" status (Duration: 0.1363 Wasted Time: 0.0000).	[MsgId: MMSG-16871]
Action.c(205): PrintStatus in DataBase-------,3	[MsgId: MMSG-17999]
Action.c(207): PrintStatus Check result-------,-1	[MsgId: MMSG-17999]
Action.c(212): PrintStatus-------,30	[MsgId: MMSG-17999]
Action.c(245): Notify: Transaction "Film PrintTask_Result_Fail" started.	[MsgId: MMSG-16999]
Action.c(246): Error: The task do not finish correct: TaskID: 4369210  From Terminal: K2_1	[MsgId: MERR-17999]
End auto log messages stack.	[MsgId: MMSG-10544]


Start auto log messages stack - Iteration 10.	[MsgId: MMSG-10545]
Action.c(190): Notify: Transaction "Film_PrintStatus_CheckService" started.	[MsgId: MMSG-16999]
Action.c(192): Warning -26593: The header being added may cause unpredictable results when applied to all ensuing URLs. It is added anyway  	[MsgId: MWAR-26593]
Action.c(192): web_add_auto_header("content-type") highest severity level was "warning"  	[MsgId: MMSG-26391]
Action.c(193): web_custom_request("web_custom_request") was successful, 726 body bytes, 259 header bytes  	[MsgId: MMSG-26386]
Action.c(203): Notify: Transaction "Film_PrintStatus_CheckService" ended with "Pass" status (Duration: 0.0468 Wasted Time: 0.0000).	[MsgId: MMSG-16871]
Action.c(205): PrintStatus in DataBase-------,3	[MsgId: MMSG-17999]
Action.c(207): PrintStatus Check result-------,-1	[MsgId: MMSG-17999]
Action.c(212): PrintStatus-------,30	[MsgId: MMSG-17999]
Action.c(245): Notify: Transaction "Film PrintTask_Result_Fail" started.	[MsgId: MMSG-16999]
Action.c(246): Error: The task do not finish correct: TaskID: 4369212  From Terminal: K2_4	[MsgId: MERR-17999]
End auto log messages stack.	[MsgId: MMSG-10544]


Start auto log messages stack - Iteration 10.	[MsgId: MMSG-10545]
Action.c(190): Notify: Transaction "Film_PrintStatus_CheckService" started.	[MsgId: MMSG-16999]
Action.c(192): Warning -26593: The header being added may cause unpredictable results when applied to all ensuing URLs. It is added anyway  	[MsgId: MWAR-26593]
Action.c(192): web_add_auto_header("content-type") highest severity level was "warning"  	[MsgId: MMSG-26391]
Action.c(193): web_custom_request("web_custom_request") was successful, 729 body bytes, 259 header bytes  	[MsgId: MMSG-26386]
Action.c(203): Notify: Transaction "Film_PrintStatus_CheckService" ended with "Pass" status (Duration: 0.0182 Wasted Time: 0.0000).	[MsgId: MMSG-16871]
Action.c(205): PrintStatus in DataBase-------,3	[MsgId: MMSG-17999]
Action.c(207): PrintStatus Check result-------,-1	[MsgId: MMSG-17999]
Action.c(212): PrintStatus-------,30	[MsgId: MMSG-17999]
Action.c(245): Notify: Transaction "Film PrintTask_Result_Fail" started.	[MsgId: MMSG-16999]
Action.c(246): Error: The task do not finish correct: TaskID: 4369220  From Terminal: K2_5	[MsgId: MERR-17999]
End auto log messages stack.	[MsgId: MMSG-10544]


Start auto log messages stack - Iteration 13.	[MsgId: MMSG-10545]
Action.c(190): Notify: Transaction "Film_PrintStatus_CheckService" started.	[MsgId: MMSG-16999]
Action.c(192): Warning -26593: The header being added may cause unpredictable results when applied to all ensuing URLs. It is added anyway  	[MsgId: MWAR-26593]
Action.c(192): web_add_auto_header("content-type") highest severity level was "warning"  	[MsgId: MMSG-26391]
Action.c(193): web_custom_request("web_custom_request") was successful, 727 body bytes, 259 header bytes  	[MsgId: MMSG-26386]
Action.c(203): Notify: Transaction "Film_PrintStatus_CheckService" ended with "Pass" status (Duration: 0.0188 Wasted Time: 0.0000).	[MsgId: MMSG-16871]
Action.c(205): PrintStatus in DataBase-------,3	[MsgId: MMSG-17999]
Action.c(207): PrintStatus Check result-------,-1	[MsgId: MMSG-17999]
Action.c(212): PrintStatus-------,30	[MsgId: MMSG-17999]
Action.c(245): Notify: Transaction "Film PrintTask_Result_Fail" started.	[MsgId: MMSG-16999]
Action.c(246): Error: The task do not finish correct: TaskID: 4369222  From Terminal: K2_2	[MsgId: MERR-17999]
End auto log messages stack.	[MsgId: MMSG-10544]


Start auto log messages stack - Iteration 11.	[MsgId: MMSG-10545]
Action.c(190): Notify: Transaction "Film_PrintStatus_CheckService" started.	[MsgId: MMSG-16999]
Action.c(192): Warning -26593: The header being added may cause unpredictable results when applied to all ensuing URLs. It is added anyway  	[MsgId: MWAR-26593]
Action.c(192): web_add_auto_header("content-type") highest severity level was "warning"  	[MsgId: MMSG-26391]
Action.c(193): web_custom_request("web_custom_request") was successful, 732 body bytes, 259 header bytes  	[MsgId: MMSG-26386]
Action.c(203): Notify: Transaction "Film_PrintStatus_CheckService" ended with "Pass" status (Duration: 1.8647 Wasted Time: 0.0000).	[MsgId: MMSG-16871]
Action.c(205): PrintStatus in DataBase-------,3	[MsgId: MMSG-17999]
Action.c(207): PrintStatus Check result-------,-1	[MsgId: MMSG-17999]
Action.c(212): PrintStatus-------,30	[MsgId: MMSG-17999]
Action.c(245): Notify: Transaction "Film PrintTask_Result_Fail" started.	[MsgId: MMSG-16999]
Action.c(246): Error: The task do not finish correct: TaskID: 4369232  From Terminal: K2_7	[MsgId: MERR-17999]
End auto log messages stack.	[MsgId: MMSG-10544]


Start auto log messages stack - Iteration 11.	[MsgId: MMSG-10545]
Action.c(190): Notify: Transaction "Film_PrintStatus_CheckService" started.	[MsgId: MMSG-16999]
Action.c(192): Warning -26593: The header being added may cause unpredictable results when applied to all ensuing URLs. It is added anyway  	[MsgId: MWAR-26593]
Action.c(192): web_add_auto_header("content-type") highest severity level was "warning"  	[MsgId: MMSG-26391]
Action.c(193): web_custom_request("web_custom_request") was successful, 723 body bytes, 259 header bytes  	[MsgId: MMSG-26386]
Action.c(203): Notify: Transaction "Film_PrintStatus_CheckService" ended with "Pass" status (Duration: 2.5062 Wasted Time: 0.0000).	[MsgId: MMSG-16871]
Action.c(205): PrintStatus in DataBase-------,3	[MsgId: MMSG-17999]
Action.c(207): PrintStatus Check result-------,-1	[MsgId: MMSG-17999]
Action.c(212): PrintStatus-------,30	[MsgId: MMSG-17999]
Action.c(245): Notify: Transaction "Film PrintTask_Result_Fail" started.	[MsgId: MMSG-16999]
Action.c(246): Error: The task do not finish correct: TaskID: 4369231  From Terminal: K2_8	[MsgId: MERR-17999]
End auto log messages stack.	[MsgId: MMSG-10544]


Start auto log messages stack - Iteration 11.	[MsgId: MMSG-10545]
Action.c(190): Notify: Transaction "Film_PrintStatus_CheckService" started.	[MsgId: MMSG-16999]
Action.c(192): Warning -26593: The header being added may cause unpredictable results when applied to all ensuing URLs. It is added anyway  	[MsgId: MWAR-26593]
Action.c(192): web_add_auto_header("content-type") highest severity level was "warning"  	[MsgId: MMSG-26391]
Action.c(193): web_custom_request("web_custom_request") was successful, 731 body bytes, 259 header bytes  	[MsgId: MMSG-26386]
Action.c(203): Notify: Transaction "Film_PrintStatus_CheckService" ended with "Pass" status (Duration: 1.4627 Wasted Time: 0.0000).	[MsgId: MMSG-16871]
Action.c(205): PrintStatus in DataBase-------,3	[MsgId: MMSG-17999]
Action.c(207): PrintStatus Check result-------,-1	[MsgId: MMSG-17999]
Action.c(212): PrintStatus-------,30	[MsgId: MMSG-17999]
Action.c(245): Notify: Transaction "Film PrintTask_Result_Fail" started.	[MsgId: MMSG-16999]
Action.c(246): Error: The task do not finish correct: TaskID: 4369233  From Terminal: K2_6	[MsgId: MERR-17999]
End auto log messages stack.	[MsgId: MMSG-10544]


Start auto log messages stack - Iteration 11.	[MsgId: MMSG-10545]
Action.c(190): Notify: Transaction "Film_PrintStatus_CheckService" started.	[MsgId: MMSG-16999]
Action.c(192): Warning -26593: The header being added may cause unpredictable results when applied to all ensuing URLs. It is added anyway  	[MsgId: MWAR-26593]
Action.c(192): web_add_auto_header("content-type") highest severity level was "warning"  	[MsgId: MMSG-26391]
Action.c(193): web_custom_request("web_custom_request") was successful, 726 body bytes, 259 header bytes  	[MsgId: MMSG-26386]
Action.c(203): Notify: Transaction "Film_PrintStatus_CheckService" ended with "Pass" status (Duration: 1.8333 Wasted Time: 0.0000).	[MsgId: MMSG-16871]
Action.c(205): PrintStatus in DataBase-------,3	[MsgId: MMSG-17999]
Action.c(207): PrintStatus Check result-------,-1	[MsgId: MMSG-17999]
Action.c(212): PrintStatus-------,30	[MsgId: MMSG-17999]
Action.c(245): Notify: Transaction "Film PrintTask_Result_Fail" started.	[MsgId: MMSG-16999]
Action.c(246): Error: The task do not finish correct: TaskID: 4369234  From Terminal: K2_4	[MsgId: MERR-17999]
End auto log messages stack.	[MsgId: MMSG-10544]


Start auto log messages stack - Iteration 13.	[MsgId: MMSG-10545]
Action.c(190): Notify: Transaction "Film_PrintStatus_CheckService" started.	[MsgId: MMSG-16999]
Action.c(192): Warning -26593: The header being added may cause unpredictable results when applied to all ensuing URLs. It is added anyway  	[MsgId: MWAR-26593]
Action.c(192): web_add_auto_header("content-type") highest severity level was "warning"  	[MsgId: MMSG-26391]
Action.c(193): web_custom_request("web_custom_request") was successful, 726 body bytes, 259 header bytes  	[MsgId: MMSG-26386]
Action.c(203): Notify: Transaction "Film_PrintStatus_CheckService" ended with "Pass" status (Duration: 0.3603 Wasted Time: 0.0000).	[MsgId: MMSG-16871]
Action.c(205): PrintStatus in DataBase-------,3	[MsgId: MMSG-17999]
Action.c(207): PrintStatus Check result-------,-1	[MsgId: MMSG-17999]
Action.c(212): PrintStatus-------,30	[MsgId: MMSG-17999]
Action.c(245): Notify: Transaction "Film PrintTask_Result_Fail" started.	[MsgId: MMSG-16999]
Action.c(246): Error: The task do not finish correct: TaskID: 4369235  From Terminal: K2_3	[MsgId: MERR-17999]
End auto log messages stack.	[MsgId: MMSG-10544]


Start auto log messages stack - Iteration 11.	[MsgId: MMSG-10545]
Action.c(190): Notify: Transaction "Film_PrintStatus_CheckService" started.	[MsgId: MMSG-16999]
Action.c(192): Warning -26593: The header being added may cause unpredictable results when applied to all ensuing URLs. It is added anyway  	[MsgId: MWAR-26593]
Action.c(192): web_add_auto_header("content-type") highest severity level was "warning"  	[MsgId: MMSG-26391]
Action.c(193): web_custom_request("web_custom_request") was successful, 729 body bytes, 259 header bytes  	[MsgId: MMSG-26386]
Action.c(203): Notify: Transaction "Film_PrintStatus_CheckService" ended with "Pass" status (Duration: 0.3347 Wasted Time: 0.0000).	[MsgId: MMSG-16871]
Action.c(205): PrintStatus in DataBase-------,3	[MsgId: MMSG-17999]
Action.c(207): PrintStatus Check result-------,-1	[MsgId: MMSG-17999]
Action.c(212): PrintStatus-------,30	[MsgId: MMSG-17999]
Action.c(245): Notify: Transaction "Film PrintTask_Result_Fail" started.	[MsgId: MMSG-16999]
Action.c(246): Error: The task do not finish correct: TaskID: 4369236  From Terminal: K2_5	[MsgId: MERR-17999]
End auto log messages stack.	[MsgId: MMSG-10544]


Start auto log messages stack - Iteration 13.	[MsgId: MMSG-10545]
Action.c(190): Notify: Transaction "Film_PrintStatus_CheckService" started.	[MsgId: MMSG-16999]
Action.c(192): Warning -26593: The header being added may cause unpredictable results when applied to all ensuing URLs. It is added anyway  	[MsgId: MWAR-26593]
Action.c(192): web_add_auto_header("content-type") highest severity level was "warning"  	[MsgId: MMSG-26391]
Action.c(193): web_custom_request("web_custom_request") was successful, 726 body bytes, 259 header bytes  	[MsgId: MMSG-26386]
Action.c(203): Notify: Transaction "Film_PrintStatus_CheckService" ended with "Pass" status (Duration: 3.7041 Wasted Time: 0.0000).	[MsgId: MMSG-16871]
Action.c(205): PrintStatus in DataBase-------,3	[MsgId: MMSG-17999]
Action.c(207): PrintStatus Check result-------,-1	[MsgId: MMSG-17999]
Action.c(212): PrintStatus-------,30	[MsgId: MMSG-17999]
Action.c(245): Notify: Transaction "Film PrintTask_Result_Fail" started.	[MsgId: MMSG-16999]
Action.c(246): Error: The task do not finish correct: TaskID: 4369237  From Terminal: K2_1	[MsgId: MERR-17999]
End auto log messages stack.	[MsgId: MMSG-10544]


Start auto log messages stack - Iteration 15.	[MsgId: MMSG-10545]
Action.c(86): web_add_auto_header("content-type") highest severity level was "warning"  	[MsgId: MMSG-26391]
Action.c(87): web_custom_request("web_custom_request") was successful, 600 body bytes, 259 header bytes  	[MsgId: MMSG-26386]
Action.c(97): Notify: Transaction "Film TerminalStatus" ended with "Pass" status (Duration: 0.5217).	[MsgId: MMSG-16873]
Action.c(105): lr_think_time: 5.00 seconds.	[MsgId: MMSG-15948]
Action.c(108): Registering web_reg_save_param was successful  	[MsgId: MMSG-26390]
Action.c(114): Notify: Transaction "Film Create_PrintTask" started.	[MsgId: MMSG-16999]
Action.c(116): Warning -26593: The header being added may cause unpredictable results when applied to all ensuing URLs. It is added anyway  	[MsgId: MWAR-26593]
Action.c(116): web_add_auto_header("content-type") highest severity level was "warning"  	[MsgId: MMSG-26391]
Action.c(118): Continuing after Error -27728: Step download timeout (120 seconds) has expired  	[MsgId: MERR-27728]
End auto log messages stack.	[MsgId: MMSG-10544]


Start auto log messages stack - Iteration 15.	[MsgId: MMSG-10545]
Action.c(118): Aborting pending download of URL="http://10.184.129.108/EHDPS/printtask/create?tid=K2_2"  	[MsgId: MMSG-27656]
Action.c(118): Warning -26377: No match found for the requested parameter "TaskID". Check whether the requested boundaries exist in the response data. Also, if the data you want to save exceeds 10240 bytes, use web_set_max_html_param_len to increase the parameter size  	[MsgId: MWAR-26377]
Action.c(118): web_custom_request("web_custom_request") highest severity level was "continue on error", 0 body bytes, 0 header bytes  	[MsgId: MMSG-26388]
Action.c(118): Continuing after error in Vuser script.	[MsgId: MMSG-10678]
Action.c(129): Notify: Transaction "Film Create_PrintTask" ended with "Fail" status (Duration: 120.0098).	[MsgId: MMSG-16873]
Action.c(136): Notify: Transaction "Fim GetTaskID_fail" started.	[MsgId: MMSG-16999]
Action.c(137): Error: Create print task failed. Try again. The accession number is A20180815105307232,K2_2	[MsgId: MERR-17999]
End auto log messages stack.	[MsgId: MMSG-10544]


Start auto log messages stack - Iteration 15.	[MsgId: MMSG-10545]
Action.c(138): Notify: Transaction "Fim GetTaskID_fail" ended with "Pass" status (Duration: 0.0007).	[MsgId: MMSG-16873]
Action.c(105): lr_think_time: 5.00 seconds.	[MsgId: MMSG-15948]
Action.c(108): Registering web_reg_save_param was successful  	[MsgId: MMSG-26390]
Action.c(114): Notify: Transaction "Film Create_PrintTask" started.	[MsgId: MMSG-16999]
Action.c(116): Warning -26593: The header being added may cause unpredictable results when applied to all ensuing URLs. It is added anyway  	[MsgId: MWAR-26593]
Action.c(116): web_add_auto_header("content-type") highest severity level was "warning"  	[MsgId: MMSG-26391]
Action.c(118): Continuing after Error -27728: Step download timeout (120 seconds) has expired  	[MsgId: MERR-27728]
End auto log messages stack.	[MsgId: MMSG-10544]


Start auto log messages stack - Iteration 15.	[MsgId: MMSG-10545]
Action.c(118): Aborting pending download of URL="http://10.184.129.108/EHDPS/printtask/create?tid=K2_2"  	[MsgId: MMSG-27656]
Action.c(118): Warning -26377: No match found for the requested parameter "TaskID". Check whether the requested boundaries exist in the response data. Also, if the data you want to save exceeds 10240 bytes, use web_set_max_html_param_len to increase the parameter size  	[MsgId: MWAR-26377]
Action.c(118): web_custom_request("web_custom_request") highest severity level was "continue on error", 0 body bytes, 0 header bytes  	[MsgId: MMSG-26388]
Action.c(118): Continuing after error in Vuser script.	[MsgId: MMSG-10678]
Action.c(129): Notify: Transaction "Film Create_PrintTask" ended with "Fail" status (Duration: 120.0096).	[MsgId: MMSG-16873]
Action.c(136): Notify: Transaction "Fim GetTaskID_fail" started.	[MsgId: MMSG-16999]
Action.c(137): Error: Create print task failed. Try again. The accession number is A20180815105307232,K2_2	[MsgId: MERR-17999]
End auto log messages stack.	[MsgId: MMSG-10544]


Start auto log messages stack - Iteration 15.	[MsgId: MMSG-10545]
Action.c(138): Notify: Transaction "Fim GetTaskID_fail" ended with "Pass" status (Duration: 0.0006).	[MsgId: MMSG-16873]
Action.c(105): lr_think_time: 5.00 seconds.	[MsgId: MMSG-15948]
Action.c(108): Registering web_reg_save_param was successful  	[MsgId: MMSG-26390]
Action.c(114): Notify: Transaction "Film Create_PrintTask" started.	[MsgId: MMSG-16999]
Action.c(116): Warning -26593: The header being added may cause unpredictable results when applied to all ensuing URLs. It is added anyway  	[MsgId: MWAR-26593]
Action.c(116): web_add_auto_header("content-type") highest severity level was "warning"  	[MsgId: MMSG-26391]
Action.c(118): web_custom_request("web_custom_request") was successful, 726 body bytes, 259 header bytes  	[MsgId: MMSG-26386]
Action.c(129): Notify: Transaction "Film Create_PrintTask" ended with "Pass" status (Duration: 44.2785 Wasted Time: 0.0000).	[MsgId: MMSG-16871]
Action.c(146): Notify: Transaction "Film Create_PrintTask Fail" started.	[MsgId: MMSG-16999]
Action.c(147): Error: Try to get the Print task ID failed: A20180815105307232 :  K2_2	[MsgId: MERR-17999]
End auto log messages stack.	[MsgId: MMSG-10544]


Start auto log messages stack - Iteration 13.	[MsgId: MMSG-10545]
Action.c(116): Warning -26593: The header being added may cause unpredictable results when applied to all ensuing URLs. It is added anyway  	[MsgId: MWAR-26593]
Action.c(116): web_add_auto_header("content-type") highest severity level was "warning"  	[MsgId: MMSG-26391]
Action.c(118): Warning -26377: No match found for the requested parameter "TaskID". Check whether the requested boundaries exist in the response data. Also, if the data you want to save exceeds 10240 bytes, use web_set_max_html_param_len to increase the parameter size  	[MsgId: MWAR-26377]
Action.c(118): web_custom_request("web_custom_request") highest severity level was "warning", 265 body bytes, 259 header bytes  	[MsgId: MMSG-26388]
Action.c(129): Notify: Transaction "Film Create_PrintTask" ended with "Pass" status (Duration: 96.9482 Wasted Time: 0.0000).	[MsgId: MMSG-16871]
Action.c(136): Notify: Transaction "Fim GetTaskID_fail" started.	[MsgId: MMSG-16999]
Action.c(137): Error: Create print task failed. Try again. The accession number is A20180815104718572,K2_6	[MsgId: MERR-17999]
End auto log messages stack.	[MsgId: MMSG-10544]


Start auto log messages stack - Iteration 13.	[MsgId: MMSG-10545]
Action.c(190): Notify: Transaction "Film_PrintStatus_CheckService" started.	[MsgId: MMSG-16999]
Action.c(192): Warning -26593: The header being added may cause unpredictable results when applied to all ensuing URLs. It is added anyway  	[MsgId: MWAR-26593]
Action.c(192): web_add_auto_header("content-type") highest severity level was "warning"  	[MsgId: MMSG-26391]
Action.c(193): web_custom_request("web_custom_request") was successful, 731 body bytes, 259 header bytes  	[MsgId: MMSG-26386]
Action.c(203): Notify: Transaction "Film_PrintStatus_CheckService" ended with "Pass" status (Duration: 0.0434 Wasted Time: 0.0000).	[MsgId: MMSG-16871]
Action.c(205): PrintStatus in DataBase-------,0	[MsgId: MMSG-17999]
Action.c(207): PrintStatus Check result-------,-4	[MsgId: MMSG-17999]
Action.c(212): PrintStatus-------,30	[MsgId: MMSG-17999]
Action.c(245): Notify: Transaction "Film PrintTask_Result_Fail" started.	[MsgId: MMSG-16999]
Action.c(246): Error: The task do not finish correct: TaskID: 4369242  From Terminal: K2_4	[MsgId: MERR-17999]
End auto log messages stack.	[MsgId: MMSG-10544]


Start auto log messages stack - Iteration 14.	[MsgId: MMSG-10545]
Action.c(190): Notify: Transaction "Film_PrintStatus_CheckService" started.	[MsgId: MMSG-16999]
Action.c(192): Warning -26593: The header being added may cause unpredictable results when applied to all ensuing URLs. It is added anyway  	[MsgId: MWAR-26593]
Action.c(192): web_add_auto_header("content-type") highest severity level was "warning"  	[MsgId: MMSG-26391]
Action.c(193): web_custom_request("web_custom_request") was successful, 731 body bytes, 259 header bytes  	[MsgId: MMSG-26386]
Action.c(203): Notify: Transaction "Film_PrintStatus_CheckService" ended with "Pass" status (Duration: 0.0549 Wasted Time: 0.0000).	[MsgId: MMSG-16871]
Action.c(205): PrintStatus in DataBase-------,0	[MsgId: MMSG-17999]
Action.c(207): PrintStatus Check result-------,-4	[MsgId: MMSG-17999]
Action.c(212): PrintStatus-------,30	[MsgId: MMSG-17999]
Action.c(245): Notify: Transaction "Film PrintTask_Result_Fail" started.	[MsgId: MMSG-16999]
Action.c(246): Error: The task do not finish correct: TaskID: 4369245  From Terminal: K2_1	[MsgId: MERR-17999]
End auto log messages stack.	[MsgId: MMSG-10544]


Start auto log messages stack - Iteration 12.	[MsgId: MMSG-10545]
Action.c(190): Notify: Transaction "Film_PrintStatus_CheckService" started.	[MsgId: MMSG-16999]
Action.c(192): Warning -26593: The header being added may cause unpredictable results when applied to all ensuing URLs. It is added anyway  	[MsgId: MWAR-26593]
Action.c(192): web_add_auto_header("content-type") highest severity level was "warning"  	[MsgId: MMSG-26391]
Action.c(193): web_custom_request("web_custom_request") was successful, 734 body bytes, 259 header bytes  	[MsgId: MMSG-26386]
Action.c(203): Notify: Transaction "Film_PrintStatus_CheckService" ended with "Pass" status (Duration: 0.0945 Wasted Time: 0.0000).	[MsgId: MMSG-16871]
Action.c(205): PrintStatus in DataBase-------,0	[MsgId: MMSG-17999]
Action.c(207): PrintStatus Check result-------,-4	[MsgId: MMSG-17999]
Action.c(212): PrintStatus-------,30	[MsgId: MMSG-17999]
Action.c(245): Notify: Transaction "Film PrintTask_Result_Fail" started.	[MsgId: MMSG-16999]
Action.c(246): Error: The task do not finish correct: TaskID: 4369243  From Terminal: K2_5	[MsgId: MERR-17999]
End auto log messages stack.	[MsgId: MMSG-10544]


Start auto log messages stack - Iteration 14.	[MsgId: MMSG-10545]
Action.c(190): Notify: Transaction "Film_PrintStatus_CheckService" started.	[MsgId: MMSG-16999]
Action.c(192): Warning -26593: The header being added may cause unpredictable results when applied to all ensuing URLs. It is added anyway  	[MsgId: MWAR-26593]
Action.c(192): web_add_auto_header("content-type") highest severity level was "warning"  	[MsgId: MMSG-26391]
Action.c(193): web_custom_request("web_custom_request") was successful, 731 body bytes, 259 header bytes  	[MsgId: MMSG-26386]
Action.c(203): Notify: Transaction "Film_PrintStatus_CheckService" ended with "Pass" status (Duration: 0.0437 Wasted Time: 0.0000).	[MsgId: MMSG-16871]
Action.c(205): PrintStatus in DataBase-------,0	[MsgId: MMSG-17999]
Action.c(207): PrintStatus Check result-------,-4	[MsgId: MMSG-17999]
Action.c(212): PrintStatus-------,30	[MsgId: MMSG-17999]
Action.c(245): Notify: Transaction "Film PrintTask_Result_Fail" started.	[MsgId: MMSG-16999]
Action.c(246): Error: The task do not finish correct: TaskID: 4369244  From Terminal: K2_3	[MsgId: MERR-17999]
End auto log messages stack.	[MsgId: MMSG-10544]


Start auto log messages stack - Iteration 13.	[MsgId: MMSG-10545]
Action.c(190): Notify: Transaction "Film_PrintStatus_CheckService" started.	[MsgId: MMSG-16999]
Action.c(192): Warning -26593: The header being added may cause unpredictable results when applied to all ensuing URLs. It is added anyway  	[MsgId: MWAR-26593]
Action.c(192): web_add_auto_header("content-type") highest severity level was "warning"  	[MsgId: MMSG-26391]
Action.c(193): web_custom_request("web_custom_request") was successful, 728 body bytes, 259 header bytes  	[MsgId: MMSG-26386]
Action.c(203): Notify: Transaction "Film_PrintStatus_CheckService" ended with "Pass" status (Duration: 0.0185 Wasted Time: 0.0000).	[MsgId: MMSG-16871]
Action.c(205): PrintStatus in DataBase-------,0	[MsgId: MMSG-17999]
Action.c(207): PrintStatus Check result-------,-4	[MsgId: MMSG-17999]
Action.c(212): PrintStatus-------,30	[MsgId: MMSG-17999]
Action.c(245): Notify: Transaction "Film PrintTask_Result_Fail" started.	[MsgId: MMSG-16999]
Action.c(246): Error: The task do not finish correct: TaskID: 4369248  From Terminal: K2_8	[MsgId: MERR-17999]
End auto log messages stack.	[MsgId: MMSG-10544]


Start auto log messages stack - Iteration 13.	[MsgId: MMSG-10545]
Action.c(190): Notify: Transaction "Film_PrintStatus_CheckService" started.	[MsgId: MMSG-16999]
Action.c(192): Warning -26593: The header being added may cause unpredictable results when applied to all ensuing URLs. It is added anyway  	[MsgId: MWAR-26593]
Action.c(192): web_add_auto_header("content-type") highest severity level was "warning"  	[MsgId: MMSG-26391]
Action.c(193): web_custom_request("web_custom_request") was successful, 737 body bytes, 259 header bytes  	[MsgId: MMSG-26386]
Action.c(203): Notify: Transaction "Film_PrintStatus_CheckService" ended with "Pass" status (Duration: 0.0157 Wasted Time: 0.0000).	[MsgId: MMSG-16871]
Action.c(205): PrintStatus in DataBase-------,0	[MsgId: MMSG-17999]
Action.c(207): PrintStatus Check result-------,-4	[MsgId: MMSG-17999]
Action.c(212): PrintStatus-------,30	[MsgId: MMSG-17999]
Action.c(245): Notify: Transaction "Film PrintTask_Result_Fail" started.	[MsgId: MMSG-16999]
Action.c(246): Error: The task do not finish correct: TaskID: 4369247  From Terminal: K2_7	[MsgId: MERR-17999]
End auto log messages stack.	[MsgId: MMSG-10544]


Start auto log messages stack - Iteration 13.	[MsgId: MMSG-10545]
Action.c(190): Notify: Transaction "Film_PrintStatus_CheckService" started.	[MsgId: MMSG-16999]
Action.c(192): Warning -26593: The header being added may cause unpredictable results when applied to all ensuing URLs. It is added anyway  	[MsgId: MWAR-26593]
Action.c(192): web_add_auto_header("content-type") highest severity level was "warning"  	[MsgId: MMSG-26391]
Action.c(193): web_custom_request("web_custom_request") was successful, 731 body bytes, 259 header bytes  	[MsgId: MMSG-26386]
Action.c(203): Notify: Transaction "Film_PrintStatus_CheckService" ended with "Pass" status (Duration: 0.0234 Wasted Time: 0.0000).	[MsgId: MMSG-16871]
Action.c(205): PrintStatus in DataBase-------,3	[MsgId: MMSG-17999]
Action.c(207): PrintStatus Check result-------,-1	[MsgId: MMSG-17999]
Action.c(212): PrintStatus-------,30	[MsgId: MMSG-17999]
Action.c(245): Notify: Transaction "Film PrintTask_Result_Fail" started.	[MsgId: MMSG-16999]
Action.c(246): Error: The task do not finish correct: TaskID: 4369249  From Terminal: K2_6	[MsgId: MERR-17999]
End auto log messages stack.	[MsgId: MMSG-10544]


Start auto log messages stack - Iteration 16.	[MsgId: MMSG-10545]
Action.c(190): Notify: Transaction "Film_PrintStatus_CheckService" started.	[MsgId: MMSG-16999]
Action.c(192): Warning -26593: The header being added may cause unpredictable results when applied to all ensuing URLs. It is added anyway  	[MsgId: MWAR-26593]
Action.c(192): web_add_auto_header("content-type") highest severity level was "warning"  	[MsgId: MMSG-26391]
Action.c(193): web_custom_request("web_custom_request") was successful, 727 body bytes, 259 header bytes  	[MsgId: MMSG-26386]
Action.c(203): Notify: Transaction "Film_PrintStatus_CheckService" ended with "Pass" status (Duration: 0.0177 Wasted Time: 0.0000).	[MsgId: MMSG-16871]
Action.c(205): PrintStatus in DataBase-------,3	[MsgId: MMSG-17999]
Action.c(207): PrintStatus Check result-------,-1	[MsgId: MMSG-17999]
Action.c(212): PrintStatus-------,30	[MsgId: MMSG-17999]
Action.c(245): Notify: Transaction "Film PrintTask_Result_Fail" started.	[MsgId: MMSG-16999]
Action.c(246): Error: The task do not finish correct: TaskID: 4369250  From Terminal: K2_2	[MsgId: MERR-17999]
End auto log messages stack.	[MsgId: MMSG-10544]


Start auto log messages stack - Iteration 15.	[MsgId: MMSG-10545]
Action.c(190): Notify: Transaction "Film_PrintStatus_CheckService" started.	[MsgId: MMSG-16999]
Action.c(192): Warning -26593: The header being added may cause unpredictable results when applied to all ensuing URLs. It is added anyway  	[MsgId: MWAR-26593]
Action.c(192): web_add_auto_header("content-type") highest severity level was "warning"  	[MsgId: MMSG-26391]
Action.c(193): web_custom_request("web_custom_request") was successful, 726 body bytes, 259 header bytes  	[MsgId: MMSG-26386]
Action.c(203): Notify: Transaction "Film_PrintStatus_CheckService" ended with "Pass" status (Duration: 0.0171 Wasted Time: 0.0000).	[MsgId: MMSG-16871]
Action.c(205): PrintStatus in DataBase-------,3	[MsgId: MMSG-17999]
Action.c(207): PrintStatus Check result-------,-1	[MsgId: MMSG-17999]
Action.c(212): PrintStatus-------,30	[MsgId: MMSG-17999]
Action.c(245): Notify: Transaction "Film PrintTask_Result_Fail" started.	[MsgId: MMSG-16999]
Action.c(246): Error: The task do not finish correct: TaskID: 4369256  From Terminal: K2_1	[MsgId: MERR-17999]
End auto log messages stack.	[MsgId: MMSG-10544]


Start auto log messages stack - Iteration 15.	[MsgId: MMSG-10545]
Action.c(190): Notify: Transaction "Film_PrintStatus_CheckService" started.	[MsgId: MMSG-16999]
Action.c(192): Warning -26593: The header being added may cause unpredictable results when applied to all ensuing URLs. It is added anyway  	[MsgId: MWAR-26593]
Action.c(192): web_add_auto_header("content-type") highest severity level was "warning"  	[MsgId: MMSG-26391]
Action.c(193): web_custom_request("web_custom_request") was successful, 726 body bytes, 259 header bytes  	[MsgId: MMSG-26386]
Action.c(203): Notify: Transaction "Film_PrintStatus_CheckService" ended with "Pass" status (Duration: 0.0148 Wasted Time: 0.0000).	[MsgId: MMSG-16871]
Action.c(205): PrintStatus in DataBase-------,3	[MsgId: MMSG-17999]
Action.c(207): PrintStatus Check result-------,-1	[MsgId: MMSG-17999]
Action.c(212): PrintStatus-------,30	[MsgId: MMSG-17999]
Action.c(245): Notify: Transaction "Film PrintTask_Result_Fail" started.	[MsgId: MMSG-16999]
Action.c(246): Error: The task do not finish correct: TaskID: 4369257  From Terminal: K2_3	[MsgId: MERR-17999]
End auto log messages stack.	[MsgId: MMSG-10544]


Start auto log messages stack - Iteration 13.	[MsgId: MMSG-10545]
Action.c(190): Notify: Transaction "Film_PrintStatus_CheckService" started.	[MsgId: MMSG-16999]
Action.c(192): Warning -26593: The header being added may cause unpredictable results when applied to all ensuing URLs. It is added anyway  	[MsgId: MWAR-26593]
Action.c(192): web_add_auto_header("content-type") highest severity level was "warning"  	[MsgId: MMSG-26391]
Action.c(193): web_custom_request("web_custom_request") was successful, 729 body bytes, 259 header bytes  	[MsgId: MMSG-26386]
Action.c(203): Notify: Transaction "Film_PrintStatus_CheckService" ended with "Pass" status (Duration: 0.0169 Wasted Time: 0.0000).	[MsgId: MMSG-16871]
Action.c(205): PrintStatus in DataBase-------,3	[MsgId: MMSG-17999]
Action.c(207): PrintStatus Check result-------,-1	[MsgId: MMSG-17999]
Action.c(212): PrintStatus-------,30	[MsgId: MMSG-17999]
Action.c(245): Notify: Transaction "Film PrintTask_Result_Fail" started.	[MsgId: MMSG-16999]
Action.c(246): Error: The task do not finish correct: TaskID: 4369258  From Terminal: K2_5	[MsgId: MERR-17999]
End auto log messages stack.	[MsgId: MMSG-10544]


Start auto log messages stack - Iteration 14.	[MsgId: MMSG-10545]
Action.c(190): Notify: Transaction "Film_PrintStatus_CheckService" started.	[MsgId: MMSG-16999]
Action.c(192): Warning -26593: The header being added may cause unpredictable results when applied to all ensuing URLs. It is added anyway  	[MsgId: MWAR-26593]
Action.c(192): web_add_auto_header("content-type") highest severity level was "warning"  	[MsgId: MMSG-26391]
Action.c(193): web_custom_request("web_custom_request") was successful, 726 body bytes, 259 header bytes  	[MsgId: MMSG-26386]
Action.c(203): Notify: Transaction "Film_PrintStatus_CheckService" ended with "Pass" status (Duration: 0.0222 Wasted Time: 0.0000).	[MsgId: MMSG-16871]
Action.c(205): PrintStatus in DataBase-------,3	[MsgId: MMSG-17999]
Action.c(207): PrintStatus Check result-------,-1	[MsgId: MMSG-17999]
Action.c(212): PrintStatus-------,30	[MsgId: MMSG-17999]
Action.c(245): Notify: Transaction "Film PrintTask_Result_Fail" started.	[MsgId: MMSG-16999]
Action.c(246): Error: The task do not finish correct: TaskID: 4369259  From Terminal: K2_4	[MsgId: MERR-17999]
End auto log messages stack.	[MsgId: MMSG-10544]


