Start auto log messages stack - Iteration 1.	[MsgId: MMSG-10545]
Action.c(190): Notify: Transaction "Film_PrintStatus_CheckService" started.	[MsgId: MMSG-16999]
Action.c(192): Warning -26593: The header being added may cause unpredictable results when applied to all ensuing URLs. It is added anyway  	[MsgId: MWAR-26593]
Action.c(192): web_add_auto_header("content-type") highest severity level was "warning"  	[MsgId: MMSG-26391]
Action.c(193): web_custom_request("web_custom_request") was successful, 731 body bytes, 259 header bytes  	[MsgId: MMSG-26386]
Action.c(203): Notify: Transaction "Film_PrintStatus_CheckService" ended with "Pass" status (Duration: 0.0775 Wasted Time: 0.0000).	[MsgId: MMSG-16871]
Action.c(205): PrintStatus in DataBase-------,0	[MsgId: MMSG-17999]
Action.c(207): PrintStatus Check result-------,-4	[MsgId: MMSG-17999]
Action.c(212): PrintStatus-------,30	[MsgId: MMSG-17999]
Action.c(245): Notify: Transaction "Film PrintTask_Result_Fail" started.	[MsgId: MMSG-16999]
Action.c(246): Error: The task do not finish correct: TaskID: 4385270  From Terminal: K2_4	[MsgId: MERR-17999]
End auto log messages stack.	[MsgId: MMSG-10544]


Start auto log messages stack - Iteration 1.	[MsgId: MMSG-10545]
Action.c(190): Notify: Transaction "Film_PrintStatus_CheckService" started.	[MsgId: MMSG-16999]
Action.c(192): Warning -26593: The header being added may cause unpredictable results when applied to all ensuing URLs. It is added anyway  	[MsgId: MWAR-26593]
Action.c(192): web_add_auto_header("content-type") highest severity level was "warning"  	[MsgId: MMSG-26391]
Action.c(193): web_custom_request("web_custom_request") was successful, 736 body bytes, 259 header bytes  	[MsgId: MMSG-26386]
Action.c(203): Notify: Transaction "Film_PrintStatus_CheckService" ended with "Pass" status (Duration: 0.0134 Wasted Time: 0.0000).	[MsgId: MMSG-16871]
Action.c(205): PrintStatus in DataBase-------,0	[MsgId: MMSG-17999]
Action.c(207): PrintStatus Check result-------,-4	[MsgId: MMSG-17999]
Action.c(212): PrintStatus-------,30	[MsgId: MMSG-17999]
Action.c(245): Notify: Transaction "Film PrintTask_Result_Fail" started.	[MsgId: MMSG-16999]
Action.c(246): Error: The task do not finish correct: TaskID: 4385274  From Terminal: K2_6	[MsgId: MERR-17999]
End auto log messages stack.	[MsgId: MMSG-10544]


Start auto log messages stack - Iteration 1.	[MsgId: MMSG-10545]
Action.c(190): Notify: Transaction "Film_PrintStatus_CheckService" started.	[MsgId: MMSG-16999]
Action.c(192): Warning -26593: The header being added may cause unpredictable results when applied to all ensuing URLs. It is added anyway  	[MsgId: MWAR-26593]
Action.c(192): web_add_auto_header("content-type") highest severity level was "warning"  	[MsgId: MMSG-26391]
Action.c(193): web_custom_request("web_custom_request") was successful, 737 body bytes, 259 header bytes  	[MsgId: MMSG-26386]
Action.c(203): Notify: Transaction "Film_PrintStatus_CheckService" ended with "Pass" status (Duration: 0.0435 Wasted Time: 0.0000).	[MsgId: MMSG-16871]
Action.c(205): PrintStatus in DataBase-------,0	[MsgId: MMSG-17999]
Action.c(207): PrintStatus Check result-------,-4	[MsgId: MMSG-17999]
Action.c(212): PrintStatus-------,30	[MsgId: MMSG-17999]
Action.c(245): Notify: Transaction "Film PrintTask_Result_Fail" started.	[MsgId: MMSG-16999]
Action.c(246): Error: The task do not finish correct: TaskID: 4385276  From Terminal: K2_7	[MsgId: MERR-17999]
End auto log messages stack.	[MsgId: MMSG-10544]


