Action.c(223): SQL Statement  execution "QueryReportStatus" started	[MsgId: MMSG-108760]
Action.c(186): Registering web_reg_save_param was successful  	[MsgId: MMSG-26390]
Action.c(191): Notify: Transaction "Film_PrintStatus_CheckService" started.	[MsgId: MMSG-16999]
Action.c(193): Warning -26593: The header being added may cause unpredictable results when applied to all ensuing URLs. It is added anyway  	[MsgId: MWAR-26593]
Action.c(193): web_add_auto_header("content-type") highest severity level was "warning"  	[MsgId: MMSG-26391]
Action.c(223): Warning :No dataset was created.	[MsgId: MMSG0]
Action.c(223): SQL Statement  execution was successful	[MsgId: MMSG-108759]
Action.c(223): ================================================	[MsgId: MMSG0]
Action.c(254): lr_think_time: 5.00 seconds.	[MsgId: MMSG-15948]
Action.c(186): Registering web_reg_save_param was successful  	[MsgId: MMSG-26390]
Action.c(191): Notify: Transaction "Film_PrintStatus_CheckService" started.	[MsgId: MMSG-16999]
Action.c(193): Warning -26593: The header being added may cause unpredictable results when applied to all ensuing URLs. It is added anyway  	[MsgId: MWAR-26593]
Action.c(193): web_add_auto_header("content-type") highest severity level was "warning"  	[MsgId: MMSG-26391]
Action.c(194): web_custom_request("web_custom_request") was successful, 724 body bytes, 259 header bytes  	[MsgId: MMSG-26386]
Action.c(204): Notify: Transaction "Film_PrintStatus_CheckService" ended with "Pass" status (Duration: 0.2028).	[MsgId: MMSG-16873]
Action.c(206): PrintStatus in DataBase-------,4	[MsgId: MMSG-17999]
Action.c(208): PrintStatus Check result-------,0	[MsgId: MMSG-17999]
Action.c(212): PrintStatus-------,7	[MsgId: MMSG-17999]
Action.c(216): Notify: Transaction "Film PrintTask_Result_Correct" started.	[MsgId: MMSG-16999]
Action.c(217): lr_think_time: 1.00 seconds.	[MsgId: MMSG-15948]
Action.c(194): web_custom_request("web_custom_request") was successful, 737 body bytes, 259 header bytes  	[MsgId: MMSG-26386]
Action.c(204): Notify: Transaction "Film_PrintStatus_CheckService" ended with "Pass" status (Duration: 0.2184).	[MsgId: MMSG-16873]
Action.c(206): PrintStatus in DataBase-------,0	[MsgId: MMSG-17999]
Action.c(208): PrintStatus Check result-------,-4	[MsgId: MMSG-17999]
Action.c(184): lr_think_time: 10.00 seconds.	[MsgId: MMSG-15948]
Action.c(218): Notify: Transaction "Film PrintTask_Result_Correct" ended with "Pass" status (Duration: 1.0140 Think Time: 1.0140).	[MsgId: MMSG-16872]
Action.c(223): SQL Statement  execution "QueryReportStatus" started	[MsgId: MMSG-108760]
Action.c(223): Warning :No dataset was created.	[MsgId: MMSG0]
Action.c(223): SQL Statement  execution was successful	[MsgId: MMSG-108759]
Action.c(223): ================================================	[MsgId: MMSG0]
Action.c(254): lr_think_time: 5.00 seconds.	[MsgId: MMSG-15948]
Starting iteration 322.	[MsgId: MMSG-15968]
Starting action Action.	[MsgId: MMSG-15919]
Action.c(22): web_set_max_html_param_len was successful  	[MsgId: MMSG-26392]
Action.c(36): SQL Statement  execution "QueryReportStatus" started	[MsgId: MMSG-108760]
Action.c(36): SQL Statement  execution was successful	[MsgId: MMSG-108759]
Action.c(36): ================================================	[MsgId: MMSG0]
The result is 1	[MsgId: MMSG-17999]
Action.c(63): lr_think_time: 10.00 seconds.	[MsgId: MMSG-15948]
Action.c(186): Registering web_reg_save_param was successful  	[MsgId: MMSG-26390]
Action.c(191): Notify: Transaction "Film_PrintStatus_CheckService" started.	[MsgId: MMSG-16999]
Action.c(193): Warning -26593: The header being added may cause unpredictable results when applied to all ensuing URLs. It is added anyway  	[MsgId: MWAR-26593]
Action.c(193): web_add_auto_header("content-type") highest severity level was "warning"  	[MsgId: MMSG-26391]
Action.c(194): web_custom_request("web_custom_request") was successful, 732 body bytes, 259 header bytes  	[MsgId: MMSG-26386]
Action.c(204): Notify: Transaction "Film_PrintStatus_CheckService" ended with "Pass" status (Duration: 0.0468).	[MsgId: MMSG-16873]
Action.c(206): PrintStatus in DataBase-------,0	[MsgId: MMSG-17999]
Action.c(208): PrintStatus Check result-------,-4	[MsgId: MMSG-17999]
Action.c(184): lr_think_time: 10.00 seconds.	[MsgId: MMSG-15948]
Ending action Action.	[MsgId: MMSG-15918]
Ending iteration 324.	[MsgId: MMSG-15965]
Waiting 13.6570 seconds for iteration pacing.	[MsgId: MMSG-15996]
Action.c(186): Registering web_reg_save_param was successful  	[MsgId: MMSG-26390]
Action.c(191): Notify: Transaction "Film_PrintStatus_CheckService" started.	[MsgId: MMSG-16999]
Action.c(193): Warning -26593: The header being added may cause unpredictable results when applied to all ensuing URLs. It is added anyway  	[MsgId: MWAR-26593]
Action.c(193): web_add_auto_header("content-type") highest severity level was "warning"  	[MsgId: MMSG-26391]
Action.c(194): web_custom_request("web_custom_request") was successful, 738 body bytes, 259 header bytes  	[MsgId: MMSG-26386]
Action.c(204): Notify: Transaction "Film_PrintStatus_CheckService" ended with "Pass" status (Duration: 0.0312).	[MsgId: MMSG-16873]
Action.c(206): PrintStatus in DataBase-------,0	[MsgId: MMSG-17999]
Action.c(208): PrintStatus Check result-------,-4	[MsgId: MMSG-17999]
Action.c(184): lr_think_time: 10.00 seconds.	[MsgId: MMSG-15948]
Action.c(186): Registering web_reg_save_param was successful  	[MsgId: MMSG-26390]
Action.c(191): Notify: Transaction "Film_PrintStatus_CheckService" started.	[MsgId: MMSG-16999]
Action.c(193): Warning -26593: The header being added may cause unpredictable results when applied to all ensuing URLs. It is added anyway  	[MsgId: MWAR-26593]
Action.c(193): web_add_auto_header("content-type") highest severity level was "warning"  	[MsgId: MMSG-26391]
Action.c(194): web_custom_request("web_custom_request") was successful, 732 body bytes, 259 header bytes  	[MsgId: MMSG-26386]
Action.c(204): Notify: Transaction "Film_PrintStatus_CheckService" ended with "Pass" status (Duration: 0.0624).	[MsgId: MMSG-16873]
Action.c(206): PrintStatus in DataBase-------,1	[MsgId: MMSG-17999]
Action.c(208): PrintStatus Check result-------,-3	[MsgId: MMSG-17999]
Action.c(184): lr_think_time: 10.00 seconds.	[MsgId: MMSG-15948]
Ending action Action.	[MsgId: MMSG-15918]
Ending iteration 193.	[MsgId: MMSG-15965]
Waiting 10.8060 seconds for iteration pacing.	[MsgId: MMSG-15996]
Action.c(186): Registering web_reg_save_param was successful  	[MsgId: MMSG-26390]
Action.c(191): Notify: Transaction "Film_PrintStatus_CheckService" started.	[MsgId: MMSG-16999]
Action.c(193): Warning -26593: The header being added may cause unpredictable results when applied to all ensuing URLs. It is added anyway  	[MsgId: MWAR-26593]
Action.c(193): web_add_auto_header("content-type") highest severity level was "warning"  	[MsgId: MMSG-26391]
Action.c(194): web_custom_request("web_custom_request") was successful, 735 body bytes, 259 header bytes  	[MsgId: MMSG-26386]
Action.c(204): Notify: Transaction "Film_PrintStatus_CheckService" ended with "Pass" status (Duration: 0.0936).	[MsgId: MMSG-16873]
Action.c(206): PrintStatus in DataBase-------,0	[MsgId: MMSG-17999]
Action.c(208): PrintStatus Check result-------,-4	[MsgId: MMSG-17999]
Action.c(184): lr_think_time: 10.00 seconds.	[MsgId: MMSG-15948]
Action.c(186): Registering web_reg_save_param was successful  	[MsgId: MMSG-26390]
Action.c(191): Notify: Transaction "Film_PrintStatus_CheckService" started.	[MsgId: MMSG-16999]
Action.c(193): Warning -26593: The header being added may cause unpredictable results when applied to all ensuing URLs. It is added anyway  	[MsgId: MWAR-26593]
Action.c(193): web_add_auto_header("content-type") highest severity level was "warning"  	[MsgId: MMSG-26391]
Action.c(194): web_custom_request("web_custom_request") was successful, 737 body bytes, 259 header bytes  	[MsgId: MMSG-26386]
Action.c(204): Notify: Transaction "Film_PrintStatus_CheckService" ended with "Pass" status (Duration: 0.0780).	[MsgId: MMSG-16873]
Action.c(206): PrintStatus in DataBase-------,0	[MsgId: MMSG-17999]
Action.c(208): PrintStatus Check result-------,-4	[MsgId: MMSG-17999]
Action.c(184): lr_think_time: 10.00 seconds.	[MsgId: MMSG-15948]
Action.c(68): SQL Statement  execution "QueryReportStatus" started	[MsgId: MMSG-108760]
Action.c(68): SQL Statement  execution was successful	[MsgId: MMSG-108759]
Action.c(68): ================================================	[MsgId: MMSG0]
Action.c(83): Notify: Transaction "Film TerminalStatus" started.	[MsgId: MMSG-16999]
Action.c(85): Warning -26593: The header being added may cause unpredictable results when applied to all ensuing URLs. It is added anyway  	[MsgId: MWAR-26593]
Action.c(85): web_add_auto_header("content-type") highest severity level was "warning"  	[MsgId: MMSG-26391]
Action.c(86): web_custom_request("web_custom_request") was successful, 756 body bytes, 259 header bytes  	[MsgId: MMSG-26386]
Action.c(96): Notify: Transaction "Film TerminalStatus" ended with "Pass" status (Duration: 0.4056).	[MsgId: MMSG-16873]
Action.c(99): lr_think_time: 5.00 seconds.	[MsgId: MMSG-15948]
Action.c(186): Registering web_reg_save_param was successful  	[MsgId: MMSG-26390]
Action.c(191): Notify: Transaction "Film_PrintStatus_CheckService" started.	[MsgId: MMSG-16999]
Action.c(193): Warning -26593: The header being added may cause unpredictable results when applied to all ensuing URLs. It is added anyway  	[MsgId: MWAR-26593]
Action.c(193): web_add_auto_header("content-type") highest severity level was "warning"  	[MsgId: MMSG-26391]
Action.c(194): web_custom_request("web_custom_request") was successful, 731 body bytes, 259 header bytes  	[MsgId: MMSG-26386]
Action.c(204): Notify: Transaction "Film_PrintStatus_CheckService" ended with "Pass" status (Duration: 0.2340).	[MsgId: MMSG-16873]
Action.c(206): PrintStatus in DataBase-------,1	[MsgId: MMSG-17999]
Action.c(208): PrintStatus Check result-------,-3	[MsgId: MMSG-17999]
Action.c(184): lr_think_time: 10.00 seconds.	[MsgId: MMSG-15948]
Action.c(186): Registering web_reg_save_param was successful  	[MsgId: MMSG-26390]
Action.c(191): Notify: Transaction "Film_PrintStatus_CheckService" started.	[MsgId: MMSG-16999]
Action.c(193): Warning -26593: The header being added may cause unpredictable results when applied to all ensuing URLs. It is added anyway  	[MsgId: MWAR-26593]
Action.c(193): web_add_auto_header("content-type") highest severity level was "warning"  	[MsgId: MMSG-26391]
Action.c(194): web_custom_request("web_custom_request") was successful, 737 body bytes, 259 header bytes  	[MsgId: MMSG-26386]
Action.c(204): Notify: Transaction "Film_PrintStatus_CheckService" ended with "Pass" status (Duration: 0.0468).	[MsgId: MMSG-16873]
Action.c(206): PrintStatus in DataBase-------,1	[MsgId: MMSG-17999]
Action.c(208): PrintStatus Check result-------,-3	[MsgId: MMSG-17999]
Action.c(184): lr_think_time: 10.00 seconds.	[MsgId: MMSG-15948]
Action.c(186): Registering web_reg_save_param was successful  	[MsgId: MMSG-26390]
Action.c(191): Notify: Transaction "Film_PrintStatus_CheckService" started.	[MsgId: MMSG-16999]
Action.c(193): Warning -26593: The header being added may cause unpredictable results when applied to all ensuing URLs. It is added anyway  	[MsgId: MWAR-26593]
Action.c(193): web_add_auto_header("content-type") highest severity level was "warning"  	[MsgId: MMSG-26391]
Action.c(194): web_custom_request("web_custom_request") was successful, 727 body bytes, 259 header bytes  	[MsgId: MMSG-26386]
Action.c(204): Notify: Transaction "Film_PrintStatus_CheckService" ended with "Pass" status (Duration: 0.0312).	[MsgId: MMSG-16873]
Action.c(206): PrintStatus in DataBase-------,4	[MsgId: MMSG-17999]
Action.c(208): PrintStatus Check result-------,0	[MsgId: MMSG-17999]
Action.c(212): PrintStatus-------,7	[MsgId: MMSG-17999]
Action.c(216): Notify: Transaction "Film PrintTask_Result_Correct" started.	[MsgId: MMSG-16999]
Action.c(217): lr_think_time: 1.00 seconds.	[MsgId: MMSG-15948]
Starting iteration 194.	[MsgId: MMSG-15968]
Starting action Action.	[MsgId: MMSG-15919]
Action.c(22): web_set_max_html_param_len was successful  	[MsgId: MMSG-26392]
Action.c(36): SQL Statement  execution "QueryReportStatus" started	[MsgId: MMSG-108760]
Action.c(106): lr_think_time: 5.00 seconds.	[MsgId: MMSG-15948]
Action.c(218): Notify: Transaction "Film PrintTask_Result_Correct" ended with "Pass" status (Duration: 1.0140 Think Time: 1.0140).	[MsgId: MMSG-16872]
Action.c(223): SQL Statement  execution "QueryReportStatus" started	[MsgId: MMSG-108760]
Action.c(36): SQL Statement  execution was successful	[MsgId: MMSG-108759]
Action.c(36): ================================================	[MsgId: MMSG0]
The result is 1	[MsgId: MMSG-17999]
Action.c(63): lr_think_time: 10.00 seconds.	[MsgId: MMSG-15948]
Action.c(223): Warning :No dataset was created.	[MsgId: MMSG0]
Action.c(223): SQL Statement  execution was successful	[MsgId: MMSG-108759]
Action.c(223): ================================================	[MsgId: MMSG0]
Action.c(254): lr_think_time: 5.00 seconds.	[MsgId: MMSG-15948]
Starting iteration 325.	[MsgId: MMSG-15968]
Starting action Action.	[MsgId: MMSG-15919]
Action.c(22): web_set_max_html_param_len was successful  	[MsgId: MMSG-26392]
Action.c(36): SQL Statement  execution "QueryReportStatus" started	[MsgId: MMSG-108760]
Action.c(36): SQL Statement  execution was successful	[MsgId: MMSG-108759]
Action.c(36): ================================================	[MsgId: MMSG0]
The result is 1	[MsgId: MMSG-17999]
Action.c(63): lr_think_time: 10.00 seconds.	[MsgId: MMSG-15948]
Action.c(186): Registering web_reg_save_param was successful  	[MsgId: MMSG-26390]
Action.c(191): Notify: Transaction "Film_PrintStatus_CheckService" started.	[MsgId: MMSG-16999]
Action.c(193): Warning -26593: The header being added may cause unpredictable results when applied to all ensuing URLs. It is added anyway  	[MsgId: MWAR-26593]
Action.c(193): web_add_auto_header("content-type") highest severity level was "warning"  	[MsgId: MMSG-26391]
Action.c(194): web_custom_request("web_custom_request") was successful, 735 body bytes, 259 header bytes  	[MsgId: MMSG-26386]
Action.c(204): Notify: Transaction "Film_PrintStatus_CheckService" ended with "Pass" status (Duration: 0.0156).	[MsgId: MMSG-16873]
Action.c(206): PrintStatus in DataBase-------,0	[MsgId: MMSG-17999]
Action.c(208): PrintStatus Check result-------,-4	[MsgId: MMSG-17999]
Action.c(184): lr_think_time: 10.00 seconds.	[MsgId: MMSG-15948]
Action.c(186): Registering web_reg_save_param was successful  	[MsgId: MMSG-26390]
Action.c(191): Notify: Transaction "Film_PrintStatus_CheckService" started.	[MsgId: MMSG-16999]
Action.c(193): Warning -26593: The header being added may cause unpredictable results when applied to all ensuing URLs. It is added anyway  	[MsgId: MWAR-26593]
Action.c(193): web_add_auto_header("content-type") highest severity level was "warning"  	[MsgId: MMSG-26391]
Action.c(194): web_custom_request("web_custom_request") was successful, 737 body bytes, 259 header bytes  	[MsgId: MMSG-26386]
Action.c(204): Notify: Transaction "Film_PrintStatus_CheckService" ended with "Pass" status (Duration: 0.2028).	[MsgId: MMSG-16873]
Action.c(206): PrintStatus in DataBase-------,0	[MsgId: MMSG-17999]
Action.c(208): PrintStatus Check result-------,-4	[MsgId: MMSG-17999]
Action.c(184): lr_think_time: 10.00 seconds.	[MsgId: MMSG-15948]
Action.c(109): Registering web_reg_save_param was successful  	[MsgId: MMSG-26390]
Action.c(115): Notify: Transaction "Film Create_PrintTask" started.	[MsgId: MMSG-16999]
Action.c(117): Warning -26593: The header being added may cause unpredictable results when applied to all ensuing URLs. It is added anyway  	[MsgId: MWAR-26593]
Action.c(117): web_add_auto_header("content-type") highest severity level was "warning"  	[MsgId: MMSG-26391]
Ending action Action.	[MsgId: MMSG-15918]
Ending iteration 183.	[MsgId: MMSG-15965]
Waiting 18.8050 seconds for iteration pacing.	[MsgId: MMSG-15996]
Action.c(119): web_custom_request("web_custom_request") was successful, 724 body bytes, 259 header bytes  	[MsgId: MMSG-26386]
Action.c(130): Notify: Transaction "Film Create_PrintTask" ended with "Pass" status (Duration: 0.8268).	[MsgId: MMSG-16873]
Action.c(159): Notify: Transaction "Film PrintTask" started.	[MsgId: MMSG-16999]
Action.c(161): Warning -26593: The header being added may cause unpredictable results when applied to all ensuing URLs. It is added anyway  	[MsgId: MWAR-26593]
Action.c(161): web_add_auto_header("content-type") highest severity level was "warning"  	[MsgId: MMSG-26391]
Action.c(186): Registering web_reg_save_param was successful  	[MsgId: MMSG-26390]
Action.c(191): Notify: Transaction "Film_PrintStatus_CheckService" started.	[MsgId: MMSG-16999]
Action.c(193): Warning -26593: The header being added may cause unpredictable results when applied to all ensuing URLs. It is added anyway  	[MsgId: MWAR-26593]
Action.c(193): web_add_auto_header("content-type") highest severity level was "warning"  	[MsgId: MMSG-26391]
Action.c(163): web_custom_request("web_custom_request") was successful, 721 body bytes, 259 header bytes  	[MsgId: MMSG-26386]
Action.c(174): Notify: Transaction "Film PrintTask" ended with "Pass" status (Duration: 0.2028).	[MsgId: MMSG-16873]
Action.c(176): lr_think_time: 5.00 seconds.	[MsgId: MMSG-15948]
Action.c(194): web_custom_request("web_custom_request") was successful, 727 body bytes, 259 header bytes  	[MsgId: MMSG-26386]
Action.c(204): Notify: Transaction "Film_PrintStatus_CheckService" ended with "Pass" status (Duration: 0.2028).	[MsgId: MMSG-16873]
Action.c(206): PrintStatus in DataBase-------,4	[MsgId: MMSG-17999]
Action.c(208): PrintStatus Check result-------,0	[MsgId: MMSG-17999]
Action.c(212): PrintStatus-------,7	[MsgId: MMSG-17999]
Action.c(216): Notify: Transaction "Film PrintTask_Result_Correct" started.	[MsgId: MMSG-16999]
Action.c(217): lr_think_time: 1.00 seconds.	[MsgId: MMSG-15948]
Action.c(218): Notify: Transaction "Film PrintTask_Result_Correct" ended with "Pass" status (Duration: 1.0140 Think Time: 1.0140).	[MsgId: MMSG-16872]
Action.c(223): SQL Statement  execution "QueryReportStatus" started	[MsgId: MMSG-108760]
Action.c(223): Warning :No dataset was created.	[MsgId: MMSG0]
Action.c(223): SQL Statement  execution was successful	[MsgId: MMSG-108759]
Action.c(223): ================================================	[MsgId: MMSG0]
Action.c(254): lr_think_time: 5.00 seconds.	[MsgId: MMSG-15948]
Action.c(186): Registering web_reg_save_param was successful  	[MsgId: MMSG-26390]
Action.c(191): Notify: Transaction "Film_PrintStatus_CheckService" started.	[MsgId: MMSG-16999]
Action.c(193): Warning -26593: The header being added may cause unpredictable results when applied to all ensuing URLs. It is added anyway  	[MsgId: MWAR-26593]
Action.c(193): web_add_auto_header("content-type") highest severity level was "warning"  	[MsgId: MMSG-26391]
Action.c(194): web_custom_request("web_custom_request") was successful, 733 body bytes, 259 header bytes  	[MsgId: MMSG-26386]
Action.c(204): Notify: Transaction "Film_PrintStatus_CheckService" ended with "Pass" status (Duration: 0.2028).	[MsgId: MMSG-16873]
Action.c(206): PrintStatus in DataBase-------,4	[MsgId: MMSG-17999]
Action.c(208): PrintStatus Check result-------,0	[MsgId: MMSG-17999]
Action.c(212): PrintStatus-------,7	[MsgId: MMSG-17999]
Action.c(216): Notify: Transaction "Film PrintTask_Result_Correct" started.	[MsgId: MMSG-16999]
Action.c(217): lr_think_time: 1.00 seconds.	[MsgId: MMSG-15948]
Action.c(218): Notify: Transaction "Film PrintTask_Result_Correct" ended with "Pass" status (Duration: 1.0140 Think Time: 1.0140).	[MsgId: MMSG-16872]
Action.c(223): SQL Statement  execution "QueryReportStatus" started	[MsgId: MMSG-108760]
Action.c(223): Warning :No dataset was created.	[MsgId: MMSG0]
Action.c(223): SQL Statement  execution was successful	[MsgId: MMSG-108759]
Action.c(223): ================================================	[MsgId: MMSG0]
Action.c(254): lr_think_time: 5.00 seconds.	[MsgId: MMSG-15948]
Action.c(68): SQL Statement  execution "QueryReportStatus" started	[MsgId: MMSG-108760]
Action.c(68): SQL Statement  execution was successful	[MsgId: MMSG-108759]
Action.c(68): ================================================	[MsgId: MMSG0]
Action.c(83): Notify: Transaction "Film TerminalStatus" started.	[MsgId: MMSG-16999]
Action.c(85): Warning -26593: The header being added may cause unpredictable results when applied to all ensuing URLs. It is added anyway  	[MsgId: MWAR-26593]
Action.c(85): web_add_auto_header("content-type") highest severity level was "warning"  	[MsgId: MMSG-26391]
Action.c(86): web_custom_request("web_custom_request") was successful, 596 body bytes, 259 header bytes  	[MsgId: MMSG-26386]
Action.c(96): Notify: Transaction "Film TerminalStatus" ended with "Pass" status (Duration: 0.4056).	[MsgId: MMSG-16873]
Action.c(99): lr_think_time: 5.00 seconds.	[MsgId: MMSG-15948]
Action.c(184): lr_think_time: 10.00 seconds.	[MsgId: MMSG-15948]
Action.c(68): SQL Statement  execution "QueryReportStatus" started	[MsgId: MMSG-108760]
Action.c(68): SQL Statement  execution was successful	[MsgId: MMSG-108759]
Action.c(68): ================================================	[MsgId: MMSG0]
Action.c(83): Notify: Transaction "Film TerminalStatus" started.	[MsgId: MMSG-16999]
Action.c(85): Warning -26593: The header being added may cause unpredictable results when applied to all ensuing URLs. It is added anyway  	[MsgId: MWAR-26593]
Action.c(85): web_add_auto_header("content-type") highest severity level was "warning"  	[MsgId: MMSG-26391]
Action.c(186): Registering web_reg_save_param was successful  	[MsgId: MMSG-26390]
Action.c(191): Notify: Transaction "Film_PrintStatus_CheckService" started.	[MsgId: MMSG-16999]
Action.c(193): Warning -26593: The header being added may cause unpredictable results when applied to all ensuing URLs. It is added anyway  	[MsgId: MWAR-26593]
Action.c(193): web_add_auto_header("content-type") highest severity level was "warning"  	[MsgId: MMSG-26391]
Action.c(194): web_custom_request("web_custom_request") was successful, 735 body bytes, 259 header bytes  	[MsgId: MMSG-26386]
Action.c(86): web_custom_request("web_custom_request") was successful, 757 body bytes, 259 header bytes  	[MsgId: MMSG-26386]
Action.c(204): Notify: Transaction "Film_PrintStatus_CheckService" ended with "Pass" status (Duration: 0.2028).	[MsgId: MMSG-16873]
Action.c(96): Notify: Transaction "Film TerminalStatus" ended with "Pass" status (Duration: 0.4056).	[MsgId: MMSG-16873]
Action.c(99): lr_think_time: 5.00 seconds.	[MsgId: MMSG-15948]
Action.c(206): PrintStatus in DataBase-------,0	[MsgId: MMSG-17999]
Action.c(208): PrintStatus Check result-------,-4	[MsgId: MMSG-17999]
Action.c(184): lr_think_time: 10.00 seconds.	[MsgId: MMSG-15948]
Ending action Action.	[MsgId: MMSG-15918]
Ending iteration 180.	[MsgId: MMSG-15965]
Waiting 27.7670 seconds for iteration pacing.	[MsgId: MMSG-15996]
Action.c(186): Registering web_reg_save_param was successful  	[MsgId: MMSG-26390]
Action.c(191): Notify: Transaction "Film_PrintStatus_CheckService" started.	[MsgId: MMSG-16999]
Action.c(193): Warning -26593: The header being added may cause unpredictable results when applied to all ensuing URLs. It is added anyway  	[MsgId: MWAR-26593]
Action.c(193): web_add_auto_header("content-type") highest severity level was "warning"  	[MsgId: MMSG-26391]
Action.c(194): web_custom_request("web_custom_request") was successful, 736 body bytes, 259 header bytes  	[MsgId: MMSG-26386]
Action.c(204): Notify: Transaction "Film_PrintStatus_CheckService" ended with "Pass" status (Duration: 0.2028).	[MsgId: MMSG-16873]
Action.c(206): PrintStatus in DataBase-------,1	[MsgId: MMSG-17999]
Action.c(208): PrintStatus Check result-------,-3	[MsgId: MMSG-17999]
Action.c(184): lr_think_time: 10.00 seconds.	[MsgId: MMSG-15948]
Ending action Action.	[MsgId: MMSG-15918]
Ending iteration 190.	[MsgId: MMSG-15965]
Waiting 25.0290 seconds for iteration pacing.	[MsgId: MMSG-15996]
Action.c(106): lr_think_time: 5.00 seconds.	[MsgId: MMSG-15948]
Action.c(106): lr_think_time: 5.00 seconds.	[MsgId: MMSG-15948]
Action.c(109): Registering web_reg_save_param was successful  	[MsgId: MMSG-26390]
Action.c(115): Notify: Transaction "Film Create_PrintTask" started.	[MsgId: MMSG-16999]
Action.c(117): Warning -26593: The header being added may cause unpredictable results when applied to all ensuing URLs. It is added anyway  	[MsgId: MWAR-26593]
Action.c(117): web_add_auto_header("content-type") highest severity level was "warning"  	[MsgId: MMSG-26391]
Action.c(186): Registering web_reg_save_param was successful  	[MsgId: MMSG-26390]
Action.c(191): Notify: Transaction "Film_PrintStatus_CheckService" started.	[MsgId: MMSG-16999]
Action.c(193): Warning -26593: The header being added may cause unpredictable results when applied to all ensuing URLs. It is added anyway  	[MsgId: MWAR-26593]
Action.c(193): web_add_auto_header("content-type") highest severity level was "warning"  	[MsgId: MMSG-26391]
Action.c(194): web_custom_request("web_custom_request") was successful, 727 body bytes, 259 header bytes  	[MsgId: MMSG-26386]
Action.c(204): Notify: Transaction "Film_PrintStatus_CheckService" ended with "Pass" status (Duration: 0.1560).	[MsgId: MMSG-16873]
Action.c(206): PrintStatus in DataBase-------,4	[MsgId: MMSG-17999]
Action.c(208): PrintStatus Check result-------,0	[MsgId: MMSG-17999]
Action.c(212): PrintStatus-------,1	[MsgId: MMSG-17999]
Action.c(216): Notify: Transaction "Film PrintTask_Result_Correct" started.	[MsgId: MMSG-16999]
Action.c(217): lr_think_time: 1.00 seconds.	[MsgId: MMSG-15948]
Action.c(119): web_custom_request("web_custom_request") was successful, 722 body bytes, 259 header bytes  	[MsgId: MMSG-26386]
Action.c(130): Notify: Transaction "Film Create_PrintTask" ended with "Pass" status (Duration: 0.8892).	[MsgId: MMSG-16873]
Action.c(159): Notify: Transaction "Film PrintTask" started.	[MsgId: MMSG-16999]
Action.c(161): Warning -26593: The header being added may cause unpredictable results when applied to all ensuing URLs. It is added anyway  	[MsgId: MWAR-26593]
Action.c(161): web_add_auto_header("content-type") highest severity level was "warning"  	[MsgId: MMSG-26391]
Action.c(163): web_custom_request("web_custom_request") was successful, 719 body bytes, 259 header bytes  	[MsgId: MMSG-26386]
Action.c(174): Notify: Transaction "Film PrintTask" ended with "Pass" status (Duration: 0.2028).	[MsgId: MMSG-16873]
Action.c(176): lr_think_time: 5.00 seconds.	[MsgId: MMSG-15948]
Action.c(186): Registering web_reg_save_param was successful  	[MsgId: MMSG-26390]
Action.c(191): Notify: Transaction "Film_PrintStatus_CheckService" started.	[MsgId: MMSG-16999]
Action.c(193): Warning -26593: The header being added may cause unpredictable results when applied to all ensuing URLs. It is added anyway  	[MsgId: MWAR-26593]
Action.c(193): web_add_auto_header("content-type") highest severity level was "warning"  	[MsgId: MMSG-26391]
Action.c(109): Registering web_reg_save_param was successful  	[MsgId: MMSG-26390]
Action.c(115): Notify: Transaction "Film Create_PrintTask" started.	[MsgId: MMSG-16999]
Action.c(117): Warning -26593: The header being added may cause unpredictable results when applied to all ensuing URLs. It is added anyway  	[MsgId: MWAR-26593]
Action.c(117): web_add_auto_header("content-type") highest severity level was "warning"  	[MsgId: MMSG-26391]
Action.c(218): Notify: Transaction "Film PrintTask_Result_Correct" ended with "Pass" status (Duration: 1.0140 Think Time: 1.0140).	[MsgId: MMSG-16872]
Action.c(223): SQL Statement  execution "QueryReportStatus" started	[MsgId: MMSG-108760]
Action.c(194): web_custom_request("web_custom_request") was successful, 734 body bytes, 259 header bytes  	[MsgId: MMSG-26386]
Action.c(204): Notify: Transaction "Film_PrintStatus_CheckService" ended with "Pass" status (Duration: 0.0624).	[MsgId: MMSG-16873]
Action.c(206): PrintStatus in DataBase-------,1	[MsgId: MMSG-17999]
Action.c(208): PrintStatus Check result-------,-3	[MsgId: MMSG-17999]
Action.c(184): lr_think_time: 10.00 seconds.	[MsgId: MMSG-15948]
Action.c(223): Warning :No dataset was created.	[MsgId: MMSG0]
Action.c(223): SQL Statement  execution was successful	[MsgId: MMSG-108759]
Action.c(223): ================================================	[MsgId: MMSG0]
Action.c(254): lr_think_time: 5.00 seconds.	[MsgId: MMSG-15948]
Action.c(119): web_custom_request("web_custom_request") was successful, 725 body bytes, 259 header bytes  	[MsgId: MMSG-26386]
Action.c(130): Notify: Transaction "Film Create_PrintTask" ended with "Pass" status (Duration: 0.8580).	[MsgId: MMSG-16873]
Action.c(159): Notify: Transaction "Film PrintTask" started.	[MsgId: MMSG-16999]
Action.c(161): Warning -26593: The header being added may cause unpredictable results when applied to all ensuing URLs. It is added anyway  	[MsgId: MWAR-26593]
Action.c(161): web_add_auto_header("content-type") highest severity level was "warning"  	[MsgId: MMSG-26391]
Action.c(163): web_custom_request("web_custom_request") was successful, 722 body bytes, 259 header bytes  	[MsgId: MMSG-26386]
Action.c(174): Notify: Transaction "Film PrintTask" ended with "Pass" status (Duration: 0.2028).	[MsgId: MMSG-16873]
Action.c(176): lr_think_time: 5.00 seconds.	[MsgId: MMSG-15948]
Action.c(186): Registering web_reg_save_param was successful  	[MsgId: MMSG-26390]
Action.c(191): Notify: Transaction "Film_PrintStatus_CheckService" started.	[MsgId: MMSG-16999]
Action.c(193): Warning -26593: The header being added may cause unpredictable results when applied to all ensuing URLs. It is added anyway  	[MsgId: MWAR-26593]
Action.c(193): web_add_auto_header("content-type") highest severity level was "warning"  	[MsgId: MMSG-26391]
Action.c(194): web_custom_request("web_custom_request") was successful, 732 body bytes, 259 header bytes  	[MsgId: MMSG-26386]
Action.c(204): Notify: Transaction "Film_PrintStatus_CheckService" ended with "Pass" status (Duration: 0.0312).	[MsgId: MMSG-16873]
Action.c(206): PrintStatus in DataBase-------,4	[MsgId: MMSG-17999]
Action.c(208): PrintStatus Check result-------,0	[MsgId: MMSG-17999]
Action.c(212): PrintStatus-------,6	[MsgId: MMSG-17999]
Action.c(216): Notify: Transaction "Film PrintTask_Result_Correct" started.	[MsgId: MMSG-16999]
Action.c(217): lr_think_time: 1.00 seconds.	[MsgId: MMSG-15948]
Starting iteration 184.	[MsgId: MMSG-15968]
Starting action Action.	[MsgId: MMSG-15919]
Action.c(22): web_set_max_html_param_len was successful  	[MsgId: MMSG-26392]
Action.c(36): SQL Statement  execution "QueryReportStatus" started	[MsgId: MMSG-108760]
Action.c(36): SQL Statement  execution was successful	[MsgId: MMSG-108759]
Action.c(36): ================================================	[MsgId: MMSG0]
The result is 1	[MsgId: MMSG-17999]
Action.c(63): lr_think_time: 10.00 seconds.	[MsgId: MMSG-15948]
Action.c(218): Notify: Transaction "Film PrintTask_Result_Correct" ended with "Pass" status (Duration: 1.0140 Think Time: 1.0140).	[MsgId: MMSG-16872]
Action.c(223): SQL Statement  execution "QueryReportStatus" started	[MsgId: MMSG-108760]
Action.c(223): Warning :No dataset was created.	[MsgId: MMSG0]
Action.c(223): SQL Statement  execution was successful	[MsgId: MMSG-108759]
Action.c(223): ================================================	[MsgId: MMSG0]
Action.c(254): lr_think_time: 5.00 seconds.	[MsgId: MMSG-15948]
Action.c(184): lr_think_time: 10.00 seconds.	[MsgId: MMSG-15948]
Ending action Action.	[MsgId: MMSG-15918]
Ending iteration 322.	[MsgId: MMSG-15965]
Waiting 9.3080 seconds for iteration pacing.	[MsgId: MMSG-15996]
Action.c(184): lr_think_time: 10.00 seconds.	[MsgId: MMSG-15948]
Ending action Action.	[MsgId: MMSG-15918]
Ending iteration 192.	[MsgId: MMSG-15965]
Waiting 8.4490 seconds for iteration pacing.	[MsgId: MMSG-15996]
Action.c(186): Registering web_reg_save_param was successful  	[MsgId: MMSG-26390]
Action.c(191): Notify: Transaction "Film_PrintStatus_CheckService" started.	[MsgId: MMSG-16999]
Action.c(193): Warning -26593: The header being added may cause unpredictable results when applied to all ensuing URLs. It is added anyway  	[MsgId: MWAR-26593]
Action.c(193): web_add_auto_header("content-type") highest severity level was "warning"  	[MsgId: MMSG-26391]
Action.c(194): web_custom_request("web_custom_request") was successful, 730 body bytes, 259 header bytes  	[MsgId: MMSG-26386]
Action.c(204): Notify: Transaction "Film_PrintStatus_CheckService" ended with "Pass" status (Duration: 0.0312).	[MsgId: MMSG-16873]
Action.c(206): PrintStatus in DataBase-------,4	[MsgId: MMSG-17999]
Action.c(208): PrintStatus Check result-------,0	[MsgId: MMSG-17999]
Action.c(212): PrintStatus-------,7	[MsgId: MMSG-17999]
Action.c(216): Notify: Transaction "Film PrintTask_Result_Correct" started.	[MsgId: MMSG-16999]
Action.c(217): lr_think_time: 1.00 seconds.	[MsgId: MMSG-15948]
Action.c(218): Notify: Transaction "Film PrintTask_Result_Correct" ended with "Pass" status (Duration: 1.0140 Think Time: 1.0140).	[MsgId: MMSG-16872]
Action.c(223): SQL Statement  execution "QueryReportStatus" started	[MsgId: MMSG-108760]
Action.c(223): Warning :No dataset was created.	[MsgId: MMSG0]
Action.c(223): SQL Statement  execution was successful	[MsgId: MMSG-108759]
Action.c(223): ================================================	[MsgId: MMSG0]
Action.c(254): lr_think_time: 5.00 seconds.	[MsgId: MMSG-15948]
Action.c(68): SQL Statement  execution "QueryReportStatus" started	[MsgId: MMSG-108760]
Action.c(68): SQL Statement  execution was successful	[MsgId: MMSG-108759]
Action.c(68): ================================================	[MsgId: MMSG0]
Action.c(83): Notify: Transaction "Film TerminalStatus" started.	[MsgId: MMSG-16999]
Action.c(85): Warning -26593: The header being added may cause unpredictable results when applied to all ensuing URLs. It is added anyway  	[MsgId: MWAR-26593]
Action.c(85): web_add_auto_header("content-type") highest severity level was "warning"  	[MsgId: MMSG-26391]
Action.c(86): web_custom_request("web_custom_request") was successful, 599 body bytes, 259 header bytes  	[MsgId: MMSG-26386]
Action.c(96): Notify: Transaction "Film TerminalStatus" ended with "Pass" status (Duration: 0.2028).	[MsgId: MMSG-16873]
Action.c(99): lr_think_time: 5.00 seconds.	[MsgId: MMSG-15948]
Starting iteration 323.	[MsgId: MMSG-15968]
Starting action Action.	[MsgId: MMSG-15919]
Action.c(22): web_set_max_html_param_len was successful  	[MsgId: MMSG-26392]
Action.c(36): SQL Statement  execution "QueryReportStatus" started	[MsgId: MMSG-108760]
Action.c(186): Registering web_reg_save_param was successful  	[MsgId: MMSG-26390]
Action.c(191): Notify: Transaction "Film_PrintStatus_CheckService" started.	[MsgId: MMSG-16999]
Action.c(193): Warning -26593: The header being added may cause unpredictable results when applied to all ensuing URLs. It is added anyway  	[MsgId: MWAR-26593]
Action.c(193): web_add_auto_header("content-type") highest severity level was "warning"  	[MsgId: MMSG-26391]
Action.c(36): SQL Statement  execution was successful	[MsgId: MMSG-108759]
Action.c(36): ================================================	[MsgId: MMSG0]
The result is 1	[MsgId: MMSG-17999]
Action.c(63): lr_think_time: 10.00 seconds.	[MsgId: MMSG-15948]
Action.c(194): web_custom_request("web_custom_request") was successful, 729 body bytes, 259 header bytes  	[MsgId: MMSG-26386]
Action.c(204): Notify: Transaction "Film_PrintStatus_CheckService" ended with "Pass" status (Duration: 0.1092).	[MsgId: MMSG-16873]
Action.c(206): PrintStatus in DataBase-------,0	[MsgId: MMSG-17999]
Action.c(208): PrintStatus Check result-------,-4	[MsgId: MMSG-17999]
Action.c(184): lr_think_time: 10.00 seconds.	[MsgId: MMSG-15948]
Action.c(186): Registering web_reg_save_param was successful  	[MsgId: MMSG-26390]
Action.c(191): Notify: Transaction "Film_PrintStatus_CheckService" started.	[MsgId: MMSG-16999]
Action.c(193): Warning -26593: The header being added may cause unpredictable results when applied to all ensuing URLs. It is added anyway  	[MsgId: MWAR-26593]
Action.c(193): web_add_auto_header("content-type") highest severity level was "warning"  	[MsgId: MMSG-26391]
Action.c(194): web_custom_request("web_custom_request") was successful, 727 body bytes, 259 header bytes  	[MsgId: MMSG-26386]
Action.c(204): Notify: Transaction "Film_PrintStatus_CheckService" ended with "Pass" status (Duration: 0.1248).	[MsgId: MMSG-16873]
Action.c(206): PrintStatus in DataBase-------,4	[MsgId: MMSG-17999]
Action.c(208): PrintStatus Check result-------,0	[MsgId: MMSG-17999]
Action.c(212): PrintStatus-------,1	[MsgId: MMSG-17999]
Action.c(216): Notify: Transaction "Film PrintTask_Result_Correct" started.	[MsgId: MMSG-16999]
Action.c(217): lr_think_time: 1.00 seconds.	[MsgId: MMSG-15948]
Ending action Action.	[MsgId: MMSG-15918]
Ending iteration 183.	[MsgId: MMSG-15965]
Waiting 21.7520 seconds for iteration pacing.	[MsgId: MMSG-15996]
Starting iteration 193.	[MsgId: MMSG-15968]
Starting action Action.	[MsgId: MMSG-15919]
Action.c(22): web_set_max_html_param_len was successful  	[MsgId: MMSG-26392]
Action.c(36): SQL Statement  execution "QueryReportStatus" started	[MsgId: MMSG-108760]
Action.c(36): SQL Statement  execution was successful	[MsgId: MMSG-108759]
Action.c(36): ================================================	[MsgId: MMSG0]
The result is 1	[MsgId: MMSG-17999]
Action.c(63): lr_think_time: 10.00 seconds.	[MsgId: MMSG-15948]
Starting iteration 191.	[MsgId: MMSG-15968]
Starting action Action.	[MsgId: MMSG-15919]
Action.c(22): web_set_max_html_param_len was successful  	[MsgId: MMSG-26392]
Action.c(36): SQL Statement  execution "QueryReportStatus" started	[MsgId: MMSG-108760]
Action.c(218): Notify: Transaction "Film PrintTask_Result_Correct" ended with "Pass" status (Duration: 1.0140 Think Time: 1.0140).	[MsgId: MMSG-16872]
Action.c(223): SQL Statement  execution "QueryReportStatus" started	[MsgId: MMSG-108760]
Action.c(36): SQL Statement  execution was successful	[MsgId: MMSG-108759]
Action.c(36): ================================================	[MsgId: MMSG0]
The result is 1	[MsgId: MMSG-17999]
Action.c(63): lr_think_time: 10.00 seconds.	[MsgId: MMSG-15948]
Action.c(106): lr_think_time: 5.00 seconds.	[MsgId: MMSG-15948]
Action.c(223): Warning :No dataset was created.	[MsgId: MMSG0]
Action.c(223): SQL Statement  execution was successful	[MsgId: MMSG-108759]
Action.c(223): ================================================	[MsgId: MMSG0]
Action.c(254): lr_think_time: 5.00 seconds.	[MsgId: MMSG-15948]
Starting iteration 181.	[MsgId: MMSG-15968]
Starting action Action.	[MsgId: MMSG-15919]
Action.c(22): web_set_max_html_param_len was successful  	[MsgId: MMSG-26392]
Action.c(36): SQL Statement  execution "QueryReportStatus" started	[MsgId: MMSG-108760]
Action.c(36): SQL Statement  execution was successful	[MsgId: MMSG-108759]
Action.c(36): ================================================	[MsgId: MMSG0]
The result is 1	[MsgId: MMSG-17999]
Action.c(63): lr_think_time: 10.00 seconds.	[MsgId: MMSG-15948]
Action.c(109): Registering web_reg_save_param was successful  	[MsgId: MMSG-26390]
Action.c(115): Notify: Transaction "Film Create_PrintTask" started.	[MsgId: MMSG-16999]
Action.c(117): Warning -26593: The header being added may cause unpredictable results when applied to all ensuing URLs. It is added anyway  	[MsgId: MWAR-26593]
Action.c(117): web_add_auto_header("content-type") highest severity level was "warning"  	[MsgId: MMSG-26391]
Ending action Action.	[MsgId: MMSG-15918]
Ending iteration 325.	[MsgId: MMSG-15965]
Waiting 26.3590 seconds for iteration pacing.	[MsgId: MMSG-15996]
Action.c(119): web_custom_request("web_custom_request") was successful, 725 body bytes, 259 header bytes  	[MsgId: MMSG-26386]
Action.c(130): Notify: Transaction "Film Create_PrintTask" ended with "Pass" status (Duration: 0.8268).	[MsgId: MMSG-16873]
Action.c(159): Notify: Transaction "Film PrintTask" started.	[MsgId: MMSG-16999]
Action.c(161): Warning -26593: The header being added may cause unpredictable results when applied to all ensuing URLs. It is added anyway  	[MsgId: MWAR-26593]
Action.c(161): web_add_auto_header("content-type") highest severity level was "warning"  	[MsgId: MMSG-26391]
Action.c(163): web_custom_request("web_custom_request") was successful, 722 body bytes, 259 header bytes  	[MsgId: MMSG-26386]
Action.c(174): Notify: Transaction "Film PrintTask" ended with "Pass" status (Duration: 0.2028).	[MsgId: MMSG-16873]
Action.c(176): lr_think_time: 5.00 seconds.	[MsgId: MMSG-15948]
Action.c(186): Registering web_reg_save_param was successful  	[MsgId: MMSG-26390]
Action.c(191): Notify: Transaction "Film_PrintStatus_CheckService" started.	[MsgId: MMSG-16999]
Action.c(193): Warning -26593: The header being added may cause unpredictable results when applied to all ensuing URLs. It is added anyway  	[MsgId: MWAR-26593]
Action.c(193): web_add_auto_header("content-type") highest severity level was "warning"  	[MsgId: MMSG-26391]
Action.c(68): SQL Statement  execution "QueryReportStatus" started	[MsgId: MMSG-108760]
Action.c(194): web_custom_request("web_custom_request") was successful, 729 body bytes, 259 header bytes  	[MsgId: MMSG-26386]
Action.c(68): SQL Statement  execution was successful	[MsgId: MMSG-108759]
Action.c(68): ================================================	[MsgId: MMSG0]
Action.c(204): Notify: Transaction "Film_PrintStatus_CheckService" ended with "Pass" status (Duration: 0.0624).	[MsgId: MMSG-16873]
Action.c(83): Notify: Transaction "Film TerminalStatus" started.	[MsgId: MMSG-16999]
Action.c(85): Warning -26593: The header being added may cause unpredictable results when applied to all ensuing URLs. It is added anyway  	[MsgId: MWAR-26593]
Action.c(206): PrintStatus in DataBase-------,0	[MsgId: MMSG-17999]
Action.c(85): web_add_auto_header("content-type") highest severity level was "warning"  	[MsgId: MMSG-26391]
Action.c(208): PrintStatus Check result-------,-4	[MsgId: MMSG-17999]
Action.c(184): lr_think_time: 10.00 seconds.	[MsgId: MMSG-15948]
Action.c(86): web_custom_request("web_custom_request") was successful, 599 body bytes, 259 header bytes  	[MsgId: MMSG-26386]
Action.c(96): Notify: Transaction "Film TerminalStatus" ended with "Pass" status (Duration: 0.4056).	[MsgId: MMSG-16873]
Action.c(99): lr_think_time: 5.00 seconds.	[MsgId: MMSG-15948]
Action.c(68): SQL Statement  execution "QueryReportStatus" started	[MsgId: MMSG-108760]
Action.c(68): SQL Statement  execution was successful	[MsgId: MMSG-108759]
Action.c(68): ================================================	[MsgId: MMSG0]
Action.c(83): Notify: Transaction "Film TerminalStatus" started.	[MsgId: MMSG-16999]
Action.c(85): Warning -26593: The header being added may cause unpredictable results when applied to all ensuing URLs. It is added anyway  	[MsgId: MWAR-26593]
Action.c(85): web_add_auto_header("content-type") highest severity level was "warning"  	[MsgId: MMSG-26391]
Action.c(86): web_custom_request("web_custom_request") was successful, 604 body bytes, 259 header bytes  	[MsgId: MMSG-26386]
Action.c(96): Notify: Transaction "Film TerminalStatus" ended with "Pass" status (Duration: 0.4212).	[MsgId: MMSG-16873]
Action.c(99): lr_think_time: 5.00 seconds.	[MsgId: MMSG-15948]
Action.c(68): SQL Statement  execution "QueryReportStatus" started	[MsgId: MMSG-108760]
Action.c(68): SQL Statement  execution was successful	[MsgId: MMSG-108759]
Action.c(68): ================================================	[MsgId: MMSG0]
Action.c(83): Notify: Transaction "Film TerminalStatus" started.	[MsgId: MMSG-16999]
Action.c(85): Warning -26593: The header being added may cause unpredictable results when applied to all ensuing URLs. It is added anyway  	[MsgId: MWAR-26593]
Action.c(85): web_add_auto_header("content-type") highest severity level was "warning"  	[MsgId: MMSG-26391]
Action.c(86): web_custom_request("web_custom_request") was successful, 605 body bytes, 259 header bytes  	[MsgId: MMSG-26386]
Action.c(96): Notify: Transaction "Film TerminalStatus" ended with "Pass" status (Duration: 0.4056).	[MsgId: MMSG-16873]
Action.c(99): lr_think_time: 5.00 seconds.	[MsgId: MMSG-15948]
Action.c(68): SQL Statement  execution "QueryReportStatus" started	[MsgId: MMSG-108760]
Action.c(68): SQL Statement  execution was successful	[MsgId: MMSG-108759]
Action.c(68): ================================================	[MsgId: MMSG0]
Action.c(83): Notify: Transaction "Film TerminalStatus" started.	[MsgId: MMSG-16999]
Action.c(85): Warning -26593: The header being added may cause unpredictable results when applied to all ensuing URLs. It is added anyway  	[MsgId: MWAR-26593]
Action.c(85): web_add_auto_header("content-type") highest severity level was "warning"  	[MsgId: MMSG-26391]
Action.c(184): lr_think_time: 10.00 seconds.	[MsgId: MMSG-15948]
Action.c(86): web_custom_request("web_custom_request") was successful, 599 body bytes, 259 header bytes  	[MsgId: MMSG-26386]
Action.c(96): Notify: Transaction "Film TerminalStatus" ended with "Pass" status (Duration: 0.4056).	[MsgId: MMSG-16873]
Action.c(99): lr_think_time: 5.00 seconds.	[MsgId: MMSG-15948]
Action.c(106): lr_think_time: 5.00 seconds.	[MsgId: MMSG-15948]
Action.c(106): lr_think_time: 5.00 seconds.	[MsgId: MMSG-15948]
Action.c(106): lr_think_time: 5.00 seconds.	[MsgId: MMSG-15948]
Action.c(106): lr_think_time: 5.00 seconds.	[MsgId: MMSG-15948]
Action.c(186): Registering web_reg_save_param was successful  	[MsgId: MMSG-26390]
Action.c(191): Notify: Transaction "Film_PrintStatus_CheckService" started.	[MsgId: MMSG-16999]
Action.c(193): Warning -26593: The header being added may cause unpredictable results when applied to all ensuing URLs. It is added anyway  	[MsgId: MWAR-26593]
Action.c(193): web_add_auto_header("content-type") highest severity level was "warning"  	[MsgId: MMSG-26391]
Action.c(194): web_custom_request("web_custom_request") was successful, 729 body bytes, 259 header bytes  	[MsgId: MMSG-26386]
Action.c(204): Notify: Transaction "Film_PrintStatus_CheckService" ended with "Pass" status (Duration: 0.2184).	[MsgId: MMSG-16873]
Action.c(206): PrintStatus in DataBase-------,0	[MsgId: MMSG-17999]
Action.c(208): PrintStatus Check result-------,-4	[MsgId: MMSG-17999]
Action.c(184): lr_think_time: 10.00 seconds.	[MsgId: MMSG-15948]
Action.c(109): Registering web_reg_save_param was successful  	[MsgId: MMSG-26390]
Action.c(115): Notify: Transaction "Film Create_PrintTask" started.	[MsgId: MMSG-16999]
Action.c(117): Warning -26593: The header being added may cause unpredictable results when applied to all ensuing URLs. It is added anyway  	[MsgId: MWAR-26593]
Action.c(117): web_add_auto_header("content-type") highest severity level was "warning"  	[MsgId: MMSG-26391]
Action.c(119): web_custom_request("web_custom_request") was successful, 725 body bytes, 259 header bytes  	[MsgId: MMSG-26386]
Action.c(130): Notify: Transaction "Film Create_PrintTask" ended with "Pass" status (Duration: 0.8268).	[MsgId: MMSG-16873]
Action.c(159): Notify: Transaction "Film PrintTask" started.	[MsgId: MMSG-16999]
Action.c(161): Warning -26593: The header being added may cause unpredictable results when applied to all ensuing URLs. It is added anyway  	[MsgId: MWAR-26593]
Action.c(161): web_add_auto_header("content-type") highest severity level was "warning"  	[MsgId: MMSG-26391]
Action.c(163): web_custom_request("web_custom_request") was successful, 722 body bytes, 259 header bytes  	[MsgId: MMSG-26386]
Action.c(174): Notify: Transaction "Film PrintTask" ended with "Pass" status (Duration: 0.2028).	[MsgId: MMSG-16873]
Action.c(176): lr_think_time: 5.00 seconds.	[MsgId: MMSG-15948]
Action.c(109): Registering web_reg_save_param was successful  	[MsgId: MMSG-26390]
Action.c(115): Notify: Transaction "Film Create_PrintTask" started.	[MsgId: MMSG-16999]
Action.c(117): Warning -26593: The header being added may cause unpredictable results when applied to all ensuing URLs. It is added anyway  	[MsgId: MWAR-26593]
Action.c(117): web_add_auto_header("content-type") highest severity level was "warning"  	[MsgId: MMSG-26391]
Action.c(109): Registering web_reg_save_param was successful  	[MsgId: MMSG-26390]
Action.c(115): Notify: Transaction "Film Create_PrintTask" started.	[MsgId: MMSG-16999]
Action.c(117): Warning -26593: The header being added may cause unpredictable results when applied to all ensuing URLs. It is added anyway  	[MsgId: MWAR-26593]
Action.c(117): web_add_auto_header("content-type") highest severity level was "warning"  	[MsgId: MMSG-26391]
Action.c(119): web_custom_request("web_custom_request") was successful, 730 body bytes, 259 header bytes  	[MsgId: MMSG-26386]
Action.c(130): Notify: Transaction "Film Create_PrintTask" ended with "Pass" status (Duration: 0.8112).	[MsgId: MMSG-16873]
Action.c(159): Notify: Transaction "Film PrintTask" started.	[MsgId: MMSG-16999]
Action.c(161): Warning -26593: The header being added may cause unpredictable results when applied to all ensuing URLs. It is added anyway  	[MsgId: MWAR-26593]
Action.c(161): web_add_auto_header("content-type") highest severity level was "warning"  	[MsgId: MMSG-26391]
Action.c(163): web_custom_request("web_custom_request") was successful, 727 body bytes, 259 header bytes  	[MsgId: MMSG-26386]
Action.c(174): Notify: Transaction "Film PrintTask" ended with "Pass" status (Duration: 0.2028).	[MsgId: MMSG-16873]
Action.c(176): lr_think_time: 5.00 seconds.	[MsgId: MMSG-15948]
Starting iteration 184.	[MsgId: MMSG-15968]
Starting action Action.	[MsgId: MMSG-15919]
Action.c(22): web_set_max_html_param_len was successful  	[MsgId: MMSG-26392]
Action.c(36): SQL Statement  execution "QueryReportStatus" started	[MsgId: MMSG-108760]
Action.c(36): SQL Statement  execution was successful	[MsgId: MMSG-108759]
Action.c(36): ================================================	[MsgId: MMSG0]
The result is 1	[MsgId: MMSG-17999]
Action.c(63): lr_think_time: 10.00 seconds.	[MsgId: MMSG-15948]
Action.c(186): Registering web_reg_save_param was successful  	[MsgId: MMSG-26390]
Action.c(191): Notify: Transaction "Film_PrintStatus_CheckService" started.	[MsgId: MMSG-16999]
Action.c(193): Warning -26593: The header being added may cause unpredictable results when applied to all ensuing URLs. It is added anyway  	[MsgId: MWAR-26593]
Action.c(193): web_add_auto_header("content-type") highest severity level was "warning"  	[MsgId: MMSG-26391]
Action.c(119): web_custom_request("web_custom_request") was successful, 731 body bytes, 259 header bytes  	[MsgId: MMSG-26386]
Action.c(194): web_custom_request("web_custom_request") was successful, 732 body bytes, 259 header bytes  	[MsgId: MMSG-26386]
Action.c(204): Notify: Transaction "Film_PrintStatus_CheckService" ended with "Pass" status (Duration: 0.1404).	[MsgId: MMSG-16873]
Action.c(130): Notify: Transaction "Film Create_PrintTask" ended with "Pass" status (Duration: 0.8268).	[MsgId: MMSG-16873]
Action.c(159): Notify: Transaction "Film PrintTask" started.	[MsgId: MMSG-16999]
Action.c(206): PrintStatus in DataBase-------,0	[MsgId: MMSG-17999]
Action.c(161): Warning -26593: The header being added may cause unpredictable results when applied to all ensuing URLs. It is added anyway  	[MsgId: MWAR-26593]
Action.c(161): web_add_auto_header("content-type") highest severity level was "warning"  	[MsgId: MMSG-26391]
Action.c(208): PrintStatus Check result-------,-4	[MsgId: MMSG-17999]
Action.c(184): lr_think_time: 10.00 seconds.	[MsgId: MMSG-15948]
Action.c(109): Registering web_reg_save_param was successful  	[MsgId: MMSG-26390]
Action.c(115): Notify: Transaction "Film Create_PrintTask" started.	[MsgId: MMSG-16999]
Action.c(117): Warning -26593: The header being added may cause unpredictable results when applied to all ensuing URLs. It is added anyway  	[MsgId: MWAR-26593]
Action.c(117): web_add_auto_header("content-type") highest severity level was "warning"  	[MsgId: MMSG-26391]
Action.c(163): web_custom_request("web_custom_request") was successful, 728 body bytes, 259 header bytes  	[MsgId: MMSG-26386]
Action.c(174): Notify: Transaction "Film PrintTask" ended with "Pass" status (Duration: 0.2028).	[MsgId: MMSG-16873]
Action.c(176): lr_think_time: 5.00 seconds.	[MsgId: MMSG-15948]
Action.c(119): web_custom_request("web_custom_request") was successful, 725 body bytes, 259 header bytes  	[MsgId: MMSG-26386]
Action.c(130): Notify: Transaction "Film Create_PrintTask" ended with "Pass" status (Duration: 0.8268).	[MsgId: MMSG-16873]
Action.c(159): Notify: Transaction "Film PrintTask" started.	[MsgId: MMSG-16999]
Action.c(161): Warning -26593: The header being added may cause unpredictable results when applied to all ensuing URLs. It is added anyway  	[MsgId: MWAR-26593]
Action.c(161): web_add_auto_header("content-type") highest severity level was "warning"  	[MsgId: MMSG-26391]
Action.c(163): web_custom_request("web_custom_request") was successful, 722 body bytes, 259 header bytes  	[MsgId: MMSG-26386]
Action.c(174): Notify: Transaction "Film PrintTask" ended with "Pass" status (Duration: 0.2184).	[MsgId: MMSG-16873]
Action.c(176): lr_think_time: 5.00 seconds.	[MsgId: MMSG-15948]
Action.c(184): lr_think_time: 10.00 seconds.	[MsgId: MMSG-15948]
Action.c(184): lr_think_time: 10.00 seconds.	[MsgId: MMSG-15948]
Action.c(184): lr_think_time: 10.00 seconds.	[MsgId: MMSG-15948]
Action.c(184): lr_think_time: 10.00 seconds.	[MsgId: MMSG-15948]
Action.c(186): Registering web_reg_save_param was successful  	[MsgId: MMSG-26390]
Action.c(191): Notify: Transaction "Film_PrintStatus_CheckService" started.	[MsgId: MMSG-16999]
Action.c(193): Warning -26593: The header being added may cause unpredictable results when applied to all ensuing URLs. It is added anyway  	[MsgId: MWAR-26593]
Action.c(193): web_add_auto_header("content-type") highest severity level was "warning"  	[MsgId: MMSG-26391]
Action.c(194): web_custom_request("web_custom_request") was successful, 729 body bytes, 259 header bytes  	[MsgId: MMSG-26386]
Action.c(204): Notify: Transaction "Film_PrintStatus_CheckService" ended with "Pass" status (Duration: 0.2184).	[MsgId: MMSG-16873]
Action.c(206): PrintStatus in DataBase-------,0	[MsgId: MMSG-17999]
Action.c(208): PrintStatus Check result-------,-4	[MsgId: MMSG-17999]
Action.c(184): lr_think_time: 10.00 seconds.	[MsgId: MMSG-15948]
Action.c(68): SQL Statement  execution "QueryReportStatus" started	[MsgId: MMSG-108760]
Action.c(68): SQL Statement  execution was successful	[MsgId: MMSG-108759]
Action.c(68): ================================================	[MsgId: MMSG0]
Action.c(83): Notify: Transaction "Film TerminalStatus" started.	[MsgId: MMSG-16999]
Action.c(85): Warning -26593: The header being added may cause unpredictable results when applied to all ensuing URLs. It is added anyway  	[MsgId: MWAR-26593]
Action.c(85): web_add_auto_header("content-type") highest severity level was "warning"  	[MsgId: MMSG-26391]
Action.c(186): Registering web_reg_save_param was successful  	[MsgId: MMSG-26390]
Action.c(191): Notify: Transaction "Film_PrintStatus_CheckService" started.	[MsgId: MMSG-16999]
Action.c(193): Warning -26593: The header being added may cause unpredictable results when applied to all ensuing URLs. It is added anyway  	[MsgId: MWAR-26593]
Action.c(193): web_add_auto_header("content-type") highest severity level was "warning"  	[MsgId: MMSG-26391]
Action.c(86): web_custom_request("web_custom_request") was successful, 602 body bytes, 259 header bytes  	[MsgId: MMSG-26386]
Action.c(194): web_custom_request("web_custom_request") was successful, 732 body bytes, 259 header bytes  	[MsgId: MMSG-26386]
Action.c(96): Notify: Transaction "Film TerminalStatus" ended with "Pass" status (Duration: 0.4056).	[MsgId: MMSG-16873]
Action.c(204): Notify: Transaction "Film_PrintStatus_CheckService" ended with "Pass" status (Duration: 0.2028).	[MsgId: MMSG-16873]
Action.c(99): lr_think_time: 5.00 seconds.	[MsgId: MMSG-15948]
Action.c(206): PrintStatus in DataBase-------,0	[MsgId: MMSG-17999]
Action.c(208): PrintStatus Check result-------,-4	[MsgId: MMSG-17999]
Action.c(184): lr_think_time: 10.00 seconds.	[MsgId: MMSG-15948]
Starting iteration 326.	[MsgId: MMSG-15968]
Starting action Action.	[MsgId: MMSG-15919]
Action.c(22): web_set_max_html_param_len was successful  	[MsgId: MMSG-26392]
Action.c(36): SQL Statement  execution "QueryReportStatus" started	[MsgId: MMSG-108760]
Action.c(36): SQL Statement  execution was successful	[MsgId: MMSG-108759]
Action.c(36): ================================================	[MsgId: MMSG0]
The result is 1	[MsgId: MMSG-17999]
Action.c(63): lr_think_time: 10.00 seconds.	[MsgId: MMSG-15948]
Action.c(186): Registering web_reg_save_param was successful  	[MsgId: MMSG-26390]
Action.c(191): Notify: Transaction "Film_PrintStatus_CheckService" started.	[MsgId: MMSG-16999]
Action.c(193): Warning -26593: The header being added may cause unpredictable results when applied to all ensuing URLs. It is added anyway  	[MsgId: MWAR-26593]
Action.c(193): web_add_auto_header("content-type") highest severity level was "warning"  	[MsgId: MMSG-26391]
Action.c(194): web_custom_request("web_custom_request") was successful, 727 body bytes, 259 header bytes  	[MsgId: MMSG-26386]
Action.c(204): Notify: Transaction "Film_PrintStatus_CheckService" ended with "Pass" status (Duration: 0.1404).	[MsgId: MMSG-16873]
Action.c(206): PrintStatus in DataBase-------,4	[MsgId: MMSG-17999]
Action.c(208): PrintStatus Check result-------,0	[MsgId: MMSG-17999]
Action.c(212): PrintStatus-------,1	[MsgId: MMSG-17999]
Action.c(216): Notify: Transaction "Film PrintTask_Result_Correct" started.	[MsgId: MMSG-16999]
Action.c(217): lr_think_time: 1.00 seconds.	[MsgId: MMSG-15948]
Action.c(218): Notify: Transaction "Film PrintTask_Result_Correct" ended with "Pass" status (Duration: 1.0140 Think Time: 1.0140).	[MsgId: MMSG-16872]
Action.c(223): SQL Statement  execution "QueryReportStatus" started	[MsgId: MMSG-108760]
Action.c(223): Warning :No dataset was created.	[MsgId: MMSG0]
Action.c(223): SQL Statement  execution was successful	[MsgId: MMSG-108759]
Action.c(223): ================================================	[MsgId: MMSG0]
Action.c(254): lr_think_time: 5.00 seconds.	[MsgId: MMSG-15948]
Action.c(186): Registering web_reg_save_param was successful  	[MsgId: MMSG-26390]
Action.c(191): Notify: Transaction "Film_PrintStatus_CheckService" started.	[MsgId: MMSG-16999]
Action.c(193): Warning -26593: The header being added may cause unpredictable results when applied to all ensuing URLs. It is added anyway  	[MsgId: MWAR-26593]
Action.c(193): web_add_auto_header("content-type") highest severity level was "warning"  	[MsgId: MMSG-26391]
Action.c(194): web_custom_request("web_custom_request") was successful, 737 body bytes, 259 header bytes  	[MsgId: MMSG-26386]
Action.c(204): Notify: Transaction "Film_PrintStatus_CheckService" ended with "Pass" status (Duration: 0.1560).	[MsgId: MMSG-16873]
Action.c(206): PrintStatus in DataBase-------,0	[MsgId: MMSG-17999]
Action.c(208): PrintStatus Check result-------,-4	[MsgId: MMSG-17999]
Action.c(184): lr_think_time: 10.00 seconds.	[MsgId: MMSG-15948]
Action.c(186): Registering web_reg_save_param was successful  	[MsgId: MMSG-26390]
Action.c(106): lr_think_time: 5.00 seconds.	[MsgId: MMSG-15948]
Action.c(191): Notify: Transaction "Film_PrintStatus_CheckService" started.	[MsgId: MMSG-16999]
Action.c(193): Warning -26593: The header being added may cause unpredictable results when applied to all ensuing URLs. It is added anyway  	[MsgId: MWAR-26593]
Action.c(193): web_add_auto_header("content-type") highest severity level was "warning"  	[MsgId: MMSG-26391]
Action.c(194): web_custom_request("web_custom_request") was successful, 738 body bytes, 259 header bytes  	[MsgId: MMSG-26386]
Action.c(204): Notify: Transaction "Film_PrintStatus_CheckService" ended with "Pass" status (Duration: 0.1404).	[MsgId: MMSG-16873]
Action.c(206): PrintStatus in DataBase-------,0	[MsgId: MMSG-17999]
Action.c(208): PrintStatus Check result-------,-4	[MsgId: MMSG-17999]
Action.c(184): lr_think_time: 10.00 seconds.	[MsgId: MMSG-15948]
Action.c(186): Registering web_reg_save_param was successful  	[MsgId: MMSG-26390]
Action.c(191): Notify: Transaction "Film_PrintStatus_CheckService" started.	[MsgId: MMSG-16999]
Action.c(193): Warning -26593: The header being added may cause unpredictable results when applied to all ensuing URLs. It is added anyway  	[MsgId: MWAR-26593]
Action.c(193): web_add_auto_header("content-type") highest severity level was "warning"  	[MsgId: MMSG-26391]
Action.c(194): web_custom_request("web_custom_request") was successful, 732 body bytes, 259 header bytes  	[MsgId: MMSG-26386]
Action.c(204): Notify: Transaction "Film_PrintStatus_CheckService" ended with "Pass" status (Duration: 0.1404).	[MsgId: MMSG-16873]
Action.c(206): PrintStatus in DataBase-------,0	[MsgId: MMSG-17999]
Action.c(208): PrintStatus Check result-------,-4	[MsgId: MMSG-17999]
Action.c(184): lr_think_time: 10.00 seconds.	[MsgId: MMSG-15948]
Action.c(186): Registering web_reg_save_param was successful  	[MsgId: MMSG-26390]
Action.c(191): Notify: Transaction "Film_PrintStatus_CheckService" started.	[MsgId: MMSG-16999]
Action.c(193): Warning -26593: The header being added may cause unpredictable results when applied to all ensuing URLs. It is added anyway  	[MsgId: MWAR-26593]
Action.c(193): web_add_auto_header("content-type") highest severity level was "warning"  	[MsgId: MMSG-26391]
Action.c(194): web_custom_request("web_custom_request") was successful, 729 body bytes, 259 header bytes  	[MsgId: MMSG-26386]
Action.c(204): Notify: Transaction "Film_PrintStatus_CheckService" ended with "Pass" status (Duration: 0.0780).	[MsgId: MMSG-16873]
Action.c(206): PrintStatus in DataBase-------,0	[MsgId: MMSG-17999]
Action.c(208): PrintStatus Check result-------,-4	[MsgId: MMSG-17999]
Action.c(184): lr_think_time: 10.00 seconds.	[MsgId: MMSG-15948]
Ending action Action.	[MsgId: MMSG-15918]
Ending Vuser...	[MsgId: MMSG-15966]
Starting action vuser_end.	[MsgId: MMSG-15919]
vuser_end.c(3): DB disconnect "Disconnect" started	[MsgId: MMSG-108767]
vuser_end.c(3): DB disconnect was successful	[MsgId: MMSG-108766]
vuser_end.c(3): ================================================	[MsgId: MMSG0]
Ending action vuser_end.	[MsgId: MMSG-15918]
Vuser Terminated.	[MsgId: MMSG-15963]
Action.c(109): Registering web_reg_save_param was successful  	[MsgId: MMSG-26390]
Action.c(186): Registering web_reg_save_param was successful  	[MsgId: MMSG-26390]
Action.c(115): Notify: Transaction "Film Create_PrintTask" started.	[MsgId: MMSG-16999]
Action.c(191): Notify: Transaction "Film_PrintStatus_CheckService" started.	[MsgId: MMSG-16999]
Action.c(117): Warning -26593: The header being added may cause unpredictable results when applied to all ensuing URLs. It is added anyway  	[MsgId: MWAR-26593]
Action.c(193): Warning -26593: The header being added may cause unpredictable results when applied to all ensuing URLs. It is added anyway  	[MsgId: MWAR-26593]
Action.c(117): web_add_auto_header("content-type") highest severity level was "warning"  	[MsgId: MMSG-26391]
Action.c(193): web_add_auto_header("content-type") highest severity level was "warning"  	[MsgId: MMSG-26391]
Action.c(68): SQL Statement  execution "QueryReportStatus" started	[MsgId: MMSG-108760]
Action.c(194): web_custom_request("web_custom_request") was successful, 732 body bytes, 259 header bytes  	[MsgId: MMSG-26386]
Action.c(204): Notify: Transaction "Film_PrintStatus_CheckService" ended with "Pass" status (Duration: 0.2184).	[MsgId: MMSG-16873]
Action.c(206): PrintStatus in DataBase-------,0	[MsgId: MMSG-17999]
Action.c(208): PrintStatus Check result-------,-4	[MsgId: MMSG-17999]
Action.c(184): lr_think_time: 10.00 seconds.	[MsgId: MMSG-15948]
Action.c(68): SQL Statement  execution was successful	[MsgId: MMSG-108759]
Action.c(68): ================================================	[MsgId: MMSG0]
Action.c(83): Notify: Transaction "Film TerminalStatus" started.	[MsgId: MMSG-16999]
Action.c(85): Warning -26593: The header being added may cause unpredictable results when applied to all ensuing URLs. It is added anyway  	[MsgId: MWAR-26593]
Action.c(85): web_add_auto_header("content-type") highest severity level was "warning"  	[MsgId: MMSG-26391]
Action.c(86): web_custom_request("web_custom_request") was successful, 600 body bytes, 259 header bytes  	[MsgId: MMSG-26386]
Action.c(96): Notify: Transaction "Film TerminalStatus" ended with "Pass" status (Duration: 0.4056).	[MsgId: MMSG-16873]
Action.c(99): lr_think_time: 5.00 seconds.	[MsgId: MMSG-15948]
Action.c(119): web_custom_request("web_custom_request") was successful, 728 body bytes, 259 header bytes  	[MsgId: MMSG-26386]
Action.c(130): Notify: Transaction "Film Create_PrintTask" ended with "Pass" status (Duration: 0.8424).	[MsgId: MMSG-16873]
Action.c(159): Notify: Transaction "Film PrintTask" started.	[MsgId: MMSG-16999]
Action.c(161): Warning -26593: The header being added may cause unpredictable results when applied to all ensuing URLs. It is added anyway  	[MsgId: MWAR-26593]
Action.c(161): web_add_auto_header("content-type") highest severity level was "warning"  	[MsgId: MMSG-26391]
Action.c(163): web_custom_request("web_custom_request") was successful, 725 body bytes, 259 header bytes  	[MsgId: MMSG-26386]
Action.c(174): Notify: Transaction "Film PrintTask" ended with "Pass" status (Duration: 0.2028).	[MsgId: MMSG-16873]
Action.c(176): lr_think_time: 5.00 seconds.	[MsgId: MMSG-15948]
Action.c(186): Registering web_reg_save_param was successful  	[MsgId: MMSG-26390]
Action.c(191): Notify: Transaction "Film_PrintStatus_CheckService" started.	[MsgId: MMSG-16999]
Action.c(193): Warning -26593: The header being added may cause unpredictable results when applied to all ensuing URLs. It is added anyway  	[MsgId: MWAR-26593]
Action.c(193): web_add_auto_header("content-type") highest severity level was "warning"  	[MsgId: MMSG-26391]
Action.c(194): web_custom_request("web_custom_request") was successful, 737 body bytes, 259 header bytes  	[MsgId: MMSG-26386]
Action.c(204): Notify: Transaction "Film_PrintStatus_CheckService" ended with "Pass" status (Duration: 0.2028).	[MsgId: MMSG-16873]
Action.c(206): PrintStatus in DataBase-------,0	[MsgId: MMSG-17999]
Action.c(208): PrintStatus Check result-------,-4	[MsgId: MMSG-17999]
Action.c(184): lr_think_time: 10.00 seconds.	[MsgId: MMSG-15948]
Action.c(186): Registering web_reg_save_param was successful  	[MsgId: MMSG-26390]
Action.c(191): Notify: Transaction "Film_PrintStatus_CheckService" started.	[MsgId: MMSG-16999]
Action.c(193): Warning -26593: The header being added may cause unpredictable results when applied to all ensuing URLs. It is added anyway  	[MsgId: MWAR-26593]
Action.c(193): web_add_auto_header("content-type") highest severity level was "warning"  	[MsgId: MMSG-26391]
Action.c(194): web_custom_request("web_custom_request") was successful, 738 body bytes, 259 header bytes  	[MsgId: MMSG-26386]
Action.c(204): Notify: Transaction "Film_PrintStatus_CheckService" ended with "Pass" status (Duration: 0.1872).	[MsgId: MMSG-16873]
Action.c(206): PrintStatus in DataBase-------,0	[MsgId: MMSG-17999]
Action.c(208): PrintStatus Check result-------,-4	[MsgId: MMSG-17999]
Action.c(184): lr_think_time: 10.00 seconds.	[MsgId: MMSG-15948]
Action.c(106): lr_think_time: 5.00 seconds.	[MsgId: MMSG-15948]
Action.c(184): lr_think_time: 10.00 seconds.	[MsgId: MMSG-15948]
Action.c(186): Registering web_reg_save_param was successful  	[MsgId: MMSG-26390]
Action.c(191): Notify: Transaction "Film_PrintStatus_CheckService" started.	[MsgId: MMSG-16999]
Action.c(193): Warning -26593: The header being added may cause unpredictable results when applied to all ensuing URLs. It is added anyway  	[MsgId: MWAR-26593]
Action.c(193): web_add_auto_header("content-type") highest severity level was "warning"  	[MsgId: MMSG-26391]
Action.c(194): web_custom_request("web_custom_request") was successful, 732 body bytes, 259 header bytes  	[MsgId: MMSG-26386]
Action.c(204): Notify: Transaction "Film_PrintStatus_CheckService" ended with "Pass" status (Duration: 0.1872).	[MsgId: MMSG-16873]
Action.c(206): PrintStatus in DataBase-------,0	[MsgId: MMSG-17999]
Action.c(208): PrintStatus Check result-------,-4	[MsgId: MMSG-17999]
Action.c(184): lr_think_time: 10.00 seconds.	[MsgId: MMSG-15948]
Action.c(186): Registering web_reg_save_param was successful  	[MsgId: MMSG-26390]
Action.c(191): Notify: Transaction "Film_PrintStatus_CheckService" started.	[MsgId: MMSG-16999]
Action.c(193): Warning -26593: The header being added may cause unpredictable results when applied to all ensuing URLs. It is added anyway  	[MsgId: MWAR-26593]
Action.c(193): web_add_auto_header("content-type") highest severity level was "warning"  	[MsgId: MMSG-26391]
Action.c(194): web_custom_request("web_custom_request") was successful, 728 body bytes, 259 header bytes  	[MsgId: MMSG-26386]
Action.c(204): Notify: Transaction "Film_PrintStatus_CheckService" ended with "Pass" status (Duration: 0.2028).	[MsgId: MMSG-16873]
Action.c(206): PrintStatus in DataBase-------,1	[MsgId: MMSG-17999]
Action.c(208): PrintStatus Check result-------,-3	[MsgId: MMSG-17999]
Action.c(184): lr_think_time: 10.00 seconds.	[MsgId: MMSG-15948]
Action.c(186): Registering web_reg_save_param was successful  	[MsgId: MMSG-26390]
Action.c(191): Notify: Transaction "Film_PrintStatus_CheckService" started.	[MsgId: MMSG-16999]
Action.c(193): Warning -26593: The header being added may cause unpredictable results when applied to all ensuing URLs. It is added anyway  	[MsgId: MWAR-26593]
Action.c(193): web_add_auto_header("content-type") highest severity level was "warning"  	[MsgId: MMSG-26391]
Action.c(194): web_custom_request("web_custom_request") was successful, 732 body bytes, 259 header bytes  	[MsgId: MMSG-26386]
Action.c(204): Notify: Transaction "Film_PrintStatus_CheckService" ended with "Pass" status (Duration: 0.0312).	[MsgId: MMSG-16873]
Action.c(206): PrintStatus in DataBase-------,0	[MsgId: MMSG-17999]
Action.c(208): PrintStatus Check result-------,-4	[MsgId: MMSG-17999]
Action.c(184): lr_think_time: 10.00 seconds.	[MsgId: MMSG-15948]
Action.c(109): Registering web_reg_save_param was successful  	[MsgId: MMSG-26390]
Action.c(115): Notify: Transaction "Film Create_PrintTask" started.	[MsgId: MMSG-16999]
Action.c(117): Warning -26593: The header being added may cause unpredictable results when applied to all ensuing URLs. It is added anyway  	[MsgId: MWAR-26593]
Action.c(117): web_add_auto_header("content-type") highest severity level was "warning"  	[MsgId: MMSG-26391]
Action.c(119): web_custom_request("web_custom_request") was successful, 725 body bytes, 259 header bytes  	[MsgId: MMSG-26386]
Action.c(130): Notify: Transaction "Film Create_PrintTask" ended with "Pass" status (Duration: 0.8268).	[MsgId: MMSG-16873]
Action.c(159): Notify: Transaction "Film PrintTask" started.	[MsgId: MMSG-16999]
Action.c(161): Warning -26593: The header being added may cause unpredictable results when applied to all ensuing URLs. It is added anyway  	[MsgId: MWAR-26593]
Action.c(161): web_add_auto_header("content-type") highest severity level was "warning"  	[MsgId: MMSG-26391]
Action.c(163): web_custom_request("web_custom_request") was successful, 722 body bytes, 259 header bytes  	[MsgId: MMSG-26386]
Action.c(174): Notify: Transaction "Film PrintTask" ended with "Pass" status (Duration: 0.2184).	[MsgId: MMSG-16873]
Action.c(176): lr_think_time: 5.00 seconds.	[MsgId: MMSG-15948]
Action.c(186): Registering web_reg_save_param was successful  	[MsgId: MMSG-26390]
Action.c(191): Notify: Transaction "Film_PrintStatus_CheckService" started.	[MsgId: MMSG-16999]
Action.c(193): Warning -26593: The header being added may cause unpredictable results when applied to all ensuing URLs. It is added anyway  	[MsgId: MWAR-26593]
Action.c(193): web_add_auto_header("content-type") highest severity level was "warning"  	[MsgId: MMSG-26391]
Action.c(194): web_custom_request("web_custom_request") was successful, 737 body bytes, 259 header bytes  	[MsgId: MMSG-26386]
Action.c(204): Notify: Transaction "Film_PrintStatus_CheckService" ended with "Pass" status (Duration: 0.0312).	[MsgId: MMSG-16873]
Action.c(206): PrintStatus in DataBase-------,0	[MsgId: MMSG-17999]
Action.c(208): PrintStatus Check result-------,-4	[MsgId: MMSG-17999]
Action.c(184): lr_think_time: 10.00 seconds.	[MsgId: MMSG-15948]
Action.c(186): Registering web_reg_save_param was successful  	[MsgId: MMSG-26390]
Action.c(191): Notify: Transaction "Film_PrintStatus_CheckService" started.	[MsgId: MMSG-16999]
Action.c(193): Warning -26593: The header being added may cause unpredictable results when applied to all ensuing URLs. It is added anyway  	[MsgId: MWAR-26593]
Action.c(193): web_add_auto_header("content-type") highest severity level was "warning"  	[MsgId: MMSG-26391]
Action.c(194): web_custom_request("web_custom_request") was successful, 738 body bytes, 259 header bytes  	[MsgId: MMSG-26386]
Action.c(204): Notify: Transaction "Film_PrintStatus_CheckService" ended with "Pass" status (Duration: 0.2028).	[MsgId: MMSG-16873]
Action.c(206): PrintStatus in DataBase-------,0	[MsgId: MMSG-17999]
Action.c(208): PrintStatus Check result-------,-4	[MsgId: MMSG-17999]
Action.c(184): lr_think_time: 10.00 seconds.	[MsgId: MMSG-15948]
Action.c(186): Registering web_reg_save_param was successful  	[MsgId: MMSG-26390]
Action.c(191): Notify: Transaction "Film_PrintStatus_CheckService" started.	[MsgId: MMSG-16999]
Action.c(193): Warning -26593: The header being added may cause unpredictable results when applied to all ensuing URLs. It is added anyway  	[MsgId: MWAR-26593]
Action.c(193): web_add_auto_header("content-type") highest severity level was "warning"  	[MsgId: MMSG-26391]
Action.c(194): web_custom_request("web_custom_request") was successful, 735 body bytes, 259 header bytes  	[MsgId: MMSG-26386]
Action.c(204): Notify: Transaction "Film_PrintStatus_CheckService" ended with "Pass" status (Duration: 0.0936).	[MsgId: MMSG-16873]
Action.c(206): PrintStatus in DataBase-------,0	[MsgId: MMSG-17999]
Action.c(208): PrintStatus Check result-------,-4	[MsgId: MMSG-17999]
Action.c(184): lr_think_time: 10.00 seconds.	[MsgId: MMSG-15948]
Action.c(186): Registering web_reg_save_param was successful  	[MsgId: MMSG-26390]
Action.c(191): Notify: Transaction "Film_PrintStatus_CheckService" started.	[MsgId: MMSG-16999]
Action.c(193): Warning -26593: The header being added may cause unpredictable results when applied to all ensuing URLs. It is added anyway  	[MsgId: MWAR-26593]
Action.c(193): web_add_auto_header("content-type") highest severity level was "warning"  	[MsgId: MMSG-26391]
Action.c(194): web_custom_request("web_custom_request") was successful, 732 body bytes, 259 header bytes  	[MsgId: MMSG-26386]
Action.c(204): Notify: Transaction "Film_PrintStatus_CheckService" ended with "Pass" status (Duration: 0.2340).	[MsgId: MMSG-16873]
Action.c(206): PrintStatus in DataBase-------,0	[MsgId: MMSG-17999]
Action.c(208): PrintStatus Check result-------,-4	[MsgId: MMSG-17999]
Action.c(184): lr_think_time: 10.00 seconds.	[MsgId: MMSG-15948]
Action.c(184): lr_think_time: 10.00 seconds.	[MsgId: MMSG-15948]
Action.c(186): Registering web_reg_save_param was successful  	[MsgId: MMSG-26390]
Action.c(191): Notify: Transaction "Film_PrintStatus_CheckService" started.	[MsgId: MMSG-16999]
Action.c(193): Warning -26593: The header being added may cause unpredictable results when applied to all ensuing URLs. It is added anyway  	[MsgId: MWAR-26593]
Action.c(193): web_add_auto_header("content-type") highest severity level was "warning"  	[MsgId: MMSG-26391]
Action.c(194): web_custom_request("web_custom_request") was successful, 724 body bytes, 259 header bytes  	[MsgId: MMSG-26386]
Action.c(204): Notify: Transaction "Film_PrintStatus_CheckService" ended with "Pass" status (Duration: 0.2184).	[MsgId: MMSG-16873]
Action.c(206): PrintStatus in DataBase-------,4	[MsgId: MMSG-17999]
Action.c(208): PrintStatus Check result-------,0	[MsgId: MMSG-17999]
Action.c(212): PrintStatus-------,7	[MsgId: MMSG-17999]
Action.c(216): Notify: Transaction "Film PrintTask_Result_Correct" started.	[MsgId: MMSG-16999]
Action.c(217): lr_think_time: 1.00 seconds.	[MsgId: MMSG-15948]
Action.c(218): Notify: Transaction "Film PrintTask_Result_Correct" ended with "Pass" status (Duration: 1.0140 Think Time: 1.0140).	[MsgId: MMSG-16872]
Action.c(223): SQL Statement  execution "QueryReportStatus" started	[MsgId: MMSG-108760]
Action.c(223): Warning :No dataset was created.	[MsgId: MMSG0]
Action.c(223): SQL Statement  execution was successful	[MsgId: MMSG-108759]
Action.c(223): ================================================	[MsgId: MMSG0]
Action.c(254): lr_think_time: 5.00 seconds.	[MsgId: MMSG-15948]
Action.c(186): Registering web_reg_save_param was successful  	[MsgId: MMSG-26390]
Action.c(191): Notify: Transaction "Film_PrintStatus_CheckService" started.	[MsgId: MMSG-16999]
Action.c(193): Warning -26593: The header being added may cause unpredictable results when applied to all ensuing URLs. It is added anyway  	[MsgId: MWAR-26593]
Action.c(193): web_add_auto_header("content-type") highest severity level was "warning"  	[MsgId: MMSG-26391]
Action.c(194): web_custom_request("web_custom_request") was successful, 731 body bytes, 259 header bytes  	[MsgId: MMSG-26386]
Action.c(204): Notify: Transaction "Film_PrintStatus_CheckService" ended with "Pass" status (Duration: 0.0624).	[MsgId: MMSG-16873]
Action.c(206): PrintStatus in DataBase-------,1	[MsgId: MMSG-17999]
Action.c(208): PrintStatus Check result-------,-3	[MsgId: MMSG-17999]
Action.c(184): lr_think_time: 10.00 seconds.	[MsgId: MMSG-15948]
Ending action Action.	[MsgId: MMSG-15918]
Ending iteration 194.	[MsgId: MMSG-15965]
Waiting 11.7170 seconds for iteration pacing.	[MsgId: MMSG-15996]
Action.c(186): Registering web_reg_save_param was successful  	[MsgId: MMSG-26390]
Action.c(191): Notify: Transaction "Film_PrintStatus_CheckService" started.	[MsgId: MMSG-16999]
Action.c(193): Warning -26593: The header being added may cause unpredictable results when applied to all ensuing URLs. It is added anyway  	[MsgId: MWAR-26593]
Action.c(193): web_add_auto_header("content-type") highest severity level was "warning"  	[MsgId: MMSG-26391]
Action.c(194): web_custom_request("web_custom_request") was successful, 737 body bytes, 259 header bytes  	[MsgId: MMSG-26386]
Action.c(204): Notify: Transaction "Film_PrintStatus_CheckService" ended with "Pass" status (Duration: 0.1092).	[MsgId: MMSG-16873]
Action.c(206): PrintStatus in DataBase-------,0	[MsgId: MMSG-17999]
Action.c(208): PrintStatus Check result-------,-4	[MsgId: MMSG-17999]
Action.c(184): lr_think_time: 10.00 seconds.	[MsgId: MMSG-15948]
Action.c(186): Registering web_reg_save_param was successful  	[MsgId: MMSG-26390]
Action.c(191): Notify: Transaction "Film_PrintStatus_CheckService" started.	[MsgId: MMSG-16999]
Action.c(193): Warning -26593: The header being added may cause unpredictable results when applied to all ensuing URLs. It is added anyway  	[MsgId: MWAR-26593]
Action.c(193): web_add_auto_header("content-type") highest severity level was "warning"  	[MsgId: MMSG-26391]
Action.c(194): web_custom_request("web_custom_request") was successful, 738 body bytes, 259 header bytes  	[MsgId: MMSG-26386]
Action.c(204): Notify: Transaction "Film_PrintStatus_CheckService" ended with "Pass" status (Duration: 0.1248).	[MsgId: MMSG-16873]
Action.c(206): PrintStatus in DataBase-------,0	[MsgId: MMSG-17999]
Action.c(208): PrintStatus Check result-------,-4	[MsgId: MMSG-17999]
Action.c(184): lr_think_time: 10.00 seconds.	[MsgId: MMSG-15948]
Action.c(186): Registering web_reg_save_param was successful  	[MsgId: MMSG-26390]
Action.c(191): Notify: Transaction "Film_PrintStatus_CheckService" started.	[MsgId: MMSG-16999]
Action.c(193): Warning -26593: The header being added may cause unpredictable results when applied to all ensuing URLs. It is added anyway  	[MsgId: MWAR-26593]
Action.c(193): web_add_auto_header("content-type") highest severity level was "warning"  	[MsgId: MMSG-26391]
Action.c(194): web_custom_request("web_custom_request") was successful, 735 body bytes, 259 header bytes  	[MsgId: MMSG-26386]
Action.c(204): Notify: Transaction "Film_PrintStatus_CheckService" ended with "Pass" status (Duration: 0.1092).	[MsgId: MMSG-16873]
Action.c(206): PrintStatus in DataBase-------,0	[MsgId: MMSG-17999]
Action.c(208): PrintStatus Check result-------,-4	[MsgId: MMSG-17999]
Action.c(184): lr_think_time: 10.00 seconds.	[MsgId: MMSG-15948]
Action.c(186): Registering web_reg_save_param was successful  	[MsgId: MMSG-26390]
Action.c(191): Notify: Transaction "Film_PrintStatus_CheckService" started.	[MsgId: MMSG-16999]
Action.c(193): Warning -26593: The header being added may cause unpredictable results when applied to all ensuing URLs. It is added anyway  	[MsgId: MWAR-26593]
Action.c(193): web_add_auto_header("content-type") highest severity level was "warning"  	[MsgId: MMSG-26391]
Action.c(194): web_custom_request("web_custom_request") was successful, 732 body bytes, 259 header bytes  	[MsgId: MMSG-26386]
Action.c(204): Notify: Transaction "Film_PrintStatus_CheckService" ended with "Pass" status (Duration: 0.0936).	[MsgId: MMSG-16873]
Action.c(206): PrintStatus in DataBase-------,0	[MsgId: MMSG-17999]
Action.c(208): PrintStatus Check result-------,-4	[MsgId: MMSG-17999]
Action.c(184): lr_think_time: 10.00 seconds.	[MsgId: MMSG-15948]
Action.c(186): Registering web_reg_save_param was successful  	[MsgId: MMSG-26390]
Action.c(191): Notify: Transaction "Film_PrintStatus_CheckService" started.	[MsgId: MMSG-16999]
Action.c(193): Warning -26593: The header being added may cause unpredictable results when applied to all ensuing URLs. It is added anyway  	[MsgId: MWAR-26593]
Action.c(193): web_add_auto_header("content-type") highest severity level was "warning"  	[MsgId: MMSG-26391]
Action.c(194): web_custom_request("web_custom_request") was successful, 727 body bytes, 259 header bytes  	[MsgId: MMSG-26386]
Action.c(204): Notify: Transaction "Film_PrintStatus_CheckService" ended with "Pass" status (Duration: 0.1716).	[MsgId: MMSG-16873]
Action.c(206): PrintStatus in DataBase-------,4	[MsgId: MMSG-17999]
Action.c(208): PrintStatus Check result-------,0	[MsgId: MMSG-17999]
Action.c(212): PrintStatus-------,1	[MsgId: MMSG-17999]
Action.c(216): Notify: Transaction "Film PrintTask_Result_Correct" started.	[MsgId: MMSG-16999]
Action.c(217): lr_think_time: 1.00 seconds.	[MsgId: MMSG-15948]
Action.c(218): Notify: Transaction "Film PrintTask_Result_Correct" ended with "Pass" status (Duration: 1.0140 Think Time: 1.0140).	[MsgId: MMSG-16872]
Action.c(223): SQL Statement  execution "QueryReportStatus" started	[MsgId: MMSG-108760]
Action.c(223): Warning :No dataset was created.	[MsgId: MMSG0]
Action.c(223): SQL Statement  execution was successful	[MsgId: MMSG-108759]
Action.c(223): ================================================	[MsgId: MMSG0]
Action.c(254): lr_think_time: 5.00 seconds.	[MsgId: MMSG-15948]
Action.c(186): Registering web_reg_save_param was successful  	[MsgId: MMSG-26390]
Action.c(191): Notify: Transaction "Film_PrintStatus_CheckService" started.	[MsgId: MMSG-16999]
Action.c(193): Warning -26593: The header being added may cause unpredictable results when applied to all ensuing URLs. It is added anyway  	[MsgId: MWAR-26593]
Action.c(193): web_add_auto_header("content-type") highest severity level was "warning"  	[MsgId: MMSG-26391]
Action.c(194): web_custom_request("web_custom_request") was successful, 727 body bytes, 259 header bytes  	[MsgId: MMSG-26386]
Action.c(204): Notify: Transaction "Film_PrintStatus_CheckService" ended with "Pass" status (Duration: 0.2028).	[MsgId: MMSG-16873]
Action.c(206): PrintStatus in DataBase-------,4	[MsgId: MMSG-17999]
Action.c(208): PrintStatus Check result-------,0	[MsgId: MMSG-17999]
Action.c(212): PrintStatus-------,6	[MsgId: MMSG-17999]
Action.c(216): Notify: Transaction "Film PrintTask_Result_Correct" started.	[MsgId: MMSG-16999]
Action.c(217): lr_think_time: 1.00 seconds.	[MsgId: MMSG-15948]
Action.c(218): Notify: Transaction "Film PrintTask_Result_Correct" ended with "Pass" status (Duration: 1.0140 Think Time: 1.0140).	[MsgId: MMSG-16872]
Action.c(223): SQL Statement  execution "QueryReportStatus" started	[MsgId: MMSG-108760]
Action.c(223): Warning :No dataset was created.	[MsgId: MMSG0]
Action.c(223): SQL Statement  execution was successful	[MsgId: MMSG-108759]
Action.c(223): ================================================	[MsgId: MMSG0]
Action.c(254): lr_think_time: 5.00 seconds.	[MsgId: MMSG-15948]
Ending action Action.	[MsgId: MMSG-15918]
Ending Vuser...	[MsgId: MMSG-15966]
Starting action vuser_end.	[MsgId: MMSG-15919]
vuser_end.c(3): DB disconnect "Disconnect" started	[MsgId: MMSG-108767]
vuser_end.c(3): DB disconnect was successful	[MsgId: MMSG-108766]
vuser_end.c(3): ================================================	[MsgId: MMSG0]
Ending action vuser_end.	[MsgId: MMSG-15918]
Vuser Terminated.	[MsgId: MMSG-15963]
Action.c(186): Registering web_reg_save_param was successful  	[MsgId: MMSG-26390]
Action.c(191): Notify: Transaction "Film_PrintStatus_CheckService" started.	[MsgId: MMSG-16999]
Action.c(193): Warning -26593: The header being added may cause unpredictable results when applied to all ensuing URLs. It is added anyway  	[MsgId: MWAR-26593]
Action.c(193): web_add_auto_header("content-type") highest severity level was "warning"  	[MsgId: MMSG-26391]
Action.c(194): web_custom_request("web_custom_request") was successful, 736 body bytes, 259 header bytes  	[MsgId: MMSG-26386]
Action.c(204): Notify: Transaction "Film_PrintStatus_CheckService" ended with "Pass" status (Duration: 0.0312).	[MsgId: MMSG-16873]
Action.c(206): PrintStatus in DataBase-------,1	[MsgId: MMSG-17999]
Action.c(208): PrintStatus Check result-------,-3	[MsgId: MMSG-17999]
Action.c(184): lr_think_time: 10.00 seconds.	[MsgId: MMSG-15948]
Starting iteration 195.	[MsgId: MMSG-15968]
Starting action Action.	[MsgId: MMSG-15919]
Action.c(22): web_set_max_html_param_len was successful  	[MsgId: MMSG-26392]
Action.c(36): SQL Statement  execution "QueryReportStatus" started	[MsgId: MMSG-108760]
Action.c(36): SQL Statement  execution was successful	[MsgId: MMSG-108759]
Action.c(36): ================================================	[MsgId: MMSG0]
The result is 1	[MsgId: MMSG-17999]
Action.c(63): lr_think_time: 10.00 seconds.	[MsgId: MMSG-15948]
Action.c(186): Registering web_reg_save_param was successful  	[MsgId: MMSG-26390]
Action.c(191): Notify: Transaction "Film_PrintStatus_CheckService" started.	[MsgId: MMSG-16999]
Action.c(193): Warning -26593: The header being added may cause unpredictable results when applied to all ensuing URLs. It is added anyway  	[MsgId: MWAR-26593]
Action.c(193): web_add_auto_header("content-type") highest severity level was "warning"  	[MsgId: MMSG-26391]
Action.c(194): web_custom_request("web_custom_request") was successful, 738 body bytes, 259 header bytes  	[MsgId: MMSG-26386]
Action.c(204): Notify: Transaction "Film_PrintStatus_CheckService" ended with "Pass" status (Duration: 0.0312).	[MsgId: MMSG-16873]
Action.c(206): PrintStatus in DataBase-------,0	[MsgId: MMSG-17999]
Action.c(208): PrintStatus Check result-------,-4	[MsgId: MMSG-17999]
Action.c(184): lr_think_time: 10.00 seconds.	[MsgId: MMSG-15948]
Action.c(186): Registering web_reg_save_param was successful  	[MsgId: MMSG-26390]
Action.c(191): Notify: Transaction "Film_PrintStatus_CheckService" started.	[MsgId: MMSG-16999]
Action.c(193): Warning -26593: The header being added may cause unpredictable results when applied to all ensuing URLs. It is added anyway  	[MsgId: MWAR-26593]
Action.c(193): web_add_auto_header("content-type") highest severity level was "warning"  	[MsgId: MMSG-26391]
Action.c(194): web_custom_request("web_custom_request") was successful, 735 body bytes, 259 header bytes  	[MsgId: MMSG-26386]
Action.c(204): Notify: Transaction "Film_PrintStatus_CheckService" ended with "Pass" status (Duration: 0.0468).	[MsgId: MMSG-16873]
Action.c(206): PrintStatus in DataBase-------,0	[MsgId: MMSG-17999]
Action.c(208): PrintStatus Check result-------,-4	[MsgId: MMSG-17999]
Action.c(184): lr_think_time: 10.00 seconds.	[MsgId: MMSG-15948]
Ending action Action.	[MsgId: MMSG-15918]
Ending Vuser...	[MsgId: MMSG-15966]
Starting action vuser_end.	[MsgId: MMSG-15919]
vuser_end.c(3): DB disconnect "Disconnect" started	[MsgId: MMSG-108767]
vuser_end.c(3): DB disconnect was successful	[MsgId: MMSG-108766]
vuser_end.c(3): ================================================	[MsgId: MMSG0]
Ending action vuser_end.	[MsgId: MMSG-15918]
Vuser Terminated.	[MsgId: MMSG-15963]
Action.c(186): Registering web_reg_save_param was successful  	[MsgId: MMSG-26390]
Action.c(191): Notify: Transaction "Film_PrintStatus_CheckService" started.	[MsgId: MMSG-16999]
Action.c(193): Warning -26593: The header being added may cause unpredictable results when applied to all ensuing URLs. It is added anyway  	[MsgId: MWAR-26593]
Action.c(193): web_add_auto_header("content-type") highest severity level was "warning"  	[MsgId: MMSG-26391]
Action.c(194): web_custom_request("web_custom_request") was successful, 732 body bytes, 259 header bytes  	[MsgId: MMSG-26386]
Action.c(204): Notify: Transaction "Film_PrintStatus_CheckService" ended with "Pass" status (Duration: 0.0312).	[MsgId: MMSG-16873]
Action.c(206): PrintStatus in DataBase-------,0	[MsgId: MMSG-17999]
Action.c(208): PrintStatus Check result-------,-4	[MsgId: MMSG-17999]
Action.c(184): lr_think_time: 10.00 seconds.	[MsgId: MMSG-15948]
Action.c(186): Registering web_reg_save_param was successful  	[MsgId: MMSG-26390]
Action.c(191): Notify: Transaction "Film_PrintStatus_CheckService" started.	[MsgId: MMSG-16999]
Action.c(193): Warning -26593: The header being added may cause unpredictable results when applied to all ensuing URLs. It is added anyway  	[MsgId: MWAR-26593]
Action.c(193): web_add_auto_header("content-type") highest severity level was "warning"  	[MsgId: MMSG-26391]
Action.c(194): web_custom_request("web_custom_request") was successful, 732 body bytes, 259 header bytes  	[MsgId: MMSG-26386]
Action.c(204): Notify: Transaction "Film_PrintStatus_CheckService" ended with "Pass" status (Duration: 0.0156).	[MsgId: MMSG-16873]
Action.c(206): PrintStatus in DataBase-------,4	[MsgId: MMSG-17999]
Action.c(208): PrintStatus Check result-------,0	[MsgId: MMSG-17999]
Action.c(212): PrintStatus-------,6	[MsgId: MMSG-17999]
Action.c(216): Notify: Transaction "Film PrintTask_Result_Correct" started.	[MsgId: MMSG-16999]
Action.c(217): lr_think_time: 1.00 seconds.	[MsgId: MMSG-15948]
Action.c(68): SQL Statement  execution "QueryReportStatus" started	[MsgId: MMSG-108760]
Action.c(68): SQL Statement  execution was successful	[MsgId: MMSG-108759]
Action.c(68): ================================================	[MsgId: MMSG0]
Action.c(83): Notify: Transaction "Film TerminalStatus" started.	[MsgId: MMSG-16999]
Action.c(85): Warning -26593: The header being added may cause unpredictable results when applied to all ensuing URLs. It is added anyway  	[MsgId: MWAR-26593]
Action.c(85): web_add_auto_header("content-type") highest severity level was "warning"  	[MsgId: MMSG-26391]
Action.c(86): web_custom_request("web_custom_request") was successful, 596 body bytes, 259 header bytes  	[MsgId: MMSG-26386]
Action.c(96): Notify: Transaction "Film TerminalStatus" ended with "Pass" status (Duration: 0.4056).	[MsgId: MMSG-16873]
Action.c(99): lr_think_time: 5.00 seconds.	[MsgId: MMSG-15948]
Action.c(218): Notify: Transaction "Film PrintTask_Result_Correct" ended with "Pass" status (Duration: 1.0140 Think Time: 1.0140).	[MsgId: MMSG-16872]
Action.c(223): SQL Statement  execution "QueryReportStatus" started	[MsgId: MMSG-108760]
Action.c(186): Registering web_reg_save_param was successful  	[MsgId: MMSG-26390]
Action.c(191): Notify: Transaction "Film_PrintStatus_CheckService" started.	[MsgId: MMSG-16999]
Action.c(193): Warning -26593: The header being added may cause unpredictable results when applied to all ensuing URLs. It is added anyway  	[MsgId: MWAR-26593]
Action.c(193): web_add_auto_header("content-type") highest severity level was "warning"  	[MsgId: MMSG-26391]
Action.c(223): Warning :No dataset was created.	[MsgId: MMSG0]
Action.c(194): web_custom_request("web_custom_request") was successful, 737 body bytes, 259 header bytes  	[MsgId: MMSG-26386]
Action.c(223): SQL Statement  execution was successful	[MsgId: MMSG-108759]
Action.c(223): ================================================	[MsgId: MMSG0]
Action.c(204): Notify: Transaction "Film_PrintStatus_CheckService" ended with "Pass" status (Duration: 0.2028).	[MsgId: MMSG-16873]
Action.c(254): lr_think_time: 5.00 seconds.	[MsgId: MMSG-15948]
Action.c(206): PrintStatus in DataBase-------,1	[MsgId: MMSG-17999]
Action.c(208): PrintStatus Check result-------,-3	[MsgId: MMSG-17999]
Action.c(184): lr_think_time: 10.00 seconds.	[MsgId: MMSG-15948]
Action.c(186): Registering web_reg_save_param was successful  	[MsgId: MMSG-26390]
Action.c(191): Notify: Transaction "Film_PrintStatus_CheckService" started.	[MsgId: MMSG-16999]
Action.c(193): Warning -26593: The header being added may cause unpredictable results when applied to all ensuing URLs. It is added anyway  	[MsgId: MWAR-26593]
Action.c(193): web_add_auto_header("content-type") highest severity level was "warning"  	[MsgId: MMSG-26391]
Action.c(194): web_custom_request("web_custom_request") was successful, 735 body bytes, 259 header bytes  	[MsgId: MMSG-26386]
Action.c(204): Notify: Transaction "Film_PrintStatus_CheckService" ended with "Pass" status (Duration: 0.0156).	[MsgId: MMSG-16873]
Action.c(206): PrintStatus in DataBase-------,0	[MsgId: MMSG-17999]
Action.c(208): PrintStatus Check result-------,-4	[MsgId: MMSG-17999]
Action.c(184): lr_think_time: 10.00 seconds.	[MsgId: MMSG-15948]
Action.c(186): Registering web_reg_save_param was successful  	[MsgId: MMSG-26390]
Action.c(191): Notify: Transaction "Film_PrintStatus_CheckService" started.	[MsgId: MMSG-16999]
Action.c(193): Warning -26593: The header being added may cause unpredictable results when applied to all ensuing URLs. It is added anyway  	[MsgId: MWAR-26593]
Action.c(193): web_add_auto_header("content-type") highest severity level was "warning"  	[MsgId: MMSG-26391]
Action.c(194): web_custom_request("web_custom_request") was successful, 731 body bytes, 259 header bytes  	[MsgId: MMSG-26386]
Action.c(204): Notify: Transaction "Film_PrintStatus_CheckService" ended with "Pass" status (Duration: 0.0312).	[MsgId: MMSG-16873]
Action.c(206): PrintStatus in DataBase-------,1	[MsgId: MMSG-17999]
Action.c(208): PrintStatus Check result-------,-3	[MsgId: MMSG-17999]
Action.c(184): lr_think_time: 10.00 seconds.	[MsgId: MMSG-15948]
Action.c(106): lr_think_time: 5.00 seconds.	[MsgId: MMSG-15948]
Ending action Action.	[MsgId: MMSG-15918]
Ending Vuser...	[MsgId: MMSG-15966]
Starting action vuser_end.	[MsgId: MMSG-15919]
vuser_end.c(3): DB disconnect "Disconnect" started	[MsgId: MMSG-108767]
vuser_end.c(3): DB disconnect was successful	[MsgId: MMSG-108766]
vuser_end.c(3): ================================================	[MsgId: MMSG0]
Ending action vuser_end.	[MsgId: MMSG-15918]
Vuser Terminated.	[MsgId: MMSG-15963]
Abort was called from an action.	[MsgId: MMSG-10447]
Ending Vuser...	[MsgId: MMSG-15966]
Starting action vuser_end.	[MsgId: MMSG-15919]
vuser_end.c(3): DB disconnect "Disconnect" started	[MsgId: MMSG-108767]
vuser_end.c(3): DB disconnect was successful	[MsgId: MMSG-108766]
vuser_end.c(3): ================================================	[MsgId: MMSG0]
Ending action vuser_end.	[MsgId: MMSG-15918]
Vuser Terminated.	[MsgId: MMSG-15963]
Abort was called from an action.	[MsgId: MMSG-10447]
Ending Vuser...	[MsgId: MMSG-15966]
Starting action vuser_end.	[MsgId: MMSG-15919]
vuser_end.c(3): DB disconnect "Disconnect" started	[MsgId: MMSG-108767]
vuser_end.c(3): DB disconnect was successful	[MsgId: MMSG-108766]
vuser_end.c(3): ================================================	[MsgId: MMSG0]
Ending action vuser_end.	[MsgId: MMSG-15918]
Vuser Terminated.	[MsgId: MMSG-15963]
Abort was called from an action.	[MsgId: MMSG-10447]
Ending Vuser...	[MsgId: MMSG-15966]
Starting action vuser_end.	[MsgId: MMSG-15919]
vuser_end.c(3): DB disconnect "Disconnect" started	[MsgId: MMSG-108767]
vuser_end.c(3): DB disconnect was successful	[MsgId: MMSG-108766]
vuser_end.c(3): ================================================	[MsgId: MMSG0]
Ending action vuser_end.	[MsgId: MMSG-15918]
Vuser Terminated.	[MsgId: MMSG-15963]
Abort was called from an action.	[MsgId: MMSG-10447]
Ending Vuser...	[MsgId: MMSG-15966]
Starting action vuser_end.	[MsgId: MMSG-15919]
vuser_end.c(3): DB disconnect "Disconnect" started	[MsgId: MMSG-108767]
vuser_end.c(3): DB disconnect was successful	[MsgId: MMSG-108766]
vuser_end.c(3): ================================================	[MsgId: MMSG0]
Ending action vuser_end.	[MsgId: MMSG-15918]
Vuser Terminated.	[MsgId: MMSG-15963]
