Start auto log messages stack - Iteration 166.	[MsgId: MMSG-10545]
Action.c(190): Notify: Transaction "Film_PrintStatus_CheckService" started.	[MsgId: MMSG-16999]
Action.c(192): Warning -26593: The header being added may cause unpredictable results when applied to all ensuing URLs. It is added anyway  	[MsgId: MWAR-26593]
Action.c(192): web_add_auto_header("content-type") highest severity level was "warning"  	[MsgId: MMSG-26391]
Action.c(193): web_custom_request("web_custom_request") was successful, 733 body bytes, 259 header bytes  	[MsgId: MMSG-26386]
Action.c(203): Notify: Transaction "Film_PrintStatus_CheckService" ended with "Pass" status (Duration: 0.1560).	[MsgId: MMSG-16873]
Action.c(205): PrintStatus in DataBase-------,1	[MsgId: MMSG-17999]
Action.c(207): PrintStatus Check result-------,-3	[MsgId: MMSG-17999]
Action.c(212): PrintStatus-------,30	[MsgId: MMSG-17999]
Action.c(245): Notify: Transaction "Film PrintTask_Result_Fail" started.	[MsgId: MMSG-16999]
Action.c(246): Error: The task do not finish correct: TaskID: 4390568  From Terminal: K2_2	[MsgId: MERR-17999]
End auto log messages stack.	[MsgId: MMSG-10544]


Start auto log messages stack - Iteration 167.	[MsgId: MMSG-10545]
Action.c(190): Notify: Transaction "Film_PrintStatus_CheckService" started.	[MsgId: MMSG-16999]
Action.c(192): Warning -26593: The header being added may cause unpredictable results when applied to all ensuing URLs. It is added anyway  	[MsgId: MWAR-26593]
Action.c(192): web_add_auto_header("content-type") highest severity level was "warning"  	[MsgId: MMSG-26391]
Action.c(193): web_custom_request("web_custom_request") was successful, 732 body bytes, 259 header bytes  	[MsgId: MMSG-26386]
Action.c(203): Notify: Transaction "Film_PrintStatus_CheckService" ended with "Pass" status (Duration: 0.0468).	[MsgId: MMSG-16873]
Action.c(205): PrintStatus in DataBase-------,0	[MsgId: MMSG-17999]
Action.c(207): PrintStatus Check result-------,-4	[MsgId: MMSG-17999]
Action.c(212): PrintStatus-------,30	[MsgId: MMSG-17999]
Action.c(245): Notify: Transaction "Film PrintTask_Result_Fail" started.	[MsgId: MMSG-16999]
Action.c(246): Error: The task do not finish correct: TaskID: 4390624  From Terminal: K2_2	[MsgId: MERR-17999]
End auto log messages stack.	[MsgId: MMSG-10544]


Start auto log messages stack - Iteration 168.	[MsgId: MMSG-10545]
Action.c(190): Notify: Transaction "Film_PrintStatus_CheckService" started.	[MsgId: MMSG-16999]
Action.c(192): Warning -26593: The header being added may cause unpredictable results when applied to all ensuing URLs. It is added anyway  	[MsgId: MWAR-26593]
Action.c(192): web_add_auto_header("content-type") highest severity level was "warning"  	[MsgId: MMSG-26391]
Action.c(193): web_custom_request("web_custom_request") was successful, 732 body bytes, 259 header bytes  	[MsgId: MMSG-26386]
Action.c(203): Notify: Transaction "Film_PrintStatus_CheckService" ended with "Pass" status (Duration: 0.0156).	[MsgId: MMSG-16873]
Action.c(205): PrintStatus in DataBase-------,0	[MsgId: MMSG-17999]
Action.c(207): PrintStatus Check result-------,-4	[MsgId: MMSG-17999]
Action.c(212): PrintStatus-------,30	[MsgId: MMSG-17999]
Action.c(245): Notify: Transaction "Film PrintTask_Result_Fail" started.	[MsgId: MMSG-16999]
Action.c(246): Error: The task do not finish correct: TaskID: 4390685  From Terminal: K2_2	[MsgId: MERR-17999]
End auto log messages stack.	[MsgId: MMSG-10544]


Start auto log messages stack - Iteration 169.	[MsgId: MMSG-10545]
Action.c(190): Notify: Transaction "Film_PrintStatus_CheckService" started.	[MsgId: MMSG-16999]
Action.c(192): Warning -26593: The header being added may cause unpredictable results when applied to all ensuing URLs. It is added anyway  	[MsgId: MWAR-26593]
Action.c(192): web_add_auto_header("content-type") highest severity level was "warning"  	[MsgId: MMSG-26391]
Action.c(193): web_custom_request("web_custom_request") was successful, 732 body bytes, 259 header bytes  	[MsgId: MMSG-26386]
Action.c(203): Notify: Transaction "Film_PrintStatus_CheckService" ended with "Pass" status (Duration: 0.0780).	[MsgId: MMSG-16873]
Action.c(205): PrintStatus in DataBase-------,0	[MsgId: MMSG-17999]
Action.c(207): PrintStatus Check result-------,-4	[MsgId: MMSG-17999]
Action.c(212): PrintStatus-------,30	[MsgId: MMSG-17999]
Action.c(245): Notify: Transaction "Film PrintTask_Result_Fail" started.	[MsgId: MMSG-16999]
Action.c(246): Error: The task do not finish correct: TaskID: 4390746  From Terminal: K2_2	[MsgId: MERR-17999]
End auto log messages stack.	[MsgId: MMSG-10544]


Start auto log messages stack - Iteration 170.	[MsgId: MMSG-10545]
Action.c(190): Notify: Transaction "Film_PrintStatus_CheckService" started.	[MsgId: MMSG-16999]
Action.c(192): Warning -26593: The header being added may cause unpredictable results when applied to all ensuing URLs. It is added anyway  	[MsgId: MWAR-26593]
Action.c(192): web_add_auto_header("content-type") highest severity level was "warning"  	[MsgId: MMSG-26391]
Action.c(193): web_custom_request("web_custom_request") was successful, 732 body bytes, 259 header bytes  	[MsgId: MMSG-26386]
Action.c(203): Notify: Transaction "Film_PrintStatus_CheckService" ended with "Pass" status (Duration: 0.0468).	[MsgId: MMSG-16873]
Action.c(205): PrintStatus in DataBase-------,0	[MsgId: MMSG-17999]
Action.c(207): PrintStatus Check result-------,-4	[MsgId: MMSG-17999]
Action.c(212): PrintStatus-------,30	[MsgId: MMSG-17999]
Action.c(245): Notify: Transaction "Film PrintTask_Result_Fail" started.	[MsgId: MMSG-16999]
Action.c(246): Error: The task do not finish correct: TaskID: 4390811  From Terminal: K2_2	[MsgId: MERR-17999]
End auto log messages stack.	[MsgId: MMSG-10544]


Start auto log messages stack - Iteration 372.	[MsgId: MMSG-10545]
Action.c(190): Notify: Transaction "Film_PrintStatus_CheckService" started.	[MsgId: MMSG-16999]
Action.c(192): Warning -26593: The header being added may cause unpredictable results when applied to all ensuing URLs. It is added anyway  	[MsgId: MWAR-26593]
Action.c(192): web_add_auto_header("content-type") highest severity level was "warning"  	[MsgId: MMSG-26391]
Action.c(193): web_custom_request("web_custom_request") was successful, 737 body bytes, 259 header bytes  	[MsgId: MMSG-26386]
Action.c(203): Notify: Transaction "Film_PrintStatus_CheckService" ended with "Pass" status (Duration: 0.0312).	[MsgId: MMSG-16873]
Action.c(205): PrintStatus in DataBase-------,1	[MsgId: MMSG-17999]
Action.c(207): PrintStatus Check result-------,-3	[MsgId: MMSG-17999]
Action.c(212): PrintStatus-------,30	[MsgId: MMSG-17999]
Action.c(245): Notify: Transaction "Film PrintTask_Result_Fail" started.	[MsgId: MMSG-16999]
Action.c(246): Error: The task do not finish correct: TaskID: 4393345  From Terminal: K2_6	[MsgId: MERR-17999]
End auto log messages stack.	[MsgId: MMSG-10544]


Start auto log messages stack - Iteration 365.	[MsgId: MMSG-10545]
Action.c(190): Notify: Transaction "Film_PrintStatus_CheckService" started.	[MsgId: MMSG-16999]
Action.c(192): Warning -26593: The header being added may cause unpredictable results when applied to all ensuing URLs. It is added anyway  	[MsgId: MWAR-26593]
Action.c(192): web_add_auto_header("content-type") highest severity level was "warning"  	[MsgId: MMSG-26391]
Action.c(193): web_custom_request("web_custom_request") was successful, 733 body bytes, 259 header bytes  	[MsgId: MMSG-26386]
Action.c(203): Notify: Transaction "Film_PrintStatus_CheckService" ended with "Pass" status (Duration: 0.0000).	[MsgId: MMSG-16873]
Action.c(205): PrintStatus in DataBase-------,1	[MsgId: MMSG-17999]
Action.c(207): PrintStatus Check result-------,-3	[MsgId: MMSG-17999]
Action.c(212): PrintStatus-------,30	[MsgId: MMSG-17999]
Action.c(245): Notify: Transaction "Film PrintTask_Result_Fail" started.	[MsgId: MMSG-16999]
Action.c(246): Error: The task do not finish correct: TaskID: 4393347  From Terminal: K2_2	[MsgId: MERR-17999]
End auto log messages stack.	[MsgId: MMSG-10544]


Start auto log messages stack - Iteration 373.	[MsgId: MMSG-10545]
Action.c(190): Notify: Transaction "Film_PrintStatus_CheckService" started.	[MsgId: MMSG-16999]
Action.c(192): Warning -26593: The header being added may cause unpredictable results when applied to all ensuing URLs. It is added anyway  	[MsgId: MWAR-26593]
Action.c(192): web_add_auto_header("content-type") highest severity level was "warning"  	[MsgId: MMSG-26391]
Action.c(193): web_custom_request("web_custom_request") was successful, 736 body bytes, 259 header bytes  	[MsgId: MMSG-26386]
Action.c(203): Notify: Transaction "Film_PrintStatus_CheckService" ended with "Pass" status (Duration: 0.0156).	[MsgId: MMSG-16873]
Action.c(205): PrintStatus in DataBase-------,0	[MsgId: MMSG-17999]
Action.c(207): PrintStatus Check result-------,-4	[MsgId: MMSG-17999]
Action.c(212): PrintStatus-------,30	[MsgId: MMSG-17999]
Action.c(245): Notify: Transaction "Film PrintTask_Result_Fail" started.	[MsgId: MMSG-16999]
Action.c(246): Error: The task do not finish correct: TaskID: 4393397  From Terminal: K2_6	[MsgId: MERR-17999]
End auto log messages stack.	[MsgId: MMSG-10544]


Start auto log messages stack - Iteration 366.	[MsgId: MMSG-10545]
Action.c(190): Notify: Transaction "Film_PrintStatus_CheckService" started.	[MsgId: MMSG-16999]
Action.c(192): Warning -26593: The header being added may cause unpredictable results when applied to all ensuing URLs. It is added anyway  	[MsgId: MWAR-26593]
Action.c(192): web_add_auto_header("content-type") highest severity level was "warning"  	[MsgId: MMSG-26391]
Action.c(193): web_custom_request("web_custom_request") was successful, 732 body bytes, 259 header bytes  	[MsgId: MMSG-26386]
Action.c(203): Notify: Transaction "Film_PrintStatus_CheckService" ended with "Pass" status (Duration: 0.0156).	[MsgId: MMSG-16873]
Action.c(205): PrintStatus in DataBase-------,0	[MsgId: MMSG-17999]
Action.c(207): PrintStatus Check result-------,-4	[MsgId: MMSG-17999]
Action.c(212): PrintStatus-------,30	[MsgId: MMSG-17999]
Action.c(245): Notify: Transaction "Film PrintTask_Result_Fail" started.	[MsgId: MMSG-16999]
Action.c(246): Error: The task do not finish correct: TaskID: 4393399  From Terminal: K2_2	[MsgId: MERR-17999]
End auto log messages stack.	[MsgId: MMSG-10544]


Start auto log messages stack - Iteration 374.	[MsgId: MMSG-10545]
Action.c(190): Notify: Transaction "Film_PrintStatus_CheckService" started.	[MsgId: MMSG-16999]
Action.c(192): Warning -26593: The header being added may cause unpredictable results when applied to all ensuing URLs. It is added anyway  	[MsgId: MWAR-26593]
Action.c(192): web_add_auto_header("content-type") highest severity level was "warning"  	[MsgId: MMSG-26391]
Action.c(193): web_custom_request("web_custom_request") was successful, 736 body bytes, 259 header bytes  	[MsgId: MMSG-26386]
Action.c(203): Notify: Transaction "Film_PrintStatus_CheckService" ended with "Pass" status (Duration: 0.0468).	[MsgId: MMSG-16873]
Action.c(205): PrintStatus in DataBase-------,0	[MsgId: MMSG-17999]
Action.c(207): PrintStatus Check result-------,-4	[MsgId: MMSG-17999]
Action.c(212): PrintStatus-------,30	[MsgId: MMSG-17999]
Action.c(245): Notify: Transaction "Film PrintTask_Result_Fail" started.	[MsgId: MMSG-16999]
Action.c(246): Error: The task do not finish correct: TaskID: 4393450  From Terminal: K2_6	[MsgId: MERR-17999]
End auto log messages stack.	[MsgId: MMSG-10544]


Start auto log messages stack - Iteration 367.	[MsgId: MMSG-10545]
Action.c(190): Notify: Transaction "Film_PrintStatus_CheckService" started.	[MsgId: MMSG-16999]
Action.c(192): Warning -26593: The header being added may cause unpredictable results when applied to all ensuing URLs. It is added anyway  	[MsgId: MWAR-26593]
Action.c(192): web_add_auto_header("content-type") highest severity level was "warning"  	[MsgId: MMSG-26391]
Action.c(193): web_custom_request("web_custom_request") was successful, 732 body bytes, 259 header bytes  	[MsgId: MMSG-26386]
Action.c(203): Notify: Transaction "Film_PrintStatus_CheckService" ended with "Pass" status (Duration: 0.0312).	[MsgId: MMSG-16873]
Action.c(205): PrintStatus in DataBase-------,0	[MsgId: MMSG-17999]
Action.c(207): PrintStatus Check result-------,-4	[MsgId: MMSG-17999]
Action.c(212): PrintStatus-------,30	[MsgId: MMSG-17999]
Action.c(245): Notify: Transaction "Film PrintTask_Result_Fail" started.	[MsgId: MMSG-16999]
Action.c(246): Error: The task do not finish correct: TaskID: 4393451  From Terminal: K2_2	[MsgId: MERR-17999]
End auto log messages stack.	[MsgId: MMSG-10544]


