Start auto log messages stack - Iteration 58.	[MsgId: MMSG-10545]
Action.c(190): Notify: Transaction "Film_PrintStatus_CheckService" started.	[MsgId: MMSG-16999]
Action.c(192): Warning -26593: The header being added may cause unpredictable results when applied to all ensuing URLs. It is added anyway  	[MsgId: MWAR-26593]
Action.c(192): web_add_auto_header("content-type") highest severity level was "warning"  	[MsgId: MMSG-26391]
Action.c(193): web_custom_request("web_custom_request") was successful, 778 body bytes, 259 header bytes  	[MsgId: MMSG-26386]
Action.c(203): Notify: Transaction "Film_PrintStatus_CheckService" ended with "Pass" status (Duration: 1.5334 Wasted Time: 0.0000).	[MsgId: MMSG-16871]
Action.c(205): PrintStatus in DataBase-------,3	[MsgId: MMSG-17999]
Action.c(207): PrintStatus Check result-------,-1	[MsgId: MMSG-17999]
Action.c(212): PrintStatus-------,30	[MsgId: MMSG-17999]
Action.c(245): Notify: Transaction "Film PrintTask_Result_Fail" started.	[MsgId: MMSG-16999]
Action.c(246): Error: The task do not finish correct: TaskID: 4370540  From Terminal: K2_5	[MsgId: MERR-17999]
End auto log messages stack.	[MsgId: MMSG-10544]


Start auto log messages stack - Iteration 61.	[MsgId: MMSG-10545]
Action.c(190): Notify: Transaction "Film_PrintStatus_CheckService" started.	[MsgId: MMSG-16999]
Action.c(192): Warning -26593: The header being added may cause unpredictable results when applied to all ensuing URLs. It is added anyway  	[MsgId: MWAR-26593]
Action.c(192): web_add_auto_header("content-type") highest severity level was "warning"  	[MsgId: MMSG-26391]
Action.c(193): web_custom_request("web_custom_request") was successful, 780 body bytes, 259 header bytes  	[MsgId: MMSG-26386]
Action.c(203): Notify: Transaction "Film_PrintStatus_CheckService" ended with "Pass" status (Duration: 1.7790 Wasted Time: 0.0000).	[MsgId: MMSG-16871]
Action.c(205): PrintStatus in DataBase-------,3	[MsgId: MMSG-17999]
Action.c(207): PrintStatus Check result-------,-1	[MsgId: MMSG-17999]
Action.c(212): PrintStatus-------,30	[MsgId: MMSG-17999]
Action.c(245): Notify: Transaction "Film PrintTask_Result_Fail" started.	[MsgId: MMSG-16999]
Action.c(246): Error: The task do not finish correct: TaskID: 4370541  From Terminal: K2_6	[MsgId: MERR-17999]
End auto log messages stack.	[MsgId: MMSG-10544]


Start auto log messages stack - Iteration 59.	[MsgId: MMSG-10545]
Action.c(190): Notify: Transaction "Film_PrintStatus_CheckService" started.	[MsgId: MMSG-16999]
Action.c(192): Warning -26593: The header being added may cause unpredictable results when applied to all ensuing URLs. It is added anyway  	[MsgId: MWAR-26593]
Action.c(192): web_add_auto_header("content-type") highest severity level was "warning"  	[MsgId: MMSG-26391]
Action.c(193): web_custom_request("web_custom_request") was successful, 781 body bytes, 259 header bytes  	[MsgId: MMSG-26386]
Action.c(203): Notify: Transaction "Film_PrintStatus_CheckService" ended with "Pass" status (Duration: 1.7836 Wasted Time: 0.0000).	[MsgId: MMSG-16871]
Action.c(205): PrintStatus in DataBase-------,3	[MsgId: MMSG-17999]
Action.c(207): PrintStatus Check result-------,-1	[MsgId: MMSG-17999]
Action.c(212): PrintStatus-------,30	[MsgId: MMSG-17999]
Action.c(245): Notify: Transaction "Film PrintTask_Result_Fail" started.	[MsgId: MMSG-16999]
Action.c(246): Error: The task do not finish correct: TaskID: 4370538  From Terminal: K2_7	[MsgId: MERR-17999]
End auto log messages stack.	[MsgId: MMSG-10544]


Start auto log messages stack - Iteration 56.	[MsgId: MMSG-10545]
Action.c(190): Notify: Transaction "Film_PrintStatus_CheckService" started.	[MsgId: MMSG-16999]
Action.c(192): Warning -26593: The header being added may cause unpredictable results when applied to all ensuing URLs. It is added anyway  	[MsgId: MWAR-26593]
Action.c(192): web_add_auto_header("content-type") highest severity level was "warning"  	[MsgId: MMSG-26391]
Action.c(193): web_custom_request("web_custom_request") was successful, 772 body bytes, 259 header bytes  	[MsgId: MMSG-26386]
Action.c(203): Notify: Transaction "Film_PrintStatus_CheckService" ended with "Pass" status (Duration: 1.7884 Wasted Time: 0.0000).	[MsgId: MMSG-16871]
Action.c(205): PrintStatus in DataBase-------,3	[MsgId: MMSG-17999]
Action.c(207): PrintStatus Check result-------,-1	[MsgId: MMSG-17999]
Action.c(212): PrintStatus-------,30	[MsgId: MMSG-17999]
Action.c(245): Notify: Transaction "Film PrintTask_Result_Fail" started.	[MsgId: MMSG-16999]
Action.c(246): Error: The task do not finish correct: TaskID: 4370539  From Terminal: K2_8	[MsgId: MERR-17999]
End auto log messages stack.	[MsgId: MMSG-10544]


Start auto log messages stack - Iteration 71.	[MsgId: MMSG-10545]
Action.c(116): Warning -26593: The header being added may cause unpredictable results when applied to all ensuing URLs. It is added anyway  	[MsgId: MWAR-26593]
Action.c(116): web_add_auto_header("content-type") highest severity level was "warning"  	[MsgId: MMSG-26391]
Action.c(118): Warning -26377: No match found for the requested parameter "TaskID". Check whether the requested boundaries exist in the response data. Also, if the data you want to save exceeds 10240 bytes, use web_set_max_html_param_len to increase the parameter size  	[MsgId: MWAR-26377]
Action.c(118): web_custom_request("web_custom_request") highest severity level was "warning", 265 body bytes, 259 header bytes  	[MsgId: MMSG-26388]
Action.c(129): Notify: Transaction "Film Create_PrintTask" ended with "Pass" status (Duration: 90.6567 Wasted Time: 0.0000).	[MsgId: MMSG-16871]
Action.c(136): Notify: Transaction "Fim GetTaskID_fail" started.	[MsgId: MMSG-16999]
Action.c(137): Error: Create print task failed. Try again. The accession number is A20180815105206562,K2_2	[MsgId: MERR-17999]
End auto log messages stack.	[MsgId: MMSG-10544]


Start auto log messages stack - Iteration 68.	[MsgId: MMSG-10545]
Action.c(116): Warning -26593: The header being added may cause unpredictable results when applied to all ensuing URLs. It is added anyway  	[MsgId: MWAR-26593]
Action.c(116): web_add_auto_header("content-type") highest severity level was "warning"  	[MsgId: MMSG-26391]
Action.c(118): Warning -26377: No match found for the requested parameter "TaskID". Check whether the requested boundaries exist in the response data. Also, if the data you want to save exceeds 10240 bytes, use web_set_max_html_param_len to increase the parameter size  	[MsgId: MWAR-26377]
Action.c(118): web_custom_request("web_custom_request") highest severity level was "warning", 265 body bytes, 259 header bytes  	[MsgId: MMSG-26388]
Action.c(129): Notify: Transaction "Film Create_PrintTask" ended with "Pass" status (Duration: 90.8708 Wasted Time: 0.0000).	[MsgId: MMSG-16871]
Action.c(136): Notify: Transaction "Fim GetTaskID_fail" started.	[MsgId: MMSG-16999]
Action.c(137): Error: Create print task failed. Try again. The accession number is A20180815105400344,K2_1	[MsgId: MERR-17999]
End auto log messages stack.	[MsgId: MMSG-10544]


Start auto log messages stack - Iteration 68.	[MsgId: MMSG-10545]
Action.c(116): Warning -26593: The header being added may cause unpredictable results when applied to all ensuing URLs. It is added anyway  	[MsgId: MWAR-26593]
Action.c(116): web_add_auto_header("content-type") highest severity level was "warning"  	[MsgId: MMSG-26391]
Action.c(118): Warning -26377: No match found for the requested parameter "TaskID". Check whether the requested boundaries exist in the response data. Also, if the data you want to save exceeds 10240 bytes, use web_set_max_html_param_len to increase the parameter size  	[MsgId: MWAR-26377]
Action.c(118): web_custom_request("web_custom_request") highest severity level was "warning", 265 body bytes, 259 header bytes  	[MsgId: MMSG-26388]
Action.c(129): Notify: Transaction "Film Create_PrintTask" ended with "Pass" status (Duration: 90.8260 Wasted Time: 0.0000).	[MsgId: MMSG-16871]
Action.c(136): Notify: Transaction "Fim GetTaskID_fail" started.	[MsgId: MMSG-16999]
Action.c(137): Error: Create print task failed. Try again. The accession number is A20180815104625490,K2_6	[MsgId: MERR-17999]
End auto log messages stack.	[MsgId: MMSG-10544]


Start auto log messages stack - Iteration 77.	[MsgId: MMSG-10545]
Action.c(116): Warning -26593: The header being added may cause unpredictable results when applied to all ensuing URLs. It is added anyway  	[MsgId: MWAR-26593]
Action.c(116): web_add_auto_header("content-type") highest severity level was "warning"  	[MsgId: MMSG-26391]
Action.c(118): Warning -26377: No match found for the requested parameter "TaskID". Check whether the requested boundaries exist in the response data. Also, if the data you want to save exceeds 10240 bytes, use web_set_max_html_param_len to increase the parameter size  	[MsgId: MWAR-26377]
Action.c(118): web_custom_request("web_custom_request") highest severity level was "warning", 265 body bytes, 259 header bytes  	[MsgId: MMSG-26388]
Action.c(129): Notify: Transaction "Film Create_PrintTask" ended with "Pass" status (Duration: 91.4253 Wasted Time: 0.0000).	[MsgId: MMSG-16871]
Action.c(136): Notify: Transaction "Fim GetTaskID_fail" started.	[MsgId: MMSG-16999]
Action.c(137): Error: Create print task failed. Try again. The accession number is A20180815104819335,K2_5	[MsgId: MERR-17999]
End auto log messages stack.	[MsgId: MMSG-10544]


Start auto log messages stack - Iteration 80.	[MsgId: MMSG-10545]
Action.c(86): web_add_auto_header("content-type") highest severity level was "warning"  	[MsgId: MMSG-26391]
Action.c(87): web_custom_request("web_custom_request") was successful, 596 body bytes, 259 header bytes  	[MsgId: MMSG-26386]
Action.c(97): Notify: Transaction "Film TerminalStatus" ended with "Pass" status (Duration: 1.9961).	[MsgId: MMSG-16873]
Action.c(105): lr_think_time: 5.00 seconds.	[MsgId: MMSG-15948]
Action.c(108): Registering web_reg_save_param was successful  	[MsgId: MMSG-26390]
Action.c(114): Notify: Transaction "Film Create_PrintTask" started.	[MsgId: MMSG-16999]
Action.c(116): Warning -26593: The header being added may cause unpredictable results when applied to all ensuing URLs. It is added anyway  	[MsgId: MWAR-26593]
Action.c(116): web_add_auto_header("content-type") highest severity level was "warning"  	[MsgId: MMSG-26391]
Action.c(118): Continuing after Error -27728: Step download timeout (120 seconds) has expired  	[MsgId: MERR-27728]
End auto log messages stack.	[MsgId: MMSG-10544]


Start auto log messages stack - Iteration 80.	[MsgId: MMSG-10545]
Action.c(118): Aborting pending download of URL="http://10.184.129.108/EHDPS/printtask/create?tid=K2_8"  	[MsgId: MMSG-27656]
Action.c(118): Warning -26377: No match found for the requested parameter "TaskID". Check whether the requested boundaries exist in the response data. Also, if the data you want to save exceeds 10240 bytes, use web_set_max_html_param_len to increase the parameter size  	[MsgId: MWAR-26377]
Action.c(118): web_custom_request("web_custom_request") highest severity level was "continue on error", 0 body bytes, 0 header bytes  	[MsgId: MMSG-26388]
Action.c(118): Continuing after error in Vuser script.	[MsgId: MMSG-10678]
Action.c(129): Notify: Transaction "Film Create_PrintTask" ended with "Fail" status (Duration: 120.0098).	[MsgId: MMSG-16873]
Action.c(136): Notify: Transaction "Fim GetTaskID_fail" started.	[MsgId: MMSG-16999]
Action.c(137): Error: Create print task failed. Try again. The accession number is A20180815104323305,K2_8	[MsgId: MERR-17999]
End auto log messages stack.	[MsgId: MMSG-10544]


Start auto log messages stack - Iteration 83.	[MsgId: MMSG-10545]
Action.c(116): Warning -26593: The header being added may cause unpredictable results when applied to all ensuing URLs. It is added anyway  	[MsgId: MWAR-26593]
Action.c(116): web_add_auto_header("content-type") highest severity level was "warning"  	[MsgId: MMSG-26391]
Action.c(118): Warning -26377: No match found for the requested parameter "TaskID". Check whether the requested boundaries exist in the response data. Also, if the data you want to save exceeds 10240 bytes, use web_set_max_html_param_len to increase the parameter size  	[MsgId: MWAR-26377]
Action.c(118): web_custom_request("web_custom_request") highest severity level was "warning", 265 body bytes, 259 header bytes  	[MsgId: MMSG-26388]
Action.c(129): Notify: Transaction "Film Create_PrintTask" ended with "Pass" status (Duration: 98.2015 Wasted Time: 0.0000).	[MsgId: MMSG-16871]
Action.c(136): Notify: Transaction "Fim GetTaskID_fail" started.	[MsgId: MMSG-16999]
Action.c(137): Error: Create print task failed. Try again. The accession number is A20180815104431693,K2_7	[MsgId: MERR-17999]
End auto log messages stack.	[MsgId: MMSG-10544]


Start auto log messages stack - Iteration 83.	[MsgId: MMSG-10545]
Action.c(190): Notify: Transaction "Film_PrintStatus_CheckService" started.	[MsgId: MMSG-16999]
Action.c(192): Warning -26593: The header being added may cause unpredictable results when applied to all ensuing URLs. It is added anyway  	[MsgId: MWAR-26593]
Action.c(192): web_add_auto_header("content-type") highest severity level was "warning"  	[MsgId: MMSG-26391]
Action.c(193): web_custom_request("web_custom_request") was successful, 775 body bytes, 259 header bytes  	[MsgId: MMSG-26386]
Action.c(203): Notify: Transaction "Film_PrintStatus_CheckService" ended with "Pass" status (Duration: 0.5113 Wasted Time: 0.0000).	[MsgId: MMSG-16871]
Action.c(205): PrintStatus in DataBase-------,3	[MsgId: MMSG-17999]
Action.c(207): PrintStatus Check result-------,-1	[MsgId: MMSG-17999]
Action.c(212): PrintStatus-------,30	[MsgId: MMSG-17999]
Action.c(245): Notify: Transaction "Film PrintTask_Result_Fail" started.	[MsgId: MMSG-16999]
Action.c(246): Error: The task do not finish correct: TaskID: 4370747  From Terminal: K2_1	[MsgId: MERR-17999]
End auto log messages stack.	[MsgId: MMSG-10544]


Start auto log messages stack - Iteration 82.	[MsgId: MMSG-10545]
Action.c(190): Notify: Transaction "Film_PrintStatus_CheckService" started.	[MsgId: MMSG-16999]
Action.c(192): Warning -26593: The header being added may cause unpredictable results when applied to all ensuing URLs. It is added anyway  	[MsgId: MWAR-26593]
Action.c(192): web_add_auto_header("content-type") highest severity level was "warning"  	[MsgId: MMSG-26391]
Action.c(193): web_custom_request("web_custom_request") was successful, 775 body bytes, 259 header bytes  	[MsgId: MMSG-26386]
Action.c(203): Notify: Transaction "Film_PrintStatus_CheckService" ended with "Pass" status (Duration: 0.6992 Wasted Time: 0.0000).	[MsgId: MMSG-16871]
Action.c(205): PrintStatus in DataBase-------,3	[MsgId: MMSG-17999]
Action.c(207): PrintStatus Check result-------,-1	[MsgId: MMSG-17999]
Action.c(212): PrintStatus-------,30	[MsgId: MMSG-17999]
Action.c(245): Notify: Transaction "Film PrintTask_Result_Fail" started.	[MsgId: MMSG-16999]
Action.c(246): Error: The task do not finish correct: TaskID: 4370745  From Terminal: K2_4	[MsgId: MERR-17999]
End auto log messages stack.	[MsgId: MMSG-10544]


Start auto log messages stack - Iteration 85.	[MsgId: MMSG-10545]
Action.c(190): Notify: Transaction "Film_PrintStatus_CheckService" started.	[MsgId: MMSG-16999]
Action.c(192): Warning -26593: The header being added may cause unpredictable results when applied to all ensuing URLs. It is added anyway  	[MsgId: MWAR-26593]
Action.c(192): web_add_auto_header("content-type") highest severity level was "warning"  	[MsgId: MMSG-26391]
Action.c(193): web_custom_request("web_custom_request") was successful, 775 body bytes, 259 header bytes  	[MsgId: MMSG-26386]
Action.c(203): Notify: Transaction "Film_PrintStatus_CheckService" ended with "Pass" status (Duration: 0.5147 Wasted Time: 0.0000).	[MsgId: MMSG-16871]
Action.c(205): PrintStatus in DataBase-------,3	[MsgId: MMSG-17999]
Action.c(207): PrintStatus Check result-------,-1	[MsgId: MMSG-17999]
Action.c(212): PrintStatus-------,30	[MsgId: MMSG-17999]
Action.c(245): Notify: Transaction "Film PrintTask_Result_Fail" started.	[MsgId: MMSG-16999]
Action.c(246): Error: The task do not finish correct: TaskID: 4370749  From Terminal: K2_3	[MsgId: MERR-17999]
End auto log messages stack.	[MsgId: MMSG-10544]


Start auto log messages stack - Iteration 87.	[MsgId: MMSG-10545]
Start auto log messages stack - Iteration 84.	[MsgId: MMSG-10545]
Action.c(190): Notify: Transaction "Film_PrintStatus_CheckService" started.	[MsgId: MMSG-16999]
Action.c(190): Notify: Transaction "Film_PrintStatus_CheckService" started.	[MsgId: MMSG-16999]
Action.c(192): Warning -26593: The header being added may cause unpredictable results when applied to all ensuing URLs. It is added anyway  	[MsgId: MWAR-26593]
Action.c(192): Warning -26593: The header being added may cause unpredictable results when applied to all ensuing URLs. It is added anyway  	[MsgId: MWAR-26593]
Action.c(192): web_add_auto_header("content-type") highest severity level was "warning"  	[MsgId: MMSG-26391]
Action.c(192): web_add_auto_header("content-type") highest severity level was "warning"  	[MsgId: MMSG-26391]
Action.c(193): web_custom_request("web_custom_request") was successful, 776 body bytes, 259 header bytes  	[MsgId: MMSG-26386]
Action.c(193): web_custom_request("web_custom_request") was successful, 780 body bytes, 259 header bytes  	[MsgId: MMSG-26386]
Action.c(203): Notify: Transaction "Film_PrintStatus_CheckService" ended with "Pass" status (Duration: 0.7039 Wasted Time: 0.0000).	[MsgId: MMSG-16871]
Action.c(203): Notify: Transaction "Film_PrintStatus_CheckService" ended with "Pass" status (Duration: 0.5168 Wasted Time: 0.0000).	[MsgId: MMSG-16871]
Action.c(205): PrintStatus in DataBase-------,3	[MsgId: MMSG-17999]
Action.c(205): PrintStatus in DataBase-------,3	[MsgId: MMSG-17999]
Action.c(207): PrintStatus Check result-------,-1	[MsgId: MMSG-17999]
Action.c(207): PrintStatus Check result-------,-1	[MsgId: MMSG-17999]
Action.c(212): PrintStatus-------,30	[MsgId: MMSG-17999]
Action.c(212): PrintStatus-------,30	[MsgId: MMSG-17999]
Action.c(245): Notify: Transaction "Film PrintTask_Result_Fail" started.	[MsgId: MMSG-16999]
Action.c(245): Notify: Transaction "Film PrintTask_Result_Fail" started.	[MsgId: MMSG-16999]
Action.c(246): Error: The task do not finish correct: TaskID: 4370748  From Terminal: K2_6	[MsgId: MERR-17999]
Action.c(246): Error: The task do not finish correct: TaskID: 4370744  From Terminal: K2_2	[MsgId: MERR-17999]
End auto log messages stack.	[MsgId: MMSG-10544]
End auto log messages stack.	[MsgId: MMSG-10544]




Start auto log messages stack - Iteration 86.	[MsgId: MMSG-10545]
Action.c(86): web_add_auto_header("content-type") highest severity level was "warning"  	[MsgId: MMSG-26391]
Action.c(87): web_custom_request("web_custom_request") was successful, 605 body bytes, 259 header bytes  	[MsgId: MMSG-26386]
Action.c(97): Notify: Transaction "Film TerminalStatus" ended with "Pass" status (Duration: 0.4931).	[MsgId: MMSG-16873]
Action.c(105): lr_think_time: 5.00 seconds.	[MsgId: MMSG-15948]
Action.c(108): Registering web_reg_save_param was successful  	[MsgId: MMSG-26390]
Action.c(114): Notify: Transaction "Film Create_PrintTask" started.	[MsgId: MMSG-16999]
Action.c(116): Warning -26593: The header being added may cause unpredictable results when applied to all ensuing URLs. It is added anyway  	[MsgId: MWAR-26593]
Action.c(116): web_add_auto_header("content-type") highest severity level was "warning"  	[MsgId: MMSG-26391]
Action.c(118): Continuing after Error -27728: Step download timeout (120 seconds) has expired  	[MsgId: MERR-27728]
End auto log messages stack.	[MsgId: MMSG-10544]


Start auto log messages stack - Iteration 86.	[MsgId: MMSG-10545]
Action.c(118): Aborting pending download of URL="http://10.184.129.108/EHDPS/printtask/create?tid=K2_7"  	[MsgId: MMSG-27656]
Action.c(118): Warning -26377: No match found for the requested parameter "TaskID". Check whether the requested boundaries exist in the response data. Also, if the data you want to save exceeds 10240 bytes, use web_set_max_html_param_len to increase the parameter size  	[MsgId: MWAR-26377]
Action.c(118): web_custom_request("web_custom_request") highest severity level was "continue on error", 0 body bytes, 0 header bytes  	[MsgId: MMSG-26388]
Action.c(118): Continuing after error in Vuser script.	[MsgId: MMSG-10678]
Action.c(129): Notify: Transaction "Film Create_PrintTask" ended with "Fail" status (Duration: 120.0098).	[MsgId: MMSG-16873]
Action.c(136): Notify: Transaction "Fim GetTaskID_fail" started.	[MsgId: MMSG-16999]
Action.c(137): Error: Create print task failed. Try again. The accession number is A20180815104539952,K2_7	[MsgId: MERR-17999]
End auto log messages stack.	[MsgId: MMSG-10544]


Start auto log messages stack - Iteration 86.	[MsgId: MMSG-10545]
Action.c(116): Warning -26593: The header being added may cause unpredictable results when applied to all ensuing URLs. It is added anyway  	[MsgId: MWAR-26593]
Action.c(116): web_add_auto_header("content-type") highest severity level was "warning"  	[MsgId: MMSG-26391]
Action.c(118): Warning -26377: No match found for the requested parameter "TaskID". Check whether the requested boundaries exist in the response data. Also, if the data you want to save exceeds 10240 bytes, use web_set_max_html_param_len to increase the parameter size  	[MsgId: MWAR-26377]
Action.c(118): web_custom_request("web_custom_request") highest severity level was "warning", 265 body bytes, 259 header bytes  	[MsgId: MMSG-26388]
Action.c(129): Notify: Transaction "Film Create_PrintTask" ended with "Pass" status (Duration: 24.5095 Wasted Time: 0.0000).	[MsgId: MMSG-16871]
Action.c(136): Notify: Transaction "Fim GetTaskID_fail" started.	[MsgId: MMSG-16999]
Action.c(137): Error: Create print task failed. Try again. The accession number is A20180815104539952,K2_7	[MsgId: MERR-17999]
End auto log messages stack.	[MsgId: MMSG-10544]


Start auto log messages stack - Iteration 83.	[MsgId: MMSG-10545]
Action.c(190): Notify: Transaction "Film_PrintStatus_CheckService" started.	[MsgId: MMSG-16999]
Action.c(192): Warning -26593: The header being added may cause unpredictable results when applied to all ensuing URLs. It is added anyway  	[MsgId: MWAR-26593]
Action.c(192): web_add_auto_header("content-type") highest severity level was "warning"  	[MsgId: MMSG-26391]
Action.c(193): web_custom_request("web_custom_request") was successful, 772 body bytes, 259 header bytes  	[MsgId: MMSG-26386]
Action.c(203): Notify: Transaction "Film_PrintStatus_CheckService" ended with "Pass" status (Duration: 0.1088 Wasted Time: 0.0000).	[MsgId: MMSG-16871]
Action.c(205): PrintStatus in DataBase-------,3	[MsgId: MMSG-17999]
Action.c(207): PrintStatus Check result-------,-1	[MsgId: MMSG-17999]
Action.c(212): PrintStatus-------,30	[MsgId: MMSG-17999]
Action.c(245): Notify: Transaction "Film PrintTask_Result_Fail" started.	[MsgId: MMSG-16999]
Action.c(246): Error: The task do not finish correct: TaskID: 4370774  From Terminal: K2_8	[MsgId: MERR-17999]
End auto log messages stack.	[MsgId: MMSG-10544]


Start auto log messages stack - Iteration 84.	[MsgId: MMSG-10545]
Action.c(190): Notify: Transaction "Film_PrintStatus_CheckService" started.	[MsgId: MMSG-16999]
Action.c(192): Warning -26593: The header being added may cause unpredictable results when applied to all ensuing URLs. It is added anyway  	[MsgId: MWAR-26593]
Action.c(192): web_add_auto_header("content-type") highest severity level was "warning"  	[MsgId: MMSG-26391]
Action.c(193): web_custom_request("web_custom_request") was successful, 778 body bytes, 259 header bytes  	[MsgId: MMSG-26386]
Action.c(203): Notify: Transaction "Film_PrintStatus_CheckService" ended with "Pass" status (Duration: 0.1133 Wasted Time: 0.0000).	[MsgId: MMSG-16871]
Action.c(205): PrintStatus in DataBase-------,3	[MsgId: MMSG-17999]
Action.c(207): PrintStatus Check result-------,-1	[MsgId: MMSG-17999]
Action.c(212): PrintStatus-------,30	[MsgId: MMSG-17999]
Action.c(245): Notify: Transaction "Film PrintTask_Result_Fail" started.	[MsgId: MMSG-16999]
Action.c(246): Error: The task do not finish correct: TaskID: 4370775  From Terminal: K2_5	[MsgId: MERR-17999]
End auto log messages stack.	[MsgId: MMSG-10544]


Start auto log messages stack - Iteration 92.	[MsgId: MMSG-10545]
Action.c(190): Notify: Transaction "Film_PrintStatus_CheckService" started.	[MsgId: MMSG-16999]
Action.c(192): Warning -26593: The header being added may cause unpredictable results when applied to all ensuing URLs. It is added anyway  	[MsgId: MWAR-26593]
Action.c(192): web_add_auto_header("content-type") highest severity level was "warning"  	[MsgId: MMSG-26391]
Action.c(193): web_custom_request("web_custom_request") was successful, 776 body bytes, 259 header bytes  	[MsgId: MMSG-26386]
Action.c(203): Notify: Transaction "Film_PrintStatus_CheckService" ended with "Pass" status (Duration: 0.1586 Wasted Time: 0.0000).	[MsgId: MMSG-16871]
Action.c(205): PrintStatus in DataBase-------,3	[MsgId: MMSG-17999]
Action.c(207): PrintStatus Check result-------,-1	[MsgId: MMSG-17999]
Action.c(212): PrintStatus-------,30	[MsgId: MMSG-17999]
Action.c(245): Notify: Transaction "Film PrintTask_Result_Fail" started.	[MsgId: MMSG-16999]
Action.c(246): Error: The task do not finish correct: TaskID: 4370791  From Terminal: K2_2	[MsgId: MERR-17999]
End auto log messages stack.	[MsgId: MMSG-10544]


Start auto log messages stack - Iteration 88.	[MsgId: MMSG-10545]
Action.c(190): Notify: Transaction "Film_PrintStatus_CheckService" started.	[MsgId: MMSG-16999]
Action.c(192): Warning -26593: The header being added may cause unpredictable results when applied to all ensuing URLs. It is added anyway  	[MsgId: MWAR-26593]
Action.c(192): web_add_auto_header("content-type") highest severity level was "warning"  	[MsgId: MMSG-26391]
Action.c(193): web_custom_request("web_custom_request") was successful, 772 body bytes, 259 header bytes  	[MsgId: MMSG-26386]
Action.c(203): Notify: Transaction "Film_PrintStatus_CheckService" ended with "Pass" status (Duration: 0.1716).	[MsgId: MMSG-16873]
Action.c(205): PrintStatus in DataBase-------,3	[MsgId: MMSG-17999]
Action.c(207): PrintStatus Check result-------,-1	[MsgId: MMSG-17999]
Action.c(212): PrintStatus-------,30	[MsgId: MMSG-17999]
Action.c(245): Notify: Transaction "Film PrintTask_Result_Fail" started.	[MsgId: MMSG-16999]
Action.c(246): Error: The task do not finish correct: TaskID: 4370834  From Terminal: K2_8	[MsgId: MERR-17999]
End auto log messages stack.	[MsgId: MMSG-10544]


Start auto log messages stack - Iteration 95.	[MsgId: MMSG-10545]
Action.c(190): Notify: Transaction "Film_PrintStatus_CheckService" started.	[MsgId: MMSG-16999]
Action.c(192): Warning -26593: The header being added may cause unpredictable results when applied to all ensuing URLs. It is added anyway  	[MsgId: MWAR-26593]
Action.c(192): web_add_auto_header("content-type") highest severity level was "warning"  	[MsgId: MMSG-26391]
Action.c(193): web_custom_request("web_custom_request") was successful, 775 body bytes, 259 header bytes  	[MsgId: MMSG-26386]
Action.c(203): Notify: Transaction "Film_PrintStatus_CheckService" ended with "Pass" status (Duration: 0.1092).	[MsgId: MMSG-16873]
Start auto log messages stack - Iteration 91.	[MsgId: MMSG-10545]
Action.c(205): PrintStatus in DataBase-------,3	[MsgId: MMSG-17999]
Action.c(190): Notify: Transaction "Film_PrintStatus_CheckService" started.	[MsgId: MMSG-16999]
Action.c(207): PrintStatus Check result-------,-1	[MsgId: MMSG-17999]
Action.c(192): Warning -26593: The header being added may cause unpredictable results when applied to all ensuing URLs. It is added anyway  	[MsgId: MWAR-26593]
Action.c(212): PrintStatus-------,30	[MsgId: MMSG-17999]
Action.c(192): web_add_auto_header("content-type") highest severity level was "warning"  	[MsgId: MMSG-26391]
Action.c(245): Notify: Transaction "Film PrintTask_Result_Fail" started.	[MsgId: MMSG-16999]
Action.c(193): web_custom_request("web_custom_request") was successful, 781 body bytes, 259 header bytes  	[MsgId: MMSG-26386]
Action.c(246): Error: The task do not finish correct: TaskID: 4370835  From Terminal: K2_3	[MsgId: MERR-17999]
Action.c(203): Notify: Transaction "Film_PrintStatus_CheckService" ended with "Pass" status (Duration: 0.1404).	[MsgId: MMSG-16873]
Action.c(205): PrintStatus in DataBase-------,3	[MsgId: MMSG-17999]
End auto log messages stack.	[MsgId: MMSG-10544]


Action.c(207): PrintStatus Check result-------,-1	[MsgId: MMSG-17999]
Action.c(212): PrintStatus-------,30	[MsgId: MMSG-17999]
Action.c(245): Notify: Transaction "Film PrintTask_Result_Fail" started.	[MsgId: MMSG-16999]
Action.c(246): Error: The task do not finish correct: TaskID: 4370832  From Terminal: K2_7	[MsgId: MERR-17999]
Start auto log messages stack - Iteration 95.	[MsgId: MMSG-10545]
End auto log messages stack.	[MsgId: MMSG-10544]


Action.c(190): Notify: Transaction "Film_PrintStatus_CheckService" started.	[MsgId: MMSG-16999]
Action.c(192): Warning -26593: The header being added may cause unpredictable results when applied to all ensuing URLs. It is added anyway  	[MsgId: MWAR-26593]
Action.c(192): web_add_auto_header("content-type") highest severity level was "warning"  	[MsgId: MMSG-26391]
Action.c(193): web_custom_request("web_custom_request") was successful, 776 body bytes, 259 header bytes  	[MsgId: MMSG-26386]
Action.c(203): Notify: Transaction "Film_PrintStatus_CheckService" ended with "Pass" status (Duration: 0.1404).	[MsgId: MMSG-16873]
Action.c(205): PrintStatus in DataBase-------,3	[MsgId: MMSG-17999]
Action.c(207): PrintStatus Check result-------,-1	[MsgId: MMSG-17999]
Action.c(212): PrintStatus-------,30	[MsgId: MMSG-17999]
Action.c(245): Notify: Transaction "Film PrintTask_Result_Fail" started.	[MsgId: MMSG-16999]
Action.c(246): Error: The task do not finish correct: TaskID: 4370833  From Terminal: K2_2	[MsgId: MERR-17999]
End auto log messages stack.	[MsgId: MMSG-10544]


Start auto log messages stack - Iteration 92.	[MsgId: MMSG-10545]
Action.c(190): Notify: Transaction "Film_PrintStatus_CheckService" started.	[MsgId: MMSG-16999]
Action.c(192): Warning -26593: The header being added may cause unpredictable results when applied to all ensuing URLs. It is added anyway  	[MsgId: MWAR-26593]
Action.c(192): web_add_auto_header("content-type") highest severity level was "warning"  	[MsgId: MMSG-26391]
Action.c(193): web_custom_request("web_custom_request") was successful, 775 body bytes, 259 header bytes  	[MsgId: MMSG-26386]
Action.c(203): Notify: Transaction "Film_PrintStatus_CheckService" ended with "Pass" status (Duration: 0.0936).	[MsgId: MMSG-16873]
Action.c(205): PrintStatus in DataBase-------,3	[MsgId: MMSG-17999]
Action.c(207): PrintStatus Check result-------,-1	[MsgId: MMSG-17999]
Action.c(212): PrintStatus-------,30	[MsgId: MMSG-17999]
Action.c(245): Notify: Transaction "Film PrintTask_Result_Fail" started.	[MsgId: MMSG-16999]
Action.c(246): Error: The task do not finish correct: TaskID: 4370837  From Terminal: K2_4	[MsgId: MERR-17999]
End auto log messages stack.	[MsgId: MMSG-10544]


Start auto log messages stack - Iteration 94.	[MsgId: MMSG-10545]
Action.c(190): Notify: Transaction "Film_PrintStatus_CheckService" started.	[MsgId: MMSG-16999]
Action.c(192): Warning -26593: The header being added may cause unpredictable results when applied to all ensuing URLs. It is added anyway  	[MsgId: MWAR-26593]
Action.c(192): web_add_auto_header("content-type") highest severity level was "warning"  	[MsgId: MMSG-26391]
Action.c(193): web_custom_request("web_custom_request") was successful, 780 body bytes, 259 header bytes  	[MsgId: MMSG-26386]
Action.c(203): Notify: Transaction "Film_PrintStatus_CheckService" ended with "Pass" status (Duration: 0.3276).	[MsgId: MMSG-16873]
Action.c(205): PrintStatus in DataBase-------,3	[MsgId: MMSG-17999]
Action.c(207): PrintStatus Check result-------,-1	[MsgId: MMSG-17999]
Action.c(212): PrintStatus-------,30	[MsgId: MMSG-17999]
Action.c(245): Notify: Transaction "Film PrintTask_Result_Fail" started.	[MsgId: MMSG-16999]
Action.c(246): Error: The task do not finish correct: TaskID: 4370836  From Terminal: K2_6	[MsgId: MERR-17999]
End auto log messages stack.	[MsgId: MMSG-10544]


Start auto log messages stack - Iteration 121.	[MsgId: MMSG-10545]
Action.c(190): Notify: Transaction "Film_PrintStatus_CheckService" started.	[MsgId: MMSG-16999]
Action.c(192): Warning -26593: The header being added may cause unpredictable results when applied to all ensuing URLs. It is added anyway  	[MsgId: MWAR-26593]
Action.c(192): web_add_auto_header("content-type") highest severity level was "warning"  	[MsgId: MMSG-26391]
Action.c(193): web_custom_request("web_custom_request") was successful, 776 body bytes, 259 header bytes  	[MsgId: MMSG-26386]
Action.c(203): Notify: Transaction "Film_PrintStatus_CheckService" ended with "Pass" status (Duration: 0.2028).	[MsgId: MMSG-16873]
Action.c(205): PrintStatus in DataBase-------,3	[MsgId: MMSG-17999]
Action.c(207): PrintStatus Check result-------,-1	[MsgId: MMSG-17999]
Action.c(212): PrintStatus-------,30	[MsgId: MMSG-17999]
Action.c(245): Notify: Transaction "Film PrintTask_Result_Fail" started.	[MsgId: MMSG-16999]
Action.c(246): Error: The task do not finish correct: TaskID: 4371106  From Terminal: K2_2	[MsgId: MERR-17999]
End auto log messages stack.	[MsgId: MMSG-10544]


Start auto log messages stack - Iteration 134.	[MsgId: MMSG-10545]
Action.c(116): Warning -26593: The header being added may cause unpredictable results when applied to all ensuing URLs. It is added anyway  	[MsgId: MWAR-26593]
Action.c(116): web_add_auto_header("content-type") highest severity level was "warning"  	[MsgId: MMSG-26391]
Action.c(118): Warning -26377: No match found for the requested parameter "TaskID". Check whether the requested boundaries exist in the response data. Also, if the data you want to save exceeds 10240 bytes, use web_set_max_html_param_len to increase the parameter size  	[MsgId: MWAR-26377]
Action.c(118): web_custom_request("web_custom_request") highest severity level was "warning", 265 body bytes, 259 header bytes  	[MsgId: MMSG-26388]
Action.c(129): Notify: Transaction "Film Create_PrintTask" ended with "Pass" status (Duration: 95.5814).	[MsgId: MMSG-16873]
Action.c(136): Notify: Transaction "Fim GetTaskID_fail" started.	[MsgId: MMSG-16999]
Action.c(137): Error: Create print task failed. Try again. The accession number is A20180815105314810,K2_2	[MsgId: MERR-17999]
End auto log messages stack.	[MsgId: MMSG-10544]


Start auto log messages stack - Iteration 129.	[MsgId: MMSG-10545]
Action.c(190): Notify: Transaction "Film_PrintStatus_CheckService" started.	[MsgId: MMSG-16999]
Action.c(192): Warning -26593: The header being added may cause unpredictable results when applied to all ensuing URLs. It is added anyway  	[MsgId: MWAR-26593]
Action.c(192): web_add_auto_header("content-type") highest severity level was "warning"  	[MsgId: MMSG-26391]
Action.c(193): web_custom_request("web_custom_request") was successful, 772 body bytes, 259 header bytes  	[MsgId: MMSG-26386]
Action.c(203): Notify: Transaction "Film_PrintStatus_CheckService" ended with "Pass" status (Duration: 0.8892).	[MsgId: MMSG-16873]
Action.c(205): PrintStatus in DataBase-------,3	[MsgId: MMSG-17999]
Action.c(207): PrintStatus Check result-------,-1	[MsgId: MMSG-17999]
Action.c(212): PrintStatus-------,30	[MsgId: MMSG-17999]
Action.c(245): Notify: Transaction "Film PrintTask_Result_Fail" started.	[MsgId: MMSG-16999]
Action.c(246): Error: The task do not finish correct: TaskID: 4371272  From Terminal: K2_8	[MsgId: MERR-17999]
End auto log messages stack.	[MsgId: MMSG-10544]


Start auto log messages stack - Iteration 145.	[MsgId: MMSG-10545]
Action.c(86): web_add_auto_header("content-type") highest severity level was "warning"  	[MsgId: MMSG-26391]
Action.c(87): web_custom_request("web_custom_request") was successful, 600 body bytes, 259 header bytes  	[MsgId: MMSG-26386]
Action.c(97): Notify: Transaction "Film TerminalStatus" ended with "Pass" status (Duration: 0.4056).	[MsgId: MMSG-16873]
Action.c(105): lr_think_time: 5.00 seconds.	[MsgId: MMSG-15948]
Action.c(108): Registering web_reg_save_param was successful  	[MsgId: MMSG-26390]
Action.c(114): Notify: Transaction "Film Create_PrintTask" started.	[MsgId: MMSG-16999]
Action.c(116): Warning -26593: The header being added may cause unpredictable results when applied to all ensuing URLs. It is added anyway  	[MsgId: MWAR-26593]
Action.c(116): web_add_auto_header("content-type") highest severity level was "warning"  	[MsgId: MMSG-26391]
Action.c(118): Continuing after Error -27728: Step download timeout (120 seconds) has expired  	[MsgId: MERR-27728]
End auto log messages stack.	[MsgId: MMSG-10544]


Start auto log messages stack - Iteration 145.	[MsgId: MMSG-10545]
Action.c(118): Aborting pending download of URL="http://10.184.129.108/EHDPS/printtask/create?tid=K2_2"  	[MsgId: MMSG-27656]
Action.c(118): Warning -26377: No match found for the requested parameter "TaskID". Check whether the requested boundaries exist in the response data. Also, if the data you want to save exceeds 10240 bytes, use web_set_max_html_param_len to increase the parameter size  	[MsgId: MWAR-26377]
Action.c(118): web_custom_request("web_custom_request") highest severity level was "continue on error", 0 body bytes, 0 header bytes  	[MsgId: MMSG-26388]
Action.c(118): Continuing after error in Vuser script.	[MsgId: MMSG-10678]
Action.c(129): Notify: Transaction "Film Create_PrintTask" ended with "Fail" status (Duration: 120.0110).	[MsgId: MMSG-16873]
Action.c(136): Notify: Transaction "Fim GetTaskID_fail" started.	[MsgId: MMSG-16999]
Action.c(137): Error: Create print task failed. Try again. The accession number is A20180815105322404,K2_2	[MsgId: MERR-17999]
End auto log messages stack.	[MsgId: MMSG-10544]


Start auto log messages stack - Iteration 143.	[MsgId: MMSG-10545]
Action.c(116): Warning -26593: The header being added may cause unpredictable results when applied to all ensuing URLs. It is added anyway  	[MsgId: MWAR-26593]
Action.c(116): web_add_auto_header("content-type") highest severity level was "warning"  	[MsgId: MMSG-26391]
Action.c(118): Warning -26377: No match found for the requested parameter "TaskID". Check whether the requested boundaries exist in the response data. Also, if the data you want to save exceeds 10240 bytes, use web_set_max_html_param_len to increase the parameter size  	[MsgId: MWAR-26377]
Action.c(118): web_custom_request("web_custom_request") highest severity level was "warning", 265 body bytes, 259 header bytes  	[MsgId: MMSG-26388]
Action.c(129): Notify: Transaction "Film Create_PrintTask" ended with "Pass" status (Duration: 110.9630).	[MsgId: MMSG-16873]
Action.c(136): Notify: Transaction "Fim GetTaskID_fail" started.	[MsgId: MMSG-16999]
Action.c(137): Error: Create print task failed. Try again. The accession number is A20180815104904830,K2_4	[MsgId: MERR-17999]
End auto log messages stack.	[MsgId: MMSG-10544]


Start auto log messages stack - Iteration 158.	[MsgId: MMSG-10545]
Action.c(86): web_add_auto_header("content-type") highest severity level was "warning"  	[MsgId: MMSG-26391]
Action.c(87): web_custom_request("web_custom_request") was successful, 596 body bytes, 259 header bytes  	[MsgId: MMSG-26386]
Action.c(97): Notify: Transaction "Film TerminalStatus" ended with "Pass" status (Duration: 0.1092).	[MsgId: MMSG-16873]
Action.c(105): lr_think_time: 5.00 seconds.	[MsgId: MMSG-15948]
Action.c(108): Registering web_reg_save_param was successful  	[MsgId: MMSG-26390]
Action.c(114): Notify: Transaction "Film Create_PrintTask" started.	[MsgId: MMSG-16999]
Action.c(116): Warning -26593: The header being added may cause unpredictable results when applied to all ensuing URLs. It is added anyway  	[MsgId: MWAR-26593]
Action.c(116): web_add_auto_header("content-type") highest severity level was "warning"  	[MsgId: MMSG-26391]
Action.c(118): Continuing after Error -27728: Step download timeout (120 seconds) has expired  	[MsgId: MERR-27728]
End auto log messages stack.	[MsgId: MMSG-10544]


Start auto log messages stack - Iteration 158.	[MsgId: MMSG-10545]
Action.c(118): Aborting pending download of URL="http://10.184.129.108/EHDPS/printtask/create?tid=K2_8"  	[MsgId: MMSG-27656]
Action.c(118): Warning -26377: No match found for the requested parameter "TaskID". Check whether the requested boundaries exist in the response data. Also, if the data you want to save exceeds 10240 bytes, use web_set_max_html_param_len to increase the parameter size  	[MsgId: MWAR-26377]
Action.c(118): web_custom_request("web_custom_request") highest severity level was "continue on error", 0 body bytes, 0 header bytes  	[MsgId: MMSG-26388]
Action.c(118): Continuing after error in Vuser script.	[MsgId: MMSG-10678]
Action.c(129): Notify: Transaction "Film Create_PrintTask" ended with "Fail" status (Duration: 120.0110).	[MsgId: MMSG-16873]
Action.c(136): Notify: Transaction "Fim GetTaskID_fail" started.	[MsgId: MMSG-16999]
Action.c(137): Error: Create print task failed. Try again. The accession number is A20180815104408913,K2_8	[MsgId: MERR-17999]
End auto log messages stack.	[MsgId: MMSG-10544]


Start auto log messages stack - Iteration 163.	[MsgId: MMSG-10545]
Action.c(116): Warning -26593: The header being added may cause unpredictable results when applied to all ensuing URLs. It is added anyway  	[MsgId: MWAR-26593]
Action.c(116): web_add_auto_header("content-type") highest severity level was "warning"  	[MsgId: MMSG-26391]
Action.c(118): Warning -26377: No match found for the requested parameter "TaskID". Check whether the requested boundaries exist in the response data. Also, if the data you want to save exceeds 10240 bytes, use web_set_max_html_param_len to increase the parameter size  	[MsgId: MWAR-26377]
Action.c(118): web_custom_request("web_custom_request") highest severity level was "warning", 265 body bytes, 259 header bytes  	[MsgId: MMSG-26388]
Start auto log messages stack - Iteration 164.	[MsgId: MMSG-10545]
Action.c(129): Notify: Transaction "Film Create_PrintTask" ended with "Pass" status (Duration: 114.7382).	[MsgId: MMSG-16873]
Action.c(136): Notify: Transaction "Fim GetTaskID_fail" started.	[MsgId: MMSG-16999]
Action.c(116): Warning -26593: The header being added may cause unpredictable results when applied to all ensuing URLs. It is added anyway  	[MsgId: MWAR-26593]
Action.c(137): Error: Create print task failed. Try again. The accession number is A20180815104804163,K2_5	[MsgId: MERR-17999]
Action.c(116): web_add_auto_header("content-type") highest severity level was "warning"  	[MsgId: MMSG-26391]
End auto log messages stack.	[MsgId: MMSG-10544]
Action.c(118): Warning -26377: No match found for the requested parameter "TaskID". Check whether the requested boundaries exist in the response data. Also, if the data you want to save exceeds 10240 bytes, use web_set_max_html_param_len to increase the parameter size  	[MsgId: MWAR-26377]


Action.c(118): web_custom_request("web_custom_request") highest severity level was "warning", 265 body bytes, 259 header bytes  	[MsgId: MMSG-26388]
Action.c(129): Notify: Transaction "Film Create_PrintTask" ended with "Pass" status (Duration: 114.9722).	[MsgId: MMSG-16873]
Action.c(136): Notify: Transaction "Fim GetTaskID_fail" started.	[MsgId: MMSG-16999]
Action.c(137): Error: Create print task failed. Try again. The accession number is A20180815104927568,K2_4	[MsgId: MERR-17999]
End auto log messages stack.	[MsgId: MMSG-10544]


Start auto log messages stack - Iteration 169.	[MsgId: MMSG-10545]
Action.c(116): Warning -26593: The header being added may cause unpredictable results when applied to all ensuing URLs. It is added anyway  	[MsgId: MWAR-26593]
Action.c(116): web_add_auto_header("content-type") highest severity level was "warning"  	[MsgId: MMSG-26391]
Action.c(118): Warning -26377: No match found for the requested parameter "TaskID". Check whether the requested boundaries exist in the response data. Also, if the data you want to save exceeds 10240 bytes, use web_set_max_html_param_len to increase the parameter size  	[MsgId: MWAR-26377]
Action.c(118): web_custom_request("web_custom_request") highest severity level was "warning", 265 body bytes, 259 header bytes  	[MsgId: MMSG-26388]
Action.c(129): Notify: Transaction "Film Create_PrintTask" ended with "Pass" status (Duration: 114.5510).	[MsgId: MMSG-16873]
Action.c(136): Notify: Transaction "Fim GetTaskID_fail" started.	[MsgId: MMSG-16999]
Action.c(137): Error: Create print task failed. Try again. The accession number is A20180815105322404,K2_2	[MsgId: MERR-17999]
End auto log messages stack.	[MsgId: MMSG-10544]


Start auto log messages stack - Iteration 185.	[MsgId: MMSG-10545]
Action.c(116): Warning -26593: The header being added may cause unpredictable results when applied to all ensuing URLs. It is added anyway  	[MsgId: MWAR-26593]
Action.c(116): web_add_auto_header("content-type") highest severity level was "warning"  	[MsgId: MMSG-26391]
Action.c(118): Warning -26377: No match found for the requested parameter "TaskID". Check whether the requested boundaries exist in the response data. Also, if the data you want to save exceeds 10240 bytes, use web_set_max_html_param_len to increase the parameter size  	[MsgId: MWAR-26377]
Action.c(118): web_custom_request("web_custom_request") highest severity level was "warning", 265 body bytes, 259 header bytes  	[MsgId: MMSG-26388]
Action.c(129): Notify: Transaction "Film Create_PrintTask" ended with "Pass" status (Duration: 100.0898).	[MsgId: MMSG-16873]
Action.c(136): Notify: Transaction "Fim GetTaskID_fail" started.	[MsgId: MMSG-16999]
Action.c(137): Error: Create print task failed. Try again. The accession number is A20180815105252107,K2_2	[MsgId: MERR-17999]
End auto log messages stack.	[MsgId: MMSG-10544]


Start auto log messages stack - Iteration 185.	[MsgId: MMSG-10545]
Action.c(116): Warning -26593: The header being added may cause unpredictable results when applied to all ensuing URLs. It is added anyway  	[MsgId: MWAR-26593]
Action.c(116): web_add_auto_header("content-type") highest severity level was "warning"  	[MsgId: MMSG-26391]
Action.c(118): Warning -26377: No match found for the requested parameter "TaskID". Check whether the requested boundaries exist in the response data. Also, if the data you want to save exceeds 10240 bytes, use web_set_max_html_param_len to increase the parameter size  	[MsgId: MWAR-26377]
Action.c(118): web_custom_request("web_custom_request") highest severity level was "warning", 265 body bytes, 259 header bytes  	[MsgId: MMSG-26388]
Action.c(129): Notify: Transaction "Film Create_PrintTask" ended with "Pass" status (Duration: 104.1926).	[MsgId: MMSG-16873]
Action.c(136): Notify: Transaction "Fim GetTaskID_fail" started.	[MsgId: MMSG-16999]
Action.c(137): Error: Create print task failed. Try again. The accession number is A20180815105252107,K2_2	[MsgId: MERR-17999]
End auto log messages stack.	[MsgId: MMSG-10544]


Start auto log messages stack - Iteration 185.	[MsgId: MMSG-10545]
Action.c(190): Notify: Transaction "Film_PrintStatus_CheckService" started.	[MsgId: MMSG-16999]
Action.c(192): Warning -26593: The header being added may cause unpredictable results when applied to all ensuing URLs. It is added anyway  	[MsgId: MWAR-26593]
Action.c(192): web_add_auto_header("content-type") highest severity level was "warning"  	[MsgId: MMSG-26391]
Action.c(193): web_custom_request("web_custom_request") was successful, 780 body bytes, 259 header bytes  	[MsgId: MMSG-26386]
Action.c(203): Notify: Transaction "Film_PrintStatus_CheckService" ended with "Pass" status (Duration: 0.1404).	[MsgId: MMSG-16873]
Action.c(205): PrintStatus in DataBase-------,3	[MsgId: MMSG-17999]
Action.c(207): PrintStatus Check result-------,-1	[MsgId: MMSG-17999]
Action.c(212): PrintStatus-------,30	[MsgId: MMSG-17999]
Action.c(245): Notify: Transaction "Film PrintTask_Result_Fail" started.	[MsgId: MMSG-16999]
Action.c(246): Error: The task do not finish correct: TaskID: 4371731  From Terminal: K2_6	[MsgId: MERR-17999]
End auto log messages stack.	[MsgId: MMSG-10544]


Start auto log messages stack - Iteration 180.	[MsgId: MMSG-10545]
Start auto log messages stack - Iteration 174.	[MsgId: MMSG-10545]
Action.c(190): Notify: Transaction "Film_PrintStatus_CheckService" started.	[MsgId: MMSG-16999]
Action.c(190): Notify: Transaction "Film_PrintStatus_CheckService" started.	[MsgId: MMSG-16999]
Action.c(192): Warning -26593: The header being added may cause unpredictable results when applied to all ensuing URLs. It is added anyway  	[MsgId: MWAR-26593]
Action.c(192): Warning -26593: The header being added may cause unpredictable results when applied to all ensuing URLs. It is added anyway  	[MsgId: MWAR-26593]
Action.c(192): web_add_auto_header("content-type") highest severity level was "warning"  	[MsgId: MMSG-26391]
Action.c(192): web_add_auto_header("content-type") highest severity level was "warning"  	[MsgId: MMSG-26391]
Action.c(193): web_custom_request("web_custom_request") was successful, 772 body bytes, 259 header bytes  	[MsgId: MMSG-26386]
Action.c(193): web_custom_request("web_custom_request") was successful, 781 body bytes, 259 header bytes  	[MsgId: MMSG-26386]
Action.c(203): Notify: Transaction "Film_PrintStatus_CheckService" ended with "Pass" status (Duration: 0.2496).	[MsgId: MMSG-16873]
Action.c(203): Notify: Transaction "Film_PrintStatus_CheckService" ended with "Pass" status (Duration: 0.2496).	[MsgId: MMSG-16873]
Action.c(205): PrintStatus in DataBase-------,3	[MsgId: MMSG-17999]
Action.c(205): PrintStatus in DataBase-------,3	[MsgId: MMSG-17999]
Action.c(207): PrintStatus Check result-------,-1	[MsgId: MMSG-17999]
Action.c(212): PrintStatus-------,30	[MsgId: MMSG-17999]
Action.c(245): Notify: Transaction "Film PrintTask_Result_Fail" started.	[MsgId: MMSG-16999]
Action.c(207): PrintStatus Check result-------,-1	[MsgId: MMSG-17999]
Action.c(246): Error: The task do not finish correct: TaskID: 4371736  From Terminal: K2_8	[MsgId: MERR-17999]
End auto log messages stack.	[MsgId: MMSG-10544]
Action.c(212): PrintStatus-------,30	[MsgId: MMSG-17999]


Action.c(245): Notify: Transaction "Film PrintTask_Result_Fail" started.	[MsgId: MMSG-16999]
Action.c(246): Error: The task do not finish correct: TaskID: 4371735  From Terminal: K2_7	[MsgId: MERR-17999]
End auto log messages stack.	[MsgId: MMSG-10544]


Start auto log messages stack - Iteration 216.	[MsgId: MMSG-10545]
Action.c(116): Warning -26593: The header being added may cause unpredictable results when applied to all ensuing URLs. It is added anyway  	[MsgId: MWAR-26593]
Action.c(116): web_add_auto_header("content-type") highest severity level was "warning"  	[MsgId: MMSG-26391]
Action.c(118): Warning -26377: No match found for the requested parameter "TaskID". Check whether the requested boundaries exist in the response data. Also, if the data you want to save exceeds 10240 bytes, use web_set_max_html_param_len to increase the parameter size  	[MsgId: MWAR-26377]
Action.c(118): web_custom_request("web_custom_request") highest severity level was "warning", 265 body bytes, 259 header bytes  	[MsgId: MMSG-26388]
Action.c(129): Notify: Transaction "Film Create_PrintTask" ended with "Pass" status (Duration: 83.6785).	[MsgId: MMSG-16873]
Action.c(136): Notify: Transaction "Fim GetTaskID_fail" started.	[MsgId: MMSG-16999]
Action.c(137): Error: Create print task failed. Try again. The accession number is A20180815105158999,K2_2	[MsgId: MERR-17999]
End auto log messages stack.	[MsgId: MMSG-10544]


Start auto log messages stack - Iteration 218.	[MsgId: MMSG-10545]
Action.c(116): Warning -26593: The header being added may cause unpredictable results when applied to all ensuing URLs. It is added anyway  	[MsgId: MWAR-26593]
Action.c(116): web_add_auto_header("content-type") highest severity level was "warning"  	[MsgId: MMSG-26391]
Action.c(118): Warning -26377: No match found for the requested parameter "TaskID". Check whether the requested boundaries exist in the response data. Also, if the data you want to save exceeds 10240 bytes, use web_set_max_html_param_len to increase the parameter size  	[MsgId: MWAR-26377]
Action.c(118): web_custom_request("web_custom_request") highest severity level was "warning", 265 body bytes, 259 header bytes  	[MsgId: MMSG-26388]
Action.c(129): Notify: Transaction "Film Create_PrintTask" ended with "Pass" status (Duration: 90.6362).	[MsgId: MMSG-16873]
Action.c(136): Notify: Transaction "Fim GetTaskID_fail" started.	[MsgId: MMSG-16999]
Action.c(137): Error: Create print task failed. Try again. The accession number is A20180815104710994,K2_6	[MsgId: MERR-17999]
End auto log messages stack.	[MsgId: MMSG-10544]


Start auto log messages stack - Iteration 224.	[MsgId: MMSG-10545]
Action.c(116): Warning -26593: The header being added may cause unpredictable results when applied to all ensuing URLs. It is added anyway  	[MsgId: MWAR-26593]
Action.c(116): web_add_auto_header("content-type") highest severity level was "warning"  	[MsgId: MMSG-26391]
Action.c(118): Warning -26377: No match found for the requested parameter "TaskID". Check whether the requested boundaries exist in the response data. Also, if the data you want to save exceeds 10240 bytes, use web_set_max_html_param_len to increase the parameter size  	[MsgId: MWAR-26377]
Action.c(118): web_custom_request("web_custom_request") highest severity level was "warning", 265 body bytes, 259 header bytes  	[MsgId: MMSG-26388]
Action.c(129): Notify: Transaction "Film Create_PrintTask" ended with "Pass" status (Duration: 116.7350).	[MsgId: MMSG-16873]
Action.c(136): Notify: Transaction "Fim GetTaskID_fail" started.	[MsgId: MMSG-16999]
Action.c(137): Error: Create print task failed. Try again. The accession number is A20180815105400344,K2_1	[MsgId: MERR-17999]
End auto log messages stack.	[MsgId: MMSG-10544]
Start auto log messages stack - Iteration 222.	[MsgId: MMSG-10545]


Start auto log messages stack - Iteration 216.	[MsgId: MMSG-10545]
Action.c(116): Warning -26593: The header being added may cause unpredictable results when applied to all ensuing URLs. It is added anyway  	[MsgId: MWAR-26593]
Action.c(116): Warning -26593: The header being added may cause unpredictable results when applied to all ensuing URLs. It is added anyway  	[MsgId: MWAR-26593]
Action.c(116): web_add_auto_header("content-type") highest severity level was "warning"  	[MsgId: MMSG-26391]
Action.c(118): Warning -26377: No match found for the requested parameter "TaskID". Check whether the requested boundaries exist in the response data. Also, if the data you want to save exceeds 10240 bytes, use web_set_max_html_param_len to increase the parameter size  	[MsgId: MWAR-26377]
Action.c(118): web_custom_request("web_custom_request") highest severity level was "warning", 265 body bytes, 259 header bytes  	[MsgId: MMSG-26388]
Action.c(116): web_add_auto_header("content-type") highest severity level was "warning"  	[MsgId: MMSG-26391]
Action.c(129): Notify: Transaction "Film Create_PrintTask" ended with "Pass" status (Duration: 119.8394).	[MsgId: MMSG-16873]
Action.c(118): Warning -26377: No match found for the requested parameter "TaskID". Check whether the requested boundaries exist in the response data. Also, if the data you want to save exceeds 10240 bytes, use web_set_max_html_param_len to increase the parameter size  	[MsgId: MWAR-26377]
Action.c(136): Notify: Transaction "Fim GetTaskID_fail" started.	[MsgId: MMSG-16999]
Action.c(137): Error: Create print task failed. Try again. The accession number is A20180815105244513,K2_2	[MsgId: MERR-17999]
End auto log messages stack.	[MsgId: MMSG-10544]
Action.c(118): web_custom_request("web_custom_request") highest severity level was "warning", 265 body bytes, 259 header bytes  	[MsgId: MMSG-26388]


Action.c(129): Notify: Transaction "Film Create_PrintTask" ended with "Pass" status (Duration: 116.6414).	[MsgId: MMSG-16873]
Action.c(136): Notify: Transaction "Fim GetTaskID_fail" started.	[MsgId: MMSG-16999]
Action.c(137): Error: Create print task failed. Try again. The accession number is A20180815104424084,K2_7	[MsgId: MERR-17999]
End auto log messages stack.	[MsgId: MMSG-10544]


Start auto log messages stack - Iteration 224.	[MsgId: MMSG-10545]
Action.c(116): Warning -26593: The header being added may cause unpredictable results when applied to all ensuing URLs. It is added anyway  	[MsgId: MWAR-26593]
Action.c(116): web_add_auto_header("content-type") highest severity level was "warning"  	[MsgId: MMSG-26391]
Action.c(118): Warning -26377: No match found for the requested parameter "TaskID". Check whether the requested boundaries exist in the response data. Also, if the data you want to save exceeds 10240 bytes, use web_set_max_html_param_len to increase the parameter size  	[MsgId: MWAR-26377]
Action.c(118): web_custom_request("web_custom_request") highest severity level was "warning", 265 body bytes, 259 header bytes  	[MsgId: MMSG-26388]
Action.c(129): Notify: Transaction "Film Create_PrintTask" ended with "Pass" status (Duration: 101.9462).	[MsgId: MMSG-16873]
Action.c(136): Notify: Transaction "Fim GetTaskID_fail" started.	[MsgId: MMSG-16999]
Action.c(137): Error: Create print task failed. Try again. The accession number is A20180815105229357,K2_2	[MsgId: MERR-17999]
End auto log messages stack.	[MsgId: MMSG-10544]


Start auto log messages stack - Iteration 220.	[MsgId: MMSG-10545]
Start auto log messages stack - Iteration 235.	[MsgId: MMSG-10545]
Action.c(116): Warning -26593: The header being added may cause unpredictable results when applied to all ensuing URLs. It is added anyway  	[MsgId: MWAR-26593]
Action.c(116): Warning -26593: The header being added may cause unpredictable results when applied to all ensuing URLs. It is added anyway  	[MsgId: MWAR-26593]
Action.c(116): web_add_auto_header("content-type") highest severity level was "warning"  	[MsgId: MMSG-26391]
Action.c(116): web_add_auto_header("content-type") highest severity level was "warning"  	[MsgId: MMSG-26391]
Action.c(118): Warning -26377: No match found for the requested parameter "TaskID". Check whether the requested boundaries exist in the response data. Also, if the data you want to save exceeds 10240 bytes, use web_set_max_html_param_len to increase the parameter size  	[MsgId: MWAR-26377]
Action.c(118): Warning -26377: No match found for the requested parameter "TaskID". Check whether the requested boundaries exist in the response data. Also, if the data you want to save exceeds 10240 bytes, use web_set_max_html_param_len to increase the parameter size  	[MsgId: MWAR-26377]
Action.c(118): web_custom_request("web_custom_request") highest severity level was "warning", 265 body bytes, 259 header bytes  	[MsgId: MMSG-26388]
Action.c(118): web_custom_request("web_custom_request") highest severity level was "warning", 265 body bytes, 259 header bytes  	[MsgId: MMSG-26388]
Action.c(129): Notify: Transaction "Film Create_PrintTask" ended with "Pass" status (Duration: 95.6438).	[MsgId: MMSG-16873]
Action.c(129): Notify: Transaction "Film Create_PrintTask" ended with "Pass" status (Duration: 91.7438).	[MsgId: MMSG-16873]
Action.c(136): Notify: Transaction "Fim GetTaskID_fail" started.	[MsgId: MMSG-16999]
Action.c(136): Notify: Transaction "Fim GetTaskID_fail" started.	[MsgId: MMSG-16999]
Action.c(137): Error: Create print task failed. Try again. The accession number is A20180815105105968,K2_3	[MsgId: MERR-17999]
Action.c(137): Error: Create print task failed. Try again. The accession number is A20180815104353725,K2_8	[MsgId: MERR-17999]
End auto log messages stack.	[MsgId: MMSG-10544]
End auto log messages stack.	[MsgId: MMSG-10544]




Start auto log messages stack - Iteration 234.	[MsgId: MMSG-10545]
Action.c(116): Warning -26593: The header being added may cause unpredictable results when applied to all ensuing URLs. It is added anyway  	[MsgId: MWAR-26593]
Action.c(116): web_add_auto_header("content-type") highest severity level was "warning"  	[MsgId: MMSG-26391]
Action.c(118): Warning -26377: No match found for the requested parameter "TaskID". Check whether the requested boundaries exist in the response data. Also, if the data you want to save exceeds 10240 bytes, use web_set_max_html_param_len to increase the parameter size  	[MsgId: MWAR-26377]
Action.c(118): web_custom_request("web_custom_request") highest severity level was "warning", 265 body bytes, 259 header bytes  	[MsgId: MMSG-26388]
Action.c(129): Notify: Transaction "Film Create_PrintTask" ended with "Pass" status (Duration: 95.6438).	[MsgId: MMSG-16873]
Action.c(136): Notify: Transaction "Fim GetTaskID_fail" started.	[MsgId: MMSG-16999]
Action.c(137): Error: Create print task failed. Try again. The accession number is A20180815105415532,K2_1	[MsgId: MERR-17999]
End auto log messages stack.	[MsgId: MMSG-10544]


Start auto log messages stack - Iteration 232.	[MsgId: MMSG-10545]
Action.c(116): Warning -26593: The header being added may cause unpredictable results when applied to all ensuing URLs. It is added anyway  	[MsgId: MWAR-26593]
Action.c(116): web_add_auto_header("content-type") highest severity level was "warning"  	[MsgId: MMSG-26391]
Action.c(118): Warning -26377: No match found for the requested parameter "TaskID". Check whether the requested boundaries exist in the response data. Also, if the data you want to save exceeds 10240 bytes, use web_set_max_html_param_len to increase the parameter size  	[MsgId: MWAR-26377]
Action.c(118): web_custom_request("web_custom_request") highest severity level was "warning", 265 body bytes, 259 header bytes  	[MsgId: MMSG-26388]
Action.c(129): Notify: Transaction "Film Create_PrintTask" ended with "Pass" status (Duration: 95.6438).	[MsgId: MMSG-16873]
Action.c(136): Notify: Transaction "Fim GetTaskID_fail" started.	[MsgId: MMSG-16999]
Action.c(137): Error: Create print task failed. Try again. The accession number is A20180815105259669,K2_2	[MsgId: MERR-17999]
End auto log messages stack.	[MsgId: MMSG-10544]
Start auto log messages stack - Iteration 226.	[MsgId: MMSG-10545]


Action.c(116): Warning -26593: The header being added may cause unpredictable results when applied to all ensuing URLs. It is added anyway  	[MsgId: MWAR-26593]
Action.c(116): web_add_auto_header("content-type") highest severity level was "warning"  	[MsgId: MMSG-26391]
Action.c(118): Warning -26377: No match found for the requested parameter "TaskID". Check whether the requested boundaries exist in the response data. Also, if the data you want to save exceeds 10240 bytes, use web_set_max_html_param_len to increase the parameter size  	[MsgId: MWAR-26377]
Action.c(118): web_custom_request("web_custom_request") highest severity level was "warning", 265 body bytes, 259 header bytes  	[MsgId: MMSG-26388]
Action.c(129): Notify: Transaction "Film Create_PrintTask" ended with "Pass" status (Duration: 91.9310).	[MsgId: MMSG-16873]
Action.c(136): Notify: Transaction "Fim GetTaskID_fail" started.	[MsgId: MMSG-16999]
Action.c(137): Error: Create print task failed. Try again. The accession number is A20180815104439271,K2_7	[MsgId: MERR-17999]
End auto log messages stack.	[MsgId: MMSG-10544]


Start auto log messages stack - Iteration 237.	[MsgId: MMSG-10545]
Start auto log messages stack - Iteration 239.	[MsgId: MMSG-10545]
Action.c(190): Notify: Transaction "Film_PrintStatus_CheckService" started.	[MsgId: MMSG-16999]
Action.c(190): Notify: Transaction "Film_PrintStatus_CheckService" started.	[MsgId: MMSG-16999]
Action.c(192): Warning -26593: The header being added may cause unpredictable results when applied to all ensuing URLs. It is added anyway  	[MsgId: MWAR-26593]
Action.c(192): Warning -26593: The header being added may cause unpredictable results when applied to all ensuing URLs. It is added anyway  	[MsgId: MWAR-26593]
Action.c(192): web_add_auto_header("content-type") highest severity level was "warning"  	[MsgId: MMSG-26391]
Action.c(192): web_add_auto_header("content-type") highest severity level was "warning"  	[MsgId: MMSG-26391]
Action.c(193): web_custom_request("web_custom_request") was successful, 775 body bytes, 259 header bytes  	[MsgId: MMSG-26386]
Action.c(193): web_custom_request("web_custom_request") was successful, 776 body bytes, 259 header bytes  	[MsgId: MMSG-26386]
Action.c(203): Notify: Transaction "Film_PrintStatus_CheckService" ended with "Pass" status (Duration: 0.1092).	[MsgId: MMSG-16873]
Action.c(203): Notify: Transaction "Film_PrintStatus_CheckService" ended with "Pass" status (Duration: 0.1404).	[MsgId: MMSG-16873]
Action.c(205): PrintStatus in DataBase-------,3	[MsgId: MMSG-17999]
Action.c(205): PrintStatus in DataBase-------,3	[MsgId: MMSG-17999]
Action.c(207): PrintStatus Check result-------,-1	[MsgId: MMSG-17999]
Action.c(207): PrintStatus Check result-------,-1	[MsgId: MMSG-17999]
Action.c(212): PrintStatus-------,30	[MsgId: MMSG-17999]
Action.c(212): PrintStatus-------,30	[MsgId: MMSG-17999]
Action.c(245): Notify: Transaction "Film PrintTask_Result_Fail" started.	[MsgId: MMSG-16999]
Action.c(246): Error: The task do not finish correct: TaskID: 4372211  From Terminal: K2_1	[MsgId: MERR-17999]
End auto log messages stack.	[MsgId: MMSG-10544]
Action.c(245): Notify: Transaction "Film PrintTask_Result_Fail" started.	[MsgId: MMSG-16999]


Action.c(246): Error: The task do not finish correct: TaskID: 4372207  From Terminal: K2_2	[MsgId: MERR-17999]
End auto log messages stack.	[MsgId: MMSG-10544]


