Virtual User Script started at : 2018-08-05 11:45:15	[MsgId: MMSG-15967]
Virtual User Script started at : 2018-08-05 11:45:15	[MsgId: MMSG-15967]
Virtual User Script started at : 2018-08-05 11:45:15	[MsgId: MMSG-15967]
Virtual User Script started at : 2018-08-05 11:45:15	[MsgId: MMSG-15967]
Virtual User Script started at : 2018-08-05 11:45:15	[MsgId: MMSG-15967]
Virtual User Script started at : 2018-08-05 11:45:15	[MsgId: MMSG-15967]
Virtual User Script started at : 2018-08-05 11:45:15	[MsgId: MMSG-15967]
Virtual User Script started at : 2018-08-05 11:45:15	[MsgId: MMSG-15967]
Starting action vuser_init.	[MsgId: MMSG-15919]
Starting action vuser_init.	[MsgId: MMSG-15919]
Starting action vuser_init.	[MsgId: MMSG-15919]
Starting action vuser_init.	[MsgId: MMSG-15919]
Starting action vuser_init.	[MsgId: MMSG-15919]
Starting action vuser_init.	[MsgId: MMSG-15919]
Starting action vuser_init.	[MsgId: MMSG-15919]
Starting action vuser_init.	[MsgId: MMSG-15919]
vuser_init.c(3): DB Connection "Connect" started ... Wait ....	[MsgId: MMSG-108774]
vuser_init.c(3): DB Connection "Connect" started ... Wait ....	[MsgId: MMSG-108774]
vuser_init.c(3): DB Connection "Connect" started ... Wait ....	[MsgId: MMSG-108774]
vuser_init.c(3): DB Connection "Connect" started ... Wait ....	[MsgId: MMSG-108774]
vuser_init.c(3): DB Connection "Connect" started ... Wait ....	[MsgId: MMSG-108774]
vuser_init.c(3): DB Connection "Connect" started ... Wait ....	[MsgId: MMSG-108774]
vuser_init.c(3): DB Connection "Connect" started ... Wait ....	[MsgId: MMSG-108774]
vuser_init.c(3): DB Connection "Connect" started ... Wait ....	[MsgId: MMSG-108774]
vuser_init.c(3): DB connection was successful	[MsgId: MMSG-108773]
Ending action vuser_init.	[MsgId: MMSG-15918]
Running Vuser...	[MsgId: MMSG-15964]
vuser_init.c(3): DB connection was successful	[MsgId: MMSG-108773]
Ending action vuser_init.	[MsgId: MMSG-15918]
Running Vuser...	[MsgId: MMSG-15964]
vuser_init.c(3): DB connection was successful	[MsgId: MMSG-108773]
Ending action vuser_init.	[MsgId: MMSG-15918]
Running Vuser...	[MsgId: MMSG-15964]
vuser_init.c(3): DB connection was successful	[MsgId: MMSG-108773]
Ending action vuser_init.	[MsgId: MMSG-15918]
Running Vuser...	[MsgId: MMSG-15964]
Starting iteration 1.	[MsgId: MMSG-15968]
Starting iteration 1.	[MsgId: MMSG-15968]
Starting iteration 1.	[MsgId: MMSG-15968]
Starting iteration 1.	[MsgId: MMSG-15968]
Starting action Action.	[MsgId: MMSG-15919]
Starting action Action.	[MsgId: MMSG-15919]
Starting action Action.	[MsgId: MMSG-15919]
Starting action Action.	[MsgId: MMSG-15919]
Action.c(22): web_set_max_html_param_len was successful  	[MsgId: MMSG-26392]
Action.c(22): web_set_max_html_param_len was successful  	[MsgId: MMSG-26392]
Action.c(22): web_set_max_html_param_len was successful  	[MsgId: MMSG-26392]
Action.c(22): web_set_max_html_param_len was successful  	[MsgId: MMSG-26392]
Action.c(36): SQL Statement  execution "QueryReportStatus" started	[MsgId: MMSG-108760]
Action.c(36): SQL Statement  execution "QueryReportStatus" started	[MsgId: MMSG-108760]
Action.c(36): SQL Statement  execution "QueryReportStatus" started	[MsgId: MMSG-108760]
Action.c(36): SQL Statement  execution "QueryReportStatus" started	[MsgId: MMSG-108760]
vuser_init.c(3): DB connection was successful	[MsgId: MMSG-108773]
Ending action vuser_init.	[MsgId: MMSG-15918]
Running Vuser...	[MsgId: MMSG-15964]
Action.c(36): SQL Statement  execution was successful	[MsgId: MMSG-108759]
Action.c(36): ================================================	[MsgId: MMSG0]
The result is 0	[MsgId: MMSG-17999]
Action.c(50): SQL Statement  execution "QueryReportStatus" started	[MsgId: MMSG-108760]
Action.c(36): SQL Statement  execution was successful	[MsgId: MMSG-108759]
Action.c(36): SQL Statement  execution was successful	[MsgId: MMSG-108759]
Action.c(36): ================================================	[MsgId: MMSG0]
The result is 0	[MsgId: MMSG-17999]
Action.c(36): ================================================	[MsgId: MMSG0]
The result is 0	[MsgId: MMSG-17999]
Action.c(50): SQL Statement  execution "QueryReportStatus" started	[MsgId: MMSG-108760]
Action.c(50): SQL Statement  execution "QueryReportStatus" started	[MsgId: MMSG-108760]
Action.c(36): SQL Statement  execution was successful	[MsgId: MMSG-108759]
Action.c(36): ================================================	[MsgId: MMSG0]
The result is 0	[MsgId: MMSG-17999]
Action.c(50): SQL Statement  execution "QueryReportStatus" started	[MsgId: MMSG-108760]
vuser_init.c(3): DB connection was successful	[MsgId: MMSG-108773]
Ending action vuser_init.	[MsgId: MMSG-15918]
Running Vuser...	[MsgId: MMSG-15964]
Starting iteration 1.	[MsgId: MMSG-15968]
Starting iteration 1.	[MsgId: MMSG-15968]
Starting action Action.	[MsgId: MMSG-15919]
Starting action Action.	[MsgId: MMSG-15919]
Action.c(22): web_set_max_html_param_len was successful  	[MsgId: MMSG-26392]
Action.c(22): web_set_max_html_param_len was successful  	[MsgId: MMSG-26392]
Action.c(36): SQL Statement  execution "QueryReportStatus" started	[MsgId: MMSG-108760]
Action.c(36): SQL Statement  execution "QueryReportStatus" started	[MsgId: MMSG-108760]
Action.c(50): Warning :No dataset was created.	[MsgId: MMSG0]
Action.c(50): Warning :No dataset was created.	[MsgId: MMSG0]
Action.c(50): SQL Statement  execution was successful	[MsgId: MMSG-108759]
Action.c(50): SQL Statement  execution was successful	[MsgId: MMSG-108759]
Action.c(50): ================================================	[MsgId: MMSG0]
Action.c(50): ================================================	[MsgId: MMSG0]
The result is 0	[MsgId: MMSG-17999]
Action.c(50): Warning :No dataset was created.	[MsgId: MMSG0]
The result is 0	[MsgId: MMSG-17999]
Action.c(50): SQL Statement  execution was successful	[MsgId: MMSG-108759]
Ending action Action.	[MsgId: MMSG-15918]
Ending action Action.	[MsgId: MMSG-15918]
Action.c(50): ================================================	[MsgId: MMSG0]
The result is 0	[MsgId: MMSG-17999]
Ending action Action.	[MsgId: MMSG-15918]
Ending iteration 1.	[MsgId: MMSG-15965]
Ending Vuser...	[MsgId: MMSG-15966]
Starting action vuser_end.	[MsgId: MMSG-15919]
Ending iteration 1.	[MsgId: MMSG-15965]
vuser_end.c(3): DB disconnect "Disconnect" started	[MsgId: MMSG-108767]
Ending Vuser...	[MsgId: MMSG-15966]
Starting action vuser_end.	[MsgId: MMSG-15919]
vuser_end.c(3): DB disconnect "Disconnect" started	[MsgId: MMSG-108767]
Ending iteration 1.	[MsgId: MMSG-15965]
Ending Vuser...	[MsgId: MMSG-15966]
Starting action vuser_end.	[MsgId: MMSG-15919]
vuser_end.c(3): DB disconnect "Disconnect" started	[MsgId: MMSG-108767]
vuser_end.c(3): DB disconnect was successful	[MsgId: MMSG-108766]
vuser_end.c(3): DB disconnect was successful	[MsgId: MMSG-108766]
vuser_end.c(3): DB disconnect was successful	[MsgId: MMSG-108766]
vuser_init.c(3): DB connection was successful	[MsgId: MMSG-108773]
vuser_end.c(3): ================================================	[MsgId: MMSG0]
vuser_end.c(3): ================================================	[MsgId: MMSG0]
vuser_end.c(3): ================================================	[MsgId: MMSG0]
Ending action vuser_end.	[MsgId: MMSG-15918]
Ending action vuser_end.	[MsgId: MMSG-15918]
Ending action vuser_end.	[MsgId: MMSG-15918]
Vuser Terminated.	[MsgId: MMSG-15963]
Vuser Terminated.	[MsgId: MMSG-15963]
Vuser Terminated.	[MsgId: MMSG-15963]
Ending action vuser_init.	[MsgId: MMSG-15918]
Running Vuser...	[MsgId: MMSG-15964]
Action.c(36): SQL Statement  execution was successful	[MsgId: MMSG-108759]
vuser_init.c(3): DB connection was successful	[MsgId: MMSG-108773]
Action.c(36): ================================================	[MsgId: MMSG0]
The result is 0	[MsgId: MMSG-17999]
Ending action vuser_init.	[MsgId: MMSG-15918]
Running Vuser...	[MsgId: MMSG-15964]
Action.c(50): SQL Statement  execution "QueryReportStatus" started	[MsgId: MMSG-108760]
Action.c(36): SQL Statement  execution was successful	[MsgId: MMSG-108759]
Action.c(36): ================================================	[MsgId: MMSG0]
The result is 0	[MsgId: MMSG-17999]
Action.c(50): SQL Statement  execution "QueryReportStatus" started	[MsgId: MMSG-108760]
Action.c(50): Warning :No dataset was created.	[MsgId: MMSG0]
Action.c(50): Warning :No dataset was created.	[MsgId: MMSG0]
Action.c(50): Warning :No dataset was created.	[MsgId: MMSG0]
Action.c(50): SQL Statement  execution was successful	[MsgId: MMSG-108759]
Action.c(50): SQL Statement  execution was successful	[MsgId: MMSG-108759]
Action.c(50): SQL Statement  execution was successful	[MsgId: MMSG-108759]
Action.c(50): ================================================	[MsgId: MMSG0]
Action.c(50): ================================================	[MsgId: MMSG0]
Action.c(50): ================================================	[MsgId: MMSG0]
The result is 0	[MsgId: MMSG-17999]
The result is 0	[MsgId: MMSG-17999]
The result is 0	[MsgId: MMSG-17999]
Ending action Action.	[MsgId: MMSG-15918]
Ending action Action.	[MsgId: MMSG-15918]
Ending action Action.	[MsgId: MMSG-15918]
Ending iteration 1.	[MsgId: MMSG-15965]
Ending iteration 1.	[MsgId: MMSG-15965]
Ending iteration 1.	[MsgId: MMSG-15965]
Ending Vuser...	[MsgId: MMSG-15966]
Ending Vuser...	[MsgId: MMSG-15966]
Ending Vuser...	[MsgId: MMSG-15966]
Starting action vuser_end.	[MsgId: MMSG-15919]
Starting action vuser_end.	[MsgId: MMSG-15919]
Starting action vuser_end.	[MsgId: MMSG-15919]
vuser_end.c(3): DB disconnect "Disconnect" started	[MsgId: MMSG-108767]
vuser_end.c(3): DB disconnect "Disconnect" started	[MsgId: MMSG-108767]
vuser_end.c(3): DB disconnect "Disconnect" started	[MsgId: MMSG-108767]
vuser_end.c(3): DB disconnect was successful	[MsgId: MMSG-108766]
vuser_end.c(3): DB disconnect was successful	[MsgId: MMSG-108766]
vuser_end.c(3): ================================================	[MsgId: MMSG0]
vuser_end.c(3): DB disconnect was successful	[MsgId: MMSG-108766]
vuser_end.c(3): ================================================	[MsgId: MMSG0]
Ending action vuser_end.	[MsgId: MMSG-15918]
vuser_end.c(3): ================================================	[MsgId: MMSG0]
Ending action vuser_end.	[MsgId: MMSG-15918]
Vuser Terminated.	[MsgId: MMSG-15963]
Vuser Terminated.	[MsgId: MMSG-15963]
Ending action vuser_end.	[MsgId: MMSG-15918]
Vuser Terminated.	[MsgId: MMSG-15963]
Starting iteration 1.	[MsgId: MMSG-15968]
Starting iteration 1.	[MsgId: MMSG-15968]
Starting action Action.	[MsgId: MMSG-15919]
Starting action Action.	[MsgId: MMSG-15919]
Action.c(22): web_set_max_html_param_len was successful  	[MsgId: MMSG-26392]
Action.c(22): web_set_max_html_param_len was successful  	[MsgId: MMSG-26392]
Action.c(36): SQL Statement  execution "QueryReportStatus" started	[MsgId: MMSG-108760]
Action.c(36): SQL Statement  execution "QueryReportStatus" started	[MsgId: MMSG-108760]
Action.c(36): SQL Statement  execution was successful	[MsgId: MMSG-108759]
Action.c(36): SQL Statement  execution was successful	[MsgId: MMSG-108759]
Action.c(36): ================================================	[MsgId: MMSG0]
Action.c(36): ================================================	[MsgId: MMSG0]
The result is 0	[MsgId: MMSG-17999]
The result is 0	[MsgId: MMSG-17999]
Action.c(50): SQL Statement  execution "QueryReportStatus" started	[MsgId: MMSG-108760]
Action.c(50): SQL Statement  execution "QueryReportStatus" started	[MsgId: MMSG-108760]
Action.c(50): Warning :No dataset was created.	[MsgId: MMSG0]
Action.c(50): Warning :No dataset was created.	[MsgId: MMSG0]
Action.c(50): SQL Statement  execution was successful	[MsgId: MMSG-108759]
Action.c(50): SQL Statement  execution was successful	[MsgId: MMSG-108759]
Action.c(50): ================================================	[MsgId: MMSG0]
Action.c(50): ================================================	[MsgId: MMSG0]
The result is 0	[MsgId: MMSG-17999]
The result is 0	[MsgId: MMSG-17999]
Ending action Action.	[MsgId: MMSG-15918]
Ending action Action.	[MsgId: MMSG-15918]
Ending iteration 1.	[MsgId: MMSG-15965]
Ending iteration 1.	[MsgId: MMSG-15965]
Ending Vuser...	[MsgId: MMSG-15966]
Ending Vuser...	[MsgId: MMSG-15966]
Starting action vuser_end.	[MsgId: MMSG-15919]
Starting action vuser_end.	[MsgId: MMSG-15919]
vuser_end.c(3): DB disconnect "Disconnect" started	[MsgId: MMSG-108767]
vuser_end.c(3): DB disconnect "Disconnect" started	[MsgId: MMSG-108767]
vuser_end.c(3): DB disconnect was successful	[MsgId: MMSG-108766]
vuser_end.c(3): DB disconnect was successful	[MsgId: MMSG-108766]
vuser_end.c(3): ================================================	[MsgId: MMSG0]
vuser_end.c(3): ================================================	[MsgId: MMSG0]
Ending action vuser_end.	[MsgId: MMSG-15918]
Ending action vuser_end.	[MsgId: MMSG-15918]
Vuser Terminated.	[MsgId: MMSG-15963]
Vuser Terminated.	[MsgId: MMSG-15963]
