Start auto log messages stack - Iteration 1.	[MsgId: MMSG-10545]
Start auto log messages stack - Iteration 1.	[MsgId: MMSG-10545]
Start auto log messages stack - Iteration 1.	[MsgId: MMSG-10545]
Start auto log messages stack - Iteration 1.	[MsgId: MMSG-10545]
Action.c(190): Notify: Transaction "Film_PrintStatus_CheckService" started.	[MsgId: MMSG-16999]
Action.c(190): Notify: Transaction "Film_PrintStatus_CheckService" started.	[MsgId: MMSG-16999]
Action.c(192): Warning -26593: The header being added may cause unpredictable results when applied to all ensuing URLs. It is added anyway  	[MsgId: MWAR-26593]
Action.c(192): Warning -26593: The header being added may cause unpredictable results when applied to all ensuing URLs. It is added anyway  	[MsgId: MWAR-26593]
Action.c(190): Notify: Transaction "Film_PrintStatus_CheckService" started.	[MsgId: MMSG-16999]
Action.c(190): Notify: Transaction "Film_PrintStatus_CheckService" started.	[MsgId: MMSG-16999]
Action.c(192): Warning -26593: The header being added may cause unpredictable results when applied to all ensuing URLs. It is added anyway  	[MsgId: MWAR-26593]
Action.c(192): Warning -26593: The header being added may cause unpredictable results when applied to all ensuing URLs. It is added anyway  	[MsgId: MWAR-26593]
Action.c(192): web_add_auto_header("content-type") highest severity level was "warning"  	[MsgId: MMSG-26391]
Action.c(192): web_add_auto_header("content-type") highest severity level was "warning"  	[MsgId: MMSG-26391]
Action.c(193): web_custom_request("web_custom_request") was successful, 758 body bytes, 259 header bytes  	[MsgId: MMSG-26386]
Action.c(192): web_add_auto_header("content-type") highest severity level was "warning"  	[MsgId: MMSG-26391]
Action.c(192): web_add_auto_header("content-type") highest severity level was "warning"  	[MsgId: MMSG-26391]
Action.c(193): web_custom_request("web_custom_request") was successful, 758 body bytes, 259 header bytes  	[MsgId: MMSG-26386]
Action.c(193): web_custom_request("web_custom_request") was successful, 758 body bytes, 259 header bytes  	[MsgId: MMSG-26386]
Action.c(203): Notify: Transaction "Film_PrintStatus_CheckService" ended with "Pass" status (Duration: 0.0198 Wasted Time: 0.0000).	[MsgId: MMSG-16871]
Action.c(205): PrintStatus in DataBase-------,3	[MsgId: MMSG-17999]
Action.c(203): Notify: Transaction "Film_PrintStatus_CheckService" ended with "Pass" status (Duration: 0.0200 Wasted Time: 0.0000).	[MsgId: MMSG-16871]
Action.c(207): PrintStatus Check result-------,-1	[MsgId: MMSG-17999]
Action.c(205): PrintStatus in DataBase-------,3	[MsgId: MMSG-17999]
Action.c(203): Notify: Transaction "Film_PrintStatus_CheckService" ended with "Pass" status (Duration: 0.0200 Wasted Time: 0.0000).	[MsgId: MMSG-16871]
Action.c(212): PrintStatus-------,30	[MsgId: MMSG-17999]
Action.c(205): PrintStatus in DataBase-------,3	[MsgId: MMSG-17999]
Action.c(207): PrintStatus Check result-------,-1	[MsgId: MMSG-17999]
Action.c(245): Notify: Transaction "Film PrintTask_Result_Fail" started.	[MsgId: MMSG-16999]
Action.c(212): PrintStatus-------,30	[MsgId: MMSG-17999]
Action.c(207): PrintStatus Check result-------,-1	[MsgId: MMSG-17999]
Action.c(246): Error: The task do not finish correct: TaskID: 5071312  From Terminal: K2_1	[MsgId: MERR-17999]
Action.c(245): Notify: Transaction "Film PrintTask_Result_Fail" started.	[MsgId: MMSG-16999]
Action.c(212): PrintStatus-------,30	[MsgId: MMSG-17999]
Action.c(246): Error: The task do not finish correct: TaskID: 5071313  From Terminal: K2_5	[MsgId: MERR-17999]
End auto log messages stack.	[MsgId: MMSG-10544]
Action.c(245): Notify: Transaction "Film PrintTask_Result_Fail" started.	[MsgId: MMSG-16999]


Action.c(246): Error: The task do not finish correct: TaskID: 5071316  From Terminal: K2_7	[MsgId: MERR-17999]
End auto log messages stack.	[MsgId: MMSG-10544]


End auto log messages stack.	[MsgId: MMSG-10544]


Action.c(193): web_custom_request("web_custom_request") was successful, 758 body bytes, 259 header bytes  	[MsgId: MMSG-26386]
Action.c(203): Notify: Transaction "Film_PrintStatus_CheckService" ended with "Pass" status (Duration: 0.0197 Wasted Time: 0.0000).	[MsgId: MMSG-16871]
Action.c(205): PrintStatus in DataBase-------,3	[MsgId: MMSG-17999]
Action.c(207): PrintStatus Check result-------,-1	[MsgId: MMSG-17999]
Action.c(212): PrintStatus-------,30	[MsgId: MMSG-17999]
Action.c(245): Notify: Transaction "Film PrintTask_Result_Fail" started.	[MsgId: MMSG-16999]
Action.c(246): Error: The task do not finish correct: TaskID: 5071314  From Terminal: K2_4	[MsgId: MERR-17999]
End auto log messages stack.	[MsgId: MMSG-10544]


Start auto log messages stack - Iteration 2.	[MsgId: MMSG-10545]
Start auto log messages stack - Iteration 1.	[MsgId: MMSG-10545]
Action.c(190): Notify: Transaction "Film_PrintStatus_CheckService" started.	[MsgId: MMSG-16999]
Action.c(190): Notify: Transaction "Film_PrintStatus_CheckService" started.	[MsgId: MMSG-16999]
Action.c(192): Warning -26593: The header being added may cause unpredictable results when applied to all ensuing URLs. It is added anyway  	[MsgId: MWAR-26593]
Action.c(192): Warning -26593: The header being added may cause unpredictable results when applied to all ensuing URLs. It is added anyway  	[MsgId: MWAR-26593]
Action.c(192): web_add_auto_header("content-type") highest severity level was "warning"  	[MsgId: MMSG-26391]
Action.c(193): web_custom_request("web_custom_request") was successful, 758 body bytes, 259 header bytes  	[MsgId: MMSG-26386]
Action.c(192): web_add_auto_header("content-type") highest severity level was "warning"  	[MsgId: MMSG-26391]
Action.c(193): web_custom_request("web_custom_request") was successful, 758 body bytes, 259 header bytes  	[MsgId: MMSG-26386]
Action.c(203): Notify: Transaction "Film_PrintStatus_CheckService" ended with "Pass" status (Duration: 0.0292 Wasted Time: 0.0000).	[MsgId: MMSG-16871]
Action.c(205): PrintStatus in DataBase-------,3	[MsgId: MMSG-17999]
Action.c(207): PrintStatus Check result-------,-1	[MsgId: MMSG-17999]
Action.c(212): PrintStatus-------,30	[MsgId: MMSG-17999]
Action.c(245): Notify: Transaction "Film PrintTask_Result_Fail" started.	[MsgId: MMSG-16999]
Action.c(246): Error: The task do not finish correct: TaskID: 5071315  From Terminal: K2_8	[MsgId: MERR-17999]
End auto log messages stack.	[MsgId: MMSG-10544]


Action.c(203): Notify: Transaction "Film_PrintStatus_CheckService" ended with "Pass" status (Duration: 0.0291 Wasted Time: 0.0000).	[MsgId: MMSG-16871]
Action.c(205): PrintStatus in DataBase-------,3	[MsgId: MMSG-17999]
Action.c(207): PrintStatus Check result-------,-1	[MsgId: MMSG-17999]
Action.c(212): PrintStatus-------,30	[MsgId: MMSG-17999]
Action.c(245): Notify: Transaction "Film PrintTask_Result_Fail" started.	[MsgId: MMSG-16999]
Action.c(246): Error: The task do not finish correct: TaskID: 5071318  From Terminal: K2_3	[MsgId: MERR-17999]
End auto log messages stack.	[MsgId: MMSG-10544]


Start auto log messages stack - Iteration 1.	[MsgId: MMSG-10545]
Action.c(190): Notify: Transaction "Film_PrintStatus_CheckService" started.	[MsgId: MMSG-16999]
Action.c(192): Warning -26593: The header being added may cause unpredictable results when applied to all ensuing URLs. It is added anyway  	[MsgId: MWAR-26593]
Action.c(192): web_add_auto_header("content-type") highest severity level was "warning"  	[MsgId: MMSG-26391]
Action.c(193): web_custom_request("web_custom_request") was successful, 758 body bytes, 259 header bytes  	[MsgId: MMSG-26386]
Action.c(203): Notify: Transaction "Film_PrintStatus_CheckService" ended with "Pass" status (Duration: 0.0142 Wasted Time: 0.0000).	[MsgId: MMSG-16871]
Action.c(205): PrintStatus in DataBase-------,3	[MsgId: MMSG-17999]
Action.c(207): PrintStatus Check result-------,-1	[MsgId: MMSG-17999]
Action.c(212): PrintStatus-------,30	[MsgId: MMSG-17999]
Action.c(245): Notify: Transaction "Film PrintTask_Result_Fail" started.	[MsgId: MMSG-16999]
Action.c(246): Error: The task do not finish correct: TaskID: 5071317  From Terminal: K2_6	[MsgId: MERR-17999]
End auto log messages stack.	[MsgId: MMSG-10544]


Start auto log messages stack - Iteration 1.	[MsgId: MMSG-10545]
Action.c(190): Notify: Transaction "Film_PrintStatus_CheckService" started.	[MsgId: MMSG-16999]
Action.c(192): Warning -26593: The header being added may cause unpredictable results when applied to all ensuing URLs. It is added anyway  	[MsgId: MWAR-26593]
Action.c(192): web_add_auto_header("content-type") highest severity level was "warning"  	[MsgId: MMSG-26391]
Action.c(193): web_custom_request("web_custom_request") was successful, 758 body bytes, 259 header bytes  	[MsgId: MMSG-26386]
Action.c(203): Notify: Transaction "Film_PrintStatus_CheckService" ended with "Pass" status (Duration: 0.0255 Wasted Time: 0.0000).	[MsgId: MMSG-16871]
Action.c(205): PrintStatus in DataBase-------,3	[MsgId: MMSG-17999]
Action.c(207): PrintStatus Check result-------,-1	[MsgId: MMSG-17999]
Action.c(212): PrintStatus-------,30	[MsgId: MMSG-17999]
Action.c(245): Notify: Transaction "Film PrintTask_Result_Fail" started.	[MsgId: MMSG-16999]
Action.c(246): Error: The task do not finish correct: TaskID: 5071319  From Terminal: K2_2	[MsgId: MERR-17999]
End auto log messages stack.	[MsgId: MMSG-10544]


