Virtual User Script started at : 2018-08-06 09:30:10	[MsgId: MMSG-15967]
Starting action vuser_init.	[MsgId: MMSG-15919]
vuser_init.c(3): DB Connection "Connect" started ... Wait ....	[MsgId: MMSG-108774]
vuser_init.c(3): DB connection was successful	[MsgId: MMSG-108773]
Ending action vuser_init.	[MsgId: MMSG-15918]
Running Vuser...	[MsgId: MMSG-15964]
Virtual User Script started at : 2018-08-06 09:30:10	[MsgId: MMSG-15967]
Starting action vuser_init.	[MsgId: MMSG-15919]
vuser_init.c(3): DB Connection "Connect" started ... Wait ....	[MsgId: MMSG-108774]
vuser_init.c(3): DB connection was successful	[MsgId: MMSG-108773]
Ending action vuser_init.	[MsgId: MMSG-15918]
Running Vuser...	[MsgId: MMSG-15964]
Virtual User Script started at : 2018-08-06 09:30:11	[MsgId: MMSG-15967]
Starting action vuser_init.	[MsgId: MMSG-15919]
vuser_init.c(3): DB Connection "Connect" started ... Wait ....	[MsgId: MMSG-108774]
vuser_init.c(3): DB connection was successful	[MsgId: MMSG-108773]
Ending action vuser_init.	[MsgId: MMSG-15918]
Running Vuser...	[MsgId: MMSG-15964]
Virtual User Script started at : 2018-08-06 09:30:11	[MsgId: MMSG-15967]
Starting action vuser_init.	[MsgId: MMSG-15919]
vuser_init.c(3): DB Connection "Connect" started ... Wait ....	[MsgId: MMSG-108774]
vuser_init.c(3): DB connection was successful	[MsgId: MMSG-108773]
Ending action vuser_init.	[MsgId: MMSG-15918]
Running Vuser...	[MsgId: MMSG-15964]
Virtual User Script started at : 2018-08-06 09:30:12	[MsgId: MMSG-15967]
Starting action vuser_init.	[MsgId: MMSG-15919]
vuser_init.c(3): DB Connection "Connect" started ... Wait ....	[MsgId: MMSG-108774]
vuser_init.c(3): DB connection was successful	[MsgId: MMSG-108773]
Ending action vuser_init.	[MsgId: MMSG-15918]
Running Vuser...	[MsgId: MMSG-15964]
Virtual User Script started at : 2018-08-06 09:30:13	[MsgId: MMSG-15967]
Starting action vuser_init.	[MsgId: MMSG-15919]
vuser_init.c(3): DB Connection "Connect" started ... Wait ....	[MsgId: MMSG-108774]
vuser_init.c(3): DB connection was successful	[MsgId: MMSG-108773]
Ending action vuser_init.	[MsgId: MMSG-15918]
Running Vuser...	[MsgId: MMSG-15964]
Virtual User Script started at : 2018-08-06 09:30:14	[MsgId: MMSG-15967]
Starting action vuser_init.	[MsgId: MMSG-15919]
vuser_init.c(3): DB Connection "Connect" started ... Wait ....	[MsgId: MMSG-108774]
vuser_init.c(3): DB connection was successful	[MsgId: MMSG-108773]
Ending action vuser_init.	[MsgId: MMSG-15918]
Running Vuser...	[MsgId: MMSG-15964]
Virtual User Script started at : 2018-08-06 09:30:17	[MsgId: MMSG-15967]
Starting action vuser_init.	[MsgId: MMSG-15919]
vuser_init.c(3): DB Connection "Connect" started ... Wait ....	[MsgId: MMSG-108774]
vuser_init.c(3): DB connection was successful	[MsgId: MMSG-108773]
Ending action vuser_init.	[MsgId: MMSG-15918]
Running Vuser...	[MsgId: MMSG-15964]
Starting iteration 1.	[MsgId: MMSG-15968]
Starting action Action.	[MsgId: MMSG-15919]
Action.c(22): web_set_max_html_param_len was successful  	[MsgId: MMSG-26392]
Action.c(36): SQL Statement  execution "QueryReportStatus" started	[MsgId: MMSG-108760]
Action.c(36): SQL Statement  execution was successful	[MsgId: MMSG-108759]
Action.c(36): ================================================	[MsgId: MMSG0]
The result is 0	[MsgId: MMSG-17999]
Action.c(50): SQL Statement  execution "QueryReportStatus" started	[MsgId: MMSG-108760]
Action.c(50): Warning :No dataset was created.	[MsgId: MMSG0]
Action.c(50): SQL Statement  execution was successful	[MsgId: MMSG-108759]
Action.c(50): ================================================	[MsgId: MMSG0]
The result is 0	[MsgId: MMSG-17999]
Ending action Action.	[MsgId: MMSG-15918]
Ending iteration 1.	[MsgId: MMSG-15965]
Waiting 16.4370 seconds for iteration pacing.	[MsgId: MMSG-15996]
Starting iteration 1.	[MsgId: MMSG-15968]
Starting action Action.	[MsgId: MMSG-15919]
Action.c(22): web_set_max_html_param_len was successful  	[MsgId: MMSG-26392]
Action.c(36): SQL Statement  execution "QueryReportStatus" started	[MsgId: MMSG-108760]
Action.c(36): SQL Statement  execution was successful	[MsgId: MMSG-108759]
Action.c(36): ================================================	[MsgId: MMSG0]
The result is 0	[MsgId: MMSG-17999]
Action.c(50): SQL Statement  execution "QueryReportStatus" started	[MsgId: MMSG-108760]
Action.c(50): Warning :No dataset was created.	[MsgId: MMSG0]
Action.c(50): SQL Statement  execution was successful	[MsgId: MMSG-108759]
Action.c(50): ================================================	[MsgId: MMSG0]
The result is 0	[MsgId: MMSG-17999]
Ending action Action.	[MsgId: MMSG-15918]
Ending iteration 1.	[MsgId: MMSG-15965]
Waiting 14.6550 seconds for iteration pacing.	[MsgId: MMSG-15996]
Starting iteration 2.	[MsgId: MMSG-15968]
Starting action Action.	[MsgId: MMSG-15919]
Action.c(22): web_set_max_html_param_len was successful  	[MsgId: MMSG-26392]
Action.c(36): SQL Statement  execution "QueryReportStatus" started	[MsgId: MMSG-108760]
Action.c(36): SQL Statement  execution was successful	[MsgId: MMSG-108759]
Action.c(36): ================================================	[MsgId: MMSG0]
The result is 0	[MsgId: MMSG-17999]
Action.c(50): SQL Statement  execution "QueryReportStatus" started	[MsgId: MMSG-108760]
Action.c(50): Warning :No dataset was created.	[MsgId: MMSG0]
Action.c(50): SQL Statement  execution was successful	[MsgId: MMSG-108759]
Action.c(50): ================================================	[MsgId: MMSG0]
The result is 0	[MsgId: MMSG-17999]
Ending action Action.	[MsgId: MMSG-15918]
Ending iteration 2.	[MsgId: MMSG-15965]
Waiting 13.8120 seconds for iteration pacing.	[MsgId: MMSG-15996]
Starting iteration 1.	[MsgId: MMSG-15968]
Starting action Action.	[MsgId: MMSG-15919]
Action.c(22): web_set_max_html_param_len was successful  	[MsgId: MMSG-26392]
Action.c(36): SQL Statement  execution "QueryReportStatus" started	[MsgId: MMSG-108760]
Action.c(36): SQL Statement  execution was successful	[MsgId: MMSG-108759]
Action.c(36): ================================================	[MsgId: MMSG0]
The result is 0	[MsgId: MMSG-17999]
Action.c(50): SQL Statement  execution "QueryReportStatus" started	[MsgId: MMSG-108760]
Action.c(50): Warning :No dataset was created.	[MsgId: MMSG0]
Action.c(50): SQL Statement  execution was successful	[MsgId: MMSG-108759]
Action.c(50): ================================================	[MsgId: MMSG0]
The result is 0	[MsgId: MMSG-17999]
Ending action Action.	[MsgId: MMSG-15918]
Ending iteration 1.	[MsgId: MMSG-15965]
Waiting 28.5860 seconds for iteration pacing.	[MsgId: MMSG-15996]
Starting iteration 2.	[MsgId: MMSG-15968]
Starting action Action.	[MsgId: MMSG-15919]
Action.c(22): web_set_max_html_param_len was successful  	[MsgId: MMSG-26392]
Action.c(36): SQL Statement  execution "QueryReportStatus" started	[MsgId: MMSG-108760]
Action.c(36): SQL Statement  execution was successful	[MsgId: MMSG-108759]
Action.c(36): ================================================	[MsgId: MMSG0]
The result is 0	[MsgId: MMSG-17999]
Action.c(50): SQL Statement  execution "QueryReportStatus" started	[MsgId: MMSG-108760]
Action.c(50): Warning :No dataset was created.	[MsgId: MMSG0]
Action.c(50): SQL Statement  execution was successful	[MsgId: MMSG-108759]
Action.c(50): ================================================	[MsgId: MMSG0]
The result is 0	[MsgId: MMSG-17999]
Ending action Action.	[MsgId: MMSG-15918]
Ending iteration 2.	[MsgId: MMSG-15965]
Waiting 19.7630 seconds for iteration pacing.	[MsgId: MMSG-15996]
Starting iteration 1.	[MsgId: MMSG-15968]
Starting action Action.	[MsgId: MMSG-15919]
Action.c(22): web_set_max_html_param_len was successful  	[MsgId: MMSG-26392]
Action.c(36): SQL Statement  execution "QueryReportStatus" started	[MsgId: MMSG-108760]
Action.c(36): SQL Statement  execution was successful	[MsgId: MMSG-108759]
Action.c(36): ================================================	[MsgId: MMSG0]
The result is 0	[MsgId: MMSG-17999]
Action.c(50): SQL Statement  execution "QueryReportStatus" started	[MsgId: MMSG-108760]
Action.c(50): Warning :No dataset was created.	[MsgId: MMSG0]
Action.c(50): SQL Statement  execution was successful	[MsgId: MMSG-108759]
Action.c(50): ================================================	[MsgId: MMSG0]
The result is 0	[MsgId: MMSG-17999]
Ending action Action.	[MsgId: MMSG-15918]
Ending iteration 1.	[MsgId: MMSG-15965]
Waiting 17.3860 seconds for iteration pacing.	[MsgId: MMSG-15996]
Starting iteration 3.	[MsgId: MMSG-15968]
Starting action Action.	[MsgId: MMSG-15919]
Action.c(22): web_set_max_html_param_len was successful  	[MsgId: MMSG-26392]
Action.c(36): SQL Statement  execution "QueryReportStatus" started	[MsgId: MMSG-108760]
Action.c(36): SQL Statement  execution was successful	[MsgId: MMSG-108759]
Action.c(36): ================================================	[MsgId: MMSG0]
The result is 0	[MsgId: MMSG-17999]
Action.c(50): SQL Statement  execution "QueryReportStatus" started	[MsgId: MMSG-108760]
Action.c(50): Warning :No dataset was created.	[MsgId: MMSG0]
Action.c(50): SQL Statement  execution was successful	[MsgId: MMSG-108759]
Action.c(50): ================================================	[MsgId: MMSG0]
The result is 0	[MsgId: MMSG-17999]
Ending action Action.	[MsgId: MMSG-15918]
Ending iteration 3.	[MsgId: MMSG-15965]
Waiting 29.8030 seconds for iteration pacing.	[MsgId: MMSG-15996]
Starting iteration 1.	[MsgId: MMSG-15968]
Starting action Action.	[MsgId: MMSG-15919]
Action.c(22): web_set_max_html_param_len was successful  	[MsgId: MMSG-26392]
Action.c(36): SQL Statement  execution "QueryReportStatus" started	[MsgId: MMSG-108760]
Action.c(36): SQL Statement  execution was successful	[MsgId: MMSG-108759]
Action.c(36): ================================================	[MsgId: MMSG0]
The result is 0	[MsgId: MMSG-17999]
Action.c(50): SQL Statement  execution "QueryReportStatus" started	[MsgId: MMSG-108760]
Action.c(50): Warning :No dataset was created.	[MsgId: MMSG0]
Action.c(50): SQL Statement  execution was successful	[MsgId: MMSG-108759]
Action.c(50): ================================================	[MsgId: MMSG0]
The result is 0	[MsgId: MMSG-17999]
Ending action Action.	[MsgId: MMSG-15918]
Ending iteration 1.	[MsgId: MMSG-15965]
Waiting 14.6930 seconds for iteration pacing.	[MsgId: MMSG-15996]
Starting iteration 3.	[MsgId: MMSG-15968]
Starting action Action.	[MsgId: MMSG-15919]
Action.c(22): web_set_max_html_param_len was successful  	[MsgId: MMSG-26392]
Action.c(36): SQL Statement  execution "QueryReportStatus" started	[MsgId: MMSG-108760]
Action.c(36): SQL Statement  execution was successful	[MsgId: MMSG-108759]
Action.c(36): ================================================	[MsgId: MMSG0]
The result is 0	[MsgId: MMSG-17999]
Action.c(50): SQL Statement  execution "QueryReportStatus" started	[MsgId: MMSG-108760]
Action.c(50): Warning :No dataset was created.	[MsgId: MMSG0]
Action.c(50): SQL Statement  execution was successful	[MsgId: MMSG-108759]
Action.c(50): ================================================	[MsgId: MMSG0]
The result is 0	[MsgId: MMSG-17999]
Ending action Action.	[MsgId: MMSG-15918]
Ending iteration 3.	[MsgId: MMSG-15965]
Waiting 26.1210 seconds for iteration pacing.	[MsgId: MMSG-15996]
Starting iteration 2.	[MsgId: MMSG-15968]
Starting action Action.	[MsgId: MMSG-15919]
Action.c(22): web_set_max_html_param_len was successful  	[MsgId: MMSG-26392]
Action.c(36): SQL Statement  execution "QueryReportStatus" started	[MsgId: MMSG-108760]
Action.c(36): SQL Statement  execution was successful	[MsgId: MMSG-108759]
Action.c(36): ================================================	[MsgId: MMSG0]
The result is 0	[MsgId: MMSG-17999]
Action.c(50): SQL Statement  execution "QueryReportStatus" started	[MsgId: MMSG-108760]
Action.c(50): Warning :No dataset was created.	[MsgId: MMSG0]
Action.c(50): SQL Statement  execution was successful	[MsgId: MMSG-108759]
Action.c(50): ================================================	[MsgId: MMSG0]
The result is 0	[MsgId: MMSG-17999]
Ending action Action.	[MsgId: MMSG-15918]
Ending iteration 2.	[MsgId: MMSG-15965]
Waiting 8.7380 seconds for iteration pacing.	[MsgId: MMSG-15996]
Starting iteration 2.	[MsgId: MMSG-15968]
Starting action Action.	[MsgId: MMSG-15919]
Action.c(22): web_set_max_html_param_len was successful  	[MsgId: MMSG-26392]
Action.c(36): SQL Statement  execution "QueryReportStatus" started	[MsgId: MMSG-108760]
Action.c(36): SQL Statement  execution was successful	[MsgId: MMSG-108759]
Action.c(36): ================================================	[MsgId: MMSG0]
The result is 0	[MsgId: MMSG-17999]
Action.c(50): SQL Statement  execution "QueryReportStatus" started	[MsgId: MMSG-108760]
Action.c(50): Warning :No dataset was created.	[MsgId: MMSG0]
Action.c(50): SQL Statement  execution was successful	[MsgId: MMSG-108759]
Action.c(50): ================================================	[MsgId: MMSG0]
The result is 0	[MsgId: MMSG-17999]
Ending action Action.	[MsgId: MMSG-15918]
Ending iteration 2.	[MsgId: MMSG-15965]
Waiting 5.3790 seconds for iteration pacing.	[MsgId: MMSG-15996]
Starting iteration 1.	[MsgId: MMSG-15968]
Starting action Action.	[MsgId: MMSG-15919]
Action.c(22): web_set_max_html_param_len was successful  	[MsgId: MMSG-26392]
Action.c(36): SQL Statement  execution "QueryReportStatus" started	[MsgId: MMSG-108760]
Action.c(36): SQL Statement  execution was successful	[MsgId: MMSG-108759]
Action.c(36): ================================================	[MsgId: MMSG0]
The result is 0	[MsgId: MMSG-17999]
Action.c(50): SQL Statement  execution "QueryReportStatus" started	[MsgId: MMSG-108760]
Action.c(50): Warning :No dataset was created.	[MsgId: MMSG0]
Action.c(50): SQL Statement  execution was successful	[MsgId: MMSG-108759]
Action.c(50): ================================================	[MsgId: MMSG0]
The result is 0	[MsgId: MMSG-17999]
Ending action Action.	[MsgId: MMSG-15918]
Ending iteration 1.	[MsgId: MMSG-15965]
Waiting 5.9000 seconds for iteration pacing.	[MsgId: MMSG-15996]
Starting iteration 3.	[MsgId: MMSG-15968]
Starting action Action.	[MsgId: MMSG-15919]
Action.c(22): web_set_max_html_param_len was successful  	[MsgId: MMSG-26392]
Action.c(36): SQL Statement  execution "QueryReportStatus" started	[MsgId: MMSG-108760]
Action.c(36): SQL Statement  execution was successful	[MsgId: MMSG-108759]
Action.c(36): ================================================	[MsgId: MMSG0]
The result is 0	[MsgId: MMSG-17999]
Action.c(50): SQL Statement  execution "QueryReportStatus" started	[MsgId: MMSG-108760]
Action.c(50): Warning :No dataset was created.	[MsgId: MMSG0]
Action.c(50): SQL Statement  execution was successful	[MsgId: MMSG-108759]
Action.c(50): ================================================	[MsgId: MMSG0]
The result is 0	[MsgId: MMSG-17999]
Ending action Action.	[MsgId: MMSG-15918]
Ending iteration 3.	[MsgId: MMSG-15965]
Waiting 24.0190 seconds for iteration pacing.	[MsgId: MMSG-15996]
Starting iteration 2.	[MsgId: MMSG-15968]
Starting action Action.	[MsgId: MMSG-15919]
Action.c(22): web_set_max_html_param_len was successful  	[MsgId: MMSG-26392]
Action.c(36): SQL Statement  execution "QueryReportStatus" started	[MsgId: MMSG-108760]
Action.c(36): SQL Statement  execution was successful	[MsgId: MMSG-108759]
Action.c(36): ================================================	[MsgId: MMSG0]
The result is 0	[MsgId: MMSG-17999]
Action.c(50): SQL Statement  execution "QueryReportStatus" started	[MsgId: MMSG-108760]
Action.c(50): Warning :No dataset was created.	[MsgId: MMSG0]
Action.c(50): SQL Statement  execution was successful	[MsgId: MMSG-108759]
Action.c(50): ================================================	[MsgId: MMSG0]
The result is 0	[MsgId: MMSG-17999]
Ending action Action.	[MsgId: MMSG-15918]
Ending iteration 2.	[MsgId: MMSG-15965]
Waiting 16.3700 seconds for iteration pacing.	[MsgId: MMSG-15996]
Starting iteration 2.	[MsgId: MMSG-15968]
Starting action Action.	[MsgId: MMSG-15919]
Action.c(22): web_set_max_html_param_len was successful  	[MsgId: MMSG-26392]
Action.c(36): SQL Statement  execution "QueryReportStatus" started	[MsgId: MMSG-108760]
Action.c(36): SQL Statement  execution was successful	[MsgId: MMSG-108759]
Action.c(36): ================================================	[MsgId: MMSG0]
The result is 0	[MsgId: MMSG-17999]
Action.c(50): SQL Statement  execution "QueryReportStatus" started	[MsgId: MMSG-108760]
Action.c(50): Warning :No dataset was created.	[MsgId: MMSG0]
Action.c(50): SQL Statement  execution was successful	[MsgId: MMSG-108759]
Action.c(50): ================================================	[MsgId: MMSG0]
The result is 0	[MsgId: MMSG-17999]
Ending action Action.	[MsgId: MMSG-15918]
Ending iteration 2.	[MsgId: MMSG-15965]
Waiting 10.4800 seconds for iteration pacing.	[MsgId: MMSG-15996]
Starting iteration 3.	[MsgId: MMSG-15968]
Starting action Action.	[MsgId: MMSG-15919]
Action.c(22): web_set_max_html_param_len was successful  	[MsgId: MMSG-26392]
Action.c(36): SQL Statement  execution "QueryReportStatus" started	[MsgId: MMSG-108760]
Action.c(36): SQL Statement  execution was successful	[MsgId: MMSG-108759]
Action.c(36): ================================================	[MsgId: MMSG0]
The result is 0	[MsgId: MMSG-17999]
Action.c(50): SQL Statement  execution "QueryReportStatus" started	[MsgId: MMSG-108760]
Action.c(50): Warning :No dataset was created.	[MsgId: MMSG0]
Action.c(50): SQL Statement  execution was successful	[MsgId: MMSG-108759]
Action.c(50): ================================================	[MsgId: MMSG0]
The result is 0	[MsgId: MMSG-17999]
Ending action Action.	[MsgId: MMSG-15918]
Ending iteration 3.	[MsgId: MMSG-15965]
Waiting 21.9970 seconds for iteration pacing.	[MsgId: MMSG-15996]
Starting iteration 1.	[MsgId: MMSG-15968]
Starting action Action.	[MsgId: MMSG-15919]
Action.c(22): web_set_max_html_param_len was successful  	[MsgId: MMSG-26392]
Action.c(36): SQL Statement  execution "QueryReportStatus" started	[MsgId: MMSG-108760]
Action.c(36): SQL Statement  execution was successful	[MsgId: MMSG-108759]
Action.c(36): ================================================	[MsgId: MMSG0]
The result is 0	[MsgId: MMSG-17999]
Action.c(50): SQL Statement  execution "QueryReportStatus" started	[MsgId: MMSG-108760]
Action.c(50): Warning :No dataset was created.	[MsgId: MMSG0]
Action.c(50): SQL Statement  execution was successful	[MsgId: MMSG-108759]
Action.c(50): ================================================	[MsgId: MMSG0]
The result is 0	[MsgId: MMSG-17999]
Ending action Action.	[MsgId: MMSG-15918]
Ending iteration 1.	[MsgId: MMSG-15965]
Waiting 29.1200 seconds for iteration pacing.	[MsgId: MMSG-15996]
Starting iteration 4.	[MsgId: MMSG-15968]
Starting action Action.	[MsgId: MMSG-15919]
Action.c(22): web_set_max_html_param_len was successful  	[MsgId: MMSG-26392]
Action.c(36): SQL Statement  execution "QueryReportStatus" started	[MsgId: MMSG-108760]
Action.c(36): SQL Statement  execution was successful	[MsgId: MMSG-108759]
Action.c(36): ================================================	[MsgId: MMSG0]
The result is 0	[MsgId: MMSG-17999]
Action.c(50): SQL Statement  execution "QueryReportStatus" started	[MsgId: MMSG-108760]
Action.c(50): Warning :No dataset was created.	[MsgId: MMSG0]
Action.c(50): SQL Statement  execution was successful	[MsgId: MMSG-108759]
Action.c(50): ================================================	[MsgId: MMSG0]
The result is 0	[MsgId: MMSG-17999]
Ending action Action.	[MsgId: MMSG-15918]
Ending iteration 4.	[MsgId: MMSG-15965]
Waiting 10.6340 seconds for iteration pacing.	[MsgId: MMSG-15996]
Starting iteration 3.	[MsgId: MMSG-15968]
Starting action Action.	[MsgId: MMSG-15919]
Action.c(22): web_set_max_html_param_len was successful  	[MsgId: MMSG-26392]
Action.c(36): SQL Statement  execution "QueryReportStatus" started	[MsgId: MMSG-108760]
Action.c(36): SQL Statement  execution was successful	[MsgId: MMSG-108759]
Action.c(36): ================================================	[MsgId: MMSG0]
The result is 0	[MsgId: MMSG-17999]
Action.c(50): SQL Statement  execution "QueryReportStatus" started	[MsgId: MMSG-108760]
Action.c(50): Warning :No dataset was created.	[MsgId: MMSG0]
Action.c(50): SQL Statement  execution was successful	[MsgId: MMSG-108759]
Action.c(50): ================================================	[MsgId: MMSG0]
The result is 0	[MsgId: MMSG-17999]
Ending action Action.	[MsgId: MMSG-15918]
Ending iteration 3.	[MsgId: MMSG-15965]
Waiting 15.2370 seconds for iteration pacing.	[MsgId: MMSG-15996]
Starting iteration 1.	[MsgId: MMSG-15968]
Starting action Action.	[MsgId: MMSG-15919]
Action.c(22): web_set_max_html_param_len was successful  	[MsgId: MMSG-26392]
Action.c(36): SQL Statement  execution "QueryReportStatus" started	[MsgId: MMSG-108760]
Action.c(36): SQL Statement  execution was successful	[MsgId: MMSG-108759]
Action.c(36): ================================================	[MsgId: MMSG0]
The result is 0	[MsgId: MMSG-17999]
Action.c(50): SQL Statement  execution "QueryReportStatus" started	[MsgId: MMSG-108760]
Action.c(50): Warning :No dataset was created.	[MsgId: MMSG0]
Action.c(50): SQL Statement  execution was successful	[MsgId: MMSG-108759]
Action.c(50): ================================================	[MsgId: MMSG0]
The result is 0	[MsgId: MMSG-17999]
Ending action Action.	[MsgId: MMSG-15918]
Ending iteration 1.	[MsgId: MMSG-15965]
Waiting 7.4310 seconds for iteration pacing.	[MsgId: MMSG-15996]
Starting iteration 4.	[MsgId: MMSG-15968]
Starting action Action.	[MsgId: MMSG-15919]
Action.c(22): web_set_max_html_param_len was successful  	[MsgId: MMSG-26392]
Action.c(36): SQL Statement  execution "QueryReportStatus" started	[MsgId: MMSG-108760]
Action.c(36): SQL Statement  execution was successful	[MsgId: MMSG-108759]
Action.c(36): ================================================	[MsgId: MMSG0]
The result is 0	[MsgId: MMSG-17999]
Action.c(50): SQL Statement  execution "QueryReportStatus" started	[MsgId: MMSG-108760]
Action.c(50): Warning :No dataset was created.	[MsgId: MMSG0]
Action.c(50): SQL Statement  execution was successful	[MsgId: MMSG-108759]
Action.c(50): ================================================	[MsgId: MMSG0]
The result is 0	[MsgId: MMSG-17999]
Ending action Action.	[MsgId: MMSG-15918]
Ending iteration 4.	[MsgId: MMSG-15965]
Waiting 17.8800 seconds for iteration pacing.	[MsgId: MMSG-15996]
Starting iteration 5.	[MsgId: MMSG-15968]
Starting action Action.	[MsgId: MMSG-15919]
Action.c(22): web_set_max_html_param_len was successful  	[MsgId: MMSG-26392]
Action.c(36): SQL Statement  execution "QueryReportStatus" started	[MsgId: MMSG-108760]
Action.c(36): SQL Statement  execution was successful	[MsgId: MMSG-108759]
Action.c(36): ================================================	[MsgId: MMSG0]
The result is 0	[MsgId: MMSG-17999]
Action.c(50): SQL Statement  execution "QueryReportStatus" started	[MsgId: MMSG-108760]
Action.c(50): Warning :No dataset was created.	[MsgId: MMSG0]
Action.c(50): SQL Statement  execution was successful	[MsgId: MMSG-108759]
Action.c(50): ================================================	[MsgId: MMSG0]
The result is 0	[MsgId: MMSG-17999]
Ending action Action.	[MsgId: MMSG-15918]
Ending iteration 5.	[MsgId: MMSG-15965]
Waiting 16.7830 seconds for iteration pacing.	[MsgId: MMSG-15996]
Starting iteration 3.	[MsgId: MMSG-15968]
Starting action Action.	[MsgId: MMSG-15919]
Action.c(22): web_set_max_html_param_len was successful  	[MsgId: MMSG-26392]
Action.c(36): SQL Statement  execution "QueryReportStatus" started	[MsgId: MMSG-108760]
Action.c(36): SQL Statement  execution was successful	[MsgId: MMSG-108759]
Action.c(36): ================================================	[MsgId: MMSG0]
The result is 0	[MsgId: MMSG-17999]
Action.c(50): SQL Statement  execution "QueryReportStatus" started	[MsgId: MMSG-108760]
Action.c(50): Warning :No dataset was created.	[MsgId: MMSG0]
Action.c(50): SQL Statement  execution was successful	[MsgId: MMSG-108759]
Action.c(50): ================================================	[MsgId: MMSG0]
The result is 0	[MsgId: MMSG-17999]
Ending action Action.	[MsgId: MMSG-15918]
Ending iteration 3.	[MsgId: MMSG-15965]
Waiting 14.1680 seconds for iteration pacing.	[MsgId: MMSG-15996]
Starting iteration 2.	[MsgId: MMSG-15968]
Starting action Action.	[MsgId: MMSG-15919]
Action.c(22): web_set_max_html_param_len was successful  	[MsgId: MMSG-26392]
Action.c(36): SQL Statement  execution "QueryReportStatus" started	[MsgId: MMSG-108760]
Action.c(36): SQL Statement  execution was successful	[MsgId: MMSG-108759]
Action.c(36): ================================================	[MsgId: MMSG0]
The result is 0	[MsgId: MMSG-17999]
Action.c(50): SQL Statement  execution "QueryReportStatus" started	[MsgId: MMSG-108760]
Action.c(50): Warning :No dataset was created.	[MsgId: MMSG0]
Action.c(50): SQL Statement  execution was successful	[MsgId: MMSG-108759]
Action.c(50): ================================================	[MsgId: MMSG0]
The result is 0	[MsgId: MMSG-17999]
Ending action Action.	[MsgId: MMSG-15918]
Ending iteration 2.	[MsgId: MMSG-15965]
Waiting 14.5660 seconds for iteration pacing.	[MsgId: MMSG-15996]
Starting iteration 4.	[MsgId: MMSG-15968]
Starting action Action.	[MsgId: MMSG-15919]
Action.c(22): web_set_max_html_param_len was successful  	[MsgId: MMSG-26392]
Action.c(36): SQL Statement  execution "QueryReportStatus" started	[MsgId: MMSG-108760]
Action.c(36): SQL Statement  execution was successful	[MsgId: MMSG-108759]
Action.c(36): ================================================	[MsgId: MMSG0]
The result is 0	[MsgId: MMSG-17999]
Action.c(50): SQL Statement  execution "QueryReportStatus" started	[MsgId: MMSG-108760]
Action.c(50): Warning :No dataset was created.	[MsgId: MMSG0]
Action.c(50): SQL Statement  execution was successful	[MsgId: MMSG-108759]
Action.c(50): ================================================	[MsgId: MMSG0]
The result is 0	[MsgId: MMSG-17999]
Ending action Action.	[MsgId: MMSG-15918]
Ending iteration 4.	[MsgId: MMSG-15965]
Waiting 25.1390 seconds for iteration pacing.	[MsgId: MMSG-15996]
Starting iteration 4.	[MsgId: MMSG-15968]
Starting action Action.	[MsgId: MMSG-15919]
Action.c(22): web_set_max_html_param_len was successful  	[MsgId: MMSG-26392]
Action.c(36): SQL Statement  execution "QueryReportStatus" started	[MsgId: MMSG-108760]
Action.c(36): SQL Statement  execution was successful	[MsgId: MMSG-108759]
Action.c(36): ================================================	[MsgId: MMSG0]
The result is 0	[MsgId: MMSG-17999]
Action.c(50): SQL Statement  execution "QueryReportStatus" started	[MsgId: MMSG-108760]
Action.c(50): Warning :No dataset was created.	[MsgId: MMSG0]
Action.c(50): SQL Statement  execution was successful	[MsgId: MMSG-108759]
Action.c(50): ================================================	[MsgId: MMSG0]
The result is 0	[MsgId: MMSG-17999]
Ending action Action.	[MsgId: MMSG-15918]
Ending iteration 4.	[MsgId: MMSG-15965]
Waiting 23.6520 seconds for iteration pacing.	[MsgId: MMSG-15996]
Starting iteration 4.	[MsgId: MMSG-15968]
Starting action Action.	[MsgId: MMSG-15919]
Action.c(22): web_set_max_html_param_len was successful  	[MsgId: MMSG-26392]
Action.c(36): SQL Statement  execution "QueryReportStatus" started	[MsgId: MMSG-108760]
Action.c(36): SQL Statement  execution was successful	[MsgId: MMSG-108759]
Action.c(36): ================================================	[MsgId: MMSG0]
The result is 0	[MsgId: MMSG-17999]
Action.c(50): SQL Statement  execution "QueryReportStatus" started	[MsgId: MMSG-108760]
Action.c(50): Warning :No dataset was created.	[MsgId: MMSG0]
Action.c(50): SQL Statement  execution was successful	[MsgId: MMSG-108759]
Action.c(50): ================================================	[MsgId: MMSG0]
The result is 0	[MsgId: MMSG-17999]
Ending action Action.	[MsgId: MMSG-15918]
Ending iteration 4.	[MsgId: MMSG-15965]
Waiting 10.8530 seconds for iteration pacing.	[MsgId: MMSG-15996]
Starting iteration 4.	[MsgId: MMSG-15968]
Starting action Action.	[MsgId: MMSG-15919]
Action.c(22): web_set_max_html_param_len was successful  	[MsgId: MMSG-26392]
Action.c(36): SQL Statement  execution "QueryReportStatus" started	[MsgId: MMSG-108760]
Action.c(36): SQL Statement  execution was successful	[MsgId: MMSG-108759]
Action.c(36): ================================================	[MsgId: MMSG0]
The result is 0	[MsgId: MMSG-17999]
Action.c(50): SQL Statement  execution "QueryReportStatus" started	[MsgId: MMSG-108760]
Starting iteration 6.	[MsgId: MMSG-15968]
Starting action Action.	[MsgId: MMSG-15919]
Action.c(22): web_set_max_html_param_len was successful  	[MsgId: MMSG-26392]
Action.c(36): SQL Statement  execution "QueryReportStatus" started	[MsgId: MMSG-108760]
Action.c(36): SQL Statement  execution was successful	[MsgId: MMSG-108759]
Action.c(36): ================================================	[MsgId: MMSG0]
The result is 0	[MsgId: MMSG-17999]
Action.c(50): SQL Statement  execution "QueryReportStatus" started	[MsgId: MMSG-108760]
Starting iteration 5.	[MsgId: MMSG-15968]
Starting action Action.	[MsgId: MMSG-15919]
Action.c(22): web_set_max_html_param_len was successful  	[MsgId: MMSG-26392]
Action.c(36): SQL Statement  execution "QueryReportStatus" started	[MsgId: MMSG-108760]
Action.c(36): SQL Statement  execution was successful	[MsgId: MMSG-108759]
Action.c(36): ================================================	[MsgId: MMSG0]
The result is 0	[MsgId: MMSG-17999]
Action.c(50): SQL Statement  execution "QueryReportStatus" started	[MsgId: MMSG-108760]
Starting iteration 2.	[MsgId: MMSG-15968]
Starting action Action.	[MsgId: MMSG-15919]
Action.c(22): web_set_max_html_param_len was successful  	[MsgId: MMSG-26392]
Action.c(36): SQL Statement  execution "QueryReportStatus" started	[MsgId: MMSG-108760]
Action.c(36): SQL Statement  execution was successful	[MsgId: MMSG-108759]
Action.c(36): ================================================	[MsgId: MMSG0]
The result is 0	[MsgId: MMSG-17999]
Action.c(50): SQL Statement  execution "QueryReportStatus" started	[MsgId: MMSG-108760]
Starting iteration 3.	[MsgId: MMSG-15968]
Starting action Action.	[MsgId: MMSG-15919]
Action.c(22): web_set_max_html_param_len was successful  	[MsgId: MMSG-26392]
Action.c(36): SQL Statement  execution "QueryReportStatus" started	[MsgId: MMSG-108760]
Action.c(36): SQL Statement  execution was successful	[MsgId: MMSG-108759]
Action.c(36): ================================================	[MsgId: MMSG0]
The result is 0	[MsgId: MMSG-17999]
Action.c(50): SQL Statement  execution "QueryReportStatus" started	[MsgId: MMSG-108760]
Starting iteration 5.	[MsgId: MMSG-15968]
Starting action Action.	[MsgId: MMSG-15919]
Action.c(22): web_set_max_html_param_len was successful  	[MsgId: MMSG-26392]
Action.c(36): SQL Statement  execution "QueryReportStatus" started	[MsgId: MMSG-108760]
Action.c(36): SQL Statement  execution was successful	[MsgId: MMSG-108759]
Action.c(36): ================================================	[MsgId: MMSG0]
The result is 0	[MsgId: MMSG-17999]
Action.c(50): SQL Statement  execution "QueryReportStatus" started	[MsgId: MMSG-108760]
Starting iteration 5.	[MsgId: MMSG-15968]
Starting action Action.	[MsgId: MMSG-15919]
Action.c(22): web_set_max_html_param_len was successful  	[MsgId: MMSG-26392]
Action.c(36): SQL Statement  execution "QueryReportStatus" started	[MsgId: MMSG-108760]
Action.c(36): SQL Statement  execution was successful	[MsgId: MMSG-108759]
Action.c(36): ================================================	[MsgId: MMSG0]
The result is 0	[MsgId: MMSG-17999]
Action.c(50): SQL Statement  execution "QueryReportStatus" started	[MsgId: MMSG-108760]
Starting iteration 5.	[MsgId: MMSG-15968]
Starting action Action.	[MsgId: MMSG-15919]
Action.c(22): web_set_max_html_param_len was successful  	[MsgId: MMSG-26392]
Action.c(36): SQL Statement  execution "QueryReportStatus" started	[MsgId: MMSG-108760]
Action.c(36): SQL Statement  execution was successful	[MsgId: MMSG-108759]
Action.c(36): ================================================	[MsgId: MMSG0]
The result is 0	[MsgId: MMSG-17999]
Action.c(50): SQL Statement  execution "QueryReportStatus" started	[MsgId: MMSG-108760]
Action.c(50): Error: SQL Statement failed {"事务(进程 ID 117)与另一个进程被死锁在 锁 | 通信缓冲区 资源上，并且已被选作死锁牺牲品。请重新运行该事务。"}	[MsgId: MERR-108756]
Action.c(50): Error: SQL Statement failed {"QueryReportStatus"}	[MsgId: MERR-108756]
Action.c(50): Warning :No dataset was created.	[MsgId: MMSG0]
Action.c(50): Warning :No dataset was created.	[MsgId: MMSG0]
Action.c(50): Warning :No dataset was created.	[MsgId: MMSG0]
Action.c(50): Warning :No dataset was created.	[MsgId: MMSG0]
Action.c(50): SQL Statement  execution was successful	[MsgId: MMSG-108759]
Action.c(50): SQL Statement  execution was successful	[MsgId: MMSG-108759]
Action.c(50): SQL Statement  execution was successful	[MsgId: MMSG-108759]
Action.c(50): SQL Statement  execution was successful	[MsgId: MMSG-108759]
Action.c(50): ================================================	[MsgId: MMSG0]
Action.c(50): ================================================	[MsgId: MMSG0]
Action.c(50): ================================================	[MsgId: MMSG0]
Action.c(50): ================================================	[MsgId: MMSG0]
The result is 0	[MsgId: MMSG-17999]
The result is 0	[MsgId: MMSG-17999]
Action.c(50): Warning :No dataset was created.	[MsgId: MMSG0]
Action.c(50): SQL Statement  execution was successful	[MsgId: MMSG-108759]
Action.c(50): ================================================	[MsgId: MMSG0]
The result is 0	[MsgId: MMSG-17999]
Ending action Action.	[MsgId: MMSG-15918]
Ending action Action.	[MsgId: MMSG-15918]
Ending iteration 5.	[MsgId: MMSG-15965]
Waiting 28.4730 seconds for iteration pacing.	[MsgId: MMSG-15996]
Ending iteration 5.	[MsgId: MMSG-15965]
Waiting 11.2340 seconds for iteration pacing.	[MsgId: MMSG-15996]
Action.c(50): Warning :No dataset was created.	[MsgId: MMSG0]
Action.c(50): SQL Statement  execution was successful	[MsgId: MMSG-108759]
Action.c(50): ================================================	[MsgId: MMSG0]
Ending action Action.	[MsgId: MMSG-15918]
The result is 0	[MsgId: MMSG-17999]
Ending iteration 6.	[MsgId: MMSG-15965]
Waiting 16.9350 seconds for iteration pacing.	[MsgId: MMSG-15996]
The result is 0	[MsgId: MMSG-17999]
Ending action Action.	[MsgId: MMSG-15918]
Ending iteration 5.	[MsgId: MMSG-15965]
Action.c(50): Warning :No dataset was created.	[MsgId: MMSG0]
Waiting 29.8740 seconds for iteration pacing.	[MsgId: MMSG-15996]
Action.c(50): SQL Statement  execution was successful	[MsgId: MMSG-108759]
Ending action Action.	[MsgId: MMSG-15918]
Action.c(50): ================================================	[MsgId: MMSG0]
Ending iteration 2.	[MsgId: MMSG-15965]
Waiting 8.5820 seconds for iteration pacing.	[MsgId: MMSG-15996]
The result is 0	[MsgId: MMSG-17999]
Ending action Action.	[MsgId: MMSG-15918]
Ending iteration 5.	[MsgId: MMSG-15965]
Waiting 18.6060 seconds for iteration pacing.	[MsgId: MMSG-15996]
The result is 0	[MsgId: MMSG-17999]
Ending action Action.	[MsgId: MMSG-15918]
Ending iteration 3.	[MsgId: MMSG-15965]
Waiting 17.4550 seconds for iteration pacing.	[MsgId: MMSG-15996]
