Virtual User Script started at : 2018-08-06 10:19:22	[MsgId: MMSG-15967]
Starting action vuser_init.	[MsgId: MMSG-15919]
vuser_init.c(3): DB Connection "Connect" started ... Wait ....	[MsgId: MMSG-108774]
vuser_init.c(3): DB connection was successful	[MsgId: MMSG-108773]
Ending action vuser_init.	[MsgId: MMSG-15918]
Running Vuser...	[MsgId: MMSG-15964]
Virtual User Script started at : 2018-08-06 10:19:23	[MsgId: MMSG-15967]
Starting action vuser_init.	[MsgId: MMSG-15919]
vuser_init.c(3): DB Connection "Connect" started ... Wait ....	[MsgId: MMSG-108774]
vuser_init.c(3): DB connection was successful	[MsgId: MMSG-108773]
Ending action vuser_init.	[MsgId: MMSG-15918]
Running Vuser...	[MsgId: MMSG-15964]
Virtual User Script started at : 2018-08-06 10:19:23	[MsgId: MMSG-15967]
Starting action vuser_init.	[MsgId: MMSG-15919]
vuser_init.c(3): DB Connection "Connect" started ... Wait ....	[MsgId: MMSG-108774]
vuser_init.c(3): DB connection was successful	[MsgId: MMSG-108773]
Ending action vuser_init.	[MsgId: MMSG-15918]
Running Vuser...	[MsgId: MMSG-15964]
Virtual User Script started at : 2018-08-06 10:19:24	[MsgId: MMSG-15967]
Starting action vuser_init.	[MsgId: MMSG-15919]
vuser_init.c(3): DB Connection "Connect" started ... Wait ....	[MsgId: MMSG-108774]
vuser_init.c(3): DB connection was successful	[MsgId: MMSG-108773]
Ending action vuser_init.	[MsgId: MMSG-15918]
Running Vuser...	[MsgId: MMSG-15964]
Virtual User Script started at : 2018-08-06 10:19:25	[MsgId: MMSG-15967]
Starting action vuser_init.	[MsgId: MMSG-15919]
vuser_init.c(3): DB Connection "Connect" started ... Wait ....	[MsgId: MMSG-108774]
vuser_init.c(3): DB connection was successful	[MsgId: MMSG-108773]
Ending action vuser_init.	[MsgId: MMSG-15918]
Running Vuser...	[MsgId: MMSG-15964]
Virtual User Script started at : 2018-08-06 10:19:26	[MsgId: MMSG-15967]
Starting action vuser_init.	[MsgId: MMSG-15919]
vuser_init.c(3): DB Connection "Connect" started ... Wait ....	[MsgId: MMSG-108774]
vuser_init.c(3): DB connection was successful	[MsgId: MMSG-108773]
Ending action vuser_init.	[MsgId: MMSG-15918]
Running Vuser...	[MsgId: MMSG-15964]
Virtual User Script started at : 2018-08-06 10:19:27	[MsgId: MMSG-15967]
Starting action vuser_init.	[MsgId: MMSG-15919]
vuser_init.c(3): DB Connection "Connect" started ... Wait ....	[MsgId: MMSG-108774]
vuser_init.c(3): DB connection was successful	[MsgId: MMSG-108773]
Ending action vuser_init.	[MsgId: MMSG-15918]
Running Vuser...	[MsgId: MMSG-15964]
Virtual User Script started at : 2018-08-06 10:19:28	[MsgId: MMSG-15967]
Starting action vuser_init.	[MsgId: MMSG-15919]
vuser_init.c(3): DB Connection "Connect" started ... Wait ....	[MsgId: MMSG-108774]
vuser_init.c(3): DB connection was successful	[MsgId: MMSG-108773]
Ending action vuser_init.	[MsgId: MMSG-15918]
Running Vuser...	[MsgId: MMSG-15964]
Starting iteration 1.	[MsgId: MMSG-15968]
Starting action Action.	[MsgId: MMSG-15919]
Action.c(22): web_set_max_html_param_len was successful  	[MsgId: MMSG-26392]
Action.c(36): SQL Statement  execution "QueryReportStatus" started	[MsgId: MMSG-108760]
Action.c(36): SQL Statement  execution was successful	[MsgId: MMSG-108759]
Action.c(36): ================================================	[MsgId: MMSG0]
The result is 1	[MsgId: MMSG-17999]
Action.c(63): lr_think_time: 10.00 seconds.	[MsgId: MMSG-15948]
Action.c(68): SQL Statement  execution "QueryReportStatus" started	[MsgId: MMSG-108760]
Action.c(68): SQL Statement  execution was successful	[MsgId: MMSG-108759]
Action.c(68): ================================================	[MsgId: MMSG0]
Action.c(83): Notify: Transaction "Film TerminalStatus" started.	[MsgId: MMSG-16999]
Action.c(85): Warning -26593: The header being added may cause unpredictable results when applied to all ensuing URLs. It is added anyway  	[MsgId: MWAR-26593]
Action.c(85): web_add_auto_header("content-type") highest severity level was "warning"  	[MsgId: MMSG-26391]
Starting iteration 1.	[MsgId: MMSG-15968]
Starting action Action.	[MsgId: MMSG-15919]
Action.c(22): web_set_max_html_param_len was successful  	[MsgId: MMSG-26392]
Action.c(36): SQL Statement  execution "QueryReportStatus" started	[MsgId: MMSG-108760]
Action.c(36): SQL Statement  execution was successful	[MsgId: MMSG-108759]
Action.c(36): ================================================	[MsgId: MMSG0]
The result is 1	[MsgId: MMSG-17999]
Action.c(63): lr_think_time: 10.00 seconds.	[MsgId: MMSG-15948]
Action.c(86): web_custom_request("web_custom_request") was successful, 599 body bytes, 259 header bytes  	[MsgId: MMSG-26386]
Action.c(96): Notify: Transaction "Film TerminalStatus" ended with "Pass" status (Duration: 0.6015).	[MsgId: MMSG-16873]
Action.c(99): lr_think_time: 5.00 seconds.	[MsgId: MMSG-15948]
Action.c(106): lr_think_time: 5.00 seconds.	[MsgId: MMSG-15948]
Action.c(68): SQL Statement  execution "QueryReportStatus" started	[MsgId: MMSG-108760]
Action.c(68): SQL Statement  execution was successful	[MsgId: MMSG-108759]
Action.c(68): ================================================	[MsgId: MMSG0]
Action.c(83): Notify: Transaction "Film TerminalStatus" started.	[MsgId: MMSG-16999]
Action.c(85): Warning -26593: The header being added may cause unpredictable results when applied to all ensuing URLs. It is added anyway  	[MsgId: MWAR-26593]
Action.c(85): web_add_auto_header("content-type") highest severity level was "warning"  	[MsgId: MMSG-26391]
Action.c(86): web_custom_request("web_custom_request") was successful, 600 body bytes, 259 header bytes  	[MsgId: MMSG-26386]
Action.c(96): Notify: Transaction "Film TerminalStatus" ended with "Pass" status (Duration: 0.0095).	[MsgId: MMSG-16873]
Action.c(99): lr_think_time: 5.00 seconds.	[MsgId: MMSG-15948]
Starting iteration 1.	[MsgId: MMSG-15968]
Starting action Action.	[MsgId: MMSG-15919]
Action.c(22): web_set_max_html_param_len was successful  	[MsgId: MMSG-26392]
Action.c(36): SQL Statement  execution "QueryReportStatus" started	[MsgId: MMSG-108760]
Action.c(36): SQL Statement  execution was successful	[MsgId: MMSG-108759]
Action.c(36): ================================================	[MsgId: MMSG0]
The result is 1	[MsgId: MMSG-17999]
Action.c(63): lr_think_time: 10.00 seconds.	[MsgId: MMSG-15948]
Action.c(109): Registering web_reg_save_param was successful  	[MsgId: MMSG-26390]
Action.c(115): Notify: Transaction "Film Create_PrintTask" started.	[MsgId: MMSG-16999]
Action.c(117): Warning -26593: The header being added may cause unpredictable results when applied to all ensuing URLs. It is added anyway  	[MsgId: MWAR-26593]
Action.c(117): web_add_auto_header("content-type") highest severity level was "warning"  	[MsgId: MMSG-26391]
Action.c(106): lr_think_time: 5.00 seconds.	[MsgId: MMSG-15948]
Action.c(119): web_custom_request("web_custom_request") was successful, 725 body bytes, 259 header bytes  	[MsgId: MMSG-26386]
Action.c(130): Notify: Transaction "Film Create_PrintTask" ended with "Pass" status (Duration: 5.3958 Wasted Time: 0.0001).	[MsgId: MMSG-16871]
Action.c(159): Notify: Transaction "Film PrintTask" started.	[MsgId: MMSG-16999]
Action.c(161): Warning -26593: The header being added may cause unpredictable results when applied to all ensuing URLs. It is added anyway  	[MsgId: MWAR-26593]
Action.c(161): web_add_auto_header("content-type") highest severity level was "warning"  	[MsgId: MMSG-26391]
Action.c(163): web_custom_request("web_custom_request") was successful, 722 body bytes, 259 header bytes  	[MsgId: MMSG-26386]
Action.c(174): Notify: Transaction "Film PrintTask" ended with "Pass" status (Duration: 0.0655).	[MsgId: MMSG-16873]
Action.c(176): lr_think_time: 5.00 seconds.	[MsgId: MMSG-15948]
Action.c(109): Registering web_reg_save_param was successful  	[MsgId: MMSG-26390]
Action.c(115): Notify: Transaction "Film Create_PrintTask" started.	[MsgId: MMSG-16999]
Action.c(117): Warning -26593: The header being added may cause unpredictable results when applied to all ensuing URLs. It is added anyway  	[MsgId: MWAR-26593]
Action.c(117): web_add_auto_header("content-type") highest severity level was "warning"  	[MsgId: MMSG-26391]
Action.c(68): SQL Statement  execution "QueryReportStatus" started	[MsgId: MMSG-108760]
Action.c(68): SQL Statement  execution was successful	[MsgId: MMSG-108759]
Action.c(68): ================================================	[MsgId: MMSG0]
Action.c(83): Notify: Transaction "Film TerminalStatus" started.	[MsgId: MMSG-16999]
Action.c(85): Warning -26593: The header being added may cause unpredictable results when applied to all ensuing URLs. It is added anyway  	[MsgId: MWAR-26593]
Action.c(85): web_add_auto_header("content-type") highest severity level was "warning"  	[MsgId: MMSG-26391]
Action.c(86): web_custom_request("web_custom_request") was successful, 599 body bytes, 259 header bytes  	[MsgId: MMSG-26386]
Action.c(96): Notify: Transaction "Film TerminalStatus" ended with "Pass" status (Duration: 0.0276).	[MsgId: MMSG-16873]
Starting iteration 1.	[MsgId: MMSG-15968]
Action.c(99): lr_think_time: 5.00 seconds.	[MsgId: MMSG-15948]
Starting action Action.	[MsgId: MMSG-15919]
Action.c(22): web_set_max_html_param_len was successful  	[MsgId: MMSG-26392]
Action.c(36): SQL Statement  execution "QueryReportStatus" started	[MsgId: MMSG-108760]
Action.c(36): SQL Statement  execution was successful	[MsgId: MMSG-108759]
Action.c(36): ================================================	[MsgId: MMSG0]
The result is 1	[MsgId: MMSG-17999]
Action.c(63): lr_think_time: 10.00 seconds.	[MsgId: MMSG-15948]
Action.c(119): web_custom_request("web_custom_request") was successful, 726 body bytes, 259 header bytes  	[MsgId: MMSG-26386]
Action.c(130): Notify: Transaction "Film Create_PrintTask" ended with "Pass" status (Duration: 0.8225 Wasted Time: 0.0000).	[MsgId: MMSG-16871]
Action.c(159): Notify: Transaction "Film PrintTask" started.	[MsgId: MMSG-16999]
Action.c(161): Warning -26593: The header being added may cause unpredictable results when applied to all ensuing URLs. It is added anyway  	[MsgId: MWAR-26593]
Action.c(161): web_add_auto_header("content-type") highest severity level was "warning"  	[MsgId: MMSG-26391]
Action.c(163): web_custom_request("web_custom_request") was successful, 723 body bytes, 259 header bytes  	[MsgId: MMSG-26386]
Action.c(174): Notify: Transaction "Film PrintTask" ended with "Pass" status (Duration: 0.0249).	[MsgId: MMSG-16873]
Action.c(176): lr_think_time: 5.00 seconds.	[MsgId: MMSG-15948]
Action.c(184): lr_think_time: 10.00 seconds.	[MsgId: MMSG-15948]
Action.c(106): lr_think_time: 5.00 seconds.	[MsgId: MMSG-15948]
Action.c(184): lr_think_time: 10.00 seconds.	[MsgId: MMSG-15948]
Action.c(109): Registering web_reg_save_param was successful  	[MsgId: MMSG-26390]
Action.c(68): SQL Statement  execution "QueryReportStatus" started	[MsgId: MMSG-108760]
Action.c(115): Notify: Transaction "Film Create_PrintTask" started.	[MsgId: MMSG-16999]
Action.c(117): Warning -26593: The header being added may cause unpredictable results when applied to all ensuing URLs. It is added anyway  	[MsgId: MWAR-26593]
Action.c(117): web_add_auto_header("content-type") highest severity level was "warning"  	[MsgId: MMSG-26391]
Action.c(68): SQL Statement  execution was successful	[MsgId: MMSG-108759]
Action.c(68): ================================================	[MsgId: MMSG0]
Action.c(83): Notify: Transaction "Film TerminalStatus" started.	[MsgId: MMSG-16999]
Action.c(85): Warning -26593: The header being added may cause unpredictable results when applied to all ensuing URLs. It is added anyway  	[MsgId: MWAR-26593]
Action.c(85): web_add_auto_header("content-type") highest severity level was "warning"  	[MsgId: MMSG-26391]
Starting iteration 1.	[MsgId: MMSG-15968]
Starting action Action.	[MsgId: MMSG-15919]
Action.c(22): web_set_max_html_param_len was successful  	[MsgId: MMSG-26392]
Action.c(36): SQL Statement  execution "QueryReportStatus" started	[MsgId: MMSG-108760]
Action.c(36): SQL Statement  execution was successful	[MsgId: MMSG-108759]
Action.c(36): ================================================	[MsgId: MMSG0]
The result is 1	[MsgId: MMSG-17999]
Action.c(63): lr_think_time: 10.00 seconds.	[MsgId: MMSG-15948]
Action.c(86): web_custom_request("web_custom_request") was successful, 599 body bytes, 259 header bytes  	[MsgId: MMSG-26386]
Action.c(96): Notify: Transaction "Film TerminalStatus" ended with "Pass" status (Duration: 0.0422).	[MsgId: MMSG-16873]
Action.c(99): lr_think_time: 5.00 seconds.	[MsgId: MMSG-15948]
Action.c(119): web_custom_request("web_custom_request") was successful, 725 body bytes, 259 header bytes  	[MsgId: MMSG-26386]
Action.c(130): Notify: Transaction "Film Create_PrintTask" ended with "Pass" status (Duration: 0.8408 Wasted Time: 0.0000).	[MsgId: MMSG-16871]
Action.c(159): Notify: Transaction "Film PrintTask" started.	[MsgId: MMSG-16999]
Action.c(161): Warning -26593: The header being added may cause unpredictable results when applied to all ensuing URLs. It is added anyway  	[MsgId: MWAR-26593]
Action.c(161): web_add_auto_header("content-type") highest severity level was "warning"  	[MsgId: MMSG-26391]
Action.c(163): web_custom_request("web_custom_request") was successful, 722 body bytes, 259 header bytes  	[MsgId: MMSG-26386]
Action.c(174): Notify: Transaction "Film PrintTask" ended with "Pass" status (Duration: 0.0168).	[MsgId: MMSG-16873]
Action.c(176): lr_think_time: 5.00 seconds.	[MsgId: MMSG-15948]
Action.c(186): Registering web_reg_save_param was successful  	[MsgId: MMSG-26390]
Action.c(191): Notify: Transaction "Film_PrintStatus_CheckService" started.	[MsgId: MMSG-16999]
Action.c(193): Warning -26593: The header being added may cause unpredictable results when applied to all ensuing URLs. It is added anyway  	[MsgId: MWAR-26593]
Action.c(193): web_add_auto_header("content-type") highest severity level was "warning"  	[MsgId: MMSG-26391]
Action.c(194): web_custom_request("web_custom_request") was successful, 732 body bytes, 259 header bytes  	[MsgId: MMSG-26386]
Action.c(204): Notify: Transaction "Film_PrintStatus_CheckService" ended with "Pass" status (Duration: 0.0324 Wasted Time: 0.0000).	[MsgId: MMSG-16871]
Action.c(206): PrintStatus in DataBase-------,0	[MsgId: MMSG-17999]
Action.c(208): PrintStatus Check result-------,-4	[MsgId: MMSG-17999]
Action.c(184): lr_think_time: 10.00 seconds.	[MsgId: MMSG-15948]
Action.c(106): lr_think_time: 5.00 seconds.	[MsgId: MMSG-15948]
Action.c(186): Registering web_reg_save_param was successful  	[MsgId: MMSG-26390]
Action.c(191): Notify: Transaction "Film_PrintStatus_CheckService" started.	[MsgId: MMSG-16999]
Action.c(193): Warning -26593: The header being added may cause unpredictable results when applied to all ensuing URLs. It is added anyway  	[MsgId: MWAR-26593]
Action.c(193): web_add_auto_header("content-type") highest severity level was "warning"  	[MsgId: MMSG-26391]
Action.c(194): web_custom_request("web_custom_request") was successful, 732 body bytes, 259 header bytes  	[MsgId: MMSG-26386]
Action.c(204): Notify: Transaction "Film_PrintStatus_CheckService" ended with "Pass" status (Duration: 0.0199 Wasted Time: 0.0000).	[MsgId: MMSG-16871]
Action.c(206): PrintStatus in DataBase-------,1	[MsgId: MMSG-17999]
Action.c(208): PrintStatus Check result-------,-3	[MsgId: MMSG-17999]
Action.c(184): lr_think_time: 10.00 seconds.	[MsgId: MMSG-15948]
Action.c(184): lr_think_time: 10.00 seconds.	[MsgId: MMSG-15948]
Action.c(68): SQL Statement  execution "QueryReportStatus" started	[MsgId: MMSG-108760]
Action.c(68): SQL Statement  execution was successful	[MsgId: MMSG-108759]
Action.c(68): ================================================	[MsgId: MMSG0]
Action.c(83): Notify: Transaction "Film TerminalStatus" started.	[MsgId: MMSG-16999]
Action.c(85): Warning -26593: The header being added may cause unpredictable results when applied to all ensuing URLs. It is added anyway  	[MsgId: MWAR-26593]
Action.c(85): web_add_auto_header("content-type") highest severity level was "warning"  	[MsgId: MMSG-26391]
Action.c(109): Registering web_reg_save_param was successful  	[MsgId: MMSG-26390]
Action.c(115): Notify: Transaction "Film Create_PrintTask" started.	[MsgId: MMSG-16999]
Action.c(117): Warning -26593: The header being added may cause unpredictable results when applied to all ensuing URLs. It is added anyway  	[MsgId: MWAR-26593]
Action.c(117): web_add_auto_header("content-type") highest severity level was "warning"  	[MsgId: MMSG-26391]
Action.c(86): web_custom_request("web_custom_request") was successful, 602 body bytes, 259 header bytes  	[MsgId: MMSG-26386]
Action.c(96): Notify: Transaction "Film TerminalStatus" ended with "Pass" status (Duration: 0.0128).	[MsgId: MMSG-16873]
Action.c(99): lr_think_time: 5.00 seconds.	[MsgId: MMSG-15948]
Starting iteration 1.	[MsgId: MMSG-15968]
Starting action Action.	[MsgId: MMSG-15919]
Action.c(22): web_set_max_html_param_len was successful  	[MsgId: MMSG-26392]
Action.c(36): SQL Statement  execution "QueryReportStatus" started	[MsgId: MMSG-108760]
Action.c(36): SQL Statement  execution was successful	[MsgId: MMSG-108759]
Action.c(36): ================================================	[MsgId: MMSG0]
The result is 1	[MsgId: MMSG-17999]
Action.c(63): lr_think_time: 10.00 seconds.	[MsgId: MMSG-15948]
Action.c(119): web_custom_request("web_custom_request") was successful, 725 body bytes, 259 header bytes  	[MsgId: MMSG-26386]
Action.c(130): Notify: Transaction "Film Create_PrintTask" ended with "Pass" status (Duration: 0.8517 Wasted Time: 0.0000).	[MsgId: MMSG-16871]
Action.c(159): Notify: Transaction "Film PrintTask" started.	[MsgId: MMSG-16999]
Action.c(161): Warning -26593: The header being added may cause unpredictable results when applied to all ensuing URLs. It is added anyway  	[MsgId: MWAR-26593]
Action.c(161): web_add_auto_header("content-type") highest severity level was "warning"  	[MsgId: MMSG-26391]
Action.c(163): web_custom_request("web_custom_request") was successful, 722 body bytes, 259 header bytes  	[MsgId: MMSG-26386]
Action.c(174): Notify: Transaction "Film PrintTask" ended with "Pass" status (Duration: 0.0494).	[MsgId: MMSG-16873]
Action.c(176): lr_think_time: 5.00 seconds.	[MsgId: MMSG-15948]
Action.c(186): Registering web_reg_save_param was successful  	[MsgId: MMSG-26390]
Action.c(191): Notify: Transaction "Film_PrintStatus_CheckService" started.	[MsgId: MMSG-16999]
Action.c(193): Warning -26593: The header being added may cause unpredictable results when applied to all ensuing URLs. It is added anyway  	[MsgId: MWAR-26593]
Action.c(193): web_add_auto_header("content-type") highest severity level was "warning"  	[MsgId: MMSG-26391]
Action.c(194): web_custom_request("web_custom_request") was successful, 731 body bytes, 259 header bytes  	[MsgId: MMSG-26386]
Action.c(204): Notify: Transaction "Film_PrintStatus_CheckService" ended with "Pass" status (Duration: 0.0176 Wasted Time: 0.0000).	[MsgId: MMSG-16871]
Action.c(206): PrintStatus in DataBase-------,1	[MsgId: MMSG-17999]
Action.c(208): PrintStatus Check result-------,-3	[MsgId: MMSG-17999]
Action.c(184): lr_think_time: 10.00 seconds.	[MsgId: MMSG-15948]
Action.c(106): lr_think_time: 5.00 seconds.	[MsgId: MMSG-15948]
Action.c(186): Registering web_reg_save_param was successful  	[MsgId: MMSG-26390]
Action.c(191): Notify: Transaction "Film_PrintStatus_CheckService" started.	[MsgId: MMSG-16999]
Action.c(193): Warning -26593: The header being added may cause unpredictable results when applied to all ensuing URLs. It is added anyway  	[MsgId: MWAR-26593]
Action.c(193): web_add_auto_header("content-type") highest severity level was "warning"  	[MsgId: MMSG-26391]
Action.c(186): Registering web_reg_save_param was successful  	[MsgId: MMSG-26390]
Action.c(191): Notify: Transaction "Film_PrintStatus_CheckService" started.	[MsgId: MMSG-16999]
Action.c(193): Warning -26593: The header being added may cause unpredictable results when applied to all ensuing URLs. It is added anyway  	[MsgId: MWAR-26593]
Action.c(193): web_add_auto_header("content-type") highest severity level was "warning"  	[MsgId: MMSG-26391]
Action.c(194): web_custom_request("web_custom_request") was successful, 728 body bytes, 259 header bytes  	[MsgId: MMSG-26386]
Action.c(204): Notify: Transaction "Film_PrintStatus_CheckService" ended with "Pass" status (Duration: 0.0519 Wasted Time: 0.0000).	[MsgId: MMSG-16871]
Action.c(206): PrintStatus in DataBase-------,4	[MsgId: MMSG-17999]
Action.c(208): PrintStatus Check result-------,0	[MsgId: MMSG-17999]
Action.c(212): PrintStatus-------,2	[MsgId: MMSG-17999]
Action.c(216): Notify: Transaction "Film PrintTask_Result_Correct" started.	[MsgId: MMSG-16999]
Action.c(217): lr_think_time: 1.00 seconds.	[MsgId: MMSG-15948]
Action.c(194): web_custom_request("web_custom_request") was successful, 732 body bytes, 259 header bytes  	[MsgId: MMSG-26386]
Action.c(204): Notify: Transaction "Film_PrintStatus_CheckService" ended with "Pass" status (Duration: 0.0234 Wasted Time: 0.0000).	[MsgId: MMSG-16871]
Action.c(206): PrintStatus in DataBase-------,0	[MsgId: MMSG-17999]
Action.c(208): PrintStatus Check result-------,-4	[MsgId: MMSG-17999]
Action.c(184): lr_think_time: 10.00 seconds.	[MsgId: MMSG-15948]
Action.c(184): lr_think_time: 10.00 seconds.	[MsgId: MMSG-15948]
Action.c(218): Notify: Transaction "Film PrintTask_Result_Correct" ended with "Pass" status (Duration: 1.0078 Think Time: 1.0077).	[MsgId: MMSG-16872]
Action.c(223): SQL Statement  execution "QueryReportStatus" started	[MsgId: MMSG-108760]
Action.c(223): Warning :No dataset was created.	[MsgId: MMSG0]
Action.c(223): SQL Statement  execution was successful	[MsgId: MMSG-108759]
Action.c(223): ================================================	[MsgId: MMSG0]
Action.c(254): lr_think_time: 5.00 seconds.	[MsgId: MMSG-15948]
Action.c(109): Registering web_reg_save_param was successful  	[MsgId: MMSG-26390]
Action.c(115): Notify: Transaction "Film Create_PrintTask" started.	[MsgId: MMSG-16999]
Action.c(117): Warning -26593: The header being added may cause unpredictable results when applied to all ensuing URLs. It is added anyway  	[MsgId: MWAR-26593]
Action.c(117): web_add_auto_header("content-type") highest severity level was "warning"  	[MsgId: MMSG-26391]
Action.c(68): SQL Statement  execution "QueryReportStatus" started	[MsgId: MMSG-108760]
Action.c(68): SQL Statement  execution was successful	[MsgId: MMSG-108759]
Action.c(68): ================================================	[MsgId: MMSG0]
Action.c(83): Notify: Transaction "Film TerminalStatus" started.	[MsgId: MMSG-16999]
Action.c(85): Warning -26593: The header being added may cause unpredictable results when applied to all ensuing URLs. It is added anyway  	[MsgId: MWAR-26593]
Action.c(85): web_add_auto_header("content-type") highest severity level was "warning"  	[MsgId: MMSG-26391]
Action.c(86): web_custom_request("web_custom_request") was successful, 604 body bytes, 259 header bytes  	[MsgId: MMSG-26386]
Action.c(96): Notify: Transaction "Film TerminalStatus" ended with "Pass" status (Duration: 0.0147).	[MsgId: MMSG-16873]
Action.c(99): lr_think_time: 5.00 seconds.	[MsgId: MMSG-15948]
Starting iteration 1.	[MsgId: MMSG-15968]
Starting action Action.	[MsgId: MMSG-15919]
Action.c(22): web_set_max_html_param_len was successful  	[MsgId: MMSG-26392]
Action.c(36): SQL Statement  execution "QueryReportStatus" started	[MsgId: MMSG-108760]
Action.c(36): SQL Statement  execution was successful	[MsgId: MMSG-108759]
Action.c(36): ================================================	[MsgId: MMSG0]
The result is 1	[MsgId: MMSG-17999]
Action.c(63): lr_think_time: 10.00 seconds.	[MsgId: MMSG-15948]
Action.c(119): web_custom_request("web_custom_request") was successful, 728 body bytes, 259 header bytes  	[MsgId: MMSG-26386]
Action.c(130): Notify: Transaction "Film Create_PrintTask" ended with "Pass" status (Duration: 0.8338 Wasted Time: 0.0000).	[MsgId: MMSG-16871]
Action.c(159): Notify: Transaction "Film PrintTask" started.	[MsgId: MMSG-16999]
Action.c(161): Warning -26593: The header being added may cause unpredictable results when applied to all ensuing URLs. It is added anyway  	[MsgId: MWAR-26593]
Action.c(161): web_add_auto_header("content-type") highest severity level was "warning"  	[MsgId: MMSG-26391]
Action.c(163): web_custom_request("web_custom_request") was successful, 725 body bytes, 259 header bytes  	[MsgId: MMSG-26386]
Action.c(174): Notify: Transaction "Film PrintTask" ended with "Pass" status (Duration: 0.0160).	[MsgId: MMSG-16873]
Action.c(176): lr_think_time: 5.00 seconds.	[MsgId: MMSG-15948]
Action.c(186): Registering web_reg_save_param was successful  	[MsgId: MMSG-26390]
Action.c(191): Notify: Transaction "Film_PrintStatus_CheckService" started.	[MsgId: MMSG-16999]
Action.c(193): Warning -26593: The header being added may cause unpredictable results when applied to all ensuing URLs. It is added anyway  	[MsgId: MWAR-26593]
Action.c(193): web_add_auto_header("content-type") highest severity level was "warning"  	[MsgId: MMSG-26391]
Action.c(194): web_custom_request("web_custom_request") was successful, 727 body bytes, 259 header bytes  	[MsgId: MMSG-26386]
Action.c(204): Notify: Transaction "Film_PrintStatus_CheckService" ended with "Pass" status (Duration: 0.0175 Wasted Time: 0.0000).	[MsgId: MMSG-16871]
Action.c(206): PrintStatus in DataBase-------,4	[MsgId: MMSG-17999]
Action.c(208): PrintStatus Check result-------,0	[MsgId: MMSG-17999]
Action.c(212): PrintStatus-------,3	[MsgId: MMSG-17999]
Action.c(216): Notify: Transaction "Film PrintTask_Result_Correct" started.	[MsgId: MMSG-16999]
Action.c(217): lr_think_time: 1.00 seconds.	[MsgId: MMSG-15948]
Ending action Action.	[MsgId: MMSG-15918]
Ending iteration 1.	[MsgId: MMSG-15965]
Waiting 14.7040 seconds for iteration pacing.	[MsgId: MMSG-15996]
Action.c(218): Notify: Transaction "Film PrintTask_Result_Correct" ended with "Pass" status (Duration: 1.0111 Think Time: 1.0110).	[MsgId: MMSG-16872]
Action.c(223): SQL Statement  execution "QueryReportStatus" started	[MsgId: MMSG-108760]
Action.c(223): Warning :No dataset was created.	[MsgId: MMSG0]
Action.c(223): SQL Statement  execution was successful	[MsgId: MMSG-108759]
Action.c(223): ================================================	[MsgId: MMSG0]
Action.c(254): lr_think_time: 5.00 seconds.	[MsgId: MMSG-15948]
Action.c(106): lr_think_time: 5.00 seconds.	[MsgId: MMSG-15948]
Action.c(186): Registering web_reg_save_param was successful  	[MsgId: MMSG-26390]
Action.c(191): Notify: Transaction "Film_PrintStatus_CheckService" started.	[MsgId: MMSG-16999]
Action.c(193): Warning -26593: The header being added may cause unpredictable results when applied to all ensuing URLs. It is added anyway  	[MsgId: MWAR-26593]
Action.c(193): web_add_auto_header("content-type") highest severity level was "warning"  	[MsgId: MMSG-26391]
Action.c(194): web_custom_request("web_custom_request") was successful, 731 body bytes, 259 header bytes  	[MsgId: MMSG-26386]
Action.c(204): Notify: Transaction "Film_PrintStatus_CheckService" ended with "Pass" status (Duration: 0.0148 Wasted Time: 0.0000).	[MsgId: MMSG-16871]
Action.c(206): PrintStatus in DataBase-------,1	[MsgId: MMSG-17999]
Action.c(208): PrintStatus Check result-------,-3	[MsgId: MMSG-17999]
Action.c(184): lr_think_time: 10.00 seconds.	[MsgId: MMSG-15948]
Action.c(184): lr_think_time: 10.00 seconds.	[MsgId: MMSG-15948]
Action.c(186): Registering web_reg_save_param was successful  	[MsgId: MMSG-26390]
Action.c(191): Notify: Transaction "Film_PrintStatus_CheckService" started.	[MsgId: MMSG-16999]
Action.c(193): Warning -26593: The header being added may cause unpredictable results when applied to all ensuing URLs. It is added anyway  	[MsgId: MWAR-26593]
Action.c(193): web_add_auto_header("content-type") highest severity level was "warning"  	[MsgId: MMSG-26391]
Action.c(194): web_custom_request("web_custom_request") was successful, 732 body bytes, 259 header bytes  	[MsgId: MMSG-26386]
Action.c(204): Notify: Transaction "Film_PrintStatus_CheckService" ended with "Pass" status (Duration: 0.0117 Wasted Time: 0.0000).	[MsgId: MMSG-16871]
Action.c(206): PrintStatus in DataBase-------,0	[MsgId: MMSG-17999]
Action.c(208): PrintStatus Check result-------,-4	[MsgId: MMSG-17999]
Action.c(184): lr_think_time: 10.00 seconds.	[MsgId: MMSG-15948]
Ending action Action.	[MsgId: MMSG-15918]
Ending iteration 1.	[MsgId: MMSG-15965]
Waiting 6.1250 seconds for iteration pacing.	[MsgId: MMSG-15996]
Action.c(109): Registering web_reg_save_param was successful  	[MsgId: MMSG-26390]
Action.c(115): Notify: Transaction "Film Create_PrintTask" started.	[MsgId: MMSG-16999]
Action.c(117): Warning -26593: The header being added may cause unpredictable results when applied to all ensuing URLs. It is added anyway  	[MsgId: MWAR-26593]
Action.c(117): web_add_auto_header("content-type") highest severity level was "warning"  	[MsgId: MMSG-26391]
Action.c(68): SQL Statement  execution "QueryReportStatus" started	[MsgId: MMSG-108760]
Action.c(68): SQL Statement  execution was successful	[MsgId: MMSG-108759]
Action.c(68): ================================================	[MsgId: MMSG0]
Action.c(83): Notify: Transaction "Film TerminalStatus" started.	[MsgId: MMSG-16999]
Action.c(85): Warning -26593: The header being added may cause unpredictable results when applied to all ensuing URLs. It is added anyway  	[MsgId: MWAR-26593]
Action.c(85): web_add_auto_header("content-type") highest severity level was "warning"  	[MsgId: MMSG-26391]
Starting iteration 1.	[MsgId: MMSG-15968]
Starting action Action.	[MsgId: MMSG-15919]
Action.c(22): web_set_max_html_param_len was successful  	[MsgId: MMSG-26392]
Action.c(36): SQL Statement  execution "QueryReportStatus" started	[MsgId: MMSG-108760]
Action.c(36): SQL Statement  execution was successful	[MsgId: MMSG-108759]
Action.c(36): ================================================	[MsgId: MMSG0]
The result is 1	[MsgId: MMSG-17999]
Action.c(63): lr_think_time: 10.00 seconds.	[MsgId: MMSG-15948]
Action.c(86): web_custom_request("web_custom_request") was successful, 605 body bytes, 259 header bytes  	[MsgId: MMSG-26386]
Action.c(96): Notify: Transaction "Film TerminalStatus" ended with "Pass" status (Duration: 0.0348).	[MsgId: MMSG-16873]
Action.c(99): lr_think_time: 5.00 seconds.	[MsgId: MMSG-15948]
Action.c(119): web_custom_request("web_custom_request") was successful, 730 body bytes, 259 header bytes  	[MsgId: MMSG-26386]
Action.c(130): Notify: Transaction "Film Create_PrintTask" ended with "Pass" status (Duration: 0.8598 Wasted Time: 0.0000).	[MsgId: MMSG-16871]
Action.c(159): Notify: Transaction "Film PrintTask" started.	[MsgId: MMSG-16999]
Action.c(161): Warning -26593: The header being added may cause unpredictable results when applied to all ensuing URLs. It is added anyway  	[MsgId: MWAR-26593]
Action.c(161): web_add_auto_header("content-type") highest severity level was "warning"  	[MsgId: MMSG-26391]
Action.c(163): web_custom_request("web_custom_request") was successful, 727 body bytes, 259 header bytes  	[MsgId: MMSG-26386]
Action.c(174): Notify: Transaction "Film PrintTask" ended with "Pass" status (Duration: 0.0492).	[MsgId: MMSG-16873]
Action.c(176): lr_think_time: 5.00 seconds.	[MsgId: MMSG-15948]
Starting iteration 2.	[MsgId: MMSG-15968]
Starting action Action.	[MsgId: MMSG-15919]
Action.c(22): web_set_max_html_param_len was successful  	[MsgId: MMSG-26392]
Action.c(36): SQL Statement  execution "QueryReportStatus" started	[MsgId: MMSG-108760]
Action.c(36): SQL Statement  execution was successful	[MsgId: MMSG-108759]
Action.c(36): ================================================	[MsgId: MMSG0]
The result is 1	[MsgId: MMSG-17999]
Action.c(63): lr_think_time: 10.00 seconds.	[MsgId: MMSG-15948]
Action.c(106): lr_think_time: 5.00 seconds.	[MsgId: MMSG-15948]
Action.c(186): Registering web_reg_save_param was successful  	[MsgId: MMSG-26390]
Action.c(191): Notify: Transaction "Film_PrintStatus_CheckService" started.	[MsgId: MMSG-16999]
Action.c(193): Warning -26593: The header being added may cause unpredictable results when applied to all ensuing URLs. It is added anyway  	[MsgId: MWAR-26593]
Action.c(193): web_add_auto_header("content-type") highest severity level was "warning"  	[MsgId: MMSG-26391]
Action.c(194): web_custom_request("web_custom_request") was successful, 727 body bytes, 259 header bytes  	[MsgId: MMSG-26386]
Action.c(204): Notify: Transaction "Film_PrintStatus_CheckService" ended with "Pass" status (Duration: 0.0219 Wasted Time: 0.0000).	[MsgId: MMSG-16871]
Action.c(206): PrintStatus in DataBase-------,4	[MsgId: MMSG-17999]
Action.c(208): PrintStatus Check result-------,0	[MsgId: MMSG-17999]
Action.c(212): PrintStatus-------,3	[MsgId: MMSG-17999]
Action.c(216): Notify: Transaction "Film PrintTask_Result_Correct" started.	[MsgId: MMSG-16999]
Action.c(217): lr_think_time: 1.00 seconds.	[MsgId: MMSG-15948]
Action.c(186): Registering web_reg_save_param was successful  	[MsgId: MMSG-26390]
Action.c(191): Notify: Transaction "Film_PrintStatus_CheckService" started.	[MsgId: MMSG-16999]
Action.c(193): Warning -26593: The header being added may cause unpredictable results when applied to all ensuing URLs. It is added anyway  	[MsgId: MWAR-26593]
Action.c(193): web_add_auto_header("content-type") highest severity level was "warning"  	[MsgId: MMSG-26391]
Action.c(194): web_custom_request("web_custom_request") was successful, 735 body bytes, 259 header bytes  	[MsgId: MMSG-26386]
Action.c(204): Notify: Transaction "Film_PrintStatus_CheckService" ended with "Pass" status (Duration: 0.0240 Wasted Time: 0.0000).	[MsgId: MMSG-16871]
Action.c(206): PrintStatus in DataBase-------,0	[MsgId: MMSG-17999]
Action.c(208): PrintStatus Check result-------,-4	[MsgId: MMSG-17999]
Action.c(184): lr_think_time: 10.00 seconds.	[MsgId: MMSG-15948]
Action.c(186): Registering web_reg_save_param was successful  	[MsgId: MMSG-26390]
Action.c(191): Notify: Transaction "Film_PrintStatus_CheckService" started.	[MsgId: MMSG-16999]
Action.c(193): Warning -26593: The header being added may cause unpredictable results when applied to all ensuing URLs. It is added anyway  	[MsgId: MWAR-26593]
Action.c(193): web_add_auto_header("content-type") highest severity level was "warning"  	[MsgId: MMSG-26391]
Action.c(194): web_custom_request("web_custom_request") was successful, 731 body bytes, 259 header bytes  	[MsgId: MMSG-26386]
Action.c(204): Notify: Transaction "Film_PrintStatus_CheckService" ended with "Pass" status (Duration: 0.0105 Wasted Time: 0.0000).	[MsgId: MMSG-16871]
Action.c(206): PrintStatus in DataBase-------,1	[MsgId: MMSG-17999]
Action.c(208): PrintStatus Check result-------,-3	[MsgId: MMSG-17999]
Action.c(184): lr_think_time: 10.00 seconds.	[MsgId: MMSG-15948]
Action.c(184): lr_think_time: 10.00 seconds.	[MsgId: MMSG-15948]
Starting iteration 2.	[MsgId: MMSG-15968]
Starting action Action.	[MsgId: MMSG-15919]
Action.c(22): web_set_max_html_param_len was successful  	[MsgId: MMSG-26392]
Action.c(36): SQL Statement  execution "QueryReportStatus" started	[MsgId: MMSG-108760]
Action.c(36): SQL Statement  execution was successful	[MsgId: MMSG-108759]
Action.c(36): ================================================	[MsgId: MMSG0]
The result is 1	[MsgId: MMSG-17999]
Action.c(63): lr_think_time: 10.00 seconds.	[MsgId: MMSG-15948]
Action.c(218): Notify: Transaction "Film PrintTask_Result_Correct" ended with "Pass" status (Duration: 1.0064 Think Time: 1.0063).	[MsgId: MMSG-16872]
Action.c(223): SQL Statement  execution "QueryReportStatus" started	[MsgId: MMSG-108760]
Action.c(223): Warning :No dataset was created.	[MsgId: MMSG0]
Action.c(223): SQL Statement  execution was successful	[MsgId: MMSG-108759]
Action.c(223): ================================================	[MsgId: MMSG0]
Action.c(254): lr_think_time: 5.00 seconds.	[MsgId: MMSG-15948]
Action.c(109): Registering web_reg_save_param was successful  	[MsgId: MMSG-26390]
Action.c(68): SQL Statement  execution "QueryReportStatus" started	[MsgId: MMSG-108760]
Action.c(115): Notify: Transaction "Film Create_PrintTask" started.	[MsgId: MMSG-16999]
Action.c(117): Warning -26593: The header being added may cause unpredictable results when applied to all ensuing URLs. It is added anyway  	[MsgId: MWAR-26593]
Action.c(117): web_add_auto_header("content-type") highest severity level was "warning"  	[MsgId: MMSG-26391]
Action.c(68): SQL Statement  execution was successful	[MsgId: MMSG-108759]
Action.c(68): ================================================	[MsgId: MMSG0]
Action.c(83): Notify: Transaction "Film TerminalStatus" started.	[MsgId: MMSG-16999]
Action.c(85): Warning -26593: The header being added may cause unpredictable results when applied to all ensuing URLs. It is added anyway  	[MsgId: MWAR-26593]
Action.c(85): web_add_auto_header("content-type") highest severity level was "warning"  	[MsgId: MMSG-26391]
Action.c(86): web_custom_request("web_custom_request") was successful, 605 body bytes, 259 header bytes  	[MsgId: MMSG-26386]
Action.c(96): Notify: Transaction "Film TerminalStatus" ended with "Pass" status (Duration: 0.0339).	[MsgId: MMSG-16873]
Action.c(99): lr_think_time: 5.00 seconds.	[MsgId: MMSG-15948]
Action.c(119): web_custom_request("web_custom_request") was successful, 731 body bytes, 259 header bytes  	[MsgId: MMSG-26386]
Action.c(130): Notify: Transaction "Film Create_PrintTask" ended with "Pass" status (Duration: 0.8787 Wasted Time: 0.0000).	[MsgId: MMSG-16871]
Action.c(159): Notify: Transaction "Film PrintTask" started.	[MsgId: MMSG-16999]
Action.c(161): Warning -26593: The header being added may cause unpredictable results when applied to all ensuing URLs. It is added anyway  	[MsgId: MWAR-26593]
Action.c(161): web_add_auto_header("content-type") highest severity level was "warning"  	[MsgId: MMSG-26391]
Action.c(163): web_custom_request("web_custom_request") was successful, 728 body bytes, 259 header bytes  	[MsgId: MMSG-26386]
Action.c(174): Notify: Transaction "Film PrintTask" ended with "Pass" status (Duration: 0.0326).	[MsgId: MMSG-16873]
Action.c(176): lr_think_time: 5.00 seconds.	[MsgId: MMSG-15948]
Ending action Action.	[MsgId: MMSG-15918]
Ending iteration 1.	[MsgId: MMSG-15965]
Waiting 8.4910 seconds for iteration pacing.	[MsgId: MMSG-15996]
Action.c(68): SQL Statement  execution "QueryReportStatus" started	[MsgId: MMSG-108760]
Action.c(68): SQL Statement  execution was successful	[MsgId: MMSG-108759]
Action.c(68): ================================================	[MsgId: MMSG0]
Action.c(83): Notify: Transaction "Film TerminalStatus" started.	[MsgId: MMSG-16999]
Action.c(85): Warning -26593: The header being added may cause unpredictable results when applied to all ensuing URLs. It is added anyway  	[MsgId: MWAR-26593]
Action.c(85): web_add_auto_header("content-type") highest severity level was "warning"  	[MsgId: MMSG-26391]
Action.c(86): web_custom_request("web_custom_request") was successful, 599 body bytes, 259 header bytes  	[MsgId: MMSG-26386]
Action.c(96): Notify: Transaction "Film TerminalStatus" ended with "Pass" status (Duration: 0.0351).	[MsgId: MMSG-16873]
Action.c(99): lr_think_time: 5.00 seconds.	[MsgId: MMSG-15948]
Action.c(106): lr_think_time: 5.00 seconds.	[MsgId: MMSG-15948]
Action.c(186): Registering web_reg_save_param was successful  	[MsgId: MMSG-26390]
Action.c(191): Notify: Transaction "Film_PrintStatus_CheckService" started.	[MsgId: MMSG-16999]
Action.c(193): Warning -26593: The header being added may cause unpredictable results when applied to all ensuing URLs. It is added anyway  	[MsgId: MWAR-26593]
Action.c(193): web_add_auto_header("content-type") highest severity level was "warning"  	[MsgId: MMSG-26391]
Action.c(194): web_custom_request("web_custom_request") was successful, 735 body bytes, 259 header bytes  	[MsgId: MMSG-26386]
Action.c(204): Notify: Transaction "Film_PrintStatus_CheckService" ended with "Pass" status (Duration: 0.0170 Wasted Time: 0.0000).	[MsgId: MMSG-16871]
Action.c(206): PrintStatus in DataBase-------,1	[MsgId: MMSG-17999]
Action.c(208): PrintStatus Check result-------,-3	[MsgId: MMSG-17999]
Action.c(184): lr_think_time: 10.00 seconds.	[MsgId: MMSG-15948]
Action.c(186): Registering web_reg_save_param was successful  	[MsgId: MMSG-26390]
Action.c(191): Notify: Transaction "Film_PrintStatus_CheckService" started.	[MsgId: MMSG-16999]
Action.c(193): Warning -26593: The header being added may cause unpredictable results when applied to all ensuing URLs. It is added anyway  	[MsgId: MWAR-26593]
Action.c(193): web_add_auto_header("content-type") highest severity level was "warning"  	[MsgId: MMSG-26391]
Action.c(194): web_custom_request("web_custom_request") was successful, 727 body bytes, 259 header bytes  	[MsgId: MMSG-26386]
Action.c(204): Notify: Transaction "Film_PrintStatus_CheckService" ended with "Pass" status (Duration: 0.0099 Wasted Time: 0.0000).	[MsgId: MMSG-16871]
Action.c(206): PrintStatus in DataBase-------,4	[MsgId: MMSG-17999]
Action.c(208): PrintStatus Check result-------,0	[MsgId: MMSG-17999]
Action.c(212): PrintStatus-------,3	[MsgId: MMSG-17999]
Action.c(216): Notify: Transaction "Film PrintTask_Result_Correct" started.	[MsgId: MMSG-16999]
Action.c(217): lr_think_time: 1.00 seconds.	[MsgId: MMSG-15948]
Action.c(186): Registering web_reg_save_param was successful  	[MsgId: MMSG-26390]
Action.c(191): Notify: Transaction "Film_PrintStatus_CheckService" started.	[MsgId: MMSG-16999]
Action.c(193): Warning -26593: The header being added may cause unpredictable results when applied to all ensuing URLs. It is added anyway  	[MsgId: MWAR-26593]
Action.c(193): web_add_auto_header("content-type") highest severity level was "warning"  	[MsgId: MMSG-26391]
Action.c(194): web_custom_request("web_custom_request") was successful, 737 body bytes, 259 header bytes  	[MsgId: MMSG-26386]
Action.c(204): Notify: Transaction "Film_PrintStatus_CheckService" ended with "Pass" status (Duration: 0.0115 Wasted Time: 0.0000).	[MsgId: MMSG-16871]
Action.c(206): PrintStatus in DataBase-------,0	[MsgId: MMSG-17999]
Action.c(208): PrintStatus Check result-------,-4	[MsgId: MMSG-17999]
Action.c(184): lr_think_time: 10.00 seconds.	[MsgId: MMSG-15948]
Action.c(184): lr_think_time: 10.00 seconds.	[MsgId: MMSG-15948]
Action.c(68): SQL Statement  execution "QueryReportStatus" started	[MsgId: MMSG-108760]
Action.c(68): SQL Statement  execution was successful	[MsgId: MMSG-108759]
Action.c(68): ================================================	[MsgId: MMSG0]
Action.c(83): Notify: Transaction "Film TerminalStatus" started.	[MsgId: MMSG-16999]
Action.c(85): Warning -26593: The header being added may cause unpredictable results when applied to all ensuing URLs. It is added anyway  	[MsgId: MWAR-26593]
Action.c(85): web_add_auto_header("content-type") highest severity level was "warning"  	[MsgId: MMSG-26391]
Action.c(86): web_custom_request("web_custom_request") was successful, 600 body bytes, 259 header bytes  	[MsgId: MMSG-26386]
Action.c(96): Notify: Transaction "Film TerminalStatus" ended with "Pass" status (Duration: 0.0317).	[MsgId: MMSG-16873]
Action.c(99): lr_think_time: 5.00 seconds.	[MsgId: MMSG-15948]
Action.c(218): Notify: Transaction "Film PrintTask_Result_Correct" ended with "Pass" status (Duration: 1.0028 Think Time: 1.0027).	[MsgId: MMSG-16872]
Action.c(223): SQL Statement  execution "QueryReportStatus" started	[MsgId: MMSG-108760]
Action.c(223): Warning :No dataset was created.	[MsgId: MMSG0]
Action.c(223): SQL Statement  execution was successful	[MsgId: MMSG-108759]
Action.c(223): ================================================	[MsgId: MMSG0]
Action.c(254): lr_think_time: 5.00 seconds.	[MsgId: MMSG-15948]
Action.c(106): lr_think_time: 5.00 seconds.	[MsgId: MMSG-15948]
Action.c(109): Registering web_reg_save_param was successful  	[MsgId: MMSG-26390]
Action.c(115): Notify: Transaction "Film Create_PrintTask" started.	[MsgId: MMSG-16999]
Action.c(117): Warning -26593: The header being added may cause unpredictable results when applied to all ensuing URLs. It is added anyway  	[MsgId: MWAR-26593]
Action.c(117): web_add_auto_header("content-type") highest severity level was "warning"  	[MsgId: MMSG-26391]
Starting iteration 2.	[MsgId: MMSG-15968]
Starting action Action.	[MsgId: MMSG-15919]
Action.c(22): web_set_max_html_param_len was successful  	[MsgId: MMSG-26392]
Action.c(36): SQL Statement  execution "QueryReportStatus" started	[MsgId: MMSG-108760]
Action.c(36): SQL Statement  execution was successful	[MsgId: MMSG-108759]
Action.c(36): ================================================	[MsgId: MMSG0]
The result is 1	[MsgId: MMSG-17999]
Action.c(63): lr_think_time: 10.00 seconds.	[MsgId: MMSG-15948]
Action.c(119): web_custom_request("web_custom_request") was successful, 731 body bytes, 259 header bytes  	[MsgId: MMSG-26386]
Action.c(130): Notify: Transaction "Film Create_PrintTask" ended with "Pass" status (Duration: 0.8799 Wasted Time: 0.0000).	[MsgId: MMSG-16871]
Action.c(159): Notify: Transaction "Film PrintTask" started.	[MsgId: MMSG-16999]
Action.c(161): Warning -26593: The header being added may cause unpredictable results when applied to all ensuing URLs. It is added anyway  	[MsgId: MWAR-26593]
Action.c(161): web_add_auto_header("content-type") highest severity level was "warning"  	[MsgId: MMSG-26391]
Action.c(163): web_custom_request("web_custom_request") was successful, 728 body bytes, 259 header bytes  	[MsgId: MMSG-26386]
Action.c(174): Notify: Transaction "Film PrintTask" ended with "Pass" status (Duration: 0.0159).	[MsgId: MMSG-16873]
Action.c(176): lr_think_time: 5.00 seconds.	[MsgId: MMSG-15948]
Action.c(106): lr_think_time: 5.00 seconds.	[MsgId: MMSG-15948]
Ending action Action.	[MsgId: MMSG-15918]
Ending iteration 1.	[MsgId: MMSG-15965]
Waiting 25.6720 seconds for iteration pacing.	[MsgId: MMSG-15996]
Action.c(109): Registering web_reg_save_param was successful  	[MsgId: MMSG-26390]
Action.c(115): Notify: Transaction "Film Create_PrintTask" started.	[MsgId: MMSG-16999]
Action.c(117): Warning -26593: The header being added may cause unpredictable results when applied to all ensuing URLs. It is added anyway  	[MsgId: MWAR-26593]
Action.c(117): web_add_auto_header("content-type") highest severity level was "warning"  	[MsgId: MMSG-26391]
Action.c(119): web_custom_request("web_custom_request") was successful, 725 body bytes, 259 header bytes  	[MsgId: MMSG-26386]
Action.c(130): Notify: Transaction "Film Create_PrintTask" ended with "Pass" status (Duration: 0.8822 Wasted Time: 0.0000).	[MsgId: MMSG-16871]
Action.c(159): Notify: Transaction "Film PrintTask" started.	[MsgId: MMSG-16999]
Action.c(161): Warning -26593: The header being added may cause unpredictable results when applied to all ensuing URLs. It is added anyway  	[MsgId: MWAR-26593]
Action.c(161): web_add_auto_header("content-type") highest severity level was "warning"  	[MsgId: MMSG-26391]
Action.c(163): web_custom_request("web_custom_request") was successful, 722 body bytes, 259 header bytes  	[MsgId: MMSG-26386]
Action.c(174): Notify: Transaction "Film PrintTask" ended with "Pass" status (Duration: 0.0160).	[MsgId: MMSG-16873]
Action.c(176): lr_think_time: 5.00 seconds.	[MsgId: MMSG-15948]
Action.c(186): Registering web_reg_save_param was successful  	[MsgId: MMSG-26390]
Action.c(191): Notify: Transaction "Film_PrintStatus_CheckService" started.	[MsgId: MMSG-16999]
Action.c(193): Warning -26593: The header being added may cause unpredictable results when applied to all ensuing URLs. It is added anyway  	[MsgId: MWAR-26593]
Action.c(193): web_add_auto_header("content-type") highest severity level was "warning"  	[MsgId: MMSG-26391]
Action.c(194): web_custom_request("web_custom_request") was successful, 730 body bytes, 259 header bytes  	[MsgId: MMSG-26386]
Action.c(204): Notify: Transaction "Film_PrintStatus_CheckService" ended with "Pass" status (Duration: 0.0157 Wasted Time: 0.0000).	[MsgId: MMSG-16871]
Action.c(206): PrintStatus in DataBase-------,4	[MsgId: MMSG-17999]
Action.c(208): PrintStatus Check result-------,0	[MsgId: MMSG-17999]
Action.c(212): PrintStatus-------,3	[MsgId: MMSG-17999]
Action.c(216): Notify: Transaction "Film PrintTask_Result_Correct" started.	[MsgId: MMSG-16999]
Action.c(217): lr_think_time: 1.00 seconds.	[MsgId: MMSG-15948]
Action.c(186): Registering web_reg_save_param was successful  	[MsgId: MMSG-26390]
Action.c(191): Notify: Transaction "Film_PrintStatus_CheckService" started.	[MsgId: MMSG-16999]
Action.c(193): Warning -26593: The header being added may cause unpredictable results when applied to all ensuing URLs. It is added anyway  	[MsgId: MWAR-26593]
Action.c(193): web_add_auto_header("content-type") highest severity level was "warning"  	[MsgId: MMSG-26391]
Action.c(194): web_custom_request("web_custom_request") was successful, 736 body bytes, 259 header bytes  	[MsgId: MMSG-26386]
Action.c(204): Notify: Transaction "Film_PrintStatus_CheckService" ended with "Pass" status (Duration: 0.0106 Wasted Time: 0.0000).	[MsgId: MMSG-16871]
Action.c(206): PrintStatus in DataBase-------,1	[MsgId: MMSG-17999]
Action.c(208): PrintStatus Check result-------,-3	[MsgId: MMSG-17999]
Action.c(184): lr_think_time: 10.00 seconds.	[MsgId: MMSG-15948]
Action.c(186): Registering web_reg_save_param was successful  	[MsgId: MMSG-26390]
Action.c(191): Notify: Transaction "Film_PrintStatus_CheckService" started.	[MsgId: MMSG-16999]
Action.c(193): Warning -26593: The header being added may cause unpredictable results when applied to all ensuing URLs. It is added anyway  	[MsgId: MWAR-26593]
Action.c(193): web_add_auto_header("content-type") highest severity level was "warning"  	[MsgId: MMSG-26391]
Action.c(194): web_custom_request("web_custom_request") was successful, 738 body bytes, 259 header bytes  	[MsgId: MMSG-26386]
Action.c(204): Notify: Transaction "Film_PrintStatus_CheckService" ended with "Pass" status (Duration: 0.0140 Wasted Time: 0.0000).	[MsgId: MMSG-16871]
Action.c(206): PrintStatus in DataBase-------,0	[MsgId: MMSG-17999]
Action.c(208): PrintStatus Check result-------,-4	[MsgId: MMSG-17999]
Action.c(184): lr_think_time: 10.00 seconds.	[MsgId: MMSG-15948]
Action.c(184): lr_think_time: 10.00 seconds.	[MsgId: MMSG-15948]
Action.c(109): Registering web_reg_save_param was successful  	[MsgId: MMSG-26390]
Action.c(115): Notify: Transaction "Film Create_PrintTask" started.	[MsgId: MMSG-16999]
Action.c(117): Warning -26593: The header being added may cause unpredictable results when applied to all ensuing URLs. It is added anyway  	[MsgId: MWAR-26593]
Action.c(117): web_add_auto_header("content-type") highest severity level was "warning"  	[MsgId: MMSG-26391]
Action.c(218): Notify: Transaction "Film PrintTask_Result_Correct" ended with "Pass" status (Duration: 1.0126 Think Time: 1.0124).	[MsgId: MMSG-16872]
Action.c(223): SQL Statement  execution "QueryReportStatus" started	[MsgId: MMSG-108760]
Action.c(223): Warning :No dataset was created.	[MsgId: MMSG0]
Action.c(223): SQL Statement  execution was successful	[MsgId: MMSG-108759]
Action.c(223): ================================================	[MsgId: MMSG0]
Action.c(254): lr_think_time: 5.00 seconds.	[MsgId: MMSG-15948]
Action.c(119): web_custom_request("web_custom_request") was successful, 726 body bytes, 259 header bytes  	[MsgId: MMSG-26386]
Action.c(130): Notify: Transaction "Film Create_PrintTask" ended with "Pass" status (Duration: 1.2624 Wasted Time: 0.0000).	[MsgId: MMSG-16871]
Action.c(159): Notify: Transaction "Film PrintTask" started.	[MsgId: MMSG-16999]
Action.c(161): Warning -26593: The header being added may cause unpredictable results when applied to all ensuing URLs. It is added anyway  	[MsgId: MWAR-26593]
Action.c(161): web_add_auto_header("content-type") highest severity level was "warning"  	[MsgId: MMSG-26391]
Action.c(163): web_custom_request("web_custom_request") was successful, 723 body bytes, 259 header bytes  	[MsgId: MMSG-26386]
Action.c(174): Notify: Transaction "Film PrintTask" ended with "Pass" status (Duration: 0.0529).	[MsgId: MMSG-16873]
Action.c(176): lr_think_time: 5.00 seconds.	[MsgId: MMSG-15948]
Action.c(184): lr_think_time: 10.00 seconds.	[MsgId: MMSG-15948]
Action.c(68): SQL Statement  execution "QueryReportStatus" started	[MsgId: MMSG-108760]
Action.c(68): SQL Statement  execution was successful	[MsgId: MMSG-108759]
Action.c(68): ================================================	[MsgId: MMSG0]
Action.c(83): Notify: Transaction "Film TerminalStatus" started.	[MsgId: MMSG-16999]
Action.c(85): Warning -26593: The header being added may cause unpredictable results when applied to all ensuing URLs. It is added anyway  	[MsgId: MWAR-26593]
Action.c(85): web_add_auto_header("content-type") highest severity level was "warning"  	[MsgId: MMSG-26391]
Action.c(86): web_custom_request("web_custom_request") was successful, 599 body bytes, 259 header bytes  	[MsgId: MMSG-26386]
Action.c(96): Notify: Transaction "Film TerminalStatus" ended with "Pass" status (Duration: 0.0401).	[MsgId: MMSG-16873]
Action.c(99): lr_think_time: 5.00 seconds.	[MsgId: MMSG-15948]
Ending action Action.	[MsgId: MMSG-15918]
Ending iteration 1.	[MsgId: MMSG-15965]
Waiting 29.1900 seconds for iteration pacing.	[MsgId: MMSG-15996]
Action.c(184): lr_think_time: 10.00 seconds.	[MsgId: MMSG-15948]
Action.c(106): lr_think_time: 5.00 seconds.	[MsgId: MMSG-15948]
Action.c(186): Registering web_reg_save_param was successful  	[MsgId: MMSG-26390]
Action.c(191): Notify: Transaction "Film_PrintStatus_CheckService" started.	[MsgId: MMSG-16999]
Action.c(193): Warning -26593: The header being added may cause unpredictable results when applied to all ensuing URLs. It is added anyway  	[MsgId: MWAR-26593]
Action.c(193): web_add_auto_header("content-type") highest severity level was "warning"  	[MsgId: MMSG-26391]
Action.c(194): web_custom_request("web_custom_request") was successful, 732 body bytes, 259 header bytes  	[MsgId: MMSG-26386]
Action.c(204): Notify: Transaction "Film_PrintStatus_CheckService" ended with "Pass" status (Duration: 0.0179 Wasted Time: 0.0000).	[MsgId: MMSG-16871]
Action.c(206): PrintStatus in DataBase-------,4	[MsgId: MMSG-17999]
Action.c(208): PrintStatus Check result-------,0	[MsgId: MMSG-17999]
Action.c(212): PrintStatus-------,3	[MsgId: MMSG-17999]
Action.c(216): Notify: Transaction "Film PrintTask_Result_Correct" started.	[MsgId: MMSG-16999]
Action.c(217): lr_think_time: 1.00 seconds.	[MsgId: MMSG-15948]
Action.c(186): Registering web_reg_save_param was successful  	[MsgId: MMSG-26390]
Action.c(186): Registering web_reg_save_param was successful  	[MsgId: MMSG-26390]
Action.c(191): Notify: Transaction "Film_PrintStatus_CheckService" started.	[MsgId: MMSG-16999]
Action.c(191): Notify: Transaction "Film_PrintStatus_CheckService" started.	[MsgId: MMSG-16999]
Action.c(193): Warning -26593: The header being added may cause unpredictable results when applied to all ensuing URLs. It is added anyway  	[MsgId: MWAR-26593]
Action.c(193): Warning -26593: The header being added may cause unpredictable results when applied to all ensuing URLs. It is added anyway  	[MsgId: MWAR-26593]
Action.c(193): web_add_auto_header("content-type") highest severity level was "warning"  	[MsgId: MMSG-26391]
Action.c(193): web_add_auto_header("content-type") highest severity level was "warning"  	[MsgId: MMSG-26391]
Action.c(194): web_custom_request("web_custom_request") was successful, 737 body bytes, 259 header bytes  	[MsgId: MMSG-26386]
Action.c(194): web_custom_request("web_custom_request") was successful, 737 body bytes, 259 header bytes  	[MsgId: MMSG-26386]
Action.c(204): Notify: Transaction "Film_PrintStatus_CheckService" ended with "Pass" status (Duration: 0.0215 Wasted Time: 0.0000).	[MsgId: MMSG-16871]
Action.c(204): Notify: Transaction "Film_PrintStatus_CheckService" ended with "Pass" status (Duration: 0.0216 Wasted Time: 0.0000).	[MsgId: MMSG-16871]
Action.c(206): PrintStatus in DataBase-------,1	[MsgId: MMSG-17999]
Action.c(206): PrintStatus in DataBase-------,1	[MsgId: MMSG-17999]
Action.c(208): PrintStatus Check result-------,-3	[MsgId: MMSG-17999]
Action.c(184): lr_think_time: 10.00 seconds.	[MsgId: MMSG-15948]
Action.c(208): PrintStatus Check result-------,-3	[MsgId: MMSG-17999]
Action.c(184): lr_think_time: 10.00 seconds.	[MsgId: MMSG-15948]
Action.c(218): Notify: Transaction "Film PrintTask_Result_Correct" ended with "Pass" status (Duration: 1.0110 Think Time: 1.0107).	[MsgId: MMSG-16872]
Action.c(223): SQL Statement  execution "QueryReportStatus" started	[MsgId: MMSG-108760]
Action.c(223): Warning :No dataset was created.	[MsgId: MMSG0]
Action.c(223): SQL Statement  execution was successful	[MsgId: MMSG-108759]
Action.c(223): ================================================	[MsgId: MMSG0]
Action.c(254): lr_think_time: 5.00 seconds.	[MsgId: MMSG-15948]
Action.c(186): Registering web_reg_save_param was successful  	[MsgId: MMSG-26390]
Action.c(191): Notify: Transaction "Film_PrintStatus_CheckService" started.	[MsgId: MMSG-16999]
Action.c(193): Warning -26593: The header being added may cause unpredictable results when applied to all ensuing URLs. It is added anyway  	[MsgId: MWAR-26593]
Action.c(193): web_add_auto_header("content-type") highest severity level was "warning"  	[MsgId: MMSG-26391]
Action.c(194): web_custom_request("web_custom_request") was successful, 732 body bytes, 259 header bytes  	[MsgId: MMSG-26386]
Action.c(204): Notify: Transaction "Film_PrintStatus_CheckService" ended with "Pass" status (Duration: 0.0171 Wasted Time: 0.0000).	[MsgId: MMSG-16871]
Action.c(206): PrintStatus in DataBase-------,0	[MsgId: MMSG-17999]
Action.c(208): PrintStatus Check result-------,-4	[MsgId: MMSG-17999]
Action.c(184): lr_think_time: 10.00 seconds.	[MsgId: MMSG-15948]
Action.c(109): Registering web_reg_save_param was successful  	[MsgId: MMSG-26390]
Action.c(115): Notify: Transaction "Film Create_PrintTask" started.	[MsgId: MMSG-16999]
Action.c(117): Warning -26593: The header being added may cause unpredictable results when applied to all ensuing URLs. It is added anyway  	[MsgId: MWAR-26593]
Action.c(117): web_add_auto_header("content-type") highest severity level was "warning"  	[MsgId: MMSG-26391]
Action.c(119): web_custom_request("web_custom_request") was successful, 725 body bytes, 259 header bytes  	[MsgId: MMSG-26386]
Action.c(130): Notify: Transaction "Film Create_PrintTask" ended with "Pass" status (Duration: 1.1999 Wasted Time: 0.0000).	[MsgId: MMSG-16871]
Action.c(159): Notify: Transaction "Film PrintTask" started.	[MsgId: MMSG-16999]
Action.c(161): Warning -26593: The header being added may cause unpredictable results when applied to all ensuing URLs. It is added anyway  	[MsgId: MWAR-26593]
Action.c(161): web_add_auto_header("content-type") highest severity level was "warning"  	[MsgId: MMSG-26391]
Action.c(163): web_custom_request("web_custom_request") was successful, 722 body bytes, 259 header bytes  	[MsgId: MMSG-26386]
Action.c(174): Notify: Transaction "Film PrintTask" ended with "Pass" status (Duration: 0.0314).	[MsgId: MMSG-16873]
Action.c(176): lr_think_time: 5.00 seconds.	[MsgId: MMSG-15948]
Ending action Action.	[MsgId: MMSG-15918]
Ending iteration 1.	[MsgId: MMSG-15965]
Waiting 25.7480 seconds for iteration pacing.	[MsgId: MMSG-15996]
Action.c(186): Registering web_reg_save_param was successful  	[MsgId: MMSG-26390]
Action.c(191): Notify: Transaction "Film_PrintStatus_CheckService" started.	[MsgId: MMSG-16999]
Action.c(193): Warning -26593: The header being added may cause unpredictable results when applied to all ensuing URLs. It is added anyway  	[MsgId: MWAR-26593]
Action.c(193): web_add_auto_header("content-type") highest severity level was "warning"  	[MsgId: MMSG-26391]
Action.c(194): web_custom_request("web_custom_request") was successful, 732 body bytes, 259 header bytes  	[MsgId: MMSG-26386]
Action.c(204): Notify: Transaction "Film_PrintStatus_CheckService" ended with "Pass" status (Duration: 0.0170 Wasted Time: 0.0000).	[MsgId: MMSG-16871]
Action.c(206): PrintStatus in DataBase-------,1	[MsgId: MMSG-17999]
Action.c(208): PrintStatus Check result-------,-3	[MsgId: MMSG-17999]
Action.c(184): lr_think_time: 10.00 seconds.	[MsgId: MMSG-15948]
Action.c(186): Registering web_reg_save_param was successful  	[MsgId: MMSG-26390]
Action.c(186): Registering web_reg_save_param was successful  	[MsgId: MMSG-26390]
Action.c(191): Notify: Transaction "Film_PrintStatus_CheckService" started.	[MsgId: MMSG-16999]
Action.c(191): Notify: Transaction "Film_PrintStatus_CheckService" started.	[MsgId: MMSG-16999]
Action.c(193): Warning -26593: The header being added may cause unpredictable results when applied to all ensuing URLs. It is added anyway  	[MsgId: MWAR-26593]
Action.c(193): Warning -26593: The header being added may cause unpredictable results when applied to all ensuing URLs. It is added anyway  	[MsgId: MWAR-26593]
Action.c(193): web_add_auto_header("content-type") highest severity level was "warning"  	[MsgId: MMSG-26391]
Action.c(193): web_add_auto_header("content-type") highest severity level was "warning"  	[MsgId: MMSG-26391]
Action.c(194): web_custom_request("web_custom_request") was successful, 732 body bytes, 259 header bytes  	[MsgId: MMSG-26386]
Action.c(204): Notify: Transaction "Film_PrintStatus_CheckService" ended with "Pass" status (Duration: 0.0257 Wasted Time: 0.0000).	[MsgId: MMSG-16871]
Action.c(206): PrintStatus in DataBase-------,4	[MsgId: MMSG-17999]
Action.c(208): PrintStatus Check result-------,0	[MsgId: MMSG-17999]
Action.c(212): PrintStatus-------,2	[MsgId: MMSG-17999]
Action.c(216): Notify: Transaction "Film PrintTask_Result_Correct" started.	[MsgId: MMSG-16999]
Action.c(217): lr_think_time: 1.00 seconds.	[MsgId: MMSG-15948]
Action.c(194): web_custom_request("web_custom_request") was successful, 732 body bytes, 259 header bytes  	[MsgId: MMSG-26386]
Action.c(204): Notify: Transaction "Film_PrintStatus_CheckService" ended with "Pass" status (Duration: 0.0340 Wasted Time: 0.0000).	[MsgId: MMSG-16871]
Action.c(206): PrintStatus in DataBase-------,4	[MsgId: MMSG-17999]
Action.c(208): PrintStatus Check result-------,0	[MsgId: MMSG-17999]
Action.c(212): PrintStatus-------,3	[MsgId: MMSG-17999]
Action.c(216): Notify: Transaction "Film PrintTask_Result_Correct" started.	[MsgId: MMSG-16999]
Action.c(217): lr_think_time: 1.00 seconds.	[MsgId: MMSG-15948]
Action.c(184): lr_think_time: 10.00 seconds.	[MsgId: MMSG-15948]
Action.c(218): Notify: Transaction "Film PrintTask_Result_Correct" ended with "Pass" status (Duration: 1.0028 Think Time: 1.0026).	[MsgId: MMSG-16872]
Action.c(223): SQL Statement  execution "QueryReportStatus" started	[MsgId: MMSG-108760]
Action.c(223): Warning :No dataset was created.	[MsgId: MMSG0]
Action.c(223): SQL Statement  execution was successful	[MsgId: MMSG-108759]
Action.c(223): ================================================	[MsgId: MMSG0]
Action.c(254): lr_think_time: 5.00 seconds.	[MsgId: MMSG-15948]
Action.c(218): Notify: Transaction "Film PrintTask_Result_Correct" ended with "Pass" status (Duration: 1.0102 Think Time: 1.0101).	[MsgId: MMSG-16872]
Action.c(223): SQL Statement  execution "QueryReportStatus" started	[MsgId: MMSG-108760]
Action.c(223): Warning :No dataset was created.	[MsgId: MMSG0]
Action.c(223): SQL Statement  execution was successful	[MsgId: MMSG-108759]
Action.c(223): ================================================	[MsgId: MMSG0]
Action.c(254): lr_think_time: 5.00 seconds.	[MsgId: MMSG-15948]
Starting iteration 2.	[MsgId: MMSG-15968]
Starting action Action.	[MsgId: MMSG-15919]
Action.c(22): web_set_max_html_param_len was successful  	[MsgId: MMSG-26392]
Action.c(36): SQL Statement  execution "QueryReportStatus" started	[MsgId: MMSG-108760]
Action.c(36): SQL Statement  execution was successful	[MsgId: MMSG-108759]
Action.c(36): ================================================	[MsgId: MMSG0]
The result is 1	[MsgId: MMSG-17999]
Action.c(63): lr_think_time: 10.00 seconds.	[MsgId: MMSG-15948]
Action.c(186): Registering web_reg_save_param was successful  	[MsgId: MMSG-26390]
Action.c(191): Notify: Transaction "Film_PrintStatus_CheckService" started.	[MsgId: MMSG-16999]
Action.c(193): Warning -26593: The header being added may cause unpredictable results when applied to all ensuing URLs. It is added anyway  	[MsgId: MWAR-26593]
Action.c(193): web_add_auto_header("content-type") highest severity level was "warning"  	[MsgId: MMSG-26391]
Action.c(194): web_custom_request("web_custom_request") was successful, 731 body bytes, 259 header bytes  	[MsgId: MMSG-26386]
Action.c(204): Notify: Transaction "Film_PrintStatus_CheckService" ended with "Pass" status (Duration: 0.0084 Wasted Time: 0.0000).	[MsgId: MMSG-16871]
Action.c(206): PrintStatus in DataBase-------,1	[MsgId: MMSG-17999]
Action.c(208): PrintStatus Check result-------,-3	[MsgId: MMSG-17999]
Action.c(184): lr_think_time: 10.00 seconds.	[MsgId: MMSG-15948]
Ending action Action.	[MsgId: MMSG-15918]
Ending iteration 1.	[MsgId: MMSG-15965]
Waiting 8.2840 seconds for iteration pacing.	[MsgId: MMSG-15996]
Ending action Action.	[MsgId: MMSG-15918]
Ending iteration 1.	[MsgId: MMSG-15965]
Waiting 17.9330 seconds for iteration pacing.	[MsgId: MMSG-15996]
Action.c(186): Registering web_reg_save_param was successful  	[MsgId: MMSG-26390]
Action.c(191): Notify: Transaction "Film_PrintStatus_CheckService" started.	[MsgId: MMSG-16999]
Action.c(193): Warning -26593: The header being added may cause unpredictable results when applied to all ensuing URLs. It is added anyway  	[MsgId: MWAR-26593]
Action.c(193): web_add_auto_header("content-type") highest severity level was "warning"  	[MsgId: MMSG-26391]
Action.c(194): web_custom_request("web_custom_request") was successful, 728 body bytes, 259 header bytes  	[MsgId: MMSG-26386]
Action.c(204): Notify: Transaction "Film_PrintStatus_CheckService" ended with "Pass" status (Duration: 0.0169 Wasted Time: 0.0000).	[MsgId: MMSG-16871]
Action.c(206): PrintStatus in DataBase-------,4	[MsgId: MMSG-17999]
Action.c(208): PrintStatus Check result-------,0	[MsgId: MMSG-17999]
Action.c(212): PrintStatus-------,2	[MsgId: MMSG-17999]
Action.c(216): Notify: Transaction "Film PrintTask_Result_Correct" started.	[MsgId: MMSG-16999]
Action.c(217): lr_think_time: 1.00 seconds.	[MsgId: MMSG-15948]
Action.c(218): Notify: Transaction "Film PrintTask_Result_Correct" ended with "Pass" status (Duration: 1.0117 Think Time: 1.0116).	[MsgId: MMSG-16872]
Action.c(223): SQL Statement  execution "QueryReportStatus" started	[MsgId: MMSG-108760]
Action.c(223): Warning :No dataset was created.	[MsgId: MMSG0]
Action.c(223): SQL Statement  execution was successful	[MsgId: MMSG-108759]
Action.c(223): ================================================	[MsgId: MMSG0]
Action.c(254): lr_think_time: 5.00 seconds.	[MsgId: MMSG-15948]
Action.c(186): Registering web_reg_save_param was successful  	[MsgId: MMSG-26390]
Action.c(191): Notify: Transaction "Film_PrintStatus_CheckService" started.	[MsgId: MMSG-16999]
Action.c(193): Warning -26593: The header being added may cause unpredictable results when applied to all ensuing URLs. It is added anyway  	[MsgId: MWAR-26593]
Action.c(193): web_add_auto_header("content-type") highest severity level was "warning"  	[MsgId: MMSG-26391]
Action.c(194): web_custom_request("web_custom_request") was successful, 732 body bytes, 259 header bytes  	[MsgId: MMSG-26386]
Action.c(204): Notify: Transaction "Film_PrintStatus_CheckService" ended with "Pass" status (Duration: 0.0145 Wasted Time: 0.0000).	[MsgId: MMSG-16871]
Action.c(206): PrintStatus in DataBase-------,0	[MsgId: MMSG-17999]
Action.c(208): PrintStatus Check result-------,-4	[MsgId: MMSG-17999]
Action.c(184): lr_think_time: 10.00 seconds.	[MsgId: MMSG-15948]
Action.c(68): SQL Statement  execution "QueryReportStatus" started	[MsgId: MMSG-108760]
Action.c(68): SQL Statement  execution was successful	[MsgId: MMSG-108759]
Action.c(68): ================================================	[MsgId: MMSG0]
Action.c(83): Notify: Transaction "Film TerminalStatus" started.	[MsgId: MMSG-16999]
Action.c(85): Warning -26593: The header being added may cause unpredictable results when applied to all ensuing URLs. It is added anyway  	[MsgId: MWAR-26593]
Action.c(85): web_add_auto_header("content-type") highest severity level was "warning"  	[MsgId: MMSG-26391]
Action.c(86): web_custom_request("web_custom_request") was successful, 599 body bytes, 259 header bytes  	[MsgId: MMSG-26386]
Action.c(96): Notify: Transaction "Film TerminalStatus" ended with "Pass" status (Duration: 0.0127).	[MsgId: MMSG-16873]
Action.c(99): lr_think_time: 5.00 seconds.	[MsgId: MMSG-15948]
Ending action Action.	[MsgId: MMSG-15918]
Ending iteration 2.	[MsgId: MMSG-15965]
Waiting 5.8470 seconds for iteration pacing.	[MsgId: MMSG-15996]
Action.c(186): Registering web_reg_save_param was successful  	[MsgId: MMSG-26390]
Action.c(191): Notify: Transaction "Film_PrintStatus_CheckService" started.	[MsgId: MMSG-16999]
Action.c(193): Warning -26593: The header being added may cause unpredictable results when applied to all ensuing URLs. It is added anyway  	[MsgId: MWAR-26593]
Action.c(193): web_add_auto_header("content-type") highest severity level was "warning"  	[MsgId: MMSG-26391]
Starting iteration 2.	[MsgId: MMSG-15968]
Starting action Action.	[MsgId: MMSG-15919]
Action.c(22): web_set_max_html_param_len was successful  	[MsgId: MMSG-26392]
Action.c(36): SQL Statement  execution "QueryReportStatus" started	[MsgId: MMSG-108760]
Starting iteration 2.	[MsgId: MMSG-15968]
Starting action Action.	[MsgId: MMSG-15919]
Action.c(22): web_set_max_html_param_len was successful  	[MsgId: MMSG-26392]
Action.c(36): SQL Statement  execution "QueryReportStatus" started	[MsgId: MMSG-108760]
Action.c(106): lr_think_time: 5.00 seconds.	[MsgId: MMSG-15948]
Starting iteration 3.	[MsgId: MMSG-15968]
Starting action Action.	[MsgId: MMSG-15919]
Action.c(22): web_set_max_html_param_len was successful  	[MsgId: MMSG-26392]
Action.c(36): SQL Statement  execution "QueryReportStatus" started	[MsgId: MMSG-108760]
Action.c(186): Registering web_reg_save_param was successful  	[MsgId: MMSG-26390]
Action.c(191): Notify: Transaction "Film_PrintStatus_CheckService" started.	[MsgId: MMSG-16999]
Action.c(193): Warning -26593: The header being added may cause unpredictable results when applied to all ensuing URLs. It is added anyway  	[MsgId: MWAR-26593]
Action.c(193): web_add_auto_header("content-type") highest severity level was "warning"  	[MsgId: MMSG-26391]
Action.c(109): Registering web_reg_save_param was successful  	[MsgId: MMSG-26390]
Action.c(115): Notify: Transaction "Film Create_PrintTask" started.	[MsgId: MMSG-16999]
Action.c(117): Warning -26593: The header being added may cause unpredictable results when applied to all ensuing URLs. It is added anyway  	[MsgId: MWAR-26593]
Action.c(117): web_add_auto_header("content-type") highest severity level was "warning"  	[MsgId: MMSG-26391]
Starting iteration 2.	[MsgId: MMSG-15968]
Starting action Action.	[MsgId: MMSG-15919]
Action.c(22): web_set_max_html_param_len was successful  	[MsgId: MMSG-26392]
Action.c(36): SQL Statement  execution "QueryReportStatus" started	[MsgId: MMSG-108760]
Starting iteration 2.	[MsgId: MMSG-15968]
Starting action Action.	[MsgId: MMSG-15919]
Action.c(22): web_set_max_html_param_len was successful  	[MsgId: MMSG-26392]
Action.c(36): SQL Statement  execution "QueryReportStatus" started	[MsgId: MMSG-108760]
Action.c(194): web_custom_request("web_custom_request") was successful, 247 body bytes, 259 header bytes  	[MsgId: MMSG-26386]
Action.c(204): Notify: Transaction "Film_PrintStatus_CheckService" ended with "Pass" status (Duration: 8.4487 Wasted Time: 0.0001).	[MsgId: MMSG-16871]
Action.c(206): PrintStatus in DataBase-------,0	[MsgId: MMSG-17999]
Action.c(208): PrintStatus Check result-------,-4	[MsgId: MMSG-17999]
Action.c(184): lr_think_time: 10.00 seconds.	[MsgId: MMSG-15948]
Action.c(119): Warning -26377: No match found for the requested parameter "TaskID". Check whether the requested boundaries exist in the response data. Also, if the data you want to save exceeds 10240 bytes, use web_set_max_html_param_len to increase the parameter size  	[MsgId: MWAR-26377]
Action.c(119): web_custom_request("web_custom_request") highest severity level was "warning", 247 body bytes, 259 header bytes  	[MsgId: MMSG-26388]
Action.c(130): Notify: Transaction "Film Create_PrintTask" ended with "Pass" status (Duration: 7.4824 Wasted Time: 0.0000).	[MsgId: MMSG-16871]
Action.c(137): Notify: Transaction "Fim GetTaskID_fail" started.	[MsgId: MMSG-16999]
Action.c(138): Error: Create print task failed. Try again. The accession number is A20180801102600833,K2_4	[MsgId: MERR-17999]
Action.c(139): Notify: Transaction "Fim GetTaskID_fail" ended with "Pass" status (Duration: 0.0002).	[MsgId: MMSG-16873]
Action.c(106): lr_think_time: 5.00 seconds.	[MsgId: MMSG-15948]
Action.c(109): Registering web_reg_save_param was successful  	[MsgId: MMSG-26390]
Action.c(115): Notify: Transaction "Film Create_PrintTask" started.	[MsgId: MMSG-16999]
Action.c(117): Warning -26593: The header being added may cause unpredictable results when applied to all ensuing URLs. It is added anyway  	[MsgId: MWAR-26593]
Action.c(117): web_add_auto_header("content-type") highest severity level was "warning"  	[MsgId: MMSG-26391]
Action.c(36): SQL Statement  execution was successful	[MsgId: MMSG-108759]
Action.c(36): ================================================	[MsgId: MMSG0]
The result is 1	[MsgId: MMSG-17999]
Action.c(63): lr_think_time: 10.00 seconds.	[MsgId: MMSG-15948]
Action.c(36): SQL Statement  execution was successful	[MsgId: MMSG-108759]
Action.c(36): ================================================	[MsgId: MMSG0]
The result is 1	[MsgId: MMSG-17999]
Action.c(63): lr_think_time: 10.00 seconds.	[MsgId: MMSG-15948]
Action.c(186): Registering web_reg_save_param was successful  	[MsgId: MMSG-26390]
Action.c(191): Notify: Transaction "Film_PrintStatus_CheckService" started.	[MsgId: MMSG-16999]
Action.c(193): Warning -26593: The header being added may cause unpredictable results when applied to all ensuing URLs. It is added anyway  	[MsgId: MWAR-26593]
Action.c(193): web_add_auto_header("content-type") highest severity level was "warning"  	[MsgId: MMSG-26391]
Action.c(36): SQL Statement  execution was successful	[MsgId: MMSG-108759]
Action.c(36): ================================================	[MsgId: MMSG0]
The result is 1	[MsgId: MMSG-17999]
Action.c(63): lr_think_time: 10.00 seconds.	[MsgId: MMSG-15948]
Action.c(36): SQL Statement  execution was successful	[MsgId: MMSG-108759]
Action.c(36): ================================================	[MsgId: MMSG0]
The result is 1	[MsgId: MMSG-17999]
Action.c(63): lr_think_time: 10.00 seconds.	[MsgId: MMSG-15948]
Action.c(36): SQL Statement  execution was successful	[MsgId: MMSG-108759]
Action.c(36): ================================================	[MsgId: MMSG0]
The result is 1	[MsgId: MMSG-17999]
Action.c(63): lr_think_time: 10.00 seconds.	[MsgId: MMSG-15948]
Action.c(194): web_custom_request("web_custom_request") was successful, 732 body bytes, 259 header bytes  	[MsgId: MMSG-26386]
Action.c(204): Notify: Transaction "Film_PrintStatus_CheckService" ended with "Pass" status (Duration: 1.3398 Wasted Time: 0.0000).	[MsgId: MMSG-16871]
Action.c(206): PrintStatus in DataBase-------,0	[MsgId: MMSG-17999]
Action.c(208): PrintStatus Check result-------,-4	[MsgId: MMSG-17999]
Action.c(184): lr_think_time: 10.00 seconds.	[MsgId: MMSG-15948]
Action.c(68): SQL Statement  execution "QueryReportStatus" started	[MsgId: MMSG-108760]
Action.c(68): SQL Statement  execution "QueryReportStatus" started	[MsgId: MMSG-108760]
Action.c(68): SQL Statement  execution "QueryReportStatus" started	[MsgId: MMSG-108760]
Action.c(68): SQL Statement  execution "QueryReportStatus" started	[MsgId: MMSG-108760]
Action.c(68): SQL Statement  execution "QueryReportStatus" started	[MsgId: MMSG-108760]
Action.c(186): Registering web_reg_save_param was successful  	[MsgId: MMSG-26390]
Action.c(191): Notify: Transaction "Film_PrintStatus_CheckService" started.	[MsgId: MMSG-16999]
Action.c(193): Warning -26593: The header being added may cause unpredictable results when applied to all ensuing URLs. It is added anyway  	[MsgId: MWAR-26593]
Action.c(193): web_add_auto_header("content-type") highest severity level was "warning"  	[MsgId: MMSG-26391]
Action.c(68): SQL Statement  execution was successful	[MsgId: MMSG-108759]
Action.c(68): ================================================	[MsgId: MMSG0]
Action.c(83): Notify: Transaction "Film TerminalStatus" started.	[MsgId: MMSG-16999]
Action.c(85): Warning -26593: The header being added may cause unpredictable results when applied to all ensuing URLs. It is added anyway  	[MsgId: MWAR-26593]
Action.c(85): web_add_auto_header("content-type") highest severity level was "warning"  	[MsgId: MMSG-26391]
Action.c(68): SQL Statement  execution was successful	[MsgId: MMSG-108759]
Action.c(68): ================================================	[MsgId: MMSG0]
Action.c(83): Notify: Transaction "Film TerminalStatus" started.	[MsgId: MMSG-16999]
Action.c(85): Warning -26593: The header being added may cause unpredictable results when applied to all ensuing URLs. It is added anyway  	[MsgId: MWAR-26593]
Action.c(85): web_add_auto_header("content-type") highest severity level was "warning"  	[MsgId: MMSG-26391]
Action.c(86): web_custom_request("web_custom_request") was successful, 605 body bytes, 259 header bytes  	[MsgId: MMSG-26386]
Action.c(96): Notify: Transaction "Film TerminalStatus" ended with "Pass" status (Duration: 1.9252).	[MsgId: MMSG-16873]
Action.c(99): lr_think_time: 5.00 seconds.	[MsgId: MMSG-15948]
Action.c(194): web_custom_request("web_custom_request") was successful, 732 body bytes, 259 header bytes  	[MsgId: MMSG-26386]
Action.c(204): Notify: Transaction "Film_PrintStatus_CheckService" ended with "Pass" status (Duration: 3.1471 Wasted Time: 0.0000).	[MsgId: MMSG-16871]
Action.c(206): PrintStatus in DataBase-------,0	[MsgId: MMSG-17999]
Action.c(208): PrintStatus Check result-------,-4	[MsgId: MMSG-17999]
Action.c(184): lr_think_time: 10.00 seconds.	[MsgId: MMSG-15948]
Action.c(194): web_custom_request("web_custom_request") was successful, 265 body bytes, 259 header bytes  	[MsgId: MMSG-26386]
Action.c(204): Notify: Transaction "Film_PrintStatus_CheckService" ended with "Pass" status (Duration: 40.5619 Wasted Time: 0.0001).	[MsgId: MMSG-16871]
Action.c(206): PrintStatus in DataBase-------,0	[MsgId: MMSG-17999]
Action.c(208): PrintStatus Check result-------,-4	[MsgId: MMSG-17999]
Action.c(184): lr_think_time: 10.00 seconds.	[MsgId: MMSG-15948]
Action.c(86): web_custom_request("web_custom_request") was successful, 600 body bytes, 259 header bytes  	[MsgId: MMSG-26386]
Action.c(96): Notify: Transaction "Film TerminalStatus" ended with "Pass" status (Duration: 1.4181).	[MsgId: MMSG-16873]
Action.c(99): lr_think_time: 5.00 seconds.	[MsgId: MMSG-15948]
Action.c(68): SQL Statement  execution was successful	[MsgId: MMSG-108759]
Action.c(68): ================================================	[MsgId: MMSG0]
Action.c(83): Notify: Transaction "Film TerminalStatus" started.	[MsgId: MMSG-16999]
Action.c(85): Warning -26593: The header being added may cause unpredictable results when applied to all ensuing URLs. It is added anyway  	[MsgId: MWAR-26593]
Action.c(85): web_add_auto_header("content-type") highest severity level was "warning"  	[MsgId: MMSG-26391]
Action.c(68): SQL Statement  execution was successful	[MsgId: MMSG-108759]
Action.c(68): SQL Statement  execution was successful	[MsgId: MMSG-108759]
Action.c(68): ================================================	[MsgId: MMSG0]
Action.c(68): ================================================	[MsgId: MMSG0]
Action.c(83): Notify: Transaction "Film TerminalStatus" started.	[MsgId: MMSG-16999]
Action.c(83): Notify: Transaction "Film TerminalStatus" started.	[MsgId: MMSG-16999]
Action.c(85): Warning -26593: The header being added may cause unpredictable results when applied to all ensuing URLs. It is added anyway  	[MsgId: MWAR-26593]
Action.c(85): Warning -26593: The header being added may cause unpredictable results when applied to all ensuing URLs. It is added anyway  	[MsgId: MWAR-26593]
Action.c(85): web_add_auto_header("content-type") highest severity level was "warning"  	[MsgId: MMSG-26391]
Action.c(85): web_add_auto_header("content-type") highest severity level was "warning"  	[MsgId: MMSG-26391]
Action.c(106): lr_think_time: 5.00 seconds.	[MsgId: MMSG-15948]
Action.c(106): lr_think_time: 5.00 seconds.	[MsgId: MMSG-15948]
Action.c(186): Registering web_reg_save_param was successful  	[MsgId: MMSG-26390]
Action.c(191): Notify: Transaction "Film_PrintStatus_CheckService" started.	[MsgId: MMSG-16999]
Action.c(193): Warning -26593: The header being added may cause unpredictable results when applied to all ensuing URLs. It is added anyway  	[MsgId: MWAR-26593]
Action.c(193): web_add_auto_header("content-type") highest severity level was "warning"  	[MsgId: MMSG-26391]
Action.c(109): Registering web_reg_save_param was successful  	[MsgId: MMSG-26390]
Action.c(115): Notify: Transaction "Film Create_PrintTask" started.	[MsgId: MMSG-16999]
Action.c(117): Warning -26593: The header being added may cause unpredictable results when applied to all ensuing URLs. It is added anyway  	[MsgId: MWAR-26593]
Action.c(117): web_add_auto_header("content-type") highest severity level was "warning"  	[MsgId: MMSG-26391]
Action.c(186): Registering web_reg_save_param was successful  	[MsgId: MMSG-26390]
Action.c(191): Notify: Transaction "Film_PrintStatus_CheckService" started.	[MsgId: MMSG-16999]
Action.c(193): Warning -26593: The header being added may cause unpredictable results when applied to all ensuing URLs. It is added anyway  	[MsgId: MWAR-26593]
Action.c(193): web_add_auto_header("content-type") highest severity level was "warning"  	[MsgId: MMSG-26391]
Action.c(109): Registering web_reg_save_param was successful  	[MsgId: MMSG-26390]
Action.c(115): Notify: Transaction "Film Create_PrintTask" started.	[MsgId: MMSG-16999]
Action.c(117): Warning -26593: The header being added may cause unpredictable results when applied to all ensuing URLs. It is added anyway  	[MsgId: MWAR-26593]
Action.c(117): web_add_auto_header("content-type") highest severity level was "warning"  	[MsgId: MMSG-26391]
Action.c(119): Notify: Transaction "Film Create_PrintTask" ended with "Stop" status (Duration: 3.6743).	[MsgId: MMSG-16873]
Action.c(86): Notify: Transaction "Film TerminalStatus" ended with "Stop" status (Duration: 11.7108).	[MsgId: MMSG-16873]
Abort was called from an action.	[MsgId: MMSG-10447]
Ending Vuser...	[MsgId: MMSG-15966]
Starting action vuser_end.	[MsgId: MMSG-15919]
vuser_end.c(3): DB disconnect "Disconnect" started	[MsgId: MMSG-108767]
vuser_end.c(3): DB disconnect was successful	[MsgId: MMSG-108766]
Action.c(86): Notify: Transaction "Film TerminalStatus" ended with "Stop" status (Duration: 11.7140).	[MsgId: MMSG-16873]
vuser_end.c(3): ================================================	[MsgId: MMSG0]
Ending action vuser_end.	[MsgId: MMSG-15918]
Vuser Terminated.	[MsgId: MMSG-15963]
Abort was called from an action.	[MsgId: MMSG-10447]
Ending Vuser...	[MsgId: MMSG-15966]
Starting action vuser_end.	[MsgId: MMSG-15919]
vuser_end.c(3): DB disconnect "Disconnect" started	[MsgId: MMSG-108767]
vuser_end.c(3): DB disconnect was successful	[MsgId: MMSG-108766]
vuser_end.c(3): ================================================	[MsgId: MMSG0]
Ending action vuser_end.	[MsgId: MMSG-15918]
Vuser Terminated.	[MsgId: MMSG-15963]
Action.c(86): Notify: Transaction "Film TerminalStatus" ended with "Stop" status (Duration: 11.8308).	[MsgId: MMSG-16873]
Abort was called from an action.	[MsgId: MMSG-10447]
Ending Vuser...	[MsgId: MMSG-15966]
Starting action vuser_end.	[MsgId: MMSG-15919]
vuser_end.c(3): DB disconnect "Disconnect" started	[MsgId: MMSG-108767]
vuser_end.c(3): DB disconnect was successful	[MsgId: MMSG-108766]
vuser_end.c(3): ================================================	[MsgId: MMSG0]
Ending action vuser_end.	[MsgId: MMSG-15918]
Vuser Terminated.	[MsgId: MMSG-15963]
Action.c(119): Notify: Transaction "Film Create_PrintTask" ended with "Stop" status (Duration: 33.2805).	[MsgId: MMSG-16873]
Action.c(194): Notify: Transaction "Film_PrintStatus_CheckService" ended with "Stop" status (Duration: 3.7195).	[MsgId: MMSG-16873]
Abort was called from an action.	[MsgId: MMSG-10447]
Abort was called from an action.	[MsgId: MMSG-10447]
Action.c(194): Notify: Transaction "Film_PrintStatus_CheckService" ended with "Stop" status (Duration: 3.7979).	[MsgId: MMSG-16873]
Ending Vuser...	[MsgId: MMSG-15966]
Ending Vuser...	[MsgId: MMSG-15966]
Starting action vuser_end.	[MsgId: MMSG-15919]
Starting action vuser_end.	[MsgId: MMSG-15919]
vuser_end.c(3): DB disconnect "Disconnect" started	[MsgId: MMSG-108767]
vuser_end.c(3): DB disconnect "Disconnect" started	[MsgId: MMSG-108767]
vuser_end.c(3): DB disconnect was successful	[MsgId: MMSG-108766]
vuser_end.c(3): DB disconnect was successful	[MsgId: MMSG-108766]
vuser_end.c(3): ================================================	[MsgId: MMSG0]
vuser_end.c(3): ================================================	[MsgId: MMSG0]
Ending action vuser_end.	[MsgId: MMSG-15918]
Ending action vuser_end.	[MsgId: MMSG-15918]
Vuser Terminated.	[MsgId: MMSG-15963]
Vuser Terminated.	[MsgId: MMSG-15963]
Abort was called from an action.	[MsgId: MMSG-10447]
Ending Vuser...	[MsgId: MMSG-15966]
Starting action vuser_end.	[MsgId: MMSG-15919]
vuser_end.c(3): DB disconnect "Disconnect" started	[MsgId: MMSG-108767]
vuser_end.c(3): DB disconnect was successful	[MsgId: MMSG-108766]
vuser_end.c(3): ================================================	[MsgId: MMSG0]
Ending action vuser_end.	[MsgId: MMSG-15918]
Vuser Terminated.	[MsgId: MMSG-15963]
Abort was called from an action.	[MsgId: MMSG-10447]
Ending Vuser...	[MsgId: MMSG-15966]
Starting action vuser_end.	[MsgId: MMSG-15919]
vuser_end.c(3): DB disconnect "Disconnect" started	[MsgId: MMSG-108767]
vuser_end.c(3): DB disconnect was successful	[MsgId: MMSG-108766]
vuser_end.c(3): ================================================	[MsgId: MMSG0]
Ending action vuser_end.	[MsgId: MMSG-15918]
Vuser Terminated.	[MsgId: MMSG-15963]
Action.c(119): Notify: Transaction "Film Create_PrintTask" ended with "Stop" status (Duration: 3.7878).	[MsgId: MMSG-16873]
Abort was called from an action.	[MsgId: MMSG-10447]
Ending Vuser...	[MsgId: MMSG-15966]
Starting action vuser_end.	[MsgId: MMSG-15919]
vuser_end.c(3): DB disconnect "Disconnect" started	[MsgId: MMSG-108767]
vuser_end.c(3): DB disconnect was successful	[MsgId: MMSG-108766]
vuser_end.c(3): ================================================	[MsgId: MMSG0]
Ending action vuser_end.	[MsgId: MMSG-15918]
Vuser Terminated.	[MsgId: MMSG-15963]
