Start auto log messages stack - Iteration 95.	[MsgId: MMSG-10545]
Action.c(193):     ll,"PMCount":0,"FRCount":0,"Status":8,"PrintStatus":0}],"ReportPrinters":[],"PrintTaskID":
Action.c(193):     "5078931"}}}
Action.c(193): Notify: Saving Parameter "TaskStatus = 1".	[MsgId: MMSG-13798]
Action.c(193): web_custom_request("web_custom_request") was successful, 732 body bytes, 259 header bytes  	[MsgId: MMSG-26386]
Action.c(203): Notify: Transaction "Film_PrintStatus_CheckService" ended with "Pass" status (Duration: 0.0848 Wasted Time: 0.0000).	[MsgId: MMSG-16871]
Action.c(205): Notify: Parameter Substitution: parameter "TaskStatus" =  "1"	[MsgId: MMSG-13992]
Action.c(205): PrintStatus in DataBase-------,1	[MsgId: MMSG-17999]
Action.c(206): Notify: Parameter Substitution: parameter "TaskStatus" =  "1"	[MsgId: MMSG-13992]
Action.c(207): PrintStatus Check result-------,-3	[MsgId: MMSG-17999]
Action.c(212): PrintStatus-------,30	[MsgId: MMSG-17999]
Action.c(245): Notify: Transaction "Film PrintTask_Result_Fail" started.	[MsgId: MMSG-16999]
Action.c(246): Notify: Parameter Substitution: parameter "TaskID" =  "5078931"	[MsgId: MMSG-13992]
Action.c(246): Notify: Parameter Substitution: parameter "K2Terminal" =  "K2_1"	[MsgId: MMSG-13992]
Action.c(246): Error: The task do not finish correct: TaskID: 5078931  From Terminal: K2_1	[MsgId: MERR-17999]
End auto log messages stack.	[MsgId: MMSG-10544]


Start auto log messages stack - Iteration 96.	[MsgId: MMSG-10545]
Action.c(193):     l,"PMCount":0,"FRCount":0,"Status":8,"PrintStatus":0}],"ReportPrinters":[],"PrintTaskID":"
Action.c(193):     5078931"}}}
Action.c(193): Notify: Saving Parameter "TaskStatus = 0".	[MsgId: MMSG-13798]
Action.c(193): web_custom_request("web_custom_request") was successful, 731 body bytes, 259 header bytes  	[MsgId: MMSG-26386]
Action.c(203): Notify: Transaction "Film_PrintStatus_CheckService" ended with "Pass" status (Duration: 0.0223 Wasted Time: 0.0000).	[MsgId: MMSG-16871]
Action.c(205): Notify: Parameter Substitution: parameter "TaskStatus" =  "0"	[MsgId: MMSG-13992]
Action.c(205): PrintStatus in DataBase-------,0	[MsgId: MMSG-17999]
Action.c(206): Notify: Parameter Substitution: parameter "TaskStatus" =  "0"	[MsgId: MMSG-13992]
Action.c(207): PrintStatus Check result-------,-4	[MsgId: MMSG-17999]
Action.c(212): PrintStatus-------,30	[MsgId: MMSG-17999]
Action.c(245): Notify: Transaction "Film PrintTask_Result_Fail" started.	[MsgId: MMSG-16999]
Action.c(246): Notify: Parameter Substitution: parameter "TaskID" =  "5078995"	[MsgId: MMSG-13992]
Action.c(246): Notify: Parameter Substitution: parameter "K2Terminal" =  "K2_1"	[MsgId: MMSG-13992]
Action.c(246): Error: The task do not finish correct: TaskID: 5078995  From Terminal: K2_1	[MsgId: MERR-17999]
End auto log messages stack.	[MsgId: MMSG-10544]


Start auto log messages stack - Iteration 95.	[MsgId: MMSG-10545]
Action.c(193):     8,"PrintStatus":0}],"ReportPrinters":[],"PrintTaskID":null}}}
Action.c(193): Notify: Saving Parameter "TaskStatus = 3".	[MsgId: MMSG-13798]
Action.c(193): web_custom_request("web_custom_request") was successful, 775 body bytes, 259 header bytes  	[MsgId: MMSG-26386]
Action.c(203): Notify: Transaction "Film_PrintStatus_CheckService" ended with "Pass" status (Duration: 0.0154 Wasted Time: 0.0000).	[MsgId: MMSG-16871]
Action.c(205): Notify: Parameter Substitution: parameter "TaskStatus" =  "3"	[MsgId: MMSG-13992]
Action.c(205): PrintStatus in DataBase-------,3	[MsgId: MMSG-17999]
Action.c(206): Notify: Parameter Substitution: parameter "TaskStatus" =  "3"	[MsgId: MMSG-13992]
Action.c(207): PrintStatus Check result-------,-1	[MsgId: MMSG-17999]
Action.c(212): PrintStatus-------,30	[MsgId: MMSG-17999]
Action.c(245): Notify: Transaction "Film PrintTask_Result_Fail" started.	[MsgId: MMSG-16999]
Action.c(246): Notify: Parameter Substitution: parameter "TaskID" =  "5079011"	[MsgId: MMSG-13992]
Action.c(246): Notify: Parameter Substitution: parameter "K2Terminal" =  "K2_4"	[MsgId: MMSG-13992]
Action.c(246): Error: The task do not finish correct: TaskID: 5079011  From Terminal: K2_4	[MsgId: MERR-17999]
End auto log messages stack.	[MsgId: MMSG-10544]


Start auto log messages stack - Iteration 97.	[MsgId: MMSG-10545]
Action.c(193):     l,"PMCount":0,"FRCount":0,"Status":8,"PrintStatus":0}],"ReportPrinters":[],"PrintTaskID":"
Action.c(193):     5078931"}}}
Action.c(193): Notify: Saving Parameter "TaskStatus = 0".	[MsgId: MMSG-13798]
Action.c(193): web_custom_request("web_custom_request") was successful, 731 body bytes, 259 header bytes  	[MsgId: MMSG-26386]
Action.c(203): Notify: Transaction "Film_PrintStatus_CheckService" ended with "Pass" status (Duration: 0.0456 Wasted Time: 0.0000).	[MsgId: MMSG-16871]
Action.c(205): Notify: Parameter Substitution: parameter "TaskStatus" =  "0"	[MsgId: MMSG-13992]
Action.c(205): PrintStatus in DataBase-------,0	[MsgId: MMSG-17999]
Action.c(206): Notify: Parameter Substitution: parameter "TaskStatus" =  "0"	[MsgId: MMSG-13992]
Action.c(207): PrintStatus Check result-------,-4	[MsgId: MMSG-17999]
Action.c(212): PrintStatus-------,30	[MsgId: MMSG-17999]
Action.c(245): Notify: Transaction "Film PrintTask_Result_Fail" started.	[MsgId: MMSG-16999]
Action.c(246): Notify: Parameter Substitution: parameter "TaskID" =  "5079052"	[MsgId: MMSG-13992]
Action.c(246): Notify: Parameter Substitution: parameter "K2Terminal" =  "K2_1"	[MsgId: MMSG-13992]
Action.c(246): Error: The task do not finish correct: TaskID: 5079052  From Terminal: K2_1	[MsgId: MERR-17999]
End auto log messages stack.	[MsgId: MMSG-10544]


Start auto log messages stack - Iteration 98.	[MsgId: MMSG-10545]
Action.c(193):     l,"PMCount":0,"FRCount":0,"Status":8,"PrintStatus":0}],"ReportPrinters":[],"PrintTaskID":"
Action.c(193):     5078931"}}}
Action.c(193): Notify: Saving Parameter "TaskStatus = 0".	[MsgId: MMSG-13798]
Action.c(193): web_custom_request("web_custom_request") was successful, 731 body bytes, 259 header bytes  	[MsgId: MMSG-26386]
Action.c(203): Notify: Transaction "Film_PrintStatus_CheckService" ended with "Pass" status (Duration: 0.0140 Wasted Time: 0.0000).	[MsgId: MMSG-16871]
Action.c(205): Notify: Parameter Substitution: parameter "TaskStatus" =  "0"	[MsgId: MMSG-13992]
Action.c(205): PrintStatus in DataBase-------,0	[MsgId: MMSG-17999]
Action.c(206): Notify: Parameter Substitution: parameter "TaskStatus" =  "0"	[MsgId: MMSG-13992]
Action.c(207): PrintStatus Check result-------,-4	[MsgId: MMSG-17999]
Action.c(212): PrintStatus-------,30	[MsgId: MMSG-17999]
Action.c(245): Notify: Transaction "Film PrintTask_Result_Fail" started.	[MsgId: MMSG-16999]
Action.c(246): Notify: Parameter Substitution: parameter "TaskID" =  "5079114"	[MsgId: MMSG-13992]
Action.c(246): Notify: Parameter Substitution: parameter "K2Terminal" =  "K2_1"	[MsgId: MMSG-13992]
Action.c(246): Error: The task do not finish correct: TaskID: 5079114  From Terminal: K2_1	[MsgId: MERR-17999]
End auto log messages stack.	[MsgId: MMSG-10544]


Start auto log messages stack - Iteration 99.	[MsgId: MMSG-10545]
Action.c(193):     l,"PMCount":0,"FRCount":0,"Status":8,"PrintStatus":0}],"ReportPrinters":[],"PrintTaskID":"
Action.c(193):     5078931"}}}
Action.c(193): Notify: Saving Parameter "TaskStatus = 0".	[MsgId: MMSG-13798]
Action.c(193): web_custom_request("web_custom_request") was successful, 731 body bytes, 259 header bytes  	[MsgId: MMSG-26386]
Action.c(203): Notify: Transaction "Film_PrintStatus_CheckService" ended with "Pass" status (Duration: 0.0381 Wasted Time: 0.0000).	[MsgId: MMSG-16871]
Action.c(205): Notify: Parameter Substitution: parameter "TaskStatus" =  "0"	[MsgId: MMSG-13992]
Action.c(205): PrintStatus in DataBase-------,0	[MsgId: MMSG-17999]
Action.c(206): Notify: Parameter Substitution: parameter "TaskStatus" =  "0"	[MsgId: MMSG-13992]
Action.c(207): PrintStatus Check result-------,-4	[MsgId: MMSG-17999]
Action.c(212): PrintStatus-------,30	[MsgId: MMSG-17999]
Action.c(245): Notify: Transaction "Film PrintTask_Result_Fail" started.	[MsgId: MMSG-16999]
Action.c(246): Notify: Parameter Substitution: parameter "TaskID" =  "5079176"	[MsgId: MMSG-13992]
Action.c(246): Notify: Parameter Substitution: parameter "K2Terminal" =  "K2_1"	[MsgId: MMSG-13992]
Action.c(246): Error: The task do not finish correct: TaskID: 5079176  From Terminal: K2_1	[MsgId: MERR-17999]
End auto log messages stack.	[MsgId: MMSG-10544]


Start auto log messages stack - Iteration 239.	[MsgId: MMSG-10545]
Action.c(203): Notify: Transaction "Film_PrintStatus_CheckService" ended with "Pass" status (Duration: 0.0156).	[MsgId: MMSG-16873]
Action.c(205): Notify: Parameter Substitution: parameter "TaskStatus" =  "4"	[MsgId: MMSG-13992]
Action.c(205): PrintStatus in DataBase-------,4	[MsgId: MMSG-17999]
Action.c(206): Notify: Parameter Substitution: parameter "TaskStatus" =  "4"	[MsgId: MMSG-13992]
Action.c(207): PrintStatus Check result-------,0	[MsgId: MMSG-17999]
Action.c(212): PrintStatus-------,3	[MsgId: MMSG-17999]
Action.c(217): Notify: Transaction "Film PrintTask_Result_Correct" started.	[MsgId: MMSG-16999]
Action.c(218): lr_think_time: 1.00 seconds.	[MsgId: MMSG-15948]
Action.c(219): Notify: Transaction "Film PrintTask_Result_Correct" ended with "Pass" status (Duration: 1.0140 Think Time: 1.0140).	[MsgId: MMSG-16872]
Action.c(221): lr_think_time: 5.00 seconds.	[MsgId: MMSG-15948]
Action.c(225): Notify: Parameter Substitution: parameter "ACCNum" =  "A20180912102144977"	[MsgId: MMSG-13992]
Action.c(225): Notify: Saving Parameter "SQLECSQuery1 = update wggc.dbo.AFP_FilmInfo  set FilmFlag=0  where AccessionNumber ='A20180912102144977'  and DeleteStatus =0  ".	[MsgId: MMSG-13798]
Action.c(227): Notify: Parameter Substitution: parameter "SQLECSQuery1" =  "update wggc.dbo.AFP_FilmInfo  set FilmFlag=0  where AccessionNumber ='A20180912102144977'  and DeleteStatus =0  "	[MsgId: MMSG-13992]
Action.c(227): Error: SQL Statement failed {"事务(进程 ID 151)与另一个进程被死锁在 锁 资源上，并且已被选作死锁牺牲品。请重新运行该事务。"}	[MsgId: MERR-108756]
Action.c(227): Error: SQL Statement failed {"UpdateFilmToUnPrinted"}	[MsgId: MERR-108756]
Action.c(227): Error: C interpreter run time error: Action.c (227):  Error -- memory violation : Exception ACCESS_VIOLATION received.	[MsgId: MERR-19890]
End auto log messages stack.	[MsgId: MMSG-10544]


Start auto log messages stack - Iteration 350.	[MsgId: MMSG-10545]
Action.c(193):     d":"6","ErrorCode":"","RawErrorCodes":null,"PMDate":null,"PMCount":0,"FRCount":0,"Status":
Action.c(193):     8,"PrintStatus":0}],"ReportPrinters":[],"PrintTaskID":null}}}
Action.c(193): Notify: Saving Parameter "TaskStatus = 3".	[MsgId: MMSG-13798]
Action.c(193): web_custom_request("web_custom_request") was successful, 775 body bytes, 259 header bytes  	[MsgId: MMSG-26386]
Action.c(203): Notify: Transaction "Film_PrintStatus_CheckService" ended with "Pass" status (Duration: 0.1560).	[MsgId: MMSG-16873]
Action.c(205): Notify: Parameter Substitution: parameter "TaskStatus" =  "3"	[MsgId: MMSG-13992]
Action.c(205): PrintStatus in DataBase-------,3	[MsgId: MMSG-17999]
Action.c(206): Notify: Parameter Substitution: parameter "TaskStatus" =  "3"	[MsgId: MMSG-13992]
Action.c(207): PrintStatus Check result-------,-1	[MsgId: MMSG-17999]
Action.c(212): PrintStatus-------,30	[MsgId: MMSG-17999]
Action.c(245): Notify: Transaction "Film PrintTask_Result_Fail" started.	[MsgId: MMSG-16999]
Action.c(246): Notify: Parameter Substitution: parameter "TaskID" =  "5083129"	[MsgId: MMSG-13992]
Action.c(246): Notify: Parameter Substitution: parameter "K2Terminal" =  "K2_4"	[MsgId: MMSG-13992]
Action.c(246): Error: The task do not finish correct: TaskID: 5083129  From Terminal: K2_4	[MsgId: MERR-17999]
End auto log messages stack.	[MsgId: MMSG-10544]


Start auto log messages stack - Iteration 366.	[MsgId: MMSG-10545]
Action.c(193):     d":"5","ErrorCode":"","RawErrorCodes":null,"PMDate":null,"PMCount":0,"FRCount":0,"Status":
Action.c(193):     8,"PrintStatus":0}],"ReportPrinters":[],"PrintTaskID":null}}}
Action.c(193): Notify: Saving Parameter "TaskStatus = 3".	[MsgId: MMSG-13798]
Action.c(193): web_custom_request("web_custom_request") was successful, 775 body bytes, 259 header bytes  	[MsgId: MMSG-26386]
Action.c(203): Notify: Transaction "Film_PrintStatus_CheckService" ended with "Pass" status (Duration: 0.0156).	[MsgId: MMSG-16873]
Action.c(205): Notify: Parameter Substitution: parameter "TaskStatus" =  "3"	[MsgId: MMSG-13992]
Action.c(205): PrintStatus in DataBase-------,3	[MsgId: MMSG-17999]
Action.c(206): Notify: Parameter Substitution: parameter "TaskStatus" =  "3"	[MsgId: MMSG-13992]
Action.c(207): PrintStatus Check result-------,-1	[MsgId: MMSG-17999]
Action.c(212): PrintStatus-------,30	[MsgId: MMSG-17999]
Action.c(245): Notify: Transaction "Film PrintTask_Result_Fail" started.	[MsgId: MMSG-16999]
Action.c(246): Notify: Parameter Substitution: parameter "TaskID" =  "5083130"	[MsgId: MMSG-13992]
Action.c(246): Notify: Parameter Substitution: parameter "K2Terminal" =  "K2_3"	[MsgId: MMSG-13992]
Action.c(246): Error: The task do not finish correct: TaskID: 5083130  From Terminal: K2_3	[MsgId: MERR-17999]
End auto log messages stack.	[MsgId: MMSG-10544]


Start auto log messages stack - Iteration 363.	[MsgId: MMSG-10545]
Action.c(193):     interId":"4","ErrorCode":"","RawErrorCodes":null,"PMDate":null,"PMCount":0,"FRCount":0,"St
Action.c(193):     atus":8,"PrintStatus":0}],"ReportPrinters":[],"PrintTaskID":null}}}
Action.c(193): Notify: Saving Parameter "TaskStatus = 3".	[MsgId: MMSG-13798]
Action.c(193): web_custom_request("web_custom_request") was successful, 781 body bytes, 259 header bytes  	[MsgId: MMSG-26386]
Action.c(203): Notify: Transaction "Film_PrintStatus_CheckService" ended with "Pass" status (Duration: 0.0156).	[MsgId: MMSG-16873]
Action.c(205): Notify: Parameter Substitution: parameter "TaskStatus" =  "3"	[MsgId: MMSG-13992]
Action.c(205): PrintStatus in DataBase-------,3	[MsgId: MMSG-17999]
Action.c(206): Notify: Parameter Substitution: parameter "TaskStatus" =  "3"	[MsgId: MMSG-13992]
Action.c(207): PrintStatus Check result-------,-1	[MsgId: MMSG-17999]
Action.c(212): PrintStatus-------,30	[MsgId: MMSG-17999]
Action.c(245): Notify: Transaction "Film PrintTask_Result_Fail" started.	[MsgId: MMSG-16999]
Action.c(246): Notify: Parameter Substitution: parameter "TaskID" =  "5083136"	[MsgId: MMSG-13992]
Action.c(246): Notify: Parameter Substitution: parameter "K2Terminal" =  "K2_7"	[MsgId: MMSG-13992]
Action.c(246): Error: The task do not finish correct: TaskID: 5083136  From Terminal: K2_7	[MsgId: MERR-17999]
End auto log messages stack.	[MsgId: MMSG-10544]


Start auto log messages stack - Iteration 347.	[MsgId: MMSG-10545]
Action.c(193):     d":"1","ErrorCode":"","RawErrorCodes":null,"PMDate":null,"PMCount":0,"FRCount":0,"Status":
Action.c(193):     8,"PrintStatus":0}],"ReportPrinters":[],"PrintTaskID":null}}}
Action.c(193): Notify: Saving Parameter "TaskStatus = 3".	[MsgId: MMSG-13798]
Action.c(193): web_custom_request("web_custom_request") was successful, 775 body bytes, 259 header bytes  	[MsgId: MMSG-26386]
Action.c(203): Notify: Transaction "Film_PrintStatus_CheckService" ended with "Pass" status (Duration: 0.0156).	[MsgId: MMSG-16873]
Action.c(205): Notify: Parameter Substitution: parameter "TaskStatus" =  "3"	[MsgId: MMSG-13992]
Action.c(205): PrintStatus in DataBase-------,3	[MsgId: MMSG-17999]
Action.c(206): Notify: Parameter Substitution: parameter "TaskStatus" =  "3"	[MsgId: MMSG-13992]
Action.c(207): PrintStatus Check result-------,-1	[MsgId: MMSG-17999]
Action.c(212): PrintStatus-------,30	[MsgId: MMSG-17999]
Action.c(245): Notify: Transaction "Film PrintTask_Result_Fail" started.	[MsgId: MMSG-16999]
Action.c(246): Notify: Parameter Substitution: parameter "TaskID" =  "5083135"	[MsgId: MMSG-13992]
Action.c(246): Notify: Parameter Substitution: parameter "K2Terminal" =  "K2_1"	[MsgId: MMSG-13992]
Action.c(246): Error: The task do not finish correct: TaskID: 5083135  From Terminal: K2_1	[MsgId: MERR-17999]
End auto log messages stack.	[MsgId: MMSG-10544]


Start auto log messages stack - Iteration 448.	[MsgId: MMSG-10545]
Action.c(193):     d":"5","ErrorCode":"","RawErrorCodes":null,"PMDate":null,"PMCount":0,"FRCount":0,"Status":
Action.c(193):     8,"PrintStatus":0}],"ReportPrinters":[],"PrintTaskID":null}}}
Action.c(193): Notify: Saving Parameter "TaskStatus = 3".	[MsgId: MMSG-13798]
Action.c(193): web_custom_request("web_custom_request") was successful, 775 body bytes, 259 header bytes  	[MsgId: MMSG-26386]
Action.c(203): Notify: Transaction "Film_PrintStatus_CheckService" ended with "Pass" status (Duration: 0.0156).	[MsgId: MMSG-16873]
Action.c(205): Notify: Parameter Substitution: parameter "TaskStatus" =  "3"	[MsgId: MMSG-13992]
Action.c(205): PrintStatus in DataBase-------,3	[MsgId: MMSG-17999]
Action.c(206): Notify: Parameter Substitution: parameter "TaskStatus" =  "3"	[MsgId: MMSG-13992]
Action.c(207): PrintStatus Check result-------,-1	[MsgId: MMSG-17999]
Action.c(212): PrintStatus-------,30	[MsgId: MMSG-17999]
Action.c(245): Notify: Transaction "Film PrintTask_Result_Fail" started.	[MsgId: MMSG-16999]
Action.c(246): Notify: Parameter Substitution: parameter "TaskID" =  "5084397"	[MsgId: MMSG-13992]
Action.c(246): Notify: Parameter Substitution: parameter "K2Terminal" =  "K2_3"	[MsgId: MMSG-13992]
Action.c(246): Error: The task do not finish correct: TaskID: 5084397  From Terminal: K2_3	[MsgId: MERR-17999]
End auto log messages stack.	[MsgId: MMSG-10544]


Start auto log messages stack - Iteration 463.	[MsgId: MMSG-10545]
Action.c(193):     "2","ErrorCode":"","RawErrorCodes":null,"PMDate":null,"PMCount":0,"FRCount":0,"Status":8,"
Action.c(193):     PrintStatus":0}],"ReportPrinters":[],"PrintTaskID":null}}}
Action.c(193): Notify: Saving Parameter "TaskStatus = 3".	[MsgId: MMSG-13798]
Action.c(193): web_custom_request("web_custom_request") was successful, 772 body bytes, 259 header bytes  	[MsgId: MMSG-26386]
Action.c(203): Notify: Transaction "Film_PrintStatus_CheckService" ended with "Pass" status (Duration: 0.3588).	[MsgId: MMSG-16873]
Action.c(205): Notify: Parameter Substitution: parameter "TaskStatus" =  "3"	[MsgId: MMSG-13992]
Action.c(205): PrintStatus in DataBase-------,3	[MsgId: MMSG-17999]
Action.c(206): Notify: Parameter Substitution: parameter "TaskStatus" =  "3"	[MsgId: MMSG-13992]
Action.c(207): PrintStatus Check result-------,-1	[MsgId: MMSG-17999]
Action.c(212): PrintStatus-------,30	[MsgId: MMSG-17999]
Action.c(245): Notify: Transaction "Film PrintTask_Result_Fail" started.	[MsgId: MMSG-16999]
Action.c(246): Notify: Parameter Substitution: parameter "TaskID" =  "5084559"	[MsgId: MMSG-13992]
Action.c(246): Notify: Parameter Substitution: parameter "K2Terminal" =  "K2_8"	[MsgId: MMSG-13992]
Action.c(246): Error: The task do not finish correct: TaskID: 5084559  From Terminal: K2_8	[MsgId: MERR-17999]
End auto log messages stack.	[MsgId: MMSG-10544]


Start auto log messages stack - Iteration 457.	[MsgId: MMSG-10545]
Action.c(193):     ll,"PMCount":0,"FRCount":0,"Status":8,"PrintStatus":0}],"ReportPrinters":[],"PrintTaskID":
Action.c(193):     null}}}
Action.c(193): Notify: Saving Parameter "TaskStatus = -1".	[MsgId: MMSG-13798]
Action.c(193): web_custom_request("web_custom_request") was successful, 727 body bytes, 259 header bytes  	[MsgId: MMSG-26386]
Action.c(203): Notify: Transaction "Film_PrintStatus_CheckService" ended with "Pass" status (Duration: 0.2808).	[MsgId: MMSG-16873]
Action.c(205): Notify: Parameter Substitution: parameter "TaskStatus" =  "-1"	[MsgId: MMSG-13992]
Action.c(205): PrintStatus in DataBase-------,-1	[MsgId: MMSG-17999]
Action.c(206): Notify: Parameter Substitution: parameter "TaskStatus" =  "-1"	[MsgId: MMSG-13992]
Action.c(207): PrintStatus Check result-------,-7	[MsgId: MMSG-17999]
Action.c(212): PrintStatus-------,30	[MsgId: MMSG-17999]
Action.c(245): Notify: Transaction "Film PrintTask_Result_Fail" started.	[MsgId: MMSG-16999]
Action.c(246): Notify: Parameter Substitution: parameter "TaskID" =  "5084565"	[MsgId: MMSG-13992]
Action.c(246): Notify: Parameter Substitution: parameter "K2Terminal" =  "K2_3"	[MsgId: MMSG-13992]
Action.c(246): Error: The task do not finish correct: TaskID: 5084565  From Terminal: K2_3	[MsgId: MERR-17999]
End auto log messages stack.	[MsgId: MMSG-10544]


Start auto log messages stack - Iteration 749.	[MsgId: MMSG-10545]
Action.c(193):     te":null,"PMCount":0,"FRCount":0,"Status":8,"PrintStatus":0}],"ReportPrinters":[],"PrintTa
Action.c(193):     skID":null}}}
Action.c(193): Notify: Saving Parameter "TaskStatus = 3".	[MsgId: MMSG-13798]
Action.c(193): web_custom_request("web_custom_request") was successful, 733 body bytes, 259 header bytes  	[MsgId: MMSG-26386]
Action.c(203): Notify: Transaction "Film_PrintStatus_CheckService" ended with "Pass" status (Duration: 0.0156).	[MsgId: MMSG-16873]
Action.c(205): Notify: Parameter Substitution: parameter "TaskStatus" =  "3"	[MsgId: MMSG-13992]
Action.c(205): PrintStatus in DataBase-------,3	[MsgId: MMSG-17999]
Action.c(206): Notify: Parameter Substitution: parameter "TaskStatus" =  "3"	[MsgId: MMSG-13992]
Action.c(207): PrintStatus Check result-------,-1	[MsgId: MMSG-17999]
Action.c(212): PrintStatus-------,30	[MsgId: MMSG-17999]
Action.c(245): Notify: Transaction "Film PrintTask_Result_Fail" started.	[MsgId: MMSG-16999]
Action.c(246): Notify: Parameter Substitution: parameter "TaskID" =  "5088996"	[MsgId: MMSG-13992]
Action.c(246): Notify: Parameter Substitution: parameter "K2Terminal" =  "K2_7"	[MsgId: MMSG-13992]
Action.c(246): Error: The task do not finish correct: TaskID: 5088996  From Terminal: K2_7	[MsgId: MERR-17999]
End auto log messages stack.	[MsgId: MMSG-10544]


Start auto log messages stack - Iteration 750.	[MsgId: MMSG-10545]
Action.c(193):     :null,"PMCount":0,"FRCount":0,"Status":8,"PrintStatus":0}],"ReportPrinters":[],"PrintTaskI
Action.c(193):     D":null}}}
Action.c(193): Notify: Saving Parameter "TaskStatus = 3".	[MsgId: MMSG-13798]
Action.c(193): web_custom_request("web_custom_request") was successful, 730 body bytes, 259 header bytes  	[MsgId: MMSG-26386]
Action.c(203): Notify: Transaction "Film_PrintStatus_CheckService" ended with "Pass" status (Duration: 0.0312).	[MsgId: MMSG-16873]
Action.c(205): Notify: Parameter Substitution: parameter "TaskStatus" =  "3"	[MsgId: MMSG-13992]
Action.c(205): PrintStatus in DataBase-------,3	[MsgId: MMSG-17999]
Action.c(206): Notify: Parameter Substitution: parameter "TaskStatus" =  "3"	[MsgId: MMSG-13992]
Action.c(207): PrintStatus Check result-------,-1	[MsgId: MMSG-17999]
Action.c(212): PrintStatus-------,30	[MsgId: MMSG-17999]
Action.c(245): Notify: Transaction "Film PrintTask_Result_Fail" started.	[MsgId: MMSG-16999]
Action.c(246): Notify: Parameter Substitution: parameter "TaskID" =  "5088997"	[MsgId: MMSG-13992]
Action.c(246): Notify: Parameter Substitution: parameter "K2Terminal" =  "K2_5"	[MsgId: MMSG-13992]
Action.c(246): Error: The task do not finish correct: TaskID: 5088997  From Terminal: K2_5	[MsgId: MERR-17999]
End auto log messages stack.	[MsgId: MMSG-10544]


Start auto log messages stack - Iteration 752.	[MsgId: MMSG-10545]
Action.c(193):     "PMCount":0,"FRCount":0,"Status":8,"PrintStatus":0}],"ReportPrinters":[],"PrintTaskID":nul
Action.c(193):     l}}}
Action.c(193): Notify: Saving Parameter "TaskStatus = 3".	[MsgId: MMSG-13798]
Action.c(193): web_custom_request("web_custom_request") was successful, 724 body bytes, 259 header bytes  	[MsgId: MMSG-26386]
Start auto log messages stack - Iteration 730.	[MsgId: MMSG-10545]
Action.c(203): Notify: Transaction "Film_PrintStatus_CheckService" ended with "Pass" status (Duration: 0.0312).	[MsgId: MMSG-16873]
Action.c(193):     ll,"PMCount":0,"FRCount":0,"Status":8,"PrintStatus":0}],"ReportPrinters":[],"PrintTaskID":
Action.c(205): Notify: Parameter Substitution: parameter "TaskStatus" =  "3"	[MsgId: MMSG-13992]
Action.c(193):     null}}}
Action.c(205): PrintStatus in DataBase-------,3	[MsgId: MMSG-17999]
Action.c(193): Notify: Saving Parameter "TaskStatus = 3".	[MsgId: MMSG-13798]
Action.c(193): web_custom_request("web_custom_request") was successful, 727 body bytes, 259 header bytes  	[MsgId: MMSG-26386]
Action.c(206): Notify: Parameter Substitution: parameter "TaskStatus" =  "3"	[MsgId: MMSG-13992]
Action.c(203): Notify: Transaction "Film_PrintStatus_CheckService" ended with "Pass" status (Duration: 0.0312).	[MsgId: MMSG-16873]
Action.c(207): PrintStatus Check result-------,-1	[MsgId: MMSG-17999]
Action.c(205): Notify: Parameter Substitution: parameter "TaskStatus" =  "3"	[MsgId: MMSG-13992]
Action.c(205): PrintStatus in DataBase-------,3	[MsgId: MMSG-17999]
Action.c(212): PrintStatus-------,30	[MsgId: MMSG-17999]
Action.c(245): Notify: Transaction "Film PrintTask_Result_Fail" started.	[MsgId: MMSG-16999]
Action.c(206): Notify: Parameter Substitution: parameter "TaskStatus" =  "3"	[MsgId: MMSG-13992]
Action.c(207): PrintStatus Check result-------,-1	[MsgId: MMSG-17999]
Action.c(246): Notify: Parameter Substitution: parameter "TaskID" =  "5089000"	[MsgId: MMSG-13992]
Action.c(246): Notify: Parameter Substitution: parameter "K2Terminal" =  "K2_8"	[MsgId: MMSG-13992]
Action.c(212): PrintStatus-------,30	[MsgId: MMSG-17999]
Action.c(246): Error: The task do not finish correct: TaskID: 5089000  From Terminal: K2_8	[MsgId: MERR-17999]
Action.c(245): Notify: Transaction "Film PrintTask_Result_Fail" started.	[MsgId: MMSG-16999]
End auto log messages stack.	[MsgId: MMSG-10544]
Action.c(246): Notify: Parameter Substitution: parameter "TaskID" =  "5088999"	[MsgId: MMSG-13992]
Action.c(246): Notify: Parameter Substitution: parameter "K2Terminal" =  "K2_4"	[MsgId: MMSG-13992]
Action.c(246): Error: The task do not finish correct: TaskID: 5088999  From Terminal: K2_4	[MsgId: MERR-17999]


End auto log messages stack.	[MsgId: MMSG-10544]


Start auto log messages stack - Iteration 809.	[MsgId: MMSG-10545]
Action.c(193):     e":null,"PMCount":0,"FRCount":0,"Status":8,"PrintStatus":0}],"ReportPrinters":[],"PrintTas
Action.c(193):     kID":null}}}
Action.c(193): Notify: Saving Parameter "TaskStatus = 3".	[MsgId: MMSG-13798]
Action.c(193): web_custom_request("web_custom_request") was successful, 732 body bytes, 259 header bytes  	[MsgId: MMSG-26386]
Action.c(203): Notify: Transaction "Film_PrintStatus_CheckService" ended with "Pass" status (Duration: 0.0000).	[MsgId: MMSG-16873]
Action.c(205): Notify: Parameter Substitution: parameter "TaskStatus" =  "3"	[MsgId: MMSG-13992]
Action.c(205): PrintStatus in DataBase-------,3	[MsgId: MMSG-17999]
Action.c(206): Notify: Parameter Substitution: parameter "TaskStatus" =  "3"	[MsgId: MMSG-13992]
Action.c(207): PrintStatus Check result-------,-1	[MsgId: MMSG-17999]
Action.c(212): PrintStatus-------,30	[MsgId: MMSG-17999]
Action.c(245): Notify: Transaction "Film PrintTask_Result_Fail" started.	[MsgId: MMSG-16999]
Action.c(246): Notify: Parameter Substitution: parameter "TaskID" =  "5089001"	[MsgId: MMSG-13992]
Action.c(246): Notify: Parameter Substitution: parameter "K2Terminal" =  "K2_2"	[MsgId: MMSG-13992]
Action.c(246): Error: The task do not finish correct: TaskID: 5089001  From Terminal: K2_2	[MsgId: MERR-17999]
End auto log messages stack.	[MsgId: MMSG-10544]


Start auto log messages stack - Iteration 734.	[MsgId: MMSG-10545]
Action.c(193):     ll,"PMCount":0,"FRCount":0,"Status":8,"PrintStatus":0}],"ReportPrinters":[],"PrintTaskID":
Action.c(193):     null}}}
Action.c(193): Notify: Saving Parameter "TaskStatus = 3".	[MsgId: MMSG-13798]
Action.c(193): web_custom_request("web_custom_request") was successful, 727 body bytes, 259 header bytes  	[MsgId: MMSG-26386]
Action.c(203): Notify: Transaction "Film_PrintStatus_CheckService" ended with "Pass" status (Duration: 0.0000).	[MsgId: MMSG-16873]
Action.c(205): Notify: Parameter Substitution: parameter "TaskStatus" =  "3"	[MsgId: MMSG-13992]
Action.c(205): PrintStatus in DataBase-------,3	[MsgId: MMSG-17999]
Action.c(206): Notify: Parameter Substitution: parameter "TaskStatus" =  "3"	[MsgId: MMSG-13992]
Action.c(207): PrintStatus Check result-------,-1	[MsgId: MMSG-17999]
Action.c(212): PrintStatus-------,30	[MsgId: MMSG-17999]
Action.c(245): Notify: Transaction "Film PrintTask_Result_Fail" started.	[MsgId: MMSG-16999]
Action.c(246): Notify: Parameter Substitution: parameter "TaskID" =  "5089002"	[MsgId: MMSG-13992]
Action.c(246): Notify: Parameter Substitution: parameter "K2Terminal" =  "K2_1"	[MsgId: MMSG-13992]
Action.c(246): Error: The task do not finish correct: TaskID: 5089002  From Terminal: K2_1	[MsgId: MERR-17999]
End auto log messages stack.	[MsgId: MMSG-10544]


Start auto log messages stack - Iteration 749.	[MsgId: MMSG-10545]
Action.c(193):     l,"PMCount":0,"FRCount":0,"Status":8,"PrintStatus":0}],"ReportPrinters":[],"PrintTaskID":n
Action.c(193):     ull}}}
Action.c(193): Notify: Saving Parameter "TaskStatus = 3".	[MsgId: MMSG-13798]
Action.c(193): web_custom_request("web_custom_request") was successful, 726 body bytes, 259 header bytes  	[MsgId: MMSG-26386]
Action.c(203): Notify: Transaction "Film_PrintStatus_CheckService" ended with "Pass" status (Duration: 0.0468).	[MsgId: MMSG-16873]
Action.c(205): Notify: Parameter Substitution: parameter "TaskStatus" =  "3"	[MsgId: MMSG-13992]
Action.c(205): PrintStatus in DataBase-------,3	[MsgId: MMSG-17999]
Action.c(206): Notify: Parameter Substitution: parameter "TaskStatus" =  "3"	[MsgId: MMSG-13992]
Action.c(207): PrintStatus Check result-------,-1	[MsgId: MMSG-17999]
Action.c(212): PrintStatus-------,30	[MsgId: MMSG-17999]
Action.c(245): Notify: Transaction "Film PrintTask_Result_Fail" started.	[MsgId: MMSG-16999]
Action.c(246): Notify: Parameter Substitution: parameter "TaskID" =  "5089005"	[MsgId: MMSG-13992]
Action.c(246): Notify: Parameter Substitution: parameter "K2Terminal" =  "K2_3"	[MsgId: MMSG-13992]
Action.c(246): Error: The task do not finish correct: TaskID: 5089005  From Terminal: K2_3	[MsgId: MERR-17999]
End auto log messages stack.	[MsgId: MMSG-10544]


Start auto log messages stack - Iteration 936.	[MsgId: MMSG-10545]
Action.c(193):     d":"5","ErrorCode":"","RawErrorCodes":null,"PMDate":null,"PMCount":0,"FRCount":0,"Status":
Action.c(193):     8,"PrintStatus":0}],"ReportPrinters":[],"PrintTaskID":null}}}
Action.c(193): Notify: Saving Parameter "TaskStatus = 3".	[MsgId: MMSG-13798]
Action.c(193): web_custom_request("web_custom_request") was successful, 775 body bytes, 259 header bytes  	[MsgId: MMSG-26386]
Action.c(203): Notify: Transaction "Film_PrintStatus_CheckService" ended with "Pass" status (Duration: 0.0468).	[MsgId: MMSG-16873]
Action.c(205): Notify: Parameter Substitution: parameter "TaskStatus" =  "3"	[MsgId: MMSG-13992]
Action.c(205): PrintStatus in DataBase-------,3	[MsgId: MMSG-17999]
Action.c(206): Notify: Parameter Substitution: parameter "TaskStatus" =  "3"	[MsgId: MMSG-13992]
Action.c(207): PrintStatus Check result-------,-1	[MsgId: MMSG-17999]
Action.c(212): PrintStatus-------,30	[MsgId: MMSG-17999]
Action.c(245): Notify: Transaction "Film PrintTask_Result_Fail" started.	[MsgId: MMSG-16999]
Action.c(246): Notify: Parameter Substitution: parameter "TaskID" =  "5091835"	[MsgId: MMSG-13992]
Action.c(246): Notify: Parameter Substitution: parameter "K2Terminal" =  "K2_3"	[MsgId: MMSG-13992]
Action.c(246): Error: The task do not finish correct: TaskID: 5091835  From Terminal: K2_3	[MsgId: MERR-17999]
End auto log messages stack.	[MsgId: MMSG-10544]


Start auto log messages stack - Iteration 1071.	[MsgId: MMSG-10545]
Action.c(193):     d":"5","ErrorCode":"","RawErrorCodes":null,"PMDate":null,"PMCount":0,"FRCount":0,"Status":
Action.c(193):     8,"PrintStatus":0}],"ReportPrinters":[],"PrintTaskID":null}}}
Action.c(193): Notify: Saving Parameter "TaskStatus = 3".	[MsgId: MMSG-13798]
Action.c(193): web_custom_request("web_custom_request") was successful, 775 body bytes, 259 header bytes  	[MsgId: MMSG-26386]
Action.c(203): Notify: Transaction "Film_PrintStatus_CheckService" ended with "Pass" status (Duration: 0.8580).	[MsgId: MMSG-16873]
Action.c(205): Notify: Parameter Substitution: parameter "TaskStatus" =  "3"	[MsgId: MMSG-13992]
Action.c(205): PrintStatus in DataBase-------,3	[MsgId: MMSG-17999]
Action.c(206): Notify: Parameter Substitution: parameter "TaskStatus" =  "3"	[MsgId: MMSG-13992]
Action.c(207): PrintStatus Check result-------,-1	[MsgId: MMSG-17999]
Action.c(212): PrintStatus-------,30	[MsgId: MMSG-17999]
Action.c(245): Notify: Transaction "Film PrintTask_Result_Fail" started.	[MsgId: MMSG-16999]
Action.c(246): Notify: Parameter Substitution: parameter "TaskID" =  "5093911"	[MsgId: MMSG-13992]
Action.c(246): Notify: Parameter Substitution: parameter "K2Terminal" =  "K2_3"	[MsgId: MMSG-13992]
Action.c(246): Error: The task do not finish correct: TaskID: 5093911  From Terminal: K2_3	[MsgId: MERR-17999]
End auto log messages stack.	[MsgId: MMSG-10544]


Start auto log messages stack - Iteration 1078.	[MsgId: MMSG-10545]
Action.c(193):     interId":"4","ErrorCode":"","RawErrorCodes":null,"PMDate":null,"PMCount":0,"FRCount":0,"St
Action.c(193):     atus":8,"PrintStatus":0}],"ReportPrinters":[],"PrintTaskID":null}}}
Action.c(193): Notify: Saving Parameter "TaskStatus = 3".	[MsgId: MMSG-13798]
Action.c(193): web_custom_request("web_custom_request") was successful, 781 body bytes, 259 header bytes  	[MsgId: MMSG-26386]
Action.c(203): Notify: Transaction "Film_PrintStatus_CheckService" ended with "Pass" status (Duration: 0.5304).	[MsgId: MMSG-16873]
Action.c(205): Notify: Parameter Substitution: parameter "TaskStatus" =  "3"	[MsgId: MMSG-13992]
Action.c(205): PrintStatus in DataBase-------,3	[MsgId: MMSG-17999]
Action.c(206): Notify: Parameter Substitution: parameter "TaskStatus" =  "3"	[MsgId: MMSG-13992]
Action.c(207): PrintStatus Check result-------,-1	[MsgId: MMSG-17999]
Action.c(212): PrintStatus-------,30	[MsgId: MMSG-17999]
Action.c(245): Notify: Transaction "Film PrintTask_Result_Fail" started.	[MsgId: MMSG-16999]
Action.c(246): Notify: Parameter Substitution: parameter "TaskID" =  "5093960"	[MsgId: MMSG-13992]
Action.c(246): Notify: Parameter Substitution: parameter "K2Terminal" =  "K2_7"	[MsgId: MMSG-13992]
Action.c(246): Error: The task do not finish correct: TaskID: 5093960  From Terminal: K2_7	[MsgId: MERR-17999]
End auto log messages stack.	[MsgId: MMSG-10544]


Start auto log messages stack - Iteration 1074.	[MsgId: MMSG-10545]
Action.c(193):     erId":"7","ErrorCode":"","RawErrorCodes":null,"PMDate":null,"PMCount":0,"FRCount":0,"Statu
Action.c(193):     s":8,"PrintStatus":0}],"ReportPrinters":[],"PrintTaskID":null}}}
Action.c(193): Notify: Saving Parameter "TaskStatus = 3".	[MsgId: MMSG-13798]
Action.c(193): web_custom_request("web_custom_request") was successful, 778 body bytes, 259 header bytes  	[MsgId: MMSG-26386]
Action.c(203): Notify: Transaction "Film_PrintStatus_CheckService" ended with "Pass" status (Duration: 0.0290).	[MsgId: MMSG-16873]
Action.c(205): Notify: Parameter Substitution: parameter "TaskStatus" =  "3"	[MsgId: MMSG-13992]
Action.c(205): PrintStatus in DataBase-------,3	[MsgId: MMSG-17999]
Action.c(206): Notify: Parameter Substitution: parameter "TaskStatus" =  "3"	[MsgId: MMSG-13992]
Action.c(207): PrintStatus Check result-------,-1	[MsgId: MMSG-17999]
Action.c(212): PrintStatus-------,30	[MsgId: MMSG-17999]
Action.c(245): Notify: Transaction "Film PrintTask_Result_Fail" started.	[MsgId: MMSG-16999]
Action.c(246): Notify: Parameter Substitution: parameter "TaskID" =  "5093968"	[MsgId: MMSG-13992]
Action.c(246): Notify: Parameter Substitution: parameter "K2Terminal" =  "K2_5"	[MsgId: MMSG-13992]
Action.c(246): Error: The task do not finish correct: TaskID: 5093968  From Terminal: K2_5	[MsgId: MERR-17999]
End auto log messages stack.	[MsgId: MMSG-10544]


Start auto log messages stack - Iteration 1066.	[MsgId: MMSG-10545]
Action.c(193):     d":"1","ErrorCode":"","RawErrorCodes":null,"PMDate":null,"PMCount":0,"FRCount":0,"Status":
Action.c(193):     8,"PrintStatus":0}],"ReportPrinters":[],"PrintTaskID":null}}}
Action.c(193): Notify: Saving Parameter "TaskStatus = 3".	[MsgId: MMSG-13798]
Action.c(193): web_custom_request("web_custom_request") was successful, 775 body bytes, 259 header bytes  	[MsgId: MMSG-26386]
Action.c(203): Notify: Transaction "Film_PrintStatus_CheckService" ended with "Pass" status (Duration: 0.0230).	[MsgId: MMSG-16873]
Action.c(205): Notify: Parameter Substitution: parameter "TaskStatus" =  "3"	[MsgId: MMSG-13992]
Action.c(205): PrintStatus in DataBase-------,3	[MsgId: MMSG-17999]
Action.c(206): Notify: Parameter Substitution: parameter "TaskStatus" =  "3"	[MsgId: MMSG-13992]
Action.c(207): PrintStatus Check result-------,-1	[MsgId: MMSG-17999]
Action.c(212): PrintStatus-------,30	[MsgId: MMSG-17999]
Action.c(245): Notify: Transaction "Film PrintTask_Result_Fail" started.	[MsgId: MMSG-16999]
Action.c(246): Notify: Parameter Substitution: parameter "TaskID" =  "5094004"	[MsgId: MMSG-13992]
Action.c(246): Notify: Parameter Substitution: parameter "K2Terminal" =  "K2_1"	[MsgId: MMSG-13992]
Action.c(246): Error: The task do not finish correct: TaskID: 5094004  From Terminal: K2_1	[MsgId: MERR-17999]
End auto log messages stack.	[MsgId: MMSG-10544]


Start auto log messages stack - Iteration 1151.	[MsgId: MMSG-10545]
Action.c(193):     erId":"7","ErrorCode":"","RawErrorCodes":null,"PMDate":null,"PMCount":0,"FRCount":0,"Statu
Action.c(193):     s":8,"PrintStatus":0}],"ReportPrinters":[],"PrintTaskID":null}}}
Action.c(193): Notify: Saving Parameter "TaskStatus = 3".	[MsgId: MMSG-13798]
Action.c(193): web_custom_request("web_custom_request") was successful, 778 body bytes, 259 header bytes  	[MsgId: MMSG-26386]
Action.c(203): Notify: Transaction "Film_PrintStatus_CheckService" ended with "Pass" status (Duration: 0.0156).	[MsgId: MMSG-16873]
Action.c(205): Notify: Parameter Substitution: parameter "TaskStatus" =  "3"	[MsgId: MMSG-13992]
Action.c(205): PrintStatus in DataBase-------,3	[MsgId: MMSG-17999]
Action.c(206): Notify: Parameter Substitution: parameter "TaskStatus" =  "3"	[MsgId: MMSG-13992]
Action.c(207): PrintStatus Check result-------,-1	[MsgId: MMSG-17999]
Action.c(212): PrintStatus-------,30	[MsgId: MMSG-17999]
Action.c(245): Notify: Transaction "Film PrintTask_Result_Fail" started.	[MsgId: MMSG-16999]
Action.c(246): Notify: Parameter Substitution: parameter "TaskID" =  "5095167"	[MsgId: MMSG-13992]
Action.c(246): Notify: Parameter Substitution: parameter "K2Terminal" =  "K2_5"	[MsgId: MMSG-13992]
Action.c(246): Error: The task do not finish correct: TaskID: 5095167  From Terminal: K2_5	[MsgId: MERR-17999]
End auto log messages stack.	[MsgId: MMSG-10544]


Start auto log messages stack - Iteration 1269.	[MsgId: MMSG-10545]
Action.c(193):     d":"1","ErrorCode":"","RawErrorCodes":null,"PMDate":null,"PMCount":0,"FRCount":0,"Status":
Action.c(193):     8,"PrintStatus":0}],"ReportPrinters":[],"PrintTaskID":null}}}
Action.c(193): Notify: Saving Parameter "TaskStatus = 3".	[MsgId: MMSG-13798]
Action.c(193): web_custom_request("web_custom_request") was successful, 775 body bytes, 259 header bytes  	[MsgId: MMSG-26386]
Action.c(203): Notify: Transaction "Film_PrintStatus_CheckService" ended with "Pass" status (Duration: 0.0312).	[MsgId: MMSG-16873]
Action.c(205): Notify: Parameter Substitution: parameter "TaskStatus" =  "3"	[MsgId: MMSG-13992]
Action.c(205): PrintStatus in DataBase-------,3	[MsgId: MMSG-17999]
Action.c(206): Notify: Parameter Substitution: parameter "TaskStatus" =  "3"	[MsgId: MMSG-13992]
Action.c(207): PrintStatus Check result-------,-1	[MsgId: MMSG-17999]
Action.c(212): PrintStatus-------,30	[MsgId: MMSG-17999]
Action.c(245): Notify: Transaction "Film PrintTask_Result_Fail" started.	[MsgId: MMSG-16999]
Action.c(246): Notify: Parameter Substitution: parameter "TaskID" =  "5097092"	[MsgId: MMSG-13992]
Action.c(246): Notify: Parameter Substitution: parameter "K2Terminal" =  "K2_1"	[MsgId: MMSG-13992]
Action.c(246): Error: The task do not finish correct: TaskID: 5097092  From Terminal: K2_1	[MsgId: MERR-17999]
End auto log messages stack.	[MsgId: MMSG-10544]


Start auto log messages stack - Iteration 1292.	[MsgId: MMSG-10545]
Action.c(193):     interId":"4","ErrorCode":"","RawErrorCodes":null,"PMDate":null,"PMCount":0,"FRCount":0,"St
Action.c(193):     atus":8,"PrintStatus":0}],"ReportPrinters":[],"PrintTaskID":null}}}
Action.c(193): Notify: Saving Parameter "TaskStatus = 3".	[MsgId: MMSG-13798]
Action.c(193): web_custom_request("web_custom_request") was successful, 781 body bytes, 259 header bytes  	[MsgId: MMSG-26386]
Action.c(203): Notify: Transaction "Film_PrintStatus_CheckService" ended with "Pass" status (Duration: 0.0156).	[MsgId: MMSG-16873]
Action.c(205): Notify: Parameter Substitution: parameter "TaskStatus" =  "3"	[MsgId: MMSG-13992]
Action.c(205): PrintStatus in DataBase-------,3	[MsgId: MMSG-17999]
Action.c(206): Notify: Parameter Substitution: parameter "TaskStatus" =  "3"	[MsgId: MMSG-13992]
Action.c(207): PrintStatus Check result-------,-1	[MsgId: MMSG-17999]
Action.c(212): PrintStatus-------,30	[MsgId: MMSG-17999]
Action.c(245): Notify: Transaction "Film PrintTask_Result_Fail" started.	[MsgId: MMSG-16999]
Action.c(246): Notify: Parameter Substitution: parameter "TaskID" =  "5097203"	[MsgId: MMSG-13992]
Action.c(246): Notify: Parameter Substitution: parameter "K2Terminal" =  "K2_7"	[MsgId: MMSG-13992]
Action.c(246): Error: The task do not finish correct: TaskID: 5097203  From Terminal: K2_7	[MsgId: MERR-17999]
End auto log messages stack.	[MsgId: MMSG-10544]


Start auto log messages stack - Iteration 1411.	[MsgId: MMSG-10545]
Action.c(193):     d":"6","ErrorCode":"","RawErrorCodes":null,"PMDate":null,"PMCount":0,"FRCount":0,"Status":
Action.c(193):     8,"PrintStatus":0}],"ReportPrinters":[],"PrintTaskID":null}}}
Action.c(193): Notify: Saving Parameter "TaskStatus = 3".	[MsgId: MMSG-13798]
Action.c(193): web_custom_request("web_custom_request") was successful, 775 body bytes, 259 header bytes  	[MsgId: MMSG-26386]
Action.c(203): Notify: Transaction "Film_PrintStatus_CheckService" ended with "Pass" status (Duration: 0.0156).	[MsgId: MMSG-16873]
Action.c(205): Notify: Parameter Substitution: parameter "TaskStatus" =  "3"	[MsgId: MMSG-13992]
Action.c(205): PrintStatus in DataBase-------,3	[MsgId: MMSG-17999]
Action.c(206): Notify: Parameter Substitution: parameter "TaskStatus" =  "3"	[MsgId: MMSG-13992]
Action.c(207): PrintStatus Check result-------,-1	[MsgId: MMSG-17999]
Action.c(212): PrintStatus-------,30	[MsgId: MMSG-17999]
Action.c(245): Notify: Transaction "Film PrintTask_Result_Fail" started.	[MsgId: MMSG-16999]
Action.c(246): Notify: Parameter Substitution: parameter "TaskID" =  "5099331"	[MsgId: MMSG-13992]
Action.c(246): Notify: Parameter Substitution: parameter "K2Terminal" =  "K2_4"	[MsgId: MMSG-13992]
Action.c(246): Error: The task do not finish correct: TaskID: 5099331  From Terminal: K2_4	[MsgId: MERR-17999]
End auto log messages stack.	[MsgId: MMSG-10544]


Start auto log messages stack - Iteration 1524.	[MsgId: MMSG-10545]
Action.c(193):     ll,"PMCount":0,"FRCount":0,"Status":8,"PrintStatus":0}],"ReportPrinters":[],"PrintTaskID":
Action.c(193):     null}}}
Action.c(193): Notify: Saving Parameter "TaskStatus = -1".	[MsgId: MMSG-13798]
Action.c(193): web_custom_request("web_custom_request") was successful, 727 body bytes, 259 header bytes  	[MsgId: MMSG-26386]
Action.c(203): Notify: Transaction "Film_PrintStatus_CheckService" ended with "Pass" status (Duration: 0.0468).	[MsgId: MMSG-16873]
Action.c(205): Notify: Parameter Substitution: parameter "TaskStatus" =  "-1"	[MsgId: MMSG-13992]
Action.c(205): PrintStatus in DataBase-------,-1	[MsgId: MMSG-17999]
Action.c(206): Notify: Parameter Substitution: parameter "TaskStatus" =  "-1"	[MsgId: MMSG-13992]
Action.c(207): PrintStatus Check result-------,-7	[MsgId: MMSG-17999]
Action.c(212): PrintStatus-------,30	[MsgId: MMSG-17999]
Action.c(245): Notify: Transaction "Film PrintTask_Result_Fail" started.	[MsgId: MMSG-16999]
Action.c(246): Notify: Parameter Substitution: parameter "TaskID" =  "5100641"	[MsgId: MMSG-13992]
Action.c(246): Notify: Parameter Substitution: parameter "K2Terminal" =  "K2_3"	[MsgId: MMSG-13992]
Action.c(246): Error: The task do not finish correct: TaskID: 5100641  From Terminal: K2_3	[MsgId: MERR-17999]
End auto log messages stack.	[MsgId: MMSG-10544]


Start auto log messages stack - Iteration 1527.	[MsgId: MMSG-10545]
Action.c(193):     d":"5","ErrorCode":"","RawErrorCodes":null,"PMDate":null,"PMCount":0,"FRCount":0,"Status":
Action.c(193):     8,"PrintStatus":0}],"ReportPrinters":[],"PrintTaskID":null}}}
Action.c(193): Notify: Saving Parameter "TaskStatus = 3".	[MsgId: MMSG-13798]
Action.c(193): web_custom_request("web_custom_request") was successful, 775 body bytes, 259 header bytes  	[MsgId: MMSG-26386]
Action.c(203): Notify: Transaction "Film_PrintStatus_CheckService" ended with "Pass" status (Duration: 0.0156).	[MsgId: MMSG-16873]
Action.c(205): Notify: Parameter Substitution: parameter "TaskStatus" =  "3"	[MsgId: MMSG-13992]
Action.c(205): PrintStatus in DataBase-------,3	[MsgId: MMSG-17999]
Action.c(206): Notify: Parameter Substitution: parameter "TaskStatus" =  "3"	[MsgId: MMSG-13992]
Action.c(207): PrintStatus Check result-------,-1	[MsgId: MMSG-17999]
Action.c(212): PrintStatus-------,30	[MsgId: MMSG-17999]
Action.c(245): Notify: Transaction "Film PrintTask_Result_Fail" started.	[MsgId: MMSG-16999]
Action.c(246): Notify: Parameter Substitution: parameter "TaskID" =  "5100727"	[MsgId: MMSG-13992]
Action.c(246): Notify: Parameter Substitution: parameter "K2Terminal" =  "K2_3"	[MsgId: MMSG-13992]
Action.c(246): Error: The task do not finish correct: TaskID: 5100727  From Terminal: K2_3	[MsgId: MERR-17999]
End auto log messages stack.	[MsgId: MMSG-10544]


Start auto log messages stack - Iteration 1500.	[MsgId: MMSG-10545]
Action.c(193):     d":"6","ErrorCode":"","RawErrorCodes":null,"PMDate":null,"PMCount":0,"FRCount":0,"Status":
Action.c(193):     8,"PrintStatus":0}],"ReportPrinters":[],"PrintTaskID":null}}}
Action.c(193): Notify: Saving Parameter "TaskStatus = 3".	[MsgId: MMSG-13798]
Action.c(193): web_custom_request("web_custom_request") was successful, 775 body bytes, 259 header bytes  	[MsgId: MMSG-26386]
Action.c(203): Notify: Transaction "Film_PrintStatus_CheckService" ended with "Pass" status (Duration: 0.1092).	[MsgId: MMSG-16873]
Action.c(205): Notify: Parameter Substitution: parameter "TaskStatus" =  "3"	[MsgId: MMSG-13992]
Action.c(205): PrintStatus in DataBase-------,3	[MsgId: MMSG-17999]
Action.c(206): Notify: Parameter Substitution: parameter "TaskStatus" =  "3"	[MsgId: MMSG-13992]
Action.c(207): PrintStatus Check result-------,-1	[MsgId: MMSG-17999]
Action.c(212): PrintStatus-------,30	[MsgId: MMSG-17999]
Action.c(245): Notify: Transaction "Film PrintTask_Result_Fail" started.	[MsgId: MMSG-16999]
Action.c(246): Notify: Parameter Substitution: parameter "TaskID" =  "5100726"	[MsgId: MMSG-13992]
Action.c(246): Notify: Parameter Substitution: parameter "K2Terminal" =  "K2_4"	[MsgId: MMSG-13992]
Action.c(246): Error: The task do not finish correct: TaskID: 5100726  From Terminal: K2_4	[MsgId: MERR-17999]
End auto log messages stack.	[MsgId: MMSG-10544]


Start auto log messages stack - Iteration 1514.	[MsgId: MMSG-10545]
Action.c(193):     :null,"PMCount":0,"FRCount":0,"Status":8,"PrintStatus":0}],"ReportPrinters":[],"PrintTaskI
Action.c(193):     D":null}}}
Action.c(193): Notify: Saving Parameter "TaskStatus = -1".	[MsgId: MMSG-13798]
Action.c(193): web_custom_request("web_custom_request") was successful, 730 body bytes, 259 header bytes  	[MsgId: MMSG-26386]
Action.c(203): Notify: Transaction "Film_PrintStatus_CheckService" ended with "Pass" status (Duration: 0.0000).	[MsgId: MMSG-16873]
Action.c(205): Notify: Parameter Substitution: parameter "TaskStatus" =  "-1"	[MsgId: MMSG-13992]
Action.c(205): PrintStatus in DataBase-------,-1	[MsgId: MMSG-17999]
Action.c(206): Notify: Parameter Substitution: parameter "TaskStatus" =  "-1"	[MsgId: MMSG-13992]
Action.c(207): PrintStatus Check result-------,-7	[MsgId: MMSG-17999]
Action.c(212): PrintStatus-------,30	[MsgId: MMSG-17999]
Action.c(245): Notify: Transaction "Film PrintTask_Result_Fail" started.	[MsgId: MMSG-16999]
Action.c(246): Notify: Parameter Substitution: parameter "TaskID" =  "5100731"	[MsgId: MMSG-13992]
Action.c(246): Notify: Parameter Substitution: parameter "K2Terminal" =  "K2_5"	[MsgId: MMSG-13992]
Action.c(246): Error: The task do not finish correct: TaskID: 5100731  From Terminal: K2_5	[MsgId: MERR-17999]
End auto log messages stack.	[MsgId: MMSG-10544]


Start auto log messages stack - Iteration 1676.	[MsgId: MMSG-10545]
Action.c(203): Notify: Transaction "Film_PrintStatus_CheckService" ended with "Pass" status (Duration: 0.0156).	[MsgId: MMSG-16873]
Action.c(205): Notify: Parameter Substitution: parameter "TaskStatus" =  "4"	[MsgId: MMSG-13992]
Action.c(205): PrintStatus in DataBase-------,4	[MsgId: MMSG-17999]
Action.c(206): Notify: Parameter Substitution: parameter "TaskStatus" =  "4"	[MsgId: MMSG-13992]
Action.c(207): PrintStatus Check result-------,0	[MsgId: MMSG-17999]
Action.c(212): PrintStatus-------,3	[MsgId: MMSG-17999]
Action.c(217): Notify: Transaction "Film PrintTask_Result_Correct" started.	[MsgId: MMSG-16999]
Action.c(218): lr_think_time: 1.00 seconds.	[MsgId: MMSG-15948]
Action.c(219): Notify: Transaction "Film PrintTask_Result_Correct" ended with "Pass" status (Duration: 1.0140 Think Time: 1.0140).	[MsgId: MMSG-16872]
Action.c(221): lr_think_time: 5.00 seconds.	[MsgId: MMSG-15948]
Action.c(225): Notify: Parameter Substitution: parameter "ACCNum" =  "A20180912103144861"	[MsgId: MMSG-13992]
Action.c(225): Notify: Saving Parameter "SQLECSQuery1 = update wggc.dbo.AFP_FilmInfo  set FilmFlag=0  where AccessionNumber ='A20180912103144861'  and DeleteStatus =0  ".	[MsgId: MMSG-13798]
Action.c(227): Notify: Parameter Substitution: parameter "SQLECSQuery1" =  "update wggc.dbo.AFP_FilmInfo  set FilmFlag=0  where AccessionNumber ='A20180912103144861'  and DeleteStatus =0  "	[MsgId: MMSG-13992]
Action.c(227): Error: SQL Statement failed {"事务(进程 ID 90)与另一个进程被死锁在 锁 资源上，并且已被选作死锁牺牲品。请重新运行该事务。"}	[MsgId: MERR-108756]
Action.c(227): Error: SQL Statement failed {"UpdateFilmToUnPrinted"}	[MsgId: MERR-108756]
Start auto log messages stack - Iteration 1520.	[MsgId: MMSG-10545]
Action.c(203): Notify: Transaction "Film_PrintStatus_CheckService" ended with "Pass" status (Duration: 0.0156).	[MsgId: MMSG-16873]
Action.c(205): Notify: Parameter Substitution: parameter "TaskStatus" =  "4"	[MsgId: MMSG-13992]
Action.c(205): PrintStatus in DataBase-------,4	[MsgId: MMSG-17999]
Action.c(206): Notify: Parameter Substitution: parameter "TaskStatus" =  "4"	[MsgId: MMSG-13992]
Action.c(207): PrintStatus Check result-------,0	[MsgId: MMSG-17999]
Action.c(212): PrintStatus-------,4	[MsgId: MMSG-17999]
Action.c(217): Notify: Transaction "Film PrintTask_Result_Correct" started.	[MsgId: MMSG-16999]
Action.c(218): lr_think_time: 1.00 seconds.	[MsgId: MMSG-15948]
Action.c(219): Notify: Transaction "Film PrintTask_Result_Correct" ended with "Pass" status (Duration: 1.0140 Think Time: 1.0140).	[MsgId: MMSG-16872]
Action.c(221): lr_think_time: 5.00 seconds.	[MsgId: MMSG-15948]
Action.c(225): Notify: Parameter Substitution: parameter "ACCNum" =  "A20180912102702584"	[MsgId: MMSG-13992]
Action.c(225): Notify: Saving Parameter "SQLECSQuery1 = update wggc.dbo.AFP_FilmInfo  set FilmFlag=0  where AccessionNumber ='A20180912102702584'  and DeleteStatus =0  ".	[MsgId: MMSG-13798]
Action.c(227): Notify: Parameter Substitution: parameter "SQLECSQuery1" =  "update wggc.dbo.AFP_FilmInfo  set FilmFlag=0  where AccessionNumber ='A20180912102702584'  and DeleteStatus =0  "	[MsgId: MMSG-13992]
Action.c(227): Error: SQL Statement failed {"事务(进程 ID 135)与另一个进程被死锁在 锁 资源上，并且已被选作死锁牺牲品。请重新运行该事务。"}	[MsgId: MERR-108756]
Action.c(227): Error: SQL Statement failed {"UpdateFilmToUnPrinted"}	[MsgId: MERR-108756]
End auto log messages stack.	[MsgId: MMSG-10544]


Start auto log messages stack - Iteration 1548.	[MsgId: MMSG-10545]
Action.c(193):     ll,"PMCount":0,"FRCount":0,"Status":8,"PrintStatus":0}],"ReportPrinters":[],"PrintTaskID":
Action.c(193):     null}}}
Action.c(193): Notify: Saving Parameter "TaskStatus = -1".	[MsgId: MMSG-13798]
Action.c(193): web_custom_request("web_custom_request") was successful, 727 body bytes, 259 header bytes  	[MsgId: MMSG-26386]
Action.c(203): Notify: Transaction "Film_PrintStatus_CheckService" ended with "Pass" status (Duration: 0.0156).	[MsgId: MMSG-16873]
Action.c(205): Notify: Parameter Substitution: parameter "TaskStatus" =  "-1"	[MsgId: MMSG-13992]
Action.c(205): PrintStatus in DataBase-------,-1	[MsgId: MMSG-17999]
Action.c(206): Notify: Parameter Substitution: parameter "TaskStatus" =  "-1"	[MsgId: MMSG-13992]
Action.c(207): PrintStatus Check result-------,-7	[MsgId: MMSG-17999]
Action.c(212): PrintStatus-------,30	[MsgId: MMSG-17999]
Action.c(245): Notify: Transaction "Film PrintTask_Result_Fail" started.	[MsgId: MMSG-16999]
Action.c(246): Notify: Parameter Substitution: parameter "TaskID" =  "5101078"	[MsgId: MMSG-13992]
Action.c(246): Notify: Parameter Substitution: parameter "K2Terminal" =  "K2_3"	[MsgId: MMSG-13992]
Action.c(246): Error: The task do not finish correct: TaskID: 5101078  From Terminal: K2_3	[MsgId: MERR-17999]
End auto log messages stack.	[MsgId: MMSG-10544]


Start auto log messages stack - Iteration 1545.	[MsgId: MMSG-10545]
Action.c(193):     ll,"PMCount":0,"FRCount":0,"Status":8,"PrintStatus":0}],"ReportPrinters":[],"PrintTaskID":
Action.c(193):     null}}}
Action.c(193): Notify: Saving Parameter "TaskStatus = -1".	[MsgId: MMSG-13798]
Action.c(193): web_custom_request("web_custom_request") was successful, 727 body bytes, 259 header bytes  	[MsgId: MMSG-26386]
Action.c(203): Notify: Transaction "Film_PrintStatus_CheckService" ended with "Pass" status (Duration: 0.0156).	[MsgId: MMSG-16873]
Action.c(205): Notify: Parameter Substitution: parameter "TaskStatus" =  "-1"	[MsgId: MMSG-13992]
Action.c(205): PrintStatus in DataBase-------,-1	[MsgId: MMSG-17999]
Action.c(206): Notify: Parameter Substitution: parameter "TaskStatus" =  "-1"	[MsgId: MMSG-13992]
Action.c(207): PrintStatus Check result-------,-7	[MsgId: MMSG-17999]
Action.c(212): PrintStatus-------,30	[MsgId: MMSG-17999]
Action.c(245): Notify: Transaction "Film PrintTask_Result_Fail" started.	[MsgId: MMSG-16999]
Action.c(246): Notify: Parameter Substitution: parameter "TaskID" =  "5101175"	[MsgId: MMSG-13992]
Action.c(246): Notify: Parameter Substitution: parameter "K2Terminal" =  "K2_1"	[MsgId: MMSG-13992]
Action.c(246): Error: The task do not finish correct: TaskID: 5101175  From Terminal: K2_1	[MsgId: MERR-17999]
End auto log messages stack.	[MsgId: MMSG-10544]


Start auto log messages stack - Iteration 1615.	[MsgId: MMSG-10545]
Action.c(193):     "2","ErrorCode":"","RawErrorCodes":null,"PMDate":null,"PMCount":0,"FRCount":0,"Status":8,"
Action.c(193):     PrintStatus":0}],"ReportPrinters":[],"PrintTaskID":null}}}
Action.c(193): Notify: Saving Parameter "TaskStatus = 3".	[MsgId: MMSG-13798]
Action.c(193): web_custom_request("web_custom_request") was successful, 772 body bytes, 259 header bytes  	[MsgId: MMSG-26386]
Action.c(203): Notify: Transaction "Film_PrintStatus_CheckService" ended with "Pass" status (Duration: 0.0000).	[MsgId: MMSG-16873]
Action.c(205): Notify: Parameter Substitution: parameter "TaskStatus" =  "3"	[MsgId: MMSG-13992]
Action.c(205): PrintStatus in DataBase-------,3	[MsgId: MMSG-17999]
Action.c(206): Notify: Parameter Substitution: parameter "TaskStatus" =  "3"	[MsgId: MMSG-13992]
Action.c(207): PrintStatus Check result-------,-1	[MsgId: MMSG-17999]
Action.c(212): PrintStatus-------,30	[MsgId: MMSG-17999]
Action.c(245): Notify: Transaction "Film PrintTask_Result_Fail" started.	[MsgId: MMSG-16999]
Action.c(246): Notify: Parameter Substitution: parameter "TaskID" =  "5101817"	[MsgId: MMSG-13992]
Action.c(246): Notify: Parameter Substitution: parameter "K2Terminal" =  "K2_8"	[MsgId: MMSG-13992]
Action.c(246): Error: The task do not finish correct: TaskID: 5101817  From Terminal: K2_8	[MsgId: MERR-17999]
End auto log messages stack.	[MsgId: MMSG-10544]


Start auto log messages stack - Iteration 1632.	[MsgId: MMSG-10545]
Action.c(193):     "PMCount":0,"FRCount":0,"Status":8,"PrintStatus":0}],"ReportPrinters":[],"PrintTaskID":"51
Action.c(193):     02080"}}}
Action.c(193): Notify: Saving Parameter "TaskStatus = 1".	[MsgId: MMSG-13798]
Action.c(193): web_custom_request("web_custom_request") was successful, 729 body bytes, 259 header bytes  	[MsgId: MMSG-26386]
Action.c(203): Notify: Transaction "Film_PrintStatus_CheckService" ended with "Pass" status (Duration: 0.0156).	[MsgId: MMSG-16873]
Action.c(205): Notify: Parameter Substitution: parameter "TaskStatus" =  "1"	[MsgId: MMSG-13992]
Action.c(205): PrintStatus in DataBase-------,1	[MsgId: MMSG-17999]
Action.c(206): Notify: Parameter Substitution: parameter "TaskStatus" =  "1"	[MsgId: MMSG-13992]
Action.c(207): PrintStatus Check result-------,-3	[MsgId: MMSG-17999]
Action.c(212): PrintStatus-------,30	[MsgId: MMSG-17999]
Action.c(245): Notify: Transaction "Film PrintTask_Result_Fail" started.	[MsgId: MMSG-16999]
Action.c(246): Notify: Parameter Substitution: parameter "TaskID" =  "5102080"	[MsgId: MMSG-13992]
Action.c(246): Notify: Parameter Substitution: parameter "K2Terminal" =  "K2_8"	[MsgId: MMSG-13992]
Action.c(246): Error: The task do not finish correct: TaskID: 5102080  From Terminal: K2_8	[MsgId: MERR-17999]
End auto log messages stack.	[MsgId: MMSG-10544]


Start auto log messages stack - Iteration 1633.	[MsgId: MMSG-10545]
Action.c(193):     PMCount":0,"FRCount":0,"Status":8,"PrintStatus":0}],"ReportPrinters":[],"PrintTaskID":"510
Action.c(193):     2080"}}}
Action.c(193): Notify: Saving Parameter "TaskStatus = 0".	[MsgId: MMSG-13798]
Action.c(193): web_custom_request("web_custom_request") was successful, 728 body bytes, 259 header bytes  	[MsgId: MMSG-26386]
Action.c(203): Notify: Transaction "Film_PrintStatus_CheckService" ended with "Pass" status (Duration: 0.3900).	[MsgId: MMSG-16873]
Action.c(205): Notify: Parameter Substitution: parameter "TaskStatus" =  "0"	[MsgId: MMSG-13992]
Action.c(205): PrintStatus in DataBase-------,0	[MsgId: MMSG-17999]
Action.c(206): Notify: Parameter Substitution: parameter "TaskStatus" =  "0"	[MsgId: MMSG-13992]
Action.c(207): PrintStatus Check result-------,-4	[MsgId: MMSG-17999]
Action.c(212): PrintStatus-------,30	[MsgId: MMSG-17999]
Action.c(245): Notify: Transaction "Film PrintTask_Result_Fail" started.	[MsgId: MMSG-16999]
Action.c(246): Notify: Parameter Substitution: parameter "TaskID" =  "5102132"	[MsgId: MMSG-13992]
Action.c(246): Notify: Parameter Substitution: parameter "K2Terminal" =  "K2_8"	[MsgId: MMSG-13992]
Action.c(246): Error: The task do not finish correct: TaskID: 5102132  From Terminal: K2_8	[MsgId: MERR-17999]
End auto log messages stack.	[MsgId: MMSG-10544]


Start auto log messages stack - Iteration 1634.	[MsgId: MMSG-10545]
Action.c(193):     PMCount":0,"FRCount":0,"Status":8,"PrintStatus":0}],"ReportPrinters":[],"PrintTaskID":"510
Action.c(193):     2080"}}}
Action.c(193): Notify: Saving Parameter "TaskStatus = 0".	[MsgId: MMSG-13798]
Action.c(193): web_custom_request("web_custom_request") was successful, 728 body bytes, 259 header bytes  	[MsgId: MMSG-26386]
Action.c(203): Notify: Transaction "Film_PrintStatus_CheckService" ended with "Pass" status (Duration: 0.0468).	[MsgId: MMSG-16873]
Action.c(205): Notify: Parameter Substitution: parameter "TaskStatus" =  "0"	[MsgId: MMSG-13992]
Action.c(205): PrintStatus in DataBase-------,0	[MsgId: MMSG-17999]
Action.c(206): Notify: Parameter Substitution: parameter "TaskStatus" =  "0"	[MsgId: MMSG-13992]
Action.c(207): PrintStatus Check result-------,-4	[MsgId: MMSG-17999]
Action.c(212): PrintStatus-------,30	[MsgId: MMSG-17999]
Action.c(245): Notify: Transaction "Film PrintTask_Result_Fail" started.	[MsgId: MMSG-16999]
Action.c(246): Notify: Parameter Substitution: parameter "TaskID" =  "5102181"	[MsgId: MMSG-13992]
Action.c(246): Notify: Parameter Substitution: parameter "K2Terminal" =  "K2_8"	[MsgId: MMSG-13992]
Action.c(246): Error: The task do not finish correct: TaskID: 5102181  From Terminal: K2_8	[MsgId: MERR-17999]
End auto log messages stack.	[MsgId: MMSG-10544]


Start auto log messages stack - Iteration 1629.	[MsgId: MMSG-10545]
Action.c(193):     d":"5","ErrorCode":"","RawErrorCodes":null,"PMDate":null,"PMCount":0,"FRCount":0,"Status":
Action.c(193):     8,"PrintStatus":0}],"ReportPrinters":[],"PrintTaskID":null}}}
Action.c(193): Notify: Saving Parameter "TaskStatus = 3".	[MsgId: MMSG-13798]
Action.c(193): web_custom_request("web_custom_request") was successful, 775 body bytes, 259 header bytes  	[MsgId: MMSG-26386]
Action.c(203): Notify: Transaction "Film_PrintStatus_CheckService" ended with "Pass" status (Duration: 0.1092).	[MsgId: MMSG-16873]
Action.c(205): Notify: Parameter Substitution: parameter "TaskStatus" =  "3"	[MsgId: MMSG-13992]
Action.c(205): PrintStatus in DataBase-------,3	[MsgId: MMSG-17999]
Action.c(206): Notify: Parameter Substitution: parameter "TaskStatus" =  "3"	[MsgId: MMSG-13992]
Action.c(207): PrintStatus Check result-------,-1	[MsgId: MMSG-17999]
Action.c(212): PrintStatus-------,30	[MsgId: MMSG-17999]
Action.c(245): Notify: Transaction "Film PrintTask_Result_Fail" started.	[MsgId: MMSG-16999]
Action.c(246): Notify: Parameter Substitution: parameter "TaskID" =  "5102219"	[MsgId: MMSG-13992]
Action.c(246): Notify: Parameter Substitution: parameter "K2Terminal" =  "K2_3"	[MsgId: MMSG-13992]
Action.c(246): Error: The task do not finish correct: TaskID: 5102219  From Terminal: K2_3	[MsgId: MERR-17999]
End auto log messages stack.	[MsgId: MMSG-10544]


Start auto log messages stack - Iteration 1631.	[MsgId: MMSG-10545]
Action.c(193):     interId":"4","ErrorCode":"","RawErrorCodes":null,"PMDate":null,"PMCount":0,"FRCount":0,"St
Action.c(193):     atus":8,"PrintStatus":0}],"ReportPrinters":[],"PrintTaskID":null}}}
Action.c(193): Notify: Saving Parameter "TaskStatus = 3".	[MsgId: MMSG-13798]
Action.c(193): web_custom_request("web_custom_request") was successful, 781 body bytes, 259 header bytes  	[MsgId: MMSG-26386]
Action.c(203): Notify: Transaction "Film_PrintStatus_CheckService" ended with "Pass" status (Duration: 0.1092).	[MsgId: MMSG-16873]
Action.c(205): Notify: Parameter Substitution: parameter "TaskStatus" =  "3"	[MsgId: MMSG-13992]
Action.c(205): PrintStatus in DataBase-------,3	[MsgId: MMSG-17999]
Action.c(206): Notify: Parameter Substitution: parameter "TaskStatus" =  "3"	[MsgId: MMSG-13992]
Action.c(207): PrintStatus Check result-------,-1	[MsgId: MMSG-17999]
Action.c(212): PrintStatus-------,30	[MsgId: MMSG-17999]
Action.c(245): Notify: Transaction "Film PrintTask_Result_Fail" started.	[MsgId: MMSG-16999]
Action.c(246): Notify: Parameter Substitution: parameter "TaskID" =  "5102214"	[MsgId: MMSG-13992]
Action.c(246): Notify: Parameter Substitution: parameter "K2Terminal" =  "K2_7"	[MsgId: MMSG-13992]
Action.c(246): Error: The task do not finish correct: TaskID: 5102214  From Terminal: K2_7	[MsgId: MERR-17999]
End auto log messages stack.	[MsgId: MMSG-10544]


Start auto log messages stack - Iteration 1616.	[MsgId: MMSG-10545]
Action.c(193):     erId":"7","ErrorCode":"","RawErrorCodes":null,"PMDate":null,"PMCount":0,"FRCount":0,"Statu
Action.c(193):     s":8,"PrintStatus":0}],"ReportPrinters":[],"PrintTaskID":null}}}
Action.c(193): Notify: Saving Parameter "TaskStatus = 3".	[MsgId: MMSG-13798]
Action.c(193): web_custom_request("web_custom_request") was successful, 778 body bytes, 259 header bytes  	[MsgId: MMSG-26386]
Action.c(203): Notify: Transaction "Film_PrintStatus_CheckService" ended with "Pass" status (Duration: 0.1248).	[MsgId: MMSG-16873]
Action.c(205): Notify: Parameter Substitution: parameter "TaskStatus" =  "3"	[MsgId: MMSG-13992]
Action.c(205): PrintStatus in DataBase-------,3	[MsgId: MMSG-17999]
Action.c(206): Notify: Parameter Substitution: parameter "TaskStatus" =  "3"	[MsgId: MMSG-13992]
Action.c(207): PrintStatus Check result-------,-1	[MsgId: MMSG-17999]
Action.c(212): PrintStatus-------,30	[MsgId: MMSG-17999]
Action.c(245): Notify: Transaction "Film PrintTask_Result_Fail" started.	[MsgId: MMSG-16999]
Action.c(246): Notify: Parameter Substitution: parameter "TaskID" =  "5102215"	[MsgId: MMSG-13992]
Action.c(246): Notify: Parameter Substitution: parameter "K2Terminal" =  "K2_5"	[MsgId: MMSG-13992]
Action.c(246): Error: The task do not finish correct: TaskID: 5102215  From Terminal: K2_5	[MsgId: MERR-17999]
End auto log messages stack.	[MsgId: MMSG-10544]


Start auto log messages stack - Iteration 1619.	[MsgId: MMSG-10545]
Action.c(193):     d":"1","ErrorCode":"","RawErrorCodes":null,"PMDate":null,"PMCount":0,"FRCount":0,"Status":
Action.c(193):     8,"PrintStatus":0}],"ReportPrinters":[],"PrintTaskID":null}}}
Action.c(193): Notify: Saving Parameter "TaskStatus = 3".	[MsgId: MMSG-13798]
Action.c(193): web_custom_request("web_custom_request") was successful, 775 body bytes, 259 header bytes  	[MsgId: MMSG-26386]
Action.c(203): Notify: Transaction "Film_PrintStatus_CheckService" ended with "Pass" status (Duration: 0.1248).	[MsgId: MMSG-16873]
Action.c(205): Notify: Parameter Substitution: parameter "TaskStatus" =  "3"	[MsgId: MMSG-13992]
Action.c(205): PrintStatus in DataBase-------,3	[MsgId: MMSG-17999]
Action.c(206): Notify: Parameter Substitution: parameter "TaskStatus" =  "3"	[MsgId: MMSG-13992]
Action.c(207): PrintStatus Check result-------,-1	[MsgId: MMSG-17999]
Action.c(212): PrintStatus-------,30	[MsgId: MMSG-17999]
Action.c(245): Notify: Transaction "Film PrintTask_Result_Fail" started.	[MsgId: MMSG-16999]
Action.c(246): Notify: Parameter Substitution: parameter "TaskID" =  "5102216"	[MsgId: MMSG-13992]
Action.c(246): Notify: Parameter Substitution: parameter "K2Terminal" =  "K2_1"	[MsgId: MMSG-13992]
Action.c(246): Error: The task do not finish correct: TaskID: 5102216  From Terminal: K2_1	[MsgId: MERR-17999]
End auto log messages stack.	[MsgId: MMSG-10544]


Start auto log messages stack - Iteration 1635.	[MsgId: MMSG-10545]
Action.c(193):     PMCount":0,"FRCount":0,"Status":8,"PrintStatus":0}],"ReportPrinters":[],"PrintTaskID":"510
Action.c(193):     2228"}}}
Action.c(193): Notify: Saving Parameter "TaskStatus = 0".	[MsgId: MMSG-13798]
Action.c(193): web_custom_request("web_custom_request") was successful, 728 body bytes, 259 header bytes  	[MsgId: MMSG-26386]
Action.c(203): Notify: Transaction "Film_PrintStatus_CheckService" ended with "Pass" status (Duration: 0.0312).	[MsgId: MMSG-16873]
Action.c(205): Notify: Parameter Substitution: parameter "TaskStatus" =  "0"	[MsgId: MMSG-13992]
Action.c(205): PrintStatus in DataBase-------,0	[MsgId: MMSG-17999]
Action.c(206): Notify: Parameter Substitution: parameter "TaskStatus" =  "0"	[MsgId: MMSG-13992]
Action.c(207): PrintStatus Check result-------,-4	[MsgId: MMSG-17999]
Action.c(212): PrintStatus-------,30	[MsgId: MMSG-17999]
Action.c(245): Notify: Transaction "Film PrintTask_Result_Fail" started.	[MsgId: MMSG-16999]
Action.c(246): Notify: Parameter Substitution: parameter "TaskID" =  "5102228"	[MsgId: MMSG-13992]
Action.c(246): Notify: Parameter Substitution: parameter "K2Terminal" =  "K2_8"	[MsgId: MMSG-13992]
Action.c(246): Error: The task do not finish correct: TaskID: 5102228  From Terminal: K2_8	[MsgId: MERR-17999]
End auto log messages stack.	[MsgId: MMSG-10544]


Start auto log messages stack - Iteration 1606.	[MsgId: MMSG-10545]
Action.c(193):     d":"6","ErrorCode":"","RawErrorCodes":null,"PMDate":null,"PMCount":0,"FRCount":0,"Status":
Action.c(193):     8,"PrintStatus":0}],"ReportPrinters":[],"PrintTaskID":null}}}
Action.c(193): Notify: Saving Parameter "TaskStatus = 3".	[MsgId: MMSG-13798]
Action.c(193): web_custom_request("web_custom_request") was successful, 775 body bytes, 259 header bytes  	[MsgId: MMSG-26386]
Action.c(203): Notify: Transaction "Film_PrintStatus_CheckService" ended with "Pass" status (Duration: 0.0156).	[MsgId: MMSG-16873]
Action.c(205): Notify: Parameter Substitution: parameter "TaskStatus" =  "3"	[MsgId: MMSG-13992]
Action.c(205): PrintStatus in DataBase-------,3	[MsgId: MMSG-17999]
Action.c(206): Notify: Parameter Substitution: parameter "TaskStatus" =  "3"	[MsgId: MMSG-13992]
Action.c(207): PrintStatus Check result-------,-1	[MsgId: MMSG-17999]
Action.c(212): PrintStatus-------,30	[MsgId: MMSG-17999]
Action.c(245): Notify: Transaction "Film PrintTask_Result_Fail" started.	[MsgId: MMSG-16999]
Action.c(246): Notify: Parameter Substitution: parameter "TaskID" =  "5102233"	[MsgId: MMSG-13992]
Action.c(246): Notify: Parameter Substitution: parameter "K2Terminal" =  "K2_4"	[MsgId: MMSG-13992]
Action.c(246): Error: The task do not finish correct: TaskID: 5102233  From Terminal: K2_4	[MsgId: MERR-17999]
End auto log messages stack.	[MsgId: MMSG-10544]


Start auto log messages stack - Iteration 1636.	[MsgId: MMSG-10545]
Action.c(193):     PMCount":0,"FRCount":0,"Status":8,"PrintStatus":0}],"ReportPrinters":[],"PrintTaskID":"510
Action.c(193):     2080"}}}
Action.c(193): Notify: Saving Parameter "TaskStatus = 0".	[MsgId: MMSG-13798]
Action.c(193): web_custom_request("web_custom_request") was successful, 728 body bytes, 259 header bytes  	[MsgId: MMSG-26386]
Action.c(203): Notify: Transaction "Film_PrintStatus_CheckService" ended with "Pass" status (Duration: 0.0312).	[MsgId: MMSG-16873]
Action.c(205): Notify: Parameter Substitution: parameter "TaskStatus" =  "0"	[MsgId: MMSG-13992]
Action.c(205): PrintStatus in DataBase-------,0	[MsgId: MMSG-17999]
Action.c(206): Notify: Parameter Substitution: parameter "TaskStatus" =  "0"	[MsgId: MMSG-13992]
Action.c(207): PrintStatus Check result-------,-4	[MsgId: MMSG-17999]
Action.c(212): PrintStatus-------,30	[MsgId: MMSG-17999]
Action.c(245): Notify: Transaction "Film PrintTask_Result_Fail" started.	[MsgId: MMSG-16999]
Action.c(246): Notify: Parameter Substitution: parameter "TaskID" =  "5102266"	[MsgId: MMSG-13992]
Action.c(246): Notify: Parameter Substitution: parameter "K2Terminal" =  "K2_8"	[MsgId: MMSG-13992]
Action.c(246): Error: The task do not finish correct: TaskID: 5102266  From Terminal: K2_8	[MsgId: MERR-17999]
End auto log messages stack.	[MsgId: MMSG-10544]


Start auto log messages stack - Iteration 1687.	[MsgId: MMSG-10545]
Action.c(193):     te":null,"PMCount":0,"FRCount":0,"Status":8,"PrintStatus":0}],"ReportPrinters":[],"PrintTa
Action.c(193):     skID":"5103001"}}}
Action.c(193): Notify: Saving Parameter "TaskStatus = 1".	[MsgId: MMSG-13798]
Action.c(193): web_custom_request("web_custom_request") was successful, 738 body bytes, 259 header bytes  	[MsgId: MMSG-26386]
Action.c(203): Notify: Transaction "Film_PrintStatus_CheckService" ended with "Pass" status (Duration: 0.0156).	[MsgId: MMSG-16873]
Action.c(205): Notify: Parameter Substitution: parameter "TaskStatus" =  "1"	[MsgId: MMSG-13992]
Action.c(205): PrintStatus in DataBase-------,1	[MsgId: MMSG-17999]
Action.c(206): Notify: Parameter Substitution: parameter "TaskStatus" =  "1"	[MsgId: MMSG-13992]
Action.c(207): PrintStatus Check result-------,-3	[MsgId: MMSG-17999]
Action.c(212): PrintStatus-------,30	[MsgId: MMSG-17999]
Action.c(245): Notify: Transaction "Film PrintTask_Result_Fail" started.	[MsgId: MMSG-16999]
Action.c(246): Notify: Parameter Substitution: parameter "TaskID" =  "5103001"	[MsgId: MMSG-13992]
Action.c(246): Notify: Parameter Substitution: parameter "K2Terminal" =  "K2_7"	[MsgId: MMSG-13992]
Action.c(246): Error: The task do not finish correct: TaskID: 5103001  From Terminal: K2_7	[MsgId: MERR-17999]
End auto log messages stack.	[MsgId: MMSG-10544]


Start auto log messages stack - Iteration 1688.	[MsgId: MMSG-10545]
Action.c(193):     e":null,"PMCount":0,"FRCount":0,"Status":8,"PrintStatus":0}],"ReportPrinters":[],"PrintTas
Action.c(193):     kID":"5103001"}}}
Action.c(193): Notify: Saving Parameter "TaskStatus = 0".	[MsgId: MMSG-13798]
Action.c(193): web_custom_request("web_custom_request") was successful, 737 body bytes, 259 header bytes  	[MsgId: MMSG-26386]
Action.c(203): Notify: Transaction "Film_PrintStatus_CheckService" ended with "Pass" status (Duration: 0.0000).	[MsgId: MMSG-16873]
Action.c(205): Notify: Parameter Substitution: parameter "TaskStatus" =  "0"	[MsgId: MMSG-13992]
Action.c(205): PrintStatus in DataBase-------,0	[MsgId: MMSG-17999]
Action.c(206): Notify: Parameter Substitution: parameter "TaskStatus" =  "0"	[MsgId: MMSG-13992]
Action.c(207): PrintStatus Check result-------,-4	[MsgId: MMSG-17999]
Action.c(212): PrintStatus-------,30	[MsgId: MMSG-17999]
Action.c(245): Notify: Transaction "Film PrintTask_Result_Fail" started.	[MsgId: MMSG-16999]
Action.c(246): Notify: Parameter Substitution: parameter "TaskID" =  "5103054"	[MsgId: MMSG-13992]
Action.c(246): Notify: Parameter Substitution: parameter "K2Terminal" =  "K2_7"	[MsgId: MMSG-13992]
Action.c(246): Error: The task do not finish correct: TaskID: 5103054  From Terminal: K2_7	[MsgId: MERR-17999]
End auto log messages stack.	[MsgId: MMSG-10544]


Start auto log messages stack - Iteration 1689.	[MsgId: MMSG-10545]
Action.c(193):     e":null,"PMCount":0,"FRCount":0,"Status":8,"PrintStatus":0}],"ReportPrinters":[],"PrintTas
Action.c(193):     kID":"5103001"}}}
Action.c(193): Notify: Saving Parameter "TaskStatus = 0".	[MsgId: MMSG-13798]
Action.c(193): web_custom_request("web_custom_request") was successful, 737 body bytes, 259 header bytes  	[MsgId: MMSG-26386]
Action.c(203): Notify: Transaction "Film_PrintStatus_CheckService" ended with "Pass" status (Duration: 0.0156).	[MsgId: MMSG-16873]
Action.c(205): Notify: Parameter Substitution: parameter "TaskStatus" =  "0"	[MsgId: MMSG-13992]
Action.c(205): PrintStatus in DataBase-------,0	[MsgId: MMSG-17999]
Action.c(206): Notify: Parameter Substitution: parameter "TaskStatus" =  "0"	[MsgId: MMSG-13992]
Action.c(207): PrintStatus Check result-------,-4	[MsgId: MMSG-17999]
Action.c(212): PrintStatus-------,30	[MsgId: MMSG-17999]
Action.c(245): Notify: Transaction "Film PrintTask_Result_Fail" started.	[MsgId: MMSG-16999]
Action.c(246): Notify: Parameter Substitution: parameter "TaskID" =  "5103107"	[MsgId: MMSG-13992]
Action.c(246): Notify: Parameter Substitution: parameter "K2Terminal" =  "K2_7"	[MsgId: MMSG-13992]
Action.c(246): Error: The task do not finish correct: TaskID: 5103107  From Terminal: K2_7	[MsgId: MERR-17999]
End auto log messages stack.	[MsgId: MMSG-10544]


Start auto log messages stack - Iteration 1690.	[MsgId: MMSG-10545]
Action.c(193):     e":null,"PMCount":0,"FRCount":0,"Status":8,"PrintStatus":0}],"ReportPrinters":[],"PrintTas
Action.c(193):     kID":"5103164"}}}
Action.c(193): Notify: Saving Parameter "TaskStatus = 0".	[MsgId: MMSG-13798]
Action.c(193): web_custom_request("web_custom_request") was successful, 737 body bytes, 259 header bytes  	[MsgId: MMSG-26386]
Action.c(203): Notify: Transaction "Film_PrintStatus_CheckService" ended with "Pass" status (Duration: 0.0156).	[MsgId: MMSG-16873]
Action.c(205): Notify: Parameter Substitution: parameter "TaskStatus" =  "0"	[MsgId: MMSG-13992]
Action.c(205): PrintStatus in DataBase-------,0	[MsgId: MMSG-17999]
Action.c(206): Notify: Parameter Substitution: parameter "TaskStatus" =  "0"	[MsgId: MMSG-13992]
Action.c(207): PrintStatus Check result-------,-4	[MsgId: MMSG-17999]
Action.c(212): PrintStatus-------,30	[MsgId: MMSG-17999]
Action.c(245): Notify: Transaction "Film PrintTask_Result_Fail" started.	[MsgId: MMSG-16999]
Action.c(246): Notify: Parameter Substitution: parameter "TaskID" =  "5103164"	[MsgId: MMSG-13992]
Action.c(246): Notify: Parameter Substitution: parameter "K2Terminal" =  "K2_7"	[MsgId: MMSG-13992]
Action.c(246): Error: The task do not finish correct: TaskID: 5103164  From Terminal: K2_7	[MsgId: MERR-17999]
End auto log messages stack.	[MsgId: MMSG-10544]


Start auto log messages stack - Iteration 1691.	[MsgId: MMSG-10545]
Action.c(193):     e":null,"PMCount":0,"FRCount":0,"Status":8,"PrintStatus":0}],"ReportPrinters":[],"PrintTas
Action.c(193):     kID":"5103218"}}}
Action.c(193): Notify: Saving Parameter "TaskStatus = 0".	[MsgId: MMSG-13798]
Action.c(193): web_custom_request("web_custom_request") was successful, 737 body bytes, 259 header bytes  	[MsgId: MMSG-26386]
Action.c(203): Notify: Transaction "Film_PrintStatus_CheckService" ended with "Pass" status (Duration: 0.0468).	[MsgId: MMSG-16873]
Action.c(205): Notify: Parameter Substitution: parameter "TaskStatus" =  "0"	[MsgId: MMSG-13992]
Action.c(205): PrintStatus in DataBase-------,0	[MsgId: MMSG-17999]
Action.c(206): Notify: Parameter Substitution: parameter "TaskStatus" =  "0"	[MsgId: MMSG-13992]
Action.c(207): PrintStatus Check result-------,-4	[MsgId: MMSG-17999]
Action.c(212): PrintStatus-------,30	[MsgId: MMSG-17999]
Action.c(245): Notify: Transaction "Film PrintTask_Result_Fail" started.	[MsgId: MMSG-16999]
Action.c(246): Notify: Parameter Substitution: parameter "TaskID" =  "5103218"	[MsgId: MMSG-13992]
Action.c(246): Notify: Parameter Substitution: parameter "K2Terminal" =  "K2_7"	[MsgId: MMSG-13992]
Action.c(246): Error: The task do not finish correct: TaskID: 5103218  From Terminal: K2_7	[MsgId: MERR-17999]
End auto log messages stack.	[MsgId: MMSG-10544]


Start auto log messages stack - Iteration 1779.	[MsgId: MMSG-10545]
Action.c(193):     d":"5","ErrorCode":"","RawErrorCodes":null,"PMDate":null,"PMCount":0,"FRCount":0,"Status":
Action.c(193):     8,"PrintStatus":0}],"ReportPrinters":[],"PrintTaskID":null}}}
Action.c(193): Notify: Saving Parameter "TaskStatus = 3".	[MsgId: MMSG-13798]
Action.c(193): web_custom_request("web_custom_request") was successful, 775 body bytes, 259 header bytes  	[MsgId: MMSG-26386]
Action.c(203): Notify: Transaction "Film_PrintStatus_CheckService" ended with "Pass" status (Duration: 0.3276).	[MsgId: MMSG-16873]
Action.c(205): Notify: Parameter Substitution: parameter "TaskStatus" =  "3"	[MsgId: MMSG-13992]
Action.c(205): PrintStatus in DataBase-------,3	[MsgId: MMSG-17999]
Action.c(206): Notify: Parameter Substitution: parameter "TaskStatus" =  "3"	[MsgId: MMSG-13992]
Action.c(207): PrintStatus Check result-------,-1	[MsgId: MMSG-17999]
Action.c(212): PrintStatus-------,30	[MsgId: MMSG-17999]
Action.c(245): Notify: Transaction "Film PrintTask_Result_Fail" started.	[MsgId: MMSG-16999]
Action.c(246): Notify: Parameter Substitution: parameter "TaskID" =  "5104304"	[MsgId: MMSG-13992]
Action.c(246): Notify: Parameter Substitution: parameter "K2Terminal" =  "K2_3"	[MsgId: MMSG-13992]
Action.c(246): Error: The task do not finish correct: TaskID: 5104304  From Terminal: K2_3	[MsgId: MERR-17999]
End auto log messages stack.	[MsgId: MMSG-10544]


Start auto log messages stack - Iteration 1756.	[MsgId: MMSG-10545]
Action.c(193):     d":"6","ErrorCode":"","RawErrorCodes":null,"PMDate":null,"PMCount":0,"FRCount":0,"Status":
Action.c(193):     8,"PrintStatus":0}],"ReportPrinters":[],"PrintTaskID":null}}}
Action.c(193): Notify: Saving Parameter "TaskStatus = 3".	[MsgId: MMSG-13798]
Action.c(193): web_custom_request("web_custom_request") was successful, 775 body bytes, 259 header bytes  	[MsgId: MMSG-26386]
Action.c(203): Notify: Transaction "Film_PrintStatus_CheckService" ended with "Pass" status (Duration: 0.0000).	[MsgId: MMSG-16873]
Action.c(205): Notify: Parameter Substitution: parameter "TaskStatus" =  "3"	[MsgId: MMSG-13992]
Action.c(205): PrintStatus in DataBase-------,3	[MsgId: MMSG-17999]
Action.c(206): Notify: Parameter Substitution: parameter "TaskStatus" =  "3"	[MsgId: MMSG-13992]
Action.c(207): PrintStatus Check result-------,-1	[MsgId: MMSG-17999]
Action.c(212): PrintStatus-------,30	[MsgId: MMSG-17999]
Action.c(245): Notify: Transaction "Film PrintTask_Result_Fail" started.	[MsgId: MMSG-16999]
Action.c(246): Notify: Parameter Substitution: parameter "TaskID" =  "5104356"	[MsgId: MMSG-13992]
Action.c(246): Notify: Parameter Substitution: parameter "K2Terminal" =  "K2_4"	[MsgId: MMSG-13992]
Action.c(246): Error: The task do not finish correct: TaskID: 5104356  From Terminal: K2_4	[MsgId: MERR-17999]
End auto log messages stack.	[MsgId: MMSG-10544]


Start auto log messages stack - Iteration 2024.	[MsgId: MMSG-10545]
Action.c(193):     d":"5","ErrorCode":"","RawErrorCodes":null,"PMDate":null,"PMCount":0,"FRCount":0,"Status":
Action.c(193):     8,"PrintStatus":0}],"ReportPrinters":[],"PrintTaskID":null}}}
Action.c(193): Notify: Saving Parameter "TaskStatus = 3".	[MsgId: MMSG-13798]
Action.c(193): web_custom_request("web_custom_request") was successful, 775 body bytes, 259 header bytes  	[MsgId: MMSG-26386]
Action.c(203): Notify: Transaction "Film_PrintStatus_CheckService" ended with "Pass" status (Duration: 0.0156).	[MsgId: MMSG-16873]
Action.c(205): Notify: Parameter Substitution: parameter "TaskStatus" =  "3"	[MsgId: MMSG-13992]
Action.c(205): PrintStatus in DataBase-------,3	[MsgId: MMSG-17999]
Action.c(206): Notify: Parameter Substitution: parameter "TaskStatus" =  "3"	[MsgId: MMSG-13992]
Action.c(207): PrintStatus Check result-------,-1	[MsgId: MMSG-17999]
Action.c(212): PrintStatus-------,30	[MsgId: MMSG-17999]
Action.c(245): Notify: Transaction "Film PrintTask_Result_Fail" started.	[MsgId: MMSG-16999]
Action.c(246): Notify: Parameter Substitution: parameter "TaskID" =  "5107647"	[MsgId: MMSG-13992]
Action.c(246): Notify: Parameter Substitution: parameter "K2Terminal" =  "K2_3"	[MsgId: MMSG-13992]
Action.c(246): Error: The task do not finish correct: TaskID: 5107647  From Terminal: K2_3	[MsgId: MERR-17999]
End auto log messages stack.	[MsgId: MMSG-10544]


Start auto log messages stack - Iteration 2012.	[MsgId: MMSG-10545]
Action.c(193):     interId":"4","ErrorCode":"","RawErrorCodes":null,"PMDate":null,"PMCount":0,"FRCount":0,"St
Action.c(193):     atus":8,"PrintStatus":0}],"ReportPrinters":[],"PrintTaskID":null}}}
Action.c(193): Notify: Saving Parameter "TaskStatus = 3".	[MsgId: MMSG-13798]
Action.c(193): web_custom_request("web_custom_request") was successful, 781 body bytes, 259 header bytes  	[MsgId: MMSG-26386]
Action.c(203): Notify: Transaction "Film_PrintStatus_CheckService" ended with "Pass" status (Duration: 0.0156).	[MsgId: MMSG-16873]
Action.c(205): Notify: Parameter Substitution: parameter "TaskStatus" =  "3"	[MsgId: MMSG-13992]
Action.c(205): PrintStatus in DataBase-------,3	[MsgId: MMSG-17999]
Action.c(206): Notify: Parameter Substitution: parameter "TaskStatus" =  "3"	[MsgId: MMSG-13992]
Action.c(207): PrintStatus Check result-------,-1	[MsgId: MMSG-17999]
Action.c(212): PrintStatus-------,30	[MsgId: MMSG-17999]
Action.c(245): Notify: Transaction "Film PrintTask_Result_Fail" started.	[MsgId: MMSG-16999]
Action.c(246): Notify: Parameter Substitution: parameter "TaskID" =  "5107654"	[MsgId: MMSG-13992]
Action.c(246): Notify: Parameter Substitution: parameter "K2Terminal" =  "K2_7"	[MsgId: MMSG-13992]
Action.c(246): Error: The task do not finish correct: TaskID: 5107654  From Terminal: K2_7	[MsgId: MERR-17999]
End auto log messages stack.	[MsgId: MMSG-10544]


Start auto log messages stack - Iteration 2063.	[MsgId: MMSG-10545]
Action.c(203): Notify: Transaction "Film_PrintStatus_CheckService" ended with "Pass" status (Duration: 0.0156).	[MsgId: MMSG-16873]
Action.c(205): Notify: Parameter Substitution: parameter "TaskStatus" =  "4"	[MsgId: MMSG-13992]
Action.c(205): PrintStatus in DataBase-------,4	[MsgId: MMSG-17999]
Action.c(206): Notify: Parameter Substitution: parameter "TaskStatus" =  "4"	[MsgId: MMSG-13992]
Action.c(207): PrintStatus Check result-------,0	[MsgId: MMSG-17999]
Action.c(212): PrintStatus-------,3	[MsgId: MMSG-17999]
Action.c(217): Notify: Transaction "Film PrintTask_Result_Correct" started.	[MsgId: MMSG-16999]
Action.c(218): lr_think_time: 1.00 seconds.	[MsgId: MMSG-15948]
Action.c(219): Notify: Transaction "Film PrintTask_Result_Correct" ended with "Pass" status (Duration: 1.0140 Think Time: 1.0140).	[MsgId: MMSG-16872]
Action.c(221): lr_think_time: 5.00 seconds.	[MsgId: MMSG-15948]
Action.c(225): Notify: Parameter Substitution: parameter "ACCNum" =  "A20180912101702020"	[MsgId: MMSG-13992]
Action.c(225): Notify: Saving Parameter "SQLECSQuery1 = update wggc.dbo.AFP_FilmInfo  set FilmFlag=0  where AccessionNumber ='A20180912101702020'  and DeleteStatus =0  ".	[MsgId: MMSG-13798]
Action.c(227): Notify: Parameter Substitution: parameter "SQLECSQuery1" =  "update wggc.dbo.AFP_FilmInfo  set FilmFlag=0  where AccessionNumber ='A20180912101702020'  and DeleteStatus =0  "	[MsgId: MMSG-13992]
Action.c(227): Error: SQL Statement failed {"事务(进程 ID 172)与另一个进程被死锁在 锁 资源上，并且已被选作死锁牺牲品。请重新运行该事务。"}	[MsgId: MERR-108756]
Action.c(227): Error: SQL Statement failed {"UpdateFilmToUnPrinted"}	[MsgId: MERR-108756]
