Start auto log messages stack - Iteration 324.	[MsgId: MMSG-10545]
Start auto log messages stack - Iteration 294.	[MsgId: MMSG-10545]
Start auto log messages stack - Iteration 306.	[MsgId: MMSG-10545]
Start auto log messages stack - Iteration 300.	[MsgId: MMSG-10545]
Action.c(116): Warning -26593: The header being added may cause unpredictable results when applied to all ensuing URLs. It is added anyway  	[MsgId: MWAR-26593]
Action.c(116): Warning -26593: The header being added may cause unpredictable results when applied to all ensuing URLs. It is added anyway  	[MsgId: MWAR-26593]
Action.c(116): web_add_auto_header("content-type") highest severity level was "warning"  	[MsgId: MMSG-26391]
Action.c(116): Warning -26593: The header being added may cause unpredictable results when applied to all ensuing URLs. It is added anyway  	[MsgId: MWAR-26593]
Start auto log messages stack - Iteration 305.	[MsgId: MMSG-10545]
Action.c(118): Warning -26377: No match found for the requested parameter "TaskID". Check whether the requested boundaries exist in the response data. Also, if the data you want to save exceeds 10240 bytes, use web_set_max_html_param_len to increase the parameter size  	[MsgId: MWAR-26377]
Action.c(116): web_add_auto_header("content-type") highest severity level was "warning"  	[MsgId: MMSG-26391]
Action.c(118): Warning -26377: No match found for the requested parameter "TaskID". Check whether the requested boundaries exist in the response data. Also, if the data you want to save exceeds 10240 bytes, use web_set_max_html_param_len to increase the parameter size  	[MsgId: MWAR-26377]
Action.c(118): web_custom_request("web_custom_request") highest severity level was "warning", 265 body bytes, 259 header bytes  	[MsgId: MMSG-26388]
Action.c(116): Warning -26593: The header being added may cause unpredictable results when applied to all ensuing URLs. It is added anyway  	[MsgId: MWAR-26593]
Action.c(129): Notify: Transaction "Film Create_PrintTask" ended with "Pass" status (Duration: 73.3065).	[MsgId: MMSG-16873]
Action.c(136): Notify: Transaction "Fim GetTaskID_fail" started.	[MsgId: MMSG-16999]
Action.c(118): web_custom_request("web_custom_request") highest severity level was "warning", 265 body bytes, 259 header bytes  	[MsgId: MMSG-26388]
Action.c(137): Error: Create print task failed. Try again. The accession number is A20180815104338538,K2_8	[MsgId: MERR-17999]
Action.c(116): web_add_auto_header("content-type") highest severity level was "warning"  	[MsgId: MMSG-26391]
Action.c(129): Notify: Transaction "Film Create_PrintTask" ended with "Pass" status (Duration: 71.3097).	[MsgId: MMSG-16873]
Action.c(118): Warning -26377: No match found for the requested parameter "TaskID". Check whether the requested boundaries exist in the response data. Also, if the data you want to save exceeds 10240 bytes, use web_set_max_html_param_len to increase the parameter size  	[MsgId: MWAR-26377]
End auto log messages stack.	[MsgId: MMSG-10544]


Action.c(136): Notify: Transaction "Fim GetTaskID_fail" started.	[MsgId: MMSG-16999]
Action.c(118): web_custom_request("web_custom_request") highest severity level was "warning", 265 body bytes, 259 header bytes  	[MsgId: MMSG-26388]
Action.c(137): Error: Create print task failed. Try again. The accession number is A20180815104942724,K2_4	[MsgId: MERR-17999]
Action.c(129): Notify: Transaction "Film Create_PrintTask" ended with "Pass" status (Duration: 75.4281).	[MsgId: MMSG-16873]
Action.c(136): Notify: Transaction "Fim GetTaskID_fail" started.	[MsgId: MMSG-16999]
Action.c(137): Error: Create print task failed. Try again. The accession number is A20180815104726163,K2_5	[MsgId: MERR-17999]
Action.c(116): Warning -26593: The header being added may cause unpredictable results when applied to all ensuing URLs. It is added anyway  	[MsgId: MWAR-26593]
End auto log messages stack.	[MsgId: MMSG-10544]
Action.c(116): web_add_auto_header("content-type") highest severity level was "warning"  	[MsgId: MMSG-26391]


End auto log messages stack.	[MsgId: MMSG-10544]
Action.c(118): Warning -26377: No match found for the requested parameter "TaskID". Check whether the requested boundaries exist in the response data. Also, if the data you want to save exceeds 10240 bytes, use web_set_max_html_param_len to increase the parameter size  	[MsgId: MWAR-26377]


Action.c(118): web_custom_request("web_custom_request") highest severity level was "warning", 265 body bytes, 259 header bytes  	[MsgId: MMSG-26388]
Action.c(129): Notify: Transaction "Film Create_PrintTask" ended with "Pass" status (Duration: 72.1209).	[MsgId: MMSG-16873]
Action.c(136): Notify: Transaction "Fim GetTaskID_fail" started.	[MsgId: MMSG-16999]
Action.c(137): Error: Create print task failed. Try again. The accession number is A20180815104517177,K2_7	[MsgId: MERR-17999]
Action.c(116): web_add_auto_header("content-type") highest severity level was "warning"  	[MsgId: MMSG-26391]
End auto log messages stack.	[MsgId: MMSG-10544]
Action.c(118): Warning -26377: No match found for the requested parameter "TaskID". Check whether the requested boundaries exist in the response data. Also, if the data you want to save exceeds 10240 bytes, use web_set_max_html_param_len to increase the parameter size  	[MsgId: MWAR-26377]


Action.c(118): web_custom_request("web_custom_request") highest severity level was "warning", 265 body bytes, 259 header bytes  	[MsgId: MMSG-26388]
Action.c(129): Notify: Transaction "Film Create_PrintTask" ended with "Pass" status (Duration: 72.6201).	[MsgId: MMSG-16873]
Action.c(136): Notify: Transaction "Fim GetTaskID_fail" started.	[MsgId: MMSG-16999]
Action.c(137): Error: Create print task failed. Try again. The accession number is A20180815104555123,K2_6	[MsgId: MERR-17999]
End auto log messages stack.	[MsgId: MMSG-10544]


