Virtual User Script started at : 2018-08-05 16:36:01	[MsgId: MMSG-15967]
Starting action vuser_init.	[MsgId: MMSG-15919]
vuser_init.c(3): DB Connection "Connect" started ... Wait ....	[MsgId: MMSG-108774]
vuser_init.c(3): DB connection was successful	[MsgId: MMSG-108773]
Ending action vuser_init.	[MsgId: MMSG-15918]
Running Vuser...	[MsgId: MMSG-15964]
Virtual User Script started at : 2018-08-05 16:36:03	[MsgId: MMSG-15967]
Starting action vuser_init.	[MsgId: MMSG-15919]
vuser_init.c(3): DB Connection "Connect" started ... Wait ....	[MsgId: MMSG-108774]
vuser_init.c(3): DB connection was successful	[MsgId: MMSG-108773]
Ending action vuser_init.	[MsgId: MMSG-15918]
Running Vuser...	[MsgId: MMSG-15964]
Virtual User Script started at : 2018-08-05 16:36:03	[MsgId: MMSG-15967]
Starting action vuser_init.	[MsgId: MMSG-15919]
vuser_init.c(3): DB Connection "Connect" started ... Wait ....	[MsgId: MMSG-108774]
vuser_init.c(3): DB connection was successful	[MsgId: MMSG-108773]
Ending action vuser_init.	[MsgId: MMSG-15918]
Running Vuser...	[MsgId: MMSG-15964]
Virtual User Script started at : 2018-08-05 16:36:08	[MsgId: MMSG-15967]
Starting action vuser_init.	[MsgId: MMSG-15919]
vuser_init.c(3): DB Connection "Connect" started ... Wait ....	[MsgId: MMSG-108774]
vuser_init.c(3): DB connection was successful	[MsgId: MMSG-108773]
Ending action vuser_init.	[MsgId: MMSG-15918]
Running Vuser...	[MsgId: MMSG-15964]
Virtual User Script started at : 2018-08-05 16:36:08	[MsgId: MMSG-15967]
Starting action vuser_init.	[MsgId: MMSG-15919]
vuser_init.c(3): DB Connection "Connect" started ... Wait ....	[MsgId: MMSG-108774]
vuser_init.c(3): DB connection was successful	[MsgId: MMSG-108773]
Ending action vuser_init.	[MsgId: MMSG-15918]
Running Vuser...	[MsgId: MMSG-15964]
Virtual User Script started at : 2018-08-05 16:36:19	[MsgId: MMSG-15967]
Starting action vuser_init.	[MsgId: MMSG-15919]
vuser_init.c(3): DB Connection "Connect" started ... Wait ....	[MsgId: MMSG-108774]
vuser_init.c(3): DB connection was successful	[MsgId: MMSG-108773]
Ending action vuser_init.	[MsgId: MMSG-15918]
Running Vuser...	[MsgId: MMSG-15964]
Virtual User Script started at : 2018-08-05 16:36:29	[MsgId: MMSG-15967]
Starting action vuser_init.	[MsgId: MMSG-15919]
vuser_init.c(3): DB Connection "Connect" started ... Wait ....	[MsgId: MMSG-108774]
vuser_init.c(3): DB connection was successful	[MsgId: MMSG-108773]
Ending action vuser_init.	[MsgId: MMSG-15918]
Running Vuser...	[MsgId: MMSG-15964]
Virtual User Script started at : 2018-08-05 16:36:39	[MsgId: MMSG-15967]
Starting action vuser_init.	[MsgId: MMSG-15919]
vuser_init.c(3): DB Connection "Connect" started ... Wait ....	[MsgId: MMSG-108774]
vuser_init.c(3): DB connection was successful	[MsgId: MMSG-108773]
Ending action vuser_init.	[MsgId: MMSG-15918]
Running Vuser...	[MsgId: MMSG-15964]
Starting iteration 1.	[MsgId: MMSG-15968]
Starting action Action.	[MsgId: MMSG-15919]
Action.c(22): web_set_max_html_param_len was successful  	[MsgId: MMSG-26392]
Action.c(36): SQL Statement  execution "QueryReportStatus" started	[MsgId: MMSG-108760]
Action.c(36): SQL Statement  execution was successful	[MsgId: MMSG-108759]
Action.c(36): ================================================	[MsgId: MMSG0]
The result is 1	[MsgId: MMSG-17999]
Action.c(63): lr_think_time: 10.00 seconds.	[MsgId: MMSG-15948]
Action.c(68): SQL Statement  execution "QueryReportStatus" started	[MsgId: MMSG-108760]
Action.c(68): SQL Statement  execution was successful	[MsgId: MMSG-108759]
Action.c(68): ================================================	[MsgId: MMSG0]
Action.c(83): Notify: Transaction "Film TerminalStatus" started.	[MsgId: MMSG-16999]
Action.c(85): Warning -26593: The header being added may cause unpredictable results when applied to all ensuing URLs. It is added anyway  	[MsgId: MWAR-26593]
Action.c(85): web_add_auto_header("content-type") highest severity level was "warning"  	[MsgId: MMSG-26391]
Action.c(86): web_custom_request("web_custom_request") was successful, 599 body bytes, 259 header bytes  	[MsgId: MMSG-26386]
Action.c(96): Notify: Transaction "Film TerminalStatus" ended with "Pass" status (Duration: 0.0120).	[MsgId: MMSG-16873]
Action.c(99): lr_think_time: 5.00 seconds.	[MsgId: MMSG-15948]
Starting iteration 1.	[MsgId: MMSG-15968]
Starting action Action.	[MsgId: MMSG-15919]
Action.c(22): web_set_max_html_param_len was successful  	[MsgId: MMSG-26392]
Action.c(36): SQL Statement  execution "QueryReportStatus" started	[MsgId: MMSG-108760]
Action.c(36): SQL Statement  execution was successful	[MsgId: MMSG-108759]
Action.c(36): ================================================	[MsgId: MMSG0]
The result is 1	[MsgId: MMSG-17999]
Action.c(63): lr_think_time: 10.00 seconds.	[MsgId: MMSG-15948]
Action.c(106): lr_think_time: 5.00 seconds.	[MsgId: MMSG-15948]
Action.c(109): Registering web_reg_save_param was successful  	[MsgId: MMSG-26390]
Action.c(115): Notify: Transaction "Film Create_PrintTask" started.	[MsgId: MMSG-16999]
Action.c(117): Warning -26593: The header being added may cause unpredictable results when applied to all ensuing URLs. It is added anyway  	[MsgId: MWAR-26593]
Action.c(117): web_add_auto_header("content-type") highest severity level was "warning"  	[MsgId: MMSG-26391]
Action.c(119): web_custom_request("web_custom_request") was successful, 725 body bytes, 259 header bytes  	[MsgId: MMSG-26386]
Action.c(130): Notify: Transaction "Film Create_PrintTask" ended with "Pass" status (Duration: 3.9923 Wasted Time: 0.0000).	[MsgId: MMSG-16871]
Action.c(159): Notify: Transaction "Film PrintTask" started.	[MsgId: MMSG-16999]
Action.c(161): Warning -26593: The header being added may cause unpredictable results when applied to all ensuing URLs. It is added anyway  	[MsgId: MWAR-26593]
Action.c(161): web_add_auto_header("content-type") highest severity level was "warning"  	[MsgId: MMSG-26391]
Action.c(163): web_custom_request("web_custom_request") was successful, 722 body bytes, 259 header bytes  	[MsgId: MMSG-26386]
Action.c(174): Notify: Transaction "Film PrintTask" ended with "Pass" status (Duration: 0.0476).	[MsgId: MMSG-16873]
Action.c(176): lr_think_time: 5.00 seconds.	[MsgId: MMSG-15948]
Action.c(68): SQL Statement  execution "QueryReportStatus" started	[MsgId: MMSG-108760]
Action.c(68): SQL Statement  execution was successful	[MsgId: MMSG-108759]
Action.c(68): ================================================	[MsgId: MMSG0]
Action.c(83): Notify: Transaction "Film TerminalStatus" started.	[MsgId: MMSG-16999]
Action.c(85): Warning -26593: The header being added may cause unpredictable results when applied to all ensuing URLs. It is added anyway  	[MsgId: MWAR-26593]
Action.c(85): web_add_auto_header("content-type") highest severity level was "warning"  	[MsgId: MMSG-26391]
Action.c(86): web_custom_request("web_custom_request") was successful, 600 body bytes, 259 header bytes  	[MsgId: MMSG-26386]
Action.c(96): Notify: Transaction "Film TerminalStatus" ended with "Pass" status (Duration: 0.0231).	[MsgId: MMSG-16873]
Action.c(99): lr_think_time: 5.00 seconds.	[MsgId: MMSG-15948]
Action.c(184): lr_think_time: 10.00 seconds.	[MsgId: MMSG-15948]
Starting iteration 1.	[MsgId: MMSG-15968]
Starting iteration 1.	[MsgId: MMSG-15968]
Starting action Action.	[MsgId: MMSG-15919]
Starting action Action.	[MsgId: MMSG-15919]
Action.c(22): web_set_max_html_param_len was successful  	[MsgId: MMSG-26392]
Action.c(22): web_set_max_html_param_len was successful  	[MsgId: MMSG-26392]
Action.c(36): SQL Statement  execution "QueryReportStatus" started	[MsgId: MMSG-108760]
Action.c(36): SQL Statement  execution "QueryReportStatus" started	[MsgId: MMSG-108760]
Action.c(36): SQL Statement  execution was successful	[MsgId: MMSG-108759]
Action.c(36): SQL Statement  execution was successful	[MsgId: MMSG-108759]
Action.c(36): ================================================	[MsgId: MMSG0]
Action.c(36): ================================================	[MsgId: MMSG0]
The result is 1	[MsgId: MMSG-17999]
The result is 1	[MsgId: MMSG-17999]
Action.c(63): lr_think_time: 10.00 seconds.	[MsgId: MMSG-15948]
Action.c(63): lr_think_time: 10.00 seconds.	[MsgId: MMSG-15948]
Action.c(106): lr_think_time: 5.00 seconds.	[MsgId: MMSG-15948]
Action.c(109): Registering web_reg_save_param was successful  	[MsgId: MMSG-26390]
Action.c(115): Notify: Transaction "Film Create_PrintTask" started.	[MsgId: MMSG-16999]
Action.c(117): Warning -26593: The header being added may cause unpredictable results when applied to all ensuing URLs. It is added anyway  	[MsgId: MWAR-26593]
Action.c(117): web_add_auto_header("content-type") highest severity level was "warning"  	[MsgId: MMSG-26391]
Action.c(119): web_custom_request("web_custom_request") was successful, 726 body bytes, 259 header bytes  	[MsgId: MMSG-26386]
Action.c(130): Notify: Transaction "Film Create_PrintTask" ended with "Pass" status (Duration: 0.8655 Wasted Time: 0.0000).	[MsgId: MMSG-16871]
Action.c(159): Notify: Transaction "Film PrintTask" started.	[MsgId: MMSG-16999]
Action.c(161): Warning -26593: The header being added may cause unpredictable results when applied to all ensuing URLs. It is added anyway  	[MsgId: MWAR-26593]
Action.c(161): web_add_auto_header("content-type") highest severity level was "warning"  	[MsgId: MMSG-26391]
Action.c(163): web_custom_request("web_custom_request") was successful, 723 body bytes, 259 header bytes  	[MsgId: MMSG-26386]
Action.c(174): Notify: Transaction "Film PrintTask" ended with "Pass" status (Duration: 0.0499).	[MsgId: MMSG-16873]
Action.c(176): lr_think_time: 5.00 seconds.	[MsgId: MMSG-15948]
Action.c(186): Registering web_reg_save_param was successful  	[MsgId: MMSG-26390]
Action.c(191): Notify: Transaction "Film_PrintStatus_CheckService" started.	[MsgId: MMSG-16999]
Action.c(193): Warning -26593: The header being added may cause unpredictable results when applied to all ensuing URLs. It is added anyway  	[MsgId: MWAR-26593]
Action.c(193): web_add_auto_header("content-type") highest severity level was "warning"  	[MsgId: MMSG-26391]
Action.c(194): web_custom_request("web_custom_request") was successful, 732 body bytes, 259 header bytes  	[MsgId: MMSG-26386]
Action.c(204): Notify: Transaction "Film_PrintStatus_CheckService" ended with "Pass" status (Duration: 0.0204 Wasted Time: 0.0000).	[MsgId: MMSG-16871]
Action.c(206): PrintStatus in DataBase-------,0	[MsgId: MMSG-17999]
Action.c(208): PrintStatus Check result-------,-4	[MsgId: MMSG-17999]
Action.c(184): lr_think_time: 10.00 seconds.	[MsgId: MMSG-15948]
Action.c(68): SQL Statement  execution "QueryReportStatus" started	[MsgId: MMSG-108760]
Action.c(68): SQL Statement  execution "QueryReportStatus" started	[MsgId: MMSG-108760]
Action.c(68): SQL Statement  execution was successful	[MsgId: MMSG-108759]
Action.c(68): SQL Statement  execution was successful	[MsgId: MMSG-108759]
Action.c(68): ================================================	[MsgId: MMSG0]
Action.c(68): ================================================	[MsgId: MMSG0]
Action.c(83): Notify: Transaction "Film TerminalStatus" started.	[MsgId: MMSG-16999]
Action.c(83): Notify: Transaction "Film TerminalStatus" started.	[MsgId: MMSG-16999]
Action.c(85): Warning -26593: The header being added may cause unpredictable results when applied to all ensuing URLs. It is added anyway  	[MsgId: MWAR-26593]
Action.c(85): Warning -26593: The header being added may cause unpredictable results when applied to all ensuing URLs. It is added anyway  	[MsgId: MWAR-26593]
Action.c(85): web_add_auto_header("content-type") highest severity level was "warning"  	[MsgId: MMSG-26391]
Action.c(85): web_add_auto_header("content-type") highest severity level was "warning"  	[MsgId: MMSG-26391]
Action.c(86): web_custom_request("web_custom_request") was successful, 599 body bytes, 259 header bytes  	[MsgId: MMSG-26386]
Action.c(96): Notify: Transaction "Film TerminalStatus" ended with "Pass" status (Duration: 0.0183).	[MsgId: MMSG-16873]
Action.c(99): lr_think_time: 5.00 seconds.	[MsgId: MMSG-15948]
Action.c(86): web_custom_request("web_custom_request") was successful, 599 body bytes, 259 header bytes  	[MsgId: MMSG-26386]
Action.c(96): Notify: Transaction "Film TerminalStatus" ended with "Pass" status (Duration: 0.0459).	[MsgId: MMSG-16873]
Action.c(99): lr_think_time: 5.00 seconds.	[MsgId: MMSG-15948]
Action.c(184): lr_think_time: 10.00 seconds.	[MsgId: MMSG-15948]
Starting iteration 1.	[MsgId: MMSG-15968]
Starting iteration 1.	[MsgId: MMSG-15968]
Starting action Action.	[MsgId: MMSG-15919]
Starting action Action.	[MsgId: MMSG-15919]
Action.c(22): web_set_max_html_param_len was successful  	[MsgId: MMSG-26392]
Action.c(22): web_set_max_html_param_len was successful  	[MsgId: MMSG-26392]
Action.c(36): SQL Statement  execution "QueryReportStatus" started	[MsgId: MMSG-108760]
Action.c(36): SQL Statement  execution "QueryReportStatus" started	[MsgId: MMSG-108760]
Action.c(36): SQL Statement  execution was successful	[MsgId: MMSG-108759]
Action.c(36): SQL Statement  execution was successful	[MsgId: MMSG-108759]
Action.c(36): ================================================	[MsgId: MMSG0]
Action.c(36): ================================================	[MsgId: MMSG0]
The result is 1	[MsgId: MMSG-17999]
The result is 1	[MsgId: MMSG-17999]
Action.c(63): lr_think_time: 10.00 seconds.	[MsgId: MMSG-15948]
Action.c(63): lr_think_time: 10.00 seconds.	[MsgId: MMSG-15948]
Action.c(106): lr_think_time: 5.00 seconds.	[MsgId: MMSG-15948]
Action.c(106): lr_think_time: 5.00 seconds.	[MsgId: MMSG-15948]
Action.c(186): Registering web_reg_save_param was successful  	[MsgId: MMSG-26390]
Action.c(191): Notify: Transaction "Film_PrintStatus_CheckService" started.	[MsgId: MMSG-16999]
Action.c(193): Warning -26593: The header being added may cause unpredictable results when applied to all ensuing URLs. It is added anyway  	[MsgId: MWAR-26593]
Action.c(193): web_add_auto_header("content-type") highest severity level was "warning"  	[MsgId: MMSG-26391]
Action.c(194): web_custom_request("web_custom_request") was successful, 731 body bytes, 259 header bytes  	[MsgId: MMSG-26386]
Action.c(204): Notify: Transaction "Film_PrintStatus_CheckService" ended with "Pass" status (Duration: 0.0154 Wasted Time: 0.0000).	[MsgId: MMSG-16871]
Action.c(206): PrintStatus in DataBase-------,1	[MsgId: MMSG-17999]
Action.c(208): PrintStatus Check result-------,-3	[MsgId: MMSG-17999]
Action.c(184): lr_think_time: 10.00 seconds.	[MsgId: MMSG-15948]
Action.c(109): Registering web_reg_save_param was successful  	[MsgId: MMSG-26390]
Action.c(115): Notify: Transaction "Film Create_PrintTask" started.	[MsgId: MMSG-16999]
Action.c(117): Warning -26593: The header being added may cause unpredictable results when applied to all ensuing URLs. It is added anyway  	[MsgId: MWAR-26593]
Action.c(117): web_add_auto_header("content-type") highest severity level was "warning"  	[MsgId: MMSG-26391]
Action.c(109): Registering web_reg_save_param was successful  	[MsgId: MMSG-26390]
Action.c(115): Notify: Transaction "Film Create_PrintTask" started.	[MsgId: MMSG-16999]
Action.c(117): Warning -26593: The header being added may cause unpredictable results when applied to all ensuing URLs. It is added anyway  	[MsgId: MWAR-26593]
Action.c(117): web_add_auto_header("content-type") highest severity level was "warning"  	[MsgId: MMSG-26391]
Action.c(119): web_custom_request("web_custom_request") was successful, 725 body bytes, 259 header bytes  	[MsgId: MMSG-26386]
Action.c(130): Notify: Transaction "Film Create_PrintTask" ended with "Pass" status (Duration: 0.7467 Wasted Time: 0.0000).	[MsgId: MMSG-16871]
Action.c(159): Notify: Transaction "Film PrintTask" started.	[MsgId: MMSG-16999]
Action.c(161): Warning -26593: The header being added may cause unpredictable results when applied to all ensuing URLs. It is added anyway  	[MsgId: MWAR-26593]
Action.c(161): web_add_auto_header("content-type") highest severity level was "warning"  	[MsgId: MMSG-26391]
Action.c(163): web_custom_request("web_custom_request") was successful, 722 body bytes, 259 header bytes  	[MsgId: MMSG-26386]
Action.c(174): Notify: Transaction "Film PrintTask" ended with "Pass" status (Duration: 0.0167).	[MsgId: MMSG-16873]
Action.c(176): lr_think_time: 5.00 seconds.	[MsgId: MMSG-15948]
Action.c(119): web_custom_request("web_custom_request") was successful, 725 body bytes, 259 header bytes  	[MsgId: MMSG-26386]
Action.c(130): Notify: Transaction "Film Create_PrintTask" ended with "Pass" status (Duration: 0.7571 Wasted Time: 0.0000).	[MsgId: MMSG-16871]
Action.c(159): Notify: Transaction "Film PrintTask" started.	[MsgId: MMSG-16999]
Action.c(161): Warning -26593: The header being added may cause unpredictable results when applied to all ensuing URLs. It is added anyway  	[MsgId: MWAR-26593]
Action.c(161): web_add_auto_header("content-type") highest severity level was "warning"  	[MsgId: MMSG-26391]
Action.c(163): web_custom_request("web_custom_request") was successful, 722 body bytes, 259 header bytes  	[MsgId: MMSG-26386]
Action.c(174): Notify: Transaction "Film PrintTask" ended with "Pass" status (Duration: 0.0164).	[MsgId: MMSG-16873]
Action.c(176): lr_think_time: 5.00 seconds.	[MsgId: MMSG-15948]
Action.c(186): Registering web_reg_save_param was successful  	[MsgId: MMSG-26390]
Action.c(191): Notify: Transaction "Film_PrintStatus_CheckService" started.	[MsgId: MMSG-16999]
Action.c(193): Warning -26593: The header being added may cause unpredictable results when applied to all ensuing URLs. It is added anyway  	[MsgId: MWAR-26593]
Action.c(193): web_add_auto_header("content-type") highest severity level was "warning"  	[MsgId: MMSG-26391]
Action.c(194): web_custom_request("web_custom_request") was successful, 732 body bytes, 259 header bytes  	[MsgId: MMSG-26386]
Action.c(204): Notify: Transaction "Film_PrintStatus_CheckService" ended with "Pass" status (Duration: 0.0189 Wasted Time: 0.0000).	[MsgId: MMSG-16871]
Action.c(206): PrintStatus in DataBase-------,1	[MsgId: MMSG-17999]
Action.c(208): PrintStatus Check result-------,-3	[MsgId: MMSG-17999]
Action.c(184): lr_think_time: 10.00 seconds.	[MsgId: MMSG-15948]
Action.c(68): SQL Statement  execution "QueryReportStatus" started	[MsgId: MMSG-108760]
Action.c(68): SQL Statement  execution "QueryReportStatus" started	[MsgId: MMSG-108760]
Action.c(68): SQL Statement  execution was successful	[MsgId: MMSG-108759]
Action.c(68): SQL Statement  execution was successful	[MsgId: MMSG-108759]
Action.c(68): ================================================	[MsgId: MMSG0]
Action.c(68): ================================================	[MsgId: MMSG0]
Action.c(83): Notify: Transaction "Film TerminalStatus" started.	[MsgId: MMSG-16999]
Action.c(83): Notify: Transaction "Film TerminalStatus" started.	[MsgId: MMSG-16999]
Action.c(85): Warning -26593: The header being added may cause unpredictable results when applied to all ensuing URLs. It is added anyway  	[MsgId: MWAR-26593]
Action.c(85): Warning -26593: The header being added may cause unpredictable results when applied to all ensuing URLs. It is added anyway  	[MsgId: MWAR-26593]
Action.c(85): web_add_auto_header("content-type") highest severity level was "warning"  	[MsgId: MMSG-26391]
Action.c(85): web_add_auto_header("content-type") highest severity level was "warning"  	[MsgId: MMSG-26391]
Action.c(86): web_custom_request("web_custom_request") was successful, 602 body bytes, 259 header bytes  	[MsgId: MMSG-26386]
Action.c(86): web_custom_request("web_custom_request") was successful, 604 body bytes, 259 header bytes  	[MsgId: MMSG-26386]
Action.c(96): Notify: Transaction "Film TerminalStatus" ended with "Pass" status (Duration: 0.0191).	[MsgId: MMSG-16873]
Action.c(96): Notify: Transaction "Film TerminalStatus" ended with "Pass" status (Duration: 0.0191).	[MsgId: MMSG-16873]
Action.c(99): lr_think_time: 5.00 seconds.	[MsgId: MMSG-15948]
Action.c(99): lr_think_time: 5.00 seconds.	[MsgId: MMSG-15948]
Action.c(184): lr_think_time: 10.00 seconds.	[MsgId: MMSG-15948]
Action.c(184): lr_think_time: 10.00 seconds.	[MsgId: MMSG-15948]
Action.c(186): Registering web_reg_save_param was successful  	[MsgId: MMSG-26390]
Action.c(191): Notify: Transaction "Film_PrintStatus_CheckService" started.	[MsgId: MMSG-16999]
Action.c(193): Warning -26593: The header being added may cause unpredictable results when applied to all ensuing URLs. It is added anyway  	[MsgId: MWAR-26593]
Action.c(193): web_add_auto_header("content-type") highest severity level was "warning"  	[MsgId: MMSG-26391]
Action.c(194): web_custom_request("web_custom_request") was successful, 727 body bytes, 259 header bytes  	[MsgId: MMSG-26386]
Action.c(204): Notify: Transaction "Film_PrintStatus_CheckService" ended with "Pass" status (Duration: 0.0230 Wasted Time: 0.0000).	[MsgId: MMSG-16871]
Action.c(206): PrintStatus in DataBase-------,4	[MsgId: MMSG-17999]
Action.c(208): PrintStatus Check result-------,0	[MsgId: MMSG-17999]
Action.c(212): PrintStatus-------,3	[MsgId: MMSG-17999]
Action.c(216): Notify: Transaction "Film PrintTask_Result_Correct" started.	[MsgId: MMSG-16999]
Action.c(217): lr_think_time: 1.00 seconds.	[MsgId: MMSG-15948]
Starting iteration 1.	[MsgId: MMSG-15968]
Starting iteration 1.	[MsgId: MMSG-15968]
Starting action Action.	[MsgId: MMSG-15919]
Starting action Action.	[MsgId: MMSG-15919]
Action.c(22): web_set_max_html_param_len was successful  	[MsgId: MMSG-26392]
Action.c(22): web_set_max_html_param_len was successful  	[MsgId: MMSG-26392]
Action.c(36): SQL Statement  execution "QueryReportStatus" started	[MsgId: MMSG-108760]
Action.c(36): SQL Statement  execution "QueryReportStatus" started	[MsgId: MMSG-108760]
Action.c(36): SQL Statement  execution was successful	[MsgId: MMSG-108759]
Action.c(36): SQL Statement  execution was successful	[MsgId: MMSG-108759]
Action.c(36): ================================================	[MsgId: MMSG0]
Action.c(36): ================================================	[MsgId: MMSG0]
The result is 1	[MsgId: MMSG-17999]
The result is 1	[MsgId: MMSG-17999]
Action.c(63): lr_think_time: 10.00 seconds.	[MsgId: MMSG-15948]
Action.c(63): lr_think_time: 10.00 seconds.	[MsgId: MMSG-15948]
Action.c(106): lr_think_time: 5.00 seconds.	[MsgId: MMSG-15948]
Action.c(106): lr_think_time: 5.00 seconds.	[MsgId: MMSG-15948]
Action.c(218): Notify: Transaction "Film PrintTask_Result_Correct" ended with "Pass" status (Duration: 1.0056 Think Time: 1.0056).	[MsgId: MMSG-16872]
Action.c(223): SQL Statement  execution "QueryReportStatus" started	[MsgId: MMSG-108760]
Action.c(223): Warning :No dataset was created.	[MsgId: MMSG0]
Action.c(223): SQL Statement  execution was successful	[MsgId: MMSG-108759]
Action.c(223): ================================================	[MsgId: MMSG0]
Action.c(254): lr_think_time: 5.00 seconds.	[MsgId: MMSG-15948]
Action.c(186): Registering web_reg_save_param was successful  	[MsgId: MMSG-26390]
Action.c(191): Notify: Transaction "Film_PrintStatus_CheckService" started.	[MsgId: MMSG-16999]
Action.c(193): Warning -26593: The header being added may cause unpredictable results when applied to all ensuing URLs. It is added anyway  	[MsgId: MWAR-26593]
Action.c(193): web_add_auto_header("content-type") highest severity level was "warning"  	[MsgId: MMSG-26391]
Action.c(194): web_custom_request("web_custom_request") was successful, 728 body bytes, 259 header bytes  	[MsgId: MMSG-26386]
Action.c(204): Notify: Transaction "Film_PrintStatus_CheckService" ended with "Pass" status (Duration: 0.0104 Wasted Time: 0.0000).	[MsgId: MMSG-16871]
Action.c(206): PrintStatus in DataBase-------,4	[MsgId: MMSG-17999]
Action.c(208): PrintStatus Check result-------,0	[MsgId: MMSG-17999]
Action.c(212): PrintStatus-------,2	[MsgId: MMSG-17999]
Action.c(216): Notify: Transaction "Film PrintTask_Result_Correct" started.	[MsgId: MMSG-16999]
Action.c(217): lr_think_time: 1.00 seconds.	[MsgId: MMSG-15948]
Action.c(218): Notify: Transaction "Film PrintTask_Result_Correct" ended with "Pass" status (Duration: 1.0033 Think Time: 1.0032).	[MsgId: MMSG-16872]
Action.c(223): SQL Statement  execution "QueryReportStatus" started	[MsgId: MMSG-108760]
Action.c(223): Warning :No dataset was created.	[MsgId: MMSG0]
Action.c(223): SQL Statement  execution was successful	[MsgId: MMSG-108759]
Action.c(223): ================================================	[MsgId: MMSG0]
Action.c(254): lr_think_time: 5.00 seconds.	[MsgId: MMSG-15948]
Action.c(109): Registering web_reg_save_param was successful  	[MsgId: MMSG-26390]
Action.c(109): Registering web_reg_save_param was successful  	[MsgId: MMSG-26390]
Action.c(115): Notify: Transaction "Film Create_PrintTask" started.	[MsgId: MMSG-16999]
Action.c(115): Notify: Transaction "Film Create_PrintTask" started.	[MsgId: MMSG-16999]
Action.c(117): Warning -26593: The header being added may cause unpredictable results when applied to all ensuing URLs. It is added anyway  	[MsgId: MWAR-26593]
Action.c(117): Warning -26593: The header being added may cause unpredictable results when applied to all ensuing URLs. It is added anyway  	[MsgId: MWAR-26593]
Action.c(117): web_add_auto_header("content-type") highest severity level was "warning"  	[MsgId: MMSG-26391]
Action.c(117): web_add_auto_header("content-type") highest severity level was "warning"  	[MsgId: MMSG-26391]
Ending action Action.	[MsgId: MMSG-15918]
Ending iteration 1.	[MsgId: MMSG-15965]
Waiting 25.3460 seconds for iteration pacing.	[MsgId: MMSG-15996]
Action.c(186): Registering web_reg_save_param was successful  	[MsgId: MMSG-26390]
Action.c(191): Notify: Transaction "Film_PrintStatus_CheckService" started.	[MsgId: MMSG-16999]
Action.c(193): Warning -26593: The header being added may cause unpredictable results when applied to all ensuing URLs. It is added anyway  	[MsgId: MWAR-26593]
Action.c(193): web_add_auto_header("content-type") highest severity level was "warning"  	[MsgId: MMSG-26391]
Action.c(186): Registering web_reg_save_param was successful  	[MsgId: MMSG-26390]
Action.c(191): Notify: Transaction "Film_PrintStatus_CheckService" started.	[MsgId: MMSG-16999]
Action.c(193): Warning -26593: The header being added may cause unpredictable results when applied to all ensuing URLs. It is added anyway  	[MsgId: MWAR-26593]
Action.c(193): web_add_auto_header("content-type") highest severity level was "warning"  	[MsgId: MMSG-26391]
Action.c(194): web_custom_request("web_custom_request") was successful, 731 body bytes, 259 header bytes  	[MsgId: MMSG-26386]
Action.c(204): Notify: Transaction "Film_PrintStatus_CheckService" ended with "Pass" status (Duration: 0.0251 Wasted Time: 0.0000).	[MsgId: MMSG-16871]
Action.c(206): PrintStatus in DataBase-------,1	[MsgId: MMSG-17999]
Action.c(208): PrintStatus Check result-------,-3	[MsgId: MMSG-17999]
Action.c(184): lr_think_time: 10.00 seconds.	[MsgId: MMSG-15948]
Action.c(119): web_custom_request("web_custom_request") was successful, 728 body bytes, 259 header bytes  	[MsgId: MMSG-26386]
Action.c(130): Notify: Transaction "Film Create_PrintTask" ended with "Pass" status (Duration: 0.8287 Wasted Time: 0.0000).	[MsgId: MMSG-16871]
Action.c(159): Notify: Transaction "Film PrintTask" started.	[MsgId: MMSG-16999]
Action.c(161): Warning -26593: The header being added may cause unpredictable results when applied to all ensuing URLs. It is added anyway  	[MsgId: MWAR-26593]
Action.c(161): web_add_auto_header("content-type") highest severity level was "warning"  	[MsgId: MMSG-26391]
Action.c(194): web_custom_request("web_custom_request") was successful, 732 body bytes, 259 header bytes  	[MsgId: MMSG-26386]
Action.c(204): Notify: Transaction "Film_PrintStatus_CheckService" ended with "Pass" status (Duration: 0.0810 Wasted Time: 0.0000).	[MsgId: MMSG-16871]
Action.c(206): PrintStatus in DataBase-------,0	[MsgId: MMSG-17999]
Action.c(208): PrintStatus Check result-------,-4	[MsgId: MMSG-17999]
Action.c(184): lr_think_time: 10.00 seconds.	[MsgId: MMSG-15948]
Action.c(163): web_custom_request("web_custom_request") was successful, 725 body bytes, 259 header bytes  	[MsgId: MMSG-26386]
Action.c(174): Notify: Transaction "Film PrintTask" ended with "Pass" status (Duration: 0.0329).	[MsgId: MMSG-16873]
Action.c(176): lr_think_time: 5.00 seconds.	[MsgId: MMSG-15948]
Action.c(119): web_custom_request("web_custom_request") was successful, 730 body bytes, 259 header bytes  	[MsgId: MMSG-26386]
Action.c(130): Notify: Transaction "Film Create_PrintTask" ended with "Pass" status (Duration: 0.8702 Wasted Time: 0.0000).	[MsgId: MMSG-16871]
Action.c(159): Notify: Transaction "Film PrintTask" started.	[MsgId: MMSG-16999]
Action.c(161): Warning -26593: The header being added may cause unpredictable results when applied to all ensuing URLs. It is added anyway  	[MsgId: MWAR-26593]
Action.c(161): web_add_auto_header("content-type") highest severity level was "warning"  	[MsgId: MMSG-26391]
Action.c(163): web_custom_request("web_custom_request") was successful, 727 body bytes, 259 header bytes  	[MsgId: MMSG-26386]
Action.c(174): Notify: Transaction "Film PrintTask" ended with "Pass" status (Duration: 0.0587).	[MsgId: MMSG-16873]
Action.c(176): lr_think_time: 5.00 seconds.	[MsgId: MMSG-15948]
Ending action Action.	[MsgId: MMSG-15918]
Ending iteration 1.	[MsgId: MMSG-15965]
Waiting 21.0940 seconds for iteration pacing.	[MsgId: MMSG-15996]
Action.c(68): SQL Statement  execution "QueryReportStatus" started	[MsgId: MMSG-108760]
Action.c(68): SQL Statement  execution "QueryReportStatus" started	[MsgId: MMSG-108760]
Action.c(68): SQL Statement  execution was successful	[MsgId: MMSG-108759]
Action.c(68): SQL Statement  execution was successful	[MsgId: MMSG-108759]
Action.c(68): ================================================	[MsgId: MMSG0]
Action.c(68): ================================================	[MsgId: MMSG0]
Action.c(83): Notify: Transaction "Film TerminalStatus" started.	[MsgId: MMSG-16999]
Action.c(83): Notify: Transaction "Film TerminalStatus" started.	[MsgId: MMSG-16999]
Action.c(85): Warning -26593: The header being added may cause unpredictable results when applied to all ensuing URLs. It is added anyway  	[MsgId: MWAR-26593]
Action.c(85): Warning -26593: The header being added may cause unpredictable results when applied to all ensuing URLs. It is added anyway  	[MsgId: MWAR-26593]
Action.c(85): web_add_auto_header("content-type") highest severity level was "warning"  	[MsgId: MMSG-26391]
Action.c(85): web_add_auto_header("content-type") highest severity level was "warning"  	[MsgId: MMSG-26391]
Action.c(86): web_custom_request("web_custom_request") was successful, 605 body bytes, 259 header bytes  	[MsgId: MMSG-26386]
Action.c(86): web_custom_request("web_custom_request") was successful, 605 body bytes, 259 header bytes  	[MsgId: MMSG-26386]
Action.c(96): Notify: Transaction "Film TerminalStatus" ended with "Pass" status (Duration: 0.0211).	[MsgId: MMSG-16873]
Action.c(96): Notify: Transaction "Film TerminalStatus" ended with "Pass" status (Duration: 0.0212).	[MsgId: MMSG-16873]
Action.c(99): lr_think_time: 5.00 seconds.	[MsgId: MMSG-15948]
Action.c(99): lr_think_time: 5.00 seconds.	[MsgId: MMSG-15948]
Action.c(184): lr_think_time: 10.00 seconds.	[MsgId: MMSG-15948]
Action.c(184): lr_think_time: 10.00 seconds.	[MsgId: MMSG-15948]
Action.c(106): lr_think_time: 5.00 seconds.	[MsgId: MMSG-15948]
Action.c(106): lr_think_time: 5.00 seconds.	[MsgId: MMSG-15948]
Action.c(186): Registering web_reg_save_param was successful  	[MsgId: MMSG-26390]
Action.c(191): Notify: Transaction "Film_PrintStatus_CheckService" started.	[MsgId: MMSG-16999]
Action.c(193): Warning -26593: The header being added may cause unpredictable results when applied to all ensuing URLs. It is added anyway  	[MsgId: MWAR-26593]
Action.c(193): web_add_auto_header("content-type") highest severity level was "warning"  	[MsgId: MMSG-26391]
Action.c(194): web_custom_request("web_custom_request") was successful, 731 body bytes, 259 header bytes  	[MsgId: MMSG-26386]
Action.c(204): Notify: Transaction "Film_PrintStatus_CheckService" ended with "Pass" status (Duration: 0.0168 Wasted Time: 0.0000).	[MsgId: MMSG-16871]
Action.c(206): PrintStatus in DataBase-------,1	[MsgId: MMSG-17999]
Action.c(208): PrintStatus Check result-------,-3	[MsgId: MMSG-17999]
Action.c(184): lr_think_time: 10.00 seconds.	[MsgId: MMSG-15948]
Action.c(186): Registering web_reg_save_param was successful  	[MsgId: MMSG-26390]
Action.c(191): Notify: Transaction "Film_PrintStatus_CheckService" started.	[MsgId: MMSG-16999]
Action.c(193): Warning -26593: The header being added may cause unpredictable results when applied to all ensuing URLs. It is added anyway  	[MsgId: MWAR-26593]
Action.c(193): web_add_auto_header("content-type") highest severity level was "warning"  	[MsgId: MMSG-26391]
Action.c(194): web_custom_request("web_custom_request") was successful, 731 body bytes, 259 header bytes  	[MsgId: MMSG-26386]
Action.c(204): Notify: Transaction "Film_PrintStatus_CheckService" ended with "Pass" status (Duration: 0.0118 Wasted Time: 0.0000).	[MsgId: MMSG-16871]
Action.c(206): PrintStatus in DataBase-------,1	[MsgId: MMSG-17999]
Action.c(208): PrintStatus Check result-------,-3	[MsgId: MMSG-17999]
Action.c(184): lr_think_time: 10.00 seconds.	[MsgId: MMSG-15948]
Action.c(109): Registering web_reg_save_param was successful  	[MsgId: MMSG-26390]
Action.c(115): Notify: Transaction "Film Create_PrintTask" started.	[MsgId: MMSG-16999]
Action.c(109): Registering web_reg_save_param was successful  	[MsgId: MMSG-26390]
Action.c(117): Warning -26593: The header being added may cause unpredictable results when applied to all ensuing URLs. It is added anyway  	[MsgId: MWAR-26593]
Action.c(115): Notify: Transaction "Film Create_PrintTask" started.	[MsgId: MMSG-16999]
Action.c(117): Warning -26593: The header being added may cause unpredictable results when applied to all ensuing URLs. It is added anyway  	[MsgId: MWAR-26593]
Action.c(117): web_add_auto_header("content-type") highest severity level was "warning"  	[MsgId: MMSG-26391]
Action.c(117): web_add_auto_header("content-type") highest severity level was "warning"  	[MsgId: MMSG-26391]
Action.c(119): web_custom_request("web_custom_request") was successful, 731 body bytes, 259 header bytes  	[MsgId: MMSG-26386]
Action.c(130): Notify: Transaction "Film Create_PrintTask" ended with "Pass" status (Duration: 0.7368 Wasted Time: 0.0000).	[MsgId: MMSG-16871]
Action.c(159): Notify: Transaction "Film PrintTask" started.	[MsgId: MMSG-16999]
Action.c(161): Warning -26593: The header being added may cause unpredictable results when applied to all ensuing URLs. It is added anyway  	[MsgId: MWAR-26593]
Action.c(161): web_add_auto_header("content-type") highest severity level was "warning"  	[MsgId: MMSG-26391]
Action.c(163): web_custom_request("web_custom_request") was successful, 728 body bytes, 259 header bytes  	[MsgId: MMSG-26386]
Action.c(174): Notify: Transaction "Film PrintTask" ended with "Pass" status (Duration: 0.0251).	[MsgId: MMSG-16873]
Action.c(176): lr_think_time: 5.00 seconds.	[MsgId: MMSG-15948]
Action.c(186): Registering web_reg_save_param was successful  	[MsgId: MMSG-26390]
Action.c(191): Notify: Transaction "Film_PrintStatus_CheckService" started.	[MsgId: MMSG-16999]
Action.c(193): Warning -26593: The header being added may cause unpredictable results when applied to all ensuing URLs. It is added anyway  	[MsgId: MWAR-26593]
Action.c(193): web_add_auto_header("content-type") highest severity level was "warning"  	[MsgId: MMSG-26391]
Action.c(194): web_custom_request("web_custom_request") was successful, 735 body bytes, 259 header bytes  	[MsgId: MMSG-26386]
Action.c(204): Notify: Transaction "Film_PrintStatus_CheckService" ended with "Pass" status (Duration: 0.0256 Wasted Time: 0.0000).	[MsgId: MMSG-16871]
Action.c(206): PrintStatus in DataBase-------,0	[MsgId: MMSG-17999]
Action.c(208): PrintStatus Check result-------,-4	[MsgId: MMSG-17999]
Action.c(184): lr_think_time: 10.00 seconds.	[MsgId: MMSG-15948]
Action.c(119): web_custom_request("web_custom_request") was successful, 731 body bytes, 259 header bytes  	[MsgId: MMSG-26386]
Action.c(130): Notify: Transaction "Film Create_PrintTask" ended with "Pass" status (Duration: 0.8713 Wasted Time: 0.0000).	[MsgId: MMSG-16871]
Action.c(159): Notify: Transaction "Film PrintTask" started.	[MsgId: MMSG-16999]
Action.c(161): Warning -26593: The header being added may cause unpredictable results when applied to all ensuing URLs. It is added anyway  	[MsgId: MWAR-26593]
Action.c(161): web_add_auto_header("content-type") highest severity level was "warning"  	[MsgId: MMSG-26391]
Action.c(186): Registering web_reg_save_param was successful  	[MsgId: MMSG-26390]
Action.c(191): Notify: Transaction "Film_PrintStatus_CheckService" started.	[MsgId: MMSG-16999]
Action.c(193): Warning -26593: The header being added may cause unpredictable results when applied to all ensuing URLs. It is added anyway  	[MsgId: MWAR-26593]
Action.c(193): web_add_auto_header("content-type") highest severity level was "warning"  	[MsgId: MMSG-26391]
Action.c(163): web_custom_request("web_custom_request") was successful, 728 body bytes, 259 header bytes  	[MsgId: MMSG-26386]
Action.c(194): web_custom_request("web_custom_request") was successful, 737 body bytes, 259 header bytes  	[MsgId: MMSG-26386]
Action.c(174): Notify: Transaction "Film PrintTask" ended with "Pass" status (Duration: 0.0741).	[MsgId: MMSG-16873]
Action.c(204): Notify: Transaction "Film_PrintStatus_CheckService" ended with "Pass" status (Duration: 0.0250 Wasted Time: 0.0000).	[MsgId: MMSG-16871]
Action.c(176): lr_think_time: 5.00 seconds.	[MsgId: MMSG-15948]
Action.c(206): PrintStatus in DataBase-------,0	[MsgId: MMSG-17999]
Action.c(208): PrintStatus Check result-------,-4	[MsgId: MMSG-17999]
Action.c(184): lr_think_time: 10.00 seconds.	[MsgId: MMSG-15948]
Action.c(184): lr_think_time: 10.00 seconds.	[MsgId: MMSG-15948]
Action.c(186): Registering web_reg_save_param was successful  	[MsgId: MMSG-26390]
Action.c(191): Notify: Transaction "Film_PrintStatus_CheckService" started.	[MsgId: MMSG-16999]
Action.c(193): Warning -26593: The header being added may cause unpredictable results when applied to all ensuing URLs. It is added anyway  	[MsgId: MWAR-26593]
Action.c(193): web_add_auto_header("content-type") highest severity level was "warning"  	[MsgId: MMSG-26391]
Action.c(186): Registering web_reg_save_param was successful  	[MsgId: MMSG-26390]
Action.c(191): Notify: Transaction "Film_PrintStatus_CheckService" started.	[MsgId: MMSG-16999]
Action.c(193): Warning -26593: The header being added may cause unpredictable results when applied to all ensuing URLs. It is added anyway  	[MsgId: MWAR-26593]
Action.c(193): web_add_auto_header("content-type") highest severity level was "warning"  	[MsgId: MMSG-26391]
Action.c(194): web_custom_request("web_custom_request") was successful, 727 body bytes, 259 header bytes  	[MsgId: MMSG-26386]
Action.c(204): Notify: Transaction "Film_PrintStatus_CheckService" ended with "Pass" status (Duration: 0.0187 Wasted Time: 0.0000).	[MsgId: MMSG-16871]
Action.c(206): PrintStatus in DataBase-------,4	[MsgId: MMSG-17999]
Action.c(208): PrintStatus Check result-------,0	[MsgId: MMSG-17999]
Action.c(212): PrintStatus-------,3	[MsgId: MMSG-17999]
Action.c(216): Notify: Transaction "Film PrintTask_Result_Correct" started.	[MsgId: MMSG-16999]
Action.c(217): lr_think_time: 1.00 seconds.	[MsgId: MMSG-15948]
Action.c(194): web_custom_request("web_custom_request") was successful, 727 body bytes, 259 header bytes  	[MsgId: MMSG-26386]
Action.c(204): Notify: Transaction "Film_PrintStatus_CheckService" ended with "Pass" status (Duration: 0.0196 Wasted Time: 0.0000).	[MsgId: MMSG-16871]
Action.c(206): PrintStatus in DataBase-------,4	[MsgId: MMSG-17999]
Action.c(208): PrintStatus Check result-------,0	[MsgId: MMSG-17999]
Action.c(212): PrintStatus-------,3	[MsgId: MMSG-17999]
Action.c(216): Notify: Transaction "Film PrintTask_Result_Correct" started.	[MsgId: MMSG-16999]
Action.c(217): lr_think_time: 1.00 seconds.	[MsgId: MMSG-15948]
Action.c(184): lr_think_time: 10.00 seconds.	[MsgId: MMSG-15948]
Action.c(218): Notify: Transaction "Film PrintTask_Result_Correct" ended with "Pass" status (Duration: 1.0106 Think Time: 1.0105).	[MsgId: MMSG-16872]
Action.c(223): SQL Statement  execution "QueryReportStatus" started	[MsgId: MMSG-108760]
Action.c(218): Notify: Transaction "Film PrintTask_Result_Correct" ended with "Pass" status (Duration: 1.0099 Think Time: 1.0097).	[MsgId: MMSG-16872]
Action.c(223): SQL Statement  execution "QueryReportStatus" started	[MsgId: MMSG-108760]
Action.c(223): Warning :No dataset was created.	[MsgId: MMSG0]
Action.c(223): Warning :No dataset was created.	[MsgId: MMSG0]
Action.c(223): SQL Statement  execution was successful	[MsgId: MMSG-108759]
Action.c(223): SQL Statement  execution was successful	[MsgId: MMSG-108759]
Action.c(223): ================================================	[MsgId: MMSG0]
Action.c(223): ================================================	[MsgId: MMSG0]
Action.c(254): lr_think_time: 5.00 seconds.	[MsgId: MMSG-15948]
Action.c(254): lr_think_time: 5.00 seconds.	[MsgId: MMSG-15948]
Starting iteration 2.	[MsgId: MMSG-15968]
Starting action Action.	[MsgId: MMSG-15919]
Action.c(22): web_set_max_html_param_len was successful  	[MsgId: MMSG-26392]
Action.c(36): SQL Statement  execution "QueryReportStatus" started	[MsgId: MMSG-108760]
Action.c(36): SQL Statement  execution was successful	[MsgId: MMSG-108759]
Action.c(36): ================================================	[MsgId: MMSG0]
The result is 1	[MsgId: MMSG-17999]
Action.c(63): lr_think_time: 10.00 seconds.	[MsgId: MMSG-15948]
Starting iteration 2.	[MsgId: MMSG-15968]
Starting action Action.	[MsgId: MMSG-15919]
Action.c(22): web_set_max_html_param_len was successful  	[MsgId: MMSG-26392]
Action.c(36): SQL Statement  execution "QueryReportStatus" started	[MsgId: MMSG-108760]
Action.c(36): SQL Statement  execution was successful	[MsgId: MMSG-108759]
Action.c(36): ================================================	[MsgId: MMSG0]
The result is 1	[MsgId: MMSG-17999]
Action.c(63): lr_think_time: 10.00 seconds.	[MsgId: MMSG-15948]
Action.c(186): Registering web_reg_save_param was successful  	[MsgId: MMSG-26390]
Action.c(191): Notify: Transaction "Film_PrintStatus_CheckService" started.	[MsgId: MMSG-16999]
Action.c(193): Warning -26593: The header being added may cause unpredictable results when applied to all ensuing URLs. It is added anyway  	[MsgId: MWAR-26593]
Action.c(193): web_add_auto_header("content-type") highest severity level was "warning"  	[MsgId: MMSG-26391]
Action.c(194): web_custom_request("web_custom_request") was successful, 734 body bytes, 259 header bytes  	[MsgId: MMSG-26386]
Action.c(204): Notify: Transaction "Film_PrintStatus_CheckService" ended with "Pass" status (Duration: 0.0111 Wasted Time: 0.0000).	[MsgId: MMSG-16871]
Action.c(206): PrintStatus in DataBase-------,1	[MsgId: MMSG-17999]
Action.c(208): PrintStatus Check result-------,-3	[MsgId: MMSG-17999]
Action.c(184): lr_think_time: 10.00 seconds.	[MsgId: MMSG-15948]
Action.c(186): Registering web_reg_save_param was successful  	[MsgId: MMSG-26390]
Action.c(191): Notify: Transaction "Film_PrintStatus_CheckService" started.	[MsgId: MMSG-16999]
Action.c(193): Warning -26593: The header being added may cause unpredictable results when applied to all ensuing URLs. It is added anyway  	[MsgId: MWAR-26593]
Action.c(193): web_add_auto_header("content-type") highest severity level was "warning"  	[MsgId: MMSG-26391]
Action.c(194): web_custom_request("web_custom_request") was successful, 736 body bytes, 259 header bytes  	[MsgId: MMSG-26386]
Action.c(204): Notify: Transaction "Film_PrintStatus_CheckService" ended with "Pass" status (Duration: 0.0080 Wasted Time: 0.0000).	[MsgId: MMSG-16871]
Action.c(206): PrintStatus in DataBase-------,1	[MsgId: MMSG-17999]
Action.c(208): PrintStatus Check result-------,-3	[MsgId: MMSG-17999]
Action.c(184): lr_think_time: 10.00 seconds.	[MsgId: MMSG-15948]
Ending action Action.	[MsgId: MMSG-15918]
Ending action Action.	[MsgId: MMSG-15918]
Ending iteration 1.	[MsgId: MMSG-15965]
Ending iteration 1.	[MsgId: MMSG-15965]
Waiting 29.5680 seconds for iteration pacing.	[MsgId: MMSG-15996]
Waiting 25.2820 seconds for iteration pacing.	[MsgId: MMSG-15996]
Action.c(186): Registering web_reg_save_param was successful  	[MsgId: MMSG-26390]
Action.c(191): Notify: Transaction "Film_PrintStatus_CheckService" started.	[MsgId: MMSG-16999]
Action.c(193): Warning -26593: The header being added may cause unpredictable results when applied to all ensuing URLs. It is added anyway  	[MsgId: MWAR-26593]
Action.c(193): web_add_auto_header("content-type") highest severity level was "warning"  	[MsgId: MMSG-26391]
Action.c(194): web_custom_request("web_custom_request") was successful, 738 body bytes, 259 header bytes  	[MsgId: MMSG-26386]
Action.c(204): Notify: Transaction "Film_PrintStatus_CheckService" ended with "Pass" status (Duration: 0.0275 Wasted Time: 0.0000).	[MsgId: MMSG-16871]
Action.c(206): PrintStatus in DataBase-------,0	[MsgId: MMSG-17999]
Action.c(208): PrintStatus Check result-------,-4	[MsgId: MMSG-17999]
Action.c(184): lr_think_time: 10.00 seconds.	[MsgId: MMSG-15948]
Action.c(186): Registering web_reg_save_param was successful  	[MsgId: MMSG-26390]
Action.c(191): Notify: Transaction "Film_PrintStatus_CheckService" started.	[MsgId: MMSG-16999]
Action.c(193): Warning -26593: The header being added may cause unpredictable results when applied to all ensuing URLs. It is added anyway  	[MsgId: MWAR-26593]
Action.c(193): web_add_auto_header("content-type") highest severity level was "warning"  	[MsgId: MMSG-26391]
Action.c(194): web_custom_request("web_custom_request") was successful, 738 body bytes, 259 header bytes  	[MsgId: MMSG-26386]
Action.c(204): Notify: Transaction "Film_PrintStatus_CheckService" ended with "Pass" status (Duration: 0.0087 Wasted Time: 0.0000).	[MsgId: MMSG-16871]
Action.c(206): PrintStatus in DataBase-------,0	[MsgId: MMSG-17999]
Action.c(208): PrintStatus Check result-------,-4	[MsgId: MMSG-17999]
Action.c(184): lr_think_time: 10.00 seconds.	[MsgId: MMSG-15948]
Action.c(68): SQL Statement  execution "QueryReportStatus" started	[MsgId: MMSG-108760]
Action.c(68): SQL Statement  execution was successful	[MsgId: MMSG-108759]
Action.c(68): ================================================	[MsgId: MMSG0]
Action.c(83): Notify: Transaction "Film TerminalStatus" started.	[MsgId: MMSG-16999]
Action.c(85): Warning -26593: The header being added may cause unpredictable results when applied to all ensuing URLs. It is added anyway  	[MsgId: MWAR-26593]
Action.c(85): web_add_auto_header("content-type") highest severity level was "warning"  	[MsgId: MMSG-26391]
Action.c(86): web_custom_request("web_custom_request") was successful, 600 body bytes, 259 header bytes  	[MsgId: MMSG-26386]
Action.c(96): Notify: Transaction "Film TerminalStatus" ended with "Pass" status (Duration: 0.0664).	[MsgId: MMSG-16873]
Action.c(99): lr_think_time: 5.00 seconds.	[MsgId: MMSG-15948]
Action.c(68): SQL Statement  execution "QueryReportStatus" started	[MsgId: MMSG-108760]
Action.c(68): SQL Statement  execution was successful	[MsgId: MMSG-108759]
Action.c(68): ================================================	[MsgId: MMSG0]
Action.c(83): Notify: Transaction "Film TerminalStatus" started.	[MsgId: MMSG-16999]
Action.c(85): Warning -26593: The header being added may cause unpredictable results when applied to all ensuing URLs. It is added anyway  	[MsgId: MWAR-26593]
Action.c(85): web_add_auto_header("content-type") highest severity level was "warning"  	[MsgId: MMSG-26391]
Action.c(86): web_custom_request("web_custom_request") was successful, 599 body bytes, 259 header bytes  	[MsgId: MMSG-26386]
Action.c(96): Notify: Transaction "Film TerminalStatus" ended with "Pass" status (Duration: 0.0134).	[MsgId: MMSG-16873]
Action.c(99): lr_think_time: 5.00 seconds.	[MsgId: MMSG-15948]
Action.c(186): Registering web_reg_save_param was successful  	[MsgId: MMSG-26390]
Action.c(191): Notify: Transaction "Film_PrintStatus_CheckService" started.	[MsgId: MMSG-16999]
Action.c(193): Warning -26593: The header being added may cause unpredictable results when applied to all ensuing URLs. It is added anyway  	[MsgId: MWAR-26593]
Action.c(193): web_add_auto_header("content-type") highest severity level was "warning"  	[MsgId: MMSG-26391]
Action.c(194): web_custom_request("web_custom_request") was successful, 730 body bytes, 259 header bytes  	[MsgId: MMSG-26386]
Action.c(204): Notify: Transaction "Film_PrintStatus_CheckService" ended with "Pass" status (Duration: 0.0098 Wasted Time: 0.0000).	[MsgId: MMSG-16871]
Action.c(206): PrintStatus in DataBase-------,4	[MsgId: MMSG-17999]
Action.c(208): PrintStatus Check result-------,0	[MsgId: MMSG-17999]
Action.c(212): PrintStatus-------,3	[MsgId: MMSG-17999]
Action.c(216): Notify: Transaction "Film PrintTask_Result_Correct" started.	[MsgId: MMSG-16999]
Action.c(217): lr_think_time: 1.00 seconds.	[MsgId: MMSG-15948]
Action.c(186): Registering web_reg_save_param was successful  	[MsgId: MMSG-26390]
Action.c(191): Notify: Transaction "Film_PrintStatus_CheckService" started.	[MsgId: MMSG-16999]
Action.c(193): Warning -26593: The header being added may cause unpredictable results when applied to all ensuing URLs. It is added anyway  	[MsgId: MWAR-26593]
Action.c(193): web_add_auto_header("content-type") highest severity level was "warning"  	[MsgId: MMSG-26391]
Action.c(194): web_custom_request("web_custom_request") was successful, 732 body bytes, 259 header bytes  	[MsgId: MMSG-26386]
Action.c(204): Notify: Transaction "Film_PrintStatus_CheckService" ended with "Pass" status (Duration: 0.0154 Wasted Time: 0.0000).	[MsgId: MMSG-16871]
Action.c(206): PrintStatus in DataBase-------,4	[MsgId: MMSG-17999]
Action.c(208): PrintStatus Check result-------,0	[MsgId: MMSG-17999]
Action.c(212): PrintStatus-------,3	[MsgId: MMSG-17999]
Action.c(216): Notify: Transaction "Film PrintTask_Result_Correct" started.	[MsgId: MMSG-16999]
Action.c(217): lr_think_time: 1.00 seconds.	[MsgId: MMSG-15948]
Action.c(218): Notify: Transaction "Film PrintTask_Result_Correct" ended with "Pass" status (Duration: 1.0038 Think Time: 1.0037).	[MsgId: MMSG-16872]
Action.c(223): SQL Statement  execution "QueryReportStatus" started	[MsgId: MMSG-108760]
Action.c(223): Warning :No dataset was created.	[MsgId: MMSG0]
Action.c(223): SQL Statement  execution was successful	[MsgId: MMSG-108759]
Action.c(223): ================================================	[MsgId: MMSG0]
Action.c(254): lr_think_time: 5.00 seconds.	[MsgId: MMSG-15948]
Action.c(218): Notify: Transaction "Film PrintTask_Result_Correct" ended with "Pass" status (Duration: 1.0139 Think Time: 1.0139).	[MsgId: MMSG-16872]
Action.c(223): SQL Statement  execution "QueryReportStatus" started	[MsgId: MMSG-108760]
Action.c(223): Warning :No dataset was created.	[MsgId: MMSG0]
Action.c(223): SQL Statement  execution was successful	[MsgId: MMSG-108759]
Action.c(223): ================================================	[MsgId: MMSG0]
Action.c(254): lr_think_time: 5.00 seconds.	[MsgId: MMSG-15948]
Action.c(106): lr_think_time: 5.00 seconds.	[MsgId: MMSG-15948]
Action.c(106): lr_think_time: 5.00 seconds.	[MsgId: MMSG-15948]
Action.c(186): Registering web_reg_save_param was successful  	[MsgId: MMSG-26390]
Action.c(191): Notify: Transaction "Film_PrintStatus_CheckService" started.	[MsgId: MMSG-16999]
Action.c(193): Warning -26593: The header being added may cause unpredictable results when applied to all ensuing URLs. It is added anyway  	[MsgId: MWAR-26593]
Action.c(193): web_add_auto_header("content-type") highest severity level was "warning"  	[MsgId: MMSG-26391]
Action.c(194): web_custom_request("web_custom_request") was successful, 738 body bytes, 259 header bytes  	[MsgId: MMSG-26386]
Action.c(204): Notify: Transaction "Film_PrintStatus_CheckService" ended with "Pass" status (Duration: 0.0123 Wasted Time: 0.0000).	[MsgId: MMSG-16871]
Action.c(206): PrintStatus in DataBase-------,0	[MsgId: MMSG-17999]
Action.c(208): PrintStatus Check result-------,-4	[MsgId: MMSG-17999]
Action.c(184): lr_think_time: 10.00 seconds.	[MsgId: MMSG-15948]
Action.c(186): Registering web_reg_save_param was successful  	[MsgId: MMSG-26390]
Action.c(191): Notify: Transaction "Film_PrintStatus_CheckService" started.	[MsgId: MMSG-16999]
Action.c(193): Warning -26593: The header being added may cause unpredictable results when applied to all ensuing URLs. It is added anyway  	[MsgId: MWAR-26593]
Action.c(193): web_add_auto_header("content-type") highest severity level was "warning"  	[MsgId: MMSG-26391]
Action.c(194): web_custom_request("web_custom_request") was successful, 738 body bytes, 259 header bytes  	[MsgId: MMSG-26386]
Action.c(204): Notify: Transaction "Film_PrintStatus_CheckService" ended with "Pass" status (Duration: 0.0074 Wasted Time: 0.0000).	[MsgId: MMSG-16871]
Action.c(206): PrintStatus in DataBase-------,0	[MsgId: MMSG-17999]
Action.c(208): PrintStatus Check result-------,-4	[MsgId: MMSG-17999]
Action.c(184): lr_think_time: 10.00 seconds.	[MsgId: MMSG-15948]
Ending action Action.	[MsgId: MMSG-15918]
Ending iteration 1.	[MsgId: MMSG-15965]
Waiting 23.2630 seconds for iteration pacing.	[MsgId: MMSG-15996]
Ending action Action.	[MsgId: MMSG-15918]
Ending iteration 1.	[MsgId: MMSG-15965]
Waiting 14.9990 seconds for iteration pacing.	[MsgId: MMSG-15996]
Action.c(109): Registering web_reg_save_param was successful  	[MsgId: MMSG-26390]
Action.c(115): Notify: Transaction "Film Create_PrintTask" started.	[MsgId: MMSG-16999]
Action.c(117): Warning -26593: The header being added may cause unpredictable results when applied to all ensuing URLs. It is added anyway  	[MsgId: MWAR-26593]
Action.c(117): web_add_auto_header("content-type") highest severity level was "warning"  	[MsgId: MMSG-26391]
Action.c(119): web_custom_request("web_custom_request") was successful, 726 body bytes, 259 header bytes  	[MsgId: MMSG-26386]
Action.c(130): Notify: Transaction "Film Create_PrintTask" ended with "Pass" status (Duration: 0.8793 Wasted Time: 0.0000).	[MsgId: MMSG-16871]
Action.c(159): Notify: Transaction "Film PrintTask" started.	[MsgId: MMSG-16999]
Action.c(161): Warning -26593: The header being added may cause unpredictable results when applied to all ensuing URLs. It is added anyway  	[MsgId: MWAR-26593]
Action.c(161): web_add_auto_header("content-type") highest severity level was "warning"  	[MsgId: MMSG-26391]
Action.c(163): web_custom_request("web_custom_request") was successful, 723 body bytes, 259 header bytes  	[MsgId: MMSG-26386]
Action.c(174): Notify: Transaction "Film PrintTask" ended with "Pass" status (Duration: 0.0331).	[MsgId: MMSG-16873]
Action.c(176): lr_think_time: 5.00 seconds.	[MsgId: MMSG-15948]
Action.c(109): Registering web_reg_save_param was successful  	[MsgId: MMSG-26390]
Action.c(115): Notify: Transaction "Film Create_PrintTask" started.	[MsgId: MMSG-16999]
Action.c(117): Warning -26593: The header being added may cause unpredictable results when applied to all ensuing URLs. It is added anyway  	[MsgId: MWAR-26593]
Action.c(117): web_add_auto_header("content-type") highest severity level was "warning"  	[MsgId: MMSG-26391]
Action.c(119): web_custom_request("web_custom_request") was successful, 725 body bytes, 259 header bytes  	[MsgId: MMSG-26386]
Action.c(130): Notify: Transaction "Film Create_PrintTask" ended with "Pass" status (Duration: 0.9723 Wasted Time: 0.0000).	[MsgId: MMSG-16871]
Action.c(159): Notify: Transaction "Film PrintTask" started.	[MsgId: MMSG-16999]
Action.c(161): Warning -26593: The header being added may cause unpredictable results when applied to all ensuing URLs. It is added anyway  	[MsgId: MWAR-26593]
Action.c(161): web_add_auto_header("content-type") highest severity level was "warning"  	[MsgId: MMSG-26391]
Action.c(163): web_custom_request("web_custom_request") was successful, 722 body bytes, 259 header bytes  	[MsgId: MMSG-26386]
Action.c(174): Notify: Transaction "Film PrintTask" ended with "Pass" status (Duration: 0.0844).	[MsgId: MMSG-16873]
Action.c(176): lr_think_time: 5.00 seconds.	[MsgId: MMSG-15948]
Action.c(184): lr_think_time: 10.00 seconds.	[MsgId: MMSG-15948]
Action.c(186): Registering web_reg_save_param was successful  	[MsgId: MMSG-26390]
Action.c(191): Notify: Transaction "Film_PrintStatus_CheckService" started.	[MsgId: MMSG-16999]
Action.c(193): Warning -26593: The header being added may cause unpredictable results when applied to all ensuing URLs. It is added anyway  	[MsgId: MWAR-26593]
Action.c(193): web_add_auto_header("content-type") highest severity level was "warning"  	[MsgId: MMSG-26391]
Action.c(194): web_custom_request("web_custom_request") was successful, 737 body bytes, 259 header bytes  	[MsgId: MMSG-26386]
Action.c(204): Notify: Transaction "Film_PrintStatus_CheckService" ended with "Pass" status (Duration: 0.0122 Wasted Time: 0.0000).	[MsgId: MMSG-16871]
Action.c(206): PrintStatus in DataBase-------,1	[MsgId: MMSG-17999]
Action.c(208): PrintStatus Check result-------,-3	[MsgId: MMSG-17999]
Action.c(184): lr_think_time: 10.00 seconds.	[MsgId: MMSG-15948]
Action.c(186): Registering web_reg_save_param was successful  	[MsgId: MMSG-26390]
Action.c(191): Notify: Transaction "Film_PrintStatus_CheckService" started.	[MsgId: MMSG-16999]
Action.c(193): Warning -26593: The header being added may cause unpredictable results when applied to all ensuing URLs. It is added anyway  	[MsgId: MWAR-26593]
Action.c(193): web_add_auto_header("content-type") highest severity level was "warning"  	[MsgId: MMSG-26391]
Action.c(194): web_custom_request("web_custom_request") was successful, 737 body bytes, 259 header bytes  	[MsgId: MMSG-26386]
Action.c(204): Notify: Transaction "Film_PrintStatus_CheckService" ended with "Pass" status (Duration: 0.0082 Wasted Time: 0.0000).	[MsgId: MMSG-16871]
Action.c(206): PrintStatus in DataBase-------,1	[MsgId: MMSG-17999]
Action.c(208): PrintStatus Check result-------,-3	[MsgId: MMSG-17999]
Action.c(184): lr_think_time: 10.00 seconds.	[MsgId: MMSG-15948]
Action.c(184): lr_think_time: 10.00 seconds.	[MsgId: MMSG-15948]
Starting iteration 2.	[MsgId: MMSG-15968]
Starting action Action.	[MsgId: MMSG-15919]
Action.c(22): web_set_max_html_param_len was successful  	[MsgId: MMSG-26392]
Action.c(36): SQL Statement  execution "QueryReportStatus" started	[MsgId: MMSG-108760]
Action.c(36): SQL Statement  execution was successful	[MsgId: MMSG-108759]
Action.c(36): ================================================	[MsgId: MMSG0]
The result is 1	[MsgId: MMSG-17999]
Action.c(63): lr_think_time: 10.00 seconds.	[MsgId: MMSG-15948]
Ending Vuser...	[MsgId: MMSG-15966]
Ending Vuser...	[MsgId: MMSG-15966]
Abort was called from an action.	[MsgId: MMSG-10447]
Starting action vuser_end.	[MsgId: MMSG-15919]
Starting action vuser_end.	[MsgId: MMSG-15919]
Ending Vuser...	[MsgId: MMSG-15966]
vuser_end.c(3): DB disconnect "Disconnect" started	[MsgId: MMSG-108767]
Starting action vuser_end.	[MsgId: MMSG-15919]
vuser_end.c(3): DB disconnect "Disconnect" started	[MsgId: MMSG-108767]
vuser_end.c(3): DB disconnect "Disconnect" started	[MsgId: MMSG-108767]
Ending Vuser...	[MsgId: MMSG-15966]
Starting action vuser_end.	[MsgId: MMSG-15919]
vuser_end.c(3): DB disconnect "Disconnect" started	[MsgId: MMSG-108767]
vuser_end.c(3): DB disconnect was successful	[MsgId: MMSG-108766]
vuser_end.c(3): DB disconnect was successful	[MsgId: MMSG-108766]
vuser_end.c(3): ================================================	[MsgId: MMSG0]
vuser_end.c(3): DB disconnect was successful	[MsgId: MMSG-108766]
vuser_end.c(3): ================================================	[MsgId: MMSG0]
Ending action vuser_end.	[MsgId: MMSG-15918]
vuser_end.c(3): ================================================	[MsgId: MMSG0]
Abort was called from an action.	[MsgId: MMSG-10447]
Vuser Terminated.	[MsgId: MMSG-15963]
Ending action vuser_end.	[MsgId: MMSG-15918]
Ending action vuser_end.	[MsgId: MMSG-15918]
Vuser Terminated.	[MsgId: MMSG-15963]
Vuser Terminated.	[MsgId: MMSG-15963]
Ending Vuser...	[MsgId: MMSG-15966]
Starting action vuser_end.	[MsgId: MMSG-15919]
vuser_end.c(3): DB disconnect "Disconnect" started	[MsgId: MMSG-108767]
vuser_end.c(3): DB disconnect was successful	[MsgId: MMSG-108766]
Abort was called from an action.	[MsgId: MMSG-10447]
vuser_end.c(3): ================================================	[MsgId: MMSG0]
Ending Vuser...	[MsgId: MMSG-15966]
Ending action vuser_end.	[MsgId: MMSG-15918]
Starting action vuser_end.	[MsgId: MMSG-15919]
Vuser Terminated.	[MsgId: MMSG-15963]
vuser_end.c(3): DB disconnect "Disconnect" started	[MsgId: MMSG-108767]
vuser_end.c(3): DB disconnect was successful	[MsgId: MMSG-108766]
vuser_end.c(3): ================================================	[MsgId: MMSG0]
Ending action vuser_end.	[MsgId: MMSG-15918]
Vuser Terminated.	[MsgId: MMSG-15963]
vuser_end.c(3): DB disconnect was successful	[MsgId: MMSG-108766]
vuser_end.c(3): ================================================	[MsgId: MMSG0]
Ending action vuser_end.	[MsgId: MMSG-15918]
Vuser Terminated.	[MsgId: MMSG-15963]
Abort was called from an action.	[MsgId: MMSG-10447]
Ending Vuser...	[MsgId: MMSG-15966]
Starting action vuser_end.	[MsgId: MMSG-15919]
vuser_end.c(3): DB disconnect "Disconnect" started	[MsgId: MMSG-108767]
vuser_end.c(3): DB disconnect was successful	[MsgId: MMSG-108766]
vuser_end.c(3): ================================================	[MsgId: MMSG0]
Ending action vuser_end.	[MsgId: MMSG-15918]
Vuser Terminated.	[MsgId: MMSG-15963]
Abort was called from an action.	[MsgId: MMSG-10447]
Ending Vuser...	[MsgId: MMSG-15966]
Starting action vuser_end.	[MsgId: MMSG-15919]
vuser_end.c(3): DB disconnect "Disconnect" started	[MsgId: MMSG-108767]
vuser_end.c(3): DB disconnect was successful	[MsgId: MMSG-108766]
vuser_end.c(3): ================================================	[MsgId: MMSG0]
Ending action vuser_end.	[MsgId: MMSG-15918]
Vuser Terminated.	[MsgId: MMSG-15963]
