Start auto log messages stack - Iteration 5.	[MsgId: MMSG-10545]
Action.c(203): Notify: Transaction "Film_PrintStatus_CheckService" ended with "Pass" status (Duration: 0.0503 Wasted Time: 0.0000).	[MsgId: MMSG-16871]
Action.c(205): Notify: Parameter Substitution: parameter "TaskStatus" =  "4"	[MsgId: MMSG-13992]
Action.c(205): PrintStatus in DataBase-------,4	[MsgId: MMSG-17999]
Action.c(206): Notify: Parameter Substitution: parameter "TaskStatus" =  "4"	[MsgId: MMSG-13992]
Action.c(207): PrintStatus Check result-------,0	[MsgId: MMSG-17999]
Action.c(212): PrintStatus-------,3	[MsgId: MMSG-17999]
Action.c(217): Notify: Transaction "Film PrintTask_Result_Correct" started.	[MsgId: MMSG-16999]
Action.c(218): lr_think_time: 1.00 seconds.	[MsgId: MMSG-15948]
Action.c(219): Notify: Transaction "Film PrintTask_Result_Correct" ended with "Pass" status (Duration: 1.0100 Think Time: 1.0099).	[MsgId: MMSG-16872]
Action.c(221): lr_think_time: 5.00 seconds.	[MsgId: MMSG-15948]
Action.c(225): Notify: Parameter Substitution: parameter "ACCNum" =  "A20180912102255550"	[MsgId: MMSG-13992]
Action.c(225): Notify: Saving Parameter "SQLECSQuery1 = update wggc.dbo.AFP_FilmInfo  set FilmFlag=0  where AccessionNumber ='A20180912102255550'  and DeleteStatus =0  ".	[MsgId: MMSG-13798]
Action.c(227): Notify: Parameter Substitution: parameter "SQLECSQuery1" =  "update wggc.dbo.AFP_FilmInfo  set FilmFlag=0  where AccessionNumber ='A20180912102255550'  and DeleteStatus =0  "	[MsgId: MMSG-13992]
Action.c(227): Error: SQL Statement failed {"事务(进程 ID 169)与另一个进程被死锁在 锁 资源上，并且已被选作死锁牺牲品。请重新运行该事务。"}	[MsgId: MERR-108756]
Action.c(227): Error: SQL Statement failed {"UpdateFilmToUnPrinted"}	[MsgId: MERR-108756]
Start auto log messages stack - Iteration 5.	[MsgId: MMSG-10545]
Action.c(203): Notify: Transaction "Film_PrintStatus_CheckService" ended with "Pass" status (Duration: 0.0276 Wasted Time: 0.0000).	[MsgId: MMSG-16871]
Action.c(205): Notify: Parameter Substitution: parameter "TaskStatus" =  "4"	[MsgId: MMSG-13992]
Action.c(205): PrintStatus in DataBase-------,4	[MsgId: MMSG-17999]
Action.c(206): Notify: Parameter Substitution: parameter "TaskStatus" =  "4"	[MsgId: MMSG-13992]
Action.c(207): PrintStatus Check result-------,0	[MsgId: MMSG-17999]
Action.c(212): PrintStatus-------,3	[MsgId: MMSG-17999]
Action.c(217): Notify: Transaction "Film PrintTask_Result_Correct" started.	[MsgId: MMSG-16999]
Action.c(218): lr_think_time: 1.00 seconds.	[MsgId: MMSG-15948]
Action.c(219): Notify: Transaction "Film PrintTask_Result_Correct" ended with "Pass" status (Duration: 1.0014 Think Time: 1.0013).	[MsgId: MMSG-16872]
Action.c(221): lr_think_time: 5.00 seconds.	[MsgId: MMSG-15948]
Action.c(225): Notify: Parameter Substitution: parameter "ACCNum" =  "A20180912102034398"	[MsgId: MMSG-13992]
Action.c(225): Notify: Saving Parameter "SQLECSQuery1 = update wggc.dbo.AFP_FilmInfo  set FilmFlag=0  where AccessionNumber ='A20180912102034398'  and DeleteStatus =0  ".	[MsgId: MMSG-13798]
Action.c(227): Notify: Parameter Substitution: parameter "SQLECSQuery1" =  "update wggc.dbo.AFP_FilmInfo  set FilmFlag=0  where AccessionNumber ='A20180912102034398'  and DeleteStatus =0  "	[MsgId: MMSG-13992]
Action.c(227): Error: SQL Statement failed {"事务(进程 ID 171)与另一个进程被死锁在 锁 资源上，并且已被选作死锁牺牲品。请重新运行该事务。"}	[MsgId: MERR-108756]
Action.c(227): Error: SQL Statement failed {"UpdateFilmToUnPrinted"}	[MsgId: MERR-108756]
Start auto log messages stack - Iteration 4.	[MsgId: MMSG-10545]
Action.c(203): Notify: Transaction "Film_PrintStatus_CheckService" ended with "Pass" status (Duration: 0.0165 Wasted Time: 0.0000).	[MsgId: MMSG-16871]
Action.c(205): Notify: Parameter Substitution: parameter "TaskStatus" =  "4"	[MsgId: MMSG-13992]
Action.c(205): PrintStatus in DataBase-------,4	[MsgId: MMSG-17999]
Action.c(206): Notify: Parameter Substitution: parameter "TaskStatus" =  "4"	[MsgId: MMSG-13992]
Action.c(207): PrintStatus Check result-------,0	[MsgId: MMSG-17999]
Action.c(212): PrintStatus-------,4	[MsgId: MMSG-17999]
Action.c(217): Notify: Transaction "Film PrintTask_Result_Correct" started.	[MsgId: MMSG-16999]
Action.c(218): lr_think_time: 1.00 seconds.	[MsgId: MMSG-15948]
Action.c(219): Notify: Transaction "Film PrintTask_Result_Correct" ended with "Pass" status (Duration: 1.0126 Think Time: 1.0125).	[MsgId: MMSG-16872]
Action.c(221): lr_think_time: 5.00 seconds.	[MsgId: MMSG-15948]
Action.c(225): Notify: Parameter Substitution: parameter "ACCNum" =  "A20180912101824836"	[MsgId: MMSG-13992]
Action.c(225): Notify: Saving Parameter "SQLECSQuery1 = update wggc.dbo.AFP_FilmInfo  set FilmFlag=0  where AccessionNumber ='A20180912101824836'  and DeleteStatus =0  ".	[MsgId: MMSG-13798]
Action.c(227): Notify: Parameter Substitution: parameter "SQLECSQuery1" =  "update wggc.dbo.AFP_FilmInfo  set FilmFlag=0  where AccessionNumber ='A20180912101824836'  and DeleteStatus =0  "	[MsgId: MMSG-13992]
Action.c(227): Error: SQL Statement failed {"事务(进程 ID 172)与另一个进程被死锁在 锁 资源上，并且已被选作死锁牺牲品。请重新运行该事务。"}	[MsgId: MERR-108756]
Action.c(227): Error: SQL Statement failed {"UpdateFilmToUnPrinted"}	[MsgId: MERR-108756]
