Start auto log messages stack - Iteration 5.	[MsgId: MMSG-10545]
Action.c(193):     \r\n
Action.c(193): t=410057ms: 326-byte response body for "http://10.184.129.108/EHDPS/printtask/status/5071507?tid=K2_1" (RelFrameId=1, Internal ID=29)
Action.c(193):     <!DOCTYPE HTML PUBLIC "-//W3C//DTD HTML 4.01//EN""http://www.w3.org/TR/html4/strict.dtd">\r
Action.c(193):     \n
Action.c(193):     <HTML><HEAD><TITLE>Service Unavailable</TITLE>\r\n
Action.c(193):     <META HTTP-EQUIV="Content-Type" Content="text/html; charset=us-ascii"></HEAD>\r\n
Action.c(193):     <BODY><h2>Service Unavailable</h2>\r\n
Action.c(193):     <hr><p>HTTP Error 503. The service is unavailable.</p>\r\n
Action.c(193):     </BODY></HTML>\r\n
Action.c(193): Continuing after Error -26609: HTTP Status-Code=503 (Service Unavailable) for "http://10.184.129.108/EHDPS/printtask/status/5071507?tid=K2_1"  	[MsgId: MERR-26609]
Action.c(193): Continuing after Error -26377: No match found for the requested parameter "TaskStatus". Check whether the requested boundaries exist in the response data. Also, if the data you want to save exceeds 10240 bytes, use web_set_max_html_param_len to increase the parameter size  	[MsgId: MERR-26377]
End auto log messages stack.	[MsgId: MMSG-10544]


Start auto log messages stack - Iteration 3.	[MsgId: MMSG-10545]
Action.c(193):     \r\n
Action.c(193): t=410400ms: 326-byte response body for "http://10.184.129.108/EHDPS/printtask/status/5071501?tid=K2_8" (RelFrameId=1, Internal ID=20)
Action.c(193):     <!DOCTYPE HTML PUBLIC "-//W3C//DTD HTML 4.01//EN""http://www.w3.org/TR/html4/strict.dtd">\r
Action.c(193):     \n
Action.c(193):     <HTML><HEAD><TITLE>Service Unavailable</TITLE>\r\n
Action.c(193):     <META HTTP-EQUIV="Content-Type" Content="text/html; charset=us-ascii"></HEAD>\r\n
Action.c(193):     <BODY><h2>Service Unavailable</h2>\r\n
Action.c(193):     <hr><p>HTTP Error 503. The service is unavailable.</p>\r\n
Action.c(193):     </BODY></HTML>\r\n
Action.c(193): Continuing after Error -26609: HTTP Status-Code=503 (Service Unavailable) for "http://10.184.129.108/EHDPS/printtask/status/5071501?tid=K2_8"  	[MsgId: MERR-26609]
Action.c(193): Continuing after Error -26377: No match found for the requested parameter "TaskStatus". Check whether the requested boundaries exist in the response data. Also, if the data you want to save exceeds 10240 bytes, use web_set_max_html_param_len to increase the parameter size  	[MsgId: MERR-26377]
End auto log messages stack.	[MsgId: MMSG-10544]


Start auto log messages stack - Iteration 5.	[MsgId: MMSG-10545]
Action.c(193):     \r\n
Action.c(193): t=411913ms: 315-byte response body for "http://10.184.129.108/EHDPS/printtask/status/5071508?tid=K2_6" (RelFrameId=1, Internal ID=23)
Action.c(193):     <!DOCTYPE HTML PUBLIC "-//W3C//DTD HTML 4.01//EN""http://www.w3.org/TR/html4/strict.dtd">\r
Action.c(193):     \n
Action.c(193):     <HTML><HEAD><TITLE>Not Found</TITLE>\r\n
Action.c(193):     <META HTTP-EQUIV="Content-Type" Content="text/html; charset=us-ascii"></HEAD>\r\n
Action.c(193):     <BODY><h2>Not Found</h2>\r\n
Action.c(193):     <hr><p>HTTP Error 404. The requested resource is not found.</p>\r\n
Action.c(193):     </BODY></HTML>\r\n
Action.c(193): Continuing after Error -26627: HTTP Status-Code=404 (Not Found) for "http://10.184.129.108/EHDPS/printtask/status/5071508?tid=K2_6"  	[MsgId: MERR-26627]
Action.c(193): Continuing after Error -26377: No match found for the requested parameter "TaskStatus". Check whether the requested boundaries exist in the response data. Also, if the data you want to save exceeds 10240 bytes, use web_set_max_html_param_len to increase the parameter size  	[MsgId: MERR-26377]
End auto log messages stack.	[MsgId: MMSG-10544]


Start auto log messages stack - Iteration 5.	[MsgId: MMSG-10545]
Action.c(193):     \r\n
Action.c(193): t=413552ms: 315-byte response body for "http://10.184.129.108/EHDPS/printtask/status/5071509?tid=K2_5" (RelFrameId=1, Internal ID=24)
Action.c(193):     <!DOCTYPE HTML PUBLIC "-//W3C//DTD HTML 4.01//EN""http://www.w3.org/TR/html4/strict.dtd">\r
Action.c(193):     \n
Action.c(193):     <HTML><HEAD><TITLE>Not Found</TITLE>\r\n
Action.c(193):     <META HTTP-EQUIV="Content-Type" Content="text/html; charset=us-ascii"></HEAD>\r\n
Action.c(193):     <BODY><h2>Not Found</h2>\r\n
Action.c(193):     <hr><p>HTTP Error 404. The requested resource is not found.</p>\r\n
Action.c(193):     </BODY></HTML>\r\n
Action.c(193): Continuing after Error -26627: HTTP Status-Code=404 (Not Found) for "http://10.184.129.108/EHDPS/printtask/status/5071509?tid=K2_5"  	[MsgId: MERR-26627]
Action.c(193): Continuing after Error -26377: No match found for the requested parameter "TaskStatus". Check whether the requested boundaries exist in the response data. Also, if the data you want to save exceeds 10240 bytes, use web_set_max_html_param_len to increase the parameter size  	[MsgId: MERR-26377]
End auto log messages stack.	[MsgId: MMSG-10544]


