Start auto log messages stack - Iteration 1.	[MsgId: MMSG-10545]
Action.c(5): Downloading resource "http://10.184.129.108/Platform/app/common/webservices/client-tool-svc.js" (specified by argument number 133)  	[MsgId: MMSG-26577]
Action.c(5): Downloading resource "http://10.184.129.108/Platform/app/common/webservices/configuration-svc.js" (specified by argument number 135)  	[MsgId: MMSG-26577]
Action.c(5): Downloading resource "http://10.184.129.108/Platform/app/common/webservices/system-information-svc.js" (specified by argument number 137)  	[MsgId: MMSG-26577]
Action.c(5): Downloading resource "http://10.184.129.108/Platform/app/login/login.js" (specified by argument number 139)  	[MsgId: MMSG-26577]
Action.c(5): Downloading resource "http://10.184.129.108/Platform/app/login/rememberme.js" (specified by argument number 141)  	[MsgId: MMSG-26577]
Action.c(5): Continuing after Error -26612: HTTP Status-Code=500 (Internal Server Error) for "http://10.184.129.108/Platform"  	[MsgId: MERR-26612]
End auto log messages stack.	[MsgId: MMSG-10544]


Start auto log messages stack - Iteration 2.	[MsgId: MMSG-10545]
Action.c(605): Notify: Transaction "Report_By_ModalityType" ended with a "Pass" status (Duration: 45.1779 Wasted Time: 0.0000).	[MsgId: MMSG-16871]
The result is:  departmentID	[MsgId: MMSG-17999]
Action.c(614): lr_think_time: 5.00 seconds.	[MsgId: MMSG-15948]
Action.c(616): web_url("CheckLoginStatus_25") started  	[MsgId: MMSG-26355]
Action.c(616): HTML parsing not performed for Content-Type "application/json" ("ParseHtmlContentType" Run-Time Setting is "TEXT"). URL="http://10.184.129.108/Platform/Account/CheckLoginStatus"  	[MsgId: MMSG-26548]
Action.c(616): web_url("CheckLoginStatus_25") was successful, 4 body bytes, 251 header bytes  	[MsgId: MMSG-26386]
Action.c(624): lr_think_time: 5.00 seconds.	[MsgId: MMSG-15948]
Action.c(634): Notify: Transaction "Report_By_Terminal" started.	[MsgId: MMSG-16999]
Action.c(636): web_custom_request("Report_By_Terminal") started  	[MsgId: MMSG-26355]
Action.c(636): Continuing after Error -26609: HTTP Status-Code=503 (EntityCommandExecutionException) for "http://10.184.129.108/webapi/api/statistics/getreportprintcountstatisticsbyterminal?DepartmentIDsList=3&DepartmentIDsList=12&DepartmentIDsList=4&DepartmentIDsList=5&DepartmentIDsList=6&DepartmentIDsList=7&DepartmentIDsList=8&DepartmentIDsList=9&DepartmentIDsList=10&DepartmentIDsList=11&DepartmentIDsList=2&DepartmentIDsList=1&EndDate=2018-01-08T23:59:59.999Z&StartDate=2016%2F01%2F01+00:00:00"  	[MsgId: MERR-26609]
End auto log messages stack.	[MsgId: MMSG-10544]


Start auto log messages stack - Iteration 2.	[MsgId: MMSG-10545]
Action.c(636): Continuing after error in Vuser script.	[MsgId: MMSG-10678]
Action.c(647): Notify: Transaction "Report_By_Terminal" ended with a "Fail" status (Duration: 307.8341).	[MsgId: MMSG-16873]
Action.c(647): Notify: Transaction "Report_By_Terminal" has 1 error message(s).	[MsgId: MMSG-16818]
Action.c(647): Notify: The 1st error message associated with transaction "Report_By_Terminal" is "Error -26609: HTTP Status-Code=503 (EntityCommandExecutionException) for "http://10.184.129.108/webapi/api/statistics/getreportprintcountstatisticsbyterminal?DepartmentIDsList=3&DepartmentIDsList=12&DepartmentIDsList=4&DepartmentIDsList=5&DepartmentIDsList=6&DepartmentIDsList=7&DepartmentIDsList=8&DepartmentIDsList=9&DepartmentIDsList=10&DepartmentIDsList=11&DepartmentIDsList=2&DepartmentIDsList=1&EndDate=2018-01-08T23:59:59.999Z&StartDate=2016%2F01%2F01+00:00:00""	[MsgId: MMSG-16819]
Action.c(658): lr_think_time: 5.00 seconds.	[MsgId: MMSG-15948]
Action.c(660): web_url("CheckLoginStatus_25") started  	[MsgId: MMSG-26355]
Action.c(660): Continuing after Error -27788: Failed to transmit data to network: [10054] Connection reset by peer
This is probably because the SSL protocol version is not supported. Try switching the TLS/SSL version using "web_set_sockets_option" API.  	[MsgId: MERR-27788]
End auto log messages stack.	[MsgId: MMSG-10544]


Start auto log messages stack - Iteration 5.	[MsgId: MMSG-10545]
Action.c(205): HTML parsing not performed for Content-Type "application/json" ("ParseHtmlContentType" Run-Time Setting is "TEXT"). URL="http://10.184.129.108/webapi/api/tableRowsPerPage"  	[MsgId: MMSG-26548]
Action.c(205): web_url("tableRowsPerPage") was successful, 39 body bytes, 258 header bytes  	[MsgId: MMSG-26386]
Action.c(213): web_url("worklistcolumns") started  	[MsgId: MMSG-26355]
Action.c(213): HTML parsing not performed for Content-Type "application/json" ("ParseHtmlContentType" Run-Time Setting is "TEXT"). URL="http://10.184.129.108/webapi/api/worklist/worklistcolumns"  	[MsgId: MMSG-26548]
Action.c(213): web_url("worklistcolumns") was successful, 6057 body bytes, 260 header bytes  	[MsgId: MMSG-26386]
Action.c(221): web_url("incompleteTaskEnabled") started  	[MsgId: MMSG-26355]
Action.c(221): Continuing after Error -26612: HTTP Status-Code=500 (EntityException) for "http://10.184.129.108/webapi/api/systemConfiguration/incompleteTaskEnabled"  	[MsgId: MERR-26612]
End auto log messages stack.	[MsgId: MMSG-10544]


Start auto log messages stack - Iteration 5.	[MsgId: MMSG-10545]
Action.c(360): web_url("CheckLoginStatus_25") started  	[MsgId: MMSG-26355]
Action.c(360): HTML parsing not performed for Content-Type "application/json" ("ParseHtmlContentType" Run-Time Setting is "TEXT"). URL="http://10.184.129.108/Platform/Account/CheckLoginStatus"  	[MsgId: MMSG-26548]
Action.c(360): web_url("CheckLoginStatus_25") was successful, 4 body bytes, 251 header bytes  	[MsgId: MMSG-26386]
Action.c(369): web_reg_save_param started  	[MsgId: MMSG-26355]
Action.c(369): Registering web_reg_save_param was successful  	[MsgId: MMSG-26390]
Action.c(375): Notify: Transaction "Film_By_ModalityType" started.	[MsgId: MMSG-16999]
Action.c(377): web_custom_request("Film_By_ModalityType") started  	[MsgId: MMSG-26355]
Action.c(377): Continuing after Error -26612: HTTP Status-Code=500 (EntityException) for "http://10.184.129.108/webapi/api/statistics/getfilmprintcountstatisticsbymodalitytype?DepartmentIDsList=3&DepartmentIDsList=12&DepartmentIDsList=4&DepartmentIDsList=5&DepartmentIDsList=6&DepartmentIDsList=7&DepartmentIDsList=8&DepartmentIDsList=9&DepartmentIDsList=10&DepartmentIDsList=11&DepartmentIDsList=2&DepartmentIDsList=1&EndDate=2018-01-08T23:59:59.999Z&StartDate=2016%2F01%2F01+00:00:00"  	[MsgId: MERR-26612]
Action.c(377): Continuing after Error -26377: No match found for the requested parameter "Film_By_ModalityType". Either the specified boundaries were not found in the response or the matched text is longer than current max html parameter size of 90000 bytes. The total length of the response is 78 bytes. You can use "web_set_max_html_param_len" to increase the max parameter size.  	[MsgId: MERR-26377]
End auto log messages stack.	[MsgId: MMSG-10544]


Start auto log messages stack - Iteration 5.	[MsgId: MMSG-10545]
Action.c(385): Notify: The 1st error message associated with transaction "Film_By_ModalityType" is "Error -26612: HTTP Status-Code=500 (EntityException) for "http://10.184.129.108/webapi/api/statistics/getfilmprintcountstatisticsbymodalitytype?DepartmentIDsList=3&DepartmentIDsList=12&DepartmentIDsList=4&DepartmentIDsList=5&DepartmentIDsList=6&DepartmentIDsList=7&DepartmentIDsList=8&DepartmentIDsList=9&DepartmentIDsList=10&DepartmentIDsList=11&DepartmentIDsList=2&DepartmentIDsList=1&EndDate=2018-01-08T23:59:59.999Z&StartDate=2016%2F01%2F01+00:00:00""	[MsgId: MMSG-16819]
Action.c(385): Notify: The 2nd error message associated with transaction "Film_By_ModalityType" is "Error -26377: No match found for the requested parameter "Film_By_ModalityType". Either the specified boundaries were not found in the response or the matched text is longer than current max html parameter size of 90000 bytes. The total length of the response is 78 bytes. You can use "web_set_max_html_param_len" to increase the max parameter size."	[MsgId: MMSG-16819]
The result is:  	[MsgId: MMSG-17999]
Action.c(391): Error: Film_By_ModalityType fail	[MsgId: MERR-17999]
End auto log messages stack.	[MsgId: MMSG-10544]


Start auto log messages stack - Iteration 5.	[MsgId: MMSG-10545]
Action.c(394): lr_think_time: 5.00 seconds.	[MsgId: MMSG-15948]
Action.c(397): web_url("CheckLoginStatus_25") started  	[MsgId: MMSG-26355]
Action.c(397): HTML parsing not performed for Content-Type "application/json" ("ParseHtmlContentType" Run-Time Setting is "TEXT"). URL="http://10.184.129.108/Platform/Account/CheckLoginStatus"  	[MsgId: MMSG-26548]
Action.c(397): web_url("CheckLoginStatus_25") was successful, 4 body bytes, 251 header bytes  	[MsgId: MMSG-26386]
Action.c(407): web_reg_save_param started  	[MsgId: MMSG-26355]
Action.c(407): Registering web_reg_save_param was successful  	[MsgId: MMSG-26390]
Action.c(412): Notify: Transaction "Film_By_ModalityName" started.	[MsgId: MMSG-16999]
Action.c(414): web_custom_request("Film_By_ModalityName") started  	[MsgId: MMSG-26355]
Action.c(414): Continuing after Error -26612: HTTP Status-Code=500 (EntityException) for "http://10.184.129.108/webapi/api/statistics/getfilmprintcountstatisticsbymodalityname?DepartmentIDsList=3&DepartmentIDsList=12&DepartmentIDsList=4&DepartmentIDsList=5&DepartmentIDsList=6&DepartmentIDsList=7&DepartmentIDsList=8&DepartmentIDsList=9&DepartmentIDsList=10&DepartmentIDsList=11&DepartmentIDsList=2&DepartmentIDsList=1&EndDate=2018-01-08T23:59:59.999Z&StartDate=2016%2F01%2F01+00:00:00"  	[MsgId: MERR-26612]
Action.c(414): Continuing after Error -26377: No match found for the requested parameter "Film_By_ModalityName". Either the specified boundaries were not found in the response or the matched text is longer than current max html parameter size of 90000 bytes. The total length of the response is 78 bytes. You can use "web_set_max_html_param_len" to increase the max parameter size.  	[MsgId: MERR-26377]
End auto log messages stack.	[MsgId: MMSG-10544]


Start auto log messages stack - Iteration 5.	[MsgId: MMSG-10545]
Action.c(422): Notify: The 1st error message associated with transaction "Film_By_ModalityName" is "Error -26612: HTTP Status-Code=500 (EntityException) for "http://10.184.129.108/webapi/api/statistics/getfilmprintcountstatisticsbymodalityname?DepartmentIDsList=3&DepartmentIDsList=12&DepartmentIDsList=4&DepartmentIDsList=5&DepartmentIDsList=6&DepartmentIDsList=7&DepartmentIDsList=8&DepartmentIDsList=9&DepartmentIDsList=10&DepartmentIDsList=11&DepartmentIDsList=2&DepartmentIDsList=1&EndDate=2018-01-08T23:59:59.999Z&StartDate=2016%2F01%2F01+00:00:00""	[MsgId: MMSG-16819]
Action.c(422): Notify: The 2nd error message associated with transaction "Film_By_ModalityName" is "Error -26377: No match found for the requested parameter "Film_By_ModalityName". Either the specified boundaries were not found in the response or the matched text is longer than current max html parameter size of 90000 bytes. The total length of the response is 78 bytes. You can use "web_set_max_html_param_len" to increase the max parameter size."	[MsgId: MMSG-16819]
The result is:  	[MsgId: MMSG-17999]
Action.c(428): Error: Film_By_ModalityName fail	[MsgId: MERR-17999]
End auto log messages stack.	[MsgId: MMSG-10544]


Start auto log messages stack - Iteration 5.	[MsgId: MMSG-10545]
Action.c(605): Notify: Transaction "Report_By_ModalityType" ended with a "Pass" status (Duration: 0.4056 Wasted Time: 0.0001).	[MsgId: MMSG-16871]
The result is:  departmentID	[MsgId: MMSG-17999]
Action.c(614): lr_think_time: 5.00 seconds.	[MsgId: MMSG-15948]
Action.c(616): web_url("CheckLoginStatus_25") started  	[MsgId: MMSG-26355]
Action.c(616): HTML parsing not performed for Content-Type "application/json" ("ParseHtmlContentType" Run-Time Setting is "TEXT"). URL="http://10.184.129.108/Platform/Account/CheckLoginStatus"  	[MsgId: MMSG-26548]
Action.c(616): web_url("CheckLoginStatus_25") was successful, 4 body bytes, 251 header bytes  	[MsgId: MMSG-26386]
Action.c(624): lr_think_time: 5.00 seconds.	[MsgId: MMSG-15948]
Action.c(634): Notify: Transaction "Report_By_Terminal" started.	[MsgId: MMSG-16999]
Action.c(636): web_custom_request("Report_By_Terminal") started  	[MsgId: MMSG-26355]
Action.c(636): Continuing after Error -26612: HTTP Status-Code=500 (EntityException) for "http://10.184.129.108/webapi/api/statistics/getreportprintcountstatisticsbyterminal?DepartmentIDsList=3&DepartmentIDsList=12&DepartmentIDsList=4&DepartmentIDsList=5&DepartmentIDsList=6&DepartmentIDsList=7&DepartmentIDsList=8&DepartmentIDsList=9&DepartmentIDsList=10&DepartmentIDsList=11&DepartmentIDsList=2&DepartmentIDsList=1&EndDate=2018-01-08T23:59:59.999Z&StartDate=2016%2F01%2F01+00:00:00"  	[MsgId: MERR-26612]
End auto log messages stack.	[MsgId: MMSG-10544]


Start auto log messages stack - Iteration 5.	[MsgId: MMSG-10545]
Action.c(636): Continuing after error in Vuser script.	[MsgId: MMSG-10678]
Action.c(647): Notify: Transaction "Report_By_Terminal" ended with a "Fail" status (Duration: 0.1717).	[MsgId: MMSG-16873]
Action.c(647): Notify: Transaction "Report_By_Terminal" has 1 error message(s).	[MsgId: MMSG-16818]
Action.c(647): Notify: The 1st error message associated with transaction "Report_By_Terminal" is "Error -26612: HTTP Status-Code=500 (EntityException) for "http://10.184.129.108/webapi/api/statistics/getreportprintcountstatisticsbyterminal?DepartmentIDsList=3&DepartmentIDsList=12&DepartmentIDsList=4&DepartmentIDsList=5&DepartmentIDsList=6&DepartmentIDsList=7&DepartmentIDsList=8&DepartmentIDsList=9&DepartmentIDsList=10&DepartmentIDsList=11&DepartmentIDsList=2&DepartmentIDsList=1&EndDate=2018-01-08T23:59:59.999Z&StartDate=2016%2F01%2F01+00:00:00""	[MsgId: MMSG-16819]
Action.c(658): lr_think_time: 5.00 seconds.	[MsgId: MMSG-15948]
Action.c(660): web_url("CheckLoginStatus_25") started  	[MsgId: MMSG-26355]
Action.c(660): Continuing after Error -27788: Failed to transmit data to network: [10054] Connection reset by peer
This is probably because the SSL protocol version is not supported. Try switching the TLS/SSL version using "web_set_sockets_option" API.  	[MsgId: MERR-27788]
End auto log messages stack.	[MsgId: MMSG-10544]


Start auto log messages stack - Iteration 6.	[MsgId: MMSG-10545]
Action.c(143): Resource "http://10.184.129.108/Platform/app/workarea/dicomviewer/controllers/dicom-viewer-ctrl.js" is in the cache already and will not be downloaded again  	[MsgId: MMSG-26655]
Action.c(143): web_url("workarea") was successful, 45692 body bytes, 2548 header bytes  	[MsgId: MMSG-26386]
Action.c(203): web_add_auto_header("Authorization") started  	[MsgId: MMSG-26355]
Action.c(203): Warning -26593: The header being added may cause unpredictable results when applied to all ensuing URLs. It is added anyway  	[MsgId: MWAR-26593]
Action.c(203): web_add_auto_header("Authorization") highest severity level was "warning"  	[MsgId: MMSG-26391]
Action.c(205): web_url("tableRowsPerPage") started  	[MsgId: MMSG-26355]
Action.c(205): Continuing after Error -26612: HTTP Status-Code=500 (EntityException) for "http://10.184.129.108/webapi/api/tableRowsPerPage"  	[MsgId: MERR-26612]
End auto log messages stack.	[MsgId: MMSG-10544]


Start auto log messages stack - Iteration 6.	[MsgId: MMSG-10545]
Action.c(205): web_url("tableRowsPerPage") highest severity level was "continue on error", 78 body bytes, 271 header bytes  	[MsgId: MMSG-26388]
Action.c(205): Continuing after error in Vuser script.	[MsgId: MMSG-10678]
Action.c(213): web_url("worklistcolumns") started  	[MsgId: MMSG-26355]
Action.c(213): Continuing after Error -26612: HTTP Status-Code=500 (EntityException) for "http://10.184.129.108/webapi/api/worklist/worklistcolumns"  	[MsgId: MERR-26612]
End auto log messages stack.	[MsgId: MMSG-10544]


Start auto log messages stack - Iteration 6.	[MsgId: MMSG-10545]
Action.c(394): lr_think_time: 5.00 seconds.	[MsgId: MMSG-15948]
Action.c(397): web_url("CheckLoginStatus_25") started  	[MsgId: MMSG-26355]
Action.c(397): HTML parsing not performed for Content-Type "application/json" ("ParseHtmlContentType" Run-Time Setting is "TEXT"). URL="http://10.184.129.108/Platform/Account/CheckLoginStatus"  	[MsgId: MMSG-26548]
Action.c(397): web_url("CheckLoginStatus_25") was successful, 4 body bytes, 251 header bytes  	[MsgId: MMSG-26386]
Action.c(407): web_reg_save_param started  	[MsgId: MMSG-26355]
Action.c(407): Registering web_reg_save_param was successful  	[MsgId: MMSG-26390]
Action.c(412): Notify: Transaction "Film_By_ModalityName" started.	[MsgId: MMSG-16999]
Action.c(414): web_custom_request("Film_By_ModalityName") started  	[MsgId: MMSG-26355]
Action.c(414): Continuing after Error -26612: HTTP Status-Code=500 (EntityException) for "http://10.184.129.108/webapi/api/statistics/getfilmprintcountstatisticsbymodalityname?DepartmentIDsList=3&DepartmentIDsList=12&DepartmentIDsList=4&DepartmentIDsList=5&DepartmentIDsList=6&DepartmentIDsList=7&DepartmentIDsList=8&DepartmentIDsList=9&DepartmentIDsList=10&DepartmentIDsList=11&DepartmentIDsList=2&DepartmentIDsList=1&EndDate=2018-01-08T23:59:59.999Z&StartDate=2016%2F01%2F01+00:00:00"  	[MsgId: MERR-26612]
Action.c(414): Continuing after Error -26377: No match found for the requested parameter "Film_By_ModalityName". Either the specified boundaries were not found in the response or the matched text is longer than current max html parameter size of 90000 bytes. The total length of the response is 78 bytes. You can use "web_set_max_html_param_len" to increase the max parameter size.  	[MsgId: MERR-26377]
End auto log messages stack.	[MsgId: MMSG-10544]


Start auto log messages stack - Iteration 6.	[MsgId: MMSG-10545]
Action.c(422): Notify: The 1st error message associated with transaction "Film_By_ModalityName" is "Error -26612: HTTP Status-Code=500 (EntityException) for "http://10.184.129.108/webapi/api/statistics/getfilmprintcountstatisticsbymodalityname?DepartmentIDsList=3&DepartmentIDsList=12&DepartmentIDsList=4&DepartmentIDsList=5&DepartmentIDsList=6&DepartmentIDsList=7&DepartmentIDsList=8&DepartmentIDsList=9&DepartmentIDsList=10&DepartmentIDsList=11&DepartmentIDsList=2&DepartmentIDsList=1&EndDate=2018-01-08T23:59:59.999Z&StartDate=2016%2F01%2F01+00:00:00""	[MsgId: MMSG-16819]
Action.c(422): Notify: The 2nd error message associated with transaction "Film_By_ModalityName" is "Error -26377: No match found for the requested parameter "Film_By_ModalityName". Either the specified boundaries were not found in the response or the matched text is longer than current max html parameter size of 90000 bytes. The total length of the response is 78 bytes. You can use "web_set_max_html_param_len" to increase the max parameter size."	[MsgId: MMSG-16819]
The result is:  	[MsgId: MMSG-17999]
Action.c(428): Error: Film_By_ModalityName fail	[MsgId: MERR-17999]
End auto log messages stack.	[MsgId: MMSG-10544]


Start auto log messages stack - Iteration 6.	[MsgId: MMSG-10545]
Action.c(431): lr_think_time: 5.00 seconds.	[MsgId: MMSG-15948]
Action.c(433): web_url("CheckLoginStatus_25") started  	[MsgId: MMSG-26355]
Action.c(433): HTML parsing not performed for Content-Type "application/json" ("ParseHtmlContentType" Run-Time Setting is "TEXT"). URL="http://10.184.129.108/Platform/Account/CheckLoginStatus"  	[MsgId: MMSG-26548]
Action.c(433): web_url("CheckLoginStatus_25") was successful, 4 body bytes, 251 header bytes  	[MsgId: MMSG-26386]
Action.c(442): web_reg_save_param started  	[MsgId: MMSG-26355]
Action.c(442): Registering web_reg_save_param was successful  	[MsgId: MMSG-26390]
Action.c(447): Notify: Transaction "Film_By_Terminal" started.	[MsgId: MMSG-16999]
Action.c(449): web_custom_request("Film_By_Terminal") started  	[MsgId: MMSG-26355]
Action.c(449): Continuing after Error -26612: HTTP Status-Code=500 (EntityException) for "http://10.184.129.108/webapi/api/statistics/getfilmprintcountstatisticsbyterminal?DepartmentIDsList=3&DepartmentIDsList=12&DepartmentIDsList=4&DepartmentIDsList=5&DepartmentIDsList=6&DepartmentIDsList=7&DepartmentIDsList=8&DepartmentIDsList=9&DepartmentIDsList=10&DepartmentIDsList=11&DepartmentIDsList=2&DepartmentIDsList=1&EndDate=2018-01-08T23:59:59.999Z&StartDate=2016%2F01%2F01+00:00:00"  	[MsgId: MERR-26612]
Action.c(449): Continuing after Error -26377: No match found for the requested parameter "Film_By_Terminal". Either the specified boundaries were not found in the response or the matched text is longer than current max html parameter size of 90000 bytes. The total length of the response is 78 bytes. You can use "web_set_max_html_param_len" to increase the max parameter size.  	[MsgId: MERR-26377]
End auto log messages stack.	[MsgId: MMSG-10544]


Start auto log messages stack - Iteration 6.	[MsgId: MMSG-10545]
Action.c(457): Notify: Transaction "Film_By_Terminal" has 2 error message(s).	[MsgId: MMSG-16818]
Action.c(457): Notify: The 1st error message associated with transaction "Film_By_Terminal" is "Error -26612: HTTP Status-Code=500 (EntityException) for "http://10.184.129.108/webapi/api/statistics/getfilmprintcountstatisticsbyterminal?DepartmentIDsList=3&DepartmentIDsList=12&DepartmentIDsList=4&DepartmentIDsList=5&DepartmentIDsList=6&DepartmentIDsList=7&DepartmentIDsList=8&DepartmentIDsList=9&DepartmentIDsList=10&DepartmentIDsList=11&DepartmentIDsList=2&DepartmentIDsList=1&EndDate=2018-01-08T23:59:59.999Z&StartDate=2016%2F01%2F01+00:00:00""	[MsgId: MMSG-16819]
Action.c(457): Notify: The 2nd error message associated with transaction "Film_By_Terminal" is "Error -26377: No match found for the requested parameter "Film_By_Terminal". Either the specified boundaries were not found in the response or the matched text is longer than current max html parameter size of 90000 bytes. The total length of the response is 78 bytes. You can use "web_set_max_html_param_len" to increase the max parameter size."	[MsgId: MMSG-16819]
The result is:  	[MsgId: MMSG-17999]
Action.c(463): Error: Film_By_Terminal fail	[MsgId: MERR-17999]
End auto log messages stack.	[MsgId: MMSG-10544]


Start auto log messages stack - Iteration 6.	[MsgId: MMSG-10545]
Action.c(572): lr_think_time: 5.00 seconds.	[MsgId: MMSG-15948]
Action.c(574): web_url("CheckLoginStatus_25") started  	[MsgId: MMSG-26355]
Action.c(574): HTML parsing not performed for Content-Type "application/json" ("ParseHtmlContentType" Run-Time Setting is "TEXT"). URL="http://10.184.129.108/Platform/Account/CheckLoginStatus"  	[MsgId: MMSG-26548]
Action.c(574): web_url("CheckLoginStatus_25") was successful, 4 body bytes, 251 header bytes  	[MsgId: MMSG-26386]
Action.c(590): web_reg_save_param started  	[MsgId: MMSG-26355]
Action.c(590): Registering web_reg_save_param was successful  	[MsgId: MMSG-26390]
Action.c(595): Notify: Transaction "Report_By_ModalityType" started.	[MsgId: MMSG-16999]
Action.c(597): web_custom_request("Report_By_ModalityType") started  	[MsgId: MMSG-26355]
Action.c(597): Continuing after Error -26612: HTTP Status-Code=500 (EntityException) for "http://10.184.129.108/webapi/api/statistics/getunprintfilmcountstatisticsbyfilmsize?DepartmentIDsList=3&DepartmentIDsList=12&DepartmentIDsList=4&DepartmentIDsList=5&DepartmentIDsList=6&DepartmentIDsList=7&DepartmentIDsList=8&DepartmentIDsList=9&DepartmentIDsList=10&DepartmentIDsList=11&DepartmentIDsList=2&DepartmentIDsList=1&EndDate=2018-01-08T23:59:59.999Z&StartDate=2016%2F01%2F01+00:00:00"  	[MsgId: MERR-26612]
Action.c(597): Continuing after Error -26377: No match found for the requested parameter "Report_By_ModalityType". Either the specified boundaries were not found in the response or the matched text is longer than current max html parameter size of 90000 bytes. The total length of the response is 78 bytes. You can use "web_set_max_html_param_len" to increase the max parameter size.  	[MsgId: MERR-26377]
End auto log messages stack.	[MsgId: MMSG-10544]


Start auto log messages stack - Iteration 6.	[MsgId: MMSG-10545]
Action.c(605): Notify: The 1st error message associated with transaction "Report_By_ModalityType" is "Error -26612: HTTP Status-Code=500 (EntityException) for "http://10.184.129.108/webapi/api/statistics/getunprintfilmcountstatisticsbyfilmsize?DepartmentIDsList=3&DepartmentIDsList=12&DepartmentIDsList=4&DepartmentIDsList=5&DepartmentIDsList=6&DepartmentIDsList=7&DepartmentIDsList=8&DepartmentIDsList=9&DepartmentIDsList=10&DepartmentIDsList=11&DepartmentIDsList=2&DepartmentIDsList=1&EndDate=2018-01-08T23:59:59.999Z&StartDate=2016%2F01%2F01+00:00:00""	[MsgId: MMSG-16819]
Action.c(605): Notify: The 2nd error message associated with transaction "Report_By_ModalityType" is "Error -26377: No match found for the requested parameter "Report_By_ModalityType". Either the specified boundaries were not found in the response or the matched text is longer than current max html parameter size of 90000 bytes. The total length of the response is 78 bytes. You can use "web_set_max_html_param_len" to increase the max parameter size."	[MsgId: MMSG-16819]
The result is:  	[MsgId: MMSG-17999]
Action.c(611): Error: Report_By_ModalityType fail	[MsgId: MERR-17999]
End auto log messages stack.	[MsgId: MMSG-10544]


Start auto log messages stack - Iteration 7.	[MsgId: MMSG-10545]
Action.c(96): Registering web_reg_save_param was successful  	[MsgId: MMSG-26390]
Action.c(101): web_reg_save_param started  	[MsgId: MMSG-26355]
Action.c(101): Registering web_reg_save_param was successful  	[MsgId: MMSG-26390]
Action.c(106): web_reg_save_param started  	[MsgId: MMSG-26355]
Action.c(106): Registering web_reg_save_param was successful  	[MsgId: MMSG-26390]
Action.c(111): Notify: Transaction "User_login" started.	[MsgId: MMSG-16999]
Action.c(113): web_custom_request("login") started  	[MsgId: MMSG-26355]
Action.c(113): HTML parsing not performed for Content-Type "application/json" ("ParseHtmlContentType" Run-Time Setting is "TEXT"). URL="http://10.184.129.108/Platform/account/login"  	[MsgId: MMSG-26548]
Action.c(113): Continuing after Error -26377: No match found for the requested parameter "ApiToken". Either the specified boundaries were not found in the response or the matched text is longer than current max html parameter size of 90000 bytes. The total length of the response is 91 bytes. You can use "web_set_max_html_param_len" to increase the max parameter size.  	[MsgId: MERR-26377]
Action.c(113): Continuing after Error -26377: No match found for the requested parameter "AspToken". Either the specified boundaries were not found in the response or the matched text is longer than current max html parameter size of 90000 bytes. The total length of the response is 91 bytes. You can use "web_set_max_html_param_len" to increase the max parameter size.  	[MsgId: MERR-26377]
Action.c(113): Continuing after Error -26377: No match found for the requested parameter "access_token". Either the specified boundaries were not found in the response or the matched text is longer than current max html parameter size of 90000 bytes. The total length of the response is 91 bytes. You can use "web_set_max_html_param_len" to increase the max parameter size.  	[MsgId: MERR-26377]
End auto log messages stack.	[MsgId: MMSG-10544]


Start auto log messages stack - Iteration 7.	[MsgId: MMSG-10545]
Action.c(113): web_custom_request("login") highest severity level was "continue on error", 91 body bytes, 326 header bytes  	[MsgId: MMSG-26388]
Action.c(113): Continuing after error in Vuser script.	[MsgId: MMSG-10678]
Action.c(124): web_add_cookie started  	[MsgId: MMSG-26355]
Action.c(124): web_add_cookie was successful  	[MsgId: MMSG-26392]
Action.c(125): web_add_cookie started  	[MsgId: MMSG-26355]
Action.c(125): web_add_cookie was successful  	[MsgId: MMSG-26392]
Action.c(135): web_url("login_2") started  	[MsgId: MMSG-26355]
Action.c(135): Continuing after Error -26612: HTTP Status-Code=500 (Internal Server Error) for "http://10.184.129.108/Platform//account/login"  	[MsgId: MERR-26612]
End auto log messages stack.	[MsgId: MMSG-10544]


Start auto log messages stack - Iteration 7.	[MsgId: MMSG-10545]
Action.c(143): Downloading resource "http://10.184.129.108/Platform/app-resources/i18n/zh-CN/dicomviewer.json" (specified by argument number 95)  	[MsgId: MMSG-26577]
Action.c(143): Downloading resource "http://10.184.129.108/Platform/app-resources/i18n/zh-CN/reconciliation.json" (specified by argument number 97)  	[MsgId: MMSG-26577]
Action.c(143): Downloading resource "http://10.184.129.108/Platform/app-resources/i18n/zh-CN/statistics.json" (specified by argument number 99)  	[MsgId: MMSG-26577]
Action.c(143): Downloading resource "http://10.184.129.108/Platform/app-resources/i18n/zh-CN/terminalmonitor.json" (specified by argument number 101)  	[MsgId: MMSG-26577]
Action.c(143): Downloading resource "http://10.184.129.108/Platform/app-resources/i18n/zh-CN/worklist.json" (specified by argument number 103)  	[MsgId: MMSG-26577]
Action.c(143): Continuing after Error -26612: HTTP Status-Code=500 (Internal Server Error) for "http://10.184.129.108/Platform/Account/Login?ReturnUrl=%2FPlatform%2Fworkarea"  	[MsgId: MERR-26612]
End auto log messages stack.	[MsgId: MMSG-10544]


Start auto log messages stack - Iteration 7.	[MsgId: MMSG-10545]
Action.c(143): web_url("workarea") highest severity level was "continue on error", 457118 body bytes, 12790 header bytes  	[MsgId: MMSG-26388]
Action.c(143): Continuing after error in Vuser script.	[MsgId: MMSG-10678]
Action.c(203): web_add_auto_header("Authorization") started  	[MsgId: MMSG-26355]
Action.c(203): Warning -26593: The header being added may cause unpredictable results when applied to all ensuing URLs. It is added anyway  	[MsgId: MWAR-26593]
Action.c(203): web_add_auto_header("Authorization") highest severity level was "warning"  	[MsgId: MMSG-26391]
Action.c(205): web_url("tableRowsPerPage") started  	[MsgId: MMSG-26355]
Action.c(205): Continuing after Error -26547: Authentication required, please use "web_set_user", e.g. web_set_user("domain\\user", "password", "host:port");  	[MsgId: MERR-26547]
Action.c(205): Continuing after Error -26630: HTTP Status-Code=401 (Unauthorized) for "http://10.184.129.108/webapi/api/tableRowsPerPage"  	[MsgId: MERR-26630]
End auto log messages stack.	[MsgId: MMSG-10544]


Start auto log messages stack - Iteration 7.	[MsgId: MMSG-10545]
Action.c(205): web_url("tableRowsPerPage") highest severity level was "continue on error", 61 body bytes, 294 header bytes  	[MsgId: MMSG-26388]
Action.c(205): Continuing after error in Vuser script.	[MsgId: MMSG-10678]
Action.c(213): web_url("worklistcolumns") started  	[MsgId: MMSG-26355]
Action.c(213): Continuing after Error -26547: Authentication required, please use "web_set_user", e.g. web_set_user("domain\\user", "password", "host:port");  	[MsgId: MERR-26547]
Action.c(213): Continuing after Error -26630: HTTP Status-Code=401 (Unauthorized) for "http://10.184.129.108/webapi/api/worklist/worklistcolumns"  	[MsgId: MERR-26630]
End auto log messages stack.	[MsgId: MMSG-10544]


Start auto log messages stack - Iteration 7.	[MsgId: MMSG-10545]
Action.c(213): web_url("worklistcolumns") highest severity level was "continue on error", 61 body bytes, 294 header bytes  	[MsgId: MMSG-26388]
Action.c(213): Continuing after error in Vuser script.	[MsgId: MMSG-10678]
Action.c(221): web_url("incompleteTaskEnabled") started  	[MsgId: MMSG-26355]
Action.c(221): Continuing after Error -26547: Authentication required, please use "web_set_user", e.g. web_set_user("domain\\user", "password", "host:port");  	[MsgId: MERR-26547]
Action.c(221): Continuing after Error -26630: HTTP Status-Code=401 (Unauthorized) for "http://10.184.129.108/webapi/api/systemConfiguration/incompleteTaskEnabled"  	[MsgId: MERR-26630]
End auto log messages stack.	[MsgId: MMSG-10544]


Start auto log messages stack - Iteration 7.	[MsgId: MMSG-10545]
Action.c(221): web_url("incompleteTaskEnabled") highest severity level was "continue on error", 61 body bytes, 294 header bytes  	[MsgId: MMSG-26388]
Action.c(221): Continuing after error in Vuser script.	[MsgId: MMSG-10678]
Action.c(229): web_url("systemversion") started  	[MsgId: MMSG-26355]
Action.c(229): Continuing after Error -26547: Authentication required, please use "web_set_user", e.g. web_set_user("domain\\user", "password", "host:port");  	[MsgId: MERR-26547]
Action.c(229): Continuing after Error -26630: HTTP Status-Code=401 (Unauthorized) for "http://10.184.129.108/webapi/api/systemversion"  	[MsgId: MERR-26630]
End auto log messages stack.	[MsgId: MMSG-10544]


Start auto log messages stack - Iteration 7.	[MsgId: MMSG-10545]
Action.c(261): HTML parsing not performed for Content-Type "application/json" ("ParseHtmlContentType" Run-Time Setting is "TEXT"). URL="http://10.184.129.108/Platform/Account/CheckLoginStatus"  	[MsgId: MMSG-26548]
Action.c(261): web_url("CheckLoginStatus_4") was successful, 5 body bytes, 251 header bytes  	[MsgId: MMSG-26386]
Action.c(269): web_url("terminalmonitor-template.html") started  	[MsgId: MMSG-26355]
Action.c(269): Downloading resource "http://10.184.129.108/Platform/fonts/glyphicons-halflings-regular.woff2" (specified by argument number 8)  	[MsgId: MMSG-26577]
Action.c(269): web_url("terminalmonitor-template.html") was successful, 47024 body bytes, 509 header bytes  	[MsgId: MMSG-26386]
Action.c(279): web_url("terminalmonitoring") started  	[MsgId: MMSG-26355]
Action.c(279): Continuing after Error -26547: Authentication required, please use "web_set_user", e.g. web_set_user("domain\\user", "password", "host:port");  	[MsgId: MERR-26547]
Action.c(279): Continuing after Error -26630: HTTP Status-Code=401 (Unauthorized) for "http://10.184.129.108/webapi/api/terminalmonitoring"  	[MsgId: MERR-26630]
End auto log messages stack.	[MsgId: MMSG-10544]


Start auto log messages stack - Iteration 7.	[MsgId: MMSG-10545]
Action.c(303): Notify: The 13th error message associated with transaction "User_login" is "Error -26630: HTTP Status-Code=401 (Unauthorized) for "http://10.184.129.108/webapi/api/systemversion""	[MsgId: MMSG-16819]
Action.c(303): Notify: The 14th error message associated with transaction "User_login" is "Error -26547: Authentication required, please use "web_set_user", e.g. web_set_user("domain\\user", "password", "host:port");"	[MsgId: MMSG-16819]
Action.c(303): Notify: The 15th error message associated with transaction "User_login" is "Error -26630: HTTP Status-Code=401 (Unauthorized) for "http://10.184.129.108/webapi/api/terminalmonitoring""	[MsgId: MMSG-16819]
Action.c(305): lr_think_time: 5.00 seconds.	[MsgId: MMSG-15948]
Action.c(307): web_url("reconciliation-list.html") started  	[MsgId: MMSG-26355]
Action.c(307): web_url("reconciliation-list.html") was successful, 17522 body bytes, 248 header bytes  	[MsgId: MMSG-26386]
Action.c(315): web_url("getUnmatchImages") started  	[MsgId: MMSG-26355]
Action.c(315): Continuing after Error -26547: Authentication required, please use "web_set_user", e.g. web_set_user("domain\\user", "password", "host:port");  	[MsgId: MERR-26547]
Action.c(315): Continuing after Error -26630: HTTP Status-Code=401 (Unauthorized) for "http://10.184.129.108/webapi/api/reconciliation/getUnmatchImages?days=1"  	[MsgId: MERR-26630]
End auto log messages stack.	[MsgId: MMSG-10544]


Start auto log messages stack - Iteration 7.	[MsgId: MMSG-10545]
Action.c(315): web_url("getUnmatchImages") highest severity level was "continue on error", 61 body bytes, 294 header bytes  	[MsgId: MMSG-26388]
Action.c(315): Continuing after error in Vuser script.	[MsgId: MMSG-10678]
Action.c(323): web_url("allTerminals") started  	[MsgId: MMSG-26355]
Action.c(323): Continuing after Error -26547: Authentication required, please use "web_set_user", e.g. web_set_user("domain\\user", "password", "host:port");  	[MsgId: MERR-26547]
Action.c(323): Continuing after Error -26630: HTTP Status-Code=401 (Unauthorized) for "http://10.184.129.108/webapi/api/terminal/allTerminals"  	[MsgId: MERR-26630]
End auto log messages stack.	[MsgId: MMSG-10544]


Start auto log messages stack - Iteration 7.	[MsgId: MMSG-10545]
Action.c(605): Notify: Transaction "Report_By_ModalityType" ended with a "Pass" status (Duration: 0.6898 Wasted Time: 0.0000).	[MsgId: MMSG-16871]
The result is:  departmentID	[MsgId: MMSG-17999]
Action.c(614): lr_think_time: 5.00 seconds.	[MsgId: MMSG-15948]
Action.c(616): web_url("CheckLoginStatus_25") started  	[MsgId: MMSG-26355]
Action.c(616): HTML parsing not performed for Content-Type "application/json" ("ParseHtmlContentType" Run-Time Setting is "TEXT"). URL="http://10.184.129.108/Platform/Account/CheckLoginStatus"  	[MsgId: MMSG-26548]
Action.c(616): web_url("CheckLoginStatus_25") was successful, 5 body bytes, 251 header bytes  	[MsgId: MMSG-26386]
Action.c(624): lr_think_time: 5.00 seconds.	[MsgId: MMSG-15948]
Action.c(634): Notify: Transaction "Report_By_Terminal" started.	[MsgId: MMSG-16999]
Action.c(636): web_custom_request("Report_By_Terminal") started  	[MsgId: MMSG-26355]
Action.c(636): Continuing after Error -26612: HTTP Status-Code=500 (EntityException) for "http://10.184.129.108/webapi/api/statistics/getreportprintcountstatisticsbyterminal?DepartmentIDsList=3&DepartmentIDsList=12&DepartmentIDsList=4&DepartmentIDsList=5&DepartmentIDsList=6&DepartmentIDsList=7&DepartmentIDsList=8&DepartmentIDsList=9&DepartmentIDsList=10&DepartmentIDsList=11&DepartmentIDsList=2&DepartmentIDsList=1&EndDate=2018-01-08T23:59:59.999Z&StartDate=2016%2F01%2F01+00:00:00"  	[MsgId: MERR-26612]
End auto log messages stack.	[MsgId: MMSG-10544]


Start auto log messages stack - Iteration 7.	[MsgId: MMSG-10545]
Action.c(636): Continuing after error in Vuser script.	[MsgId: MMSG-10678]
Action.c(647): Notify: Transaction "Report_By_Terminal" ended with a "Fail" status (Duration: 0.1819).	[MsgId: MMSG-16873]
Action.c(647): Notify: Transaction "Report_By_Terminal" has 1 error message(s).	[MsgId: MMSG-16818]
Action.c(647): Notify: The 1st error message associated with transaction "Report_By_Terminal" is "Error -26612: HTTP Status-Code=500 (EntityException) for "http://10.184.129.108/webapi/api/statistics/getreportprintcountstatisticsbyterminal?DepartmentIDsList=3&DepartmentIDsList=12&DepartmentIDsList=4&DepartmentIDsList=5&DepartmentIDsList=6&DepartmentIDsList=7&DepartmentIDsList=8&DepartmentIDsList=9&DepartmentIDsList=10&DepartmentIDsList=11&DepartmentIDsList=2&DepartmentIDsList=1&EndDate=2018-01-08T23:59:59.999Z&StartDate=2016%2F01%2F01+00:00:00""	[MsgId: MMSG-16819]
Action.c(658): lr_think_time: 5.00 seconds.	[MsgId: MMSG-15948]
Action.c(660): web_url("CheckLoginStatus_25") started  	[MsgId: MMSG-26355]
Action.c(660): Continuing after Error -27788: Failed to transmit data to network: [10054] Connection reset by peer
This is probably because the SSL protocol version is not supported. Try switching the TLS/SSL version using "web_set_sockets_option" API.  	[MsgId: MERR-27788]
End auto log messages stack.	[MsgId: MMSG-10544]


Start auto log messages stack - Iteration 7.	[MsgId: MMSG-10545]
Action.c(660): HTML parsing not performed for Content-Type "application/json" ("ParseHtmlContentType" Run-Time Setting is "TEXT"). URL="http://10.184.129.108/Platform/Account/CheckLoginStatus"  	[MsgId: MMSG-26548]
Action.c(660): web_url("CheckLoginStatus_25") highest severity level was "continue on error", 5 body bytes, 251 header bytes  	[MsgId: MMSG-26388]
Action.c(660): Continuing after error in Vuser script.	[MsgId: MMSG-10678]
Action.c(669): web_reg_save_param started  	[MsgId: MMSG-26355]
Action.c(669): Registering web_reg_save_param was successful  	[MsgId: MMSG-26390]
Action.c(674): Notify: Transaction "Report_By_PaperSize" started.	[MsgId: MMSG-16999]
Action.c(676): web_custom_request("Report_By_PaperSize") started  	[MsgId: MMSG-26355]
Action.c(676): Continuing after Error -26612: HTTP Status-Code=500 (EntityException) for "http://10.184.129.108/webapi/api/statistics/getreportprintcountstatisticsbytypesize?DepartmentIDsList=3&DepartmentIDsList=12&DepartmentIDsList=4&DepartmentIDsList=5&DepartmentIDsList=6&DepartmentIDsList=7&DepartmentIDsList=8&DepartmentIDsList=9&DepartmentIDsList=10&DepartmentIDsList=11&DepartmentIDsList=2&DepartmentIDsList=1&EndDate=2018-01-08T23:59:59.999Z&StartDate=2016%2F01%2F01+00:00:00"  	[MsgId: MERR-26612]
Action.c(676): Continuing after Error -26377: No match found for the requested parameter "Report_By_PaperSize". Either the specified boundaries were not found in the response or the matched text is longer than current max html parameter size of 90000 bytes. The total length of the response is 78 bytes. You can use "web_set_max_html_param_len" to increase the max parameter size.  	[MsgId: MERR-26377]
End auto log messages stack.	[MsgId: MMSG-10544]


Start auto log messages stack - Iteration 7.	[MsgId: MMSG-10545]
Action.c(684): Notify: The 1st error message associated with transaction "Report_By_PaperSize" is "Error -26612: HTTP Status-Code=500 (EntityException) for "http://10.184.129.108/webapi/api/statistics/getreportprintcountstatisticsbytypesize?DepartmentIDsList=3&DepartmentIDsList=12&DepartmentIDsList=4&DepartmentIDsList=5&DepartmentIDsList=6&DepartmentIDsList=7&DepartmentIDsList=8&DepartmentIDsList=9&DepartmentIDsList=10&DepartmentIDsList=11&DepartmentIDsList=2&DepartmentIDsList=1&EndDate=2018-01-08T23:59:59.999Z&StartDate=2016%2F01%2F01+00:00:00""	[MsgId: MMSG-16819]
Action.c(684): Notify: The 2nd error message associated with transaction "Report_By_PaperSize" is "Error -26377: No match found for the requested parameter "Report_By_PaperSize". Either the specified boundaries were not found in the response or the matched text is longer than current max html parameter size of 90000 bytes. The total length of the response is 78 bytes. You can use "web_set_max_html_param_len" to increase the max parameter size."	[MsgId: MMSG-16819]
The result is:  	[MsgId: MMSG-17999]
Action.c(690): Error: Report_By_PaperSize fail	[MsgId: MERR-17999]
End auto log messages stack.	[MsgId: MMSG-10544]


Start auto log messages stack - Iteration 7.	[MsgId: MMSG-10545]
Action.c(693): lr_think_time: 5.00 seconds.	[MsgId: MMSG-15948]
Action.c(695): web_url("CheckLoginStatus_25") started  	[MsgId: MMSG-26355]
Action.c(695): Continuing after Error -27788: Failed to transmit data to network: [10054] Connection reset by peer
This is probably because the SSL protocol version is not supported. Try switching the TLS/SSL version using "web_set_sockets_option" API.  	[MsgId: MERR-27788]
End auto log messages stack.	[MsgId: MMSG-10544]


Start auto log messages stack - Iteration 7.	[MsgId: MMSG-10545]
Action.c(695): HTML parsing not performed for Content-Type "application/json" ("ParseHtmlContentType" Run-Time Setting is "TEXT"). URL="http://10.184.129.108/Platform/Account/CheckLoginStatus"  	[MsgId: MMSG-26548]
Action.c(695): web_url("CheckLoginStatus_25") highest severity level was "continue on error", 5 body bytes, 251 header bytes  	[MsgId: MMSG-26388]
Action.c(695): Continuing after error in Vuser script.	[MsgId: MMSG-10678]
Action.c(705): web_reg_save_param started  	[MsgId: MMSG-26355]
Action.c(705): Registering web_reg_save_param was successful  	[MsgId: MMSG-26390]
Action.c(710): Notify: Transaction "Report_By_CentralPrint" started.	[MsgId: MMSG-16999]
Action.c(712): web_custom_request("Report_By_CentralPrint") started  	[MsgId: MMSG-26355]
Action.c(712): Continuing after Error -26612: HTTP Status-Code=500 (EntityException) for "http://10.184.129.108/webapi/api/statistics/getreportprintcountstatisticsbycentralprint?DepartmentIDsList=3&DepartmentIDsList=12&DepartmentIDsList=4&DepartmentIDsList=5&DepartmentIDsList=6&DepartmentIDsList=7&DepartmentIDsList=8&DepartmentIDsList=9&DepartmentIDsList=10&DepartmentIDsList=11&DepartmentIDsList=2&DepartmentIDsList=1&EndDate=2018-01-08T23:59:59.999Z&StartDate=2016%2F01%2F01+00:00:00"  	[MsgId: MERR-26612]
Action.c(712): Continuing after Error -26377: No match found for the requested parameter "Report_By_CentralPrint". Either the specified boundaries were not found in the response or the matched text is longer than current max html parameter size of 90000 bytes. The total length of the response is 78 bytes. You can use "web_set_max_html_param_len" to increase the max parameter size.  	[MsgId: MERR-26377]
End auto log messages stack.	[MsgId: MMSG-10544]


Start auto log messages stack - Iteration 7.	[MsgId: MMSG-10545]
Action.c(720): Notify: The 1st error message associated with transaction "Report_By_CentralPrint" is "Error -26612: HTTP Status-Code=500 (EntityException) for "http://10.184.129.108/webapi/api/statistics/getreportprintcountstatisticsbycentralprint?DepartmentIDsList=3&DepartmentIDsList=12&DepartmentIDsList=4&DepartmentIDsList=5&DepartmentIDsList=6&DepartmentIDsList=7&DepartmentIDsList=8&DepartmentIDsList=9&DepartmentIDsList=10&DepartmentIDsList=11&DepartmentIDsList=2&DepartmentIDsList=1&EndDate=2018-01-08T23:59:59.999Z&StartDate=2016%2F01%2F01+00:00:00""	[MsgId: MMSG-16819]
Action.c(720): Notify: The 2nd error message associated with transaction "Report_By_CentralPrint" is "Error -26377: No match found for the requested parameter "Report_By_CentralPrint". Either the specified boundaries were not found in the response or the matched text is longer than current max html parameter size of 90000 bytes. The total length of the response is 78 bytes. You can use "web_set_max_html_param_len" to increase the max parameter size."	[MsgId: MMSG-16819]
The result is:  	[MsgId: MMSG-17999]
Action.c(726): Error: Report_By_CentralPrint fail	[MsgId: MERR-17999]
End auto log messages stack.	[MsgId: MMSG-10544]


Start auto log messages stack - Iteration 7.	[MsgId: MMSG-10545]
Action.c(729): lr_think_time: 5.00 seconds.	[MsgId: MMSG-15948]
Action.c(731): web_url("CheckLoginStatus_25") started  	[MsgId: MMSG-26355]
Action.c(731): Continuing after Error -27788: Failed to transmit data to network: [10054] Connection reset by peer
This is probably because the SSL protocol version is not supported. Try switching the TLS/SSL version using "web_set_sockets_option" API.  	[MsgId: MERR-27788]
End auto log messages stack.	[MsgId: MMSG-10544]


Start auto log messages stack - Iteration 7.	[MsgId: MMSG-10545]
The result is:  departmentID	[MsgId: MMSG-17999]
Action.c(767): lr_think_time: 5.00 seconds.	[MsgId: MMSG-15948]
Action.c(769): web_url("CheckLoginStatus_25") started  	[MsgId: MMSG-26355]
Action.c(769): HTML parsing not performed for Content-Type "application/json" ("ParseHtmlContentType" Run-Time Setting is "TEXT"). URL="http://10.184.129.108/Platform/Account/CheckLoginStatus"  	[MsgId: MMSG-26548]
Action.c(769): web_url("CheckLoginStatus_25") was successful, 5 body bytes, 251 header bytes  	[MsgId: MMSG-26386]
Action.c(780): web_reg_save_param started  	[MsgId: MMSG-26355]
Action.c(780): Registering web_reg_save_param was successful  	[MsgId: MMSG-26390]
Action.c(785): Notify: Transaction "OCR_ModalityName" started.	[MsgId: MMSG-16999]
Action.c(787): web_custom_request("OCR_ModalityName") started  	[MsgId: MMSG-26355]
Action.c(787): Continuing after Error -26612: HTTP Status-Code=500 (EntityException) for "http://10.184.129.108/webapi/api/statistics/getreportprintcountstatisticsbytypesize?DepartmentIDsList=3&DepartmentIDsList=12&DepartmentIDsList=4&DepartmentIDsList=5&DepartmentIDsList=6&DepartmentIDsList=7&DepartmentIDsList=8&DepartmentIDsList=9&DepartmentIDsList=10&DepartmentIDsList=11&DepartmentIDsList=2&DepartmentIDsList=1&EndDate=2018-01-08T23:59:59.999Z&StartDate=2016%2F01%2F01+00:00:00"  	[MsgId: MERR-26612]
Action.c(787): Continuing after Error -26377: No match found for the requested parameter "OCR_ModalityName". Either the specified boundaries were not found in the response or the matched text is longer than current max html parameter size of 90000 bytes. The total length of the response is 78 bytes. You can use "web_set_max_html_param_len" to increase the max parameter size.  	[MsgId: MERR-26377]
End auto log messages stack.	[MsgId: MMSG-10544]


Start auto log messages stack - Iteration 7.	[MsgId: MMSG-10545]
Action.c(795): Notify: Transaction "OCR_ModalityName" has 2 error message(s).	[MsgId: MMSG-16818]
Action.c(795): Notify: The 1st error message associated with transaction "OCR_ModalityName" is "Error -26612: HTTP Status-Code=500 (EntityException) for "http://10.184.129.108/webapi/api/statistics/getreportprintcountstatisticsbytypesize?DepartmentIDsList=3&DepartmentIDsList=12&DepartmentIDsList=4&DepartmentIDsList=5&DepartmentIDsList=6&DepartmentIDsList=7&DepartmentIDsList=8&DepartmentIDsList=9&DepartmentIDsList=10&DepartmentIDsList=11&DepartmentIDsList=2&DepartmentIDsList=1&EndDate=2018-01-08T23:59:59.999Z&StartDate=2016%2F01%2F01+00:00:00""	[MsgId: MMSG-16819]
Action.c(795): Notify: The 2nd error message associated with transaction "OCR_ModalityName" is "Error -26377: No match found for the requested parameter "OCR_ModalityName". Either the specified boundaries were not found in the response or the matched text is longer than current max html parameter size of 90000 bytes. The total length of the response is 78 bytes. You can use "web_set_max_html_param_len" to increase the max parameter size."	[MsgId: MMSG-16819]
The result is:  	[MsgId: MMSG-17999]
Action.c(801): Error: OCR_ModalityName fail	[MsgId: MERR-17999]
End auto log messages stack.	[MsgId: MMSG-10544]


Start auto log messages stack - Iteration 7.	[MsgId: MMSG-10545]
Action.c(804): lr_think_time: 5.00 seconds.	[MsgId: MMSG-15948]
Action.c(806): web_url("CheckLoginStatus_25") started  	[MsgId: MMSG-26355]
Action.c(806): Continuing after Error -27788: Failed to transmit data to network: [10054] Connection reset by peer
This is probably because the SSL protocol version is not supported. Try switching the TLS/SSL version using "web_set_sockets_option" API.  	[MsgId: MERR-27788]
End auto log messages stack.	[MsgId: MMSG-10544]


Start auto log messages stack - Iteration 8.	[MsgId: MMSG-10545]
Action.c(96): Registering web_reg_save_param was successful  	[MsgId: MMSG-26390]
Action.c(101): web_reg_save_param started  	[MsgId: MMSG-26355]
Action.c(101): Registering web_reg_save_param was successful  	[MsgId: MMSG-26390]
Action.c(106): web_reg_save_param started  	[MsgId: MMSG-26355]
Action.c(106): Registering web_reg_save_param was successful  	[MsgId: MMSG-26390]
Action.c(111): Notify: Transaction "User_login" started.	[MsgId: MMSG-16999]
Action.c(113): web_custom_request("login") started  	[MsgId: MMSG-26355]
Action.c(113): HTML parsing not performed for Content-Type "application/json" ("ParseHtmlContentType" Run-Time Setting is "TEXT"). URL="http://10.184.129.108/Platform/account/login"  	[MsgId: MMSG-26548]
Action.c(113): Continuing after Error -26377: No match found for the requested parameter "ApiToken". Either the specified boundaries were not found in the response or the matched text is longer than current max html parameter size of 90000 bytes. The total length of the response is 91 bytes. You can use "web_set_max_html_param_len" to increase the max parameter size.  	[MsgId: MERR-26377]
Action.c(113): Continuing after Error -26377: No match found for the requested parameter "AspToken". Either the specified boundaries were not found in the response or the matched text is longer than current max html parameter size of 90000 bytes. The total length of the response is 91 bytes. You can use "web_set_max_html_param_len" to increase the max parameter size.  	[MsgId: MERR-26377]
Action.c(113): Continuing after Error -26377: No match found for the requested parameter "access_token". Either the specified boundaries were not found in the response or the matched text is longer than current max html parameter size of 90000 bytes. The total length of the response is 91 bytes. You can use "web_set_max_html_param_len" to increase the max parameter size.  	[MsgId: MERR-26377]
End auto log messages stack.	[MsgId: MMSG-10544]


Start auto log messages stack - Iteration 8.	[MsgId: MMSG-10545]
Action.c(113): web_custom_request("login") highest severity level was "continue on error", 91 body bytes, 326 header bytes  	[MsgId: MMSG-26388]
Action.c(113): Continuing after error in Vuser script.	[MsgId: MMSG-10678]
Action.c(124): web_add_cookie started  	[MsgId: MMSG-26355]
Action.c(124): web_add_cookie was successful  	[MsgId: MMSG-26392]
Action.c(125): web_add_cookie started  	[MsgId: MMSG-26355]
Action.c(125): web_add_cookie was successful  	[MsgId: MMSG-26392]
Action.c(135): web_url("login_2") started  	[MsgId: MMSG-26355]
Action.c(135): Continuing after Error -26612: HTTP Status-Code=500 (Internal Server Error) for "http://10.184.129.108/Platform//account/login"  	[MsgId: MERR-26612]
End auto log messages stack.	[MsgId: MMSG-10544]


Start auto log messages stack - Iteration 8.	[MsgId: MMSG-10545]
Action.c(143): Downloading resource "http://10.184.129.108/Platform/app-resources/i18n/zh-CN/dicomviewer.json" (specified by argument number 95)  	[MsgId: MMSG-26577]
Action.c(143): Downloading resource "http://10.184.129.108/Platform/app-resources/i18n/zh-CN/reconciliation.json" (specified by argument number 97)  	[MsgId: MMSG-26577]
Action.c(143): Downloading resource "http://10.184.129.108/Platform/app-resources/i18n/zh-CN/statistics.json" (specified by argument number 99)  	[MsgId: MMSG-26577]
Action.c(143): Downloading resource "http://10.184.129.108/Platform/app-resources/i18n/zh-CN/terminalmonitor.json" (specified by argument number 101)  	[MsgId: MMSG-26577]
Action.c(143): Downloading resource "http://10.184.129.108/Platform/app-resources/i18n/zh-CN/worklist.json" (specified by argument number 103)  	[MsgId: MMSG-26577]
Action.c(143): Continuing after Error -26612: HTTP Status-Code=500 (Internal Server Error) for "http://10.184.129.108/Platform/Account/Login?ReturnUrl=%2FPlatform%2Fworkarea"  	[MsgId: MERR-26612]
End auto log messages stack.	[MsgId: MMSG-10544]


Start auto log messages stack - Iteration 8.	[MsgId: MMSG-10545]
Action.c(143): web_url("workarea") highest severity level was "continue on error", 457118 body bytes, 12790 header bytes  	[MsgId: MMSG-26388]
Action.c(143): Continuing after error in Vuser script.	[MsgId: MMSG-10678]
Action.c(203): web_add_auto_header("Authorization") started  	[MsgId: MMSG-26355]
Action.c(203): Warning -26593: The header being added may cause unpredictable results when applied to all ensuing URLs. It is added anyway  	[MsgId: MWAR-26593]
Action.c(203): web_add_auto_header("Authorization") highest severity level was "warning"  	[MsgId: MMSG-26391]
Action.c(205): web_url("tableRowsPerPage") started  	[MsgId: MMSG-26355]
Action.c(205): Continuing after Error -26547: Authentication required, please use "web_set_user", e.g. web_set_user("domain\\user", "password", "host:port");  	[MsgId: MERR-26547]
Action.c(205): Continuing after Error -26630: HTTP Status-Code=401 (Unauthorized) for "http://10.184.129.108/webapi/api/tableRowsPerPage"  	[MsgId: MERR-26630]
End auto log messages stack.	[MsgId: MMSG-10544]


Start auto log messages stack - Iteration 8.	[MsgId: MMSG-10545]
Action.c(205): web_url("tableRowsPerPage") highest severity level was "continue on error", 61 body bytes, 294 header bytes  	[MsgId: MMSG-26388]
Action.c(205): Continuing after error in Vuser script.	[MsgId: MMSG-10678]
Action.c(213): web_url("worklistcolumns") started  	[MsgId: MMSG-26355]
Action.c(213): Continuing after Error -26547: Authentication required, please use "web_set_user", e.g. web_set_user("domain\\user", "password", "host:port");  	[MsgId: MERR-26547]
Action.c(213): Continuing after Error -26630: HTTP Status-Code=401 (Unauthorized) for "http://10.184.129.108/webapi/api/worklist/worklistcolumns"  	[MsgId: MERR-26630]
End auto log messages stack.	[MsgId: MMSG-10544]


Start auto log messages stack - Iteration 8.	[MsgId: MMSG-10545]
Action.c(213): web_url("worklistcolumns") highest severity level was "continue on error", 61 body bytes, 294 header bytes  	[MsgId: MMSG-26388]
Action.c(213): Continuing after error in Vuser script.	[MsgId: MMSG-10678]
Action.c(221): web_url("incompleteTaskEnabled") started  	[MsgId: MMSG-26355]
Action.c(221): Continuing after Error -26547: Authentication required, please use "web_set_user", e.g. web_set_user("domain\\user", "password", "host:port");  	[MsgId: MERR-26547]
Action.c(221): Continuing after Error -26630: HTTP Status-Code=401 (Unauthorized) for "http://10.184.129.108/webapi/api/systemConfiguration/incompleteTaskEnabled"  	[MsgId: MERR-26630]
End auto log messages stack.	[MsgId: MMSG-10544]


Start auto log messages stack - Iteration 8.	[MsgId: MMSG-10545]
Action.c(221): web_url("incompleteTaskEnabled") highest severity level was "continue on error", 61 body bytes, 294 header bytes  	[MsgId: MMSG-26388]
Action.c(221): Continuing after error in Vuser script.	[MsgId: MMSG-10678]
Action.c(229): web_url("systemversion") started  	[MsgId: MMSG-26355]
Action.c(229): Continuing after Error -26547: Authentication required, please use "web_set_user", e.g. web_set_user("domain\\user", "password", "host:port");  	[MsgId: MERR-26547]
Action.c(229): Continuing after Error -26630: HTTP Status-Code=401 (Unauthorized) for "http://10.184.129.108/webapi/api/systemversion"  	[MsgId: MERR-26630]
End auto log messages stack.	[MsgId: MMSG-10544]


Start auto log messages stack - Iteration 8.	[MsgId: MMSG-10545]
Action.c(261): HTML parsing not performed for Content-Type "application/json" ("ParseHtmlContentType" Run-Time Setting is "TEXT"). URL="http://10.184.129.108/Platform/Account/CheckLoginStatus"  	[MsgId: MMSG-26548]
Action.c(261): web_url("CheckLoginStatus_4") was successful, 5 body bytes, 251 header bytes  	[MsgId: MMSG-26386]
Action.c(269): web_url("terminalmonitor-template.html") started  	[MsgId: MMSG-26355]
Action.c(269): Downloading resource "http://10.184.129.108/Platform/fonts/glyphicons-halflings-regular.woff2" (specified by argument number 8)  	[MsgId: MMSG-26577]
Action.c(269): web_url("terminalmonitor-template.html") was successful, 47024 body bytes, 509 header bytes  	[MsgId: MMSG-26386]
Action.c(279): web_url("terminalmonitoring") started  	[MsgId: MMSG-26355]
Action.c(279): Continuing after Error -26547: Authentication required, please use "web_set_user", e.g. web_set_user("domain\\user", "password", "host:port");  	[MsgId: MERR-26547]
Action.c(279): Continuing after Error -26630: HTTP Status-Code=401 (Unauthorized) for "http://10.184.129.108/webapi/api/terminalmonitoring"  	[MsgId: MERR-26630]
End auto log messages stack.	[MsgId: MMSG-10544]


Start auto log messages stack - Iteration 8.	[MsgId: MMSG-10545]
Action.c(303): Notify: The 13th error message associated with transaction "User_login" is "Error -26630: HTTP Status-Code=401 (Unauthorized) for "http://10.184.129.108/webapi/api/systemversion""	[MsgId: MMSG-16819]
Action.c(303): Notify: The 14th error message associated with transaction "User_login" is "Error -26547: Authentication required, please use "web_set_user", e.g. web_set_user("domain\\user", "password", "host:port");"	[MsgId: MMSG-16819]
Action.c(303): Notify: The 15th error message associated with transaction "User_login" is "Error -26630: HTTP Status-Code=401 (Unauthorized) for "http://10.184.129.108/webapi/api/terminalmonitoring""	[MsgId: MMSG-16819]
Action.c(305): lr_think_time: 5.00 seconds.	[MsgId: MMSG-15948]
Action.c(307): web_url("reconciliation-list.html") started  	[MsgId: MMSG-26355]
Action.c(307): web_url("reconciliation-list.html") was successful, 17522 body bytes, 248 header bytes  	[MsgId: MMSG-26386]
Action.c(315): web_url("getUnmatchImages") started  	[MsgId: MMSG-26355]
Action.c(315): Continuing after Error -26547: Authentication required, please use "web_set_user", e.g. web_set_user("domain\\user", "password", "host:port");  	[MsgId: MERR-26547]
Action.c(315): Continuing after Error -26630: HTTP Status-Code=401 (Unauthorized) for "http://10.184.129.108/webapi/api/reconciliation/getUnmatchImages?days=1"  	[MsgId: MERR-26630]
End auto log messages stack.	[MsgId: MMSG-10544]


Start auto log messages stack - Iteration 8.	[MsgId: MMSG-10545]
Action.c(315): web_url("getUnmatchImages") highest severity level was "continue on error", 61 body bytes, 294 header bytes  	[MsgId: MMSG-26388]
Action.c(315): Continuing after error in Vuser script.	[MsgId: MMSG-10678]
Action.c(323): web_url("allTerminals") started  	[MsgId: MMSG-26355]
Action.c(323): Continuing after Error -26547: Authentication required, please use "web_set_user", e.g. web_set_user("domain\\user", "password", "host:port");  	[MsgId: MERR-26547]
Action.c(323): Continuing after Error -26630: HTTP Status-Code=401 (Unauthorized) for "http://10.184.129.108/webapi/api/terminal/allTerminals"  	[MsgId: MERR-26630]
End auto log messages stack.	[MsgId: MMSG-10544]


Start auto log messages stack - Iteration 8.	[MsgId: MMSG-10545]
Action.c(394): lr_think_time: 5.00 seconds.	[MsgId: MMSG-15948]
Action.c(397): web_url("CheckLoginStatus_25") started  	[MsgId: MMSG-26355]
Action.c(397): HTML parsing not performed for Content-Type "application/json" ("ParseHtmlContentType" Run-Time Setting is "TEXT"). URL="http://10.184.129.108/Platform/Account/CheckLoginStatus"  	[MsgId: MMSG-26548]
Action.c(397): web_url("CheckLoginStatus_25") was successful, 5 body bytes, 251 header bytes  	[MsgId: MMSG-26386]
Action.c(407): web_reg_save_param started  	[MsgId: MMSG-26355]
Action.c(407): Registering web_reg_save_param was successful  	[MsgId: MMSG-26390]
Action.c(412): Notify: Transaction "Film_By_ModalityName" started.	[MsgId: MMSG-16999]
Action.c(414): web_custom_request("Film_By_ModalityName") started  	[MsgId: MMSG-26355]
Action.c(414): Continuing after Error -26612: HTTP Status-Code=500 (EntityException) for "http://10.184.129.108/webapi/api/statistics/getfilmprintcountstatisticsbymodalityname?DepartmentIDsList=3&DepartmentIDsList=12&DepartmentIDsList=4&DepartmentIDsList=5&DepartmentIDsList=6&DepartmentIDsList=7&DepartmentIDsList=8&DepartmentIDsList=9&DepartmentIDsList=10&DepartmentIDsList=11&DepartmentIDsList=2&DepartmentIDsList=1&EndDate=2018-01-08T23:59:59.999Z&StartDate=2016%2F01%2F01+00:00:00"  	[MsgId: MERR-26612]
Action.c(414): Continuing after Error -26377: No match found for the requested parameter "Film_By_ModalityName". Either the specified boundaries were not found in the response or the matched text is longer than current max html parameter size of 90000 bytes. The total length of the response is 78 bytes. You can use "web_set_max_html_param_len" to increase the max parameter size.  	[MsgId: MERR-26377]
End auto log messages stack.	[MsgId: MMSG-10544]


Start auto log messages stack - Iteration 8.	[MsgId: MMSG-10545]
Action.c(422): Notify: The 1st error message associated with transaction "Film_By_ModalityName" is "Error -26612: HTTP Status-Code=500 (EntityException) for "http://10.184.129.108/webapi/api/statistics/getfilmprintcountstatisticsbymodalityname?DepartmentIDsList=3&DepartmentIDsList=12&DepartmentIDsList=4&DepartmentIDsList=5&DepartmentIDsList=6&DepartmentIDsList=7&DepartmentIDsList=8&DepartmentIDsList=9&DepartmentIDsList=10&DepartmentIDsList=11&DepartmentIDsList=2&DepartmentIDsList=1&EndDate=2018-01-08T23:59:59.999Z&StartDate=2016%2F01%2F01+00:00:00""	[MsgId: MMSG-16819]
Action.c(422): Notify: The 2nd error message associated with transaction "Film_By_ModalityName" is "Error -26377: No match found for the requested parameter "Film_By_ModalityName". Either the specified boundaries were not found in the response or the matched text is longer than current max html parameter size of 90000 bytes. The total length of the response is 78 bytes. You can use "web_set_max_html_param_len" to increase the max parameter size."	[MsgId: MMSG-16819]
The result is:  	[MsgId: MMSG-17999]
Action.c(428): Error: Film_By_ModalityName fail	[MsgId: MERR-17999]
End auto log messages stack.	[MsgId: MMSG-10544]


Start auto log messages stack - Iteration 8.	[MsgId: MMSG-10545]
Action.c(431): lr_think_time: 5.00 seconds.	[MsgId: MMSG-15948]
Action.c(433): web_url("CheckLoginStatus_25") started  	[MsgId: MMSG-26355]
Action.c(433): HTML parsing not performed for Content-Type "application/json" ("ParseHtmlContentType" Run-Time Setting is "TEXT"). URL="http://10.184.129.108/Platform/Account/CheckLoginStatus"  	[MsgId: MMSG-26548]
Action.c(433): web_url("CheckLoginStatus_25") was successful, 5 body bytes, 251 header bytes  	[MsgId: MMSG-26386]
Action.c(442): web_reg_save_param started  	[MsgId: MMSG-26355]
Action.c(442): Registering web_reg_save_param was successful  	[MsgId: MMSG-26390]
Action.c(447): Notify: Transaction "Film_By_Terminal" started.	[MsgId: MMSG-16999]
Action.c(449): web_custom_request("Film_By_Terminal") started  	[MsgId: MMSG-26355]
Action.c(449): Continuing after Error -26612: HTTP Status-Code=500 (EntityException) for "http://10.184.129.108/webapi/api/statistics/getfilmprintcountstatisticsbyterminal?DepartmentIDsList=3&DepartmentIDsList=12&DepartmentIDsList=4&DepartmentIDsList=5&DepartmentIDsList=6&DepartmentIDsList=7&DepartmentIDsList=8&DepartmentIDsList=9&DepartmentIDsList=10&DepartmentIDsList=11&DepartmentIDsList=2&DepartmentIDsList=1&EndDate=2018-01-08T23:59:59.999Z&StartDate=2016%2F01%2F01+00:00:00"  	[MsgId: MERR-26612]
Action.c(449): Continuing after Error -26377: No match found for the requested parameter "Film_By_Terminal". Either the specified boundaries were not found in the response or the matched text is longer than current max html parameter size of 90000 bytes. The total length of the response is 78 bytes. You can use "web_set_max_html_param_len" to increase the max parameter size.  	[MsgId: MERR-26377]
End auto log messages stack.	[MsgId: MMSG-10544]


Start auto log messages stack - Iteration 8.	[MsgId: MMSG-10545]
Action.c(457): Notify: Transaction "Film_By_Terminal" has 2 error message(s).	[MsgId: MMSG-16818]
Action.c(457): Notify: The 1st error message associated with transaction "Film_By_Terminal" is "Error -26612: HTTP Status-Code=500 (EntityException) for "http://10.184.129.108/webapi/api/statistics/getfilmprintcountstatisticsbyterminal?DepartmentIDsList=3&DepartmentIDsList=12&DepartmentIDsList=4&DepartmentIDsList=5&DepartmentIDsList=6&DepartmentIDsList=7&DepartmentIDsList=8&DepartmentIDsList=9&DepartmentIDsList=10&DepartmentIDsList=11&DepartmentIDsList=2&DepartmentIDsList=1&EndDate=2018-01-08T23:59:59.999Z&StartDate=2016%2F01%2F01+00:00:00""	[MsgId: MMSG-16819]
Action.c(457): Notify: The 2nd error message associated with transaction "Film_By_Terminal" is "Error -26377: No match found for the requested parameter "Film_By_Terminal". Either the specified boundaries were not found in the response or the matched text is longer than current max html parameter size of 90000 bytes. The total length of the response is 78 bytes. You can use "web_set_max_html_param_len" to increase the max parameter size."	[MsgId: MMSG-16819]
The result is:  	[MsgId: MMSG-17999]
Action.c(463): Error: Film_By_Terminal fail	[MsgId: MERR-17999]
End auto log messages stack.	[MsgId: MMSG-10544]


Start auto log messages stack - Iteration 8.	[MsgId: MMSG-10545]
Action.c(536): lr_think_time: 5.00 seconds.	[MsgId: MMSG-15948]
Action.c(538): web_url("CheckLoginStatus_25") started  	[MsgId: MMSG-26355]
Action.c(538): HTML parsing not performed for Content-Type "application/json" ("ParseHtmlContentType" Run-Time Setting is "TEXT"). URL="http://10.184.129.108/Platform/Account/CheckLoginStatus"  	[MsgId: MMSG-26548]
Action.c(538): web_url("CheckLoginStatus_25") was successful, 5 body bytes, 251 header bytes  	[MsgId: MMSG-26386]
Action.c(548): web_reg_save_param started  	[MsgId: MMSG-26355]
Action.c(548): Registering web_reg_save_param was successful  	[MsgId: MMSG-26390]
Action.c(553): Notify: Transaction "Film_printed_By_CentralPrint" started.	[MsgId: MMSG-16999]
Action.c(555): web_custom_request("Film_printed_By_CentralPrint") started  	[MsgId: MMSG-26355]
Action.c(555): Continuing after Error -26612: HTTP Status-Code=500 (EntityException) for "http://10.184.129.108/webapi/api/statistics/getfilmprintcountstatisticsbycentralprint??DepartmentIDsList=3&DepartmentIDsList=12&DepartmentIDsList=4&DepartmentIDsList=5&DepartmentIDsList=6&DepartmentIDsList=7&DepartmentIDsList=8&DepartmentIDsList=9&DepartmentIDsList=10&DepartmentIDsList=11&DepartmentIDsList=2&DepartmentIDsList=1&EndDate=2018-01-08T23:59:59.999Z&StartDate=2016%2F01%2F01+00:00:00"  	[MsgId: MERR-26612]
Action.c(555): Continuing after Error -26377: No match found for the requested parameter "Film_printed_By_CentralPrint". Either the specified boundaries were not found in the response or the matched text is longer than current max html parameter size of 90000 bytes. The total length of the response is 78 bytes. You can use "web_set_max_html_param_len" to increase the max parameter size.  	[MsgId: MERR-26377]
End auto log messages stack.	[MsgId: MMSG-10544]


Start auto log messages stack - Iteration 8.	[MsgId: MMSG-10545]
Action.c(563): Notify: The 1st error message associated with transaction "Film_printed_By_CentralPrint" is "Error -26612: HTTP Status-Code=500 (EntityException) for "http://10.184.129.108/webapi/api/statistics/getfilmprintcountstatisticsbycentralprint??DepartmentIDsList=3&DepartmentIDsList=12&DepartmentIDsList=4&DepartmentIDsList=5&DepartmentIDsList=6&DepartmentIDsList=7&DepartmentIDsList=8&DepartmentIDsList=9&DepartmentIDsList=10&DepartmentIDsList=11&DepartmentIDsList=2&DepartmentIDsList=1&EndDate=2018-01-08T23:59:59.999Z&StartDate=2016%2F01%2F01+00:00:00""	[MsgId: MMSG-16819]
Action.c(563): Notify: The 2nd error message associated with transaction "Film_printed_By_CentralPrint" is "Error -26377: No match found for the requested parameter "Film_printed_By_CentralPrint". Either the specified boundaries were not found in the response or the matched text is longer than current max html parameter size of 90000 bytes. The total length of the response is 78 bytes. You can use "web_set_max_html_param_len" to increase the max parameter size."	[MsgId: MMSG-16819]
The result is:  	[MsgId: MMSG-17999]
Action.c(569): Error: Film_printed_By_CentralPrint fail	[MsgId: MERR-17999]
End auto log messages stack.	[MsgId: MMSG-10544]


Start auto log messages stack - Iteration 11.	[MsgId: MMSG-10545]
Action.c(658): lr_think_time: 5.00 seconds.	[MsgId: MMSG-15948]
Action.c(660): web_url("CheckLoginStatus_25") started  	[MsgId: MMSG-26355]
Action.c(660): HTML parsing not performed for Content-Type "application/json" ("ParseHtmlContentType" Run-Time Setting is "TEXT"). URL="http://10.184.129.108/Platform/Account/CheckLoginStatus"  	[MsgId: MMSG-26548]
Action.c(660): web_url("CheckLoginStatus_25") was successful, 4 body bytes, 251 header bytes  	[MsgId: MMSG-26386]
Action.c(669): web_reg_save_param started  	[MsgId: MMSG-26355]
Action.c(669): Registering web_reg_save_param was successful  	[MsgId: MMSG-26390]
Action.c(674): Notify: Transaction "Report_By_PaperSize" started.	[MsgId: MMSG-16999]
Action.c(676): web_custom_request("Report_By_PaperSize") started  	[MsgId: MMSG-26355]
Action.c(676): Continuing after Error -26612: HTTP Status-Code=500 (EntityException) for "http://10.184.129.108/webapi/api/statistics/getreportprintcountstatisticsbytypesize?DepartmentIDsList=3&DepartmentIDsList=12&DepartmentIDsList=4&DepartmentIDsList=5&DepartmentIDsList=6&DepartmentIDsList=7&DepartmentIDsList=8&DepartmentIDsList=9&DepartmentIDsList=10&DepartmentIDsList=11&DepartmentIDsList=2&DepartmentIDsList=1&EndDate=2018-01-08T23:59:59.999Z&StartDate=2016%2F01%2F01+00:00:00"  	[MsgId: MERR-26612]
Action.c(676): Continuing after Error -26377: No match found for the requested parameter "Report_By_PaperSize". Either the specified boundaries were not found in the response or the matched text is longer than current max html parameter size of 90000 bytes. The total length of the response is 78 bytes. You can use "web_set_max_html_param_len" to increase the max parameter size.  	[MsgId: MERR-26377]
End auto log messages stack.	[MsgId: MMSG-10544]


Start auto log messages stack - Iteration 11.	[MsgId: MMSG-10545]
Action.c(684): Notify: The 1st error message associated with transaction "Report_By_PaperSize" is "Error -26612: HTTP Status-Code=500 (EntityException) for "http://10.184.129.108/webapi/api/statistics/getreportprintcountstatisticsbytypesize?DepartmentIDsList=3&DepartmentIDsList=12&DepartmentIDsList=4&DepartmentIDsList=5&DepartmentIDsList=6&DepartmentIDsList=7&DepartmentIDsList=8&DepartmentIDsList=9&DepartmentIDsList=10&DepartmentIDsList=11&DepartmentIDsList=2&DepartmentIDsList=1&EndDate=2018-01-08T23:59:59.999Z&StartDate=2016%2F01%2F01+00:00:00""	[MsgId: MMSG-16819]
Action.c(684): Notify: The 2nd error message associated with transaction "Report_By_PaperSize" is "Error -26377: No match found for the requested parameter "Report_By_PaperSize". Either the specified boundaries were not found in the response or the matched text is longer than current max html parameter size of 90000 bytes. The total length of the response is 78 bytes. You can use "web_set_max_html_param_len" to increase the max parameter size."	[MsgId: MMSG-16819]
The result is:  	[MsgId: MMSG-17999]
Action.c(690): Error: Report_By_PaperSize fail	[MsgId: MERR-17999]
End auto log messages stack.	[MsgId: MMSG-10544]


Start auto log messages stack - Iteration 11.	[MsgId: MMSG-10545]
Action.c(693): lr_think_time: 5.00 seconds.	[MsgId: MMSG-15948]
Action.c(695): web_url("CheckLoginStatus_25") started  	[MsgId: MMSG-26355]
Action.c(695): Continuing after Error -27788: Failed to transmit data to network: [10054] Connection reset by peer
This is probably because the SSL protocol version is not supported. Try switching the TLS/SSL version using "web_set_sockets_option" API.  	[MsgId: MERR-27788]
End auto log messages stack.	[MsgId: MMSG-10544]


