Start auto log messages stack - Iteration 12.	[MsgId: MMSG-10545]
Action.c(143): Resource "http://10.184.129.108/Platform/app/workarea/dicomviewer/controllers/dicom-viewer-ctrl.js" is in the cache already and will not be downloaded again  	[MsgId: MMSG-26655]
Action.c(143): web_url("workarea") was successful, 45692 body bytes, 2548 header bytes  	[MsgId: MMSG-26386]
Action.c(203): web_add_auto_header("Authorization") started  	[MsgId: MMSG-26355]
Action.c(203): Warning -26593: The header being added may cause unpredictable results when applied to all ensuing URLs. It is added anyway  	[MsgId: MWAR-26593]
Action.c(203): web_add_auto_header("Authorization") highest severity level was "warning"  	[MsgId: MMSG-26391]
Action.c(205): web_url("tableRowsPerPage") started  	[MsgId: MMSG-26355]
Action.c(205): Continuing after Error -26612: HTTP Status-Code=500 (Internal Server Error) for "http://10.184.129.108/webapi/api/tableRowsPerPage"  	[MsgId: MERR-26612]
End auto log messages stack.	[MsgId: MMSG-10544]


Start auto log messages stack - Iteration 12.	[MsgId: MMSG-10545]
Action.c(205): web_url("tableRowsPerPage") highest severity level was "continue on error", 3426 body bytes, 240 header bytes  	[MsgId: MMSG-26388]
Action.c(205): Continuing after error in Vuser script.	[MsgId: MMSG-10678]
Action.c(213): web_url("worklistcolumns") started  	[MsgId: MMSG-26355]
Action.c(213): Continuing after Error -26612: HTTP Status-Code=500 (Internal Server Error) for "http://10.184.129.108/webapi/api/worklist/worklistcolumns"  	[MsgId: MERR-26612]
End auto log messages stack.	[MsgId: MMSG-10544]


Start auto log messages stack - Iteration 12.	[MsgId: MMSG-10545]
Action.c(213): web_url("worklistcolumns") highest severity level was "continue on error", 3426 body bytes, 240 header bytes  	[MsgId: MMSG-26388]
Action.c(213): Continuing after error in Vuser script.	[MsgId: MMSG-10678]
Action.c(221): web_url("incompleteTaskEnabled") started  	[MsgId: MMSG-26355]
Action.c(221): Continuing after Error -26612: HTTP Status-Code=500 (Internal Server Error) for "http://10.184.129.108/webapi/api/systemConfiguration/incompleteTaskEnabled"  	[MsgId: MERR-26612]
End auto log messages stack.	[MsgId: MMSG-10544]


Start auto log messages stack - Iteration 12.	[MsgId: MMSG-10545]
Action.c(221): web_url("incompleteTaskEnabled") highest severity level was "continue on error", 3426 body bytes, 240 header bytes  	[MsgId: MMSG-26388]
Action.c(221): Continuing after error in Vuser script.	[MsgId: MMSG-10678]
Action.c(229): web_url("systemversion") started  	[MsgId: MMSG-26355]
Action.c(229): Continuing after Error -26612: HTTP Status-Code=500 (Internal Server Error) for "http://10.184.129.108/webapi/api/systemversion"  	[MsgId: MERR-26612]
End auto log messages stack.	[MsgId: MMSG-10544]


Start auto log messages stack - Iteration 12.	[MsgId: MMSG-10545]
Action.c(261): HTML parsing not performed for Content-Type "application/json" ("ParseHtmlContentType" Run-Time Setting is "TEXT"). URL="http://10.184.129.108/Platform/Account/CheckLoginStatus"  	[MsgId: MMSG-26548]
Action.c(261): web_url("CheckLoginStatus_4") was successful, 4 body bytes, 251 header bytes  	[MsgId: MMSG-26386]
Action.c(269): web_url("terminalmonitor-template.html") started  	[MsgId: MMSG-26355]
Action.c(269): Downloading resource "http://10.184.129.108/Platform/fonts/glyphicons-halflings-regular.woff2" (specified by argument number 8)  	[MsgId: MMSG-26577]
Action.c(269): web_url("terminalmonitor-template.html") was successful, 47024 body bytes, 509 header bytes  	[MsgId: MMSG-26386]
Action.c(279): web_url("terminalmonitoring") started  	[MsgId: MMSG-26355]
Action.c(279): Continuing after Error -26612: HTTP Status-Code=500 (Internal Server Error) for "http://10.184.129.108/webapi/api/terminalmonitoring"  	[MsgId: MERR-26612]
End auto log messages stack.	[MsgId: MMSG-10544]


Start auto log messages stack - Iteration 12.	[MsgId: MMSG-10545]
Action.c(303): Notify: The 3rd error message associated with transaction "User_login" is "Error -26612: HTTP Status-Code=500 (Internal Server Error) for "http://10.184.129.108/webapi/api/systemConfiguration/incompleteTaskEnabled""	[MsgId: MMSG-16819]
Action.c(303): Notify: The 4th error message associated with transaction "User_login" is "Error -26612: HTTP Status-Code=500 (Internal Server Error) for "http://10.184.129.108/webapi/api/systemversion""	[MsgId: MMSG-16819]
Action.c(303): Notify: The 5th error message associated with transaction "User_login" is "Error -26612: HTTP Status-Code=500 (Internal Server Error) for "http://10.184.129.108/webapi/api/terminalmonitoring""	[MsgId: MMSG-16819]
Action.c(305): lr_think_time: 5.00 seconds.	[MsgId: MMSG-15948]
Action.c(307): web_url("reconciliation-list.html") started  	[MsgId: MMSG-26355]
Action.c(307): web_url("reconciliation-list.html") was successful, 17522 body bytes, 248 header bytes  	[MsgId: MMSG-26386]
Action.c(315): web_url("getUnmatchImages") started  	[MsgId: MMSG-26355]
Action.c(315): Continuing after Error -26612: HTTP Status-Code=500 (Internal Server Error) for "http://10.184.129.108/webapi/api/reconciliation/getUnmatchImages?days=1"  	[MsgId: MERR-26612]
End auto log messages stack.	[MsgId: MMSG-10544]


Start auto log messages stack - Iteration 12.	[MsgId: MMSG-10545]
Action.c(315): web_url("getUnmatchImages") highest severity level was "continue on error", 3426 body bytes, 240 header bytes  	[MsgId: MMSG-26388]
Action.c(315): Continuing after error in Vuser script.	[MsgId: MMSG-10678]
Action.c(323): web_url("allTerminals") started  	[MsgId: MMSG-26355]
Action.c(323): Continuing after Error -26612: HTTP Status-Code=500 (Internal Server Error) for "http://10.184.129.108/webapi/api/terminal/allTerminals"  	[MsgId: MERR-26612]
End auto log messages stack.	[MsgId: MMSG-10544]


Start auto log messages stack - Iteration 12.	[MsgId: MMSG-10545]
Action.c(360): web_url("CheckLoginStatus_25") started  	[MsgId: MMSG-26355]
Action.c(360): HTML parsing not performed for Content-Type "application/json" ("ParseHtmlContentType" Run-Time Setting is "TEXT"). URL="http://10.184.129.108/Platform/Account/CheckLoginStatus"  	[MsgId: MMSG-26548]
Action.c(360): web_url("CheckLoginStatus_25") was successful, 4 body bytes, 251 header bytes  	[MsgId: MMSG-26386]
Action.c(369): web_reg_save_param started  	[MsgId: MMSG-26355]
Action.c(369): Registering web_reg_save_param was successful  	[MsgId: MMSG-26390]
Action.c(375): Notify: Transaction "Film_By_ModalityType" started.	[MsgId: MMSG-16999]
Action.c(377): web_custom_request("Film_By_ModalityType") started  	[MsgId: MMSG-26355]
Action.c(377): Continuing after Error -26612: HTTP Status-Code=500 (Internal Server Error) for "http://10.184.129.108/webapi/api/statistics/getfilmprintcountstatisticsbymodalitytype?DepartmentIDsList=3&DepartmentIDsList=12&DepartmentIDsList=4&DepartmentIDsList=5&DepartmentIDsList=6&DepartmentIDsList=7&DepartmentIDsList=8&DepartmentIDsList=9&DepartmentIDsList=10&DepartmentIDsList=11&DepartmentIDsList=2&DepartmentIDsList=1&EndDate=2018-01-05T23:59:59.999Z&StartDate=2016%2F01%2F01+00:00:00"  	[MsgId: MERR-26612]
Action.c(377): Continuing after Error -26377: No match found for the requested parameter "Film_By_ModalityType". Either the specified boundaries were not found in the response or the matched text is longer than current max html parameter size of 90000 bytes. The total length of the response is 3426 bytes. You can use "web_set_max_html_param_len" to increase the max parameter size.  	[MsgId: MERR-26377]
End auto log messages stack.	[MsgId: MMSG-10544]


Start auto log messages stack - Iteration 12.	[MsgId: MMSG-10545]
Action.c(385): Notify: The 1st error message associated with transaction "Film_By_ModalityType" is "Error -26612: HTTP Status-Code=500 (Internal Server Error) for "http://10.184.129.108/webapi/api/statistics/getfilmprintcountstatisticsbymodalitytype?DepartmentIDsList=3&DepartmentIDsList=12&DepartmentIDsList=4&DepartmentIDsList=5&DepartmentIDsList=6&DepartmentIDsList=7&DepartmentIDsList=8&DepartmentIDsList=9&DepartmentIDsList=10&DepartmentIDsList=11&DepartmentIDsList=2&DepartmentIDsList=1&EndDate=2018-01-05T23:59:59.999Z&StartDate=2016%2F01%2F01+00:00:00""	[MsgId: MMSG-16819]
Action.c(385): Notify: The 2nd error message associated with transaction "Film_By_ModalityType" is "Error -26377: No match found for the requested parameter "Film_By_ModalityType". Either the specified boundaries were not found in the response or the matched text is longer than current max html parameter size of 90000 bytes. The total length of the response is 3426 bytes. You can use "web_set_max_html_param_len" to increase the max parameter size."	[MsgId: MMSG-16819]
The result is:  	[MsgId: MMSG-17999]
Action.c(391): Error: Film_By_ModalityType fail	[MsgId: MERR-17999]
End auto log messages stack.	[MsgId: MMSG-10544]


Start auto log messages stack - Iteration 12.	[MsgId: MMSG-10545]
Action.c(394): lr_think_time: 5.00 seconds.	[MsgId: MMSG-15948]
Action.c(397): web_url("CheckLoginStatus_25") started  	[MsgId: MMSG-26355]
Action.c(397): HTML parsing not performed for Content-Type "application/json" ("ParseHtmlContentType" Run-Time Setting is "TEXT"). URL="http://10.184.129.108/Platform/Account/CheckLoginStatus"  	[MsgId: MMSG-26548]
Action.c(397): web_url("CheckLoginStatus_25") was successful, 4 body bytes, 251 header bytes  	[MsgId: MMSG-26386]
Action.c(407): web_reg_save_param started  	[MsgId: MMSG-26355]
Action.c(407): Registering web_reg_save_param was successful  	[MsgId: MMSG-26390]
Action.c(412): Notify: Transaction "Film_By_ModalityName" started.	[MsgId: MMSG-16999]
Action.c(414): web_custom_request("Film_By_ModalityName") started  	[MsgId: MMSG-26355]
Action.c(414): Continuing after Error -26612: HTTP Status-Code=500 (Internal Server Error) for "http://10.184.129.108/webapi/api/statistics/getfilmprintcountstatisticsbymodalityname?DepartmentIDsList=3&DepartmentIDsList=12&DepartmentIDsList=4&DepartmentIDsList=5&DepartmentIDsList=6&DepartmentIDsList=7&DepartmentIDsList=8&DepartmentIDsList=9&DepartmentIDsList=10&DepartmentIDsList=11&DepartmentIDsList=2&DepartmentIDsList=1&EndDate=2018-01-05T23:59:59.999Z&StartDate=2016%2F01%2F01+00:00:00"  	[MsgId: MERR-26612]
Action.c(414): Continuing after Error -26377: No match found for the requested parameter "Film_By_ModalityName". Either the specified boundaries were not found in the response or the matched text is longer than current max html parameter size of 90000 bytes. The total length of the response is 3426 bytes. You can use "web_set_max_html_param_len" to increase the max parameter size.  	[MsgId: MERR-26377]
End auto log messages stack.	[MsgId: MMSG-10544]


Start auto log messages stack - Iteration 12.	[MsgId: MMSG-10545]
Action.c(422): Notify: The 1st error message associated with transaction "Film_By_ModalityName" is "Error -26612: HTTP Status-Code=500 (Internal Server Error) for "http://10.184.129.108/webapi/api/statistics/getfilmprintcountstatisticsbymodalityname?DepartmentIDsList=3&DepartmentIDsList=12&DepartmentIDsList=4&DepartmentIDsList=5&DepartmentIDsList=6&DepartmentIDsList=7&DepartmentIDsList=8&DepartmentIDsList=9&DepartmentIDsList=10&DepartmentIDsList=11&DepartmentIDsList=2&DepartmentIDsList=1&EndDate=2018-01-05T23:59:59.999Z&StartDate=2016%2F01%2F01+00:00:00""	[MsgId: MMSG-16819]
Action.c(422): Notify: The 2nd error message associated with transaction "Film_By_ModalityName" is "Error -26377: No match found for the requested parameter "Film_By_ModalityName". Either the specified boundaries were not found in the response or the matched text is longer than current max html parameter size of 90000 bytes. The total length of the response is 3426 bytes. You can use "web_set_max_html_param_len" to increase the max parameter size."	[MsgId: MMSG-16819]
The result is:  	[MsgId: MMSG-17999]
Action.c(428): Error: Film_By_ModalityName fail	[MsgId: MERR-17999]
End auto log messages stack.	[MsgId: MMSG-10544]


Start auto log messages stack - Iteration 12.	[MsgId: MMSG-10545]
Action.c(431): lr_think_time: 5.00 seconds.	[MsgId: MMSG-15948]
Action.c(433): web_url("CheckLoginStatus_25") started  	[MsgId: MMSG-26355]
Action.c(433): HTML parsing not performed for Content-Type "application/json" ("ParseHtmlContentType" Run-Time Setting is "TEXT"). URL="http://10.184.129.108/Platform/Account/CheckLoginStatus"  	[MsgId: MMSG-26548]
Action.c(433): web_url("CheckLoginStatus_25") was successful, 4 body bytes, 251 header bytes  	[MsgId: MMSG-26386]
Action.c(442): web_reg_save_param started  	[MsgId: MMSG-26355]
Action.c(442): Registering web_reg_save_param was successful  	[MsgId: MMSG-26390]
Action.c(447): Notify: Transaction "Film_By_Terminal" started.	[MsgId: MMSG-16999]
Action.c(449): web_custom_request("Film_By_Terminal") started  	[MsgId: MMSG-26355]
Action.c(449): Continuing after Error -26612: HTTP Status-Code=500 (Internal Server Error) for "http://10.184.129.108/webapi/api/statistics/getfilmprintcountstatisticsbyterminal?DepartmentIDsList=3&DepartmentIDsList=12&DepartmentIDsList=4&DepartmentIDsList=5&DepartmentIDsList=6&DepartmentIDsList=7&DepartmentIDsList=8&DepartmentIDsList=9&DepartmentIDsList=10&DepartmentIDsList=11&DepartmentIDsList=2&DepartmentIDsList=1&EndDate=2018-01-05T23:59:59.999Z&StartDate=2016%2F01%2F01+00:00:00"  	[MsgId: MERR-26612]
Action.c(449): Continuing after Error -26377: No match found for the requested parameter "Film_By_Terminal". Either the specified boundaries were not found in the response or the matched text is longer than current max html parameter size of 90000 bytes. The total length of the response is 3426 bytes. You can use "web_set_max_html_param_len" to increase the max parameter size.  	[MsgId: MERR-26377]
End auto log messages stack.	[MsgId: MMSG-10544]


Start auto log messages stack - Iteration 12.	[MsgId: MMSG-10545]
Action.c(457): Notify: Transaction "Film_By_Terminal" has 2 error message(s).	[MsgId: MMSG-16818]
Action.c(457): Notify: The 1st error message associated with transaction "Film_By_Terminal" is "Error -26612: HTTP Status-Code=500 (Internal Server Error) for "http://10.184.129.108/webapi/api/statistics/getfilmprintcountstatisticsbyterminal?DepartmentIDsList=3&DepartmentIDsList=12&DepartmentIDsList=4&DepartmentIDsList=5&DepartmentIDsList=6&DepartmentIDsList=7&DepartmentIDsList=8&DepartmentIDsList=9&DepartmentIDsList=10&DepartmentIDsList=11&DepartmentIDsList=2&DepartmentIDsList=1&EndDate=2018-01-05T23:59:59.999Z&StartDate=2016%2F01%2F01+00:00:00""	[MsgId: MMSG-16819]
Action.c(457): Notify: The 2nd error message associated with transaction "Film_By_Terminal" is "Error -26377: No match found for the requested parameter "Film_By_Terminal". Either the specified boundaries were not found in the response or the matched text is longer than current max html parameter size of 90000 bytes. The total length of the response is 3426 bytes. You can use "web_set_max_html_param_len" to increase the max parameter size."	[MsgId: MMSG-16819]
The result is:  	[MsgId: MMSG-17999]
Action.c(463): Error: Film_By_Terminal fail	[MsgId: MERR-17999]
End auto log messages stack.	[MsgId: MMSG-10544]


Start auto log messages stack - Iteration 12.	[MsgId: MMSG-10545]
Action.c(466): lr_think_time: 5.00 seconds.	[MsgId: MMSG-15948]
Action.c(468): web_url("CheckLoginStatus_25") started  	[MsgId: MMSG-26355]
Action.c(468): HTML parsing not performed for Content-Type "application/json" ("ParseHtmlContentType" Run-Time Setting is "TEXT"). URL="http://10.184.129.108/Platform/Account/CheckLoginStatus"  	[MsgId: MMSG-26548]
Action.c(468): web_url("CheckLoginStatus_25") was successful, 4 body bytes, 251 header bytes  	[MsgId: MMSG-26386]
Action.c(477): web_reg_save_param started  	[MsgId: MMSG-26355]
Action.c(477): Registering web_reg_save_param was successful  	[MsgId: MMSG-26390]
Action.c(482): Notify: Transaction "Film_By_FilmSize" started.	[MsgId: MMSG-16999]
Action.c(484): web_custom_request("Film_By_FilmSize") started  	[MsgId: MMSG-26355]
Action.c(484): Continuing after Error -26612: HTTP Status-Code=500 (Internal Server Error) for "http://10.184.129.108/webapi/api/statistics/getfilmprintcountstatisticsbyfilmsize?DepartmentIDsList=3&DepartmentIDsList=12&DepartmentIDsList=4&DepartmentIDsList=5&DepartmentIDsList=6&DepartmentIDsList=7&DepartmentIDsList=8&DepartmentIDsList=9&DepartmentIDsList=10&DepartmentIDsList=11&DepartmentIDsList=2&DepartmentIDsList=1&EndDate=2018-01-05T23:59:59.999Z&StartDate=2016%2F01%2F01+00:00:00"  	[MsgId: MERR-26612]
Action.c(484): Continuing after Error -26377: No match found for the requested parameter "Film_By_FilmSize". Either the specified boundaries were not found in the response or the matched text is longer than current max html parameter size of 90000 bytes. The total length of the response is 3426 bytes. You can use "web_set_max_html_param_len" to increase the max parameter size.  	[MsgId: MERR-26377]
End auto log messages stack.	[MsgId: MMSG-10544]


Start auto log messages stack - Iteration 12.	[MsgId: MMSG-10545]
Action.c(492): Notify: Transaction "Film_By_FilmSize" has 2 error message(s).	[MsgId: MMSG-16818]
Action.c(492): Notify: The 1st error message associated with transaction "Film_By_FilmSize" is "Error -26612: HTTP Status-Code=500 (Internal Server Error) for "http://10.184.129.108/webapi/api/statistics/getfilmprintcountstatisticsbyfilmsize?DepartmentIDsList=3&DepartmentIDsList=12&DepartmentIDsList=4&DepartmentIDsList=5&DepartmentIDsList=6&DepartmentIDsList=7&DepartmentIDsList=8&DepartmentIDsList=9&DepartmentIDsList=10&DepartmentIDsList=11&DepartmentIDsList=2&DepartmentIDsList=1&EndDate=2018-01-05T23:59:59.999Z&StartDate=2016%2F01%2F01+00:00:00""	[MsgId: MMSG-16819]
Action.c(492): Notify: The 2nd error message associated with transaction "Film_By_FilmSize" is "Error -26377: No match found for the requested parameter "Film_By_FilmSize". Either the specified boundaries were not found in the response or the matched text is longer than current max html parameter size of 90000 bytes. The total length of the response is 3426 bytes. You can use "web_set_max_html_param_len" to increase the max parameter size."	[MsgId: MMSG-16819]
The result is:  	[MsgId: MMSG-17999]
Action.c(498): Error: Film_By_FilmSize fail	[MsgId: MERR-17999]
End auto log messages stack.	[MsgId: MMSG-10544]


