Start auto log messages stack - Iteration 12.	[MsgId: MMSG-10545]
Action.c(305): lr_think_time: 5.00 seconds.	[MsgId: MMSG-15948]
Action.c(307): web_url("reconciliation-list.html") started  	[MsgId: MMSG-26355]
Action.c(307): web_url("reconciliation-list.html") was successful, 17522 body bytes, 248 header bytes  	[MsgId: MMSG-26386]
Action.c(315): web_url("getUnmatchImages") started  	[MsgId: MMSG-26355]
Action.c(315): HTML parsing not performed for Content-Type "application/json" ("ParseHtmlContentType" Run-Time Setting is "TEXT"). URL="http://10.184.129.108/webapi/api/reconciliation/getUnmatchImages?days=1"  	[MsgId: MMSG-26548]
Action.c(315): web_url("getUnmatchImages") was successful, 4 body bytes, 257 header bytes  	[MsgId: MMSG-26386]
Action.c(323): web_url("allTerminals") started  	[MsgId: MMSG-26355]
Action.c(323): Continuing after Error -26612: HTTP Status-Code=500 (NullReferenceException) for "http://10.184.129.108/webapi/api/terminal/allTerminals"  	[MsgId: MERR-26612]
End auto log messages stack.	[MsgId: MMSG-10544]


Start auto log messages stack - Iteration 14.	[MsgId: MMSG-10545]
The result is:  departmentID	[MsgId: MMSG-17999]
Action.c(739): lr_think_time: 110.00 seconds.	[MsgId: MMSG-15948]
Action.c(741): web_url("CheckLoginStatus_25") started  	[MsgId: MMSG-26355]
Action.c(741): HTML parsing not performed for Content-Type "application/json" ("ParseHtmlContentType" Run-Time Setting is "TEXT"). URL="http://10.184.129.108/Platform/Account/CheckLoginStatus"  	[MsgId: MMSG-26548]
Action.c(741): web_url("CheckLoginStatus_25") was successful, 4 body bytes, 251 header bytes  	[MsgId: MMSG-26386]
Action.c(753): web_reg_save_param started  	[MsgId: MMSG-26355]
Action.c(753): Registering web_reg_save_param was successful  	[MsgId: MMSG-26390]
Action.c(758): Notify: Transaction "OCR_ModalityType" started.	[MsgId: MMSG-16999]
Action.c(760): web_custom_request("OCR_ModalityType") started  	[MsgId: MMSG-26355]
Action.c(760): Continuing after Error -27778: Timeout (300 seconds) exceeded while waiting to receive data for URL "http://10.184.129.108/webapi/api/statistics/getreportprintcountstatisticsbytypesize?DepartmentIDsList=3&DepartmentIDsList=12&DepartmentIDsList=4&DepartmentIDsList=5&DepartmentIDsList=6&DepartmentIDsList=7&DepartmentIDsList=8&DepartmentIDsList=9&DepartmentIDsList=10&DepartmentIDsList=11&DepartmentIDsList=2&DepartmentIDsList=1&EndDate=2018-01-12T23:59:59.999Z&StartDate=2017-10-14+00:00:00"  	[MsgId: MERR-27778]
End auto log messages stack.	[MsgId: MMSG-10544]


Start auto log messages stack - Iteration 14.	[MsgId: MMSG-10545]
Action.c(760): Aborting download of URL "http://10.184.129.108/webapi/api/statistics/getreportprintcountstatisticsbytypesize?DepartmentIDsList=3&DepartmentIDsList=12&DepartmentIDsList=4&DepartmentIDsList=5&DepartmentIDsList=6&DepartmentIDsList=7&DepartmentIDsList=8&DepartmentIDsList=9&DepartmentIDsList=10&DepartmentIDsList=11&DepartmentIDsList=2&DepartmentIDsList=1&EndDate=2018-01-12T23:59:59.999Z&StartDate=2017-10-14+00:00:00" (RelFrameId=1, Internal ID=2713) (e.g., due to the target document or object being deleted)  	[MsgId: MMSG-26507]
Action.c(760): Continuing after Error -26377: No match found for the requested parameter "OCR_ModalityType". Either the specified boundaries were not found in the response or the matched text is longer than current max html parameter size of 90000 bytes. The total length of the response is 0 bytes. You can use "web_set_max_html_param_len" to increase the max parameter size.  	[MsgId: MERR-26377]
Action.c(760): Continuing after Error -26374: The above "not found" error(s) may be explained by header and body byte counts being 0 and 0, respectively.  	[MsgId: MERR-26374]
End auto log messages stack.	[MsgId: MMSG-10544]


Start auto log messages stack - Iteration 14.	[MsgId: MMSG-10545]
Action.c(768): Notify: The 2nd error message associated with transaction "OCR_ModalityType" is "Error -26377: No match found for the requested parameter "OCR_ModalityType". Either the specified boundaries were not found in the response or the matched text is longer than current max html parameter size of 90000 bytes. The total length of the response is 0 bytes. You can use "web_set_max_html_param_len" to increase the max parameter size."	[MsgId: MMSG-16819]
Action.c(768): Notify: The 3rd error message associated with transaction "OCR_ModalityType" is "Error -26374: The above "not found" error(s) may be explained by header and body byte counts being 0 and 0, respectively."	[MsgId: MMSG-16819]
The result is:  	[MsgId: MMSG-17999]
Action.c(774): Error: OCR_ModalityType fail	[MsgId: MERR-17999]
End auto log messages stack.	[MsgId: MMSG-10544]


Start auto log messages stack - Iteration 14.	[MsgId: MMSG-10545]
Action.c(777): lr_think_time: 110.00 seconds.	[MsgId: MMSG-15948]
Action.c(779): web_url("CheckLoginStatus_25") started  	[MsgId: MMSG-26355]
Action.c(779): Continuing after Error -27788: Failed to transmit data to network: [10054] Connection reset by peer
This is probably because the SSL protocol version is not supported. Try switching the TLS/SSL version using "web_set_sockets_option" API.  	[MsgId: MERR-27788]
End auto log messages stack.	[MsgId: MMSG-10544]


Start auto log messages stack - Iteration 16.	[MsgId: MMSG-10545]
Action.c(582): lr_think_time: 110.00 seconds.	[MsgId: MMSG-15948]
Action.c(584): web_url("CheckLoginStatus_25") started  	[MsgId: MMSG-26355]
Action.c(584): HTML parsing not performed for Content-Type "application/json" ("ParseHtmlContentType" Run-Time Setting is "TEXT"). URL="http://10.184.129.108/Platform/Account/CheckLoginStatus"  	[MsgId: MMSG-26548]
Action.c(584): web_url("CheckLoginStatus_25") was successful, 4 body bytes, 251 header bytes  	[MsgId: MMSG-26386]
Action.c(600): web_reg_save_param started  	[MsgId: MMSG-26355]
Action.c(600): Registering web_reg_save_param was successful  	[MsgId: MMSG-26390]
Action.c(605): Notify: Transaction "Report_By_ModalityType" started.	[MsgId: MMSG-16999]
Action.c(607): web_custom_request("Report_By_ModalityType") started  	[MsgId: MMSG-26355]
Action.c(607): Continuing after Error -26612: HTTP Status-Code=500 (NullReferenceException) for "http://10.184.129.108/webapi/api/statistics/getunprintfilmcountstatisticsbyfilmsize?DepartmentIDsList=3&DepartmentIDsList=12&DepartmentIDsList=4&DepartmentIDsList=5&DepartmentIDsList=6&DepartmentIDsList=7&DepartmentIDsList=8&DepartmentIDsList=9&DepartmentIDsList=10&DepartmentIDsList=11&DepartmentIDsList=2&DepartmentIDsList=1&EndDate=2018-01-12T23:59:59.999Z&StartDate=2017-10-14+00:00:00"  	[MsgId: MERR-26612]
Action.c(607): Continuing after Error -26377: No match found for the requested parameter "Report_By_ModalityType". Either the specified boundaries were not found in the response or the matched text is longer than current max html parameter size of 90000 bytes. The total length of the response is 99 bytes. You can use "web_set_max_html_param_len" to increase the max parameter size.  	[MsgId: MERR-26377]
End auto log messages stack.	[MsgId: MMSG-10544]


Start auto log messages stack - Iteration 16.	[MsgId: MMSG-10545]
Action.c(615): Notify: The 1st error message associated with transaction "Report_By_ModalityType" is "Error -26612: HTTP Status-Code=500 (NullReferenceException) for "http://10.184.129.108/webapi/api/statistics/getunprintfilmcountstatisticsbyfilmsize?DepartmentIDsList=3&DepartmentIDsList=12&DepartmentIDsList=4&DepartmentIDsList=5&DepartmentIDsList=6&DepartmentIDsList=7&DepartmentIDsList=8&DepartmentIDsList=9&DepartmentIDsList=10&DepartmentIDsList=11&DepartmentIDsList=2&DepartmentIDsList=1&EndDate=2018-01-12T23:59:59.999Z&StartDate=2017-10-14+00:00:00""	[MsgId: MMSG-16819]
Action.c(615): Notify: The 2nd error message associated with transaction "Report_By_ModalityType" is "Error -26377: No match found for the requested parameter "Report_By_ModalityType". Either the specified boundaries were not found in the response or the matched text is longer than current max html parameter size of 90000 bytes. The total length of the response is 99 bytes. You can use "web_set_max_html_param_len" to increase the max parameter size."	[MsgId: MMSG-16819]
The result is:  	[MsgId: MMSG-17999]
Action.c(621): Error: Report_By_ModalityType fail	[MsgId: MERR-17999]
End auto log messages stack.	[MsgId: MMSG-10544]


Start auto log messages stack - Iteration 17.	[MsgId: MMSG-10545]
Action.c(305): lr_think_time: 5.00 seconds.	[MsgId: MMSG-15948]
Action.c(307): web_url("reconciliation-list.html") started  	[MsgId: MMSG-26355]
Action.c(307): web_url("reconciliation-list.html") was successful, 17522 body bytes, 248 header bytes  	[MsgId: MMSG-26386]
Action.c(315): web_url("getUnmatchImages") started  	[MsgId: MMSG-26355]
Action.c(315): HTML parsing not performed for Content-Type "application/json" ("ParseHtmlContentType" Run-Time Setting is "TEXT"). URL="http://10.184.129.108/webapi/api/reconciliation/getUnmatchImages?days=1"  	[MsgId: MMSG-26548]
Action.c(315): web_url("getUnmatchImages") was successful, 4 body bytes, 257 header bytes  	[MsgId: MMSG-26386]
Action.c(323): web_url("allTerminals") started  	[MsgId: MMSG-26355]
Action.c(323): Continuing after Error -26612: HTTP Status-Code=500 (NullReferenceException) for "http://10.184.129.108/webapi/api/terminal/allTerminals"  	[MsgId: MERR-26612]
End auto log messages stack.	[MsgId: MMSG-10544]


Start auto log messages stack - Iteration 17.	[MsgId: MMSG-10545]
The Time is 2017-10-14	[MsgId: MMSG-17999]
Action.c(367): web_url("CheckLoginStatus_25") started  	[MsgId: MMSG-26355]
Action.c(367): HTML parsing not performed for Content-Type "application/json" ("ParseHtmlContentType" Run-Time Setting is "TEXT"). URL="http://10.184.129.108/Platform/Account/CheckLoginStatus"  	[MsgId: MMSG-26548]
Action.c(367): web_url("CheckLoginStatus_25") was successful, 4 body bytes, 251 header bytes  	[MsgId: MMSG-26386]
Action.c(379): web_reg_save_param started  	[MsgId: MMSG-26355]
Action.c(379): Registering web_reg_save_param was successful  	[MsgId: MMSG-26390]
Action.c(385): Notify: Transaction "Film_By_ModalityType" started.	[MsgId: MMSG-16999]
Action.c(387): web_custom_request("Film_By_ModalityType") started  	[MsgId: MMSG-26355]
Action.c(387): Continuing after Error -26612: HTTP Status-Code=500 (NullReferenceException) for "http://10.184.129.108/webapi/api/statistics/getfilmprintcountstatisticsbymodalitytype?DepartmentIDsList=3&DepartmentIDsList=12&DepartmentIDsList=4&DepartmentIDsList=5&DepartmentIDsList=6&DepartmentIDsList=7&DepartmentIDsList=8&DepartmentIDsList=9&DepartmentIDsList=10&DepartmentIDsList=11&DepartmentIDsList=2&DepartmentIDsList=1&EndDate=2018-01-12T23:59:59.999Z&StartDate=2017-10-14+00:00:00"  	[MsgId: MERR-26612]
Action.c(387): Continuing after Error -26377: No match found for the requested parameter "Film_By_ModalityType". Either the specified boundaries were not found in the response or the matched text is longer than current max html parameter size of 90000 bytes. The total length of the response is 99 bytes. You can use "web_set_max_html_param_len" to increase the max parameter size.  	[MsgId: MERR-26377]
End auto log messages stack.	[MsgId: MMSG-10544]


Start auto log messages stack - Iteration 17.	[MsgId: MMSG-10545]
Action.c(395): Notify: The 1st error message associated with transaction "Film_By_ModalityType" is "Error -26612: HTTP Status-Code=500 (NullReferenceException) for "http://10.184.129.108/webapi/api/statistics/getfilmprintcountstatisticsbymodalitytype?DepartmentIDsList=3&DepartmentIDsList=12&DepartmentIDsList=4&DepartmentIDsList=5&DepartmentIDsList=6&DepartmentIDsList=7&DepartmentIDsList=8&DepartmentIDsList=9&DepartmentIDsList=10&DepartmentIDsList=11&DepartmentIDsList=2&DepartmentIDsList=1&EndDate=2018-01-12T23:59:59.999Z&StartDate=2017-10-14+00:00:00""	[MsgId: MMSG-16819]
Action.c(395): Notify: The 2nd error message associated with transaction "Film_By_ModalityType" is "Error -26377: No match found for the requested parameter "Film_By_ModalityType". Either the specified boundaries were not found in the response or the matched text is longer than current max html parameter size of 90000 bytes. The total length of the response is 99 bytes. You can use "web_set_max_html_param_len" to increase the max parameter size."	[MsgId: MMSG-16819]
The result is:  	[MsgId: MMSG-17999]
Action.c(401): Error: Film_By_ModalityType fail	[MsgId: MERR-17999]
End auto log messages stack.	[MsgId: MMSG-10544]


