Start auto log messages stack - Iteration 1.	[MsgId: MMSG-10545]
Starting action Action.	[MsgId: MMSG-15919]
Action.c(3): web_set_max_html_param_len started  	[MsgId: MMSG-26355]
Action.c(3): web_set_max_html_param_len was successful  	[MsgId: MMSG-26392]
Action.c(5): web_url("Platform") started  	[MsgId: MMSG-26355]
Action.c(5): Continuing after Error -27792: Failed to connect to server "10.184.129.208:80": [10060] Connection timed out  	[MsgId: MERR-27792]
End auto log messages stack.	[MsgId: MMSG-10544]


Start auto log messages stack - Iteration 1.	[MsgId: MMSG-10545]
Action.c(5): Warning -26200: At least one of the resources specified by EXTRARES has not been downloaded due to the above error(s)  	[MsgId: MWAR-26200]
Action.c(5): web_url("Platform") highest severity level was "continue on error", 0 body bytes, 0 header bytes  	[MsgId: MMSG-26388]
Action.c(5): Continuing after error in Vuser script.	[MsgId: MMSG-10678]
Action.c(84): web_url("login-view.html") started  	[MsgId: MMSG-26355]
Action.c(84): Continuing after Error -27792: Failed to connect to server "10.184.129.208:80": [10060] Connection timed out  	[MsgId: MERR-27792]
End auto log messages stack.	[MsgId: MMSG-10544]


Start auto log messages stack - Iteration 1.	[MsgId: MMSG-10545]
Action.c(84): web_url("login-view.html") highest severity level was "continue on error", 0 body bytes, 0 header bytes  	[MsgId: MMSG-26388]
Action.c(84): Continuing after error in Vuser script.	[MsgId: MMSG-10678]
Action.c(96): web_reg_save_param started  	[MsgId: MMSG-26355]
Action.c(96): Registering web_reg_save_param was successful  	[MsgId: MMSG-26390]
Action.c(101): web_reg_save_param started  	[MsgId: MMSG-26355]
Action.c(101): Registering web_reg_save_param was successful  	[MsgId: MMSG-26390]
Action.c(106): web_reg_save_param started  	[MsgId: MMSG-26355]
Action.c(106): Registering web_reg_save_param was successful  	[MsgId: MMSG-26390]
Action.c(111): Notify: Transaction "User_login" started.	[MsgId: MMSG-16999]
Action.c(113): web_custom_request("login") started  	[MsgId: MMSG-26355]
Action.c(113): Continuing after Error -27792: Failed to connect to server "10.184.129.208:80": [10060] Connection timed out  	[MsgId: MERR-27792]
Action.c(113): Continuing after Error -26377: No match found for the requested parameter "ApiToken". Either the specified boundaries were not found in the response or the matched text is longer than current max html parameter size of 90000 bytes. The total length of the response is 0 bytes. You can use "web_set_max_html_param_len" to increase the max parameter size.  	[MsgId: MERR-26377]
Action.c(113): Continuing after Error -26377: No match found for the requested parameter "AspToken". Either the specified boundaries were not found in the response or the matched text is longer than current max html parameter size of 90000 bytes. The total length of the response is 0 bytes. You can use "web_set_max_html_param_len" to increase the max parameter size.  	[MsgId: MERR-26377]
Action.c(113): Continuing after Error -26377: No match found for the requested parameter "access_token". Either the specified boundaries were not found in the response or the matched text is longer than current max html parameter size of 90000 bytes. The total length of the response is 0 bytes. You can use "web_set_max_html_param_len" to increase the max parameter size.  	[MsgId: MERR-26377]
Action.c(113): Continuing after Error -26374: The above "not found" error(s) may be explained by header and body byte counts being 0 and 0, respectively.  	[MsgId: MERR-26374]
End auto log messages stack.	[MsgId: MMSG-10544]


Start auto log messages stack - Iteration 1.	[MsgId: MMSG-10545]
Action.c(113): web_custom_request("login") highest severity level was "continue on error", 0 body bytes, 0 header bytes  	[MsgId: MMSG-26388]
Action.c(113): Continuing after error in Vuser script.	[MsgId: MMSG-10678]
Action.c(124): web_add_cookie started  	[MsgId: MMSG-26355]
Action.c(124): web_add_cookie was successful  	[MsgId: MMSG-26392]
Action.c(125): web_add_cookie started  	[MsgId: MMSG-26355]
Action.c(125): web_add_cookie was successful  	[MsgId: MMSG-26392]
Action.c(135): web_url("login_2") started  	[MsgId: MMSG-26355]
Action.c(135): Continuing after Error -27792: Failed to connect to server "10.184.129.208:80": [10060] Connection timed out  	[MsgId: MERR-27792]
End auto log messages stack.	[MsgId: MMSG-10544]


Start auto log messages stack - Iteration 1.	[MsgId: MMSG-10545]
Action.c(135): web_url("login_2") highest severity level was "continue on error", 0 body bytes, 0 header bytes  	[MsgId: MMSG-26388]
Action.c(135): Continuing after error in Vuser script.	[MsgId: MMSG-10678]
Action.c(143): web_url("workarea") started  	[MsgId: MMSG-26355]
Action.c(143): Continuing after Error -27792: Failed to connect to server "10.184.129.208:80": [10060] Connection timed out  	[MsgId: MERR-27792]
End auto log messages stack.	[MsgId: MMSG-10544]


Start auto log messages stack - Iteration 1.	[MsgId: MMSG-10545]
Action.c(143): Warning -26200: At least one of the resources specified by EXTRARES has not been downloaded due to the above error(s)  	[MsgId: MWAR-26200]
Action.c(143): web_url("workarea") highest severity level was "continue on error", 0 body bytes, 0 header bytes  	[MsgId: MMSG-26388]
Action.c(143): Continuing after error in Vuser script.	[MsgId: MMSG-10678]
Action.c(203): web_add_auto_header("Authorization") started  	[MsgId: MMSG-26355]
Action.c(203): Warning -26593: The header being added may cause unpredictable results when applied to all ensuing URLs. It is added anyway  	[MsgId: MWAR-26593]
Action.c(203): web_add_auto_header("Authorization") highest severity level was "warning"  	[MsgId: MMSG-26391]
Action.c(205): web_url("tableRowsPerPage") started  	[MsgId: MMSG-26355]
Action.c(205): Continuing after Error -27792: Failed to connect to server "10.184.129.208:80": [10060] Connection timed out  	[MsgId: MERR-27792]
End auto log messages stack.	[MsgId: MMSG-10544]


Start auto log messages stack - Iteration 1.	[MsgId: MMSG-10545]
Action.c(205): web_url("tableRowsPerPage") highest severity level was "continue on error", 0 body bytes, 0 header bytes  	[MsgId: MMSG-26388]
Action.c(205): Continuing after error in Vuser script.	[MsgId: MMSG-10678]
Action.c(213): web_url("worklistcolumns") started  	[MsgId: MMSG-26355]
Action.c(213): Continuing after Error -27792: Failed to connect to server "10.184.129.208:80": [10060] Connection timed out  	[MsgId: MERR-27792]
End auto log messages stack.	[MsgId: MMSG-10544]


Start auto log messages stack - Iteration 1.	[MsgId: MMSG-10545]
Action.c(213): web_url("worklistcolumns") highest severity level was "continue on error", 0 body bytes, 0 header bytes  	[MsgId: MMSG-26388]
Action.c(213): Continuing after error in Vuser script.	[MsgId: MMSG-10678]
Action.c(221): web_url("incompleteTaskEnabled") started  	[MsgId: MMSG-26355]
Action.c(221): Continuing after Error -27792: Failed to connect to server "10.184.129.208:80": [10060] Connection timed out  	[MsgId: MERR-27792]
End auto log messages stack.	[MsgId: MMSG-10544]


Start auto log messages stack - Iteration 1.	[MsgId: MMSG-10545]
Action.c(221): web_url("incompleteTaskEnabled") highest severity level was "continue on error", 0 body bytes, 0 header bytes  	[MsgId: MMSG-26388]
Action.c(221): Continuing after error in Vuser script.	[MsgId: MMSG-10678]
Action.c(229): web_url("systemversion") started  	[MsgId: MMSG-26355]
Action.c(229): Continuing after Error -27792: Failed to connect to server "10.184.129.208:80": [10060] Connection timed out  	[MsgId: MERR-27792]
End auto log messages stack.	[MsgId: MMSG-10544]


Start auto log messages stack - Iteration 1.	[MsgId: MMSG-10545]
Action.c(229): web_url("systemversion") highest severity level was "continue on error", 0 body bytes, 0 header bytes  	[MsgId: MMSG-26388]
Action.c(229): Continuing after error in Vuser script.	[MsgId: MMSG-10678]
Action.c(237): web_url("CheckLoginStatus") started  	[MsgId: MMSG-26355]
Action.c(237): Continuing after Error -27792: Failed to connect to server "10.184.129.208:80": [10060] Connection timed out  	[MsgId: MERR-27792]
End auto log messages stack.	[MsgId: MMSG-10544]


Start auto log messages stack - Iteration 1.	[MsgId: MMSG-10545]
Action.c(237): web_url("CheckLoginStatus") highest severity level was "continue on error", 0 body bytes, 0 header bytes  	[MsgId: MMSG-26388]
Action.c(237): Continuing after error in Vuser script.	[MsgId: MMSG-10678]
Action.c(245): web_url("CheckLoginStatus_2") started  	[MsgId: MMSG-26355]
Action.c(245): Continuing after Error -27792: Failed to connect to server "10.184.129.208:80": [10060] Connection timed out  	[MsgId: MERR-27792]
End auto log messages stack.	[MsgId: MMSG-10544]


Start auto log messages stack - Iteration 1.	[MsgId: MMSG-10545]
Action.c(245): web_url("CheckLoginStatus_2") highest severity level was "continue on error", 0 body bytes, 0 header bytes  	[MsgId: MMSG-26388]
Action.c(245): Continuing after error in Vuser script.	[MsgId: MMSG-10678]
Action.c(253): web_url("CheckLoginStatus_3") started  	[MsgId: MMSG-26355]
Action.c(253): Continuing after Error -27792: Failed to connect to server "10.184.129.208:80": [10060] Connection timed out  	[MsgId: MERR-27792]
End auto log messages stack.	[MsgId: MMSG-10544]


Start auto log messages stack - Iteration 1.	[MsgId: MMSG-10545]
Action.c(253): web_url("CheckLoginStatus_3") highest severity level was "continue on error", 0 body bytes, 0 header bytes  	[MsgId: MMSG-26388]
Action.c(253): Continuing after error in Vuser script.	[MsgId: MMSG-10678]
Action.c(261): web_url("CheckLoginStatus_4") started  	[MsgId: MMSG-26355]
Action.c(261): Continuing after Error -27792: Failed to connect to server "10.184.129.208:80": [10060] Connection timed out  	[MsgId: MERR-27792]
End auto log messages stack.	[MsgId: MMSG-10544]


Start auto log messages stack - Iteration 1.	[MsgId: MMSG-10545]
Action.c(261): web_url("CheckLoginStatus_4") highest severity level was "continue on error", 0 body bytes, 0 header bytes  	[MsgId: MMSG-26388]
Action.c(261): Continuing after error in Vuser script.	[MsgId: MMSG-10678]
Action.c(269): web_url("terminalmonitor-template.html") started  	[MsgId: MMSG-26355]
Action.c(269): Continuing after Error -27792: Failed to connect to server "10.184.129.208:80": [10060] Connection timed out  	[MsgId: MERR-27792]
End auto log messages stack.	[MsgId: MMSG-10544]


Start auto log messages stack - Iteration 1.	[MsgId: MMSG-10545]
Action.c(269): Warning -26200: At least one of the resources specified by EXTRARES has not been downloaded due to the above error(s)  	[MsgId: MWAR-26200]
Action.c(269): web_url("terminalmonitor-template.html") highest severity level was "continue on error", 0 body bytes, 0 header bytes  	[MsgId: MMSG-26388]
Action.c(269): Continuing after error in Vuser script.	[MsgId: MMSG-10678]
Action.c(279): web_url("terminalmonitoring") started  	[MsgId: MMSG-26355]
Action.c(279): Continuing after Error -27792: Failed to connect to server "10.184.129.208:80": [10060] Connection timed out  	[MsgId: MERR-27792]
End auto log messages stack.	[MsgId: MMSG-10544]


Start auto log messages stack - Iteration 1.	[MsgId: MMSG-10545]
Action.c(279): web_url("terminalmonitoring") highest severity level was "continue on error", 0 body bytes, 0 header bytes  	[MsgId: MMSG-26388]
Action.c(279): Continuing after error in Vuser script.	[MsgId: MMSG-10678]
Action.c(287): web_url("CheckLoginStatus_5") started  	[MsgId: MMSG-26355]
Action.c(287): Continuing after Error -27792: Failed to connect to server "10.184.129.208:80": [10060] Connection timed out  	[MsgId: MERR-27792]
End auto log messages stack.	[MsgId: MMSG-10544]


Start auto log messages stack - Iteration 1.	[MsgId: MMSG-10545]
Action.c(303): Notify: The 13th error message associated with transaction "User_login" is "Error -27792: Failed to connect to server "10.184.129.208:80": [10060] Connection timed out"	[MsgId: MMSG-16819]
Action.c(303): Notify: The 14th error message associated with transaction "User_login" is "Error -27792: Failed to connect to server "10.184.129.208:80": [10060] Connection timed out"	[MsgId: MMSG-16819]
Action.c(303): Notify: The 15th error message associated with transaction "User_login" is "Error -27792: Failed to connect to server "10.184.129.208:80": [10060] Connection timed out"	[MsgId: MMSG-16819]
Action.c(303): Notify: The 16th error message associated with transaction "User_login" is "Error -27792: Failed to connect to server "10.184.129.208:80": [10060] Connection timed out"	[MsgId: MMSG-16819]
Action.c(303): Notify: The 17th error message associated with transaction "User_login" is "Error -27792: Failed to connect to server "10.184.129.208:80": [10060] Connection timed out"	[MsgId: MMSG-16819]
Action.c(303): Notify: The 18th error message associated with transaction "User_login" is "Error -27792: Failed to connect to server "10.184.129.208:80": [10060] Connection timed out"	[MsgId: MMSG-16819]
Action.c(305): lr_think_time: 5.00 seconds.	[MsgId: MMSG-15948]
Action.c(307): web_url("reconciliation-list.html") started  	[MsgId: MMSG-26355]
Action.c(307): Continuing after Error -27792: Failed to connect to server "10.184.129.208:80": [10060] Connection timed out  	[MsgId: MERR-27792]
End auto log messages stack.	[MsgId: MMSG-10544]


Start auto log messages stack - Iteration 1.	[MsgId: MMSG-10545]
Action.c(307): web_url("reconciliation-list.html") highest severity level was "continue on error", 0 body bytes, 0 header bytes  	[MsgId: MMSG-26388]
Action.c(307): Continuing after error in Vuser script.	[MsgId: MMSG-10678]
Action.c(315): web_url("getUnmatchImages") started  	[MsgId: MMSG-26355]
Action.c(315): Continuing after Error -27792: Failed to connect to server "10.184.129.208:80": [10060] Connection timed out  	[MsgId: MERR-27792]
End auto log messages stack.	[MsgId: MMSG-10544]


Start auto log messages stack - Iteration 1.	[MsgId: MMSG-10545]
Action.c(315): web_url("getUnmatchImages") highest severity level was "continue on error", 0 body bytes, 0 header bytes  	[MsgId: MMSG-26388]
Action.c(315): Continuing after error in Vuser script.	[MsgId: MMSG-10678]
Action.c(323): web_url("allTerminals") started  	[MsgId: MMSG-26355]
Action.c(323): Continuing after Error -27792: Failed to connect to server "10.184.129.208:80": [10060] Connection timed out  	[MsgId: MERR-27792]
End auto log messages stack.	[MsgId: MMSG-10544]


Start auto log messages stack - Iteration 1.	[MsgId: MMSG-10545]
Action.c(323): web_url("allTerminals") highest severity level was "continue on error", 0 body bytes, 0 header bytes  	[MsgId: MMSG-26388]
Action.c(323): Continuing after error in Vuser script.	[MsgId: MMSG-10678]
Action.c(331): web_url("CheckLoginStatus_6") started  	[MsgId: MMSG-26355]
Action.c(331): Continuing after Error -27792: Failed to connect to server "10.184.129.208:80": [10060] Connection timed out  	[MsgId: MERR-27792]
End auto log messages stack.	[MsgId: MMSG-10544]


Start auto log messages stack - Iteration 1.	[MsgId: MMSG-10545]
Action.c(331): web_url("CheckLoginStatus_6") highest severity level was "continue on error", 0 body bytes, 0 header bytes  	[MsgId: MMSG-26388]
Action.c(331): Continuing after error in Vuser script.	[MsgId: MMSG-10678]
Action.c(339): web_url("CheckLoginStatus_7") started  	[MsgId: MMSG-26355]
Action.c(339): Continuing after Error -27792: Failed to connect to server "10.184.129.208:80": [10060] Connection timed out  	[MsgId: MERR-27792]
End auto log messages stack.	[MsgId: MMSG-10544]


Start auto log messages stack - Iteration 1.	[MsgId: MMSG-10545]
Action.c(339): Warning -26200: At least one of the resources specified by EXTRARES has not been downloaded due to the above error(s)  	[MsgId: MWAR-26200]
Action.c(339): web_url("CheckLoginStatus_7") highest severity level was "continue on error", 0 body bytes, 0 header bytes  	[MsgId: MMSG-26388]
Action.c(339): Continuing after error in Vuser script.	[MsgId: MMSG-10678]
The Time is 2017-10-13	[MsgId: MMSG-17999]
Action.c(367): web_url("CheckLoginStatus_25") started  	[MsgId: MMSG-26355]
Action.c(367): Continuing after Error -27792: Failed to connect to server "10.184.129.208:80": [10060] Connection timed out  	[MsgId: MERR-27792]
End auto log messages stack.	[MsgId: MMSG-10544]


Start auto log messages stack - Iteration 1.	[MsgId: MMSG-10545]
Action.c(367): web_url("CheckLoginStatus_25") highest severity level was "continue on error", 0 body bytes, 0 header bytes  	[MsgId: MMSG-26388]
Action.c(367): Continuing after error in Vuser script.	[MsgId: MMSG-10678]
Action.c(379): web_reg_save_param started  	[MsgId: MMSG-26355]
Action.c(379): Registering web_reg_save_param was successful  	[MsgId: MMSG-26390]
Action.c(385): Notify: Transaction "Film_By_ModalityType" started.	[MsgId: MMSG-16999]
Action.c(387): web_custom_request("Film_By_ModalityType") started  	[MsgId: MMSG-26355]
Action.c(387): Continuing after Error -27792: Failed to connect to server "10.184.129.208:80": [10060] Connection timed out  	[MsgId: MERR-27792]
Action.c(387): Continuing after Error -26377: No match found for the requested parameter "Film_By_ModalityType". Either the specified boundaries were not found in the response or the matched text is longer than current max html parameter size of 90000 bytes. The total length of the response is 0 bytes. You can use "web_set_max_html_param_len" to increase the max parameter size.  	[MsgId: MERR-26377]
Action.c(387): Continuing after Error -26374: The above "not found" error(s) may be explained by header and body byte counts being 0 and 0, respectively.  	[MsgId: MERR-26374]
End auto log messages stack.	[MsgId: MMSG-10544]


Start auto log messages stack - Iteration 1.	[MsgId: MMSG-10545]
Action.c(387): Continuing after error in Vuser script.	[MsgId: MMSG-10678]
Action.c(395): Notify: Transaction "Film_By_ModalityType" ended with a "Fail" status (Duration: 21.0028).	[MsgId: MMSG-16873]
Action.c(395): Notify: Transaction "Film_By_ModalityType" has 3 error message(s).	[MsgId: MMSG-16818]
Action.c(395): Notify: The 1st error message associated with transaction "Film_By_ModalityType" is "Error -27792: Failed to connect to server "10.184.129.208:80": [10060] Connection timed out"	[MsgId: MMSG-16819]
Action.c(395): Notify: The 2nd error message associated with transaction "Film_By_ModalityType" is "Error -26377: No match found for the requested parameter "Film_By_ModalityType". Either the specified boundaries were not found in the response or the matched text is longer than current max html parameter size of 90000 bytes. The total length of the response is 0 bytes. You can use "web_set_max_html_param_len" to increase the max parameter size."	[MsgId: MMSG-16819]
Action.c(395): Notify: The 3rd error message associated with transaction "Film_By_ModalityType" is "Error -26374: The above "not found" error(s) may be explained by header and body byte counts being 0 and 0, respectively."	[MsgId: MMSG-16819]
The result is:  	[MsgId: MMSG-17999]
Action.c(401): Error: Film_By_ModalityType fail	[MsgId: MERR-17999]
End auto log messages stack.	[MsgId: MMSG-10544]


