Start auto log messages stack - Iteration 1.	[MsgId: MMSG-10545]
Action.c(676): web_custom_request("Report_By_PaperSize") was successful, 3857 body bytes, 260 header bytes  	[MsgId: MMSG-26386]
Action.c(684): Notify: Transaction "Report_By_PaperSize" ended with a "Pass" status (Duration: 24.2745 Wasted Time: 0.0000).	[MsgId: MMSG-16871]
The result is:  departmentID	[MsgId: MMSG-17999]
Action.c(693): lr_think_time: 5.00 seconds.	[MsgId: MMSG-15948]
Action.c(695): web_url("CheckLoginStatus_25") started  	[MsgId: MMSG-26355]
Action.c(695): Continuing after Error -26609: HTTP Status-Code=503 (Service Unavailable) for "http://10.184.129.108/Platform/Account/CheckLoginStatus"  	[MsgId: MERR-26609]
End auto log messages stack.	[MsgId: MMSG-10544]


Start auto log messages stack - Iteration 1.	[MsgId: MMSG-10545]
Action.c(695): web_url("CheckLoginStatus_25") highest severity level was "continue on error", 326 body bytes, 187 header bytes  	[MsgId: MMSG-26388]
Action.c(695): Continuing after error in Vuser script.	[MsgId: MMSG-10678]
Action.c(743): web_reg_save_param started  	[MsgId: MMSG-26355]
Action.c(743): Registering web_reg_save_param was successful  	[MsgId: MMSG-26390]
Action.c(748): Notify: Transaction "OCR_ModalityType" started.	[MsgId: MMSG-16999]
Action.c(750): web_custom_request("OCR_ModalityType") started  	[MsgId: MMSG-26355]
Action.c(750): Continuing after Error -27788: Failed to transmit data to network: [10054] Connection reset by peer
This is probably because the SSL protocol version is not supported. Try switching the TLS/SSL version using "web_set_sockets_option" API.  	[MsgId: MERR-27788]
Action.c(750): Continuing after Error -26609: HTTP Status-Code=503 (Service Unavailable) for "http://10.184.129.108/webapi/api/statistics/getreportprintcountstatisticsbytypesize?DepartmentIDsList=3&DepartmentIDsList=12&DepartmentIDsList=4&DepartmentIDsList=5&DepartmentIDsList=6&DepartmentIDsList=7&DepartmentIDsList=8&DepartmentIDsList=9&DepartmentIDsList=10&DepartmentIDsList=11&DepartmentIDsList=2&DepartmentIDsList=1&EndDate=2018-01-09T23:59:59.999Z&StartDate=2016%2F01%2F01+00:00:00"  	[MsgId: MERR-26609]
Action.c(750): Continuing after Error -26377: No match found for the requested parameter "OCR_ModalityType". Either the specified boundaries were not found in the response or the matched text is longer than current max html parameter size of 90000 bytes. The total length of the response is 326 bytes. You can use "web_set_max_html_param_len" to increase the max parameter size.  	[MsgId: MERR-26377]
End auto log messages stack.	[MsgId: MMSG-10544]


Start auto log messages stack - Iteration 1.	[MsgId: MMSG-10545]
Action.c(758): Notify: The 2nd error message associated with transaction "OCR_ModalityType" is "Error -26609: HTTP Status-Code=503 (Service Unavailable) for "http://10.184.129.108/webapi/api/statistics/getreportprintcountstatisticsbytypesize?DepartmentIDsList=3&DepartmentIDsList=12&DepartmentIDsList=4&DepartmentIDsList=5&DepartmentIDsList=6&DepartmentIDsList=7&DepartmentIDsList=8&DepartmentIDsList=9&DepartmentIDsList=10&DepartmentIDsList=11&DepartmentIDsList=2&DepartmentIDsList=1&EndDate=2018-01-09T23:59:59.999Z&StartDate=2016%2F01%2F01+00:00:00""	[MsgId: MMSG-16819]
Action.c(758): Notify: The 3rd error message associated with transaction "OCR_ModalityType" is "Error -26377: No match found for the requested parameter "OCR_ModalityType". Either the specified boundaries were not found in the response or the matched text is longer than current max html parameter size of 90000 bytes. The total length of the response is 326 bytes. You can use "web_set_max_html_param_len" to increase the max parameter size."	[MsgId: MMSG-16819]
The result is:  	[MsgId: MMSG-17999]
Action.c(764): Error: OCR_ModalityType fail	[MsgId: MERR-17999]
End auto log messages stack.	[MsgId: MMSG-10544]


Start auto log messages stack - Iteration 1.	[MsgId: MMSG-10545]
Action.c(767): lr_think_time: 5.00 seconds.	[MsgId: MMSG-15948]
Action.c(769): web_url("CheckLoginStatus_25") started  	[MsgId: MMSG-26355]
Action.c(769): Continuing after Error -27788: Failed to transmit data to network: [10054] Connection reset by peer
This is probably because the SSL protocol version is not supported. Try switching the TLS/SSL version using "web_set_sockets_option" API.  	[MsgId: MERR-27788]
Action.c(769): Continuing after Error -27792: Failed to connect to server "10.184.129.108:80": [10061] Connection refused  	[MsgId: MERR-27792]
End auto log messages stack.	[MsgId: MMSG-10544]


Start auto log messages stack - Iteration 1.	[MsgId: MMSG-10545]
Action.c(769): web_url("CheckLoginStatus_25") highest severity level was "continue on error", 0 body bytes, 0 header bytes  	[MsgId: MMSG-26388]
Action.c(769): Continuing after error in Vuser script.	[MsgId: MMSG-10678]
Action.c(780): web_reg_save_param started  	[MsgId: MMSG-26355]
Action.c(780): Registering web_reg_save_param was successful  	[MsgId: MMSG-26390]
Action.c(785): Notify: Transaction "OCR_ModalityName" started.	[MsgId: MMSG-16999]
Action.c(787): web_custom_request("OCR_ModalityName") started  	[MsgId: MMSG-26355]
Action.c(787): Continuing after Error -27788: Failed to transmit data to network: [10054] Connection reset by peer
This is probably because the SSL protocol version is not supported. Try switching the TLS/SSL version using "web_set_sockets_option" API.  	[MsgId: MERR-27788]
Action.c(787): Continuing after Error -27792: Failed to connect to server "10.184.129.108:80": [10061] Connection refused  	[MsgId: MERR-27792]
Action.c(787): Continuing after Error -26377: No match found for the requested parameter "OCR_ModalityName". Either the specified boundaries were not found in the response or the matched text is longer than current max html parameter size of 90000 bytes. The total length of the response is 0 bytes. You can use "web_set_max_html_param_len" to increase the max parameter size.  	[MsgId: MERR-26377]
Action.c(787): Continuing after Error -26374: The above "not found" error(s) may be explained by header and body byte counts being 0 and 0, respectively.  	[MsgId: MERR-26374]
End auto log messages stack.	[MsgId: MMSG-10544]


Start auto log messages stack - Iteration 1.	[MsgId: MMSG-10545]
Action.c(795): Notify: The 2nd error message associated with transaction "OCR_ModalityName" is "Error -27792: Failed to connect to server "10.184.129.108:80": [10061] Connection refused"	[MsgId: MMSG-16819]
Action.c(795): Notify: The 3rd error message associated with transaction "OCR_ModalityName" is "Error -26377: No match found for the requested parameter "OCR_ModalityName". Either the specified boundaries were not found in the response or the matched text is longer than current max html parameter size of 90000 bytes. The total length of the response is 0 bytes. You can use "web_set_max_html_param_len" to increase the max parameter size."	[MsgId: MMSG-16819]
Action.c(795): Notify: The 4th error message associated with transaction "OCR_ModalityName" is "Error -26374: The above "not found" error(s) may be explained by header and body byte counts being 0 and 0, respectively."	[MsgId: MMSG-16819]
The result is:  	[MsgId: MMSG-17999]
Action.c(801): Error: OCR_ModalityName fail	[MsgId: MERR-17999]
End auto log messages stack.	[MsgId: MMSG-10544]


Start auto log messages stack - Iteration 1.	[MsgId: MMSG-10545]
Action.c(804): lr_think_time: 5.00 seconds.	[MsgId: MMSG-15948]
Action.c(806): web_url("CheckLoginStatus_25") started  	[MsgId: MMSG-26355]
Action.c(806): Continuing after Error -27792: Failed to connect to server "10.184.129.108:80": [10061] Connection refused  	[MsgId: MERR-27792]
End auto log messages stack.	[MsgId: MMSG-10544]


