Start auto log messages stack - Iteration 3.	[MsgId: MMSG-10545]
Action.c(513): HTML parsing not performed for Content-Type "application/json" ("ParseHtmlContentType" Run-Time Setting is "TEXT"). URL="http://10.184.129.108/Platform/Account/CheckLoginStatus"  	[MsgId: MMSG-26548]
Action.c(513): web_url("CheckLoginStatus_25") was successful, 4 body bytes, 251 header bytes  	[MsgId: MMSG-26386]
Action.c(522): web_reg_save_param started  	[MsgId: MMSG-26355]
Action.c(522): Registering web_reg_save_param was successful  	[MsgId: MMSG-26390]
Action.c(527): Notify: Transaction "Film_Unprinted_By_FilmSize" started.	[MsgId: MMSG-16999]
Action.c(529): web_custom_request("Film_Unprinted_By_FilmSize") started  	[MsgId: MMSG-26355]
Action.c(529): Continuing after Error -26612: HTTP Status-Code=500 (NullReferenceException) for "http://10.184.129.108/webapi/api/statistics/getunprintfilmcountstatisticsbyfilmsize?DepartmentIDsList=3&DepartmentIDsList=12&DepartmentIDsList=4&DepartmentIDsList=5&DepartmentIDsList=6&DepartmentIDsList=7&DepartmentIDsList=8&DepartmentIDsList=9&DepartmentIDsList=10&DepartmentIDsList=11&DepartmentIDsList=2&DepartmentIDsList=1&EndDate=2018-01-22T23:59:59.999Z&StartDate=2017-12-22+00:00:00"  	[MsgId: MERR-26612]
Action.c(529): Continuing after Error -26377: No match found for the requested parameter "Film_Unprinted_By_FilmSize". Either the specified boundaries were not found in the response or the matched text is longer than current max html parameter size of 90000 bytes. The total length of the response is 99 bytes. You can use "web_set_max_html_param_len" to increase the max parameter size.  	[MsgId: MERR-26377]
End auto log messages stack.	[MsgId: MMSG-10544]


Start auto log messages stack - Iteration 3.	[MsgId: MMSG-10545]
Action.c(537): Notify: The 1st error message associated with transaction "Film_Unprinted_By_FilmSize" is "Error -26612: HTTP Status-Code=500 (NullReferenceException) for "http://10.184.129.108/webapi/api/statistics/getunprintfilmcountstatisticsbyfilmsize?DepartmentIDsList=3&DepartmentIDsList=12&DepartmentIDsList=4&DepartmentIDsList=5&DepartmentIDsList=6&DepartmentIDsList=7&DepartmentIDsList=8&DepartmentIDsList=9&DepartmentIDsList=10&DepartmentIDsList=11&DepartmentIDsList=2&DepartmentIDsList=1&EndDate=2018-01-22T23:59:59.999Z&StartDate=2017-12-22+00:00:00""	[MsgId: MMSG-16819]
Action.c(537): Notify: The 2nd error message associated with transaction "Film_Unprinted_By_FilmSize" is "Error -26377: No match found for the requested parameter "Film_Unprinted_By_FilmSize". Either the specified boundaries were not found in the response or the matched text is longer than current max html parameter size of 90000 bytes. The total length of the response is 99 bytes. You can use "web_set_max_html_param_len" to increase the max parameter size."	[MsgId: MMSG-16819]
The result is:  	[MsgId: MMSG-17999]
Action.c(543): Error: Film_Unprinted_By_FilmSize fail	[MsgId: MERR-17999]
End auto log messages stack.	[MsgId: MMSG-10544]


Start auto log messages stack - Iteration 4.	[MsgId: MMSG-10545]
Action.c(548): HTML parsing not performed for Content-Type "application/json" ("ParseHtmlContentType" Run-Time Setting is "TEXT"). URL="http://10.184.129.108/Platform/Account/CheckLoginStatus"  	[MsgId: MMSG-26548]
Action.c(548): web_url("CheckLoginStatus_25") was successful, 4 body bytes, 251 header bytes  	[MsgId: MMSG-26386]
Action.c(558): web_reg_save_param started  	[MsgId: MMSG-26355]
Action.c(558): Registering web_reg_save_param was successful  	[MsgId: MMSG-26390]
Action.c(563): Notify: Transaction "Film_printed_By_CentralPrint" started.	[MsgId: MMSG-16999]
Action.c(565): web_custom_request("Film_printed_By_CentralPrint") started  	[MsgId: MMSG-26355]
Action.c(565): Continuing after Error -27778: Timeout (120 seconds) exceeded while waiting to receive data for URL "http://10.184.129.108/webapi/api/statistics/getfilmprintcountstatisticsbycentralprint??DepartmentIDsList=3&DepartmentIDsList=12&DepartmentIDsList=4&DepartmentIDsList=5&DepartmentIDsList=6&DepartmentIDsList=7&DepartmentIDsList=8&DepartmentIDsList=9&DepartmentIDsList=10&DepartmentIDsList=11&DepartmentIDsList=2&DepartmentIDsList=1&EndDate=2018-01-22T23:59:59.999Z&StartDate=2017-12-22+00:00:00"  	[MsgId: MERR-27778]
End auto log messages stack.	[MsgId: MMSG-10544]


Start auto log messages stack - Iteration 4.	[MsgId: MMSG-10545]
Action.c(565): Aborting download of URL "http://10.184.129.108/webapi/api/statistics/getfilmprintcountstatisticsbycentralprint??DepartmentIDsList=3&DepartmentIDsList=12&DepartmentIDsList=4&DepartmentIDsList=5&DepartmentIDsList=6&DepartmentIDsList=7&DepartmentIDsList=8&DepartmentIDsList=9&DepartmentIDsList=10&DepartmentIDsList=11&DepartmentIDsList=2&DepartmentIDsList=1&EndDate=2018-01-22T23:59:59.999Z&StartDate=2017-12-22+00:00:00" (RelFrameId=1, Internal ID=763) (e.g., due to the target document or object being deleted)  	[MsgId: MMSG-26507]
Action.c(565): Continuing after Error -26377: No match found for the requested parameter "Film_printed_By_CentralPrint". Either the specified boundaries were not found in the response or the matched text is longer than current max html parameter size of 90000 bytes. The total length of the response is 0 bytes. You can use "web_set_max_html_param_len" to increase the max parameter size.  	[MsgId: MERR-26377]
Action.c(565): Continuing after Error -26374: The above "not found" error(s) may be explained by header and body byte counts being 0 and 0, respectively.  	[MsgId: MERR-26374]
End auto log messages stack.	[MsgId: MMSG-10544]


Start auto log messages stack - Iteration 4.	[MsgId: MMSG-10545]
Action.c(573): Notify: The 2nd error message associated with transaction "Film_printed_By_CentralPrint" is "Error -26377: No match found for the requested parameter "Film_printed_By_CentralPrint". Either the specified boundaries were not found in the response or the matched text is longer than current max html parameter size of 90000 bytes. The total length of the response is 0 bytes. You can use "web_set_max_html_param_len" to increase the max parameter size."	[MsgId: MMSG-16819]
Action.c(573): Notify: The 3rd error message associated with transaction "Film_printed_By_CentralPrint" is "Error -26374: The above "not found" error(s) may be explained by header and body byte counts being 0 and 0, respectively."	[MsgId: MMSG-16819]
The result is:  	[MsgId: MMSG-17999]
Action.c(579): Error: Film_printed_By_CentralPrint fail	[MsgId: MERR-17999]
End auto log messages stack.	[MsgId: MMSG-10544]


Start auto log messages stack - Iteration 5.	[MsgId: MMSG-10545]
Action.c(513): HTML parsing not performed for Content-Type "application/json" ("ParseHtmlContentType" Run-Time Setting is "TEXT"). URL="http://10.184.129.108/Platform/Account/CheckLoginStatus"  	[MsgId: MMSG-26548]
Action.c(513): web_url("CheckLoginStatus_25") was successful, 4 body bytes, 251 header bytes  	[MsgId: MMSG-26386]
Action.c(522): web_reg_save_param started  	[MsgId: MMSG-26355]
Action.c(522): Registering web_reg_save_param was successful  	[MsgId: MMSG-26390]
Action.c(527): Notify: Transaction "Film_Unprinted_By_FilmSize" started.	[MsgId: MMSG-16999]
Action.c(529): web_custom_request("Film_Unprinted_By_FilmSize") started  	[MsgId: MMSG-26355]
Action.c(529): Continuing after Error -26612: HTTP Status-Code=500 (NullReferenceException) for "http://10.184.129.108/webapi/api/statistics/getunprintfilmcountstatisticsbyfilmsize?DepartmentIDsList=3&DepartmentIDsList=12&DepartmentIDsList=4&DepartmentIDsList=5&DepartmentIDsList=6&DepartmentIDsList=7&DepartmentIDsList=8&DepartmentIDsList=9&DepartmentIDsList=10&DepartmentIDsList=11&DepartmentIDsList=2&DepartmentIDsList=1&EndDate=2018-01-22T23:59:59.999Z&StartDate=2017-12-22+00:00:00"  	[MsgId: MERR-26612]
Action.c(529): Continuing after Error -26377: No match found for the requested parameter "Film_Unprinted_By_FilmSize". Either the specified boundaries were not found in the response or the matched text is longer than current max html parameter size of 90000 bytes. The total length of the response is 99 bytes. You can use "web_set_max_html_param_len" to increase the max parameter size.  	[MsgId: MERR-26377]
End auto log messages stack.	[MsgId: MMSG-10544]


Start auto log messages stack - Iteration 5.	[MsgId: MMSG-10545]
Action.c(537): Notify: The 1st error message associated with transaction "Film_Unprinted_By_FilmSize" is "Error -26612: HTTP Status-Code=500 (NullReferenceException) for "http://10.184.129.108/webapi/api/statistics/getunprintfilmcountstatisticsbyfilmsize?DepartmentIDsList=3&DepartmentIDsList=12&DepartmentIDsList=4&DepartmentIDsList=5&DepartmentIDsList=6&DepartmentIDsList=7&DepartmentIDsList=8&DepartmentIDsList=9&DepartmentIDsList=10&DepartmentIDsList=11&DepartmentIDsList=2&DepartmentIDsList=1&EndDate=2018-01-22T23:59:59.999Z&StartDate=2017-12-22+00:00:00""	[MsgId: MMSG-16819]
Action.c(537): Notify: The 2nd error message associated with transaction "Film_Unprinted_By_FilmSize" is "Error -26377: No match found for the requested parameter "Film_Unprinted_By_FilmSize". Either the specified boundaries were not found in the response or the matched text is longer than current max html parameter size of 90000 bytes. The total length of the response is 99 bytes. You can use "web_set_max_html_param_len" to increase the max parameter size."	[MsgId: MMSG-16819]
The result is:  	[MsgId: MMSG-17999]
Action.c(543): Error: Film_Unprinted_By_FilmSize fail	[MsgId: MERR-17999]
End auto log messages stack.	[MsgId: MMSG-10544]


Start auto log messages stack - Iteration 5.	[MsgId: MMSG-10545]
Action.c(548): HTML parsing not performed for Content-Type "application/json" ("ParseHtmlContentType" Run-Time Setting is "TEXT"). URL="http://10.184.129.108/Platform/Account/CheckLoginStatus"  	[MsgId: MMSG-26548]
Action.c(548): web_url("CheckLoginStatus_25") was successful, 4 body bytes, 251 header bytes  	[MsgId: MMSG-26386]
Action.c(558): web_reg_save_param started  	[MsgId: MMSG-26355]
Action.c(558): Registering web_reg_save_param was successful  	[MsgId: MMSG-26390]
Action.c(563): Notify: Transaction "Film_printed_By_CentralPrint" started.	[MsgId: MMSG-16999]
Action.c(565): web_custom_request("Film_printed_By_CentralPrint") started  	[MsgId: MMSG-26355]
Action.c(565): Continuing after Error -27778: Timeout (120 seconds) exceeded while waiting to receive data for URL "http://10.184.129.108/webapi/api/statistics/getfilmprintcountstatisticsbycentralprint??DepartmentIDsList=3&DepartmentIDsList=12&DepartmentIDsList=4&DepartmentIDsList=5&DepartmentIDsList=6&DepartmentIDsList=7&DepartmentIDsList=8&DepartmentIDsList=9&DepartmentIDsList=10&DepartmentIDsList=11&DepartmentIDsList=2&DepartmentIDsList=1&EndDate=2018-01-22T23:59:59.999Z&StartDate=2017-12-22+00:00:00"  	[MsgId: MERR-27778]
End auto log messages stack.	[MsgId: MMSG-10544]


Start auto log messages stack - Iteration 5.	[MsgId: MMSG-10545]
Action.c(565): Aborting download of URL "http://10.184.129.108/webapi/api/statistics/getfilmprintcountstatisticsbycentralprint??DepartmentIDsList=3&DepartmentIDsList=12&DepartmentIDsList=4&DepartmentIDsList=5&DepartmentIDsList=6&DepartmentIDsList=7&DepartmentIDsList=8&DepartmentIDsList=9&DepartmentIDsList=10&DepartmentIDsList=11&DepartmentIDsList=2&DepartmentIDsList=1&EndDate=2018-01-22T23:59:59.999Z&StartDate=2017-12-22+00:00:00" (RelFrameId=1, Internal ID=957) (e.g., due to the target document or object being deleted)  	[MsgId: MMSG-26507]
Action.c(565): Continuing after Error -26377: No match found for the requested parameter "Film_printed_By_CentralPrint". Either the specified boundaries were not found in the response or the matched text is longer than current max html parameter size of 90000 bytes. The total length of the response is 0 bytes. You can use "web_set_max_html_param_len" to increase the max parameter size.  	[MsgId: MERR-26377]
Action.c(565): Continuing after Error -26374: The above "not found" error(s) may be explained by header and body byte counts being 0 and 0, respectively.  	[MsgId: MERR-26374]
End auto log messages stack.	[MsgId: MMSG-10544]


Start auto log messages stack - Iteration 5.	[MsgId: MMSG-10545]
Action.c(573): Notify: The 2nd error message associated with transaction "Film_printed_By_CentralPrint" is "Error -26377: No match found for the requested parameter "Film_printed_By_CentralPrint". Either the specified boundaries were not found in the response or the matched text is longer than current max html parameter size of 90000 bytes. The total length of the response is 0 bytes. You can use "web_set_max_html_param_len" to increase the max parameter size."	[MsgId: MMSG-16819]
Action.c(573): Notify: The 3rd error message associated with transaction "Film_printed_By_CentralPrint" is "Error -26374: The above "not found" error(s) may be explained by header and body byte counts being 0 and 0, respectively."	[MsgId: MMSG-16819]
The result is:  	[MsgId: MMSG-17999]
Action.c(579): Error: Film_printed_By_CentralPrint fail	[MsgId: MERR-17999]
End auto log messages stack.	[MsgId: MMSG-10544]


Start auto log messages stack - Iteration 5.	[MsgId: MMSG-10545]
Action.c(741): HTML parsing not performed for Content-Type "application/json" ("ParseHtmlContentType" Run-Time Setting is "TEXT"). URL="http://10.184.129.108/Platform/Account/CheckLoginStatus"  	[MsgId: MMSG-26548]
Action.c(741): web_url("CheckLoginStatus_25") was successful, 4 body bytes, 251 header bytes  	[MsgId: MMSG-26386]
Action.c(753): web_reg_save_param started  	[MsgId: MMSG-26355]
Action.c(753): Registering web_reg_save_param was successful  	[MsgId: MMSG-26390]
Action.c(758): Notify: Transaction "OCR_ModalityType" started.	[MsgId: MMSG-16999]
Action.c(760): web_custom_request("OCR_ModalityType") started  	[MsgId: MMSG-26355]
Action.c(760): Continuing after Error -26612: HTTP Status-Code=500 (NullReferenceException) for "http://10.184.129.108/webapi/api/statistics/getreportprintcountstatisticsbytypesize?DepartmentIDsList=3&DepartmentIDsList=12&DepartmentIDsList=4&DepartmentIDsList=5&DepartmentIDsList=6&DepartmentIDsList=7&DepartmentIDsList=8&DepartmentIDsList=9&DepartmentIDsList=10&DepartmentIDsList=11&DepartmentIDsList=2&DepartmentIDsList=1&EndDate=2018-01-22T23:59:59.999Z&StartDate=2017-12-22+00:00:00"  	[MsgId: MERR-26612]
Action.c(760): Continuing after Error -26377: No match found for the requested parameter "OCR_ModalityType". Either the specified boundaries were not found in the response or the matched text is longer than current max html parameter size of 90000 bytes. The total length of the response is 99 bytes. You can use "web_set_max_html_param_len" to increase the max parameter size.  	[MsgId: MERR-26377]
End auto log messages stack.	[MsgId: MMSG-10544]


Start auto log messages stack - Iteration 5.	[MsgId: MMSG-10545]
Action.c(768): Notify: Transaction "OCR_ModalityType" has 2 error message(s).	[MsgId: MMSG-16818]
Action.c(768): Notify: The 1st error message associated with transaction "OCR_ModalityType" is "Error -26612: HTTP Status-Code=500 (NullReferenceException) for "http://10.184.129.108/webapi/api/statistics/getreportprintcountstatisticsbytypesize?DepartmentIDsList=3&DepartmentIDsList=12&DepartmentIDsList=4&DepartmentIDsList=5&DepartmentIDsList=6&DepartmentIDsList=7&DepartmentIDsList=8&DepartmentIDsList=9&DepartmentIDsList=10&DepartmentIDsList=11&DepartmentIDsList=2&DepartmentIDsList=1&EndDate=2018-01-22T23:59:59.999Z&StartDate=2017-12-22+00:00:00""	[MsgId: MMSG-16819]
Action.c(768): Notify: The 2nd error message associated with transaction "OCR_ModalityType" is "Error -26377: No match found for the requested parameter "OCR_ModalityType". Either the specified boundaries were not found in the response or the matched text is longer than current max html parameter size of 90000 bytes. The total length of the response is 99 bytes. You can use "web_set_max_html_param_len" to increase the max parameter size."	[MsgId: MMSG-16819]
The result is:  	[MsgId: MMSG-17999]
Action.c(774): Error: OCR_ModalityType fail	[MsgId: MERR-17999]
End auto log messages stack.	[MsgId: MMSG-10544]


