Start auto log messages stack - Iteration 5.	[MsgId: MMSG-10545]
Action.c(449): web_custom_request("Film_By_Terminal") was successful, 14928 body bytes, 261 header bytes  	[MsgId: MMSG-26386]
Action.c(457): Notify: Transaction "Film_By_Terminal" ended with a "Pass" status (Duration: 4.2335 Wasted Time: 0.0003).	[MsgId: MMSG-16871]
The result is:  departmentID	[MsgId: MMSG-17999]
Action.c(466): lr_think_time: 5.00 seconds.	[MsgId: MMSG-15948]
Action.c(468): web_url("CheckLoginStatus_25") started  	[MsgId: MMSG-26355]
Action.c(468): Continuing after Error -26609: HTTP Status-Code=503 (Service Unavailable) for "http://10.184.129.108/Platform/Account/CheckLoginStatus"  	[MsgId: MERR-26609]
End auto log messages stack.	[MsgId: MMSG-10544]


Start auto log messages stack - Iteration 5.	[MsgId: MMSG-10545]
Action.c(468): web_url("CheckLoginStatus_25") highest severity level was "continue on error", 326 body bytes, 187 header bytes  	[MsgId: MMSG-26388]
Action.c(468): Continuing after error in Vuser script.	[MsgId: MMSG-10678]
Action.c(477): web_reg_save_param started  	[MsgId: MMSG-26355]
Action.c(477): Registering web_reg_save_param was successful  	[MsgId: MMSG-26390]
Action.c(482): Notify: Transaction "Film_By_FilmSize" started.	[MsgId: MMSG-16999]
Action.c(484): web_custom_request("Film_By_FilmSize") started  	[MsgId: MMSG-26355]
Action.c(484): Continuing after Error -26609: HTTP Status-Code=503 (Service Unavailable) for "http://10.184.129.108/webapi/api/statistics/getfilmprintcountstatisticsbyfilmsize?DepartmentIDsList=3&DepartmentIDsList=12&DepartmentIDsList=4&DepartmentIDsList=5&DepartmentIDsList=6&DepartmentIDsList=7&DepartmentIDsList=8&DepartmentIDsList=9&DepartmentIDsList=10&DepartmentIDsList=11&DepartmentIDsList=2&DepartmentIDsList=1&EndDate=2018-01-08T23:59:59.999Z&StartDate=2016%2F01%2F01+00:00:00"  	[MsgId: MERR-26609]
Action.c(484): Continuing after Error -26377: No match found for the requested parameter "Film_By_FilmSize". Either the specified boundaries were not found in the response or the matched text is longer than current max html parameter size of 90000 bytes. The total length of the response is 326 bytes. You can use "web_set_max_html_param_len" to increase the max parameter size.  	[MsgId: MERR-26377]
End auto log messages stack.	[MsgId: MMSG-10544]


Start auto log messages stack - Iteration 5.	[MsgId: MMSG-10545]
Action.c(492): Notify: Transaction "Film_By_FilmSize" has 2 error message(s).	[MsgId: MMSG-16818]
Action.c(492): Notify: The 1st error message associated with transaction "Film_By_FilmSize" is "Error -26609: HTTP Status-Code=503 (Service Unavailable) for "http://10.184.129.108/webapi/api/statistics/getfilmprintcountstatisticsbyfilmsize?DepartmentIDsList=3&DepartmentIDsList=12&DepartmentIDsList=4&DepartmentIDsList=5&DepartmentIDsList=6&DepartmentIDsList=7&DepartmentIDsList=8&DepartmentIDsList=9&DepartmentIDsList=10&DepartmentIDsList=11&DepartmentIDsList=2&DepartmentIDsList=1&EndDate=2018-01-08T23:59:59.999Z&StartDate=2016%2F01%2F01+00:00:00""	[MsgId: MMSG-16819]
Action.c(492): Notify: The 2nd error message associated with transaction "Film_By_FilmSize" is "Error -26377: No match found for the requested parameter "Film_By_FilmSize". Either the specified boundaries were not found in the response or the matched text is longer than current max html parameter size of 90000 bytes. The total length of the response is 326 bytes. You can use "web_set_max_html_param_len" to increase the max parameter size."	[MsgId: MMSG-16819]
The result is:  	[MsgId: MMSG-17999]
Action.c(498): Error: Film_By_FilmSize fail	[MsgId: MERR-17999]
End auto log messages stack.	[MsgId: MMSG-10544]


Start auto log messages stack - Iteration 5.	[MsgId: MMSG-10545]
Action.c(501): lr_think_time: 5.00 seconds.	[MsgId: MMSG-15948]
Action.c(503): web_url("CheckLoginStatus_25") started  	[MsgId: MMSG-26355]
Action.c(503): Continuing after Error -26627: HTTP Status-Code=404 (Not Found) for "http://10.184.129.108/Platform/Account/CheckLoginStatus"  	[MsgId: MERR-26627]
End auto log messages stack.	[MsgId: MMSG-10544]


Start auto log messages stack - Iteration 5.	[MsgId: MMSG-10545]
Action.c(503): web_url("CheckLoginStatus_25") highest severity level was "continue on error", 315 body bytes, 177 header bytes  	[MsgId: MMSG-26388]
Action.c(503): Continuing after error in Vuser script.	[MsgId: MMSG-10678]
Action.c(512): web_reg_save_param started  	[MsgId: MMSG-26355]
Action.c(512): Registering web_reg_save_param was successful  	[MsgId: MMSG-26390]
Action.c(517): Notify: Transaction "Film_Unprinted_By_FilmSize" started.	[MsgId: MMSG-16999]
Action.c(519): web_custom_request("Film_Unprinted_By_FilmSize") started  	[MsgId: MMSG-26355]
Action.c(519): Continuing after Error -26627: HTTP Status-Code=404 (Not Found) for "http://10.184.129.108/webapi/api/statistics/getunprintfilmcountstatisticsbyfilmsize?DepartmentIDsList=3&DepartmentIDsList=12&DepartmentIDsList=4&DepartmentIDsList=5&DepartmentIDsList=6&DepartmentIDsList=7&DepartmentIDsList=8&DepartmentIDsList=9&DepartmentIDsList=10&DepartmentIDsList=11&DepartmentIDsList=2&DepartmentIDsList=1&EndDate=2018-01-08T23:59:59.999Z&StartDate=2016%2F01%2F01+00:00:00"  	[MsgId: MERR-26627]
Action.c(519): Continuing after Error -26377: No match found for the requested parameter "Film_Unprinted_By_FilmSize". Either the specified boundaries were not found in the response or the matched text is longer than current max html parameter size of 90000 bytes. The total length of the response is 315 bytes. You can use "web_set_max_html_param_len" to increase the max parameter size.  	[MsgId: MERR-26377]
End auto log messages stack.	[MsgId: MMSG-10544]


Start auto log messages stack - Iteration 5.	[MsgId: MMSG-10545]
Action.c(527): Notify: The 1st error message associated with transaction "Film_Unprinted_By_FilmSize" is "Error -26627: HTTP Status-Code=404 (Not Found) for "http://10.184.129.108/webapi/api/statistics/getunprintfilmcountstatisticsbyfilmsize?DepartmentIDsList=3&DepartmentIDsList=12&DepartmentIDsList=4&DepartmentIDsList=5&DepartmentIDsList=6&DepartmentIDsList=7&DepartmentIDsList=8&DepartmentIDsList=9&DepartmentIDsList=10&DepartmentIDsList=11&DepartmentIDsList=2&DepartmentIDsList=1&EndDate=2018-01-08T23:59:59.999Z&StartDate=2016%2F01%2F01+00:00:00""	[MsgId: MMSG-16819]
Action.c(527): Notify: The 2nd error message associated with transaction "Film_Unprinted_By_FilmSize" is "Error -26377: No match found for the requested parameter "Film_Unprinted_By_FilmSize". Either the specified boundaries were not found in the response or the matched text is longer than current max html parameter size of 90000 bytes. The total length of the response is 315 bytes. You can use "web_set_max_html_param_len" to increase the max parameter size."	[MsgId: MMSG-16819]
The result is:  	[MsgId: MMSG-17999]
Action.c(533): Error: Film_Unprinted_By_FilmSize fail	[MsgId: MERR-17999]
End auto log messages stack.	[MsgId: MMSG-10544]


