Start auto log messages stack - Iteration 1.	[MsgId: MMSG-10545]
Action.c(558): web_reg_save_param started  	[MsgId: MMSG-26355]
Action.c(558): Registering web_reg_save_param was successful  	[MsgId: MMSG-26390]
Action.c(563): Notify: Transaction "Film_printed_By_CentralPrint" started.	[MsgId: MMSG-16999]
Action.c(565): web_custom_request("Film_printed_By_CentralPrint") started  	[MsgId: MMSG-26355]
Action.c(565): HTML parsing not performed for Content-Type "application/json" ("ParseHtmlContentType" Run-Time Setting is "TEXT"). URL="http://10.184.129.208/webapi/api/statistics/getfilmprintcountstatisticsbycentralprint??DepartmentIDsList=3&DepartmentIDsList=12&DepartmentIDsList=4&DepartmentIDsList=5&DepartmentIDsList=6&DepartmentIDsList=7&DepartmentIDsList=8&DepartmentIDsList=9&DepartmentIDsList=10&DepartmentIDsList=11&DepartmentIDsList=2&DepartmentIDsList=1&EndDate=2018-04-10T23:59:59.999Z&StartDate=2018-03-10+00:00:00"  	[MsgId: MMSG-26548]
Action.c(565): Continuing after Error -26377: No match found for the requested parameter "Film_printed_By_CentralPrint". Either the specified boundaries were not found in the response or the matched text is longer than current max html parameter size of 90000 bytes. The total length of the response is 2 bytes. You can use "web_set_max_html_param_len" to increase the max parameter size.  	[MsgId: MERR-26377]
End auto log messages stack.	[MsgId: MMSG-10544]


Start auto log messages stack - Iteration 1.	[MsgId: MMSG-10545]
Action.c(565): web_custom_request("Film_printed_By_CentralPrint") highest severity level was "continue on error", 2 body bytes, 257 header bytes  	[MsgId: MMSG-26388]
Action.c(565): Continuing after error in Vuser script.	[MsgId: MMSG-10678]
Action.c(573): Notify: Transaction "Film_printed_By_CentralPrint" ended with a "Fail" status (Duration: 16.2918 Wasted Time: 0.0000).	[MsgId: MMSG-16871]
Action.c(573): Notify: Transaction "Film_printed_By_CentralPrint" has 1 error message(s).	[MsgId: MMSG-16818]
Action.c(573): Notify: The 1st error message associated with transaction "Film_printed_By_CentralPrint" is "Error -26377: No match found for the requested parameter "Film_printed_By_CentralPrint". Either the specified boundaries were not found in the response or the matched text is longer than current max html parameter size of 90000 bytes. The total length of the response is 2 bytes. You can use "web_set_max_html_param_len" to increase the max parameter size."	[MsgId: MMSG-16819]
The result is:  	[MsgId: MMSG-17999]
Action.c(579): Error: Film_printed_By_CentralPrint fail	[MsgId: MERR-17999]
End auto log messages stack.	[MsgId: MMSG-10544]


Start auto log messages stack - Iteration 1.	[MsgId: MMSG-10545]
Action.c(715): web_reg_save_param started  	[MsgId: MMSG-26355]
Action.c(715): Registering web_reg_save_param was successful  	[MsgId: MMSG-26390]
Action.c(720): Notify: Transaction "Report_By_CentralPrint" started.	[MsgId: MMSG-16999]
Action.c(722): web_custom_request("Report_By_CentralPrint") started  	[MsgId: MMSG-26355]
Action.c(722): HTML parsing not performed for Content-Type "application/json" ("ParseHtmlContentType" Run-Time Setting is "TEXT"). URL="http://10.184.129.208/webapi/api/statistics/getreportprintcountstatisticsbycentralprint?DepartmentIDsList=3&DepartmentIDsList=12&DepartmentIDsList=4&DepartmentIDsList=5&DepartmentIDsList=6&DepartmentIDsList=7&DepartmentIDsList=8&DepartmentIDsList=9&DepartmentIDsList=10&DepartmentIDsList=11&DepartmentIDsList=2&DepartmentIDsList=1&EndDate=2018-04-10T23:59:59.999Z&StartDate=2018-03-10+00:00:00"  	[MsgId: MMSG-26548]
Action.c(722): Continuing after Error -26377: No match found for the requested parameter "Report_By_CentralPrint". Either the specified boundaries were not found in the response or the matched text is longer than current max html parameter size of 90000 bytes. The total length of the response is 2 bytes. You can use "web_set_max_html_param_len" to increase the max parameter size.  	[MsgId: MERR-26377]
End auto log messages stack.	[MsgId: MMSG-10544]


Start auto log messages stack - Iteration 1.	[MsgId: MMSG-10545]
Action.c(722): web_custom_request("Report_By_CentralPrint") highest severity level was "continue on error", 2 body bytes, 257 header bytes  	[MsgId: MMSG-26388]
Action.c(722): Continuing after error in Vuser script.	[MsgId: MMSG-10678]
Action.c(730): Notify: Transaction "Report_By_CentralPrint" ended with a "Fail" status (Duration: 0.8131 Wasted Time: 0.0000).	[MsgId: MMSG-16871]
Action.c(730): Notify: Transaction "Report_By_CentralPrint" has 1 error message(s).	[MsgId: MMSG-16818]
Action.c(730): Notify: The 1st error message associated with transaction "Report_By_CentralPrint" is "Error -26377: No match found for the requested parameter "Report_By_CentralPrint". Either the specified boundaries were not found in the response or the matched text is longer than current max html parameter size of 90000 bytes. The total length of the response is 2 bytes. You can use "web_set_max_html_param_len" to increase the max parameter size."	[MsgId: MMSG-16819]
The result is:  	[MsgId: MMSG-17999]
Action.c(736): Error: Report_By_CentralPrint fail	[MsgId: MERR-17999]
End auto log messages stack.	[MsgId: MMSG-10544]


Start auto log messages stack - Iteration 2.	[MsgId: MMSG-10545]
Action.c(558): web_reg_save_param started  	[MsgId: MMSG-26355]
Action.c(558): Registering web_reg_save_param was successful  	[MsgId: MMSG-26390]
Action.c(563): Notify: Transaction "Film_printed_By_CentralPrint" started.	[MsgId: MMSG-16999]
Action.c(565): web_custom_request("Film_printed_By_CentralPrint") started  	[MsgId: MMSG-26355]
Action.c(565): HTML parsing not performed for Content-Type "application/json" ("ParseHtmlContentType" Run-Time Setting is "TEXT"). URL="http://10.184.129.208/webapi/api/statistics/getfilmprintcountstatisticsbycentralprint??DepartmentIDsList=3&DepartmentIDsList=12&DepartmentIDsList=4&DepartmentIDsList=5&DepartmentIDsList=6&DepartmentIDsList=7&DepartmentIDsList=8&DepartmentIDsList=9&DepartmentIDsList=10&DepartmentIDsList=11&DepartmentIDsList=2&DepartmentIDsList=1&EndDate=2018-04-10T23:59:59.999Z&StartDate=2018-03-10+00:00:00"  	[MsgId: MMSG-26548]
Action.c(565): Continuing after Error -26377: No match found for the requested parameter "Film_printed_By_CentralPrint". Either the specified boundaries were not found in the response or the matched text is longer than current max html parameter size of 90000 bytes. The total length of the response is 2 bytes. You can use "web_set_max_html_param_len" to increase the max parameter size.  	[MsgId: MERR-26377]
End auto log messages stack.	[MsgId: MMSG-10544]


Start auto log messages stack - Iteration 2.	[MsgId: MMSG-10545]
Action.c(565): web_custom_request("Film_printed_By_CentralPrint") highest severity level was "continue on error", 2 body bytes, 257 header bytes  	[MsgId: MMSG-26388]
Action.c(565): Continuing after error in Vuser script.	[MsgId: MMSG-10678]
Action.c(573): Notify: Transaction "Film_printed_By_CentralPrint" ended with a "Fail" status (Duration: 0.6109 Wasted Time: 0.0000).	[MsgId: MMSG-16871]
Action.c(573): Notify: Transaction "Film_printed_By_CentralPrint" has 1 error message(s).	[MsgId: MMSG-16818]
Action.c(573): Notify: The 1st error message associated with transaction "Film_printed_By_CentralPrint" is "Error -26377: No match found for the requested parameter "Film_printed_By_CentralPrint". Either the specified boundaries were not found in the response or the matched text is longer than current max html parameter size of 90000 bytes. The total length of the response is 2 bytes. You can use "web_set_max_html_param_len" to increase the max parameter size."	[MsgId: MMSG-16819]
The result is:  	[MsgId: MMSG-17999]
Action.c(579): Error: Film_printed_By_CentralPrint fail	[MsgId: MERR-17999]
End auto log messages stack.	[MsgId: MMSG-10544]


Start auto log messages stack - Iteration 2.	[MsgId: MMSG-10545]
Action.c(715): web_reg_save_param started  	[MsgId: MMSG-26355]
Action.c(715): Registering web_reg_save_param was successful  	[MsgId: MMSG-26390]
Action.c(720): Notify: Transaction "Report_By_CentralPrint" started.	[MsgId: MMSG-16999]
Action.c(722): web_custom_request("Report_By_CentralPrint") started  	[MsgId: MMSG-26355]
Action.c(722): HTML parsing not performed for Content-Type "application/json" ("ParseHtmlContentType" Run-Time Setting is "TEXT"). URL="http://10.184.129.208/webapi/api/statistics/getreportprintcountstatisticsbycentralprint?DepartmentIDsList=3&DepartmentIDsList=12&DepartmentIDsList=4&DepartmentIDsList=5&DepartmentIDsList=6&DepartmentIDsList=7&DepartmentIDsList=8&DepartmentIDsList=9&DepartmentIDsList=10&DepartmentIDsList=11&DepartmentIDsList=2&DepartmentIDsList=1&EndDate=2018-04-10T23:59:59.999Z&StartDate=2018-03-10+00:00:00"  	[MsgId: MMSG-26548]
Action.c(722): Continuing after Error -26377: No match found for the requested parameter "Report_By_CentralPrint". Either the specified boundaries were not found in the response or the matched text is longer than current max html parameter size of 90000 bytes. The total length of the response is 2 bytes. You can use "web_set_max_html_param_len" to increase the max parameter size.  	[MsgId: MERR-26377]
End auto log messages stack.	[MsgId: MMSG-10544]


Start auto log messages stack - Iteration 2.	[MsgId: MMSG-10545]
Action.c(722): web_custom_request("Report_By_CentralPrint") highest severity level was "continue on error", 2 body bytes, 257 header bytes  	[MsgId: MMSG-26388]
Action.c(722): Continuing after error in Vuser script.	[MsgId: MMSG-10678]
Action.c(730): Notify: Transaction "Report_By_CentralPrint" ended with a "Fail" status (Duration: 0.6146 Wasted Time: 0.0000).	[MsgId: MMSG-16871]
Action.c(730): Notify: Transaction "Report_By_CentralPrint" has 1 error message(s).	[MsgId: MMSG-16818]
Action.c(730): Notify: The 1st error message associated with transaction "Report_By_CentralPrint" is "Error -26377: No match found for the requested parameter "Report_By_CentralPrint". Either the specified boundaries were not found in the response or the matched text is longer than current max html parameter size of 90000 bytes. The total length of the response is 2 bytes. You can use "web_set_max_html_param_len" to increase the max parameter size."	[MsgId: MMSG-16819]
The result is:  	[MsgId: MMSG-17999]
Action.c(736): Error: Report_By_CentralPrint fail	[MsgId: MERR-17999]
End auto log messages stack.	[MsgId: MMSG-10544]


Start auto log messages stack - Iteration 3.	[MsgId: MMSG-10545]
Action.c(558): web_reg_save_param started  	[MsgId: MMSG-26355]
Action.c(558): Registering web_reg_save_param was successful  	[MsgId: MMSG-26390]
Action.c(563): Notify: Transaction "Film_printed_By_CentralPrint" started.	[MsgId: MMSG-16999]
Action.c(565): web_custom_request("Film_printed_By_CentralPrint") started  	[MsgId: MMSG-26355]
Action.c(565): HTML parsing not performed for Content-Type "application/json" ("ParseHtmlContentType" Run-Time Setting is "TEXT"). URL="http://10.184.129.208/webapi/api/statistics/getfilmprintcountstatisticsbycentralprint??DepartmentIDsList=3&DepartmentIDsList=12&DepartmentIDsList=4&DepartmentIDsList=5&DepartmentIDsList=6&DepartmentIDsList=7&DepartmentIDsList=8&DepartmentIDsList=9&DepartmentIDsList=10&DepartmentIDsList=11&DepartmentIDsList=2&DepartmentIDsList=1&EndDate=2018-04-10T23:59:59.999Z&StartDate=2018-03-10+00:00:00"  	[MsgId: MMSG-26548]
Action.c(565): Continuing after Error -26377: No match found for the requested parameter "Film_printed_By_CentralPrint". Either the specified boundaries were not found in the response or the matched text is longer than current max html parameter size of 90000 bytes. The total length of the response is 2 bytes. You can use "web_set_max_html_param_len" to increase the max parameter size.  	[MsgId: MERR-26377]
End auto log messages stack.	[MsgId: MMSG-10544]


Start auto log messages stack - Iteration 3.	[MsgId: MMSG-10545]
Action.c(565): web_custom_request("Film_printed_By_CentralPrint") highest severity level was "continue on error", 2 body bytes, 257 header bytes  	[MsgId: MMSG-26388]
Action.c(565): Continuing after error in Vuser script.	[MsgId: MMSG-10678]
Action.c(573): Notify: Transaction "Film_printed_By_CentralPrint" ended with a "Fail" status (Duration: 0.4061 Wasted Time: 0.0000).	[MsgId: MMSG-16871]
Action.c(573): Notify: Transaction "Film_printed_By_CentralPrint" has 1 error message(s).	[MsgId: MMSG-16818]
Action.c(573): Notify: The 1st error message associated with transaction "Film_printed_By_CentralPrint" is "Error -26377: No match found for the requested parameter "Film_printed_By_CentralPrint". Either the specified boundaries were not found in the response or the matched text is longer than current max html parameter size of 90000 bytes. The total length of the response is 2 bytes. You can use "web_set_max_html_param_len" to increase the max parameter size."	[MsgId: MMSG-16819]
The result is:  	[MsgId: MMSG-17999]
Action.c(579): Error: Film_printed_By_CentralPrint fail	[MsgId: MERR-17999]
End auto log messages stack.	[MsgId: MMSG-10544]


Start auto log messages stack - Iteration 3.	[MsgId: MMSG-10545]
Action.c(715): web_reg_save_param started  	[MsgId: MMSG-26355]
Action.c(715): Registering web_reg_save_param was successful  	[MsgId: MMSG-26390]
Action.c(720): Notify: Transaction "Report_By_CentralPrint" started.	[MsgId: MMSG-16999]
Action.c(722): web_custom_request("Report_By_CentralPrint") started  	[MsgId: MMSG-26355]
Action.c(722): HTML parsing not performed for Content-Type "application/json" ("ParseHtmlContentType" Run-Time Setting is "TEXT"). URL="http://10.184.129.208/webapi/api/statistics/getreportprintcountstatisticsbycentralprint?DepartmentIDsList=3&DepartmentIDsList=12&DepartmentIDsList=4&DepartmentIDsList=5&DepartmentIDsList=6&DepartmentIDsList=7&DepartmentIDsList=8&DepartmentIDsList=9&DepartmentIDsList=10&DepartmentIDsList=11&DepartmentIDsList=2&DepartmentIDsList=1&EndDate=2018-04-10T23:59:59.999Z&StartDate=2018-03-10+00:00:00"  	[MsgId: MMSG-26548]
Action.c(722): Continuing after Error -26377: No match found for the requested parameter "Report_By_CentralPrint". Either the specified boundaries were not found in the response or the matched text is longer than current max html parameter size of 90000 bytes. The total length of the response is 2 bytes. You can use "web_set_max_html_param_len" to increase the max parameter size.  	[MsgId: MERR-26377]
End auto log messages stack.	[MsgId: MMSG-10544]


Start auto log messages stack - Iteration 3.	[MsgId: MMSG-10545]
Action.c(722): web_custom_request("Report_By_CentralPrint") highest severity level was "continue on error", 2 body bytes, 257 header bytes  	[MsgId: MMSG-26388]
Action.c(722): Continuing after error in Vuser script.	[MsgId: MMSG-10678]
Action.c(730): Notify: Transaction "Report_By_CentralPrint" ended with a "Fail" status (Duration: 0.4117 Wasted Time: 0.0000).	[MsgId: MMSG-16871]
Action.c(730): Notify: Transaction "Report_By_CentralPrint" has 1 error message(s).	[MsgId: MMSG-16818]
Action.c(730): Notify: The 1st error message associated with transaction "Report_By_CentralPrint" is "Error -26377: No match found for the requested parameter "Report_By_CentralPrint". Either the specified boundaries were not found in the response or the matched text is longer than current max html parameter size of 90000 bytes. The total length of the response is 2 bytes. You can use "web_set_max_html_param_len" to increase the max parameter size."	[MsgId: MMSG-16819]
The result is:  	[MsgId: MMSG-17999]
Action.c(736): Error: Report_By_CentralPrint fail	[MsgId: MERR-17999]
End auto log messages stack.	[MsgId: MMSG-10544]


Start auto log messages stack - Iteration 4.	[MsgId: MMSG-10545]
Action.c(558): web_reg_save_param started  	[MsgId: MMSG-26355]
Action.c(558): Registering web_reg_save_param was successful  	[MsgId: MMSG-26390]
Action.c(563): Notify: Transaction "Film_printed_By_CentralPrint" started.	[MsgId: MMSG-16999]
Action.c(565): web_custom_request("Film_printed_By_CentralPrint") started  	[MsgId: MMSG-26355]
Action.c(565): HTML parsing not performed for Content-Type "application/json" ("ParseHtmlContentType" Run-Time Setting is "TEXT"). URL="http://10.184.129.208/webapi/api/statistics/getfilmprintcountstatisticsbycentralprint??DepartmentIDsList=3&DepartmentIDsList=12&DepartmentIDsList=4&DepartmentIDsList=5&DepartmentIDsList=6&DepartmentIDsList=7&DepartmentIDsList=8&DepartmentIDsList=9&DepartmentIDsList=10&DepartmentIDsList=11&DepartmentIDsList=2&DepartmentIDsList=1&EndDate=2018-04-10T23:59:59.999Z&StartDate=2018-03-10+00:00:00"  	[MsgId: MMSG-26548]
Action.c(565): Continuing after Error -26377: No match found for the requested parameter "Film_printed_By_CentralPrint". Either the specified boundaries were not found in the response or the matched text is longer than current max html parameter size of 90000 bytes. The total length of the response is 2 bytes. You can use "web_set_max_html_param_len" to increase the max parameter size.  	[MsgId: MERR-26377]
End auto log messages stack.	[MsgId: MMSG-10544]


Start auto log messages stack - Iteration 4.	[MsgId: MMSG-10545]
Action.c(565): web_custom_request("Film_printed_By_CentralPrint") highest severity level was "continue on error", 2 body bytes, 257 header bytes  	[MsgId: MMSG-26388]
Action.c(565): Continuing after error in Vuser script.	[MsgId: MMSG-10678]
Action.c(573): Notify: Transaction "Film_printed_By_CentralPrint" ended with a "Fail" status (Duration: 0.4067 Wasted Time: 0.0000).	[MsgId: MMSG-16871]
Action.c(573): Notify: Transaction "Film_printed_By_CentralPrint" has 1 error message(s).	[MsgId: MMSG-16818]
Action.c(573): Notify: The 1st error message associated with transaction "Film_printed_By_CentralPrint" is "Error -26377: No match found for the requested parameter "Film_printed_By_CentralPrint". Either the specified boundaries were not found in the response or the matched text is longer than current max html parameter size of 90000 bytes. The total length of the response is 2 bytes. You can use "web_set_max_html_param_len" to increase the max parameter size."	[MsgId: MMSG-16819]
The result is:  	[MsgId: MMSG-17999]
Action.c(579): Error: Film_printed_By_CentralPrint fail	[MsgId: MERR-17999]
End auto log messages stack.	[MsgId: MMSG-10544]


Start auto log messages stack - Iteration 4.	[MsgId: MMSG-10545]
Action.c(715): web_reg_save_param started  	[MsgId: MMSG-26355]
Action.c(715): Registering web_reg_save_param was successful  	[MsgId: MMSG-26390]
Action.c(720): Notify: Transaction "Report_By_CentralPrint" started.	[MsgId: MMSG-16999]
Action.c(722): web_custom_request("Report_By_CentralPrint") started  	[MsgId: MMSG-26355]
Action.c(722): HTML parsing not performed for Content-Type "application/json" ("ParseHtmlContentType" Run-Time Setting is "TEXT"). URL="http://10.184.129.208/webapi/api/statistics/getreportprintcountstatisticsbycentralprint?DepartmentIDsList=3&DepartmentIDsList=12&DepartmentIDsList=4&DepartmentIDsList=5&DepartmentIDsList=6&DepartmentIDsList=7&DepartmentIDsList=8&DepartmentIDsList=9&DepartmentIDsList=10&DepartmentIDsList=11&DepartmentIDsList=2&DepartmentIDsList=1&EndDate=2018-04-10T23:59:59.999Z&StartDate=2018-03-10+00:00:00"  	[MsgId: MMSG-26548]
Action.c(722): Continuing after Error -26377: No match found for the requested parameter "Report_By_CentralPrint". Either the specified boundaries were not found in the response or the matched text is longer than current max html parameter size of 90000 bytes. The total length of the response is 2 bytes. You can use "web_set_max_html_param_len" to increase the max parameter size.  	[MsgId: MERR-26377]
End auto log messages stack.	[MsgId: MMSG-10544]


Start auto log messages stack - Iteration 4.	[MsgId: MMSG-10545]
Action.c(722): web_custom_request("Report_By_CentralPrint") highest severity level was "continue on error", 2 body bytes, 257 header bytes  	[MsgId: MMSG-26388]
Action.c(722): Continuing after error in Vuser script.	[MsgId: MMSG-10678]
Action.c(730): Notify: Transaction "Report_By_CentralPrint" ended with a "Fail" status (Duration: 0.5821 Wasted Time: 0.0000).	[MsgId: MMSG-16871]
Action.c(730): Notify: Transaction "Report_By_CentralPrint" has 1 error message(s).	[MsgId: MMSG-16818]
Action.c(730): Notify: The 1st error message associated with transaction "Report_By_CentralPrint" is "Error -26377: No match found for the requested parameter "Report_By_CentralPrint". Either the specified boundaries were not found in the response or the matched text is longer than current max html parameter size of 90000 bytes. The total length of the response is 2 bytes. You can use "web_set_max_html_param_len" to increase the max parameter size."	[MsgId: MMSG-16819]
The result is:  	[MsgId: MMSG-17999]
Action.c(736): Error: Report_By_CentralPrint fail	[MsgId: MERR-17999]
End auto log messages stack.	[MsgId: MMSG-10544]


Start auto log messages stack - Iteration 5.	[MsgId: MMSG-10545]
Action.c(558): web_reg_save_param started  	[MsgId: MMSG-26355]
Action.c(558): Registering web_reg_save_param was successful  	[MsgId: MMSG-26390]
Action.c(563): Notify: Transaction "Film_printed_By_CentralPrint" started.	[MsgId: MMSG-16999]
Action.c(565): web_custom_request("Film_printed_By_CentralPrint") started  	[MsgId: MMSG-26355]
Action.c(565): HTML parsing not performed for Content-Type "application/json" ("ParseHtmlContentType" Run-Time Setting is "TEXT"). URL="http://10.184.129.208/webapi/api/statistics/getfilmprintcountstatisticsbycentralprint??DepartmentIDsList=3&DepartmentIDsList=12&DepartmentIDsList=4&DepartmentIDsList=5&DepartmentIDsList=6&DepartmentIDsList=7&DepartmentIDsList=8&DepartmentIDsList=9&DepartmentIDsList=10&DepartmentIDsList=11&DepartmentIDsList=2&DepartmentIDsList=1&EndDate=2018-04-10T23:59:59.999Z&StartDate=2018-03-10+00:00:00"  	[MsgId: MMSG-26548]
Action.c(565): Continuing after Error -26377: No match found for the requested parameter "Film_printed_By_CentralPrint". Either the specified boundaries were not found in the response or the matched text is longer than current max html parameter size of 90000 bytes. The total length of the response is 2 bytes. You can use "web_set_max_html_param_len" to increase the max parameter size.  	[MsgId: MERR-26377]
End auto log messages stack.	[MsgId: MMSG-10544]


Start auto log messages stack - Iteration 5.	[MsgId: MMSG-10545]
Action.c(565): web_custom_request("Film_printed_By_CentralPrint") highest severity level was "continue on error", 2 body bytes, 257 header bytes  	[MsgId: MMSG-26388]
Action.c(565): Continuing after error in Vuser script.	[MsgId: MMSG-10678]
Action.c(573): Notify: Transaction "Film_printed_By_CentralPrint" ended with a "Fail" status (Duration: 0.4126 Wasted Time: 0.0000).	[MsgId: MMSG-16871]
Action.c(573): Notify: Transaction "Film_printed_By_CentralPrint" has 1 error message(s).	[MsgId: MMSG-16818]
Action.c(573): Notify: The 1st error message associated with transaction "Film_printed_By_CentralPrint" is "Error -26377: No match found for the requested parameter "Film_printed_By_CentralPrint". Either the specified boundaries were not found in the response or the matched text is longer than current max html parameter size of 90000 bytes. The total length of the response is 2 bytes. You can use "web_set_max_html_param_len" to increase the max parameter size."	[MsgId: MMSG-16819]
The result is:  	[MsgId: MMSG-17999]
Action.c(579): Error: Film_printed_By_CentralPrint fail	[MsgId: MERR-17999]
End auto log messages stack.	[MsgId: MMSG-10544]


Start auto log messages stack - Iteration 5.	[MsgId: MMSG-10545]
Action.c(715): web_reg_save_param started  	[MsgId: MMSG-26355]
Action.c(715): Registering web_reg_save_param was successful  	[MsgId: MMSG-26390]
Action.c(720): Notify: Transaction "Report_By_CentralPrint" started.	[MsgId: MMSG-16999]
Action.c(722): web_custom_request("Report_By_CentralPrint") started  	[MsgId: MMSG-26355]
Action.c(722): HTML parsing not performed for Content-Type "application/json" ("ParseHtmlContentType" Run-Time Setting is "TEXT"). URL="http://10.184.129.208/webapi/api/statistics/getreportprintcountstatisticsbycentralprint?DepartmentIDsList=3&DepartmentIDsList=12&DepartmentIDsList=4&DepartmentIDsList=5&DepartmentIDsList=6&DepartmentIDsList=7&DepartmentIDsList=8&DepartmentIDsList=9&DepartmentIDsList=10&DepartmentIDsList=11&DepartmentIDsList=2&DepartmentIDsList=1&EndDate=2018-04-10T23:59:59.999Z&StartDate=2018-03-10+00:00:00"  	[MsgId: MMSG-26548]
Action.c(722): Continuing after Error -26377: No match found for the requested parameter "Report_By_CentralPrint". Either the specified boundaries were not found in the response or the matched text is longer than current max html parameter size of 90000 bytes. The total length of the response is 2 bytes. You can use "web_set_max_html_param_len" to increase the max parameter size.  	[MsgId: MERR-26377]
End auto log messages stack.	[MsgId: MMSG-10544]


Start auto log messages stack - Iteration 5.	[MsgId: MMSG-10545]
Action.c(722): web_custom_request("Report_By_CentralPrint") highest severity level was "continue on error", 2 body bytes, 257 header bytes  	[MsgId: MMSG-26388]
Action.c(722): Continuing after error in Vuser script.	[MsgId: MMSG-10678]
Action.c(730): Notify: Transaction "Report_By_CentralPrint" ended with a "Fail" status (Duration: 0.6097 Wasted Time: 0.0000).	[MsgId: MMSG-16871]
Action.c(730): Notify: Transaction "Report_By_CentralPrint" has 1 error message(s).	[MsgId: MMSG-16818]
Action.c(730): Notify: The 1st error message associated with transaction "Report_By_CentralPrint" is "Error -26377: No match found for the requested parameter "Report_By_CentralPrint". Either the specified boundaries were not found in the response or the matched text is longer than current max html parameter size of 90000 bytes. The total length of the response is 2 bytes. You can use "web_set_max_html_param_len" to increase the max parameter size."	[MsgId: MMSG-16819]
The result is:  	[MsgId: MMSG-17999]
Action.c(736): Error: Report_By_CentralPrint fail	[MsgId: MERR-17999]
End auto log messages stack.	[MsgId: MMSG-10544]


Start auto log messages stack - Iteration 6.	[MsgId: MMSG-10545]
Action.c(558): web_reg_save_param started  	[MsgId: MMSG-26355]
Action.c(558): Registering web_reg_save_param was successful  	[MsgId: MMSG-26390]
Action.c(563): Notify: Transaction "Film_printed_By_CentralPrint" started.	[MsgId: MMSG-16999]
Action.c(565): web_custom_request("Film_printed_By_CentralPrint") started  	[MsgId: MMSG-26355]
Action.c(565): HTML parsing not performed for Content-Type "application/json" ("ParseHtmlContentType" Run-Time Setting is "TEXT"). URL="http://10.184.129.208/webapi/api/statistics/getfilmprintcountstatisticsbycentralprint??DepartmentIDsList=3&DepartmentIDsList=12&DepartmentIDsList=4&DepartmentIDsList=5&DepartmentIDsList=6&DepartmentIDsList=7&DepartmentIDsList=8&DepartmentIDsList=9&DepartmentIDsList=10&DepartmentIDsList=11&DepartmentIDsList=2&DepartmentIDsList=1&EndDate=2018-04-10T23:59:59.999Z&StartDate=2018-03-10+00:00:00"  	[MsgId: MMSG-26548]
Action.c(565): Continuing after Error -26377: No match found for the requested parameter "Film_printed_By_CentralPrint". Either the specified boundaries were not found in the response or the matched text is longer than current max html parameter size of 90000 bytes. The total length of the response is 2 bytes. You can use "web_set_max_html_param_len" to increase the max parameter size.  	[MsgId: MERR-26377]
End auto log messages stack.	[MsgId: MMSG-10544]


Start auto log messages stack - Iteration 6.	[MsgId: MMSG-10545]
Action.c(565): web_custom_request("Film_printed_By_CentralPrint") highest severity level was "continue on error", 2 body bytes, 257 header bytes  	[MsgId: MMSG-26388]
Action.c(565): Continuing after error in Vuser script.	[MsgId: MMSG-10678]
Action.c(573): Notify: Transaction "Film_printed_By_CentralPrint" ended with a "Fail" status (Duration: 0.4060 Wasted Time: 0.0000).	[MsgId: MMSG-16871]
Action.c(573): Notify: Transaction "Film_printed_By_CentralPrint" has 1 error message(s).	[MsgId: MMSG-16818]
Action.c(573): Notify: The 1st error message associated with transaction "Film_printed_By_CentralPrint" is "Error -26377: No match found for the requested parameter "Film_printed_By_CentralPrint". Either the specified boundaries were not found in the response or the matched text is longer than current max html parameter size of 90000 bytes. The total length of the response is 2 bytes. You can use "web_set_max_html_param_len" to increase the max parameter size."	[MsgId: MMSG-16819]
The result is:  	[MsgId: MMSG-17999]
Action.c(579): Error: Film_printed_By_CentralPrint fail	[MsgId: MERR-17999]
End auto log messages stack.	[MsgId: MMSG-10544]


Start auto log messages stack - Iteration 6.	[MsgId: MMSG-10545]
Action.c(715): web_reg_save_param started  	[MsgId: MMSG-26355]
Action.c(715): Registering web_reg_save_param was successful  	[MsgId: MMSG-26390]
Action.c(720): Notify: Transaction "Report_By_CentralPrint" started.	[MsgId: MMSG-16999]
Action.c(722): web_custom_request("Report_By_CentralPrint") started  	[MsgId: MMSG-26355]
Action.c(722): HTML parsing not performed for Content-Type "application/json" ("ParseHtmlContentType" Run-Time Setting is "TEXT"). URL="http://10.184.129.208/webapi/api/statistics/getreportprintcountstatisticsbycentralprint?DepartmentIDsList=3&DepartmentIDsList=12&DepartmentIDsList=4&DepartmentIDsList=5&DepartmentIDsList=6&DepartmentIDsList=7&DepartmentIDsList=8&DepartmentIDsList=9&DepartmentIDsList=10&DepartmentIDsList=11&DepartmentIDsList=2&DepartmentIDsList=1&EndDate=2018-04-10T23:59:59.999Z&StartDate=2018-03-10+00:00:00"  	[MsgId: MMSG-26548]
Action.c(722): Continuing after Error -26377: No match found for the requested parameter "Report_By_CentralPrint". Either the specified boundaries were not found in the response or the matched text is longer than current max html parameter size of 90000 bytes. The total length of the response is 2 bytes. You can use "web_set_max_html_param_len" to increase the max parameter size.  	[MsgId: MERR-26377]
End auto log messages stack.	[MsgId: MMSG-10544]


Start auto log messages stack - Iteration 6.	[MsgId: MMSG-10545]
Action.c(722): web_custom_request("Report_By_CentralPrint") highest severity level was "continue on error", 2 body bytes, 257 header bytes  	[MsgId: MMSG-26388]
Action.c(722): Continuing after error in Vuser script.	[MsgId: MMSG-10678]
Action.c(730): Notify: Transaction "Report_By_CentralPrint" ended with a "Fail" status (Duration: 0.4200 Wasted Time: 0.0000).	[MsgId: MMSG-16871]
Action.c(730): Notify: Transaction "Report_By_CentralPrint" has 1 error message(s).	[MsgId: MMSG-16818]
Action.c(730): Notify: The 1st error message associated with transaction "Report_By_CentralPrint" is "Error -26377: No match found for the requested parameter "Report_By_CentralPrint". Either the specified boundaries were not found in the response or the matched text is longer than current max html parameter size of 90000 bytes. The total length of the response is 2 bytes. You can use "web_set_max_html_param_len" to increase the max parameter size."	[MsgId: MMSG-16819]
The result is:  	[MsgId: MMSG-17999]
Action.c(736): Error: Report_By_CentralPrint fail	[MsgId: MERR-17999]
End auto log messages stack.	[MsgId: MMSG-10544]


