Start auto log messages stack - Iteration 57.	[MsgId: MMSG-10545]
Action.c(299): web_url("CheckLoginStatus_5") started  	[MsgId: MMSG-26355]
Action.c(299): HTML parsing not performed for Content-Type "application/json" ("ParseHtmlContentType" Run-Time Setting is "TEXT"). URL="http://10.184.129.108/Platform/Account/CheckLoginStatus"  	[MsgId: MMSG-26548]
Action.c(299): web_url("CheckLoginStatus_5") was successful, 4 body bytes, 251 header bytes  	[MsgId: MMSG-26386]
Action.c(315): Notify: Transaction "User_login" ended with a "Pass" status (Duration: 4.0836 Wasted Time: 0.0000).	[MsgId: MMSG-16871]
Action.c(318): lr_think_time: 30.00 seconds.	[MsgId: MMSG-15948]
Action.c(324): web_reg_save_param started  	[MsgId: MMSG-26355]
Action.c(324): Registering web_reg_save_param was successful  	[MsgId: MMSG-26390]
Action.c(330): Notify: Transaction "Reconlication_Film_all" started.	[MsgId: MMSG-16999]
Action.c(332): web_url("getUnmatchImages") started  	[MsgId: MMSG-26355]
Action.c(332): Continuing after Error -26612: HTTP Status-Code=500 (NullReferenceException) for "http://10.184.129.108/webapi/api/reconciliation/getUnmatchImages?days=-1&departments=&modalities="  	[MsgId: MERR-26612]
End auto log messages stack.	[MsgId: MMSG-10544]


Start auto log messages stack - Iteration 57.	[MsgId: MMSG-10545]
Action.c(332): Continuing after error in Vuser script.	[MsgId: MMSG-10678]
Action.c(341): web_url("CheckLoginStatus_7") started  	[MsgId: MMSG-26355]
Action.c(341): HTML parsing not performed for Content-Type "application/json" ("ParseHtmlContentType" Run-Time Setting is "TEXT"). URL="http://10.184.129.108/Platform/Account/CheckLoginStatus"  	[MsgId: MMSG-26548]
Action.c(341): web_url("CheckLoginStatus_7") was successful, 4 body bytes, 251 header bytes  	[MsgId: MMSG-26386]
Action.c(364): Notify: Transaction "Reconlication_Film_all" ended with a "Fail" status (Duration: 14.4257 Wasted Time: 0.0000).	[MsgId: MMSG-16871]
Action.c(364): Notify: Transaction "Reconlication_Film_all" has 1 error message(s).	[MsgId: MMSG-16818]
Action.c(364): Notify: The 1st error message associated with transaction "Reconlication_Film_all" is "Error -26612: HTTP Status-Code=500 (NullReferenceException) for "http://10.184.129.108/webapi/api/reconciliation/getUnmatchImages?days=-1&departments=&modalities=""	[MsgId: MMSG-16819]
The result is:  name	[MsgId: MMSG-17999]
Action.c(370): Error: Reconlication_Film_all fail	[MsgId: MERR-17999]
End auto log messages stack.	[MsgId: MMSG-10544]


Start auto log messages stack - Iteration 60.	[MsgId: MMSG-10545]
Action.c(270): web_url("CheckLoginStatus") started  	[MsgId: MMSG-26355]
Action.c(270): HTML parsing not performed for Content-Type "application/json" ("ParseHtmlContentType" Run-Time Setting is "TEXT"). URL="http://10.184.129.108/Platform/Account/CheckLoginStatus"  	[MsgId: MMSG-26548]
Action.c(270): web_url("CheckLoginStatus") was successful, 4 body bytes, 251 header bytes  	[MsgId: MMSG-26386]
Action.c(281): web_url("terminalmonitor-template.html") started  	[MsgId: MMSG-26355]
Action.c(281): web_url("terminalmonitor-template.html") was successful, 29041 body bytes, 248 header bytes  	[MsgId: MMSG-26386]
Action.c(291): web_url("terminalmonitoring") started  	[MsgId: MMSG-26355]
Action.c(291): Continuing after Error -26612: HTTP Status-Code=500 (NullReferenceException) for "http://10.184.129.108/webapi/api/terminalmonitoring"  	[MsgId: MERR-26612]
End auto log messages stack.	[MsgId: MMSG-10544]


Start auto log messages stack - Iteration 60.	[MsgId: MMSG-10545]
Action.c(299): web_url("CheckLoginStatus_5") started  	[MsgId: MMSG-26355]
Action.c(299): HTML parsing not performed for Content-Type "application/json" ("ParseHtmlContentType" Run-Time Setting is "TEXT"). URL="http://10.184.129.108/Platform/Account/CheckLoginStatus"  	[MsgId: MMSG-26548]
Action.c(299): web_url("CheckLoginStatus_5") was successful, 4 body bytes, 251 header bytes  	[MsgId: MMSG-26386]
Action.c(315): Notify: Transaction "User_login" ended with a "Pass" status (Duration: 4.1531 Wasted Time: 0.0001).	[MsgId: MMSG-16871]
Action.c(318): lr_think_time: 30.00 seconds.	[MsgId: MMSG-15948]
Action.c(324): web_reg_save_param started  	[MsgId: MMSG-26355]
Action.c(324): Registering web_reg_save_param was successful  	[MsgId: MMSG-26390]
Action.c(330): Notify: Transaction "Reconlication_Film_all" started.	[MsgId: MMSG-16999]
Action.c(332): web_url("getUnmatchImages") started  	[MsgId: MMSG-26355]
Action.c(332): Continuing after Error -26612: HTTP Status-Code=500 (NullReferenceException) for "http://10.184.129.108/webapi/api/reconciliation/getUnmatchImages?days=-1&departments=&modalities="  	[MsgId: MERR-26612]
End auto log messages stack.	[MsgId: MMSG-10544]


Start auto log messages stack - Iteration 60.	[MsgId: MMSG-10545]
Action.c(332): Continuing after error in Vuser script.	[MsgId: MMSG-10678]
Action.c(341): web_url("CheckLoginStatus_7") started  	[MsgId: MMSG-26355]
Action.c(341): HTML parsing not performed for Content-Type "application/json" ("ParseHtmlContentType" Run-Time Setting is "TEXT"). URL="http://10.184.129.108/Platform/Account/CheckLoginStatus"  	[MsgId: MMSG-26548]
Action.c(341): web_url("CheckLoginStatus_7") was successful, 4 body bytes, 251 header bytes  	[MsgId: MMSG-26386]
Action.c(364): Notify: Transaction "Reconlication_Film_all" ended with a "Fail" status (Duration: 24.1360 Wasted Time: 0.0000).	[MsgId: MMSG-16871]
Action.c(364): Notify: Transaction "Reconlication_Film_all" has 1 error message(s).	[MsgId: MMSG-16818]
Action.c(364): Notify: The 1st error message associated with transaction "Reconlication_Film_all" is "Error -26612: HTTP Status-Code=500 (NullReferenceException) for "http://10.184.129.108/webapi/api/reconciliation/getUnmatchImages?days=-1&departments=&modalities=""	[MsgId: MMSG-16819]
The result is:  name	[MsgId: MMSG-17999]
Action.c(370): Error: Reconlication_Film_all fail	[MsgId: MERR-17999]
End auto log messages stack.	[MsgId: MMSG-10544]


Start auto log messages stack - Iteration 61.	[MsgId: MMSG-10545]
Action.c(341): web_url("CheckLoginStatus_7") started  	[MsgId: MMSG-26355]
Action.c(341): HTML parsing not performed for Content-Type "application/json" ("ParseHtmlContentType" Run-Time Setting is "TEXT"). URL="http://10.184.129.108/Platform/Account/CheckLoginStatus"  	[MsgId: MMSG-26548]
Action.c(341): web_url("CheckLoginStatus_7") was successful, 4 body bytes, 251 header bytes  	[MsgId: MMSG-26386]
Action.c(364): Notify: Transaction "Reconlication_Film_all" ended with a "Pass" status (Duration: 0.6130 Wasted Time: 0.0003).	[MsgId: MMSG-16871]
The result is:  createDate	[MsgId: MMSG-17999]
Action.c(373): lr_think_time: 30.00 seconds.	[MsgId: MMSG-15948]
Action.c(378): Notify: Transaction "reconlication_report_all" started.	[MsgId: MMSG-16999]
Action.c(380): web_url("getUnmatchReports") started  	[MsgId: MMSG-26355]
Action.c(380): Continuing after Error -26612: HTTP Status-Code=500 (NullReferenceException) for "http://10.184.129.108/webapi/api/reconciliation/getUnmatchReports?days=-1&departments=&modalities="  	[MsgId: MERR-26612]
End auto log messages stack.	[MsgId: MMSG-10544]


Start auto log messages stack - Iteration 61.	[MsgId: MMSG-10545]
Action.c(380): Continuing after error in Vuser script.	[MsgId: MMSG-10678]
Action.c(388): web_url("CheckLoginStatus_12") started  	[MsgId: MMSG-26355]
Action.c(388): Connection to 10.184.129.108:80 closed after being inactive for 69 seconds, exceeding the "HTTP Keep-Alive timeout" Run-Time Setting (60 seconds). URL="http://10.184.129.108/Platform/Account/CheckLoginStatus"  	[MsgId: MMSG-27650]
Action.c(388): HTML parsing not performed for Content-Type "application/json" ("ParseHtmlContentType" Run-Time Setting is "TEXT"). URL="http://10.184.129.108/Platform/Account/CheckLoginStatus"  	[MsgId: MMSG-26548]
Action.c(388): web_url("CheckLoginStatus_12") was successful, 4 body bytes, 251 header bytes  	[MsgId: MMSG-26386]
Action.c(396): web_url("getReport") started  	[MsgId: MMSG-26355]
Action.c(396): Continuing after Error -26612: HTTP Status-Code=500 (NullReferenceException) for "http://10.184.129.108/webapi/api/reconciliation/getReport?id=4640A2A753BDF7AB3AAF64DADCE8BECE"  	[MsgId: MERR-26612]
End auto log messages stack.	[MsgId: MMSG-10544]


Start auto log messages stack - Iteration 61.	[MsgId: MMSG-10545]
Action.c(412): Notify: The 2nd error message associated with transaction "reconlication_report_all" is "Error -26612: HTTP Status-Code=500 (NullReferenceException) for "http://10.184.129.108/webapi/api/reconciliation/getReport?id=4640A2A753BDF7AB3AAF64DADCE8BECE""	[MsgId: MMSG-16819]
Action.c(415): web_url("worklist-template.html") started  	[MsgId: MMSG-26355]
Action.c(415): web_url("worklist-template.html") was successful, 3596 body bytes, 247 header bytes  	[MsgId: MMSG-26386]
Action.c(423): web_url("worklist-mainbody.html") started  	[MsgId: MMSG-26355]
Action.c(423): web_url("worklist-mainbody.html") was successful, 17517 body bytes, 248 header bytes  	[MsgId: MMSG-26386]
Action.c(431): web_url("shortcuts") started  	[MsgId: MMSG-26355]
Action.c(431): Continuing after Error -26612: HTTP Status-Code=500 (NullReferenceException) for "http://10.184.129.108/webapi/api/worklist/shortcuts?roleName=Administrator&userName=5"  	[MsgId: MERR-26612]
End auto log messages stack.	[MsgId: MMSG-10544]


Start auto log messages stack - Iteration 65.	[MsgId: MMSG-10545]
Action.c(299): web_url("CheckLoginStatus_5") started  	[MsgId: MMSG-26355]
Action.c(299): HTML parsing not performed for Content-Type "application/json" ("ParseHtmlContentType" Run-Time Setting is "TEXT"). URL="http://10.184.129.108/Platform/Account/CheckLoginStatus"  	[MsgId: MMSG-26548]
Action.c(299): web_url("CheckLoginStatus_5") was successful, 4 body bytes, 251 header bytes  	[MsgId: MMSG-26386]
Action.c(315): Notify: Transaction "User_login" ended with a "Pass" status (Duration: 5.0981 Wasted Time: 0.0000).	[MsgId: MMSG-16871]
Action.c(318): lr_think_time: 30.00 seconds.	[MsgId: MMSG-15948]
Action.c(324): web_reg_save_param started  	[MsgId: MMSG-26355]
Action.c(324): Registering web_reg_save_param was successful  	[MsgId: MMSG-26390]
Action.c(330): Notify: Transaction "Reconlication_Film_all" started.	[MsgId: MMSG-16999]
Action.c(332): web_url("getUnmatchImages") started  	[MsgId: MMSG-26355]
Action.c(332): Continuing after Error -26612: HTTP Status-Code=500 (NullReferenceException) for "http://10.184.129.108/webapi/api/reconciliation/getUnmatchImages?days=-1&departments=&modalities="  	[MsgId: MERR-26612]
End auto log messages stack.	[MsgId: MMSG-10544]


Start auto log messages stack - Iteration 65.	[MsgId: MMSG-10545]
Action.c(332): Continuing after error in Vuser script.	[MsgId: MMSG-10678]
Action.c(341): web_url("CheckLoginStatus_7") started  	[MsgId: MMSG-26355]
Action.c(341): HTML parsing not performed for Content-Type "application/json" ("ParseHtmlContentType" Run-Time Setting is "TEXT"). URL="http://10.184.129.108/Platform/Account/CheckLoginStatus"  	[MsgId: MMSG-26548]
Action.c(341): web_url("CheckLoginStatus_7") was successful, 4 body bytes, 251 header bytes  	[MsgId: MMSG-26386]
Action.c(364): Notify: Transaction "Reconlication_Film_all" ended with a "Fail" status (Duration: 15.4236 Wasted Time: 0.0000).	[MsgId: MMSG-16871]
Action.c(364): Notify: Transaction "Reconlication_Film_all" has 1 error message(s).	[MsgId: MMSG-16818]
Action.c(364): Notify: The 1st error message associated with transaction "Reconlication_Film_all" is "Error -26612: HTTP Status-Code=500 (NullReferenceException) for "http://10.184.129.108/webapi/api/reconciliation/getUnmatchImages?days=-1&departments=&modalities=""	[MsgId: MMSG-16819]
The result is:  name	[MsgId: MMSG-17999]
Action.c(370): Error: Reconlication_Film_all fail	[MsgId: MERR-17999]
End auto log messages stack.	[MsgId: MMSG-10544]


