Start auto log messages stack - Iteration 1.	[MsgId: MMSG-10545]
Starting action Action.	[MsgId: MMSG-15919]
Action.c(6): web_set_max_html_param_len started  	[MsgId: MMSG-26355]
Action.c(6): web_set_max_html_param_len was successful  	[MsgId: MMSG-26392]
Action.c(8): web_url("Platform") started  	[MsgId: MMSG-26355]
Action.c(8): web_url("Platform") was successful, 6136 body bytes, 247 header bytes  	[MsgId: MMSG-26386]
Action.c(87): web_url("login-view.html") started  	[MsgId: MMSG-26355]
Action.c(87): web_url("login-view.html") was successful, 6207 body bytes, 247 header bytes  	[MsgId: MMSG-26386]
Action.c(99): web_reg_save_param started  	[MsgId: MMSG-26355]
Action.c(99): Registering web_reg_save_param was successful  	[MsgId: MMSG-26390]
Action.c(104): web_reg_save_param started  	[MsgId: MMSG-26355]
Action.c(104): Registering web_reg_save_param was successful  	[MsgId: MMSG-26390]
Action.c(109): web_reg_save_param started  	[MsgId: MMSG-26355]
Action.c(109): Registering web_reg_save_param was successful  	[MsgId: MMSG-26390]
Action.c(114): Notify: Transaction "User_login" started.	[MsgId: MMSG-16999]
Action.c(116): web_custom_request("login") started  	[MsgId: MMSG-26355]
Action.c(116): HTML parsing not performed for Content-Type "application/json" ("ParseHtmlContentType" Run-Time Setting is "TEXT"). URL="http://10.184.129.108/Platform/account/login"  	[MsgId: MMSG-26548]
Action.c(116): web_custom_request("login") was successful, 78 body bytes, 1675 header bytes  	[MsgId: MMSG-26386]
Action.c(127): web_add_cookie started  	[MsgId: MMSG-26355]
Action.c(127): web_add_cookie was successful  	[MsgId: MMSG-26392]
Action.c(128): web_add_cookie started  	[MsgId: MMSG-26355]
Action.c(128): web_add_cookie was successful  	[MsgId: MMSG-26392]
Action.c(131): web_url("login_2") started  	[MsgId: MMSG-26355]
Action.c(131): Redirecting "http://10.184.129.108/Platform//account/login" (redirection depth is 0)  	[MsgId: MMSG-26694]
Action.c(131): To location "http://10.184.129.108/Platform/workarea"  	[MsgId: MMSG-26693]
Action.c(131): web_url("login_2") was successful, 14226 body bytes, 539 header bytes  	[MsgId: MMSG-26386]
Action.c(139): web_url("workarea") started  	[MsgId: MMSG-26355]
Action.c(139): web_url("workarea") was successful, 14091 body bytes, 260 header bytes  	[MsgId: MMSG-26386]
Action.c(199): web_add_auto_header("Authorization") started  	[MsgId: MMSG-26355]
Action.c(199): Warning -26593: The header being added may cause unpredictable results when applied to all ensuing URLs. It is added anyway  	[MsgId: MWAR-26593]
Action.c(199): web_add_auto_header("Authorization") highest severity level was "warning"  	[MsgId: MMSG-26391]
Action.c(201): web_reg_save_param started  	[MsgId: MMSG-26355]
Action.c(201): Registering web_reg_save_param was successful  	[MsgId: MMSG-26390]
Action.c(206): web_url("CheckLoginStatusByUser") started  	[MsgId: MMSG-26355]
Action.c(206): HTML parsing not performed for Content-Type "application/json" ("ParseHtmlContentType" Run-Time Setting is "TEXT"). URL="http://10.184.129.108/Platform/Account/CheckLoginStatus"  	[MsgId: MMSG-26548]
Action.c(206): web_url("CheckLoginStatusByUser") was successful, 4 body bytes, 251 header bytes  	[MsgId: MMSG-26386]
User Login website successfully: HTTP/1.1 200 OK
Cache-Control: private
Content-Type: application/json; charset=utf-8
Server: Microsoft-IIS/7.5
X-AspNetMvc-Version: 5.2
X-AspNet-Version: 4.0.30319
X-Powered-By: ASP.NET
Date: Wed, 12 Sep 2018 03:38:56 GMT
Content-Length: 4

true	[MsgId: MMSG-17999]
Action.c(231): web_url("tableRowsPerPage") started  	[MsgId: MMSG-26355]
Action.c(231): HTML parsing not performed for Content-Type "application/json" ("ParseHtmlContentType" Run-Time Setting is "TEXT"). URL="http://10.184.129.108/webapi/api/tableRowsPerPage"  	[MsgId: MMSG-26548]
Action.c(231): web_url("tableRowsPerPage") was successful, 39 body bytes, 258 header bytes  	[MsgId: MMSG-26386]
Action.c(239): web_url("worklistcolumns") started  	[MsgId: MMSG-26355]
Action.c(239): HTML parsing not performed for Content-Type "application/json" ("ParseHtmlContentType" Run-Time Setting is "TEXT"). URL="http://10.184.129.108/webapi/api/worklist/worklistcolumns"  	[MsgId: MMSG-26548]
Action.c(239): web_url("worklistcolumns") was successful, 6056 body bytes, 260 header bytes  	[MsgId: MMSG-26386]
Action.c(247): web_url("systemversion") started  	[MsgId: MMSG-26355]
Action.c(247): HTML parsing not performed for Content-Type "application/json" ("ParseHtmlContentType" Run-Time Setting is "TEXT"). URL="http://10.184.129.108/webapi/api/systemversion"  	[MsgId: MMSG-26548]
Action.c(247): web_url("systemversion") was successful, 17 body bytes, 258 header bytes  	[MsgId: MMSG-26386]
Action.c(255): web_url("CheckLoginStatus") started  	[MsgId: MMSG-26355]
Action.c(255): HTML parsing not performed for Content-Type "application/json" ("ParseHtmlContentType" Run-Time Setting is "TEXT"). URL="http://10.184.129.108/Platform/Account/CheckLoginStatus"  	[MsgId: MMSG-26548]
Action.c(255): web_url("CheckLoginStatus") was successful, 4 body bytes, 251 header bytes  	[MsgId: MMSG-26386]
Action.c(266): web_url("workarea-app-container.html") started  	[MsgId: MMSG-26355]
Action.c(266): web_url("workarea-app-container.html") was successful, 798 body bytes, 246 header bytes  	[MsgId: MMSG-26386]
Action.c(275): web_url("terminalmonitor-template.html") started  	[MsgId: MMSG-26355]
Action.c(275): web_url("terminalmonitor-template.html") was successful, 28996 body bytes, 248 header bytes  	[MsgId: MMSG-26386]
Action.c(291): web_custom_request("terminalmonitoring") started  	[MsgId: MMSG-26355]
Action.c(291): Warning -26000: Request body (length=39) is not empty for HTTP Method=GET, for URL is "http://10.184.129.108/webapi/api/terminalmonitoring?userId=7" (Internal ID=14)  	[MsgId: MWAR-26000]
Action.c(291): HTML parsing not performed for Content-Type "application/json" ("ParseHtmlContentType" Run-Time Setting is "TEXT"). URL="http://10.184.129.108/webapi/api/terminalmonitoring?userId=7"  	[MsgId: MMSG-26548]
Action.c(291): web_custom_request("terminalmonitoring") highest severity level was "warning", 34962 body bytes, 261 header bytes  	[MsgId: MMSG-26388]
Action.c(304): web_url("CheckLoginStatus_5") started  	[MsgId: MMSG-26355]
Action.c(304): HTML parsing not performed for Content-Type "application/json" ("ParseHtmlContentType" Run-Time Setting is "TEXT"). URL="http://10.184.129.108/Platform/Account/CheckLoginStatus"  	[MsgId: MMSG-26548]
Action.c(304): web_url("CheckLoginStatus_5") was successful, 4 body bytes, 251 header bytes  	[MsgId: MMSG-26386]
Action.c(320): Notify: Transaction "User_login" ended with a "Pass" status (Duration: 0.1404 Wasted Time: 0.0001).	[MsgId: MMSG-16871]
Action.c(323): lr_think_time: 10.00 seconds.	[MsgId: MMSG-15948]
Action.c(329): web_reg_save_param started  	[MsgId: MMSG-26355]
Action.c(329): Registering web_reg_save_param was successful  	[MsgId: MMSG-26390]
Action.c(335): Notify: Transaction "Reconlication_Film_all" started.	[MsgId: MMSG-16999]
Action.c(337): web_url("getUnmatchImages") started  	[MsgId: MMSG-26355]
Action.c(337): HTML parsing not performed for Content-Type "application/json" ("ParseHtmlContentType" Run-Time Setting is "TEXT"). URL="http://10.184.129.108/webapi/api/reconciliation/getUnmatchImages?days=-1&departments=&modalities="  	[MsgId: MMSG-26548]
Action.c(337): web_url("getUnmatchImages") was successful, 82467 body bytes, 261 header bytes  	[MsgId: MMSG-26386]
Action.c(346): web_url("CheckLoginStatus_7") started  	[MsgId: MMSG-26355]
Action.c(346): HTML parsing not performed for Content-Type "application/json" ("ParseHtmlContentType" Run-Time Setting is "TEXT"). URL="http://10.184.129.108/Platform/Account/CheckLoginStatus"  	[MsgId: MMSG-26548]
Action.c(346): web_url("CheckLoginStatus_7") was successful, 4 body bytes, 251 header bytes  	[MsgId: MMSG-26386]
Action.c(369): Notify: Transaction "Reconlication_Film_all" ended with a "Pass" status (Duration: 0.4075 Wasted Time: 0.0002).	[MsgId: MMSG-16871]
The result is:  createDate	[MsgId: MMSG-17999]
Action.c(378): lr_think_time: 10.00 seconds.	[MsgId: MMSG-15948]
Action.c(383): Notify: Transaction "reconlication_report_all" started.	[MsgId: MMSG-16999]
Action.c(385): web_url("getUnmatchReports") started  	[MsgId: MMSG-26355]
Action.c(385): HTML parsing not performed for Content-Type "application/json" ("ParseHtmlContentType" Run-Time Setting is "TEXT"). URL="http://10.184.129.108/webapi/api/reconciliation/getUnmatchReports?days=-1&departments=&modalities="  	[MsgId: MMSG-26548]
Action.c(385): web_url("getUnmatchReports") was successful, 9924 body bytes, 260 header bytes  	[MsgId: MMSG-26386]
Action.c(393): web_url("CheckLoginStatus_12") started  	[MsgId: MMSG-26355]
Action.c(393): HTML parsing not performed for Content-Type "application/json" ("ParseHtmlContentType" Run-Time Setting is "TEXT"). URL="http://10.184.129.108/Platform/Account/CheckLoginStatus"  	[MsgId: MMSG-26548]
Action.c(393): web_url("CheckLoginStatus_12") was successful, 4 body bytes, 251 header bytes  	[MsgId: MMSG-26386]
Action.c(401): web_url("getReport") started  	[MsgId: MMSG-26355]
Action.c(401): Continuing after Error -26627: HTTP Status-Code=404 (Not Found) for "http://10.184.129.108/webapi/api/reconciliation/getReport?id=BC08FE9418774F73EA9931A9A2E6ACD3"  	[MsgId: MERR-26627]
End auto log messages stack.	[MsgId: MMSG-10544]


Start auto log messages stack - Iteration 2.	[MsgId: MMSG-10545]
Starting action Action.	[MsgId: MMSG-15919]
Action.c(6): web_set_max_html_param_len started  	[MsgId: MMSG-26355]
Action.c(6): web_set_max_html_param_len was successful  	[MsgId: MMSG-26392]
Action.c(8): web_url("Platform") started  	[MsgId: MMSG-26355]
Action.c(8): web_url("Platform") was successful, 6136 body bytes, 247 header bytes  	[MsgId: MMSG-26386]
Action.c(87): web_url("login-view.html") started  	[MsgId: MMSG-26355]
Action.c(87): web_url("login-view.html") was successful, 6207 body bytes, 247 header bytes  	[MsgId: MMSG-26386]
Action.c(99): web_reg_save_param started  	[MsgId: MMSG-26355]
Action.c(99): Registering web_reg_save_param was successful  	[MsgId: MMSG-26390]
Action.c(104): web_reg_save_param started  	[MsgId: MMSG-26355]
Action.c(104): Registering web_reg_save_param was successful  	[MsgId: MMSG-26390]
Action.c(109): web_reg_save_param started  	[MsgId: MMSG-26355]
Action.c(109): Registering web_reg_save_param was successful  	[MsgId: MMSG-26390]
Action.c(114): Notify: Transaction "User_login" started.	[MsgId: MMSG-16999]
Action.c(116): web_custom_request("login") started  	[MsgId: MMSG-26355]
Action.c(116): HTML parsing not performed for Content-Type "application/json" ("ParseHtmlContentType" Run-Time Setting is "TEXT"). URL="http://10.184.129.108/Platform/account/login"  	[MsgId: MMSG-26548]
Action.c(116): web_custom_request("login") was successful, 78 body bytes, 1675 header bytes  	[MsgId: MMSG-26386]
Action.c(127): web_add_cookie started  	[MsgId: MMSG-26355]
Action.c(127): web_add_cookie was successful  	[MsgId: MMSG-26392]
Action.c(128): web_add_cookie started  	[MsgId: MMSG-26355]
Action.c(128): web_add_cookie was successful  	[MsgId: MMSG-26392]
Action.c(131): web_url("login_2") started  	[MsgId: MMSG-26355]
Action.c(131): Redirecting "http://10.184.129.108/Platform//account/login" (redirection depth is 0)  	[MsgId: MMSG-26694]
Action.c(131): To location "http://10.184.129.108/Platform/workarea"  	[MsgId: MMSG-26693]
Action.c(131): web_url("login_2") was successful, 14226 body bytes, 539 header bytes  	[MsgId: MMSG-26386]
Action.c(139): web_url("workarea") started  	[MsgId: MMSG-26355]
Action.c(139): web_url("workarea") was successful, 14091 body bytes, 260 header bytes  	[MsgId: MMSG-26386]
Action.c(199): web_add_auto_header("Authorization") started  	[MsgId: MMSG-26355]
Action.c(199): Warning -26593: The header being added may cause unpredictable results when applied to all ensuing URLs. It is added anyway  	[MsgId: MWAR-26593]
Action.c(199): web_add_auto_header("Authorization") highest severity level was "warning"  	[MsgId: MMSG-26391]
Action.c(201): web_reg_save_param started  	[MsgId: MMSG-26355]
Action.c(201): Registering web_reg_save_param was successful  	[MsgId: MMSG-26390]
Action.c(206): web_url("CheckLoginStatusByUser") started  	[MsgId: MMSG-26355]
Action.c(206): HTML parsing not performed for Content-Type "application/json" ("ParseHtmlContentType" Run-Time Setting is "TEXT"). URL="http://10.184.129.108/Platform/Account/CheckLoginStatus"  	[MsgId: MMSG-26548]
Action.c(206): web_url("CheckLoginStatusByUser") was successful, 4 body bytes, 251 header bytes  	[MsgId: MMSG-26386]
User Login website successfully: HTTP/1.1 200 OK
Cache-Control: private
Content-Type: application/json; charset=utf-8
Server: Microsoft-IIS/7.5
X-AspNetMvc-Version: 5.2
X-AspNet-Version: 4.0.30319
X-Powered-By: ASP.NET
Date: Wed, 12 Sep 2018 03:39:58 GMT
Content-Length: 4

true	[MsgId: MMSG-17999]
Action.c(231): web_url("tableRowsPerPage") started  	[MsgId: MMSG-26355]
Action.c(231): HTML parsing not performed for Content-Type "application/json" ("ParseHtmlContentType" Run-Time Setting is "TEXT"). URL="http://10.184.129.108/webapi/api/tableRowsPerPage"  	[MsgId: MMSG-26548]
Action.c(231): web_url("tableRowsPerPage") was successful, 39 body bytes, 258 header bytes  	[MsgId: MMSG-26386]
Action.c(239): web_url("worklistcolumns") started  	[MsgId: MMSG-26355]
Action.c(239): HTML parsing not performed for Content-Type "application/json" ("ParseHtmlContentType" Run-Time Setting is "TEXT"). URL="http://10.184.129.108/webapi/api/worklist/worklistcolumns"  	[MsgId: MMSG-26548]
Action.c(239): web_url("worklistcolumns") was successful, 6056 body bytes, 260 header bytes  	[MsgId: MMSG-26386]
Action.c(247): web_url("systemversion") started  	[MsgId: MMSG-26355]
Action.c(247): HTML parsing not performed for Content-Type "application/json" ("ParseHtmlContentType" Run-Time Setting is "TEXT"). URL="http://10.184.129.108/webapi/api/systemversion"  	[MsgId: MMSG-26548]
Action.c(247): web_url("systemversion") was successful, 17 body bytes, 258 header bytes  	[MsgId: MMSG-26386]
Action.c(255): web_url("CheckLoginStatus") started  	[MsgId: MMSG-26355]
Action.c(255): HTML parsing not performed for Content-Type "application/json" ("ParseHtmlContentType" Run-Time Setting is "TEXT"). URL="http://10.184.129.108/Platform/Account/CheckLoginStatus"  	[MsgId: MMSG-26548]
Action.c(255): web_url("CheckLoginStatus") was successful, 4 body bytes, 251 header bytes  	[MsgId: MMSG-26386]
Action.c(266): web_url("workarea-app-container.html") started  	[MsgId: MMSG-26355]
Action.c(266): web_url("workarea-app-container.html") was successful, 798 body bytes, 246 header bytes  	[MsgId: MMSG-26386]
Action.c(275): web_url("terminalmonitor-template.html") started  	[MsgId: MMSG-26355]
Action.c(275): web_url("terminalmonitor-template.html") was successful, 28996 body bytes, 248 header bytes  	[MsgId: MMSG-26386]
Action.c(291): web_custom_request("terminalmonitoring") started  	[MsgId: MMSG-26355]
Action.c(291): Warning -26000: Request body (length=39) is not empty for HTTP Method=GET, for URL is "http://10.184.129.108/webapi/api/terminalmonitoring?userId=8" (Internal ID=49)  	[MsgId: MWAR-26000]
Action.c(291): HTML parsing not performed for Content-Type "application/json" ("ParseHtmlContentType" Run-Time Setting is "TEXT"). URL="http://10.184.129.108/webapi/api/terminalmonitoring?userId=8"  	[MsgId: MMSG-26548]
Action.c(291): web_custom_request("terminalmonitoring") highest severity level was "warning", 34962 body bytes, 261 header bytes  	[MsgId: MMSG-26388]
Action.c(304): web_url("CheckLoginStatus_5") started  	[MsgId: MMSG-26355]
Action.c(304): HTML parsing not performed for Content-Type "application/json" ("ParseHtmlContentType" Run-Time Setting is "TEXT"). URL="http://10.184.129.108/Platform/Account/CheckLoginStatus"  	[MsgId: MMSG-26548]
Action.c(304): web_url("CheckLoginStatus_5") was successful, 4 body bytes, 251 header bytes  	[MsgId: MMSG-26386]
Action.c(320): Notify: Transaction "User_login" ended with a "Pass" status (Duration: 0.2065 Wasted Time: 0.0001).	[MsgId: MMSG-16871]
Action.c(323): lr_think_time: 10.00 seconds.	[MsgId: MMSG-15948]
Action.c(329): web_reg_save_param started  	[MsgId: MMSG-26355]
Action.c(329): Registering web_reg_save_param was successful  	[MsgId: MMSG-26390]
Action.c(335): Notify: Transaction "Reconlication_Film_all" started.	[MsgId: MMSG-16999]
Action.c(337): web_url("getUnmatchImages") started  	[MsgId: MMSG-26355]
Action.c(337): HTML parsing not performed for Content-Type "application/json" ("ParseHtmlContentType" Run-Time Setting is "TEXT"). URL="http://10.184.129.108/webapi/api/reconciliation/getUnmatchImages?days=-1&departments=&modalities="  	[MsgId: MMSG-26548]
Action.c(337): web_url("getUnmatchImages") was successful, 82467 body bytes, 261 header bytes  	[MsgId: MMSG-26386]
Action.c(346): web_url("CheckLoginStatus_7") started  	[MsgId: MMSG-26355]
Action.c(346): HTML parsing not performed for Content-Type "application/json" ("ParseHtmlContentType" Run-Time Setting is "TEXT"). URL="http://10.184.129.108/Platform/Account/CheckLoginStatus"  	[MsgId: MMSG-26548]
Action.c(346): web_url("CheckLoginStatus_7") was successful, 4 body bytes, 251 header bytes  	[MsgId: MMSG-26386]
Action.c(369): Notify: Transaction "Reconlication_Film_all" ended with a "Pass" status (Duration: 0.3761 Wasted Time: 0.0003).	[MsgId: MMSG-16871]
The result is:  createDate	[MsgId: MMSG-17999]
Action.c(378): lr_think_time: 10.00 seconds.	[MsgId: MMSG-15948]
Action.c(383): Notify: Transaction "reconlication_report_all" started.	[MsgId: MMSG-16999]
Action.c(385): web_url("getUnmatchReports") started  	[MsgId: MMSG-26355]
Action.c(385): HTML parsing not performed for Content-Type "application/json" ("ParseHtmlContentType" Run-Time Setting is "TEXT"). URL="http://10.184.129.108/webapi/api/reconciliation/getUnmatchReports?days=-1&departments=&modalities="  	[MsgId: MMSG-26548]
Action.c(385): web_url("getUnmatchReports") was successful, 9924 body bytes, 260 header bytes  	[MsgId: MMSG-26386]
Action.c(393): web_url("CheckLoginStatus_12") started  	[MsgId: MMSG-26355]
Action.c(393): HTML parsing not performed for Content-Type "application/json" ("ParseHtmlContentType" Run-Time Setting is "TEXT"). URL="http://10.184.129.108/Platform/Account/CheckLoginStatus"  	[MsgId: MMSG-26548]
Action.c(393): web_url("CheckLoginStatus_12") was successful, 4 body bytes, 251 header bytes  	[MsgId: MMSG-26386]
Action.c(401): web_url("getReport") started  	[MsgId: MMSG-26355]
Action.c(401): Continuing after Error -26627: HTTP Status-Code=404 (Not Found) for "http://10.184.129.108/webapi/api/reconciliation/getReport?id=82D72DF2A4CAAC784B62B86188F79122"  	[MsgId: MERR-26627]
End auto log messages stack.	[MsgId: MMSG-10544]


Start auto log messages stack - Iteration 3.	[MsgId: MMSG-10545]
Starting action Action.	[MsgId: MMSG-15919]
Action.c(6): web_set_max_html_param_len started  	[MsgId: MMSG-26355]
Action.c(6): web_set_max_html_param_len was successful  	[MsgId: MMSG-26392]
Action.c(8): web_url("Platform") started  	[MsgId: MMSG-26355]
Action.c(8): web_url("Platform") was successful, 6136 body bytes, 247 header bytes  	[MsgId: MMSG-26386]
Action.c(87): web_url("login-view.html") started  	[MsgId: MMSG-26355]
Action.c(87): web_url("login-view.html") was successful, 6207 body bytes, 247 header bytes  	[MsgId: MMSG-26386]
Action.c(99): web_reg_save_param started  	[MsgId: MMSG-26355]
Action.c(99): Registering web_reg_save_param was successful  	[MsgId: MMSG-26390]
Action.c(104): web_reg_save_param started  	[MsgId: MMSG-26355]
Action.c(104): Registering web_reg_save_param was successful  	[MsgId: MMSG-26390]
Action.c(109): web_reg_save_param started  	[MsgId: MMSG-26355]
Action.c(109): Registering web_reg_save_param was successful  	[MsgId: MMSG-26390]
Action.c(114): Notify: Transaction "User_login" started.	[MsgId: MMSG-16999]
Action.c(116): web_custom_request("login") started  	[MsgId: MMSG-26355]
Action.c(116): HTML parsing not performed for Content-Type "application/json" ("ParseHtmlContentType" Run-Time Setting is "TEXT"). URL="http://10.184.129.108/Platform/account/login"  	[MsgId: MMSG-26548]
Action.c(116): web_custom_request("login") was successful, 78 body bytes, 1675 header bytes  	[MsgId: MMSG-26386]
Action.c(127): web_add_cookie started  	[MsgId: MMSG-26355]
Action.c(127): web_add_cookie was successful  	[MsgId: MMSG-26392]
Action.c(128): web_add_cookie started  	[MsgId: MMSG-26355]
Action.c(128): web_add_cookie was successful  	[MsgId: MMSG-26392]
Action.c(131): web_url("login_2") started  	[MsgId: MMSG-26355]
Action.c(131): Redirecting "http://10.184.129.108/Platform//account/login" (redirection depth is 0)  	[MsgId: MMSG-26694]
Action.c(131): To location "http://10.184.129.108/Platform/workarea"  	[MsgId: MMSG-26693]
Action.c(131): web_url("login_2") was successful, 14226 body bytes, 539 header bytes  	[MsgId: MMSG-26386]
Action.c(139): web_url("workarea") started  	[MsgId: MMSG-26355]
Action.c(139): web_url("workarea") was successful, 14091 body bytes, 260 header bytes  	[MsgId: MMSG-26386]
Action.c(199): web_add_auto_header("Authorization") started  	[MsgId: MMSG-26355]
Action.c(199): Warning -26593: The header being added may cause unpredictable results when applied to all ensuing URLs. It is added anyway  	[MsgId: MWAR-26593]
Action.c(199): web_add_auto_header("Authorization") highest severity level was "warning"  	[MsgId: MMSG-26391]
Action.c(201): web_reg_save_param started  	[MsgId: MMSG-26355]
Action.c(201): Registering web_reg_save_param was successful  	[MsgId: MMSG-26390]
Action.c(206): web_url("CheckLoginStatusByUser") started  	[MsgId: MMSG-26355]
Action.c(206): HTML parsing not performed for Content-Type "application/json" ("ParseHtmlContentType" Run-Time Setting is "TEXT"). URL="http://10.184.129.108/Platform/Account/CheckLoginStatus"  	[MsgId: MMSG-26548]
Action.c(206): web_url("CheckLoginStatusByUser") was successful, 4 body bytes, 251 header bytes  	[MsgId: MMSG-26386]
User Login website successfully: HTTP/1.1 200 OK
Cache-Control: private
Content-Type: application/json; charset=utf-8
Server: Microsoft-IIS/7.5
X-AspNetMvc-Version: 5.2
X-AspNet-Version: 4.0.30319
X-Powered-By: ASP.NET
Date: Wed, 12 Sep 2018 03:41:04 GMT
Content-Length: 4

true	[MsgId: MMSG-17999]
Action.c(231): web_url("tableRowsPerPage") started  	[MsgId: MMSG-26355]
Action.c(231): HTML parsing not performed for Content-Type "application/json" ("ParseHtmlContentType" Run-Time Setting is "TEXT"). URL="http://10.184.129.108/webapi/api/tableRowsPerPage"  	[MsgId: MMSG-26548]
Action.c(231): web_url("tableRowsPerPage") was successful, 39 body bytes, 258 header bytes  	[MsgId: MMSG-26386]
Action.c(239): web_url("worklistcolumns") started  	[MsgId: MMSG-26355]
Action.c(239): HTML parsing not performed for Content-Type "application/json" ("ParseHtmlContentType" Run-Time Setting is "TEXT"). URL="http://10.184.129.108/webapi/api/worklist/worklistcolumns"  	[MsgId: MMSG-26548]
Action.c(239): web_url("worklistcolumns") was successful, 6056 body bytes, 260 header bytes  	[MsgId: MMSG-26386]
Action.c(247): web_url("systemversion") started  	[MsgId: MMSG-26355]
Action.c(247): HTML parsing not performed for Content-Type "application/json" ("ParseHtmlContentType" Run-Time Setting is "TEXT"). URL="http://10.184.129.108/webapi/api/systemversion"  	[MsgId: MMSG-26548]
Action.c(247): web_url("systemversion") was successful, 17 body bytes, 258 header bytes  	[MsgId: MMSG-26386]
Action.c(255): web_url("CheckLoginStatus") started  	[MsgId: MMSG-26355]
Action.c(255): HTML parsing not performed for Content-Type "application/json" ("ParseHtmlContentType" Run-Time Setting is "TEXT"). URL="http://10.184.129.108/Platform/Account/CheckLoginStatus"  	[MsgId: MMSG-26548]
Action.c(255): web_url("CheckLoginStatus") was successful, 4 body bytes, 251 header bytes  	[MsgId: MMSG-26386]
Action.c(266): web_url("workarea-app-container.html") started  	[MsgId: MMSG-26355]
Action.c(266): web_url("workarea-app-container.html") was successful, 798 body bytes, 246 header bytes  	[MsgId: MMSG-26386]
Action.c(275): web_url("terminalmonitor-template.html") started  	[MsgId: MMSG-26355]
Action.c(275): web_url("terminalmonitor-template.html") was successful, 28996 body bytes, 248 header bytes  	[MsgId: MMSG-26386]
Action.c(291): web_custom_request("terminalmonitoring") started  	[MsgId: MMSG-26355]
Action.c(291): Warning -26000: Request body (length=39) is not empty for HTTP Method=GET, for URL is "http://10.184.129.108/webapi/api/terminalmonitoring?userId=7" (Internal ID=84)  	[MsgId: MWAR-26000]
Action.c(291): HTML parsing not performed for Content-Type "application/json" ("ParseHtmlContentType" Run-Time Setting is "TEXT"). URL="http://10.184.129.108/webapi/api/terminalmonitoring?userId=7"  	[MsgId: MMSG-26548]
Action.c(291): web_custom_request("terminalmonitoring") highest severity level was "warning", 34941 body bytes, 261 header bytes  	[MsgId: MMSG-26388]
Action.c(304): web_url("CheckLoginStatus_5") started  	[MsgId: MMSG-26355]
Action.c(304): HTML parsing not performed for Content-Type "application/json" ("ParseHtmlContentType" Run-Time Setting is "TEXT"). URL="http://10.184.129.108/Platform/Account/CheckLoginStatus"  	[MsgId: MMSG-26548]
Action.c(304): web_url("CheckLoginStatus_5") was successful, 4 body bytes, 251 header bytes  	[MsgId: MMSG-26386]
Action.c(320): Notify: Transaction "User_login" ended with a "Pass" status (Duration: 0.1446 Wasted Time: 0.0001).	[MsgId: MMSG-16871]
Action.c(323): lr_think_time: 10.00 seconds.	[MsgId: MMSG-15948]
Action.c(329): web_reg_save_param started  	[MsgId: MMSG-26355]
Action.c(329): Registering web_reg_save_param was successful  	[MsgId: MMSG-26390]
Action.c(335): Notify: Transaction "Reconlication_Film_all" started.	[MsgId: MMSG-16999]
Action.c(337): web_url("getUnmatchImages") started  	[MsgId: MMSG-26355]
Action.c(337): HTML parsing not performed for Content-Type "application/json" ("ParseHtmlContentType" Run-Time Setting is "TEXT"). URL="http://10.184.129.108/webapi/api/reconciliation/getUnmatchImages?days=-1&departments=&modalities="  	[MsgId: MMSG-26548]
Action.c(337): web_url("getUnmatchImages") was successful, 82467 body bytes, 261 header bytes  	[MsgId: MMSG-26386]
Action.c(346): web_url("CheckLoginStatus_7") started  	[MsgId: MMSG-26355]
Action.c(346): HTML parsing not performed for Content-Type "application/json" ("ParseHtmlContentType" Run-Time Setting is "TEXT"). URL="http://10.184.129.108/Platform/Account/CheckLoginStatus"  	[MsgId: MMSG-26548]
Action.c(346): web_url("CheckLoginStatus_7") was successful, 4 body bytes, 251 header bytes  	[MsgId: MMSG-26386]
Action.c(369): Notify: Transaction "Reconlication_Film_all" ended with a "Pass" status (Duration: 0.3716 Wasted Time: 0.0005).	[MsgId: MMSG-16871]
The result is:  createDate	[MsgId: MMSG-17999]
Action.c(378): lr_think_time: 10.00 seconds.	[MsgId: MMSG-15948]
Action.c(383): Notify: Transaction "reconlication_report_all" started.	[MsgId: MMSG-16999]
Action.c(385): web_url("getUnmatchReports") started  	[MsgId: MMSG-26355]
Action.c(385): HTML parsing not performed for Content-Type "application/json" ("ParseHtmlContentType" Run-Time Setting is "TEXT"). URL="http://10.184.129.108/webapi/api/reconciliation/getUnmatchReports?days=-1&departments=&modalities="  	[MsgId: MMSG-26548]
Action.c(385): web_url("getUnmatchReports") was successful, 9924 body bytes, 260 header bytes  	[MsgId: MMSG-26386]
Action.c(393): web_url("CheckLoginStatus_12") started  	[MsgId: MMSG-26355]
Action.c(393): HTML parsing not performed for Content-Type "application/json" ("ParseHtmlContentType" Run-Time Setting is "TEXT"). URL="http://10.184.129.108/Platform/Account/CheckLoginStatus"  	[MsgId: MMSG-26548]
Action.c(393): web_url("CheckLoginStatus_12") was successful, 4 body bytes, 251 header bytes  	[MsgId: MMSG-26386]
Action.c(401): web_url("getReport") started  	[MsgId: MMSG-26355]
Action.c(401): Continuing after Error -26627: HTTP Status-Code=404 (Not Found) for "http://10.184.129.108/webapi/api/reconciliation/getReport?id=208E44F2885B4FB0FD5F4286D36C05C4"  	[MsgId: MERR-26627]
End auto log messages stack.	[MsgId: MMSG-10544]


Start auto log messages stack - Iteration 4.	[MsgId: MMSG-10545]
Starting action Action.	[MsgId: MMSG-15919]
Action.c(6): web_set_max_html_param_len started  	[MsgId: MMSG-26355]
Action.c(6): web_set_max_html_param_len was successful  	[MsgId: MMSG-26392]
Action.c(8): web_url("Platform") started  	[MsgId: MMSG-26355]
Action.c(8): web_url("Platform") was successful, 6136 body bytes, 247 header bytes  	[MsgId: MMSG-26386]
Action.c(87): web_url("login-view.html") started  	[MsgId: MMSG-26355]
Action.c(87): web_url("login-view.html") was successful, 6207 body bytes, 247 header bytes  	[MsgId: MMSG-26386]
Action.c(99): web_reg_save_param started  	[MsgId: MMSG-26355]
Action.c(99): Registering web_reg_save_param was successful  	[MsgId: MMSG-26390]
Action.c(104): web_reg_save_param started  	[MsgId: MMSG-26355]
Action.c(104): Registering web_reg_save_param was successful  	[MsgId: MMSG-26390]
Action.c(109): web_reg_save_param started  	[MsgId: MMSG-26355]
Action.c(109): Registering web_reg_save_param was successful  	[MsgId: MMSG-26390]
Action.c(114): Notify: Transaction "User_login" started.	[MsgId: MMSG-16999]
Action.c(116): web_custom_request("login") started  	[MsgId: MMSG-26355]
Action.c(116): HTML parsing not performed for Content-Type "application/json" ("ParseHtmlContentType" Run-Time Setting is "TEXT"). URL="http://10.184.129.108/Platform/account/login"  	[MsgId: MMSG-26548]
Action.c(116): web_custom_request("login") was successful, 78 body bytes, 1675 header bytes  	[MsgId: MMSG-26386]
Action.c(127): web_add_cookie started  	[MsgId: MMSG-26355]
Action.c(127): web_add_cookie was successful  	[MsgId: MMSG-26392]
Action.c(128): web_add_cookie started  	[MsgId: MMSG-26355]
Action.c(128): web_add_cookie was successful  	[MsgId: MMSG-26392]
Action.c(131): web_url("login_2") started  	[MsgId: MMSG-26355]
Action.c(131): Redirecting "http://10.184.129.108/Platform//account/login" (redirection depth is 0)  	[MsgId: MMSG-26694]
Action.c(131): To location "http://10.184.129.108/Platform/workarea"  	[MsgId: MMSG-26693]
Action.c(131): web_url("login_2") was successful, 14226 body bytes, 539 header bytes  	[MsgId: MMSG-26386]
Action.c(139): web_url("workarea") started  	[MsgId: MMSG-26355]
Action.c(139): web_url("workarea") was successful, 14091 body bytes, 260 header bytes  	[MsgId: MMSG-26386]
Action.c(199): web_add_auto_header("Authorization") started  	[MsgId: MMSG-26355]
Action.c(199): Warning -26593: The header being added may cause unpredictable results when applied to all ensuing URLs. It is added anyway  	[MsgId: MWAR-26593]
Action.c(199): web_add_auto_header("Authorization") highest severity level was "warning"  	[MsgId: MMSG-26391]
Action.c(201): web_reg_save_param started  	[MsgId: MMSG-26355]
Action.c(201): Registering web_reg_save_param was successful  	[MsgId: MMSG-26390]
Action.c(206): web_url("CheckLoginStatusByUser") started  	[MsgId: MMSG-26355]
Action.c(206): HTML parsing not performed for Content-Type "application/json" ("ParseHtmlContentType" Run-Time Setting is "TEXT"). URL="http://10.184.129.108/Platform/Account/CheckLoginStatus"  	[MsgId: MMSG-26548]
Action.c(206): web_url("CheckLoginStatusByUser") was successful, 4 body bytes, 251 header bytes  	[MsgId: MMSG-26386]
User Login website successfully: HTTP/1.1 200 OK
Cache-Control: private
Content-Type: application/json; charset=utf-8
Server: Microsoft-IIS/7.5
X-AspNetMvc-Version: 5.2
X-AspNet-Version: 4.0.30319
X-Powered-By: ASP.NET
Date: Wed, 12 Sep 2018 03:42:03 GMT
Content-Length: 4

true	[MsgId: MMSG-17999]
Action.c(231): web_url("tableRowsPerPage") started  	[MsgId: MMSG-26355]
Action.c(231): HTML parsing not performed for Content-Type "application/json" ("ParseHtmlContentType" Run-Time Setting is "TEXT"). URL="http://10.184.129.108/webapi/api/tableRowsPerPage"  	[MsgId: MMSG-26548]
Action.c(231): web_url("tableRowsPerPage") was successful, 39 body bytes, 258 header bytes  	[MsgId: MMSG-26386]
Action.c(239): web_url("worklistcolumns") started  	[MsgId: MMSG-26355]
Action.c(239): HTML parsing not performed for Content-Type "application/json" ("ParseHtmlContentType" Run-Time Setting is "TEXT"). URL="http://10.184.129.108/webapi/api/worklist/worklistcolumns"  	[MsgId: MMSG-26548]
Action.c(239): web_url("worklistcolumns") was successful, 6056 body bytes, 260 header bytes  	[MsgId: MMSG-26386]
Action.c(247): web_url("systemversion") started  	[MsgId: MMSG-26355]
Action.c(247): HTML parsing not performed for Content-Type "application/json" ("ParseHtmlContentType" Run-Time Setting is "TEXT"). URL="http://10.184.129.108/webapi/api/systemversion"  	[MsgId: MMSG-26548]
Action.c(247): web_url("systemversion") was successful, 17 body bytes, 258 header bytes  	[MsgId: MMSG-26386]
Action.c(255): web_url("CheckLoginStatus") started  	[MsgId: MMSG-26355]
Action.c(255): HTML parsing not performed for Content-Type "application/json" ("ParseHtmlContentType" Run-Time Setting is "TEXT"). URL="http://10.184.129.108/Platform/Account/CheckLoginStatus"  	[MsgId: MMSG-26548]
Action.c(255): web_url("CheckLoginStatus") was successful, 4 body bytes, 251 header bytes  	[MsgId: MMSG-26386]
Action.c(266): web_url("workarea-app-container.html") started  	[MsgId: MMSG-26355]
Action.c(266): web_url("workarea-app-container.html") was successful, 798 body bytes, 246 header bytes  	[MsgId: MMSG-26386]
Action.c(275): web_url("terminalmonitor-template.html") started  	[MsgId: MMSG-26355]
Action.c(275): web_url("terminalmonitor-template.html") was successful, 28996 body bytes, 248 header bytes  	[MsgId: MMSG-26386]
Action.c(291): web_custom_request("terminalmonitoring") started  	[MsgId: MMSG-26355]
Action.c(291): Warning -26000: Request body (length=39) is not empty for HTTP Method=GET, for URL is "http://10.184.129.108/webapi/api/terminalmonitoring?userId=8" (Internal ID=119)  	[MsgId: MWAR-26000]
Action.c(291): HTML parsing not performed for Content-Type "application/json" ("ParseHtmlContentType" Run-Time Setting is "TEXT"). URL="http://10.184.129.108/webapi/api/terminalmonitoring?userId=8"  	[MsgId: MMSG-26548]
Action.c(291): web_custom_request("terminalmonitoring") highest severity level was "warning", 34962 body bytes, 261 header bytes  	[MsgId: MMSG-26388]
Action.c(304): web_url("CheckLoginStatus_5") started  	[MsgId: MMSG-26355]
Action.c(304): HTML parsing not performed for Content-Type "application/json" ("ParseHtmlContentType" Run-Time Setting is "TEXT"). URL="http://10.184.129.108/Platform/Account/CheckLoginStatus"  	[MsgId: MMSG-26548]
Action.c(304): web_url("CheckLoginStatus_5") was successful, 4 body bytes, 251 header bytes  	[MsgId: MMSG-26386]
Action.c(320): Notify: Transaction "User_login" ended with a "Pass" status (Duration: 0.1417 Wasted Time: 0.0001).	[MsgId: MMSG-16871]
Action.c(323): lr_think_time: 10.00 seconds.	[MsgId: MMSG-15948]
Action.c(329): web_reg_save_param started  	[MsgId: MMSG-26355]
Action.c(329): Registering web_reg_save_param was successful  	[MsgId: MMSG-26390]
Action.c(335): Notify: Transaction "Reconlication_Film_all" started.	[MsgId: MMSG-16999]
Action.c(337): web_url("getUnmatchImages") started  	[MsgId: MMSG-26355]
Action.c(337): HTML parsing not performed for Content-Type "application/json" ("ParseHtmlContentType" Run-Time Setting is "TEXT"). URL="http://10.184.129.108/webapi/api/reconciliation/getUnmatchImages?days=-1&departments=&modalities="  	[MsgId: MMSG-26548]
Action.c(337): web_url("getUnmatchImages") was successful, 82467 body bytes, 261 header bytes  	[MsgId: MMSG-26386]
Action.c(346): web_url("CheckLoginStatus_7") started  	[MsgId: MMSG-26355]
Action.c(346): HTML parsing not performed for Content-Type "application/json" ("ParseHtmlContentType" Run-Time Setting is "TEXT"). URL="http://10.184.129.108/Platform/Account/CheckLoginStatus"  	[MsgId: MMSG-26548]
Action.c(346): web_url("CheckLoginStatus_7") was successful, 4 body bytes, 251 header bytes  	[MsgId: MMSG-26386]
Action.c(369): Notify: Transaction "Reconlication_Film_all" ended with a "Pass" status (Duration: 0.4214 Wasted Time: 0.0007).	[MsgId: MMSG-16871]
The result is:  createDate	[MsgId: MMSG-17999]
Action.c(378): lr_think_time: 10.00 seconds.	[MsgId: MMSG-15948]
Action.c(383): Notify: Transaction "reconlication_report_all" started.	[MsgId: MMSG-16999]
Action.c(385): web_url("getUnmatchReports") started  	[MsgId: MMSG-26355]
Action.c(385): HTML parsing not performed for Content-Type "application/json" ("ParseHtmlContentType" Run-Time Setting is "TEXT"). URL="http://10.184.129.108/webapi/api/reconciliation/getUnmatchReports?days=-1&departments=&modalities="  	[MsgId: MMSG-26548]
Action.c(385): web_url("getUnmatchReports") was successful, 9924 body bytes, 260 header bytes  	[MsgId: MMSG-26386]
Action.c(393): web_url("CheckLoginStatus_12") started  	[MsgId: MMSG-26355]
Action.c(393): HTML parsing not performed for Content-Type "application/json" ("ParseHtmlContentType" Run-Time Setting is "TEXT"). URL="http://10.184.129.108/Platform/Account/CheckLoginStatus"  	[MsgId: MMSG-26548]
Action.c(393): web_url("CheckLoginStatus_12") was successful, 4 body bytes, 251 header bytes  	[MsgId: MMSG-26386]
Action.c(401): web_url("getReport") started  	[MsgId: MMSG-26355]
Action.c(401): Continuing after Error -26627: HTTP Status-Code=404 (Not Found) for "http://10.184.129.108/webapi/api/reconciliation/getReport?id=5C307FA665533228CAC0DF4AED715916"  	[MsgId: MERR-26627]
End auto log messages stack.	[MsgId: MMSG-10544]


Start auto log messages stack - Iteration 5.	[MsgId: MMSG-10545]
Starting action Action.	[MsgId: MMSG-15919]
Action.c(6): web_set_max_html_param_len started  	[MsgId: MMSG-26355]
Action.c(6): web_set_max_html_param_len was successful  	[MsgId: MMSG-26392]
Action.c(8): web_url("Platform") started  	[MsgId: MMSG-26355]
Action.c(8): web_url("Platform") was successful, 6136 body bytes, 247 header bytes  	[MsgId: MMSG-26386]
Action.c(87): web_url("login-view.html") started  	[MsgId: MMSG-26355]
Action.c(87): web_url("login-view.html") was successful, 6207 body bytes, 247 header bytes  	[MsgId: MMSG-26386]
Action.c(99): web_reg_save_param started  	[MsgId: MMSG-26355]
Action.c(99): Registering web_reg_save_param was successful  	[MsgId: MMSG-26390]
Action.c(104): web_reg_save_param started  	[MsgId: MMSG-26355]
Action.c(104): Registering web_reg_save_param was successful  	[MsgId: MMSG-26390]
Action.c(109): web_reg_save_param started  	[MsgId: MMSG-26355]
Action.c(109): Registering web_reg_save_param was successful  	[MsgId: MMSG-26390]
Action.c(114): Notify: Transaction "User_login" started.	[MsgId: MMSG-16999]
Action.c(116): web_custom_request("login") started  	[MsgId: MMSG-26355]
Action.c(116): HTML parsing not performed for Content-Type "application/json" ("ParseHtmlContentType" Run-Time Setting is "TEXT"). URL="http://10.184.129.108/Platform/account/login"  	[MsgId: MMSG-26548]
Action.c(116): web_custom_request("login") was successful, 78 body bytes, 1675 header bytes  	[MsgId: MMSG-26386]
Action.c(127): web_add_cookie started  	[MsgId: MMSG-26355]
Action.c(127): web_add_cookie was successful  	[MsgId: MMSG-26392]
Action.c(128): web_add_cookie started  	[MsgId: MMSG-26355]
Action.c(128): web_add_cookie was successful  	[MsgId: MMSG-26392]
Action.c(131): web_url("login_2") started  	[MsgId: MMSG-26355]
Action.c(131): Redirecting "http://10.184.129.108/Platform//account/login" (redirection depth is 0)  	[MsgId: MMSG-26694]
Action.c(131): To location "http://10.184.129.108/Platform/workarea"  	[MsgId: MMSG-26693]
Action.c(131): web_url("login_2") was successful, 14226 body bytes, 539 header bytes  	[MsgId: MMSG-26386]
Action.c(139): web_url("workarea") started  	[MsgId: MMSG-26355]
Action.c(139): web_url("workarea") was successful, 14091 body bytes, 260 header bytes  	[MsgId: MMSG-26386]
Action.c(199): web_add_auto_header("Authorization") started  	[MsgId: MMSG-26355]
Action.c(199): Warning -26593: The header being added may cause unpredictable results when applied to all ensuing URLs. It is added anyway  	[MsgId: MWAR-26593]
Action.c(199): web_add_auto_header("Authorization") highest severity level was "warning"  	[MsgId: MMSG-26391]
Action.c(201): web_reg_save_param started  	[MsgId: MMSG-26355]
Action.c(201): Registering web_reg_save_param was successful  	[MsgId: MMSG-26390]
Action.c(206): web_url("CheckLoginStatusByUser") started  	[MsgId: MMSG-26355]
Action.c(206): HTML parsing not performed for Content-Type "application/json" ("ParseHtmlContentType" Run-Time Setting is "TEXT"). URL="http://10.184.129.108/Platform/Account/CheckLoginStatus"  	[MsgId: MMSG-26548]
Action.c(206): web_url("CheckLoginStatusByUser") was successful, 4 body bytes, 251 header bytes  	[MsgId: MMSG-26386]
User Login website successfully: HTTP/1.1 200 OK
Cache-Control: private
Content-Type: application/json; charset=utf-8
Server: Microsoft-IIS/7.5
X-AspNetMvc-Version: 5.2
X-AspNet-Version: 4.0.30319
X-Powered-By: ASP.NET
Date: Wed, 12 Sep 2018 03:42:59 GMT
Content-Length: 4

true	[MsgId: MMSG-17999]
Action.c(231): web_url("tableRowsPerPage") started  	[MsgId: MMSG-26355]
Action.c(231): HTML parsing not performed for Content-Type "application/json" ("ParseHtmlContentType" Run-Time Setting is "TEXT"). URL="http://10.184.129.108/webapi/api/tableRowsPerPage"  	[MsgId: MMSG-26548]
Action.c(231): web_url("tableRowsPerPage") was successful, 39 body bytes, 258 header bytes  	[MsgId: MMSG-26386]
Action.c(239): web_url("worklistcolumns") started  	[MsgId: MMSG-26355]
Action.c(239): HTML parsing not performed for Content-Type "application/json" ("ParseHtmlContentType" Run-Time Setting is "TEXT"). URL="http://10.184.129.108/webapi/api/worklist/worklistcolumns"  	[MsgId: MMSG-26548]
Action.c(239): web_url("worklistcolumns") was successful, 6056 body bytes, 260 header bytes  	[MsgId: MMSG-26386]
Action.c(247): web_url("systemversion") started  	[MsgId: MMSG-26355]
Action.c(247): HTML parsing not performed for Content-Type "application/json" ("ParseHtmlContentType" Run-Time Setting is "TEXT"). URL="http://10.184.129.108/webapi/api/systemversion"  	[MsgId: MMSG-26548]
Action.c(247): web_url("systemversion") was successful, 17 body bytes, 258 header bytes  	[MsgId: MMSG-26386]
Action.c(255): web_url("CheckLoginStatus") started  	[MsgId: MMSG-26355]
Action.c(255): HTML parsing not performed for Content-Type "application/json" ("ParseHtmlContentType" Run-Time Setting is "TEXT"). URL="http://10.184.129.108/Platform/Account/CheckLoginStatus"  	[MsgId: MMSG-26548]
Action.c(255): web_url("CheckLoginStatus") was successful, 4 body bytes, 251 header bytes  	[MsgId: MMSG-26386]
Action.c(266): web_url("workarea-app-container.html") started  	[MsgId: MMSG-26355]
Action.c(266): web_url("workarea-app-container.html") was successful, 798 body bytes, 246 header bytes  	[MsgId: MMSG-26386]
Action.c(275): web_url("terminalmonitor-template.html") started  	[MsgId: MMSG-26355]
Action.c(275): web_url("terminalmonitor-template.html") was successful, 28996 body bytes, 248 header bytes  	[MsgId: MMSG-26386]
Action.c(291): web_custom_request("terminalmonitoring") started  	[MsgId: MMSG-26355]
Action.c(291): Warning -26000: Request body (length=39) is not empty for HTTP Method=GET, for URL is "http://10.184.129.108/webapi/api/terminalmonitoring?userId=7" (Internal ID=154)  	[MsgId: MWAR-26000]
Action.c(291): HTML parsing not performed for Content-Type "application/json" ("ParseHtmlContentType" Run-Time Setting is "TEXT"). URL="http://10.184.129.108/webapi/api/terminalmonitoring?userId=7"  	[MsgId: MMSG-26548]
Action.c(291): web_custom_request("terminalmonitoring") highest severity level was "warning", 34976 body bytes, 261 header bytes  	[MsgId: MMSG-26388]
Action.c(304): web_url("CheckLoginStatus_5") started  	[MsgId: MMSG-26355]
Action.c(304): HTML parsing not performed for Content-Type "application/json" ("ParseHtmlContentType" Run-Time Setting is "TEXT"). URL="http://10.184.129.108/Platform/Account/CheckLoginStatus"  	[MsgId: MMSG-26548]
Action.c(304): web_url("CheckLoginStatus_5") was successful, 4 body bytes, 251 header bytes  	[MsgId: MMSG-26386]
Action.c(320): Notify: Transaction "User_login" ended with a "Pass" status (Duration: 0.1273 Wasted Time: 0.0001).	[MsgId: MMSG-16871]
Action.c(323): lr_think_time: 10.00 seconds.	[MsgId: MMSG-15948]
Action.c(329): web_reg_save_param started  	[MsgId: MMSG-26355]
Action.c(329): Registering web_reg_save_param was successful  	[MsgId: MMSG-26390]
Action.c(335): Notify: Transaction "Reconlication_Film_all" started.	[MsgId: MMSG-16999]
Action.c(337): web_url("getUnmatchImages") started  	[MsgId: MMSG-26355]
Action.c(337): HTML parsing not performed for Content-Type "application/json" ("ParseHtmlContentType" Run-Time Setting is "TEXT"). URL="http://10.184.129.108/webapi/api/reconciliation/getUnmatchImages?days=-1&departments=&modalities="  	[MsgId: MMSG-26548]
Action.c(337): web_url("getUnmatchImages") was successful, 82467 body bytes, 261 header bytes  	[MsgId: MMSG-26386]
Action.c(346): web_url("CheckLoginStatus_7") started  	[MsgId: MMSG-26355]
Action.c(346): HTML parsing not performed for Content-Type "application/json" ("ParseHtmlContentType" Run-Time Setting is "TEXT"). URL="http://10.184.129.108/Platform/Account/CheckLoginStatus"  	[MsgId: MMSG-26548]
Action.c(346): web_url("CheckLoginStatus_7") was successful, 4 body bytes, 251 header bytes  	[MsgId: MMSG-26386]
Action.c(369): Notify: Transaction "Reconlication_Film_all" ended with a "Pass" status (Duration: 0.4019 Wasted Time: 0.0003).	[MsgId: MMSG-16871]
The result is:  createDate	[MsgId: MMSG-17999]
Action.c(378): lr_think_time: 10.00 seconds.	[MsgId: MMSG-15948]
Action.c(383): Notify: Transaction "reconlication_report_all" started.	[MsgId: MMSG-16999]
Action.c(385): web_url("getUnmatchReports") started  	[MsgId: MMSG-26355]
Action.c(385): HTML parsing not performed for Content-Type "application/json" ("ParseHtmlContentType" Run-Time Setting is "TEXT"). URL="http://10.184.129.108/webapi/api/reconciliation/getUnmatchReports?days=-1&departments=&modalities="  	[MsgId: MMSG-26548]
Action.c(385): web_url("getUnmatchReports") was successful, 9924 body bytes, 260 header bytes  	[MsgId: MMSG-26386]
Action.c(393): web_url("CheckLoginStatus_12") started  	[MsgId: MMSG-26355]
Action.c(393): HTML parsing not performed for Content-Type "application/json" ("ParseHtmlContentType" Run-Time Setting is "TEXT"). URL="http://10.184.129.108/Platform/Account/CheckLoginStatus"  	[MsgId: MMSG-26548]
Action.c(393): web_url("CheckLoginStatus_12") was successful, 4 body bytes, 251 header bytes  	[MsgId: MMSG-26386]
Action.c(401): web_url("getReport") started  	[MsgId: MMSG-26355]
Action.c(401): Continuing after Error -26627: HTTP Status-Code=404 (Not Found) for "http://10.184.129.108/webapi/api/reconciliation/getReport?id=3DF370E3F800A5D905D8267D8716C675"  	[MsgId: MERR-26627]
End auto log messages stack.	[MsgId: MMSG-10544]


Start auto log messages stack - Iteration 6.	[MsgId: MMSG-10545]
Starting action Action.	[MsgId: MMSG-15919]
Action.c(6): web_set_max_html_param_len started  	[MsgId: MMSG-26355]
Action.c(6): web_set_max_html_param_len was successful  	[MsgId: MMSG-26392]
Action.c(8): web_url("Platform") started  	[MsgId: MMSG-26355]
Action.c(8): web_url("Platform") was successful, 6136 body bytes, 247 header bytes  	[MsgId: MMSG-26386]
Action.c(87): web_url("login-view.html") started  	[MsgId: MMSG-26355]
Action.c(87): web_url("login-view.html") was successful, 6207 body bytes, 247 header bytes  	[MsgId: MMSG-26386]
Action.c(99): web_reg_save_param started  	[MsgId: MMSG-26355]
Action.c(99): Registering web_reg_save_param was successful  	[MsgId: MMSG-26390]
Action.c(104): web_reg_save_param started  	[MsgId: MMSG-26355]
Action.c(104): Registering web_reg_save_param was successful  	[MsgId: MMSG-26390]
Action.c(109): web_reg_save_param started  	[MsgId: MMSG-26355]
Action.c(109): Registering web_reg_save_param was successful  	[MsgId: MMSG-26390]
Action.c(114): Notify: Transaction "User_login" started.	[MsgId: MMSG-16999]
Action.c(116): web_custom_request("login") started  	[MsgId: MMSG-26355]
Action.c(116): HTML parsing not performed for Content-Type "application/json" ("ParseHtmlContentType" Run-Time Setting is "TEXT"). URL="http://10.184.129.108/Platform/account/login"  	[MsgId: MMSG-26548]
Action.c(116): web_custom_request("login") was successful, 78 body bytes, 1675 header bytes  	[MsgId: MMSG-26386]
Action.c(127): web_add_cookie started  	[MsgId: MMSG-26355]
Action.c(127): web_add_cookie was successful  	[MsgId: MMSG-26392]
Action.c(128): web_add_cookie started  	[MsgId: MMSG-26355]
Action.c(128): web_add_cookie was successful  	[MsgId: MMSG-26392]
Action.c(131): web_url("login_2") started  	[MsgId: MMSG-26355]
Action.c(131): Redirecting "http://10.184.129.108/Platform//account/login" (redirection depth is 0)  	[MsgId: MMSG-26694]
Action.c(131): To location "http://10.184.129.108/Platform/workarea"  	[MsgId: MMSG-26693]
Action.c(131): web_url("login_2") was successful, 14226 body bytes, 539 header bytes  	[MsgId: MMSG-26386]
Action.c(139): web_url("workarea") started  	[MsgId: MMSG-26355]
Action.c(139): web_url("workarea") was successful, 14091 body bytes, 260 header bytes  	[MsgId: MMSG-26386]
Action.c(199): web_add_auto_header("Authorization") started  	[MsgId: MMSG-26355]
Action.c(199): Warning -26593: The header being added may cause unpredictable results when applied to all ensuing URLs. It is added anyway  	[MsgId: MWAR-26593]
Action.c(199): web_add_auto_header("Authorization") highest severity level was "warning"  	[MsgId: MMSG-26391]
Action.c(201): web_reg_save_param started  	[MsgId: MMSG-26355]
Action.c(201): Registering web_reg_save_param was successful  	[MsgId: MMSG-26390]
Action.c(206): web_url("CheckLoginStatusByUser") started  	[MsgId: MMSG-26355]
Action.c(206): HTML parsing not performed for Content-Type "application/json" ("ParseHtmlContentType" Run-Time Setting is "TEXT"). URL="http://10.184.129.108/Platform/Account/CheckLoginStatus"  	[MsgId: MMSG-26548]
Action.c(206): web_url("CheckLoginStatusByUser") was successful, 4 body bytes, 251 header bytes  	[MsgId: MMSG-26386]
User Login website successfully: HTTP/1.1 200 OK
Cache-Control: private
Content-Type: application/json; charset=utf-8
Server: Microsoft-IIS/7.5
X-AspNetMvc-Version: 5.2
X-AspNet-Version: 4.0.30319
X-Powered-By: ASP.NET
Date: Wed, 12 Sep 2018 03:43:53 GMT
Content-Length: 4

true	[MsgId: MMSG-17999]
Action.c(231): web_url("tableRowsPerPage") started  	[MsgId: MMSG-26355]
Action.c(231): HTML parsing not performed for Content-Type "application/json" ("ParseHtmlContentType" Run-Time Setting is "TEXT"). URL="http://10.184.129.108/webapi/api/tableRowsPerPage"  	[MsgId: MMSG-26548]
Action.c(231): web_url("tableRowsPerPage") was successful, 39 body bytes, 258 header bytes  	[MsgId: MMSG-26386]
Action.c(239): web_url("worklistcolumns") started  	[MsgId: MMSG-26355]
Action.c(239): HTML parsing not performed for Content-Type "application/json" ("ParseHtmlContentType" Run-Time Setting is "TEXT"). URL="http://10.184.129.108/webapi/api/worklist/worklistcolumns"  	[MsgId: MMSG-26548]
Action.c(239): web_url("worklistcolumns") was successful, 6056 body bytes, 260 header bytes  	[MsgId: MMSG-26386]
Action.c(247): web_url("systemversion") started  	[MsgId: MMSG-26355]
Action.c(247): HTML parsing not performed for Content-Type "application/json" ("ParseHtmlContentType" Run-Time Setting is "TEXT"). URL="http://10.184.129.108/webapi/api/systemversion"  	[MsgId: MMSG-26548]
Action.c(247): web_url("systemversion") was successful, 17 body bytes, 258 header bytes  	[MsgId: MMSG-26386]
Action.c(255): web_url("CheckLoginStatus") started  	[MsgId: MMSG-26355]
Action.c(255): HTML parsing not performed for Content-Type "application/json" ("ParseHtmlContentType" Run-Time Setting is "TEXT"). URL="http://10.184.129.108/Platform/Account/CheckLoginStatus"  	[MsgId: MMSG-26548]
Action.c(255): web_url("CheckLoginStatus") was successful, 4 body bytes, 251 header bytes  	[MsgId: MMSG-26386]
Action.c(266): web_url("workarea-app-container.html") started  	[MsgId: MMSG-26355]
Action.c(266): web_url("workarea-app-container.html") was successful, 798 body bytes, 246 header bytes  	[MsgId: MMSG-26386]
Action.c(275): web_url("terminalmonitor-template.html") started  	[MsgId: MMSG-26355]
Action.c(275): web_url("terminalmonitor-template.html") was successful, 28996 body bytes, 248 header bytes  	[MsgId: MMSG-26386]
Action.c(291): web_custom_request("terminalmonitoring") started  	[MsgId: MMSG-26355]
Action.c(291): Warning -26000: Request body (length=39) is not empty for HTTP Method=GET, for URL is "http://10.184.129.108/webapi/api/terminalmonitoring?userId=8" (Internal ID=189)  	[MsgId: MWAR-26000]
Action.c(291): HTML parsing not performed for Content-Type "application/json" ("ParseHtmlContentType" Run-Time Setting is "TEXT"). URL="http://10.184.129.108/webapi/api/terminalmonitoring?userId=8"  	[MsgId: MMSG-26548]
Action.c(291): web_custom_request("terminalmonitoring") highest severity level was "warning", 34948 body bytes, 261 header bytes  	[MsgId: MMSG-26388]
Action.c(304): web_url("CheckLoginStatus_5") started  	[MsgId: MMSG-26355]
Action.c(304): HTML parsing not performed for Content-Type "application/json" ("ParseHtmlContentType" Run-Time Setting is "TEXT"). URL="http://10.184.129.108/Platform/Account/CheckLoginStatus"  	[MsgId: MMSG-26548]
Action.c(304): web_url("CheckLoginStatus_5") was successful, 4 body bytes, 251 header bytes  	[MsgId: MMSG-26386]
Action.c(320): Notify: Transaction "User_login" ended with a "Pass" status (Duration: 0.1547 Wasted Time: 0.0001).	[MsgId: MMSG-16871]
Action.c(323): lr_think_time: 10.00 seconds.	[MsgId: MMSG-15948]
Action.c(329): web_reg_save_param started  	[MsgId: MMSG-26355]
Action.c(329): Registering web_reg_save_param was successful  	[MsgId: MMSG-26390]
Action.c(335): Notify: Transaction "Reconlication_Film_all" started.	[MsgId: MMSG-16999]
Action.c(337): web_url("getUnmatchImages") started  	[MsgId: MMSG-26355]
Action.c(337): HTML parsing not performed for Content-Type "application/json" ("ParseHtmlContentType" Run-Time Setting is "TEXT"). URL="http://10.184.129.108/webapi/api/reconciliation/getUnmatchImages?days=-1&departments=&modalities="  	[MsgId: MMSG-26548]
Action.c(337): web_url("getUnmatchImages") was successful, 82467 body bytes, 261 header bytes  	[MsgId: MMSG-26386]
Action.c(346): web_url("CheckLoginStatus_7") started  	[MsgId: MMSG-26355]
Action.c(346): HTML parsing not performed for Content-Type "application/json" ("ParseHtmlContentType" Run-Time Setting is "TEXT"). URL="http://10.184.129.108/Platform/Account/CheckLoginStatus"  	[MsgId: MMSG-26548]
Action.c(346): web_url("CheckLoginStatus_7") was successful, 4 body bytes, 251 header bytes  	[MsgId: MMSG-26386]
Action.c(369): Notify: Transaction "Reconlication_Film_all" ended with a "Pass" status (Duration: 0.4006 Wasted Time: 0.0006).	[MsgId: MMSG-16871]
The result is:  createDate	[MsgId: MMSG-17999]
Action.c(378): lr_think_time: 10.00 seconds.	[MsgId: MMSG-15948]
Action.c(383): Notify: Transaction "reconlication_report_all" started.	[MsgId: MMSG-16999]
Action.c(385): web_url("getUnmatchReports") started  	[MsgId: MMSG-26355]
Action.c(385): HTML parsing not performed for Content-Type "application/json" ("ParseHtmlContentType" Run-Time Setting is "TEXT"). URL="http://10.184.129.108/webapi/api/reconciliation/getUnmatchReports?days=-1&departments=&modalities="  	[MsgId: MMSG-26548]
Action.c(385): web_url("getUnmatchReports") was successful, 9924 body bytes, 260 header bytes  	[MsgId: MMSG-26386]
Action.c(393): web_url("CheckLoginStatus_12") started  	[MsgId: MMSG-26355]
Action.c(393): HTML parsing not performed for Content-Type "application/json" ("ParseHtmlContentType" Run-Time Setting is "TEXT"). URL="http://10.184.129.108/Platform/Account/CheckLoginStatus"  	[MsgId: MMSG-26548]
Action.c(393): web_url("CheckLoginStatus_12") was successful, 4 body bytes, 251 header bytes  	[MsgId: MMSG-26386]
Action.c(401): web_url("getReport") started  	[MsgId: MMSG-26355]
Action.c(401): Continuing after Error -26627: HTTP Status-Code=404 (Not Found) for "http://10.184.129.108/webapi/api/reconciliation/getReport?id=998C55286F625EF2EA09C1D09308925F"  	[MsgId: MERR-26627]
End auto log messages stack.	[MsgId: MMSG-10544]


Start auto log messages stack - Iteration 7.	[MsgId: MMSG-10545]
Starting action Action.	[MsgId: MMSG-15919]
Action.c(6): web_set_max_html_param_len started  	[MsgId: MMSG-26355]
Action.c(6): web_set_max_html_param_len was successful  	[MsgId: MMSG-26392]
Action.c(8): web_url("Platform") started  	[MsgId: MMSG-26355]
Action.c(8): web_url("Platform") was successful, 6136 body bytes, 247 header bytes  	[MsgId: MMSG-26386]
Action.c(87): web_url("login-view.html") started  	[MsgId: MMSG-26355]
Action.c(87): web_url("login-view.html") was successful, 6207 body bytes, 247 header bytes  	[MsgId: MMSG-26386]
Action.c(99): web_reg_save_param started  	[MsgId: MMSG-26355]
Action.c(99): Registering web_reg_save_param was successful  	[MsgId: MMSG-26390]
Action.c(104): web_reg_save_param started  	[MsgId: MMSG-26355]
Action.c(104): Registering web_reg_save_param was successful  	[MsgId: MMSG-26390]
Action.c(109): web_reg_save_param started  	[MsgId: MMSG-26355]
Action.c(109): Registering web_reg_save_param was successful  	[MsgId: MMSG-26390]
Action.c(114): Notify: Transaction "User_login" started.	[MsgId: MMSG-16999]
Action.c(116): web_custom_request("login") started  	[MsgId: MMSG-26355]
Action.c(116): HTML parsing not performed for Content-Type "application/json" ("ParseHtmlContentType" Run-Time Setting is "TEXT"). URL="http://10.184.129.108/Platform/account/login"  	[MsgId: MMSG-26548]
Action.c(116): web_custom_request("login") was successful, 78 body bytes, 1675 header bytes  	[MsgId: MMSG-26386]
Action.c(127): web_add_cookie started  	[MsgId: MMSG-26355]
Action.c(127): web_add_cookie was successful  	[MsgId: MMSG-26392]
Action.c(128): web_add_cookie started  	[MsgId: MMSG-26355]
Action.c(128): web_add_cookie was successful  	[MsgId: MMSG-26392]
Action.c(131): web_url("login_2") started  	[MsgId: MMSG-26355]
Action.c(131): Redirecting "http://10.184.129.108/Platform//account/login" (redirection depth is 0)  	[MsgId: MMSG-26694]
Action.c(131): To location "http://10.184.129.108/Platform/workarea"  	[MsgId: MMSG-26693]
Action.c(131): web_url("login_2") was successful, 14226 body bytes, 539 header bytes  	[MsgId: MMSG-26386]
Action.c(139): web_url("workarea") started  	[MsgId: MMSG-26355]
Action.c(139): web_url("workarea") was successful, 14091 body bytes, 260 header bytes  	[MsgId: MMSG-26386]
Action.c(199): web_add_auto_header("Authorization") started  	[MsgId: MMSG-26355]
Action.c(199): Warning -26593: The header being added may cause unpredictable results when applied to all ensuing URLs. It is added anyway  	[MsgId: MWAR-26593]
Action.c(199): web_add_auto_header("Authorization") highest severity level was "warning"  	[MsgId: MMSG-26391]
Action.c(201): web_reg_save_param started  	[MsgId: MMSG-26355]
Action.c(201): Registering web_reg_save_param was successful  	[MsgId: MMSG-26390]
Action.c(206): web_url("CheckLoginStatusByUser") started  	[MsgId: MMSG-26355]
Action.c(206): HTML parsing not performed for Content-Type "application/json" ("ParseHtmlContentType" Run-Time Setting is "TEXT"). URL="http://10.184.129.108/Platform/Account/CheckLoginStatus"  	[MsgId: MMSG-26548]
Action.c(206): web_url("CheckLoginStatusByUser") was successful, 4 body bytes, 251 header bytes  	[MsgId: MMSG-26386]
User Login website successfully: HTTP/1.1 200 OK
Cache-Control: private
Content-Type: application/json; charset=utf-8
Server: Microsoft-IIS/7.5
X-AspNetMvc-Version: 5.2
X-AspNet-Version: 4.0.30319
X-Powered-By: ASP.NET
Date: Wed, 12 Sep 2018 03:44:55 GMT
Content-Length: 4

true	[MsgId: MMSG-17999]
Action.c(231): web_url("tableRowsPerPage") started  	[MsgId: MMSG-26355]
Action.c(231): HTML parsing not performed for Content-Type "application/json" ("ParseHtmlContentType" Run-Time Setting is "TEXT"). URL="http://10.184.129.108/webapi/api/tableRowsPerPage"  	[MsgId: MMSG-26548]
Action.c(231): web_url("tableRowsPerPage") was successful, 39 body bytes, 258 header bytes  	[MsgId: MMSG-26386]
Action.c(239): web_url("worklistcolumns") started  	[MsgId: MMSG-26355]
Action.c(239): HTML parsing not performed for Content-Type "application/json" ("ParseHtmlContentType" Run-Time Setting is "TEXT"). URL="http://10.184.129.108/webapi/api/worklist/worklistcolumns"  	[MsgId: MMSG-26548]
Action.c(239): web_url("worklistcolumns") was successful, 6056 body bytes, 260 header bytes  	[MsgId: MMSG-26386]
Action.c(247): web_url("systemversion") started  	[MsgId: MMSG-26355]
Action.c(247): HTML parsing not performed for Content-Type "application/json" ("ParseHtmlContentType" Run-Time Setting is "TEXT"). URL="http://10.184.129.108/webapi/api/systemversion"  	[MsgId: MMSG-26548]
Action.c(247): web_url("systemversion") was successful, 17 body bytes, 258 header bytes  	[MsgId: MMSG-26386]
Action.c(255): web_url("CheckLoginStatus") started  	[MsgId: MMSG-26355]
Action.c(255): HTML parsing not performed for Content-Type "application/json" ("ParseHtmlContentType" Run-Time Setting is "TEXT"). URL="http://10.184.129.108/Platform/Account/CheckLoginStatus"  	[MsgId: MMSG-26548]
Action.c(255): web_url("CheckLoginStatus") was successful, 4 body bytes, 251 header bytes  	[MsgId: MMSG-26386]
Action.c(266): web_url("workarea-app-container.html") started  	[MsgId: MMSG-26355]
Action.c(266): web_url("workarea-app-container.html") was successful, 798 body bytes, 246 header bytes  	[MsgId: MMSG-26386]
Action.c(275): web_url("terminalmonitor-template.html") started  	[MsgId: MMSG-26355]
Action.c(275): web_url("terminalmonitor-template.html") was successful, 28996 body bytes, 248 header bytes  	[MsgId: MMSG-26386]
Action.c(291): web_custom_request("terminalmonitoring") started  	[MsgId: MMSG-26355]
Action.c(291): Warning -26000: Request body (length=39) is not empty for HTTP Method=GET, for URL is "http://10.184.129.108/webapi/api/terminalmonitoring?userId=7" (Internal ID=224)  	[MsgId: MWAR-26000]
Action.c(291): HTML parsing not performed for Content-Type "application/json" ("ParseHtmlContentType" Run-Time Setting is "TEXT"). URL="http://10.184.129.108/webapi/api/terminalmonitoring?userId=7"  	[MsgId: MMSG-26548]
Action.c(291): web_custom_request("terminalmonitoring") highest severity level was "warning", 34941 body bytes, 261 header bytes  	[MsgId: MMSG-26388]
Action.c(304): web_url("CheckLoginStatus_5") started  	[MsgId: MMSG-26355]
Action.c(304): HTML parsing not performed for Content-Type "application/json" ("ParseHtmlContentType" Run-Time Setting is "TEXT"). URL="http://10.184.129.108/Platform/Account/CheckLoginStatus"  	[MsgId: MMSG-26548]
Action.c(304): web_url("CheckLoginStatus_5") was successful, 4 body bytes, 251 header bytes  	[MsgId: MMSG-26386]
Action.c(320): Notify: Transaction "User_login" ended with a "Pass" status (Duration: 0.1289 Wasted Time: 0.0000).	[MsgId: MMSG-16871]
Action.c(323): lr_think_time: 10.00 seconds.	[MsgId: MMSG-15948]
Action.c(329): web_reg_save_param started  	[MsgId: MMSG-26355]
Action.c(329): Registering web_reg_save_param was successful  	[MsgId: MMSG-26390]
Action.c(335): Notify: Transaction "Reconlication_Film_all" started.	[MsgId: MMSG-16999]
Action.c(337): web_url("getUnmatchImages") started  	[MsgId: MMSG-26355]
Action.c(337): HTML parsing not performed for Content-Type "application/json" ("ParseHtmlContentType" Run-Time Setting is "TEXT"). URL="http://10.184.129.108/webapi/api/reconciliation/getUnmatchImages?days=-1&departments=&modalities="  	[MsgId: MMSG-26548]
Action.c(337): web_url("getUnmatchImages") was successful, 82467 body bytes, 261 header bytes  	[MsgId: MMSG-26386]
Action.c(346): web_url("CheckLoginStatus_7") started  	[MsgId: MMSG-26355]
Action.c(346): HTML parsing not performed for Content-Type "application/json" ("ParseHtmlContentType" Run-Time Setting is "TEXT"). URL="http://10.184.129.108/Platform/Account/CheckLoginStatus"  	[MsgId: MMSG-26548]
Action.c(346): web_url("CheckLoginStatus_7") was successful, 4 body bytes, 251 header bytes  	[MsgId: MMSG-26386]
Action.c(369): Notify: Transaction "Reconlication_Film_all" ended with a "Pass" status (Duration: 0.3955 Wasted Time: 0.0006).	[MsgId: MMSG-16871]
The result is:  createDate	[MsgId: MMSG-17999]
Action.c(378): lr_think_time: 10.00 seconds.	[MsgId: MMSG-15948]
Action.c(383): Notify: Transaction "reconlication_report_all" started.	[MsgId: MMSG-16999]
Action.c(385): web_url("getUnmatchReports") started  	[MsgId: MMSG-26355]
Action.c(385): HTML parsing not performed for Content-Type "application/json" ("ParseHtmlContentType" Run-Time Setting is "TEXT"). URL="http://10.184.129.108/webapi/api/reconciliation/getUnmatchReports?days=-1&departments=&modalities="  	[MsgId: MMSG-26548]
Action.c(385): web_url("getUnmatchReports") was successful, 9924 body bytes, 260 header bytes  	[MsgId: MMSG-26386]
Action.c(393): web_url("CheckLoginStatus_12") started  	[MsgId: MMSG-26355]
Action.c(393): HTML parsing not performed for Content-Type "application/json" ("ParseHtmlContentType" Run-Time Setting is "TEXT"). URL="http://10.184.129.108/Platform/Account/CheckLoginStatus"  	[MsgId: MMSG-26548]
Action.c(393): web_url("CheckLoginStatus_12") was successful, 4 body bytes, 251 header bytes  	[MsgId: MMSG-26386]
Action.c(401): web_url("getReport") started  	[MsgId: MMSG-26355]
Action.c(401): Continuing after Error -26627: HTTP Status-Code=404 (Not Found) for "http://10.184.129.108/webapi/api/reconciliation/getReport?id=B4A702128ABE28CEE320CFE656C44D95"  	[MsgId: MERR-26627]
End auto log messages stack.	[MsgId: MMSG-10544]


