Start auto log messages stack - Iteration 5.	[MsgId: MMSG-10545]
Start auto log messages stack - Iteration 6.	[MsgId: MMSG-10545]
Action.c(380): web_url("getUnmatchReports") was successful, 9924 body bytes, 260 header bytes  	[MsgId: MMSG-26386]
Action.c(388): web_url("CheckLoginStatus_12") started  	[MsgId: MMSG-26355]
Action.c(388): HTML parsing not performed for Content-Type "application/json" ("ParseHtmlContentType" Run-Time Setting is "TEXT"). URL="http://10.184.129.108/Platform/Account/CheckLoginStatus"  	[MsgId: MMSG-26548]
Action.c(388): web_url("CheckLoginStatus_12") was successful, 4 body bytes, 251 header bytes  	[MsgId: MMSG-26386]
Action.c(404): web_url("CheckLoginStatus_13") was successful, 4 body bytes, 251 header bytes  	[MsgId: MMSG-26386]
Action.c(396): web_url("getReport") started  	[MsgId: MMSG-26355]
Action.c(396): Continuing after Error -26612: HTTP Status-Code=500 (NullReferenceException) for "http://10.184.129.108/webapi/api/reconciliation/getReport?id=FF4BF2B00DC2897A5B9E539703FE23D0"  	[MsgId: MERR-26612]
Action.c(412): Notify: Transaction "reconlication_report_all" ended with a "Pass" status (Duration: 10.5962).	[MsgId: MMSG-16873]
Action.c(415): web_url("worklist-template.html") started  	[MsgId: MMSG-26355]
Action.c(415): web_url("worklist-template.html") was successful, 3596 body bytes, 247 header bytes  	[MsgId: MMSG-26386]
Action.c(423): web_url("worklist-mainbody.html") started  	[MsgId: MMSG-26355]
End auto log messages stack.	[MsgId: MMSG-10544]


Action.c(423): web_url("worklist-mainbody.html") was successful, 17517 body bytes, 248 header bytes  	[MsgId: MMSG-26386]
Action.c(431): web_url("shortcuts") started  	[MsgId: MMSG-26355]
Action.c(431): Continuing after Error -26612: HTTP Status-Code=500 (NullReferenceException) for "http://10.184.129.108/webapi/api/worklist/shortcuts?roleName=Administrator&userName=5"  	[MsgId: MERR-26612]
End auto log messages stack.	[MsgId: MMSG-10544]


Start auto log messages stack - Iteration 6.	[MsgId: MMSG-10545]
Action.c(431): Continuing after error in Vuser script.	[MsgId: MMSG-10678]
Action.c(439): web_url("CheckLoginStatus_14") started  	[MsgId: MMSG-26355]
Action.c(439): Connection to 10.184.129.108:80 closed after being inactive for 76 seconds, exceeding the "HTTP Keep-Alive timeout" Run-Time Setting (60 seconds). URL="http://10.184.129.108/Platform/Account/CheckLoginStatus"  	[MsgId: MMSG-27650]
Action.c(439): HTML parsing not performed for Content-Type "application/json" ("ParseHtmlContentType" Run-Time Setting is "TEXT"). URL="http://10.184.129.108/Platform/Account/CheckLoginStatus"  	[MsgId: MMSG-26548]
Action.c(439): web_url("CheckLoginStatus_14") was successful, 4 body bytes, 251 header bytes  	[MsgId: MMSG-26386]
Action.c(447): web_url("shortcuts_2") started  	[MsgId: MMSG-26355]
Action.c(447): Continuing after Error -26612: HTTP Status-Code=500 (NullReferenceException) for "http://10.184.129.108/webapi/api/worklist/shortcuts?roleName=Administrator&userName=5"  	[MsgId: MERR-26612]
End auto log messages stack.	[MsgId: MMSG-10544]


Start auto log messages stack - Iteration 6.	[MsgId: MMSG-10545]
Action.c(447): web_url("shortcuts_2") highest severity level was "continue on error", 99 body bytes, 278 header bytes  	[MsgId: MMSG-26388]
Action.c(447): Continuing after error in Vuser script.	[MsgId: MMSG-10678]
Action.c(455): web_url("CheckLoginStatus_15") started  	[MsgId: MMSG-26355]
Action.c(455): HTML parsing not performed for Content-Type "application/json" ("ParseHtmlContentType" Run-Time Setting is "TEXT"). URL="http://10.184.129.108/Platform/Account/CheckLoginStatus"  	[MsgId: MMSG-26548]
Action.c(455): web_url("CheckLoginStatus_15") was successful, 4 body bytes, 251 header bytes  	[MsgId: MMSG-26386]
Action.c(463): web_url("allTerminals_3") started  	[MsgId: MMSG-26355]
Action.c(463): Continuing after Error -26612: HTTP Status-Code=500 (NullReferenceException) for "http://10.184.129.108/webapi/api/terminal/allTerminals"  	[MsgId: MERR-26612]
End auto log messages stack.	[MsgId: MMSG-10544]


Start auto log messages stack - Iteration 6.	[MsgId: MMSG-10545]
Action.c(463): web_url("allTerminals_3") highest severity level was "continue on error", 99 body bytes, 278 header bytes  	[MsgId: MMSG-26388]
Action.c(463): Continuing after error in Vuser script.	[MsgId: MMSG-10678]
Action.c(482): web_url("modalityTypes") started  	[MsgId: MMSG-26355]
Action.c(482): Continuing after Error -26612: HTTP Status-Code=500 (NullReferenceException) for "http://10.184.129.108/webapi/api/modality/modalityTypes"  	[MsgId: MERR-26612]
End auto log messages stack.	[MsgId: MMSG-10544]


Start auto log messages stack - Iteration 5.	[MsgId: MMSG-10545]
Start auto log messages stack - Iteration 6.	[MsgId: MMSG-10545]
Action.c(412): Notify: Transaction "reconlication_report_all" ended with a "Fail" status (Duration: 4.7061).	[MsgId: MMSG-16873]
Action.c(482): web_url("modalityTypes") highest severity level was "continue on error", 99 body bytes, 278 header bytes  	[MsgId: MMSG-26388]
Action.c(412): Notify: Transaction "reconlication_report_all" has 1 error message(s).	[MsgId: MMSG-16818]
Action.c(482): Continuing after error in Vuser script.	[MsgId: MMSG-10678]
Action.c(490): web_custom_request("departmentsByIds") started  	[MsgId: MMSG-26355]
Action.c(412): Notify: The 1st error message associated with transaction "reconlication_report_all" is "Error -26612: HTTP Status-Code=500 (NullReferenceException) for "http://10.184.129.108/webapi/api/reconciliation/getReport?id=FF4BF2B00DC2897A5B9E539703FE23D0""	[MsgId: MMSG-16819]
Action.c(415): web_url("worklist-template.html") started  	[MsgId: MMSG-26355]
Action.c(415): web_url("worklist-template.html") was successful, 3596 body bytes, 247 header bytes  	[MsgId: MMSG-26386]
Action.c(423): web_url("worklist-mainbody.html") started  	[MsgId: MMSG-26355]
Action.c(490): Continuing after Error -26612: HTTP Status-Code=500 (NullReferenceException) for "http://10.184.129.108/webapi/api/department/departmentsByIds"  	[MsgId: MERR-26612]
Action.c(423): web_url("worklist-mainbody.html") was successful, 17517 body bytes, 248 header bytes  	[MsgId: MMSG-26386]
Action.c(431): web_url("shortcuts") started  	[MsgId: MMSG-26355]
Action.c(431): Continuing after Error -26612: HTTP Status-Code=500 (NullReferenceException) for "http://10.184.129.108/webapi/api/worklist/shortcuts?roleName=Administrator&userName=8"  	[MsgId: MERR-26612]
End auto log messages stack.	[MsgId: MMSG-10544]


End auto log messages stack.	[MsgId: MMSG-10544]


Start auto log messages stack - Iteration 5.	[MsgId: MMSG-10545]
Action.c(431): web_url("shortcuts") highest severity level was "continue on error", 99 body bytes, 278 header bytes  	[MsgId: MMSG-26388]
Action.c(431): Continuing after error in Vuser script.	[MsgId: MMSG-10678]
Action.c(439): web_url("CheckLoginStatus_14") started  	[MsgId: MMSG-26355]
Action.c(439): HTML parsing not performed for Content-Type "application/json" ("ParseHtmlContentType" Run-Time Setting is "TEXT"). URL="http://10.184.129.108/Platform/Account/CheckLoginStatus"  	[MsgId: MMSG-26548]
Action.c(439): web_url("CheckLoginStatus_14") was successful, 4 body bytes, 251 header bytes  	[MsgId: MMSG-26386]
Action.c(447): web_url("shortcuts_2") started  	[MsgId: MMSG-26355]
Action.c(447): Continuing after Error -26612: HTTP Status-Code=500 (NullReferenceException) for "http://10.184.129.108/webapi/api/worklist/shortcuts?roleName=Administrator&userName=8"  	[MsgId: MERR-26612]
End auto log messages stack.	[MsgId: MMSG-10544]


Start auto log messages stack - Iteration 5.	[MsgId: MMSG-10545]
Action.c(447): web_url("shortcuts_2") highest severity level was "continue on error", 99 body bytes, 278 header bytes  	[MsgId: MMSG-26388]
Action.c(447): Continuing after error in Vuser script.	[MsgId: MMSG-10678]
Action.c(455): web_url("CheckLoginStatus_15") started  	[MsgId: MMSG-26355]
Action.c(455): HTML parsing not performed for Content-Type "application/json" ("ParseHtmlContentType" Run-Time Setting is "TEXT"). URL="http://10.184.129.108/Platform/Account/CheckLoginStatus"  	[MsgId: MMSG-26548]
Action.c(455): web_url("CheckLoginStatus_15") was successful, 4 body bytes, 251 header bytes  	[MsgId: MMSG-26386]
Action.c(463): web_url("allTerminals_3") started  	[MsgId: MMSG-26355]
Action.c(463): Continuing after Error -26612: HTTP Status-Code=500 (NullReferenceException) for "http://10.184.129.108/webapi/api/terminal/allTerminals"  	[MsgId: MERR-26612]
End auto log messages stack.	[MsgId: MMSG-10544]


Start auto log messages stack - Iteration 5.	[MsgId: MMSG-10545]
Action.c(463): web_url("allTerminals_3") highest severity level was "continue on error", 99 body bytes, 278 header bytes  	[MsgId: MMSG-26388]
Action.c(463): Continuing after error in Vuser script.	[MsgId: MMSG-10678]
Action.c(482): web_url("modalityTypes") started  	[MsgId: MMSG-26355]
Action.c(482): Continuing after Error -26612: HTTP Status-Code=500 (NullReferenceException) for "http://10.184.129.108/webapi/api/modality/modalityTypes"  	[MsgId: MERR-26612]
End auto log messages stack.	[MsgId: MMSG-10544]


Start auto log messages stack - Iteration 5.	[MsgId: MMSG-10545]
Action.c(482): web_url("modalityTypes") highest severity level was "continue on error", 99 body bytes, 278 header bytes  	[MsgId: MMSG-26388]
Action.c(482): Continuing after error in Vuser script.	[MsgId: MMSG-10678]
Action.c(490): web_custom_request("departmentsByIds") started  	[MsgId: MMSG-26355]
Action.c(490): Continuing after Error -26612: HTTP Status-Code=500 (NullReferenceException) for "http://10.184.129.108/webapi/api/department/departmentsByIds"  	[MsgId: MERR-26612]
End auto log messages stack.	[MsgId: MMSG-10544]


Start auto log messages stack - Iteration 6.	[MsgId: MMSG-10545]
Action.c(380): web_url("getUnmatchReports") was successful, 9924 body bytes, 260 header bytes  	[MsgId: MMSG-26386]
Action.c(388): web_url("CheckLoginStatus_12") started  	[MsgId: MMSG-26355]
Action.c(388): HTML parsing not performed for Content-Type "application/json" ("ParseHtmlContentType" Run-Time Setting is "TEXT"). URL="http://10.184.129.108/Platform/Account/CheckLoginStatus"  	[MsgId: MMSG-26548]
Action.c(388): web_url("CheckLoginStatus_12") was successful, 4 body bytes, 251 header bytes  	[MsgId: MMSG-26386]
Action.c(396): web_url("getReport") started  	[MsgId: MMSG-26355]
Action.c(396): Continuing after Error -26612: HTTP Status-Code=500 (NullReferenceException) for "http://10.184.129.108/webapi/api/reconciliation/getReport?id=B39CE02C2AEADC8B57E6B6E72AA6487C"  	[MsgId: MERR-26612]
End auto log messages stack.	[MsgId: MMSG-10544]


Start auto log messages stack - Iteration 10.	[MsgId: MMSG-10545]
Action.c(299): web_url("CheckLoginStatus_5") started  	[MsgId: MMSG-26355]
Action.c(299): HTML parsing not performed for Content-Type "application/json" ("ParseHtmlContentType" Run-Time Setting is "TEXT"). URL="http://10.184.129.108/Platform/Account/CheckLoginStatus"  	[MsgId: MMSG-26548]
Action.c(299): web_url("CheckLoginStatus_5") was successful, 4 body bytes, 251 header bytes  	[MsgId: MMSG-26386]
Action.c(315): Notify: Transaction "User_login" ended with a "Pass" status (Duration: 17.6912 Wasted Time: 0.0000).	[MsgId: MMSG-16871]
Action.c(318): lr_think_time: 30.00 seconds.	[MsgId: MMSG-15948]
Action.c(324): web_reg_save_param started  	[MsgId: MMSG-26355]
Action.c(324): Registering web_reg_save_param was successful  	[MsgId: MMSG-26390]
Action.c(330): Notify: Transaction "Reconlication_Film_all" started.	[MsgId: MMSG-16999]
Action.c(332): web_url("getUnmatchImages") started  	[MsgId: MMSG-26355]
Action.c(332): Continuing after Error -26612: HTTP Status-Code=500 (NullReferenceException) for "http://10.184.129.108/webapi/api/reconciliation/getUnmatchImages?days=-1&departments=&modalities="  	[MsgId: MERR-26612]
End auto log messages stack.	[MsgId: MMSG-10544]


Start auto log messages stack - Iteration 10.	[MsgId: MMSG-10545]
Action.c(332): Continuing after error in Vuser script.	[MsgId: MMSG-10678]
Action.c(341): web_url("CheckLoginStatus_7") started  	[MsgId: MMSG-26355]
Action.c(341): HTML parsing not performed for Content-Type "application/json" ("ParseHtmlContentType" Run-Time Setting is "TEXT"). URL="http://10.184.129.108/Platform/Account/CheckLoginStatus"  	[MsgId: MMSG-26548]
Action.c(341): web_url("CheckLoginStatus_7") was successful, 4 body bytes, 251 header bytes  	[MsgId: MMSG-26386]
Action.c(364): Notify: Transaction "Reconlication_Film_all" ended with a "Fail" status (Duration: 14.4345 Wasted Time: 0.0000).	[MsgId: MMSG-16871]
Action.c(364): Notify: Transaction "Reconlication_Film_all" has 1 error message(s).	[MsgId: MMSG-16818]
Action.c(364): Notify: The 1st error message associated with transaction "Reconlication_Film_all" is "Error -26612: HTTP Status-Code=500 (NullReferenceException) for "http://10.184.129.108/webapi/api/reconciliation/getUnmatchImages?days=-1&departments=&modalities=""	[MsgId: MMSG-16819]
The result is:  name	[MsgId: MMSG-17999]
Action.c(370): Error: Reconlication_Film_all fail	[MsgId: MERR-17999]
End auto log messages stack.	[MsgId: MMSG-10544]


Start auto log messages stack - Iteration 15.	[MsgId: MMSG-10545]
Action.c(431): web_url("shortcuts") was successful, 2 body bytes, 257 header bytes  	[MsgId: MMSG-26386]
Action.c(439): web_url("CheckLoginStatus_14") started  	[MsgId: MMSG-26355]
Action.c(439): HTML parsing not performed for Content-Type "application/json" ("ParseHtmlContentType" Run-Time Setting is "TEXT"). URL="http://10.184.129.108/Platform/Account/CheckLoginStatus"  	[MsgId: MMSG-26548]
Action.c(439): web_url("CheckLoginStatus_14") was successful, 4 body bytes, 251 header bytes  	[MsgId: MMSG-26386]
Action.c(447): web_url("shortcuts_2") started  	[MsgId: MMSG-26355]
Action.c(447): Continuing after Error -26612: HTTP Status-Code=500 (NullReferenceException) for "http://10.184.129.108/webapi/api/worklist/shortcuts?roleName=Administrator&userName=5"  	[MsgId: MERR-26612]
End auto log messages stack.	[MsgId: MMSG-10544]


Start auto log messages stack - Iteration 14.	[MsgId: MMSG-10545]
Action.c(380): web_url("getUnmatchReports") was successful, 9924 body bytes, 260 header bytes  	[MsgId: MMSG-26386]
Action.c(388): web_url("CheckLoginStatus_12") started  	[MsgId: MMSG-26355]
Action.c(388): HTML parsing not performed for Content-Type "application/json" ("ParseHtmlContentType" Run-Time Setting is "TEXT"). URL="http://10.184.129.108/Platform/Account/CheckLoginStatus"  	[MsgId: MMSG-26548]
Action.c(388): web_url("CheckLoginStatus_12") was successful, 4 body bytes, 251 header bytes  	[MsgId: MMSG-26386]
Action.c(396): web_url("getReport") started  	[MsgId: MMSG-26355]
Action.c(396): Continuing after Error -26612: HTTP Status-Code=500 (NullReferenceException) for "http://10.184.129.108/webapi/api/reconciliation/getReport?id=D8FE27EDB3662E52E6EE291B36878975"  	[MsgId: MERR-26612]
End auto log messages stack.	[MsgId: MMSG-10544]


