Start auto log messages stack - Iteration 38.	[MsgId: MMSG-10545]
Action.c(99): Registering web_reg_save_param was successful  	[MsgId: MMSG-26390]
Action.c(104): web_reg_save_param started  	[MsgId: MMSG-26355]
Action.c(104): Registering web_reg_save_param was successful  	[MsgId: MMSG-26390]
Action.c(109): web_reg_save_param started  	[MsgId: MMSG-26355]
Action.c(109): Registering web_reg_save_param was successful  	[MsgId: MMSG-26390]
Action.c(114): Notify: Transaction "User_login" started.	[MsgId: MMSG-16999]
Action.c(116): web_custom_request("login") started  	[MsgId: MMSG-26355]
Action.c(116): HTML parsing not performed for Content-Type "application/json" ("ParseHtmlContentType" Run-Time Setting is "TEXT"). URL="http://10.184.129.108/Platform/account/login"  	[MsgId: MMSG-26548]
Action.c(116): Continuing after Error -26377: No match found for the requested parameter "ApiToken". Either the specified boundaries were not found in the response or the matched text is longer than current max html parameter size of 90000 bytes. The total length of the response is 87 bytes. You can use "web_set_max_html_param_len" to increase the max parameter size.  	[MsgId: MERR-26377]
Action.c(116): Continuing after Error -26377: No match found for the requested parameter "AspToken". Either the specified boundaries were not found in the response or the matched text is longer than current max html parameter size of 90000 bytes. The total length of the response is 87 bytes. You can use "web_set_max_html_param_len" to increase the max parameter size.  	[MsgId: MERR-26377]
Action.c(116): Continuing after Error -26377: No match found for the requested parameter "access_token". Either the specified boundaries were not found in the response or the matched text is longer than current max html parameter size of 90000 bytes. The total length of the response is 87 bytes. You can use "web_set_max_html_param_len" to increase the max parameter size.  	[MsgId: MERR-26377]
End auto log messages stack.	[MsgId: MMSG-10544]


Start auto log messages stack - Iteration 38.	[MsgId: MMSG-10545]
Action.c(206): web_add_auto_header("Authorization") highest severity level was "warning"  	[MsgId: MMSG-26391]
Action.c(208): web_reg_save_param started  	[MsgId: MMSG-26355]
Action.c(208): Registering web_reg_save_param was successful  	[MsgId: MMSG-26390]
Action.c(213): web_url("CheckLoginStatusByUser") started  	[MsgId: MMSG-26355]
Action.c(213): HTML parsing not performed for Content-Type "application/json" ("ParseHtmlContentType" Run-Time Setting is "TEXT"). URL="http://10.184.129.108/Platform/Account/CheckLoginStatus"  	[MsgId: MMSG-26548]
Action.c(213): web_url("CheckLoginStatusByUser") was successful, 5 body bytes, 251 header bytes  	[MsgId: MMSG-26386]
Action.c(225): Error: Login failed	[MsgId: MERR-17999]
End auto log messages stack.	[MsgId: MMSG-10544]


Start auto log messages stack - Iteration 53.	[MsgId: MMSG-10545]
Action.c(299): web_url("CheckLoginStatus_5") started  	[MsgId: MMSG-26355]
Action.c(299): HTML parsing not performed for Content-Type "application/json" ("ParseHtmlContentType" Run-Time Setting is "TEXT"). URL="http://10.184.129.108/Platform/Account/CheckLoginStatus"  	[MsgId: MMSG-26548]
Action.c(299): web_url("CheckLoginStatus_5") was successful, 4 body bytes, 251 header bytes  	[MsgId: MMSG-26386]
Action.c(315): Notify: Transaction "User_login" ended with a "Pass" status (Duration: 3.2815 Wasted Time: 0.0000).	[MsgId: MMSG-16871]
Action.c(318): lr_think_time: 30.00 seconds.	[MsgId: MMSG-15948]
Action.c(324): web_reg_save_param started  	[MsgId: MMSG-26355]
Action.c(324): Registering web_reg_save_param was successful  	[MsgId: MMSG-26390]
Action.c(330): Notify: Transaction "Reconlication_Film_all" started.	[MsgId: MMSG-16999]
Action.c(332): web_url("getUnmatchImages") started  	[MsgId: MMSG-26355]
Action.c(332): Continuing after Error -26612: HTTP Status-Code=500 (NullReferenceException) for "http://10.184.129.108/webapi/api/reconciliation/getUnmatchImages?days=-1&departments=&modalities="  	[MsgId: MERR-26612]
End auto log messages stack.	[MsgId: MMSG-10544]


Start auto log messages stack - Iteration 53.	[MsgId: MMSG-10545]
Action.c(332): Continuing after error in Vuser script.	[MsgId: MMSG-10678]
Action.c(341): web_url("CheckLoginStatus_7") started  	[MsgId: MMSG-26355]
Action.c(341): HTML parsing not performed for Content-Type "application/json" ("ParseHtmlContentType" Run-Time Setting is "TEXT"). URL="http://10.184.129.108/Platform/Account/CheckLoginStatus"  	[MsgId: MMSG-26548]
Action.c(341): web_url("CheckLoginStatus_7") was successful, 4 body bytes, 251 header bytes  	[MsgId: MMSG-26386]
Action.c(364): Notify: Transaction "Reconlication_Film_all" ended with a "Fail" status (Duration: 15.2439 Wasted Time: 0.0000).	[MsgId: MMSG-16871]
Action.c(364): Notify: Transaction "Reconlication_Film_all" has 1 error message(s).	[MsgId: MMSG-16818]
Action.c(364): Notify: The 1st error message associated with transaction "Reconlication_Film_all" is "Error -26612: HTTP Status-Code=500 (NullReferenceException) for "http://10.184.129.108/webapi/api/reconciliation/getUnmatchImages?days=-1&departments=&modalities=""	[MsgId: MMSG-16819]
The result is:  name	[MsgId: MMSG-17999]
Action.c(370): Error: Reconlication_Film_all fail	[MsgId: MERR-17999]
End auto log messages stack.	[MsgId: MMSG-10544]


Start auto log messages stack - Iteration 94.	[MsgId: MMSG-10545]
Action.c(299): web_url("CheckLoginStatus_5") started  	[MsgId: MMSG-26355]
Action.c(299): HTML parsing not performed for Content-Type "application/json" ("ParseHtmlContentType" Run-Time Setting is "TEXT"). URL="http://10.184.129.108/Platform/Account/CheckLoginStatus"  	[MsgId: MMSG-26548]
Action.c(299): web_url("CheckLoginStatus_5") was successful, 4 body bytes, 251 header bytes  	[MsgId: MMSG-26386]
Action.c(315): Notify: Transaction "User_login" ended with a "Pass" status (Duration: 10.6060 Wasted Time: 0.0001).	[MsgId: MMSG-16871]
Action.c(318): lr_think_time: 30.00 seconds.	[MsgId: MMSG-15948]
Action.c(324): web_reg_save_param started  	[MsgId: MMSG-26355]
Action.c(324): Registering web_reg_save_param was successful  	[MsgId: MMSG-26390]
Action.c(330): Notify: Transaction "Reconlication_Film_all" started.	[MsgId: MMSG-16999]
Action.c(332): web_url("getUnmatchImages") started  	[MsgId: MMSG-26355]
Action.c(332): Continuing after Error -26612: HTTP Status-Code=500 (NullReferenceException) for "http://10.184.129.108/webapi/api/reconciliation/getUnmatchImages?days=-1&departments=&modalities="  	[MsgId: MERR-26612]
End auto log messages stack.	[MsgId: MMSG-10544]


Start auto log messages stack - Iteration 94.	[MsgId: MMSG-10545]
Action.c(332): Continuing after error in Vuser script.	[MsgId: MMSG-10678]
Action.c(341): web_url("CheckLoginStatus_7") started  	[MsgId: MMSG-26355]
Action.c(341): HTML parsing not performed for Content-Type "application/json" ("ParseHtmlContentType" Run-Time Setting is "TEXT"). URL="http://10.184.129.108/Platform/Account/CheckLoginStatus"  	[MsgId: MMSG-26548]
Action.c(341): web_url("CheckLoginStatus_7") was successful, 4 body bytes, 251 header bytes  	[MsgId: MMSG-26386]
Action.c(364): Notify: Transaction "Reconlication_Film_all" ended with a "Fail" status (Duration: 16.0431 Wasted Time: 0.0000).	[MsgId: MMSG-16871]
Action.c(364): Notify: Transaction "Reconlication_Film_all" has 1 error message(s).	[MsgId: MMSG-16818]
Action.c(364): Notify: The 1st error message associated with transaction "Reconlication_Film_all" is "Error -26612: HTTP Status-Code=500 (NullReferenceException) for "http://10.184.129.108/webapi/api/reconciliation/getUnmatchImages?days=-1&departments=&modalities=""	[MsgId: MMSG-16819]
The result is:  name	[MsgId: MMSG-17999]
Action.c(370): Error: Reconlication_Film_all fail	[MsgId: MERR-17999]
End auto log messages stack.	[MsgId: MMSG-10544]


Start auto log messages stack - Iteration 175.	[MsgId: MMSG-10545]
Action.c(299): web_url("CheckLoginStatus_5") started  	[MsgId: MMSG-26355]
Action.c(299): HTML parsing not performed for Content-Type "application/json" ("ParseHtmlContentType" Run-Time Setting is "TEXT"). URL="http://10.184.129.108/Platform/Account/CheckLoginStatus"  	[MsgId: MMSG-26548]
Action.c(299): web_url("CheckLoginStatus_5") was successful, 4 body bytes, 251 header bytes  	[MsgId: MMSG-26386]
Action.c(315): Notify: Transaction "User_login" ended with a "Pass" status (Duration: 3.9048 Wasted Time: 0.0000).	[MsgId: MMSG-16871]
Action.c(318): lr_think_time: 30.00 seconds.	[MsgId: MMSG-15948]
Action.c(324): web_reg_save_param started  	[MsgId: MMSG-26355]
Action.c(324): Registering web_reg_save_param was successful  	[MsgId: MMSG-26390]
Action.c(330): Notify: Transaction "Reconlication_Film_all" started.	[MsgId: MMSG-16999]
Action.c(332): web_url("getUnmatchImages") started  	[MsgId: MMSG-26355]
Action.c(332): Continuing after Error -26612: HTTP Status-Code=500 (NullReferenceException) for "http://10.184.129.108/webapi/api/reconciliation/getUnmatchImages?days=-1&departments=&modalities="  	[MsgId: MERR-26612]
End auto log messages stack.	[MsgId: MMSG-10544]


Start auto log messages stack - Iteration 175.	[MsgId: MMSG-10545]
Action.c(332): Continuing after error in Vuser script.	[MsgId: MMSG-10678]
Action.c(341): web_url("CheckLoginStatus_7") started  	[MsgId: MMSG-26355]
Action.c(341): HTML parsing not performed for Content-Type "application/json" ("ParseHtmlContentType" Run-Time Setting is "TEXT"). URL="http://10.184.129.108/Platform/Account/CheckLoginStatus"  	[MsgId: MMSG-26548]
Action.c(341): web_url("CheckLoginStatus_7") was successful, 4 body bytes, 251 header bytes  	[MsgId: MMSG-26386]
Action.c(364): Notify: Transaction "Reconlication_Film_all" ended with a "Fail" status (Duration: 16.2585 Wasted Time: 0.0000).	[MsgId: MMSG-16871]
Action.c(364): Notify: Transaction "Reconlication_Film_all" has 1 error message(s).	[MsgId: MMSG-16818]
Action.c(364): Notify: The 1st error message associated with transaction "Reconlication_Film_all" is "Error -26612: HTTP Status-Code=500 (NullReferenceException) for "http://10.184.129.108/webapi/api/reconciliation/getUnmatchImages?days=-1&departments=&modalities=""	[MsgId: MMSG-16819]
The result is:  name	[MsgId: MMSG-17999]
Action.c(370): Error: Reconlication_Film_all fail	[MsgId: MERR-17999]
End auto log messages stack.	[MsgId: MMSG-10544]


Start auto log messages stack - Iteration 175.	[MsgId: MMSG-10545]
Action.c(341): web_url("CheckLoginStatus_7") started  	[MsgId: MMSG-26355]
Action.c(341): HTML parsing not performed for Content-Type "application/json" ("ParseHtmlContentType" Run-Time Setting is "TEXT"). URL="http://10.184.129.108/Platform/Account/CheckLoginStatus"  	[MsgId: MMSG-26548]
Action.c(341): web_url("CheckLoginStatus_7") was successful, 4 body bytes, 251 header bytes  	[MsgId: MMSG-26386]
Action.c(364): Notify: Transaction "Reconlication_Film_all" ended with a "Pass" status (Duration: 3.5232 Wasted Time: 0.0001).	[MsgId: MMSG-16871]
The result is:  createDate	[MsgId: MMSG-17999]
Action.c(373): lr_think_time: 30.00 seconds.	[MsgId: MMSG-15948]
Action.c(378): Notify: Transaction "reconlication_report_all" started.	[MsgId: MMSG-16999]
Action.c(380): web_url("getUnmatchReports") started  	[MsgId: MMSG-26355]
Action.c(380): Continuing after Error -26612: HTTP Status-Code=500 (NullReferenceException) for "http://10.184.129.108/webapi/api/reconciliation/getUnmatchReports?days=-1&departments=&modalities="  	[MsgId: MERR-26612]
End auto log messages stack.	[MsgId: MMSG-10544]


Start auto log messages stack - Iteration 175.	[MsgId: MMSG-10545]
Action.c(380): Continuing after error in Vuser script.	[MsgId: MMSG-10678]
Action.c(388): web_url("CheckLoginStatus_12") started  	[MsgId: MMSG-26355]
Action.c(388): Connection to 10.184.129.108:80 closed after being inactive for 69 seconds, exceeding the "HTTP Keep-Alive timeout" Run-Time Setting (60 seconds). URL="http://10.184.129.108/Platform/Account/CheckLoginStatus"  	[MsgId: MMSG-27650]
Action.c(388): HTML parsing not performed for Content-Type "application/json" ("ParseHtmlContentType" Run-Time Setting is "TEXT"). URL="http://10.184.129.108/Platform/Account/CheckLoginStatus"  	[MsgId: MMSG-26548]
Action.c(388): web_url("CheckLoginStatus_12") was successful, 4 body bytes, 251 header bytes  	[MsgId: MMSG-26386]
Action.c(396): web_url("getReport") started  	[MsgId: MMSG-26355]
Action.c(396): Continuing after Error -26612: HTTP Status-Code=500 (NullReferenceException) for "http://10.184.129.108/webapi/api/reconciliation/getReport?id=4640A2A753BDF7AB3AAF64DADCE8BECE"  	[MsgId: MERR-26612]
End auto log messages stack.	[MsgId: MMSG-10544]


Start auto log messages stack - Iteration 175.	[MsgId: MMSG-10545]
Action.c(412): Notify: The 2nd error message associated with transaction "reconlication_report_all" is "Error -26612: HTTP Status-Code=500 (NullReferenceException) for "http://10.184.129.108/webapi/api/reconciliation/getReport?id=4640A2A753BDF7AB3AAF64DADCE8BECE""	[MsgId: MMSG-16819]
Action.c(415): web_url("worklist-template.html") started  	[MsgId: MMSG-26355]
Action.c(415): web_url("worklist-template.html") was successful, 3596 body bytes, 247 header bytes  	[MsgId: MMSG-26386]
Action.c(423): web_url("worklist-mainbody.html") started  	[MsgId: MMSG-26355]
Action.c(423): web_url("worklist-mainbody.html") was successful, 17517 body bytes, 248 header bytes  	[MsgId: MMSG-26386]
Action.c(431): web_url("shortcuts") started  	[MsgId: MMSG-26355]
Action.c(431): Continuing after Error -26612: HTTP Status-Code=500 (NullReferenceException) for "http://10.184.129.108/webapi/api/worklist/shortcuts?roleName=Administrator&userName=6"  	[MsgId: MERR-26612]
End auto log messages stack.	[MsgId: MMSG-10544]


Start auto log messages stack - Iteration 175.	[MsgId: MMSG-10545]
Action.c(431): web_url("shortcuts") highest severity level was "continue on error", 99 body bytes, 278 header bytes  	[MsgId: MMSG-26388]
Action.c(431): Continuing after error in Vuser script.	[MsgId: MMSG-10678]
Action.c(439): web_url("CheckLoginStatus_14") started  	[MsgId: MMSG-26355]
Action.c(439): HTML parsing not performed for Content-Type "application/json" ("ParseHtmlContentType" Run-Time Setting is "TEXT"). URL="http://10.184.129.108/Platform/Account/CheckLoginStatus"  	[MsgId: MMSG-26548]
Action.c(439): web_url("CheckLoginStatus_14") was successful, 4 body bytes, 251 header bytes  	[MsgId: MMSG-26386]
Action.c(447): web_url("shortcuts_2") started  	[MsgId: MMSG-26355]
Action.c(447): Continuing after Error -26612: HTTP Status-Code=500 (NullReferenceException) for "http://10.184.129.108/webapi/api/worklist/shortcuts?roleName=Administrator&userName=6"  	[MsgId: MERR-26612]
End auto log messages stack.	[MsgId: MMSG-10544]


Start auto log messages stack - Iteration 175.	[MsgId: MMSG-10545]
Action.c(447): web_url("shortcuts_2") highest severity level was "continue on error", 99 body bytes, 278 header bytes  	[MsgId: MMSG-26388]
Action.c(447): Continuing after error in Vuser script.	[MsgId: MMSG-10678]
Action.c(455): web_url("CheckLoginStatus_15") started  	[MsgId: MMSG-26355]
Action.c(455): HTML parsing not performed for Content-Type "application/json" ("ParseHtmlContentType" Run-Time Setting is "TEXT"). URL="http://10.184.129.108/Platform/Account/CheckLoginStatus"  	[MsgId: MMSG-26548]
Action.c(455): web_url("CheckLoginStatus_15") was successful, 4 body bytes, 251 header bytes  	[MsgId: MMSG-26386]
Action.c(463): web_url("allTerminals_3") started  	[MsgId: MMSG-26355]
Action.c(463): Continuing after Error -26612: HTTP Status-Code=500 (NullReferenceException) for "http://10.184.129.108/webapi/api/terminal/allTerminals"  	[MsgId: MERR-26612]
End auto log messages stack.	[MsgId: MMSG-10544]


Start auto log messages stack - Iteration 175.	[MsgId: MMSG-10545]
Action.c(463): web_url("allTerminals_3") highest severity level was "continue on error", 99 body bytes, 278 header bytes  	[MsgId: MMSG-26388]
Action.c(463): Continuing after error in Vuser script.	[MsgId: MMSG-10678]
Action.c(482): web_url("modalityTypes") started  	[MsgId: MMSG-26355]
Action.c(482): Continuing after Error -26612: HTTP Status-Code=500 (NullReferenceException) for "http://10.184.129.108/webapi/api/modality/modalityTypes"  	[MsgId: MERR-26612]
End auto log messages stack.	[MsgId: MMSG-10544]


Start auto log messages stack - Iteration 175.	[MsgId: MMSG-10545]
Action.c(482): web_url("modalityTypes") highest severity level was "continue on error", 99 body bytes, 278 header bytes  	[MsgId: MMSG-26388]
Action.c(482): Continuing after error in Vuser script.	[MsgId: MMSG-10678]
Action.c(490): web_custom_request("departmentsByIds") started  	[MsgId: MMSG-26355]
Action.c(490): Continuing after Error -26612: HTTP Status-Code=500 (NullReferenceException) for "http://10.184.129.108/webapi/api/department/departmentsByIds"  	[MsgId: MERR-26612]
End auto log messages stack.	[MsgId: MMSG-10544]


Start auto log messages stack - Iteration 175.	[MsgId: MMSG-10545]
Action.c(373): lr_think_time: 30.00 seconds.	[MsgId: MMSG-15948]
Action.c(378): Notify: Transaction "reconlication_report_all" started.	[MsgId: MMSG-16999]
Action.c(380): web_url("getUnmatchReports") started  	[MsgId: MMSG-26355]
Action.c(380): Continuing after Error -26612: HTTP Status-Code=500 (NullReferenceException) for "http://10.184.129.108/webapi/api/reconciliation/getUnmatchReports?days=-1&departments=&modalities="  	[MsgId: MERR-26612]
End auto log messages stack.	[MsgId: MMSG-10544]


Start auto log messages stack - Iteration 175.	[MsgId: MMSG-10545]
Action.c(431): web_url("shortcuts") was successful, 2 body bytes, 257 header bytes  	[MsgId: MMSG-26386]
Action.c(439): web_url("CheckLoginStatus_14") started  	[MsgId: MMSG-26355]
Action.c(439): HTML parsing not performed for Content-Type "application/json" ("ParseHtmlContentType" Run-Time Setting is "TEXT"). URL="http://10.184.129.108/Platform/Account/CheckLoginStatus"  	[MsgId: MMSG-26548]
Action.c(439): web_url("CheckLoginStatus_14") was successful, 4 body bytes, 251 header bytes  	[MsgId: MMSG-26386]
Action.c(447): web_url("shortcuts_2") started  	[MsgId: MMSG-26355]
Action.c(447): Continuing after Error -26612: HTTP Status-Code=500 (NullReferenceException) for "http://10.184.129.108/webapi/api/worklist/shortcuts?roleName=Administrator&userName=5"  	[MsgId: MERR-26612]
End auto log messages stack.	[MsgId: MMSG-10544]


Start auto log messages stack - Iteration 175.	[MsgId: MMSG-10545]
Action.c(463): HTML parsing not performed for Content-Type "application/json" ("ParseHtmlContentType" Run-Time Setting is "TEXT"). URL="http://10.184.129.108/webapi/api/terminal/allTerminals"  	[MsgId: MMSG-26548]
Action.c(463): web_url("allTerminals_3") was successful, 33013 body bytes, 261 header bytes  	[MsgId: MMSG-26386]
Action.c(482): web_url("modalityTypes") started  	[MsgId: MMSG-26355]
Action.c(482): HTML parsing not performed for Content-Type "application/json" ("ParseHtmlContentType" Run-Time Setting is "TEXT"). URL="http://10.184.129.108/webapi/api/modality/modalityTypes"  	[MsgId: MMSG-26548]
Action.c(482): web_url("modalityTypes") was successful, 76 body bytes, 258 header bytes  	[MsgId: MMSG-26386]
Action.c(490): web_custom_request("departmentsByIds") started  	[MsgId: MMSG-26355]
Action.c(490): Continuing after Error -26612: HTTP Status-Code=500 (NullReferenceException) for "http://10.184.129.108/webapi/api/department/departmentsByIds"  	[MsgId: MERR-26612]
End auto log messages stack.	[MsgId: MMSG-10544]


Start auto log messages stack - Iteration 193.	[MsgId: MMSG-10545]
Action.c(404): web_url("CheckLoginStatus_13") was successful, 4 body bytes, 251 header bytes  	[MsgId: MMSG-26386]
Action.c(412): Notify: Transaction "reconlication_report_all" ended with a "Pass" status (Duration: 7.8151).	[MsgId: MMSG-16873]
Action.c(415): web_url("worklist-template.html") started  	[MsgId: MMSG-26355]
Action.c(415): web_url("worklist-template.html") was successful, 3596 body bytes, 247 header bytes  	[MsgId: MMSG-26386]
Action.c(423): web_url("worklist-mainbody.html") started  	[MsgId: MMSG-26355]
Action.c(423): web_url("worklist-mainbody.html") was successful, 17517 body bytes, 248 header bytes  	[MsgId: MMSG-26386]
Action.c(431): web_url("shortcuts") started  	[MsgId: MMSG-26355]
Action.c(431): Continuing after Error -26612: HTTP Status-Code=500 (NullReferenceException) for "http://10.184.129.108/webapi/api/worklist/shortcuts?roleName=Administrator&userName=8"  	[MsgId: MERR-26612]
End auto log messages stack.	[MsgId: MMSG-10544]


Start auto log messages stack - Iteration 208.	[MsgId: MMSG-10545]
Action.c(341): web_url("CheckLoginStatus_7") started  	[MsgId: MMSG-26355]
Action.c(341): HTML parsing not performed for Content-Type "application/json" ("ParseHtmlContentType" Run-Time Setting is "TEXT"). URL="http://10.184.129.108/Platform/Account/CheckLoginStatus"  	[MsgId: MMSG-26548]
Action.c(341): web_url("CheckLoginStatus_7") was successful, 4 body bytes, 251 header bytes  	[MsgId: MMSG-26386]
Action.c(364): Notify: Transaction "Reconlication_Film_all" ended with a "Pass" status (Duration: 3.1806 Wasted Time: 0.0001).	[MsgId: MMSG-16871]
The result is:  createDate	[MsgId: MMSG-17999]
Action.c(373): lr_think_time: 30.00 seconds.	[MsgId: MMSG-15948]
Action.c(378): Notify: Transaction "reconlication_report_all" started.	[MsgId: MMSG-16999]
Action.c(380): web_url("getUnmatchReports") started  	[MsgId: MMSG-26355]
Action.c(380): Continuing after Error -26612: HTTP Status-Code=500 (NullReferenceException) for "http://10.184.129.108/webapi/api/reconciliation/getUnmatchReports?days=-1&departments=&modalities="  	[MsgId: MERR-26612]
End auto log messages stack.	[MsgId: MMSG-10544]


Start auto log messages stack - Iteration 208.	[MsgId: MMSG-10545]
Action.c(299): web_url("CheckLoginStatus_5") started  	[MsgId: MMSG-26355]
Action.c(299): HTML parsing not performed for Content-Type "application/json" ("ParseHtmlContentType" Run-Time Setting is "TEXT"). URL="http://10.184.129.108/Platform/Account/CheckLoginStatus"  	[MsgId: MMSG-26548]
Action.c(299): web_url("CheckLoginStatus_5") was successful, 4 body bytes, 251 header bytes  	[MsgId: MMSG-26386]
Action.c(315): Notify: Transaction "User_login" ended with a "Pass" status (Duration: 3.6584 Wasted Time: 0.0000).	[MsgId: MMSG-16871]
Action.c(318): lr_think_time: 30.00 seconds.	[MsgId: MMSG-15948]
Action.c(324): web_reg_save_param started  	[MsgId: MMSG-26355]
Action.c(324): Registering web_reg_save_param was successful  	[MsgId: MMSG-26390]
Action.c(330): Notify: Transaction "Reconlication_Film_all" started.	[MsgId: MMSG-16999]
Action.c(332): web_url("getUnmatchImages") started  	[MsgId: MMSG-26355]
Action.c(332): Continuing after Error -26612: HTTP Status-Code=500 (NullReferenceException) for "http://10.184.129.108/webapi/api/reconciliation/getUnmatchImages?days=-1&departments=&modalities="  	[MsgId: MERR-26612]
End auto log messages stack.	[MsgId: MMSG-10544]


Start auto log messages stack - Iteration 208.	[MsgId: MMSG-10545]
Action.c(332): Continuing after error in Vuser script.	[MsgId: MMSG-10678]
Action.c(341): web_url("CheckLoginStatus_7") started  	[MsgId: MMSG-26355]
Action.c(341): HTML parsing not performed for Content-Type "application/json" ("ParseHtmlContentType" Run-Time Setting is "TEXT"). URL="http://10.184.129.108/Platform/Account/CheckLoginStatus"  	[MsgId: MMSG-26548]
Action.c(341): web_url("CheckLoginStatus_7") was successful, 4 body bytes, 251 header bytes  	[MsgId: MMSG-26386]
Action.c(364): Notify: Transaction "Reconlication_Film_all" ended with a "Fail" status (Duration: 15.7953 Wasted Time: 0.0000).	[MsgId: MMSG-16871]
Action.c(364): Notify: Transaction "Reconlication_Film_all" has 1 error message(s).	[MsgId: MMSG-16818]
Action.c(364): Notify: The 1st error message associated with transaction "Reconlication_Film_all" is "Error -26612: HTTP Status-Code=500 (NullReferenceException) for "http://10.184.129.108/webapi/api/reconciliation/getUnmatchImages?days=-1&departments=&modalities=""	[MsgId: MMSG-16819]
The result is:  name	[MsgId: MMSG-17999]
Action.c(370): Error: Reconlication_Film_all fail	[MsgId: MERR-17999]
End auto log messages stack.	[MsgId: MMSG-10544]


Start auto log messages stack - Iteration 209.	[MsgId: MMSG-10545]
Action.c(299): web_url("CheckLoginStatus_5") started  	[MsgId: MMSG-26355]
Action.c(299): HTML parsing not performed for Content-Type "application/json" ("ParseHtmlContentType" Run-Time Setting is "TEXT"). URL="http://10.184.129.108/Platform/Account/CheckLoginStatus"  	[MsgId: MMSG-26548]
Action.c(299): web_url("CheckLoginStatus_5") was successful, 4 body bytes, 251 header bytes  	[MsgId: MMSG-26386]
Action.c(315): Notify: Transaction "User_login" ended with a "Pass" status (Duration: 4.2822 Wasted Time: 0.0001).	[MsgId: MMSG-16871]
Action.c(318): lr_think_time: 30.00 seconds.	[MsgId: MMSG-15948]
Action.c(324): web_reg_save_param started  	[MsgId: MMSG-26355]
Action.c(324): Registering web_reg_save_param was successful  	[MsgId: MMSG-26390]
Action.c(330): Notify: Transaction "Reconlication_Film_all" started.	[MsgId: MMSG-16999]
Action.c(332): web_url("getUnmatchImages") started  	[MsgId: MMSG-26355]
Action.c(332): Continuing after Error -26612: HTTP Status-Code=500 (NullReferenceException) for "http://10.184.129.108/webapi/api/reconciliation/getUnmatchImages?days=-1&departments=&modalities="  	[MsgId: MERR-26612]
End auto log messages stack.	[MsgId: MMSG-10544]


Start auto log messages stack - Iteration 209.	[MsgId: MMSG-10545]
Action.c(332): Continuing after error in Vuser script.	[MsgId: MMSG-10678]
Action.c(341): web_url("CheckLoginStatus_7") started  	[MsgId: MMSG-26355]
Action.c(341): HTML parsing not performed for Content-Type "application/json" ("ParseHtmlContentType" Run-Time Setting is "TEXT"). URL="http://10.184.129.108/Platform/Account/CheckLoginStatus"  	[MsgId: MMSG-26548]
Action.c(341): web_url("CheckLoginStatus_7") was successful, 4 body bytes, 251 header bytes  	[MsgId: MMSG-26386]
Action.c(364): Notify: Transaction "Reconlication_Film_all" ended with a "Fail" status (Duration: 0.2521 Wasted Time: 0.0000).	[MsgId: MMSG-16871]
Action.c(364): Notify: Transaction "Reconlication_Film_all" has 1 error message(s).	[MsgId: MMSG-16818]
Action.c(364): Notify: The 1st error message associated with transaction "Reconlication_Film_all" is "Error -26612: HTTP Status-Code=500 (NullReferenceException) for "http://10.184.129.108/webapi/api/reconciliation/getUnmatchImages?days=-1&departments=&modalities=""	[MsgId: MMSG-16819]
The result is:  name	[MsgId: MMSG-17999]
Action.c(370): Error: Reconlication_Film_all fail	[MsgId: MERR-17999]
End auto log messages stack.	[MsgId: MMSG-10544]


Start auto log messages stack - Iteration 218.	[MsgId: MMSG-10545]
Action.c(299): web_url("CheckLoginStatus_5") started  	[MsgId: MMSG-26355]
Action.c(299): HTML parsing not performed for Content-Type "application/json" ("ParseHtmlContentType" Run-Time Setting is "TEXT"). URL="http://10.184.129.108/Platform/Account/CheckLoginStatus"  	[MsgId: MMSG-26548]
Action.c(299): web_url("CheckLoginStatus_5") was successful, 4 body bytes, 251 header bytes  	[MsgId: MMSG-26386]
Action.c(315): Notify: Transaction "User_login" ended with a "Pass" status (Duration: 7.1333 Wasted Time: 0.0000).	[MsgId: MMSG-16871]
Action.c(318): lr_think_time: 30.00 seconds.	[MsgId: MMSG-15948]
Action.c(324): web_reg_save_param started  	[MsgId: MMSG-26355]
Action.c(324): Registering web_reg_save_param was successful  	[MsgId: MMSG-26390]
Action.c(330): Notify: Transaction "Reconlication_Film_all" started.	[MsgId: MMSG-16999]
Action.c(332): web_url("getUnmatchImages") started  	[MsgId: MMSG-26355]
Action.c(332): Continuing after Error -26612: HTTP Status-Code=500 (NullReferenceException) for "http://10.184.129.108/webapi/api/reconciliation/getUnmatchImages?days=-1&departments=&modalities="  	[MsgId: MERR-26612]
End auto log messages stack.	[MsgId: MMSG-10544]


Start auto log messages stack - Iteration 218.	[MsgId: MMSG-10545]
Action.c(332): Continuing after error in Vuser script.	[MsgId: MMSG-10678]
Action.c(341): web_url("CheckLoginStatus_7") started  	[MsgId: MMSG-26355]
Action.c(341): HTML parsing not performed for Content-Type "application/json" ("ParseHtmlContentType" Run-Time Setting is "TEXT"). URL="http://10.184.129.108/Platform/Account/CheckLoginStatus"  	[MsgId: MMSG-26548]
Action.c(341): web_url("CheckLoginStatus_7") was successful, 4 body bytes, 251 header bytes  	[MsgId: MMSG-26386]
Action.c(364): Notify: Transaction "Reconlication_Film_all" ended with a "Fail" status (Duration: 0.3235 Wasted Time: 0.0000).	[MsgId: MMSG-16871]
Action.c(364): Notify: Transaction "Reconlication_Film_all" has 1 error message(s).	[MsgId: MMSG-16818]
Action.c(364): Notify: The 1st error message associated with transaction "Reconlication_Film_all" is "Error -26612: HTTP Status-Code=500 (NullReferenceException) for "http://10.184.129.108/webapi/api/reconciliation/getUnmatchImages?days=-1&departments=&modalities=""	[MsgId: MMSG-16819]
The result is:  name	[MsgId: MMSG-17999]
Action.c(370): Error: Reconlication_Film_all fail	[MsgId: MERR-17999]
End auto log messages stack.	[MsgId: MMSG-10544]


