Start auto log messages stack - Iteration 1.	[MsgId: MMSG-10545]
Action.c(1134): web_reg_save_param started  	[MsgId: MMSG-26355]
Action.c(1134): Registering web_reg_save_param was successful  	[MsgId: MMSG-26390]
Action.c(1139): Notify: Transaction "SetStatusOfReportWithExpand_NOTprinted" started.	[MsgId: MMSG-16999]
Action.c(1141): web_custom_request("web_custom_request") started  	[MsgId: MMSG-26355]
Action.c(1141): HTML parsing not performed for Content-Type "application/json" ("ParseHtmlContentType" Run-Time Setting is "TEXT"). URL="http://10.184.129.108/webapi/api/worklist/UpdateStatusByStudyInstanceUID"  	[MsgId: MMSG-26548]
Action.c(1141): web_custom_request("web_custom_request") was successful, 304 body bytes, 259 header bytes  	[MsgId: MMSG-26386]
Action.c(1151): Notify: Transaction "SetStatusOfReportWithExpand_NOTprinted" ended with a "Pass" status (Duration: 15.7398 Wasted Time: 0.0000).	[MsgId: MMSG-16871]
The result is:  false	[MsgId: MMSG-17999]
Action.c(1157): Error: SetStatusOfReportWithExpand_NOTprinted fail	[MsgId: MERR-17999]
End auto log messages stack.	[MsgId: MMSG-10544]


Start auto log messages stack - Iteration 1.	[MsgId: MMSG-10545]
Action.c(1134): web_reg_save_param started  	[MsgId: MMSG-26355]
Action.c(1134): Registering web_reg_save_param was successful  	[MsgId: MMSG-26390]
Action.c(1139): Notify: Transaction "SetStatusOfReportWithExpand_NOTprinted" started.	[MsgId: MMSG-16999]
Action.c(1141): web_custom_request("web_custom_request") started  	[MsgId: MMSG-26355]
Action.c(1141): HTML parsing not performed for Content-Type "application/json" ("ParseHtmlContentType" Run-Time Setting is "TEXT"). URL="http://10.184.129.108/webapi/api/worklist/UpdateStatusByStudyInstanceUID"  	[MsgId: MMSG-26548]
Action.c(1141): web_custom_request("web_custom_request") was successful, 304 body bytes, 259 header bytes  	[MsgId: MMSG-26386]
Action.c(1151): Notify: Transaction "SetStatusOfReportWithExpand_NOTprinted" ended with a "Pass" status (Duration: 15.3677 Wasted Time: 0.0000).	[MsgId: MMSG-16871]
The result is:  false	[MsgId: MMSG-17999]
Action.c(1157): Error: SetStatusOfReportWithExpand_NOTprinted fail	[MsgId: MERR-17999]
End auto log messages stack.	[MsgId: MMSG-10544]


Start auto log messages stack - Iteration 1.	[MsgId: MMSG-10545]
Start auto log messages stack - Iteration 1.	[MsgId: MMSG-10545]
Action.c(949): web_reg_save_param started  	[MsgId: MMSG-26355]
Action.c(949): Registering web_reg_save_param was successful  	[MsgId: MMSG-26390]
Action.c(955): Notify: Transaction "SetStatusOfReportWithoutExpand_unprinted" started.	[MsgId: MMSG-16999]
Action.c(1134): web_reg_save_param started  	[MsgId: MMSG-26355]
Action.c(957): web_custom_request("web_custom_request") started  	[MsgId: MMSG-26355]
Action.c(1134): Registering web_reg_save_param was successful  	[MsgId: MMSG-26390]
Action.c(957): HTML parsing not performed for Content-Type "application/json" ("ParseHtmlContentType" Run-Time Setting is "TEXT"). URL="http://10.184.129.108/webapi/api/worklist/UpdateStatusByStudyInstanceUID"  	[MsgId: MMSG-26548]
Action.c(1139): Notify: Transaction "SetStatusOfReportWithExpand_NOTprinted" started.	[MsgId: MMSG-16999]
Action.c(1141): web_custom_request("web_custom_request") started  	[MsgId: MMSG-26355]
Action.c(1141): HTML parsing not performed for Content-Type "application/json" ("ParseHtmlContentType" Run-Time Setting is "TEXT"). URL="http://10.184.129.108/webapi/api/worklist/UpdateStatusByStudyInstanceUID"  	[MsgId: MMSG-26548]
Action.c(957): web_custom_request("web_custom_request") was successful, 304 body bytes, 259 header bytes  	[MsgId: MMSG-26386]
Action.c(968): Notify: Transaction "SetStatusOfReportWithoutExpand_unprinted" ended with a "Pass" status (Duration: 16.9060 Wasted Time: 0.0000).	[MsgId: MMSG-16871]
The result is:  false	[MsgId: MMSG-17999]
Action.c(974): Error: SetStatusOfReportWithoutExpand_unprinted fail	[MsgId: MERR-17999]
Action.c(1141): web_custom_request("web_custom_request") was successful, 304 body bytes, 259 header bytes  	[MsgId: MMSG-26386]
End auto log messages stack.	[MsgId: MMSG-10544]


Action.c(1151): Notify: Transaction "SetStatusOfReportWithExpand_NOTprinted" ended with a "Pass" status (Duration: 16.1737 Wasted Time: 0.0000).	[MsgId: MMSG-16871]
The result is:  false	[MsgId: MMSG-17999]
Action.c(1157): Error: SetStatusOfReportWithExpand_NOTprinted fail	[MsgId: MERR-17999]
End auto log messages stack.	[MsgId: MMSG-10544]


Start auto log messages stack - Iteration 1.	[MsgId: MMSG-10545]
Action.c(988): web_reg_save_param started  	[MsgId: MMSG-26355]
Action.c(988): Registering web_reg_save_param was successful  	[MsgId: MMSG-26390]
Action.c(992): Notify: Transaction "SetStatusOfReportWithoutExpand_printed" started.	[MsgId: MMSG-16999]
Action.c(994): web_custom_request("web_custom_request") started  	[MsgId: MMSG-26355]
Action.c(994): HTML parsing not performed for Content-Type "application/json" ("ParseHtmlContentType" Run-Time Setting is "TEXT"). URL="http://10.184.129.108/webapi/api/worklist/UpdateStatusByStudyInstanceUID"  	[MsgId: MMSG-26548]
Action.c(994): web_custom_request("web_custom_request") was successful, 304 body bytes, 259 header bytes  	[MsgId: MMSG-26386]
Action.c(1004): Notify: Transaction "SetStatusOfReportWithoutExpand_printed" ended with a "Pass" status (Duration: 15.9517 Wasted Time: 0.0000).	[MsgId: MMSG-16871]
The result is:  false	[MsgId: MMSG-17999]
Action.c(1010): Error: SetStatusOfReportWithoutExpand_printed fail	[MsgId: MERR-17999]
End auto log messages stack.	[MsgId: MMSG-10544]


Start auto log messages stack - Iteration 1.	[MsgId: MMSG-10545]
Action.c(758): Notify: Transaction "worklist_query_Lastweek" ended with a "Pass" status (Duration: 0.1224).	[MsgId: MMSG-16873]
The Time is 2017-12-04	[MsgId: MMSG-17999]
Action.c(764): web_url("CheckLoginStatus") started  	[MsgId: MMSG-26355]
Action.c(764): HTML parsing not performed for Content-Type "application/json" ("ParseHtmlContentType" Run-Time Setting is "TEXT"). URL="http://10.184.129.108/Platform/Account/CheckLoginStatus"  	[MsgId: MMSG-26548]
Action.c(764): web_url("CheckLoginStatus") was successful, 4 body bytes, 251 header bytes  	[MsgId: MMSG-26386]
Action.c(772): lr_think_time: 5.00 seconds.	[MsgId: MMSG-15948]
Action.c(774): Notify: Transaction "worklist_query_LastMonth" started.	[MsgId: MMSG-16999]
Action.c(776): web_custom_request("searchWorklist_6") started  	[MsgId: MMSG-26355]
Action.c(776): Continuing after Error -26609: HTTP Status-Code=503 (EntityCommandExecutionException) for "http://10.184.129.108/webapi/api/worklist/searchWorklist"  	[MsgId: MERR-26609]
End auto log messages stack.	[MsgId: MMSG-10544]


Start auto log messages stack - Iteration 1.	[MsgId: MMSG-10545]
Action.c(1213): web_reg_save_param started  	[MsgId: MMSG-26355]
Action.c(1213): Registering web_reg_save_param was successful  	[MsgId: MMSG-26390]
Action.c(1218): Notify: Transaction "SetStatusOfFilmWithoutExpand_printed" started.	[MsgId: MMSG-16999]
Action.c(1220): web_custom_request("web_custom_request") started  	[MsgId: MMSG-26355]
Action.c(1220): HTML parsing not performed for Content-Type "application/json" ("ParseHtmlContentType" Run-Time Setting is "TEXT"). URL="http://10.184.129.108/webapi/api/worklist/UpdateStatusByAccessionNumber"  	[MsgId: MMSG-26548]
Action.c(1220): web_custom_request("web_custom_request") was successful, 304 body bytes, 259 header bytes  	[MsgId: MMSG-26386]
Action.c(1230): Notify: Transaction "SetStatusOfFilmWithoutExpand_printed" ended with a "Pass" status (Duration: 15.6401 Wasted Time: 0.0000).	[MsgId: MMSG-16871]
The result is:  false	[MsgId: MMSG-17999]
Action.c(1236): Error: SetStatusOfFilmWithoutExpand_printed fail	[MsgId: MERR-17999]
End auto log messages stack.	[MsgId: MMSG-10544]


Start auto log messages stack - Iteration 1.	[MsgId: MMSG-10545]
Action.c(1213): web_reg_save_param started  	[MsgId: MMSG-26355]
Action.c(1213): Registering web_reg_save_param was successful  	[MsgId: MMSG-26390]
Action.c(1218): Notify: Transaction "SetStatusOfFilmWithoutExpand_printed" started.	[MsgId: MMSG-16999]
Action.c(1220): web_custom_request("web_custom_request") started  	[MsgId: MMSG-26355]
Action.c(1220): HTML parsing not performed for Content-Type "application/json" ("ParseHtmlContentType" Run-Time Setting is "TEXT"). URL="http://10.184.129.108/webapi/api/worklist/UpdateStatusByAccessionNumber"  	[MsgId: MMSG-26548]
Action.c(1220): web_custom_request("web_custom_request") was successful, 304 body bytes, 259 header bytes  	[MsgId: MMSG-26386]
Action.c(1230): Notify: Transaction "SetStatusOfFilmWithoutExpand_printed" ended with a "Pass" status (Duration: 16.3741 Wasted Time: 0.0000).	[MsgId: MMSG-16871]
The result is:  false	[MsgId: MMSG-17999]
Action.c(1236): Error: SetStatusOfFilmWithoutExpand_printed fail	[MsgId: MERR-17999]
End auto log messages stack.	[MsgId: MMSG-10544]


Start auto log messages stack - Iteration 1.	[MsgId: MMSG-10545]
Action.c(1213): web_reg_save_param started  	[MsgId: MMSG-26355]
Action.c(1213): Registering web_reg_save_param was successful  	[MsgId: MMSG-26390]
Action.c(1218): Notify: Transaction "SetStatusOfFilmWithoutExpand_printed" started.	[MsgId: MMSG-16999]
Action.c(1220): web_custom_request("web_custom_request") started  	[MsgId: MMSG-26355]
Action.c(1220): HTML parsing not performed for Content-Type "application/json" ("ParseHtmlContentType" Run-Time Setting is "TEXT"). URL="http://10.184.129.108/webapi/api/worklist/UpdateStatusByAccessionNumber"  	[MsgId: MMSG-26548]
Action.c(1220): web_custom_request("web_custom_request") was successful, 304 body bytes, 259 header bytes  	[MsgId: MMSG-26386]
Action.c(1230): Notify: Transaction "SetStatusOfFilmWithoutExpand_printed" ended with a "Pass" status (Duration: 17.2590 Wasted Time: 0.0000).	[MsgId: MMSG-16871]
The result is:  false	[MsgId: MMSG-17999]
Action.c(1236): Error: SetStatusOfFilmWithoutExpand_printed fail	[MsgId: MERR-17999]
End auto log messages stack.	[MsgId: MMSG-10544]


Start auto log messages stack - Iteration 1.	[MsgId: MMSG-10545]
Action.c(1213): web_reg_save_param started  	[MsgId: MMSG-26355]
Action.c(1213): Registering web_reg_save_param was successful  	[MsgId: MMSG-26390]
Action.c(1218): Notify: Transaction "SetStatusOfFilmWithoutExpand_printed" started.	[MsgId: MMSG-16999]
Action.c(1220): web_custom_request("web_custom_request") started  	[MsgId: MMSG-26355]
Action.c(1220): HTML parsing not performed for Content-Type "application/json" ("ParseHtmlContentType" Run-Time Setting is "TEXT"). URL="http://10.184.129.108/webapi/api/worklist/UpdateStatusByAccessionNumber"  	[MsgId: MMSG-26548]
Action.c(1220): web_custom_request("web_custom_request") was successful, 304 body bytes, 259 header bytes  	[MsgId: MMSG-26386]
Action.c(1230): Notify: Transaction "SetStatusOfFilmWithoutExpand_printed" ended with a "Pass" status (Duration: 14.9893 Wasted Time: 0.0000).	[MsgId: MMSG-16871]
The result is:  false	[MsgId: MMSG-17999]
Action.c(1236): Error: SetStatusOfFilmWithoutExpand_printed fail	[MsgId: MERR-17999]
End auto log messages stack.	[MsgId: MMSG-10544]


Start auto log messages stack - Iteration 1.	[MsgId: MMSG-10545]
Action.c(1249): web_reg_save_param started  	[MsgId: MMSG-26355]
Action.c(1249): Registering web_reg_save_param was successful  	[MsgId: MMSG-26390]
Action.c(1254): Notify: Transaction "SetStatusOfFilmWithoutExpand_NOTprinte" started.	[MsgId: MMSG-16999]
Action.c(1256): web_custom_request("web_custom_request") started  	[MsgId: MMSG-26355]
Action.c(1256): HTML parsing not performed for Content-Type "application/json" ("ParseHtmlContentType" Run-Time Setting is "TEXT"). URL="http://10.184.129.108/webapi/api/worklist/UpdateStatusByAccessionNumber"  	[MsgId: MMSG-26548]
Action.c(1256): web_custom_request("web_custom_request") was successful, 304 body bytes, 259 header bytes  	[MsgId: MMSG-26386]
Action.c(1266): Notify: Transaction "SetStatusOfFilmWithoutExpand_NOTprinte" ended with a "Pass" status (Duration: 17.6038 Wasted Time: 0.0000).	[MsgId: MMSG-16871]
The result is:  false	[MsgId: MMSG-17999]
Action.c(1272): Error: SetStatusOfFilmWithoutExpand_NOTprinte fail	[MsgId: MERR-17999]
End auto log messages stack.	[MsgId: MMSG-10544]


Start auto log messages stack - Iteration 1.	[MsgId: MMSG-10545]
Action.c(1213): web_reg_save_param started  	[MsgId: MMSG-26355]
Action.c(1213): Registering web_reg_save_param was successful  	[MsgId: MMSG-26390]
Action.c(1218): Notify: Transaction "SetStatusOfFilmWithoutExpand_printed" started.	[MsgId: MMSG-16999]
Action.c(1220): web_custom_request("web_custom_request") started  	[MsgId: MMSG-26355]
Action.c(1220): HTML parsing not performed for Content-Type "application/json" ("ParseHtmlContentType" Run-Time Setting is "TEXT"). URL="http://10.184.129.108/webapi/api/worklist/UpdateStatusByAccessionNumber"  	[MsgId: MMSG-26548]
Action.c(1220): web_custom_request("web_custom_request") was successful, 304 body bytes, 259 header bytes  	[MsgId: MMSG-26386]
Action.c(1230): Notify: Transaction "SetStatusOfFilmWithoutExpand_printed" ended with a "Pass" status (Duration: 16.5085 Wasted Time: 0.0000).	[MsgId: MMSG-16871]
The result is:  false	[MsgId: MMSG-17999]
Action.c(1236): Error: SetStatusOfFilmWithoutExpand_printed fail	[MsgId: MERR-17999]
End auto log messages stack.	[MsgId: MMSG-10544]


Start auto log messages stack - Iteration 1.	[MsgId: MMSG-10545]
Action.c(1024): web_reg_save_param started  	[MsgId: MMSG-26355]
Action.c(1024): Registering web_reg_save_param was successful  	[MsgId: MMSG-26390]
Action.c(1029): Notify: Transaction "SetStatusOfReportWithoutExpand_NOTprinted" started.	[MsgId: MMSG-16999]
Action.c(1031): web_custom_request("web_custom_request") started  	[MsgId: MMSG-26355]
Action.c(1031): HTML parsing not performed for Content-Type "application/json" ("ParseHtmlContentType" Run-Time Setting is "TEXT"). URL="http://10.184.129.108/webapi/api/worklist/UpdateStatusByStudyInstanceUID"  	[MsgId: MMSG-26548]
Action.c(1031): web_custom_request("web_custom_request") was successful, 304 body bytes, 259 header bytes  	[MsgId: MMSG-26386]
Action.c(1041): Notify: Transaction "SetStatusOfReportWithoutExpand_NOTprinted" ended with a "Pass" status (Duration: 19.4201 Wasted Time: 0.0000).	[MsgId: MMSG-16871]
The result is:  false	[MsgId: MMSG-17999]
Action.c(1047): Error: SetStatusOfReportWithoutExpand_NOTprinted fail	[MsgId: MERR-17999]
End auto log messages stack.	[MsgId: MMSG-10544]


Start auto log messages stack - Iteration 1.	[MsgId: MMSG-10545]
Action.c(1134): web_reg_save_param started  	[MsgId: MMSG-26355]
Action.c(1134): Registering web_reg_save_param was successful  	[MsgId: MMSG-26390]
Action.c(1139): Notify: Transaction "SetStatusOfReportWithExpand_NOTprinted" started.	[MsgId: MMSG-16999]
Action.c(1141): web_custom_request("web_custom_request") started  	[MsgId: MMSG-26355]
Action.c(1141): HTML parsing not performed for Content-Type "application/json" ("ParseHtmlContentType" Run-Time Setting is "TEXT"). URL="http://10.184.129.108/webapi/api/worklist/UpdateStatusByStudyInstanceUID"  	[MsgId: MMSG-26548]
Action.c(1141): web_custom_request("web_custom_request") was successful, 304 body bytes, 259 header bytes  	[MsgId: MMSG-26386]
Action.c(1151): Notify: Transaction "SetStatusOfReportWithExpand_NOTprinted" ended with a "Pass" status (Duration: 15.0012 Wasted Time: 0.0000).	[MsgId: MMSG-16871]
The result is:  false	[MsgId: MMSG-17999]
Action.c(1157): Error: SetStatusOfReportWithExpand_NOTprinted fail	[MsgId: MERR-17999]
End auto log messages stack.	[MsgId: MMSG-10544]


Start auto log messages stack - Iteration 1.	[MsgId: MMSG-10545]
Action.c(1061): web_reg_save_param started  	[MsgId: MMSG-26355]
Action.c(1061): Registering web_reg_save_param was successful  	[MsgId: MMSG-26390]
Action.c(1066): Notify: Transaction "SetStatusOfReportWithExpand_unprinted" started.	[MsgId: MMSG-16999]
Action.c(1068): web_custom_request("web_custom_request") started  	[MsgId: MMSG-26355]
Action.c(1068): HTML parsing not performed for Content-Type "application/json" ("ParseHtmlContentType" Run-Time Setting is "TEXT"). URL="http://10.184.129.108/webapi/api/worklist/UpdateStatusByStudyInstanceUID"  	[MsgId: MMSG-26548]
Action.c(1068): web_custom_request("web_custom_request") was successful, 304 body bytes, 259 header bytes  	[MsgId: MMSG-26386]
Action.c(1078): Notify: Transaction "SetStatusOfReportWithExpand_unprinted" ended with a "Pass" status (Duration: 19.9936 Wasted Time: 0.0000).	[MsgId: MMSG-16871]
The result is:  false	[MsgId: MMSG-17999]
Action.c(1084): Error: SetStatusOfReportWithExpand_unprinted fail	[MsgId: MERR-17999]
End auto log messages stack.	[MsgId: MMSG-10544]


Start auto log messages stack - Iteration 1.	[MsgId: MMSG-10545]
Action.c(1176): web_reg_save_param started  	[MsgId: MMSG-26355]
Action.c(1176): Registering web_reg_save_param was successful  	[MsgId: MMSG-26390]
Action.c(1181): Notify: Transaction "SetStatusOfFilmWithoutExpand_unprinted" started.	[MsgId: MMSG-16999]
Action.c(1183): web_custom_request("web_custom_request") started  	[MsgId: MMSG-26355]
Action.c(1183): HTML parsing not performed for Content-Type "application/json" ("ParseHtmlContentType" Run-Time Setting is "TEXT"). URL="http://10.184.129.108/webapi/api/worklist/UpdateStatusByAccessionNumber"  	[MsgId: MMSG-26548]
Action.c(1183): web_custom_request("web_custom_request") was successful, 304 body bytes, 259 header bytes  	[MsgId: MMSG-26386]
Action.c(1193): Notify: Transaction "SetStatusOfFilmWithoutExpand_unprinted" ended with a "Pass" status (Duration: 20.0474 Wasted Time: 0.0000).	[MsgId: MMSG-16871]
The result is:  false	[MsgId: MMSG-17999]
Action.c(1199): Error: SetStatusOfFilmWithoutExpand_unprinted fail	[MsgId: MERR-17999]
End auto log messages stack.	[MsgId: MMSG-10544]


Start auto log messages stack - Iteration 1.	[MsgId: MMSG-10545]
Action.c(1176): web_reg_save_param started  	[MsgId: MMSG-26355]
Action.c(1176): Registering web_reg_save_param was successful  	[MsgId: MMSG-26390]
Action.c(1181): Notify: Transaction "SetStatusOfFilmWithoutExpand_unprinted" started.	[MsgId: MMSG-16999]
Action.c(1183): web_custom_request("web_custom_request") started  	[MsgId: MMSG-26355]
Action.c(1183): HTML parsing not performed for Content-Type "application/json" ("ParseHtmlContentType" Run-Time Setting is "TEXT"). URL="http://10.184.129.108/webapi/api/worklist/UpdateStatusByAccessionNumber"  	[MsgId: MMSG-26548]
Action.c(1183): web_custom_request("web_custom_request") was successful, 304 body bytes, 259 header bytes  	[MsgId: MMSG-26386]
Action.c(1193): Notify: Transaction "SetStatusOfFilmWithoutExpand_unprinted" ended with a "Pass" status (Duration: 15.0113 Wasted Time: 0.0000).	[MsgId: MMSG-16871]
The result is:  false	[MsgId: MMSG-17999]
Action.c(1199): Error: SetStatusOfFilmWithoutExpand_unprinted fail	[MsgId: MERR-17999]
End auto log messages stack.	[MsgId: MMSG-10544]


Start auto log messages stack - Iteration 1.	[MsgId: MMSG-10545]
Action.c(1475): web_reg_save_param started  	[MsgId: MMSG-26355]
Action.c(1475): Registering web_reg_save_param was successful  	[MsgId: MMSG-26390]
Action.c(1480): Notify: Transaction "SetTheHoldingTime" started.	[MsgId: MMSG-16999]
Action.c(1482): web_custom_request("SetHoldingTime") started  	[MsgId: MMSG-26355]
Action.c(1482): HTML parsing not performed for Content-Type "application/json" ("ParseHtmlContentType" Run-Time Setting is "TEXT"). URL="http://10.184.129.108/webapi/api/worklist/UpdateStatusByAccessionNumber"  	[MsgId: MMSG-26548]
Action.c(1482): web_custom_request("SetHoldingTime") was successful, 50 body bytes, 258 header bytes  	[MsgId: MMSG-26386]
Action.c(1492): Notify: Transaction "SetTheHoldingTime" ended with a "Pass" status (Duration: 0.2052 Wasted Time: 0.0000).	[MsgId: MMSG-16871]
The result is:  false	[MsgId: MMSG-17999]
Action.c(1498): Error: SetTheHoldingTime fail	[MsgId: MERR-17999]
End auto log messages stack.	[MsgId: MMSG-10544]


Start auto log messages stack - Iteration 4.	[MsgId: MMSG-10545]
Action.c(1475): web_reg_save_param started  	[MsgId: MMSG-26355]
Action.c(1475): Registering web_reg_save_param was successful  	[MsgId: MMSG-26390]
Action.c(1480): Notify: Transaction "SetTheHoldingTime" started.	[MsgId: MMSG-16999]
Action.c(1482): web_custom_request("SetHoldingTime") started  	[MsgId: MMSG-26355]
Action.c(1482): HTML parsing not performed for Content-Type "application/json" ("ParseHtmlContentType" Run-Time Setting is "TEXT"). URL="http://10.184.129.108/webapi/api/worklist/UpdateStatusByAccessionNumber"  	[MsgId: MMSG-26548]
Action.c(1482): web_custom_request("SetHoldingTime") was successful, 50 body bytes, 258 header bytes  	[MsgId: MMSG-26386]
Action.c(1492): Notify: Transaction "SetTheHoldingTime" ended with a "Pass" status (Duration: 0.1789 Wasted Time: 0.0000).	[MsgId: MMSG-16871]
The result is:  false	[MsgId: MMSG-17999]
Action.c(1498): Error: SetTheHoldingTime fail	[MsgId: MERR-17999]
End auto log messages stack.	[MsgId: MMSG-10544]


