Start auto log messages stack - Iteration 1.	[MsgId: MMSG-10545]
Action.c(96): Registering web_reg_save_param was successful  	[MsgId: MMSG-26390]
Action.c(101): web_reg_save_param started  	[MsgId: MMSG-26355]
Action.c(101): Registering web_reg_save_param was successful  	[MsgId: MMSG-26390]
Action.c(106): web_reg_save_param started  	[MsgId: MMSG-26355]
Action.c(106): Registering web_reg_save_param was successful  	[MsgId: MMSG-26390]
Action.c(111): Notify: Transaction "User_login" started.	[MsgId: MMSG-16999]
Action.c(113): web_custom_request("login") started  	[MsgId: MMSG-26355]
Action.c(113): HTML parsing not performed for Content-Type "application/json" ("ParseHtmlContentType" Run-Time Setting is "TEXT"). URL="http://10.184.129.208/Platform/account/login"  	[MsgId: MMSG-26548]
Action.c(113): Error -26377: No match found for the requested parameter "ApiToken". Either the specified boundaries were not found in the response or the matched text is longer than current max html parameter size of 900000 bytes. The total length of the response is 82 bytes. You can use "web_set_max_html_param_len" to increase the max parameter size.  	[MsgId: MERR-26377]
Action.c(113): Error -26377: No match found for the requested parameter "AspToken". Either the specified boundaries were not found in the response or the matched text is longer than current max html parameter size of 900000 bytes. The total length of the response is 82 bytes. You can use "web_set_max_html_param_len" to increase the max parameter size.  	[MsgId: MERR-26377]
Action.c(113): Error -26377: No match found for the requested parameter "access_token". Either the specified boundaries were not found in the response or the matched text is longer than current max html parameter size of 900000 bytes. The total length of the response is 82 bytes. You can use "web_set_max_html_param_len" to increase the max parameter size.  	[MsgId: MERR-26377]
End auto log messages stack.	[MsgId: MMSG-10544]


Start auto log messages stack - Iteration 1.	[MsgId: MMSG-10545]
Action.c(96): Registering web_reg_save_param was successful  	[MsgId: MMSG-26390]
Action.c(101): web_reg_save_param started  	[MsgId: MMSG-26355]
Action.c(101): Registering web_reg_save_param was successful  	[MsgId: MMSG-26390]
Action.c(106): web_reg_save_param started  	[MsgId: MMSG-26355]
Action.c(106): Registering web_reg_save_param was successful  	[MsgId: MMSG-26390]
Action.c(111): Notify: Transaction "User_login" started.	[MsgId: MMSG-16999]
Action.c(113): web_custom_request("login") started  	[MsgId: MMSG-26355]
Action.c(113): HTML parsing not performed for Content-Type "application/json" ("ParseHtmlContentType" Run-Time Setting is "TEXT"). URL="http://10.184.129.208/Platform/account/login"  	[MsgId: MMSG-26548]
Action.c(113): Error -26377: No match found for the requested parameter "ApiToken". Either the specified boundaries were not found in the response or the matched text is longer than current max html parameter size of 900000 bytes. The total length of the response is 82 bytes. You can use "web_set_max_html_param_len" to increase the max parameter size.  	[MsgId: MERR-26377]
Action.c(113): Error -26377: No match found for the requested parameter "AspToken". Either the specified boundaries were not found in the response or the matched text is longer than current max html parameter size of 900000 bytes. The total length of the response is 82 bytes. You can use "web_set_max_html_param_len" to increase the max parameter size.  	[MsgId: MERR-26377]
Action.c(113): Error -26377: No match found for the requested parameter "access_token". Either the specified boundaries were not found in the response or the matched text is longer than current max html parameter size of 900000 bytes. The total length of the response is 82 bytes. You can use "web_set_max_html_param_len" to increase the max parameter size.  	[MsgId: MERR-26377]
End auto log messages stack.	[MsgId: MMSG-10544]


Start auto log messages stack - Iteration 2.	[MsgId: MMSG-10545]
Action.c(96): Registering web_reg_save_param was successful  	[MsgId: MMSG-26390]
Action.c(101): web_reg_save_param started  	[MsgId: MMSG-26355]
Action.c(101): Registering web_reg_save_param was successful  	[MsgId: MMSG-26390]
Action.c(106): web_reg_save_param started  	[MsgId: MMSG-26355]
Action.c(106): Registering web_reg_save_param was successful  	[MsgId: MMSG-26390]
Action.c(111): Notify: Transaction "User_login" started.	[MsgId: MMSG-16999]
Action.c(113): web_custom_request("login") started  	[MsgId: MMSG-26355]
Action.c(113): HTML parsing not performed for Content-Type "application/json" ("ParseHtmlContentType" Run-Time Setting is "TEXT"). URL="http://10.184.129.208/Platform/account/login"  	[MsgId: MMSG-26548]
Action.c(113): Error -26377: No match found for the requested parameter "ApiToken". Either the specified boundaries were not found in the response or the matched text is longer than current max html parameter size of 900000 bytes. The total length of the response is 82 bytes. You can use "web_set_max_html_param_len" to increase the max parameter size.  	[MsgId: MERR-26377]
Action.c(113): Error -26377: No match found for the requested parameter "AspToken". Either the specified boundaries were not found in the response or the matched text is longer than current max html parameter size of 900000 bytes. The total length of the response is 82 bytes. You can use "web_set_max_html_param_len" to increase the max parameter size.  	[MsgId: MERR-26377]
Action.c(113): Error -26377: No match found for the requested parameter "access_token". Either the specified boundaries were not found in the response or the matched text is longer than current max html parameter size of 900000 bytes. The total length of the response is 82 bytes. You can use "web_set_max_html_param_len" to increase the max parameter size.  	[MsgId: MERR-26377]
End auto log messages stack.	[MsgId: MMSG-10544]


Start auto log messages stack - Iteration 2.	[MsgId: MMSG-10545]
Action.c(96): Registering web_reg_save_param was successful  	[MsgId: MMSG-26390]
Action.c(101): web_reg_save_param started  	[MsgId: MMSG-26355]
Action.c(101): Registering web_reg_save_param was successful  	[MsgId: MMSG-26390]
Action.c(106): web_reg_save_param started  	[MsgId: MMSG-26355]
Action.c(106): Registering web_reg_save_param was successful  	[MsgId: MMSG-26390]
Action.c(111): Notify: Transaction "User_login" started.	[MsgId: MMSG-16999]
Action.c(113): web_custom_request("login") started  	[MsgId: MMSG-26355]
Action.c(113): HTML parsing not performed for Content-Type "application/json" ("ParseHtmlContentType" Run-Time Setting is "TEXT"). URL="http://10.184.129.208/Platform/account/login"  	[MsgId: MMSG-26548]
Action.c(113): Error -26377: No match found for the requested parameter "ApiToken". Either the specified boundaries were not found in the response or the matched text is longer than current max html parameter size of 900000 bytes. The total length of the response is 82 bytes. You can use "web_set_max_html_param_len" to increase the max parameter size.  	[MsgId: MERR-26377]
Action.c(113): Error -26377: No match found for the requested parameter "AspToken". Either the specified boundaries were not found in the response or the matched text is longer than current max html parameter size of 900000 bytes. The total length of the response is 82 bytes. You can use "web_set_max_html_param_len" to increase the max parameter size.  	[MsgId: MERR-26377]
Action.c(113): Error -26377: No match found for the requested parameter "access_token". Either the specified boundaries were not found in the response or the matched text is longer than current max html parameter size of 900000 bytes. The total length of the response is 82 bytes. You can use "web_set_max_html_param_len" to increase the max parameter size.  	[MsgId: MERR-26377]
End auto log messages stack.	[MsgId: MMSG-10544]


Start auto log messages stack - Iteration 1.	[MsgId: MMSG-10545]
Action.c(96): Registering web_reg_save_param was successful  	[MsgId: MMSG-26390]
Action.c(101): web_reg_save_param started  	[MsgId: MMSG-26355]
Action.c(101): Registering web_reg_save_param was successful  	[MsgId: MMSG-26390]
Action.c(106): web_reg_save_param started  	[MsgId: MMSG-26355]
Action.c(106): Registering web_reg_save_param was successful  	[MsgId: MMSG-26390]
Action.c(111): Notify: Transaction "User_login" started.	[MsgId: MMSG-16999]
Action.c(113): web_custom_request("login") started  	[MsgId: MMSG-26355]
Action.c(113): HTML parsing not performed for Content-Type "application/json" ("ParseHtmlContentType" Run-Time Setting is "TEXT"). URL="http://10.184.129.208/Platform/account/login"  	[MsgId: MMSG-26548]
Action.c(113): Error -26377: No match found for the requested parameter "ApiToken". Either the specified boundaries were not found in the response or the matched text is longer than current max html parameter size of 900000 bytes. The total length of the response is 82 bytes. You can use "web_set_max_html_param_len" to increase the max parameter size.  	[MsgId: MERR-26377]
Action.c(113): Error -26377: No match found for the requested parameter "AspToken". Either the specified boundaries were not found in the response or the matched text is longer than current max html parameter size of 900000 bytes. The total length of the response is 82 bytes. You can use "web_set_max_html_param_len" to increase the max parameter size.  	[MsgId: MERR-26377]
Action.c(113): Error -26377: No match found for the requested parameter "access_token". Either the specified boundaries were not found in the response or the matched text is longer than current max html parameter size of 900000 bytes. The total length of the response is 82 bytes. You can use "web_set_max_html_param_len" to increase the max parameter size.  	[MsgId: MERR-26377]
End auto log messages stack.	[MsgId: MMSG-10544]


Start auto log messages stack - Iteration 1.	[MsgId: MMSG-10545]
Action.c(96): Registering web_reg_save_param was successful  	[MsgId: MMSG-26390]
Action.c(101): web_reg_save_param started  	[MsgId: MMSG-26355]
Action.c(101): Registering web_reg_save_param was successful  	[MsgId: MMSG-26390]
Action.c(106): web_reg_save_param started  	[MsgId: MMSG-26355]
Action.c(106): Registering web_reg_save_param was successful  	[MsgId: MMSG-26390]
Action.c(111): Notify: Transaction "User_login" started.	[MsgId: MMSG-16999]
Action.c(113): web_custom_request("login") started  	[MsgId: MMSG-26355]
Action.c(113): HTML parsing not performed for Content-Type "application/json" ("ParseHtmlContentType" Run-Time Setting is "TEXT"). URL="http://10.184.129.208/Platform/account/login"  	[MsgId: MMSG-26548]
Action.c(113): Error -26377: No match found for the requested parameter "ApiToken". Either the specified boundaries were not found in the response or the matched text is longer than current max html parameter size of 900000 bytes. The total length of the response is 82 bytes. You can use "web_set_max_html_param_len" to increase the max parameter size.  	[MsgId: MERR-26377]
Action.c(113): Error -26377: No match found for the requested parameter "AspToken". Either the specified boundaries were not found in the response or the matched text is longer than current max html parameter size of 900000 bytes. The total length of the response is 82 bytes. You can use "web_set_max_html_param_len" to increase the max parameter size.  	[MsgId: MERR-26377]
Action.c(113): Error -26377: No match found for the requested parameter "access_token". Either the specified boundaries were not found in the response or the matched text is longer than current max html parameter size of 900000 bytes. The total length of the response is 82 bytes. You can use "web_set_max_html_param_len" to increase the max parameter size.  	[MsgId: MERR-26377]
End auto log messages stack.	[MsgId: MMSG-10544]


Start auto log messages stack - Iteration 3.	[MsgId: MMSG-10545]
Action.c(96): Registering web_reg_save_param was successful  	[MsgId: MMSG-26390]
Action.c(101): web_reg_save_param started  	[MsgId: MMSG-26355]
Action.c(101): Registering web_reg_save_param was successful  	[MsgId: MMSG-26390]
Action.c(106): web_reg_save_param started  	[MsgId: MMSG-26355]
Action.c(106): Registering web_reg_save_param was successful  	[MsgId: MMSG-26390]
Action.c(111): Notify: Transaction "User_login" started.	[MsgId: MMSG-16999]
Action.c(113): web_custom_request("login") started  	[MsgId: MMSG-26355]
Action.c(113): HTML parsing not performed for Content-Type "application/json" ("ParseHtmlContentType" Run-Time Setting is "TEXT"). URL="http://10.184.129.208/Platform/account/login"  	[MsgId: MMSG-26548]
Action.c(113): Error -26377: No match found for the requested parameter "ApiToken". Either the specified boundaries were not found in the response or the matched text is longer than current max html parameter size of 900000 bytes. The total length of the response is 82 bytes. You can use "web_set_max_html_param_len" to increase the max parameter size.  	[MsgId: MERR-26377]
Action.c(113): Error -26377: No match found for the requested parameter "AspToken". Either the specified boundaries were not found in the response or the matched text is longer than current max html parameter size of 900000 bytes. The total length of the response is 82 bytes. You can use "web_set_max_html_param_len" to increase the max parameter size.  	[MsgId: MERR-26377]
Action.c(113): Error -26377: No match found for the requested parameter "access_token". Either the specified boundaries were not found in the response or the matched text is longer than current max html parameter size of 900000 bytes. The total length of the response is 82 bytes. You can use "web_set_max_html_param_len" to increase the max parameter size.  	[MsgId: MERR-26377]
End auto log messages stack.	[MsgId: MMSG-10544]


Start auto log messages stack - Iteration 3.	[MsgId: MMSG-10545]
Action.c(96): Registering web_reg_save_param was successful  	[MsgId: MMSG-26390]
Action.c(101): web_reg_save_param started  	[MsgId: MMSG-26355]
Action.c(101): Registering web_reg_save_param was successful  	[MsgId: MMSG-26390]
Action.c(106): web_reg_save_param started  	[MsgId: MMSG-26355]
Action.c(106): Registering web_reg_save_param was successful  	[MsgId: MMSG-26390]
Action.c(111): Notify: Transaction "User_login" started.	[MsgId: MMSG-16999]
Action.c(113): web_custom_request("login") started  	[MsgId: MMSG-26355]
Action.c(113): HTML parsing not performed for Content-Type "application/json" ("ParseHtmlContentType" Run-Time Setting is "TEXT"). URL="http://10.184.129.208/Platform/account/login"  	[MsgId: MMSG-26548]
Action.c(113): Error -26377: No match found for the requested parameter "ApiToken". Either the specified boundaries were not found in the response or the matched text is longer than current max html parameter size of 900000 bytes. The total length of the response is 82 bytes. You can use "web_set_max_html_param_len" to increase the max parameter size.  	[MsgId: MERR-26377]
Action.c(113): Error -26377: No match found for the requested parameter "AspToken". Either the specified boundaries were not found in the response or the matched text is longer than current max html parameter size of 900000 bytes. The total length of the response is 82 bytes. You can use "web_set_max_html_param_len" to increase the max parameter size.  	[MsgId: MERR-26377]
Action.c(113): Error -26377: No match found for the requested parameter "access_token". Either the specified boundaries were not found in the response or the matched text is longer than current max html parameter size of 900000 bytes. The total length of the response is 82 bytes. You can use "web_set_max_html_param_len" to increase the max parameter size.  	[MsgId: MERR-26377]
End auto log messages stack.	[MsgId: MMSG-10544]


Start auto log messages stack - Iteration 2.	[MsgId: MMSG-10545]
Action.c(96): Registering web_reg_save_param was successful  	[MsgId: MMSG-26390]
Action.c(101): web_reg_save_param started  	[MsgId: MMSG-26355]
Action.c(101): Registering web_reg_save_param was successful  	[MsgId: MMSG-26390]
Action.c(106): web_reg_save_param started  	[MsgId: MMSG-26355]
Action.c(106): Registering web_reg_save_param was successful  	[MsgId: MMSG-26390]
Action.c(111): Notify: Transaction "User_login" started.	[MsgId: MMSG-16999]
Action.c(113): web_custom_request("login") started  	[MsgId: MMSG-26355]
Action.c(113): HTML parsing not performed for Content-Type "application/json" ("ParseHtmlContentType" Run-Time Setting is "TEXT"). URL="http://10.184.129.208/Platform/account/login"  	[MsgId: MMSG-26548]
Action.c(113): Error -26377: No match found for the requested parameter "ApiToken". Either the specified boundaries were not found in the response or the matched text is longer than current max html parameter size of 900000 bytes. The total length of the response is 82 bytes. You can use "web_set_max_html_param_len" to increase the max parameter size.  	[MsgId: MERR-26377]
Action.c(113): Error -26377: No match found for the requested parameter "AspToken". Either the specified boundaries were not found in the response or the matched text is longer than current max html parameter size of 900000 bytes. The total length of the response is 82 bytes. You can use "web_set_max_html_param_len" to increase the max parameter size.  	[MsgId: MERR-26377]
Action.c(113): Error -26377: No match found for the requested parameter "access_token". Either the specified boundaries were not found in the response or the matched text is longer than current max html parameter size of 900000 bytes. The total length of the response is 82 bytes. You can use "web_set_max_html_param_len" to increase the max parameter size.  	[MsgId: MERR-26377]
End auto log messages stack.	[MsgId: MMSG-10544]


Start auto log messages stack - Iteration 2.	[MsgId: MMSG-10545]
Action.c(96): Registering web_reg_save_param was successful  	[MsgId: MMSG-26390]
Action.c(101): web_reg_save_param started  	[MsgId: MMSG-26355]
Action.c(101): Registering web_reg_save_param was successful  	[MsgId: MMSG-26390]
Action.c(106): web_reg_save_param started  	[MsgId: MMSG-26355]
Action.c(106): Registering web_reg_save_param was successful  	[MsgId: MMSG-26390]
Action.c(111): Notify: Transaction "User_login" started.	[MsgId: MMSG-16999]
Action.c(113): web_custom_request("login") started  	[MsgId: MMSG-26355]
Action.c(113): HTML parsing not performed for Content-Type "application/json" ("ParseHtmlContentType" Run-Time Setting is "TEXT"). URL="http://10.184.129.208/Platform/account/login"  	[MsgId: MMSG-26548]
Action.c(113): Error -26377: No match found for the requested parameter "ApiToken". Either the specified boundaries were not found in the response or the matched text is longer than current max html parameter size of 900000 bytes. The total length of the response is 82 bytes. You can use "web_set_max_html_param_len" to increase the max parameter size.  	[MsgId: MERR-26377]
Action.c(113): Error -26377: No match found for the requested parameter "AspToken". Either the specified boundaries were not found in the response or the matched text is longer than current max html parameter size of 900000 bytes. The total length of the response is 82 bytes. You can use "web_set_max_html_param_len" to increase the max parameter size.  	[MsgId: MERR-26377]
Action.c(113): Error -26377: No match found for the requested parameter "access_token". Either the specified boundaries were not found in the response or the matched text is longer than current max html parameter size of 900000 bytes. The total length of the response is 82 bytes. You can use "web_set_max_html_param_len" to increase the max parameter size.  	[MsgId: MERR-26377]
End auto log messages stack.	[MsgId: MMSG-10544]


Start auto log messages stack - Iteration 1.	[MsgId: MMSG-10545]
Start auto log messages stack - Iteration 1.	[MsgId: MMSG-10545]
Action.c(96): Registering web_reg_save_param was successful  	[MsgId: MMSG-26390]
Action.c(101): web_reg_save_param started  	[MsgId: MMSG-26355]
Action.c(101): Registering web_reg_save_param was successful  	[MsgId: MMSG-26390]
Action.c(106): web_reg_save_param started  	[MsgId: MMSG-26355]
Action.c(106): Registering web_reg_save_param was successful  	[MsgId: MMSG-26390]
Action.c(111): Notify: Transaction "User_login" started.	[MsgId: MMSG-16999]
Action.c(113): web_custom_request("login") started  	[MsgId: MMSG-26355]
Action.c(113): HTML parsing not performed for Content-Type "application/json" ("ParseHtmlContentType" Run-Time Setting is "TEXT"). URL="http://10.184.129.208/Platform/account/login"  	[MsgId: MMSG-26548]
Action.c(96): Registering web_reg_save_param was successful  	[MsgId: MMSG-26390]
Action.c(101): web_reg_save_param started  	[MsgId: MMSG-26355]
Action.c(101): Registering web_reg_save_param was successful  	[MsgId: MMSG-26390]
Action.c(106): web_reg_save_param started  	[MsgId: MMSG-26355]
Action.c(106): Registering web_reg_save_param was successful  	[MsgId: MMSG-26390]
Action.c(111): Notify: Transaction "User_login" started.	[MsgId: MMSG-16999]
Action.c(113): web_custom_request("login") started  	[MsgId: MMSG-26355]
Action.c(113): HTML parsing not performed for Content-Type "application/json" ("ParseHtmlContentType" Run-Time Setting is "TEXT"). URL="http://10.184.129.208/Platform/account/login"  	[MsgId: MMSG-26548]
Action.c(113): Error -26377: No match found for the requested parameter "ApiToken". Either the specified boundaries were not found in the response or the matched text is longer than current max html parameter size of 900000 bytes. The total length of the response is 82 bytes. You can use "web_set_max_html_param_len" to increase the max parameter size.  	[MsgId: MERR-26377]
Action.c(113): Error -26377: No match found for the requested parameter "AspToken". Either the specified boundaries were not found in the response or the matched text is longer than current max html parameter size of 900000 bytes. The total length of the response is 82 bytes. You can use "web_set_max_html_param_len" to increase the max parameter size.  	[MsgId: MERR-26377]
Action.c(113): Error -26377: No match found for the requested parameter "access_token". Either the specified boundaries were not found in the response or the matched text is longer than current max html parameter size of 900000 bytes. The total length of the response is 82 bytes. You can use "web_set_max_html_param_len" to increase the max parameter size.  	[MsgId: MERR-26377]
End auto log messages stack.	[MsgId: MMSG-10544]


Action.c(113): Error -26377: No match found for the requested parameter "ApiToken". Either the specified boundaries were not found in the response or the matched text is longer than current max html parameter size of 900000 bytes. The total length of the response is 82 bytes. You can use "web_set_max_html_param_len" to increase the max parameter size.  	[MsgId: MERR-26377]
Action.c(113): Error -26377: No match found for the requested parameter "AspToken". Either the specified boundaries were not found in the response or the matched text is longer than current max html parameter size of 900000 bytes. The total length of the response is 82 bytes. You can use "web_set_max_html_param_len" to increase the max parameter size.  	[MsgId: MERR-26377]
Action.c(113): Error -26377: No match found for the requested parameter "access_token". Either the specified boundaries were not found in the response or the matched text is longer than current max html parameter size of 900000 bytes. The total length of the response is 82 bytes. You can use "web_set_max_html_param_len" to increase the max parameter size.  	[MsgId: MERR-26377]
End auto log messages stack.	[MsgId: MMSG-10544]


Start auto log messages stack - Iteration 4.	[MsgId: MMSG-10545]
Action.c(96): Registering web_reg_save_param was successful  	[MsgId: MMSG-26390]
Action.c(101): web_reg_save_param started  	[MsgId: MMSG-26355]
Action.c(101): Registering web_reg_save_param was successful  	[MsgId: MMSG-26390]
Action.c(106): web_reg_save_param started  	[MsgId: MMSG-26355]
Action.c(106): Registering web_reg_save_param was successful  	[MsgId: MMSG-26390]
Action.c(111): Notify: Transaction "User_login" started.	[MsgId: MMSG-16999]
Action.c(113): web_custom_request("login") started  	[MsgId: MMSG-26355]
Action.c(113): HTML parsing not performed for Content-Type "application/json" ("ParseHtmlContentType" Run-Time Setting is "TEXT"). URL="http://10.184.129.208/Platform/account/login"  	[MsgId: MMSG-26548]
Action.c(113): Error -26377: No match found for the requested parameter "ApiToken". Either the specified boundaries were not found in the response or the matched text is longer than current max html parameter size of 900000 bytes. The total length of the response is 82 bytes. You can use "web_set_max_html_param_len" to increase the max parameter size.  	[MsgId: MERR-26377]
Action.c(113): Error -26377: No match found for the requested parameter "AspToken". Either the specified boundaries were not found in the response or the matched text is longer than current max html parameter size of 900000 bytes. The total length of the response is 82 bytes. You can use "web_set_max_html_param_len" to increase the max parameter size.  	[MsgId: MERR-26377]
Action.c(113): Error -26377: No match found for the requested parameter "access_token". Either the specified boundaries were not found in the response or the matched text is longer than current max html parameter size of 900000 bytes. The total length of the response is 82 bytes. You can use "web_set_max_html_param_len" to increase the max parameter size.  	[MsgId: MERR-26377]
End auto log messages stack.	[MsgId: MMSG-10544]


Start auto log messages stack - Iteration 4.	[MsgId: MMSG-10545]
Action.c(96): Registering web_reg_save_param was successful  	[MsgId: MMSG-26390]
Action.c(101): web_reg_save_param started  	[MsgId: MMSG-26355]
Action.c(101): Registering web_reg_save_param was successful  	[MsgId: MMSG-26390]
Action.c(106): web_reg_save_param started  	[MsgId: MMSG-26355]
Action.c(106): Registering web_reg_save_param was successful  	[MsgId: MMSG-26390]
Action.c(111): Notify: Transaction "User_login" started.	[MsgId: MMSG-16999]
Action.c(113): web_custom_request("login") started  	[MsgId: MMSG-26355]
Action.c(113): HTML parsing not performed for Content-Type "application/json" ("ParseHtmlContentType" Run-Time Setting is "TEXT"). URL="http://10.184.129.208/Platform/account/login"  	[MsgId: MMSG-26548]
Action.c(113): Error -26377: No match found for the requested parameter "ApiToken". Either the specified boundaries were not found in the response or the matched text is longer than current max html parameter size of 900000 bytes. The total length of the response is 82 bytes. You can use "web_set_max_html_param_len" to increase the max parameter size.  	[MsgId: MERR-26377]
Action.c(113): Error -26377: No match found for the requested parameter "AspToken". Either the specified boundaries were not found in the response or the matched text is longer than current max html parameter size of 900000 bytes. The total length of the response is 82 bytes. You can use "web_set_max_html_param_len" to increase the max parameter size.  	[MsgId: MERR-26377]
Action.c(113): Error -26377: No match found for the requested parameter "access_token". Either the specified boundaries were not found in the response or the matched text is longer than current max html parameter size of 900000 bytes. The total length of the response is 82 bytes. You can use "web_set_max_html_param_len" to increase the max parameter size.  	[MsgId: MERR-26377]
End auto log messages stack.	[MsgId: MMSG-10544]


Start auto log messages stack - Iteration 3.	[MsgId: MMSG-10545]
Action.c(96): Registering web_reg_save_param was successful  	[MsgId: MMSG-26390]
Action.c(101): web_reg_save_param started  	[MsgId: MMSG-26355]
Action.c(101): Registering web_reg_save_param was successful  	[MsgId: MMSG-26390]
Action.c(106): web_reg_save_param started  	[MsgId: MMSG-26355]
Action.c(106): Registering web_reg_save_param was successful  	[MsgId: MMSG-26390]
Action.c(111): Notify: Transaction "User_login" started.	[MsgId: MMSG-16999]
Action.c(113): web_custom_request("login") started  	[MsgId: MMSG-26355]
Action.c(113): HTML parsing not performed for Content-Type "application/json" ("ParseHtmlContentType" Run-Time Setting is "TEXT"). URL="http://10.184.129.208/Platform/account/login"  	[MsgId: MMSG-26548]
Action.c(113): Error -26377: No match found for the requested parameter "ApiToken". Either the specified boundaries were not found in the response or the matched text is longer than current max html parameter size of 900000 bytes. The total length of the response is 82 bytes. You can use "web_set_max_html_param_len" to increase the max parameter size.  	[MsgId: MERR-26377]
Action.c(113): Error -26377: No match found for the requested parameter "AspToken". Either the specified boundaries were not found in the response or the matched text is longer than current max html parameter size of 900000 bytes. The total length of the response is 82 bytes. You can use "web_set_max_html_param_len" to increase the max parameter size.  	[MsgId: MERR-26377]
Action.c(113): Error -26377: No match found for the requested parameter "access_token". Either the specified boundaries were not found in the response or the matched text is longer than current max html parameter size of 900000 bytes. The total length of the response is 82 bytes. You can use "web_set_max_html_param_len" to increase the max parameter size.  	[MsgId: MERR-26377]
End auto log messages stack.	[MsgId: MMSG-10544]


Start auto log messages stack - Iteration 3.	[MsgId: MMSG-10545]
Action.c(96): Registering web_reg_save_param was successful  	[MsgId: MMSG-26390]
Action.c(101): web_reg_save_param started  	[MsgId: MMSG-26355]
Action.c(101): Registering web_reg_save_param was successful  	[MsgId: MMSG-26390]
Action.c(106): web_reg_save_param started  	[MsgId: MMSG-26355]
Action.c(106): Registering web_reg_save_param was successful  	[MsgId: MMSG-26390]
Action.c(111): Notify: Transaction "User_login" started.	[MsgId: MMSG-16999]
Action.c(113): web_custom_request("login") started  	[MsgId: MMSG-26355]
Action.c(113): HTML parsing not performed for Content-Type "application/json" ("ParseHtmlContentType" Run-Time Setting is "TEXT"). URL="http://10.184.129.208/Platform/account/login"  	[MsgId: MMSG-26548]
Action.c(113): Error -26377: No match found for the requested parameter "ApiToken". Either the specified boundaries were not found in the response or the matched text is longer than current max html parameter size of 900000 bytes. The total length of the response is 82 bytes. You can use "web_set_max_html_param_len" to increase the max parameter size.  	[MsgId: MERR-26377]
Action.c(113): Error -26377: No match found for the requested parameter "AspToken". Either the specified boundaries were not found in the response or the matched text is longer than current max html parameter size of 900000 bytes. The total length of the response is 82 bytes. You can use "web_set_max_html_param_len" to increase the max parameter size.  	[MsgId: MERR-26377]
Action.c(113): Error -26377: No match found for the requested parameter "access_token". Either the specified boundaries were not found in the response or the matched text is longer than current max html parameter size of 900000 bytes. The total length of the response is 82 bytes. You can use "web_set_max_html_param_len" to increase the max parameter size.  	[MsgId: MERR-26377]
End auto log messages stack.	[MsgId: MMSG-10544]


Start auto log messages stack - Iteration 2.	[MsgId: MMSG-10545]
Action.c(96): Registering web_reg_save_param was successful  	[MsgId: MMSG-26390]
Action.c(101): web_reg_save_param started  	[MsgId: MMSG-26355]
Action.c(101): Registering web_reg_save_param was successful  	[MsgId: MMSG-26390]
Action.c(106): web_reg_save_param started  	[MsgId: MMSG-26355]
Action.c(106): Registering web_reg_save_param was successful  	[MsgId: MMSG-26390]
Action.c(111): Notify: Transaction "User_login" started.	[MsgId: MMSG-16999]
Action.c(113): web_custom_request("login") started  	[MsgId: MMSG-26355]
Action.c(113): HTML parsing not performed for Content-Type "application/json" ("ParseHtmlContentType" Run-Time Setting is "TEXT"). URL="http://10.184.129.208/Platform/account/login"  	[MsgId: MMSG-26548]
Action.c(113): Error -26377: No match found for the requested parameter "ApiToken". Either the specified boundaries were not found in the response or the matched text is longer than current max html parameter size of 900000 bytes. The total length of the response is 82 bytes. You can use "web_set_max_html_param_len" to increase the max parameter size.  	[MsgId: MERR-26377]
Action.c(113): Error -26377: No match found for the requested parameter "AspToken". Either the specified boundaries were not found in the response or the matched text is longer than current max html parameter size of 900000 bytes. The total length of the response is 82 bytes. You can use "web_set_max_html_param_len" to increase the max parameter size.  	[MsgId: MERR-26377]
Action.c(113): Error -26377: No match found for the requested parameter "access_token". Either the specified boundaries were not found in the response or the matched text is longer than current max html parameter size of 900000 bytes. The total length of the response is 82 bytes. You can use "web_set_max_html_param_len" to increase the max parameter size.  	[MsgId: MERR-26377]
End auto log messages stack.	[MsgId: MMSG-10544]


Start auto log messages stack - Iteration 2.	[MsgId: MMSG-10545]
Action.c(96): Registering web_reg_save_param was successful  	[MsgId: MMSG-26390]
Action.c(101): web_reg_save_param started  	[MsgId: MMSG-26355]
Action.c(101): Registering web_reg_save_param was successful  	[MsgId: MMSG-26390]
Action.c(106): web_reg_save_param started  	[MsgId: MMSG-26355]
Action.c(106): Registering web_reg_save_param was successful  	[MsgId: MMSG-26390]
Action.c(111): Notify: Transaction "User_login" started.	[MsgId: MMSG-16999]
Action.c(113): web_custom_request("login") started  	[MsgId: MMSG-26355]
Action.c(113): HTML parsing not performed for Content-Type "application/json" ("ParseHtmlContentType" Run-Time Setting is "TEXT"). URL="http://10.184.129.208/Platform/account/login"  	[MsgId: MMSG-26548]
Action.c(113): Error -26377: No match found for the requested parameter "ApiToken". Either the specified boundaries were not found in the response or the matched text is longer than current max html parameter size of 900000 bytes. The total length of the response is 82 bytes. You can use "web_set_max_html_param_len" to increase the max parameter size.  	[MsgId: MERR-26377]
Action.c(113): Error -26377: No match found for the requested parameter "AspToken". Either the specified boundaries were not found in the response or the matched text is longer than current max html parameter size of 900000 bytes. The total length of the response is 82 bytes. You can use "web_set_max_html_param_len" to increase the max parameter size.  	[MsgId: MERR-26377]
Action.c(113): Error -26377: No match found for the requested parameter "access_token". Either the specified boundaries were not found in the response or the matched text is longer than current max html parameter size of 900000 bytes. The total length of the response is 82 bytes. You can use "web_set_max_html_param_len" to increase the max parameter size.  	[MsgId: MERR-26377]
End auto log messages stack.	[MsgId: MMSG-10544]


Start auto log messages stack - Iteration 5.	[MsgId: MMSG-10545]
Action.c(96): Registering web_reg_save_param was successful  	[MsgId: MMSG-26390]
Action.c(101): web_reg_save_param started  	[MsgId: MMSG-26355]
Action.c(101): Registering web_reg_save_param was successful  	[MsgId: MMSG-26390]
Action.c(106): web_reg_save_param started  	[MsgId: MMSG-26355]
Action.c(106): Registering web_reg_save_param was successful  	[MsgId: MMSG-26390]
Action.c(111): Notify: Transaction "User_login" started.	[MsgId: MMSG-16999]
Action.c(113): web_custom_request("login") started  	[MsgId: MMSG-26355]
Action.c(113): HTML parsing not performed for Content-Type "application/json" ("ParseHtmlContentType" Run-Time Setting is "TEXT"). URL="http://10.184.129.208/Platform/account/login"  	[MsgId: MMSG-26548]
Action.c(113): Error -26377: No match found for the requested parameter "ApiToken". Either the specified boundaries were not found in the response or the matched text is longer than current max html parameter size of 900000 bytes. The total length of the response is 82 bytes. You can use "web_set_max_html_param_len" to increase the max parameter size.  	[MsgId: MERR-26377]
Action.c(113): Error -26377: No match found for the requested parameter "AspToken". Either the specified boundaries were not found in the response or the matched text is longer than current max html parameter size of 900000 bytes. The total length of the response is 82 bytes. You can use "web_set_max_html_param_len" to increase the max parameter size.  	[MsgId: MERR-26377]
Action.c(113): Error -26377: No match found for the requested parameter "access_token". Either the specified boundaries were not found in the response or the matched text is longer than current max html parameter size of 900000 bytes. The total length of the response is 82 bytes. You can use "web_set_max_html_param_len" to increase the max parameter size.  	[MsgId: MERR-26377]
End auto log messages stack.	[MsgId: MMSG-10544]


Start auto log messages stack - Iteration 1.	[MsgId: MMSG-10545]
Action.c(96): Registering web_reg_save_param was successful  	[MsgId: MMSG-26390]
Action.c(101): web_reg_save_param started  	[MsgId: MMSG-26355]
Action.c(101): Registering web_reg_save_param was successful  	[MsgId: MMSG-26390]
Action.c(106): web_reg_save_param started  	[MsgId: MMSG-26355]
Action.c(106): Registering web_reg_save_param was successful  	[MsgId: MMSG-26390]
Action.c(111): Notify: Transaction "User_login" started.	[MsgId: MMSG-16999]
Action.c(113): web_custom_request("login") started  	[MsgId: MMSG-26355]
Action.c(113): HTML parsing not performed for Content-Type "application/json" ("ParseHtmlContentType" Run-Time Setting is "TEXT"). URL="http://10.184.129.208/Platform/account/login"  	[MsgId: MMSG-26548]
Start auto log messages stack - Iteration 1.	[MsgId: MMSG-10545]
Action.c(96): Registering web_reg_save_param was successful  	[MsgId: MMSG-26390]
Action.c(101): web_reg_save_param started  	[MsgId: MMSG-26355]
Action.c(101): Registering web_reg_save_param was successful  	[MsgId: MMSG-26390]
Action.c(106): web_reg_save_param started  	[MsgId: MMSG-26355]
Action.c(106): Registering web_reg_save_param was successful  	[MsgId: MMSG-26390]
Action.c(111): Notify: Transaction "User_login" started.	[MsgId: MMSG-16999]
Action.c(113): web_custom_request("login") started  	[MsgId: MMSG-26355]
Action.c(113): HTML parsing not performed for Content-Type "application/json" ("ParseHtmlContentType" Run-Time Setting is "TEXT"). URL="http://10.184.129.208/Platform/account/login"  	[MsgId: MMSG-26548]
Action.c(113): Error -26377: No match found for the requested parameter "ApiToken". Either the specified boundaries were not found in the response or the matched text is longer than current max html parameter size of 900000 bytes. The total length of the response is 82 bytes. You can use "web_set_max_html_param_len" to increase the max parameter size.  	[MsgId: MERR-26377]
Action.c(113): Error -26377: No match found for the requested parameter "AspToken". Either the specified boundaries were not found in the response or the matched text is longer than current max html parameter size of 900000 bytes. The total length of the response is 82 bytes. You can use "web_set_max_html_param_len" to increase the max parameter size.  	[MsgId: MERR-26377]
Action.c(113): Error -26377: No match found for the requested parameter "access_token". Either the specified boundaries were not found in the response or the matched text is longer than current max html parameter size of 900000 bytes. The total length of the response is 82 bytes. You can use "web_set_max_html_param_len" to increase the max parameter size.  	[MsgId: MERR-26377]
End auto log messages stack.	[MsgId: MMSG-10544]


Action.c(113): Error -26377: No match found for the requested parameter "ApiToken". Either the specified boundaries were not found in the response or the matched text is longer than current max html parameter size of 900000 bytes. The total length of the response is 82 bytes. You can use "web_set_max_html_param_len" to increase the max parameter size.  	[MsgId: MERR-26377]
Action.c(113): Error -26377: No match found for the requested parameter "AspToken". Either the specified boundaries were not found in the response or the matched text is longer than current max html parameter size of 900000 bytes. The total length of the response is 82 bytes. You can use "web_set_max_html_param_len" to increase the max parameter size.  	[MsgId: MERR-26377]
Action.c(113): Error -26377: No match found for the requested parameter "access_token". Either the specified boundaries were not found in the response or the matched text is longer than current max html parameter size of 900000 bytes. The total length of the response is 82 bytes. You can use "web_set_max_html_param_len" to increase the max parameter size.  	[MsgId: MERR-26377]
End auto log messages stack.	[MsgId: MMSG-10544]


Start auto log messages stack - Iteration 5.	[MsgId: MMSG-10545]
Action.c(96): Registering web_reg_save_param was successful  	[MsgId: MMSG-26390]
Action.c(101): web_reg_save_param started  	[MsgId: MMSG-26355]
Action.c(101): Registering web_reg_save_param was successful  	[MsgId: MMSG-26390]
Action.c(106): web_reg_save_param started  	[MsgId: MMSG-26355]
Action.c(106): Registering web_reg_save_param was successful  	[MsgId: MMSG-26390]
Action.c(111): Notify: Transaction "User_login" started.	[MsgId: MMSG-16999]
Action.c(113): web_custom_request("login") started  	[MsgId: MMSG-26355]
Action.c(113): HTML parsing not performed for Content-Type "application/json" ("ParseHtmlContentType" Run-Time Setting is "TEXT"). URL="http://10.184.129.208/Platform/account/login"  	[MsgId: MMSG-26548]
Action.c(113): Error -26377: No match found for the requested parameter "ApiToken". Either the specified boundaries were not found in the response or the matched text is longer than current max html parameter size of 900000 bytes. The total length of the response is 82 bytes. You can use "web_set_max_html_param_len" to increase the max parameter size.  	[MsgId: MERR-26377]
Action.c(113): Error -26377: No match found for the requested parameter "AspToken". Either the specified boundaries were not found in the response or the matched text is longer than current max html parameter size of 900000 bytes. The total length of the response is 82 bytes. You can use "web_set_max_html_param_len" to increase the max parameter size.  	[MsgId: MERR-26377]
Action.c(113): Error -26377: No match found for the requested parameter "access_token". Either the specified boundaries were not found in the response or the matched text is longer than current max html parameter size of 900000 bytes. The total length of the response is 82 bytes. You can use "web_set_max_html_param_len" to increase the max parameter size.  	[MsgId: MERR-26377]
End auto log messages stack.	[MsgId: MMSG-10544]


Start auto log messages stack - Iteration 4.	[MsgId: MMSG-10545]
Action.c(96): Registering web_reg_save_param was successful  	[MsgId: MMSG-26390]
Action.c(101): web_reg_save_param started  	[MsgId: MMSG-26355]
Action.c(101): Registering web_reg_save_param was successful  	[MsgId: MMSG-26390]
Action.c(106): web_reg_save_param started  	[MsgId: MMSG-26355]
Action.c(106): Registering web_reg_save_param was successful  	[MsgId: MMSG-26390]
Action.c(111): Notify: Transaction "User_login" started.	[MsgId: MMSG-16999]
Action.c(113): web_custom_request("login") started  	[MsgId: MMSG-26355]
Action.c(113): HTML parsing not performed for Content-Type "application/json" ("ParseHtmlContentType" Run-Time Setting is "TEXT"). URL="http://10.184.129.208/Platform/account/login"  	[MsgId: MMSG-26548]
Action.c(113): Error -26377: No match found for the requested parameter "ApiToken". Either the specified boundaries were not found in the response or the matched text is longer than current max html parameter size of 900000 bytes. The total length of the response is 82 bytes. You can use "web_set_max_html_param_len" to increase the max parameter size.  	[MsgId: MERR-26377]
Action.c(113): Error -26377: No match found for the requested parameter "AspToken". Either the specified boundaries were not found in the response or the matched text is longer than current max html parameter size of 900000 bytes. The total length of the response is 82 bytes. You can use "web_set_max_html_param_len" to increase the max parameter size.  	[MsgId: MERR-26377]
Action.c(113): Error -26377: No match found for the requested parameter "access_token". Either the specified boundaries were not found in the response or the matched text is longer than current max html parameter size of 900000 bytes. The total length of the response is 82 bytes. You can use "web_set_max_html_param_len" to increase the max parameter size.  	[MsgId: MERR-26377]
End auto log messages stack.	[MsgId: MMSG-10544]


Start auto log messages stack - Iteration 4.	[MsgId: MMSG-10545]
Action.c(96): Registering web_reg_save_param was successful  	[MsgId: MMSG-26390]
Action.c(101): web_reg_save_param started  	[MsgId: MMSG-26355]
Action.c(101): Registering web_reg_save_param was successful  	[MsgId: MMSG-26390]
Action.c(106): web_reg_save_param started  	[MsgId: MMSG-26355]
Action.c(106): Registering web_reg_save_param was successful  	[MsgId: MMSG-26390]
Action.c(111): Notify: Transaction "User_login" started.	[MsgId: MMSG-16999]
Action.c(113): web_custom_request("login") started  	[MsgId: MMSG-26355]
Action.c(113): HTML parsing not performed for Content-Type "application/json" ("ParseHtmlContentType" Run-Time Setting is "TEXT"). URL="http://10.184.129.208/Platform/account/login"  	[MsgId: MMSG-26548]
Action.c(113): Error -26377: No match found for the requested parameter "ApiToken". Either the specified boundaries were not found in the response or the matched text is longer than current max html parameter size of 900000 bytes. The total length of the response is 82 bytes. You can use "web_set_max_html_param_len" to increase the max parameter size.  	[MsgId: MERR-26377]
Action.c(113): Error -26377: No match found for the requested parameter "AspToken". Either the specified boundaries were not found in the response or the matched text is longer than current max html parameter size of 900000 bytes. The total length of the response is 82 bytes. You can use "web_set_max_html_param_len" to increase the max parameter size.  	[MsgId: MERR-26377]
Action.c(113): Error -26377: No match found for the requested parameter "access_token". Either the specified boundaries were not found in the response or the matched text is longer than current max html parameter size of 900000 bytes. The total length of the response is 82 bytes. You can use "web_set_max_html_param_len" to increase the max parameter size.  	[MsgId: MERR-26377]
End auto log messages stack.	[MsgId: MMSG-10544]


Start auto log messages stack - Iteration 3.	[MsgId: MMSG-10545]
Action.c(96): Registering web_reg_save_param was successful  	[MsgId: MMSG-26390]
Action.c(101): web_reg_save_param started  	[MsgId: MMSG-26355]
Action.c(101): Registering web_reg_save_param was successful  	[MsgId: MMSG-26390]
Action.c(106): web_reg_save_param started  	[MsgId: MMSG-26355]
Action.c(106): Registering web_reg_save_param was successful  	[MsgId: MMSG-26390]
Action.c(111): Notify: Transaction "User_login" started.	[MsgId: MMSG-16999]
Action.c(113): web_custom_request("login") started  	[MsgId: MMSG-26355]
Action.c(113): HTML parsing not performed for Content-Type "application/json" ("ParseHtmlContentType" Run-Time Setting is "TEXT"). URL="http://10.184.129.208/Platform/account/login"  	[MsgId: MMSG-26548]
Action.c(113): Error -26377: No match found for the requested parameter "ApiToken". Either the specified boundaries were not found in the response or the matched text is longer than current max html parameter size of 900000 bytes. The total length of the response is 82 bytes. You can use "web_set_max_html_param_len" to increase the max parameter size.  	[MsgId: MERR-26377]
Action.c(113): Error -26377: No match found for the requested parameter "AspToken". Either the specified boundaries were not found in the response or the matched text is longer than current max html parameter size of 900000 bytes. The total length of the response is 82 bytes. You can use "web_set_max_html_param_len" to increase the max parameter size.  	[MsgId: MERR-26377]
Action.c(113): Error -26377: No match found for the requested parameter "access_token". Either the specified boundaries were not found in the response or the matched text is longer than current max html parameter size of 900000 bytes. The total length of the response is 82 bytes. You can use "web_set_max_html_param_len" to increase the max parameter size.  	[MsgId: MERR-26377]
End auto log messages stack.	[MsgId: MMSG-10544]


Start auto log messages stack - Iteration 3.	[MsgId: MMSG-10545]
Action.c(96): Registering web_reg_save_param was successful  	[MsgId: MMSG-26390]
Action.c(101): web_reg_save_param started  	[MsgId: MMSG-26355]
Action.c(101): Registering web_reg_save_param was successful  	[MsgId: MMSG-26390]
Action.c(106): web_reg_save_param started  	[MsgId: MMSG-26355]
Action.c(106): Registering web_reg_save_param was successful  	[MsgId: MMSG-26390]
Action.c(111): Notify: Transaction "User_login" started.	[MsgId: MMSG-16999]
Action.c(113): web_custom_request("login") started  	[MsgId: MMSG-26355]
Action.c(113): HTML parsing not performed for Content-Type "application/json" ("ParseHtmlContentType" Run-Time Setting is "TEXT"). URL="http://10.184.129.208/Platform/account/login"  	[MsgId: MMSG-26548]
Action.c(113): Error -26377: No match found for the requested parameter "ApiToken". Either the specified boundaries were not found in the response or the matched text is longer than current max html parameter size of 900000 bytes. The total length of the response is 82 bytes. You can use "web_set_max_html_param_len" to increase the max parameter size.  	[MsgId: MERR-26377]
Action.c(113): Error -26377: No match found for the requested parameter "AspToken". Either the specified boundaries were not found in the response or the matched text is longer than current max html parameter size of 900000 bytes. The total length of the response is 82 bytes. You can use "web_set_max_html_param_len" to increase the max parameter size.  	[MsgId: MERR-26377]
Action.c(113): Error -26377: No match found for the requested parameter "access_token". Either the specified boundaries were not found in the response or the matched text is longer than current max html parameter size of 900000 bytes. The total length of the response is 82 bytes. You can use "web_set_max_html_param_len" to increase the max parameter size.  	[MsgId: MERR-26377]
End auto log messages stack.	[MsgId: MMSG-10544]


Start auto log messages stack - Iteration 6.	[MsgId: MMSG-10545]
Action.c(96): Registering web_reg_save_param was successful  	[MsgId: MMSG-26390]
Action.c(101): web_reg_save_param started  	[MsgId: MMSG-26355]
Action.c(101): Registering web_reg_save_param was successful  	[MsgId: MMSG-26390]
Action.c(106): web_reg_save_param started  	[MsgId: MMSG-26355]
Action.c(106): Registering web_reg_save_param was successful  	[MsgId: MMSG-26390]
Action.c(111): Notify: Transaction "User_login" started.	[MsgId: MMSG-16999]
Action.c(113): web_custom_request("login") started  	[MsgId: MMSG-26355]
Action.c(113): HTML parsing not performed for Content-Type "application/json" ("ParseHtmlContentType" Run-Time Setting is "TEXT"). URL="http://10.184.129.208/Platform/account/login"  	[MsgId: MMSG-26548]
Action.c(113): Error -26377: No match found for the requested parameter "ApiToken". Either the specified boundaries were not found in the response or the matched text is longer than current max html parameter size of 900000 bytes. The total length of the response is 82 bytes. You can use "web_set_max_html_param_len" to increase the max parameter size.  	[MsgId: MERR-26377]
Action.c(113): Error -26377: No match found for the requested parameter "AspToken". Either the specified boundaries were not found in the response or the matched text is longer than current max html parameter size of 900000 bytes. The total length of the response is 82 bytes. You can use "web_set_max_html_param_len" to increase the max parameter size.  	[MsgId: MERR-26377]
Action.c(113): Error -26377: No match found for the requested parameter "access_token". Either the specified boundaries were not found in the response or the matched text is longer than current max html parameter size of 900000 bytes. The total length of the response is 82 bytes. You can use "web_set_max_html_param_len" to increase the max parameter size.  	[MsgId: MERR-26377]
End auto log messages stack.	[MsgId: MMSG-10544]


Start auto log messages stack - Iteration 2.	[MsgId: MMSG-10545]
Action.c(96): Registering web_reg_save_param was successful  	[MsgId: MMSG-26390]
Action.c(101): web_reg_save_param started  	[MsgId: MMSG-26355]
Action.c(101): Registering web_reg_save_param was successful  	[MsgId: MMSG-26390]
Action.c(106): web_reg_save_param started  	[MsgId: MMSG-26355]
Action.c(106): Registering web_reg_save_param was successful  	[MsgId: MMSG-26390]
Action.c(111): Notify: Transaction "User_login" started.	[MsgId: MMSG-16999]
Action.c(113): web_custom_request("login") started  	[MsgId: MMSG-26355]
Action.c(113): HTML parsing not performed for Content-Type "application/json" ("ParseHtmlContentType" Run-Time Setting is "TEXT"). URL="http://10.184.129.208/Platform/account/login"  	[MsgId: MMSG-26548]
Action.c(113): Error -26377: No match found for the requested parameter "ApiToken". Either the specified boundaries were not found in the response or the matched text is longer than current max html parameter size of 900000 bytes. The total length of the response is 82 bytes. You can use "web_set_max_html_param_len" to increase the max parameter size.  	[MsgId: MERR-26377]
Action.c(113): Error -26377: No match found for the requested parameter "AspToken". Either the specified boundaries were not found in the response or the matched text is longer than current max html parameter size of 900000 bytes. The total length of the response is 82 bytes. You can use "web_set_max_html_param_len" to increase the max parameter size.  	[MsgId: MERR-26377]
Action.c(113): Error -26377: No match found for the requested parameter "access_token". Either the specified boundaries were not found in the response or the matched text is longer than current max html parameter size of 900000 bytes. The total length of the response is 82 bytes. You can use "web_set_max_html_param_len" to increase the max parameter size.  	[MsgId: MERR-26377]
End auto log messages stack.	[MsgId: MMSG-10544]


Start auto log messages stack - Iteration 2.	[MsgId: MMSG-10545]
Action.c(96): Registering web_reg_save_param was successful  	[MsgId: MMSG-26390]
Action.c(101): web_reg_save_param started  	[MsgId: MMSG-26355]
Action.c(101): Registering web_reg_save_param was successful  	[MsgId: MMSG-26390]
Action.c(106): web_reg_save_param started  	[MsgId: MMSG-26355]
Action.c(106): Registering web_reg_save_param was successful  	[MsgId: MMSG-26390]
Action.c(111): Notify: Transaction "User_login" started.	[MsgId: MMSG-16999]
Action.c(113): web_custom_request("login") started  	[MsgId: MMSG-26355]
Action.c(113): HTML parsing not performed for Content-Type "application/json" ("ParseHtmlContentType" Run-Time Setting is "TEXT"). URL="http://10.184.129.208/Platform/account/login"  	[MsgId: MMSG-26548]
Action.c(113): Error -26377: No match found for the requested parameter "ApiToken". Either the specified boundaries were not found in the response or the matched text is longer than current max html parameter size of 900000 bytes. The total length of the response is 82 bytes. You can use "web_set_max_html_param_len" to increase the max parameter size.  	[MsgId: MERR-26377]
Action.c(113): Error -26377: No match found for the requested parameter "AspToken". Either the specified boundaries were not found in the response or the matched text is longer than current max html parameter size of 900000 bytes. The total length of the response is 82 bytes. You can use "web_set_max_html_param_len" to increase the max parameter size.  	[MsgId: MERR-26377]
Action.c(113): Error -26377: No match found for the requested parameter "access_token". Either the specified boundaries were not found in the response or the matched text is longer than current max html parameter size of 900000 bytes. The total length of the response is 82 bytes. You can use "web_set_max_html_param_len" to increase the max parameter size.  	[MsgId: MERR-26377]
End auto log messages stack.	[MsgId: MMSG-10544]


Start auto log messages stack - Iteration 6.	[MsgId: MMSG-10545]
Action.c(96): Registering web_reg_save_param was successful  	[MsgId: MMSG-26390]
Action.c(101): web_reg_save_param started  	[MsgId: MMSG-26355]
Action.c(101): Registering web_reg_save_param was successful  	[MsgId: MMSG-26390]
Action.c(106): web_reg_save_param started  	[MsgId: MMSG-26355]
Action.c(106): Registering web_reg_save_param was successful  	[MsgId: MMSG-26390]
Action.c(111): Notify: Transaction "User_login" started.	[MsgId: MMSG-16999]
Action.c(113): web_custom_request("login") started  	[MsgId: MMSG-26355]
Action.c(113): HTML parsing not performed for Content-Type "application/json" ("ParseHtmlContentType" Run-Time Setting is "TEXT"). URL="http://10.184.129.208/Platform/account/login"  	[MsgId: MMSG-26548]
Action.c(113): Error -26377: No match found for the requested parameter "ApiToken". Either the specified boundaries were not found in the response or the matched text is longer than current max html parameter size of 900000 bytes. The total length of the response is 82 bytes. You can use "web_set_max_html_param_len" to increase the max parameter size.  	[MsgId: MERR-26377]
Action.c(113): Error -26377: No match found for the requested parameter "AspToken". Either the specified boundaries were not found in the response or the matched text is longer than current max html parameter size of 900000 bytes. The total length of the response is 82 bytes. You can use "web_set_max_html_param_len" to increase the max parameter size.  	[MsgId: MERR-26377]
Action.c(113): Error -26377: No match found for the requested parameter "access_token". Either the specified boundaries were not found in the response or the matched text is longer than current max html parameter size of 900000 bytes. The total length of the response is 82 bytes. You can use "web_set_max_html_param_len" to increase the max parameter size.  	[MsgId: MERR-26377]
End auto log messages stack.	[MsgId: MMSG-10544]


Start auto log messages stack - Iteration 5.	[MsgId: MMSG-10545]
Action.c(96): Registering web_reg_save_param was successful  	[MsgId: MMSG-26390]
Action.c(101): web_reg_save_param started  	[MsgId: MMSG-26355]
Action.c(101): Registering web_reg_save_param was successful  	[MsgId: MMSG-26390]
Action.c(106): web_reg_save_param started  	[MsgId: MMSG-26355]
Action.c(106): Registering web_reg_save_param was successful  	[MsgId: MMSG-26390]
Action.c(111): Notify: Transaction "User_login" started.	[MsgId: MMSG-16999]
Action.c(113): web_custom_request("login") started  	[MsgId: MMSG-26355]
Action.c(113): HTML parsing not performed for Content-Type "application/json" ("ParseHtmlContentType" Run-Time Setting is "TEXT"). URL="http://10.184.129.208/Platform/account/login"  	[MsgId: MMSG-26548]
Action.c(113): Error -26377: No match found for the requested parameter "ApiToken". Either the specified boundaries were not found in the response or the matched text is longer than current max html parameter size of 900000 bytes. The total length of the response is 82 bytes. You can use "web_set_max_html_param_len" to increase the max parameter size.  	[MsgId: MERR-26377]
Action.c(113): Error -26377: No match found for the requested parameter "AspToken". Either the specified boundaries were not found in the response or the matched text is longer than current max html parameter size of 900000 bytes. The total length of the response is 82 bytes. You can use "web_set_max_html_param_len" to increase the max parameter size.  	[MsgId: MERR-26377]
Action.c(113): Error -26377: No match found for the requested parameter "access_token". Either the specified boundaries were not found in the response or the matched text is longer than current max html parameter size of 900000 bytes. The total length of the response is 82 bytes. You can use "web_set_max_html_param_len" to increase the max parameter size.  	[MsgId: MERR-26377]
End auto log messages stack.	[MsgId: MMSG-10544]


Start auto log messages stack - Iteration 5.	[MsgId: MMSG-10545]
Action.c(96): Registering web_reg_save_param was successful  	[MsgId: MMSG-26390]
Action.c(101): web_reg_save_param started  	[MsgId: MMSG-26355]
Action.c(101): Registering web_reg_save_param was successful  	[MsgId: MMSG-26390]
Action.c(106): web_reg_save_param started  	[MsgId: MMSG-26355]
Action.c(106): Registering web_reg_save_param was successful  	[MsgId: MMSG-26390]
Action.c(111): Notify: Transaction "User_login" started.	[MsgId: MMSG-16999]
Action.c(113): web_custom_request("login") started  	[MsgId: MMSG-26355]
Action.c(113): HTML parsing not performed for Content-Type "application/json" ("ParseHtmlContentType" Run-Time Setting is "TEXT"). URL="http://10.184.129.208/Platform/account/login"  	[MsgId: MMSG-26548]
Action.c(113): Error -26377: No match found for the requested parameter "ApiToken". Either the specified boundaries were not found in the response or the matched text is longer than current max html parameter size of 900000 bytes. The total length of the response is 82 bytes. You can use "web_set_max_html_param_len" to increase the max parameter size.  	[MsgId: MERR-26377]
Action.c(113): Error -26377: No match found for the requested parameter "AspToken". Either the specified boundaries were not found in the response or the matched text is longer than current max html parameter size of 900000 bytes. The total length of the response is 82 bytes. You can use "web_set_max_html_param_len" to increase the max parameter size.  	[MsgId: MERR-26377]
Action.c(113): Error -26377: No match found for the requested parameter "access_token". Either the specified boundaries were not found in the response or the matched text is longer than current max html parameter size of 900000 bytes. The total length of the response is 82 bytes. You can use "web_set_max_html_param_len" to increase the max parameter size.  	[MsgId: MERR-26377]
End auto log messages stack.	[MsgId: MMSG-10544]


Start auto log messages stack - Iteration 1.	[MsgId: MMSG-10545]
Action.c(96): Registering web_reg_save_param was successful  	[MsgId: MMSG-26390]
Action.c(101): web_reg_save_param started  	[MsgId: MMSG-26355]
Action.c(101): Registering web_reg_save_param was successful  	[MsgId: MMSG-26390]
Action.c(106): web_reg_save_param started  	[MsgId: MMSG-26355]
Action.c(106): Registering web_reg_save_param was successful  	[MsgId: MMSG-26390]
Action.c(111): Notify: Transaction "User_login" started.	[MsgId: MMSG-16999]
Action.c(113): web_custom_request("login") started  	[MsgId: MMSG-26355]
Action.c(113): HTML parsing not performed for Content-Type "application/json" ("ParseHtmlContentType" Run-Time Setting is "TEXT"). URL="http://10.184.129.208/Platform/account/login"  	[MsgId: MMSG-26548]
Action.c(113): Error -26377: No match found for the requested parameter "ApiToken". Either the specified boundaries were not found in the response or the matched text is longer than current max html parameter size of 900000 bytes. The total length of the response is 82 bytes. You can use "web_set_max_html_param_len" to increase the max parameter size.  	[MsgId: MERR-26377]
Action.c(113): Error -26377: No match found for the requested parameter "AspToken". Either the specified boundaries were not found in the response or the matched text is longer than current max html parameter size of 900000 bytes. The total length of the response is 82 bytes. You can use "web_set_max_html_param_len" to increase the max parameter size.  	[MsgId: MERR-26377]
Action.c(113): Error -26377: No match found for the requested parameter "access_token". Either the specified boundaries were not found in the response or the matched text is longer than current max html parameter size of 900000 bytes. The total length of the response is 82 bytes. You can use "web_set_max_html_param_len" to increase the max parameter size.  	[MsgId: MERR-26377]
End auto log messages stack.	[MsgId: MMSG-10544]


Start auto log messages stack - Iteration 1.	[MsgId: MMSG-10545]
Action.c(96): Registering web_reg_save_param was successful  	[MsgId: MMSG-26390]
Action.c(101): web_reg_save_param started  	[MsgId: MMSG-26355]
Action.c(101): Registering web_reg_save_param was successful  	[MsgId: MMSG-26390]
Action.c(106): web_reg_save_param started  	[MsgId: MMSG-26355]
Action.c(106): Registering web_reg_save_param was successful  	[MsgId: MMSG-26390]
Action.c(111): Notify: Transaction "User_login" started.	[MsgId: MMSG-16999]
Action.c(113): web_custom_request("login") started  	[MsgId: MMSG-26355]
Action.c(113): HTML parsing not performed for Content-Type "application/json" ("ParseHtmlContentType" Run-Time Setting is "TEXT"). URL="http://10.184.129.208/Platform/account/login"  	[MsgId: MMSG-26548]
Action.c(113): Error -26377: No match found for the requested parameter "ApiToken". Either the specified boundaries were not found in the response or the matched text is longer than current max html parameter size of 900000 bytes. The total length of the response is 82 bytes. You can use "web_set_max_html_param_len" to increase the max parameter size.  	[MsgId: MERR-26377]
Action.c(113): Error -26377: No match found for the requested parameter "AspToken". Either the specified boundaries were not found in the response or the matched text is longer than current max html parameter size of 900000 bytes. The total length of the response is 82 bytes. You can use "web_set_max_html_param_len" to increase the max parameter size.  	[MsgId: MERR-26377]
Action.c(113): Error -26377: No match found for the requested parameter "access_token". Either the specified boundaries were not found in the response or the matched text is longer than current max html parameter size of 900000 bytes. The total length of the response is 82 bytes. You can use "web_set_max_html_param_len" to increase the max parameter size.  	[MsgId: MERR-26377]
End auto log messages stack.	[MsgId: MMSG-10544]


Start auto log messages stack - Iteration 4.	[MsgId: MMSG-10545]
Action.c(96): Registering web_reg_save_param was successful  	[MsgId: MMSG-26390]
Action.c(101): web_reg_save_param started  	[MsgId: MMSG-26355]
Action.c(101): Registering web_reg_save_param was successful  	[MsgId: MMSG-26390]
Action.c(106): web_reg_save_param started  	[MsgId: MMSG-26355]
Action.c(106): Registering web_reg_save_param was successful  	[MsgId: MMSG-26390]
Action.c(111): Notify: Transaction "User_login" started.	[MsgId: MMSG-16999]
Action.c(113): web_custom_request("login") started  	[MsgId: MMSG-26355]
Action.c(113): HTML parsing not performed for Content-Type "application/json" ("ParseHtmlContentType" Run-Time Setting is "TEXT"). URL="http://10.184.129.208/Platform/account/login"  	[MsgId: MMSG-26548]
Action.c(113): Error -26377: No match found for the requested parameter "ApiToken". Either the specified boundaries were not found in the response or the matched text is longer than current max html parameter size of 900000 bytes. The total length of the response is 82 bytes. You can use "web_set_max_html_param_len" to increase the max parameter size.  	[MsgId: MERR-26377]
Action.c(113): Error -26377: No match found for the requested parameter "AspToken". Either the specified boundaries were not found in the response or the matched text is longer than current max html parameter size of 900000 bytes. The total length of the response is 82 bytes. You can use "web_set_max_html_param_len" to increase the max parameter size.  	[MsgId: MERR-26377]
Action.c(113): Error -26377: No match found for the requested parameter "access_token". Either the specified boundaries were not found in the response or the matched text is longer than current max html parameter size of 900000 bytes. The total length of the response is 82 bytes. You can use "web_set_max_html_param_len" to increase the max parameter size.  	[MsgId: MERR-26377]
End auto log messages stack.	[MsgId: MMSG-10544]


Start auto log messages stack - Iteration 4.	[MsgId: MMSG-10545]
Action.c(96): Registering web_reg_save_param was successful  	[MsgId: MMSG-26390]
Action.c(101): web_reg_save_param started  	[MsgId: MMSG-26355]
Action.c(101): Registering web_reg_save_param was successful  	[MsgId: MMSG-26390]
Action.c(106): web_reg_save_param started  	[MsgId: MMSG-26355]
Action.c(106): Registering web_reg_save_param was successful  	[MsgId: MMSG-26390]
Action.c(111): Notify: Transaction "User_login" started.	[MsgId: MMSG-16999]
Action.c(113): web_custom_request("login") started  	[MsgId: MMSG-26355]
Action.c(113): HTML parsing not performed for Content-Type "application/json" ("ParseHtmlContentType" Run-Time Setting is "TEXT"). URL="http://10.184.129.208/Platform/account/login"  	[MsgId: MMSG-26548]
Action.c(113): Error -26377: No match found for the requested parameter "ApiToken". Either the specified boundaries were not found in the response or the matched text is longer than current max html parameter size of 900000 bytes. The total length of the response is 82 bytes. You can use "web_set_max_html_param_len" to increase the max parameter size.  	[MsgId: MERR-26377]
Action.c(113): Error -26377: No match found for the requested parameter "AspToken". Either the specified boundaries were not found in the response or the matched text is longer than current max html parameter size of 900000 bytes. The total length of the response is 82 bytes. You can use "web_set_max_html_param_len" to increase the max parameter size.  	[MsgId: MERR-26377]
Action.c(113): Error -26377: No match found for the requested parameter "access_token". Either the specified boundaries were not found in the response or the matched text is longer than current max html parameter size of 900000 bytes. The total length of the response is 82 bytes. You can use "web_set_max_html_param_len" to increase the max parameter size.  	[MsgId: MERR-26377]
End auto log messages stack.	[MsgId: MMSG-10544]


Start auto log messages stack - Iteration 7.	[MsgId: MMSG-10545]
Action.c(96): Registering web_reg_save_param was successful  	[MsgId: MMSG-26390]
Action.c(101): web_reg_save_param started  	[MsgId: MMSG-26355]
Action.c(101): Registering web_reg_save_param was successful  	[MsgId: MMSG-26390]
Action.c(106): web_reg_save_param started  	[MsgId: MMSG-26355]
Action.c(106): Registering web_reg_save_param was successful  	[MsgId: MMSG-26390]
Action.c(111): Notify: Transaction "User_login" started.	[MsgId: MMSG-16999]
Action.c(113): web_custom_request("login") started  	[MsgId: MMSG-26355]
Action.c(113): HTML parsing not performed for Content-Type "application/json" ("ParseHtmlContentType" Run-Time Setting is "TEXT"). URL="http://10.184.129.208/Platform/account/login"  	[MsgId: MMSG-26548]
Action.c(113): Error -26377: No match found for the requested parameter "ApiToken". Either the specified boundaries were not found in the response or the matched text is longer than current max html parameter size of 900000 bytes. The total length of the response is 82 bytes. You can use "web_set_max_html_param_len" to increase the max parameter size.  	[MsgId: MERR-26377]
Action.c(113): Error -26377: No match found for the requested parameter "AspToken". Either the specified boundaries were not found in the response or the matched text is longer than current max html parameter size of 900000 bytes. The total length of the response is 82 bytes. You can use "web_set_max_html_param_len" to increase the max parameter size.  	[MsgId: MERR-26377]
Action.c(113): Error -26377: No match found for the requested parameter "access_token". Either the specified boundaries were not found in the response or the matched text is longer than current max html parameter size of 900000 bytes. The total length of the response is 82 bytes. You can use "web_set_max_html_param_len" to increase the max parameter size.  	[MsgId: MERR-26377]
End auto log messages stack.	[MsgId: MMSG-10544]


Start auto log messages stack - Iteration 3.	[MsgId: MMSG-10545]
Action.c(96): Registering web_reg_save_param was successful  	[MsgId: MMSG-26390]
Action.c(101): web_reg_save_param started  	[MsgId: MMSG-26355]
Action.c(101): Registering web_reg_save_param was successful  	[MsgId: MMSG-26390]
Action.c(106): web_reg_save_param started  	[MsgId: MMSG-26355]
Action.c(106): Registering web_reg_save_param was successful  	[MsgId: MMSG-26390]
Action.c(111): Notify: Transaction "User_login" started.	[MsgId: MMSG-16999]
Action.c(113): web_custom_request("login") started  	[MsgId: MMSG-26355]
Action.c(113): HTML parsing not performed for Content-Type "application/json" ("ParseHtmlContentType" Run-Time Setting is "TEXT"). URL="http://10.184.129.208/Platform/account/login"  	[MsgId: MMSG-26548]
Action.c(113): Error -26377: No match found for the requested parameter "ApiToken". Either the specified boundaries were not found in the response or the matched text is longer than current max html parameter size of 900000 bytes. The total length of the response is 82 bytes. You can use "web_set_max_html_param_len" to increase the max parameter size.  	[MsgId: MERR-26377]
Action.c(113): Error -26377: No match found for the requested parameter "AspToken". Either the specified boundaries were not found in the response or the matched text is longer than current max html parameter size of 900000 bytes. The total length of the response is 82 bytes. You can use "web_set_max_html_param_len" to increase the max parameter size.  	[MsgId: MERR-26377]
Action.c(113): Error -26377: No match found for the requested parameter "access_token". Either the specified boundaries were not found in the response or the matched text is longer than current max html parameter size of 900000 bytes. The total length of the response is 82 bytes. You can use "web_set_max_html_param_len" to increase the max parameter size.  	[MsgId: MERR-26377]
End auto log messages stack.	[MsgId: MMSG-10544]


Start auto log messages stack - Iteration 3.	[MsgId: MMSG-10545]
Action.c(96): Registering web_reg_save_param was successful  	[MsgId: MMSG-26390]
Action.c(101): web_reg_save_param started  	[MsgId: MMSG-26355]
Action.c(101): Registering web_reg_save_param was successful  	[MsgId: MMSG-26390]
Action.c(106): web_reg_save_param started  	[MsgId: MMSG-26355]
Action.c(106): Registering web_reg_save_param was successful  	[MsgId: MMSG-26390]
Action.c(111): Notify: Transaction "User_login" started.	[MsgId: MMSG-16999]
Action.c(113): web_custom_request("login") started  	[MsgId: MMSG-26355]
Action.c(113): HTML parsing not performed for Content-Type "application/json" ("ParseHtmlContentType" Run-Time Setting is "TEXT"). URL="http://10.184.129.208/Platform/account/login"  	[MsgId: MMSG-26548]
Action.c(113): Error -26377: No match found for the requested parameter "ApiToken". Either the specified boundaries were not found in the response or the matched text is longer than current max html parameter size of 900000 bytes. The total length of the response is 82 bytes. You can use "web_set_max_html_param_len" to increase the max parameter size.  	[MsgId: MERR-26377]
Action.c(113): Error -26377: No match found for the requested parameter "AspToken". Either the specified boundaries were not found in the response or the matched text is longer than current max html parameter size of 900000 bytes. The total length of the response is 82 bytes. You can use "web_set_max_html_param_len" to increase the max parameter size.  	[MsgId: MERR-26377]
Action.c(113): Error -26377: No match found for the requested parameter "access_token". Either the specified boundaries were not found in the response or the matched text is longer than current max html parameter size of 900000 bytes. The total length of the response is 82 bytes. You can use "web_set_max_html_param_len" to increase the max parameter size.  	[MsgId: MERR-26377]
End auto log messages stack.	[MsgId: MMSG-10544]


