Action.c(144): Downloading resource "http://10.184.129.108/Platform/app-resources/i18n/zh-CN/terminalmonitor.json" (specified by argument number 101)  	[MsgId: MMSG-26577]
Action.c(144): Downloading resource "http://10.184.129.108/Platform/app-resources/i18n/zh-CN/worklist.json" (specified by argument number 103)  	[MsgId: MMSG-26577]
Action.c(144): Continuing after Error -26612: HTTP Status-Code=500 (Internal Server Error) for "http://10.184.129.108/Platform/Account/Login?ReturnUrl=%2FPlatform%2Fworkarea"  	[MsgId: MERR-26612]
Start auto log messages stack - Iteration 7.	[MsgId: MMSG-10545]
Start auto log messages stack - Iteration 4.	[MsgId: MMSG-10545]
Action.c(809): Notify: The 1st error message associated with transaction "worklist_query_Patient_PID" is "Error -26612: HTTP Status-Code=500 (Internal Server Error) for "http://10.184.129.108/webapi/api/worklist/searchWorklist""	[MsgId: MMSG-16819]
Action.c(809): Notify: The 1st error message associated with transaction "worklist_query_Patient_PID" is "Error -26612: HTTP Status-Code=500 (Internal Server Error) for "http://10.184.129.108/webapi/api/worklist/searchWorklist""	[MsgId: MMSG-16819]
Action.c(811): web_url("CheckLoginStatus_25") started  	[MsgId: MMSG-26355]
Action.c(811): web_url("CheckLoginStatus_25") started  	[MsgId: MMSG-26355]
Action.c(811): HTML parsing not performed for Content-Type "application/json" ("ParseHtmlContentType" Run-Time Setting is "TEXT"). URL="http://10.184.129.108/Platform/Account/CheckLoginStatus"  	[MsgId: MMSG-26548]
Action.c(811): HTML parsing not performed for Content-Type "application/json" ("ParseHtmlContentType" Run-Time Setting is "TEXT"). URL="http://10.184.129.108/Platform/Account/CheckLoginStatus"  	[MsgId: MMSG-26548]
Start auto log messages stack - Iteration 4.	[MsgId: MMSG-10545]
Start auto log messages stack - Iteration 8.	[MsgId: MMSG-10545]
Action.c(811): web_url("CheckLoginStatus_25") was successful, 4 body bytes, 251 header bytes  	[MsgId: MMSG-26386]
Start auto log messages stack - Iteration 5.	[MsgId: MMSG-10545]
Action.c(811): web_url("CheckLoginStatus_25") was successful, 4 body bytes, 251 header bytes  	[MsgId: MMSG-26386]
Start auto log messages stack - Iteration 7.	[MsgId: MMSG-10545]
Start auto log messages stack - Iteration 4.	[MsgId: MMSG-10545]
Action.c(819): lr_think_time: 5.00 seconds.	[MsgId: MMSG-15948]
Action.c(809): Notify: The 1st error message associated with transaction "worklist_query_Patient_PID" is "Error -26612: HTTP Status-Code=500 (Internal Server Error) for "http://10.184.129.108/webapi/api/worklist/searchWorklist""	[MsgId: MMSG-16819]
Action.c(819): lr_think_time: 5.00 seconds.	[MsgId: MMSG-15948]
Action.c(809): Notify: The 1st error message associated with transaction "worklist_query_Patient_PID" is "Error -26612: HTTP Status-Code=500 (Internal Server Error) for "http://10.184.129.108/webapi/api/worklist/searchWorklist""	[MsgId: MMSG-16819]
Action.c(822): Notify: Transaction "worklist_query_Patient_PatientName" started.	[MsgId: MMSG-16999]
Action.c(809): Notify: The 1st error message associated with transaction "worklist_query_Patient_PID" is "Error -26612: HTTP Status-Code=500 (Internal Server Error) for "http://10.184.129.108/webapi/api/worklist/searchWorklist""	[MsgId: MMSG-16819]
Action.c(822): Notify: Transaction "worklist_query_Patient_PatientName" started.	[MsgId: MMSG-16999]
Action.c(809): Notify: The 1st error message associated with transaction "worklist_query_Patient_PID" is "Error -26612: HTTP Status-Code=500 (Internal Server Error) for "http://10.184.129.108/webapi/api/worklist/searchWorklist""	[MsgId: MMSG-16819]
Action.c(811): web_url("CheckLoginStatus_25") started  	[MsgId: MMSG-26355]
Action.c(824): web_custom_request("worklist_query_Patient_PatientName") started  	[MsgId: MMSG-26355]
Start auto log messages stack - Iteration 6.	[MsgId: MMSG-10545]
Action.c(824): web_custom_request("worklist_query_Patient_PatientName") started  	[MsgId: MMSG-26355]
Action.c(811): web_url("CheckLoginStatus_25") started  	[MsgId: MMSG-26355]
Action.c(811): web_url("CheckLoginStatus_25") started  	[MsgId: MMSG-26355]
Action.c(811): HTML parsing not performed for Content-Type "application/json" ("ParseHtmlContentType" Run-Time Setting is "TEXT"). URL="http://10.184.129.108/Platform/Account/CheckLoginStatus"  	[MsgId: MMSG-26548]
Action.c(811): web_url("CheckLoginStatus_25") started  	[MsgId: MMSG-26355]
Action.c(824): Continuing after Error -26612: HTTP Status-Code=500 (Internal Server Error) for "http://10.184.129.108/webapi/api/worklist/searchWorklist"  	[MsgId: MERR-26612]
Action.c(824): Continuing after Error -26612: HTTP Status-Code=500 (Internal Server Error) for "http://10.184.129.108/webapi/api/worklist/searchWorklist"  	[MsgId: MERR-26612]
Action.c(811): HTML parsing not performed for Content-Type "application/json" ("ParseHtmlContentType" Run-Time Setting is "TEXT"). URL="http://10.184.129.108/Platform/Account/CheckLoginStatus"  	[MsgId: MMSG-26548]
Action.c(811): web_url("CheckLoginStatus_25") was successful, 4 body bytes, 251 header bytes  	[MsgId: MMSG-26386]
Action.c(811): HTML parsing not performed for Content-Type "application/json" ("ParseHtmlContentType" Run-Time Setting is "TEXT"). URL="http://10.184.129.108/Platform/Account/CheckLoginStatus"  	[MsgId: MMSG-26548]
Action.c(811): HTML parsing not performed for Content-Type "application/json" ("ParseHtmlContentType" Run-Time Setting is "TEXT"). URL="http://10.184.129.108/Platform/Account/CheckLoginStatus"  	[MsgId: MMSG-26548]
Action.c(809): Notify: The 1st error message associated with transaction "worklist_query_Patient_PID" is "Error -26612: HTTP Status-Code=500 (Internal Server Error) for "http://10.184.129.108/webapi/api/worklist/searchWorklist""	[MsgId: MMSG-16819]
Action.c(811): web_url("CheckLoginStatus_25") was successful, 4 body bytes, 251 header bytes  	[MsgId: MMSG-26386]
Action.c(819): lr_think_time: 5.00 seconds.	[MsgId: MMSG-15948]
Action.c(811): web_url("CheckLoginStatus_25") was successful, 4 body bytes, 251 header bytes  	[MsgId: MMSG-26386]
Action.c(811): web_url("CheckLoginStatus_25") was successful, 4 body bytes, 251 header bytes  	[MsgId: MMSG-26386]
Action.c(811): web_url("CheckLoginStatus_25") started  	[MsgId: MMSG-26355]
Action.c(819): lr_think_time: 5.00 seconds.	[MsgId: MMSG-15948]
Action.c(822): Notify: Transaction "worklist_query_Patient_PatientName" started.	[MsgId: MMSG-16999]
Action.c(819): lr_think_time: 5.00 seconds.	[MsgId: MMSG-15948]
Action.c(811): HTML parsing not performed for Content-Type "application/json" ("ParseHtmlContentType" Run-Time Setting is "TEXT"). URL="http://10.184.129.108/Platform/Account/CheckLoginStatus"  	[MsgId: MMSG-26548]
Action.c(824): web_custom_request("worklist_query_Patient_PatientName") started  	[MsgId: MMSG-26355]
Action.c(822): Notify: Transaction "worklist_query_Patient_PatientName" started.	[MsgId: MMSG-16999]
Action.c(822): Notify: Transaction "worklist_query_Patient_PatientName" started.	[MsgId: MMSG-16999]
Action.c(819): lr_think_time: 5.00 seconds.	[MsgId: MMSG-15948]
Action.c(824): Continuing after Error -26612: HTTP Status-Code=500 (Internal Server Error) for "http://10.184.129.108/webapi/api/worklist/searchWorklist"  	[MsgId: MERR-26612]
Action.c(824): web_custom_request("worklist_query_Patient_PatientName") started  	[MsgId: MMSG-26355]
Action.c(824): web_custom_request("worklist_query_Patient_PatientName") started  	[MsgId: MMSG-26355]
Action.c(824): Continuing after Error -26612: HTTP Status-Code=500 (Internal Server Error) for "http://10.184.129.108/webapi/api/worklist/searchWorklist"  	[MsgId: MERR-26612]
Action.c(824): Continuing after Error -26612: HTTP Status-Code=500 (Internal Server Error) for "http://10.184.129.108/webapi/api/worklist/searchWorklist"  	[MsgId: MERR-26612]
Action.c(809): Notify: The 1st error message associated with transaction "worklist_query_Patient_PID" is "Error -26612: HTTP Status-Code=500 (Internal Server Error) for "http://10.184.129.108/webapi/api/worklist/searchWorklist""	[MsgId: MMSG-16819]
Action.c(811): web_url("CheckLoginStatus_25") was successful, 4 body bytes, 251 header bytes  	[MsgId: MMSG-26386]
End auto log messages stack.	[MsgId: MMSG-10544]
Action.c(819): lr_think_time: 5.00 seconds.	[MsgId: MMSG-15948]


Action.c(811): web_url("CheckLoginStatus_25") started  	[MsgId: MMSG-26355]
Action.c(822): Notify: Transaction "worklist_query_Patient_PatientName" started.	[MsgId: MMSG-16999]
Action.c(811): HTML parsing not performed for Content-Type "application/json" ("ParseHtmlContentType" Run-Time Setting is "TEXT"). URL="http://10.184.129.108/Platform/Account/CheckLoginStatus"  	[MsgId: MMSG-26548]
Action.c(824): web_custom_request("worklist_query_Patient_PatientName") started  	[MsgId: MMSG-26355]
Action.c(811): web_url("CheckLoginStatus_25") was successful, 4 body bytes, 251 header bytes  	[MsgId: MMSG-26386]
Action.c(824): Continuing after Error -26612: HTTP Status-Code=500 (Internal Server Error) for "http://10.184.129.108/webapi/api/worklist/searchWorklist"  	[MsgId: MERR-26612]
End auto log messages stack.	[MsgId: MMSG-10544]
End auto log messages stack.	[MsgId: MMSG-10544]
Action.c(822): Notify: Transaction "worklist_query_Patient_PatientName" started.	[MsgId: MMSG-16999]
End auto log messages stack.	[MsgId: MMSG-10544]




Action.c(824): web_custom_request("worklist_query_Patient_PatientName") started  	[MsgId: MMSG-26355]


End auto log messages stack.	[MsgId: MMSG-10544]
Action.c(819): lr_think_time: 5.00 seconds.	[MsgId: MMSG-15948]
Action.c(824): Continuing after Error -26612: HTTP Status-Code=500 (Internal Server Error) for "http://10.184.129.108/webapi/api/worklist/searchWorklist"  	[MsgId: MERR-26612]


Action.c(822): Notify: Transaction "worklist_query_Patient_PatientName" started.	[MsgId: MMSG-16999]
Action.c(824): web_custom_request("worklist_query_Patient_PatientName") started  	[MsgId: MMSG-26355]
Action.c(824): Continuing after Error -26612: HTTP Status-Code=500 (Internal Server Error) for "http://10.184.129.108/webapi/api/worklist/searchWorklist"  	[MsgId: MERR-26612]
End auto log messages stack.	[MsgId: MMSG-10544]


End auto log messages stack.	[MsgId: MMSG-10544]


Start auto log messages stack - Iteration 7.	[MsgId: MMSG-10545]
End auto log messages stack.	[MsgId: MMSG-10544]
Start auto log messages stack - Iteration 6.	[MsgId: MMSG-10545]
Action.c(809): Notify: The 1st error message associated with transaction "worklist_query_Patient_PID" is "Error -26612: HTTP Status-Code=500 (Internal Server Error) for "http://10.184.129.108/webapi/api/worklist/searchWorklist""	[MsgId: MMSG-16819]
Action.c(809): Notify: The 1st error message associated with transaction "worklist_query_Patient_PID" is "Error -26612: HTTP Status-Code=500 (Internal Server Error) for "http://10.184.129.108/webapi/api/worklist/searchWorklist""	[MsgId: MMSG-16819]


Start auto log messages stack - Iteration 5.	[MsgId: MMSG-10545]
Action.c(811): web_url("CheckLoginStatus_25") started  	[MsgId: MMSG-26355]
Action.c(811): web_url("CheckLoginStatus_25") started  	[MsgId: MMSG-26355]
Action.c(811): HTML parsing not performed for Content-Type "application/json" ("ParseHtmlContentType" Run-Time Setting is "TEXT"). URL="http://10.184.129.108/Platform/Account/CheckLoginStatus"  	[MsgId: MMSG-26548]
Action.c(811): HTML parsing not performed for Content-Type "application/json" ("ParseHtmlContentType" Run-Time Setting is "TEXT"). URL="http://10.184.129.108/Platform/Account/CheckLoginStatus"  	[MsgId: MMSG-26548]
Action.c(811): web_url("CheckLoginStatus_25") was successful, 4 body bytes, 251 header bytes  	[MsgId: MMSG-26386]
Action.c(811): web_url("CheckLoginStatus_25") was successful, 4 body bytes, 251 header bytes  	[MsgId: MMSG-26386]
Action.c(819): lr_think_time: 5.00 seconds.	[MsgId: MMSG-15948]
Action.c(819): lr_think_time: 5.00 seconds.	[MsgId: MMSG-15948]
Action.c(822): Notify: Transaction "worklist_query_Patient_PatientName" started.	[MsgId: MMSG-16999]
Action.c(809): Notify: The 1st error message associated with transaction "worklist_query_Patient_PID" is "Error -26612: HTTP Status-Code=500 (Internal Server Error) for "http://10.184.129.108/webapi/api/worklist/searchWorklist""	[MsgId: MMSG-16819]
Action.c(822): Notify: Transaction "worklist_query_Patient_PatientName" started.	[MsgId: MMSG-16999]
Action.c(824): web_custom_request("worklist_query_Patient_PatientName") started  	[MsgId: MMSG-26355]
Action.c(824): web_custom_request("worklist_query_Patient_PatientName") started  	[MsgId: MMSG-26355]
Action.c(811): web_url("CheckLoginStatus_25") started  	[MsgId: MMSG-26355]
Action.c(824): Continuing after Error -26612: HTTP Status-Code=500 (Internal Server Error) for "http://10.184.129.108/webapi/api/worklist/searchWorklist"  	[MsgId: MERR-26612]
Action.c(824): Continuing after Error -26612: HTTP Status-Code=500 (Internal Server Error) for "http://10.184.129.108/webapi/api/worklist/searchWorklist"  	[MsgId: MERR-26612]
Action.c(811): HTML parsing not performed for Content-Type "application/json" ("ParseHtmlContentType" Run-Time Setting is "TEXT"). URL="http://10.184.129.108/Platform/Account/CheckLoginStatus"  	[MsgId: MMSG-26548]
Action.c(811): web_url("CheckLoginStatus_25") was successful, 4 body bytes, 251 header bytes  	[MsgId: MMSG-26386]
Action.c(819): lr_think_time: 5.00 seconds.	[MsgId: MMSG-15948]
Action.c(822): Notify: Transaction "worklist_query_Patient_PatientName" started.	[MsgId: MMSG-16999]
Action.c(824): web_custom_request("worklist_query_Patient_PatientName") started  	[MsgId: MMSG-26355]
Action.c(824): Continuing after Error -26612: HTTP Status-Code=500 (Internal Server Error) for "http://10.184.129.108/webapi/api/worklist/searchWorklist"  	[MsgId: MERR-26612]
End auto log messages stack.	[MsgId: MMSG-10544]
End auto log messages stack.	[MsgId: MMSG-10544]




End auto log messages stack.	[MsgId: MMSG-10544]


Start auto log messages stack - Iteration 9.	[MsgId: MMSG-10545]
Action.c(114): web_custom_request("login") highest severity level was "continue on error", 88 body bytes, 326 header bytes  	[MsgId: MMSG-26388]
Action.c(114): Continuing after error in Vuser script.	[MsgId: MMSG-10678]
Action.c(125): web_add_cookie started  	[MsgId: MMSG-26355]
Action.c(125): web_add_cookie was successful  	[MsgId: MMSG-26392]
Action.c(126): web_add_cookie started  	[MsgId: MMSG-26355]
Action.c(126): web_add_cookie was successful  	[MsgId: MMSG-26392]
Action.c(136): web_url("login_2") started  	[MsgId: MMSG-26355]
Action.c(136): Continuing after Error -26612: HTTP Status-Code=500 (Internal Server Error) for "http://10.184.129.108/Platform//account/login"  	[MsgId: MERR-26612]
End auto log messages stack.	[MsgId: MMSG-10544]


Start auto log messages stack - Iteration 9.	[MsgId: MMSG-10545]
Action.c(144): Downloading resource "http://10.184.129.108/Platform/app-resources/i18n/zh-CN/dicomviewer.json" (specified by argument number 95)  	[MsgId: MMSG-26577]
Action.c(144): Downloading resource "http://10.184.129.108/Platform/app-resources/i18n/zh-CN/reconciliation.json" (specified by argument number 97)  	[MsgId: MMSG-26577]
Action.c(144): Downloading resource "http://10.184.129.108/Platform/app-resources/i18n/zh-CN/statistics.json" (specified by argument number 99)  	[MsgId: MMSG-26577]
Action.c(144): Downloading resource "http://10.184.129.108/Platform/app-resources/i18n/zh-CN/terminalmonitor.json" (specified by argument number 101)  	[MsgId: MMSG-26577]
Action.c(144): Downloading resource "http://10.184.129.108/Platform/app-resources/i18n/zh-CN/worklist.json" (specified by argument number 103)  	[MsgId: MMSG-26577]
Action.c(144): Continuing after Error -26612: HTTP Status-Code=500 (Internal Server Error) for "http://10.184.129.108/Platform/Account/Login?ReturnUrl=%2FPlatform%2Fworkarea"  	[MsgId: MERR-26612]
End auto log messages stack.	[MsgId: MMSG-10544]


End auto log messages stack.	[MsgId: MMSG-10544]


End auto log messages stack.	[MsgId: MMSG-10544]


End auto log messages stack.	[MsgId: MMSG-10544]


Start auto log messages stack - Iteration 7.	[MsgId: MMSG-10545]
Action.c(204): web_add_auto_header("Authorization") highest severity level was "warning"  	[MsgId: MMSG-26391]
Action.c(206): web_reg_save_param started  	[MsgId: MMSG-26355]
Action.c(206): Registering web_reg_save_param was successful  	[MsgId: MMSG-26390]
Action.c(211): web_url("CheckLoginStatusByUser") started  	[MsgId: MMSG-26355]
Action.c(211): HTML parsing not performed for Content-Type "application/json" ("ParseHtmlContentType" Run-Time Setting is "TEXT"). URL="http://10.184.129.108/Platform/Account/CheckLoginStatus"  	[MsgId: MMSG-26548]
Action.c(211): web_url("CheckLoginStatusByUser") was successful, 5 body bytes, 251 header bytes  	[MsgId: MMSG-26386]
Action.c(223): Error: Login failed	[MsgId: MERR-17999]
End auto log messages stack.	[MsgId: MMSG-10544]


Start auto log messages stack - Iteration 7.	[MsgId: MMSG-10545]
Action.c(204): web_add_auto_header("Authorization") highest severity level was "warning"  	[MsgId: MMSG-26391]
Action.c(206): web_reg_save_param started  	[MsgId: MMSG-26355]
Action.c(206): Registering web_reg_save_param was successful  	[MsgId: MMSG-26390]
Action.c(211): web_url("CheckLoginStatusByUser") started  	[MsgId: MMSG-26355]
Action.c(211): HTML parsing not performed for Content-Type "application/json" ("ParseHtmlContentType" Run-Time Setting is "TEXT"). URL="http://10.184.129.108/Platform/Account/CheckLoginStatus"  	[MsgId: MMSG-26548]
Action.c(211): web_url("CheckLoginStatusByUser") was successful, 5 body bytes, 251 header bytes  	[MsgId: MMSG-26386]
Action.c(223): Error: Login failed	[MsgId: MERR-17999]
End auto log messages stack.	[MsgId: MMSG-10544]


Start auto log messages stack - Iteration 9.	[MsgId: MMSG-10545]
Start auto log messages stack - Iteration 9.	[MsgId: MMSG-10545]
Action.c(204): web_add_auto_header("Authorization") highest severity level was "warning"  	[MsgId: MMSG-26391]
Action.c(204): web_add_auto_header("Authorization") highest severity level was "warning"  	[MsgId: MMSG-26391]
Action.c(206): web_reg_save_param started  	[MsgId: MMSG-26355]
Action.c(206): web_reg_save_param started  	[MsgId: MMSG-26355]
Action.c(206): Registering web_reg_save_param was successful  	[MsgId: MMSG-26390]
Action.c(206): Registering web_reg_save_param was successful  	[MsgId: MMSG-26390]
Action.c(211): web_url("CheckLoginStatusByUser") started  	[MsgId: MMSG-26355]
Action.c(211): web_url("CheckLoginStatusByUser") started  	[MsgId: MMSG-26355]
Action.c(211): HTML parsing not performed for Content-Type "application/json" ("ParseHtmlContentType" Run-Time Setting is "TEXT"). URL="http://10.184.129.108/Platform/Account/CheckLoginStatus"  	[MsgId: MMSG-26548]
Action.c(211): HTML parsing not performed for Content-Type "application/json" ("ParseHtmlContentType" Run-Time Setting is "TEXT"). URL="http://10.184.129.108/Platform/Account/CheckLoginStatus"  	[MsgId: MMSG-26548]
Action.c(211): web_url("CheckLoginStatusByUser") was successful, 5 body bytes, 251 header bytes  	[MsgId: MMSG-26386]
Action.c(211): web_url("CheckLoginStatusByUser") was successful, 5 body bytes, 251 header bytes  	[MsgId: MMSG-26386]
Action.c(223): Error: Login failed	[MsgId: MERR-17999]
Action.c(223): Error: Login failed	[MsgId: MERR-17999]
End auto log messages stack.	[MsgId: MMSG-10544]


End auto log messages stack.	[MsgId: MMSG-10544]


End auto log messages stack.	[MsgId: MMSG-10544]


Start auto log messages stack - Iteration 9.	[MsgId: MMSG-10545]
Action.c(204): web_add_auto_header("Authorization") highest severity level was "warning"  	[MsgId: MMSG-26391]
Action.c(206): web_reg_save_param started  	[MsgId: MMSG-26355]
Action.c(206): Registering web_reg_save_param was successful  	[MsgId: MMSG-26390]
Action.c(211): web_url("CheckLoginStatusByUser") started  	[MsgId: MMSG-26355]
Action.c(211): HTML parsing not performed for Content-Type "application/json" ("ParseHtmlContentType" Run-Time Setting is "TEXT"). URL="http://10.184.129.108/Platform/Account/CheckLoginStatus"  	[MsgId: MMSG-26548]
Action.c(211): web_url("CheckLoginStatusByUser") was successful, 5 body bytes, 251 header bytes  	[MsgId: MMSG-26386]
Action.c(223): Error: Login failed	[MsgId: MERR-17999]
End auto log messages stack.	[MsgId: MMSG-10544]


Start auto log messages stack - Iteration 9.	[MsgId: MMSG-10545]
Action.c(1098): Notify: Transaction "SetStatusOfReportWithExpand_printed" started.	[MsgId: MMSG-16999]
Action.c(1100): web_custom_request("web_custom_request") started  	[MsgId: MMSG-26355]
Action.c(1100): HTML parsing not performed for Content-Type "application/json" ("ParseHtmlContentType" Run-Time Setting is "TEXT"). URL="http://10.184.129.108/webapi/api/worklist/UpdateStatusByStudyInstanceUID"  	[MsgId: MMSG-26548]
Action.c(1100): web_custom_request("web_custom_request") was successful, 546 body bytes, 259 header bytes  	[MsgId: MMSG-26386]
Action.c(1110): Notify: Transaction "SetStatusOfReportWithExpand_printed" ended with a "Pass" status (Duration: 0.2025 Wasted Time: 0.0000).	[MsgId: MMSG-16871]
The result is:  true	[MsgId: MMSG-17999]
Action.c(1119): lr_think_time: 5.00 seconds.	[MsgId: MMSG-15948]
Action.c(1121): web_url("CheckLoginStatus_25") started  	[MsgId: MMSG-26355]
Action.c(1121): Continuing after Error -26609: HTTP Status-Code=503 (Service Unavailable) for "http://10.184.129.108/Platform/Account/CheckLoginStatus"  	[MsgId: MERR-26609]
End auto log messages stack.	[MsgId: MMSG-10544]


Start auto log messages stack - Iteration 10.	[MsgId: MMSG-10545]
Action.c(1098): Notify: Transaction "SetStatusOfReportWithExpand_printed" started.	[MsgId: MMSG-16999]
Action.c(1100): web_custom_request("web_custom_request") started  	[MsgId: MMSG-26355]
Action.c(1100): HTML parsing not performed for Content-Type "application/json" ("ParseHtmlContentType" Run-Time Setting is "TEXT"). URL="http://10.184.129.108/webapi/api/worklist/UpdateStatusByStudyInstanceUID"  	[MsgId: MMSG-26548]
Action.c(1100): web_custom_request("web_custom_request") was successful, 546 body bytes, 259 header bytes  	[MsgId: MMSG-26386]
Action.c(1110): Notify: Transaction "SetStatusOfReportWithExpand_printed" ended with a "Pass" status (Duration: 0.2031 Wasted Time: 0.0000).	[MsgId: MMSG-16871]
The result is:  true	[MsgId: MMSG-17999]
Action.c(1119): lr_think_time: 5.00 seconds.	[MsgId: MMSG-15948]
Action.c(1121): web_url("CheckLoginStatus_25") started  	[MsgId: MMSG-26355]
Action.c(1121): Continuing after Error -26609: HTTP Status-Code=503 (Service Unavailable) for "http://10.184.129.108/Platform/Account/CheckLoginStatus"  	[MsgId: MERR-26609]
Start auto log messages stack - Iteration 9.	[MsgId: MMSG-10545]
Action.c(1121): web_url("CheckLoginStatus_25") highest severity level was "continue on error", 326 body bytes, 187 header bytes  	[MsgId: MMSG-26388]
Action.c(1121): Continuing after error in Vuser script.	[MsgId: MMSG-10678]
Action.c(1129): web_reg_save_param started  	[MsgId: MMSG-26355]
Action.c(1129): Registering web_reg_save_param was successful  	[MsgId: MMSG-26390]
Action.c(1134): Notify: Transaction "SetStatusOfReportWithExpand_NOTprinted" started.	[MsgId: MMSG-16999]
Action.c(1136): web_custom_request("web_custom_request") started  	[MsgId: MMSG-26355]
End auto log messages stack.	[MsgId: MMSG-10544]
Action.c(1136): Continuing after Error -26609: HTTP Status-Code=503 (Service Unavailable) for "http://10.184.129.108/webapi/api/worklist/UpdateStatusByStudyInstanceUID"  	[MsgId: MERR-26609]


Action.c(1136): Continuing after Error -26377: No match found for the requested parameter "SetStatusOfReportWithExpand_NOTprinted". Either the specified boundaries were not found in the response or the matched text is longer than current max html parameter size of 90000 bytes. The total length of the response is 326 bytes. You can use "web_set_max_html_param_len" to increase the max parameter size.  	[MsgId: MERR-26377]
End auto log messages stack.	[MsgId: MMSG-10544]


Start auto log messages stack - Iteration 9.	[MsgId: MMSG-10545]
Action.c(1136): Continuing after error in Vuser script.	[MsgId: MMSG-10678]
Action.c(1146): Notify: Transaction "SetStatusOfReportWithExpand_NOTprinted" ended with a "Fail" status (Duration: 0.2028 Wasted Time: 0.0000).	[MsgId: MMSG-16871]
Action.c(1146): Notify: Transaction "SetStatusOfReportWithExpand_NOTprinted" has 2 error message(s).	[MsgId: MMSG-16818]
Action.c(1146): Notify: The 1st error message associated with transaction "SetStatusOfReportWithExpand_NOTprinted" is "Error -26609: HTTP Status-Code=503 (Service Unavailable) for "http://10.184.129.108/webapi/api/worklist/UpdateStatusByStudyInstanceUID""	[MsgId: MMSG-16819]
Action.c(1146): Notify: The 2nd error message associated with transaction "SetStatusOfReportWithExpand_NOTprinted" is "Error -26377: No match found for the requested parameter "SetStatusOfReportWithExpand_NOTprinted". Either the specified boundaries were not found in the response or the matched text is longer than current max html parameter size of 90000 bytes. The total length of the response is 326 bytes. You can use "web_set_max_html_param_len" to increase the max parameter size."	[MsgId: MMSG-16819]
The result is:  	[MsgId: MMSG-17999]
Action.c(1152): Error: SetStatusOfReportWithExpand_NOTprinted fail	[MsgId: MERR-17999]
End auto log messages stack.	[MsgId: MMSG-10544]


Start auto log messages stack - Iteration 10.	[MsgId: MMSG-10545]
Action.c(1121): web_url("CheckLoginStatus_25") highest severity level was "continue on error", 326 body bytes, 187 header bytes  	[MsgId: MMSG-26388]
Action.c(1121): Continuing after error in Vuser script.	[MsgId: MMSG-10678]
Action.c(1129): web_reg_save_param started  	[MsgId: MMSG-26355]
Action.c(1129): Registering web_reg_save_param was successful  	[MsgId: MMSG-26390]
Action.c(1134): Notify: Transaction "SetStatusOfReportWithExpand_NOTprinted" started.	[MsgId: MMSG-16999]
Action.c(1136): web_custom_request("web_custom_request") started  	[MsgId: MMSG-26355]
Action.c(1136): Continuing after Error -26609: HTTP Status-Code=503 (Service Unavailable) for "http://10.184.129.108/webapi/api/worklist/UpdateStatusByStudyInstanceUID"  	[MsgId: MERR-26609]
Action.c(1136): Continuing after Error -26377: No match found for the requested parameter "SetStatusOfReportWithExpand_NOTprinted". Either the specified boundaries were not found in the response or the matched text is longer than current max html parameter size of 90000 bytes. The total length of the response is 326 bytes. You can use "web_set_max_html_param_len" to increase the max parameter size.  	[MsgId: MERR-26377]
End auto log messages stack.	[MsgId: MMSG-10544]


Start auto log messages stack - Iteration 10.	[MsgId: MMSG-10545]
Action.c(1136): Continuing after error in Vuser script.	[MsgId: MMSG-10678]
Action.c(1146): Notify: Transaction "SetStatusOfReportWithExpand_NOTprinted" ended with a "Fail" status (Duration: 0.2031 Wasted Time: 0.0000).	[MsgId: MMSG-16871]
Action.c(1146): Notify: Transaction "SetStatusOfReportWithExpand_NOTprinted" has 2 error message(s).	[MsgId: MMSG-16818]
Action.c(1146): Notify: The 1st error message associated with transaction "SetStatusOfReportWithExpand_NOTprinted" is "Error -26609: HTTP Status-Code=503 (Service Unavailable) for "http://10.184.129.108/webapi/api/worklist/UpdateStatusByStudyInstanceUID""	[MsgId: MMSG-16819]
Action.c(1146): Notify: The 2nd error message associated with transaction "SetStatusOfReportWithExpand_NOTprinted" is "Error -26377: No match found for the requested parameter "SetStatusOfReportWithExpand_NOTprinted". Either the specified boundaries were not found in the response or the matched text is longer than current max html parameter size of 90000 bytes. The total length of the response is 326 bytes. You can use "web_set_max_html_param_len" to increase the max parameter size."	[MsgId: MMSG-16819]
The result is:  	[MsgId: MMSG-17999]
Action.c(1152): Error: SetStatusOfReportWithExpand_NOTprinted fail	[MsgId: MERR-17999]
End auto log messages stack.	[MsgId: MMSG-10544]


Start auto log messages stack - Iteration 8.	[MsgId: MMSG-10545]
Start auto log messages stack - Iteration 8.	[MsgId: MMSG-10545]
Start auto log messages stack - Iteration 11.	[MsgId: MMSG-10545]
Start auto log messages stack - Iteration 10.	[MsgId: MMSG-10545]
Start auto log messages stack - Iteration 8.	[MsgId: MMSG-10545]
Start auto log messages stack - Iteration 10.	[MsgId: MMSG-10545]
Action.c(1098): Notify: Transaction "SetStatusOfReportWithExpand_printed" started.	[MsgId: MMSG-16999]
Action.c(1098): Notify: Transaction "SetStatusOfReportWithExpand_printed" started.	[MsgId: MMSG-16999]
Action.c(1098): Notify: Transaction "SetStatusOfReportWithExpand_printed" started.	[MsgId: MMSG-16999]
Action.c(1098): Notify: Transaction "SetStatusOfReportWithExpand_printed" started.	[MsgId: MMSG-16999]
Action.c(1100): web_custom_request("web_custom_request") started  	[MsgId: MMSG-26355]
Action.c(1100): web_custom_request("web_custom_request") started  	[MsgId: MMSG-26355]
Action.c(1098): Notify: Transaction "SetStatusOfReportWithExpand_printed" started.	[MsgId: MMSG-16999]
Action.c(1098): Notify: Transaction "SetStatusOfReportWithExpand_printed" started.	[MsgId: MMSG-16999]
Action.c(1100): HTML parsing not performed for Content-Type "application/json" ("ParseHtmlContentType" Run-Time Setting is "TEXT"). URL="http://10.184.129.108/webapi/api/worklist/UpdateStatusByStudyInstanceUID"  	[MsgId: MMSG-26548]
Action.c(1100): web_custom_request("web_custom_request") started  	[MsgId: MMSG-26355]
Action.c(1100): HTML parsing not performed for Content-Type "application/json" ("ParseHtmlContentType" Run-Time Setting is "TEXT"). URL="http://10.184.129.108/webapi/api/worklist/UpdateStatusByStudyInstanceUID"  	[MsgId: MMSG-26548]
Action.c(1100): web_custom_request("web_custom_request") started  	[MsgId: MMSG-26355]
Action.c(1100): web_custom_request("web_custom_request") started  	[MsgId: MMSG-26355]
Action.c(1100): web_custom_request("web_custom_request") started  	[MsgId: MMSG-26355]
Action.c(1100): web_custom_request("web_custom_request") was successful, 546 body bytes, 259 header bytes  	[MsgId: MMSG-26386]
Action.c(1100): HTML parsing not performed for Content-Type "application/json" ("ParseHtmlContentType" Run-Time Setting is "TEXT"). URL="http://10.184.129.108/webapi/api/worklist/UpdateStatusByStudyInstanceUID"  	[MsgId: MMSG-26548]
Action.c(1100): HTML parsing not performed for Content-Type "application/json" ("ParseHtmlContentType" Run-Time Setting is "TEXT"). URL="http://10.184.129.108/webapi/api/worklist/UpdateStatusByStudyInstanceUID"  	[MsgId: MMSG-26548]
Action.c(1100): web_custom_request("web_custom_request") was successful, 546 body bytes, 259 header bytes  	[MsgId: MMSG-26386]
Action.c(1100): HTML parsing not performed for Content-Type "application/json" ("ParseHtmlContentType" Run-Time Setting is "TEXT"). URL="http://10.184.129.108/webapi/api/worklist/UpdateStatusByStudyInstanceUID"  	[MsgId: MMSG-26548]
Action.c(1100): HTML parsing not performed for Content-Type "application/json" ("ParseHtmlContentType" Run-Time Setting is "TEXT"). URL="http://10.184.129.108/webapi/api/worklist/UpdateStatusByStudyInstanceUID"  	[MsgId: MMSG-26548]
Action.c(1100): web_custom_request("web_custom_request") was successful, 546 body bytes, 259 header bytes  	[MsgId: MMSG-26386]
Action.c(1100): web_custom_request("web_custom_request") was successful, 546 body bytes, 259 header bytes  	[MsgId: MMSG-26386]
Action.c(1110): Notify: Transaction "SetStatusOfReportWithExpand_printed" ended with a "Pass" status (Duration: 0.2033 Wasted Time: 0.0000).	[MsgId: MMSG-16871]
Action.c(1100): web_custom_request("web_custom_request") was successful, 546 body bytes, 259 header bytes  	[MsgId: MMSG-26386]
Action.c(1100): web_custom_request("web_custom_request") was successful, 546 body bytes, 259 header bytes  	[MsgId: MMSG-26386]
Action.c(1110): Notify: Transaction "SetStatusOfReportWithExpand_printed" ended with a "Pass" status (Duration: 0.2037 Wasted Time: 0.0000).	[MsgId: MMSG-16871]
The result is:  true	[MsgId: MMSG-17999]
The result is:  true	[MsgId: MMSG-17999]
Action.c(1119): lr_think_time: 5.00 seconds.	[MsgId: MMSG-15948]
Action.c(1110): Notify: Transaction "SetStatusOfReportWithExpand_printed" ended with a "Pass" status (Duration: 0.2036 Wasted Time: 0.0000).	[MsgId: MMSG-16871]
Action.c(1110): Notify: Transaction "SetStatusOfReportWithExpand_printed" ended with a "Pass" status (Duration: 0.2033 Wasted Time: 0.0000).	[MsgId: MMSG-16871]
The result is:  true	[MsgId: MMSG-17999]
Action.c(1110): Notify: Transaction "SetStatusOfReportWithExpand_printed" ended with a "Pass" status (Duration: 0.2037 Wasted Time: 0.0000).	[MsgId: MMSG-16871]
Action.c(1119): lr_think_time: 5.00 seconds.	[MsgId: MMSG-15948]
Action.c(1121): web_url("CheckLoginStatus_25") started  	[MsgId: MMSG-26355]
Action.c(1110): Notify: Transaction "SetStatusOfReportWithExpand_printed" ended with a "Pass" status (Duration: 0.2033 Wasted Time: 0.0000).	[MsgId: MMSG-16871]
The result is:  true	[MsgId: MMSG-17999]
Action.c(1121): web_url("CheckLoginStatus_25") started  	[MsgId: MMSG-26355]
The result is:  true	[MsgId: MMSG-17999]
Action.c(1119): lr_think_time: 5.00 seconds.	[MsgId: MMSG-15948]
Action.c(1121): Continuing after Error -26609: HTTP Status-Code=503 (Service Unavailable) for "http://10.184.129.108/Platform/Account/CheckLoginStatus"  	[MsgId: MERR-26609]
The result is:  true	[MsgId: MMSG-17999]
Action.c(1121): Continuing after Error -26609: HTTP Status-Code=503 (Service Unavailable) for "http://10.184.129.108/Platform/Account/CheckLoginStatus"  	[MsgId: MERR-26609]
Action.c(1119): lr_think_time: 5.00 seconds.	[MsgId: MMSG-15948]
Action.c(1121): web_url("CheckLoginStatus_25") started  	[MsgId: MMSG-26355]
Action.c(1119): lr_think_time: 5.00 seconds.	[MsgId: MMSG-15948]
Action.c(1121): web_url("CheckLoginStatus_25") started  	[MsgId: MMSG-26355]
Action.c(1119): lr_think_time: 5.00 seconds.	[MsgId: MMSG-15948]
Action.c(1121): web_url("CheckLoginStatus_25") started  	[MsgId: MMSG-26355]
Action.c(1121): Continuing after Error -26609: HTTP Status-Code=503 (Service Unavailable) for "http://10.184.129.108/Platform/Account/CheckLoginStatus"  	[MsgId: MERR-26609]
Action.c(1121): Continuing after Error -26609: HTTP Status-Code=503 (Service Unavailable) for "http://10.184.129.108/Platform/Account/CheckLoginStatus"  	[MsgId: MERR-26609]
Action.c(1121): web_url("CheckLoginStatus_25") started  	[MsgId: MMSG-26355]
Action.c(1121): Continuing after Error -26609: HTTP Status-Code=503 (Service Unavailable) for "http://10.184.129.108/Platform/Account/CheckLoginStatus"  	[MsgId: MERR-26609]
Action.c(1121): Continuing after Error -26609: HTTP Status-Code=503 (Service Unavailable) for "http://10.184.129.108/Platform/Account/CheckLoginStatus"  	[MsgId: MERR-26609]
End auto log messages stack.	[MsgId: MMSG-10544]
End auto log messages stack.	[MsgId: MMSG-10544]




End auto log messages stack.	[MsgId: MMSG-10544]


End auto log messages stack.	[MsgId: MMSG-10544]
End auto log messages stack.	[MsgId: MMSG-10544]
End auto log messages stack.	[MsgId: MMSG-10544]






Start auto log messages stack - Iteration 8.	[MsgId: MMSG-10545]
Start auto log messages stack - Iteration 8.	[MsgId: MMSG-10545]
Start auto log messages stack - Iteration 11.	[MsgId: MMSG-10545]
Action.c(1121): web_url("CheckLoginStatus_25") highest severity level was "continue on error", 326 body bytes, 187 header bytes  	[MsgId: MMSG-26388]
Action.c(1121): web_url("CheckLoginStatus_25") highest severity level was "continue on error", 326 body bytes, 187 header bytes  	[MsgId: MMSG-26388]
Action.c(1121): Continuing after error in Vuser script.	[MsgId: MMSG-10678]
Action.c(1121): web_url("CheckLoginStatus_25") highest severity level was "continue on error", 326 body bytes, 187 header bytes  	[MsgId: MMSG-26388]
Action.c(1129): web_reg_save_param started  	[MsgId: MMSG-26355]
Action.c(1121): Continuing after error in Vuser script.	[MsgId: MMSG-10678]
Action.c(1129): Registering web_reg_save_param was successful  	[MsgId: MMSG-26390]
Action.c(1121): Continuing after error in Vuser script.	[MsgId: MMSG-10678]
Action.c(1129): web_reg_save_param started  	[MsgId: MMSG-26355]
Action.c(1129): web_reg_save_param started  	[MsgId: MMSG-26355]
Action.c(1134): Notify: Transaction "SetStatusOfReportWithExpand_NOTprinted" started.	[MsgId: MMSG-16999]
Action.c(1129): Registering web_reg_save_param was successful  	[MsgId: MMSG-26390]
Start auto log messages stack - Iteration 10.	[MsgId: MMSG-10545]
Action.c(1129): Registering web_reg_save_param was successful  	[MsgId: MMSG-26390]
Start auto log messages stack - Iteration 10.	[MsgId: MMSG-10545]
Start auto log messages stack - Iteration 8.	[MsgId: MMSG-10545]
Action.c(1134): Notify: Transaction "SetStatusOfReportWithExpand_NOTprinted" started.	[MsgId: MMSG-16999]
Action.c(1136): web_custom_request("web_custom_request") started  	[MsgId: MMSG-26355]
Action.c(1121): web_url("CheckLoginStatus_25") highest severity level was "continue on error", 326 body bytes, 187 header bytes  	[MsgId: MMSG-26388]
Action.c(1134): Notify: Transaction "SetStatusOfReportWithExpand_NOTprinted" started.	[MsgId: MMSG-16999]
Action.c(1121): web_url("CheckLoginStatus_25") highest severity level was "continue on error", 326 body bytes, 187 header bytes  	[MsgId: MMSG-26388]
Action.c(1136): Continuing after Error -26609: HTTP Status-Code=503 (Service Unavailable) for "http://10.184.129.108/webapi/api/worklist/UpdateStatusByStudyInstanceUID"  	[MsgId: MERR-26609]
Action.c(1136): web_custom_request("web_custom_request") started  	[MsgId: MMSG-26355]
Action.c(1121): Continuing after error in Vuser script.	[MsgId: MMSG-10678]
Action.c(1136): web_custom_request("web_custom_request") started  	[MsgId: MMSG-26355]
Action.c(1121): web_url("CheckLoginStatus_25") highest severity level was "continue on error", 326 body bytes, 187 header bytes  	[MsgId: MMSG-26388]
Action.c(1121): Continuing after error in Vuser script.	[MsgId: MMSG-10678]
Action.c(1136): Continuing after Error -26609: HTTP Status-Code=503 (Service Unavailable) for "http://10.184.129.108/webapi/api/worklist/UpdateStatusByStudyInstanceUID"  	[MsgId: MERR-26609]
Action.c(1129): web_reg_save_param started  	[MsgId: MMSG-26355]
Action.c(1136): Continuing after Error -26609: HTTP Status-Code=503 (Service Unavailable) for "http://10.184.129.108/webapi/api/worklist/UpdateStatusByStudyInstanceUID"  	[MsgId: MERR-26609]
Action.c(1129): web_reg_save_param started  	[MsgId: MMSG-26355]
Action.c(1129): Registering web_reg_save_param was successful  	[MsgId: MMSG-26390]
Action.c(1121): Continuing after error in Vuser script.	[MsgId: MMSG-10678]
Action.c(1129): Registering web_reg_save_param was successful  	[MsgId: MMSG-26390]
Action.c(1134): Notify: Transaction "SetStatusOfReportWithExpand_NOTprinted" started.	[MsgId: MMSG-16999]
Action.c(1129): web_reg_save_param started  	[MsgId: MMSG-26355]
Action.c(1136): web_custom_request("web_custom_request") started  	[MsgId: MMSG-26355]
Action.c(1134): Notify: Transaction "SetStatusOfReportWithExpand_NOTprinted" started.	[MsgId: MMSG-16999]
Action.c(1136): Continuing after Error -26609: HTTP Status-Code=503 (Service Unavailable) for "http://10.184.129.108/webapi/api/worklist/UpdateStatusByStudyInstanceUID"  	[MsgId: MERR-26609]
Action.c(1129): Registering web_reg_save_param was successful  	[MsgId: MMSG-26390]
Action.c(1136): web_custom_request("web_custom_request") started  	[MsgId: MMSG-26355]
Action.c(1136): Continuing after Error -26609: HTTP Status-Code=503 (Service Unavailable) for "http://10.184.129.108/webapi/api/worklist/UpdateStatusByStudyInstanceUID"  	[MsgId: MERR-26609]
Action.c(1134): Notify: Transaction "SetStatusOfReportWithExpand_NOTprinted" started.	[MsgId: MMSG-16999]
Action.c(1136): Continuing after Error -26377: No match found for the requested parameter "SetStatusOfReportWithExpand_NOTprinted". Either the specified boundaries were not found in the response or the matched text is longer than current max html parameter size of 90000 bytes. The total length of the response is 326 bytes. You can use "web_set_max_html_param_len" to increase the max parameter size.  	[MsgId: MERR-26377]
Action.c(1136): web_custom_request("web_custom_request") started  	[MsgId: MMSG-26355]
Action.c(1136): Continuing after Error -26609: HTTP Status-Code=503 (Service Unavailable) for "http://10.184.129.108/webapi/api/worklist/UpdateStatusByStudyInstanceUID"  	[MsgId: MERR-26609]
Action.c(1136): Continuing after Error -26377: No match found for the requested parameter "SetStatusOfReportWithExpand_NOTprinted". Either the specified boundaries were not found in the response or the matched text is longer than current max html parameter size of 90000 bytes. The total length of the response is 326 bytes. You can use "web_set_max_html_param_len" to increase the max parameter size.  	[MsgId: MERR-26377]
Action.c(1136): Continuing after Error -26377: No match found for the requested parameter "SetStatusOfReportWithExpand_NOTprinted". Either the specified boundaries were not found in the response or the matched text is longer than current max html parameter size of 90000 bytes. The total length of the response is 326 bytes. You can use "web_set_max_html_param_len" to increase the max parameter size.  	[MsgId: MERR-26377]
End auto log messages stack.	[MsgId: MMSG-10544]
Action.c(1136): Continuing after Error -26377: No match found for the requested parameter "SetStatusOfReportWithExpand_NOTprinted". Either the specified boundaries were not found in the response or the matched text is longer than current max html parameter size of 90000 bytes. The total length of the response is 326 bytes. You can use "web_set_max_html_param_len" to increase the max parameter size.  	[MsgId: MERR-26377]


End auto log messages stack.	[MsgId: MMSG-10544]
Action.c(1136): Continuing after Error -26377: No match found for the requested parameter "SetStatusOfReportWithExpand_NOTprinted". Either the specified boundaries were not found in the response or the matched text is longer than current max html parameter size of 90000 bytes. The total length of the response is 326 bytes. You can use "web_set_max_html_param_len" to increase the max parameter size.  	[MsgId: MERR-26377]


End auto log messages stack.	[MsgId: MMSG-10544]
End auto log messages stack.	[MsgId: MMSG-10544]




End auto log messages stack.	[MsgId: MMSG-10544]
Action.c(1136): Continuing after Error -26377: No match found for the requested parameter "SetStatusOfReportWithExpand_NOTprinted". Either the specified boundaries were not found in the response or the matched text is longer than current max html parameter size of 90000 bytes. The total length of the response is 326 bytes. You can use "web_set_max_html_param_len" to increase the max parameter size.  	[MsgId: MERR-26377]
Start auto log messages stack - Iteration 8.	[MsgId: MMSG-10545]
Start auto log messages stack - Iteration 8.	[MsgId: MMSG-10545]
Start auto log messages stack - Iteration 11.	[MsgId: MMSG-10545]


Start auto log messages stack - Iteration 10.	[MsgId: MMSG-10545]
Action.c(1136): Continuing after error in Vuser script.	[MsgId: MMSG-10678]
Action.c(1136): Continuing after error in Vuser script.	[MsgId: MMSG-10678]
Action.c(1136): Continuing after error in Vuser script.	[MsgId: MMSG-10678]
Action.c(1136): Continuing after error in Vuser script.	[MsgId: MMSG-10678]
Action.c(1146): Notify: Transaction "SetStatusOfReportWithExpand_NOTprinted" ended with a "Fail" status (Duration: 0.2028 Wasted Time: 0.0000).	[MsgId: MMSG-16871]
End auto log messages stack.	[MsgId: MMSG-10544]
Action.c(1146): Notify: Transaction "SetStatusOfReportWithExpand_NOTprinted" ended with a "Fail" status (Duration: 0.2029 Wasted Time: 0.0000).	[MsgId: MMSG-16871]
Action.c(1146): Notify: Transaction "SetStatusOfReportWithExpand_NOTprinted" ended with a "Fail" status (Duration: 0.2031 Wasted Time: 0.0000).	[MsgId: MMSG-16871]
Action.c(1146): Notify: Transaction "SetStatusOfReportWithExpand_NOTprinted" ended with a "Fail" status (Duration: 0.2029 Wasted Time: 0.0000).	[MsgId: MMSG-16871]


Action.c(1146): Notify: Transaction "SetStatusOfReportWithExpand_NOTprinted" has 2 error message(s).	[MsgId: MMSG-16818]
Start auto log messages stack - Iteration 10.	[MsgId: MMSG-10545]
Action.c(1146): Notify: Transaction "SetStatusOfReportWithExpand_NOTprinted" has 2 error message(s).	[MsgId: MMSG-16818]
Action.c(1146): Notify: Transaction "SetStatusOfReportWithExpand_NOTprinted" has 2 error message(s).	[MsgId: MMSG-16818]
Action.c(1146): Notify: Transaction "SetStatusOfReportWithExpand_NOTprinted" has 2 error message(s).	[MsgId: MMSG-16818]
Action.c(1136): Continuing after error in Vuser script.	[MsgId: MMSG-10678]
Action.c(1146): Notify: The 1st error message associated with transaction "SetStatusOfReportWithExpand_NOTprinted" is "Error -26609: HTTP Status-Code=503 (Service Unavailable) for "http://10.184.129.108/webapi/api/worklist/UpdateStatusByStudyInstanceUID""	[MsgId: MMSG-16819]
Action.c(1146): Notify: The 1st error message associated with transaction "SetStatusOfReportWithExpand_NOTprinted" is "Error -26609: HTTP Status-Code=503 (Service Unavailable) for "http://10.184.129.108/webapi/api/worklist/UpdateStatusByStudyInstanceUID""	[MsgId: MMSG-16819]
Action.c(1146): Notify: The 1st error message associated with transaction "SetStatusOfReportWithExpand_NOTprinted" is "Error -26609: HTTP Status-Code=503 (Service Unavailable) for "http://10.184.129.108/webapi/api/worklist/UpdateStatusByStudyInstanceUID""	[MsgId: MMSG-16819]
Action.c(1146): Notify: The 1st error message associated with transaction "SetStatusOfReportWithExpand_NOTprinted" is "Error -26609: HTTP Status-Code=503 (Service Unavailable) for "http://10.184.129.108/webapi/api/worklist/UpdateStatusByStudyInstanceUID""	[MsgId: MMSG-16819]
Start auto log messages stack - Iteration 8.	[MsgId: MMSG-10545]
Action.c(1146): Notify: The 2nd error message associated with transaction "SetStatusOfReportWithExpand_NOTprinted" is "Error -26377: No match found for the requested parameter "SetStatusOfReportWithExpand_NOTprinted". Either the specified boundaries were not found in the response or the matched text is longer than current max html parameter size of 90000 bytes. The total length of the response is 326 bytes. You can use "web_set_max_html_param_len" to increase the max parameter size."	[MsgId: MMSG-16819]
Action.c(1146): Notify: Transaction "SetStatusOfReportWithExpand_NOTprinted" ended with a "Fail" status (Duration: 0.2032 Wasted Time: 0.0000).	[MsgId: MMSG-16871]
Action.c(1146): Notify: The 2nd error message associated with transaction "SetStatusOfReportWithExpand_NOTprinted" is "Error -26377: No match found for the requested parameter "SetStatusOfReportWithExpand_NOTprinted". Either the specified boundaries were not found in the response or the matched text is longer than current max html parameter size of 90000 bytes. The total length of the response is 326 bytes. You can use "web_set_max_html_param_len" to increase the max parameter size."	[MsgId: MMSG-16819]
Action.c(1136): Continuing after error in Vuser script.	[MsgId: MMSG-10678]
Action.c(1146): Notify: The 2nd error message associated with transaction "SetStatusOfReportWithExpand_NOTprinted" is "Error -26377: No match found for the requested parameter "SetStatusOfReportWithExpand_NOTprinted". Either the specified boundaries were not found in the response or the matched text is longer than current max html parameter size of 90000 bytes. The total length of the response is 326 bytes. You can use "web_set_max_html_param_len" to increase the max parameter size."	[MsgId: MMSG-16819]
Action.c(1146): Notify: The 2nd error message associated with transaction "SetStatusOfReportWithExpand_NOTprinted" is "Error -26377: No match found for the requested parameter "SetStatusOfReportWithExpand_NOTprinted". Either the specified boundaries were not found in the response or the matched text is longer than current max html parameter size of 90000 bytes. The total length of the response is 326 bytes. You can use "web_set_max_html_param_len" to increase the max parameter size."	[MsgId: MMSG-16819]
The result is:  	[MsgId: MMSG-17999]
Action.c(1146): Notify: Transaction "SetStatusOfReportWithExpand_NOTprinted" has 2 error message(s).	[MsgId: MMSG-16818]
The result is:  	[MsgId: MMSG-17999]
The result is:  	[MsgId: MMSG-17999]
The result is:  	[MsgId: MMSG-17999]
Action.c(1152): Error: SetStatusOfReportWithExpand_NOTprinted fail	[MsgId: MERR-17999]
Action.c(1146): Notify: Transaction "SetStatusOfReportWithExpand_NOTprinted" ended with a "Fail" status (Duration: 0.2035 Wasted Time: 0.0000).	[MsgId: MMSG-16871]
Action.c(1152): Error: SetStatusOfReportWithExpand_NOTprinted fail	[MsgId: MERR-17999]
Action.c(1152): Error: SetStatusOfReportWithExpand_NOTprinted fail	[MsgId: MERR-17999]
Action.c(1152): Error: SetStatusOfReportWithExpand_NOTprinted fail	[MsgId: MERR-17999]
Action.c(1146): Notify: The 1st error message associated with transaction "SetStatusOfReportWithExpand_NOTprinted" is "Error -26609: HTTP Status-Code=503 (Service Unavailable) for "http://10.184.129.108/webapi/api/worklist/UpdateStatusByStudyInstanceUID""	[MsgId: MMSG-16819]
End auto log messages stack.	[MsgId: MMSG-10544]
Action.c(1146): Notify: Transaction "SetStatusOfReportWithExpand_NOTprinted" has 2 error message(s).	[MsgId: MMSG-16818]


End auto log messages stack.	[MsgId: MMSG-10544]
Action.c(1146): Notify: The 2nd error message associated with transaction "SetStatusOfReportWithExpand_NOTprinted" is "Error -26377: No match found for the requested parameter "SetStatusOfReportWithExpand_NOTprinted". Either the specified boundaries were not found in the response or the matched text is longer than current max html parameter size of 90000 bytes. The total length of the response is 326 bytes. You can use "web_set_max_html_param_len" to increase the max parameter size."	[MsgId: MMSG-16819]


Action.c(1146): Notify: The 1st error message associated with transaction "SetStatusOfReportWithExpand_NOTprinted" is "Error -26609: HTTP Status-Code=503 (Service Unavailable) for "http://10.184.129.108/webapi/api/worklist/UpdateStatusByStudyInstanceUID""	[MsgId: MMSG-16819]
End auto log messages stack.	[MsgId: MMSG-10544]
The result is:  	[MsgId: MMSG-17999]
End auto log messages stack.	[MsgId: MMSG-10544]


Action.c(1152): Error: SetStatusOfReportWithExpand_NOTprinted fail	[MsgId: MERR-17999]
Action.c(1146): Notify: The 2nd error message associated with transaction "SetStatusOfReportWithExpand_NOTprinted" is "Error -26377: No match found for the requested parameter "SetStatusOfReportWithExpand_NOTprinted". Either the specified boundaries were not found in the response or the matched text is longer than current max html parameter size of 90000 bytes. The total length of the response is 326 bytes. You can use "web_set_max_html_param_len" to increase the max parameter size."	[MsgId: MMSG-16819]


The result is:  	[MsgId: MMSG-17999]
End auto log messages stack.	[MsgId: MMSG-10544]
Action.c(1152): Error: SetStatusOfReportWithExpand_NOTprinted fail	[MsgId: MERR-17999]


End auto log messages stack.	[MsgId: MMSG-10544]


