Start auto log messages stack - Iteration 4.	[MsgId: MMSG-10545]
Action.c(582): web_url("operate-columns-template.html") was successful, 2946 body bytes, 247 header bytes  	[MsgId: MMSG-26386]
Action.c(592): Notify: Transaction "WorlkList_Query_randomTime" started.	[MsgId: MMSG-16999]
Action.c(594): web_custom_request("searchWorklist_2") started  	[MsgId: MMSG-26355]
Action.c(594): HTML parsing not performed for Content-Type "application/json" ("ParseHtmlContentType" Run-Time Setting is "TEXT"). URL="http://10.184.129.171/webapi/api/worklist/searchWorklist"  	[MsgId: MMSG-26548]
Action.c(594): web_custom_request("searchWorklist_2") was successful, 26404 body bytes, 261 header bytes  	[MsgId: MMSG-26386]
Action.c(605): Notify: Transaction "WorlkList_Query_randomTime" ended with a "Pass" status (Duration: 5.5746).	[MsgId: MMSG-16873]
Action.c(607): Notify: Transaction "Testdemo" started.	[MsgId: MMSG-16999]
Action.c(609): web_custom_request("web_custom_request") started  	[MsgId: MMSG-26355]
Action.c(609): Continuing after Error -26612: HTTP Status-Code=500 (EntityCommandExecutionException) for "http://10.184.129.171/webapi/api/worklist/filmInfo?accessionNumber=A20170921091658115"  	[MsgId: MERR-26612]
End auto log messages stack.	[MsgId: MMSG-10544]


Start auto log messages stack - Iteration 5.	[MsgId: MMSG-10545]
Start auto log messages stack - Iteration 4.	[MsgId: MMSG-10545]
Start auto log messages stack - Iteration 4.	[MsgId: MMSG-10545]
Start auto log messages stack - Iteration 5.	[MsgId: MMSG-10545]
Action.c(582): web_url("operate-columns-template.html") was successful, 2946 body bytes, 247 header bytes  	[MsgId: MMSG-26386]
Action.c(582): web_url("operate-columns-template.html") was successful, 2946 body bytes, 247 header bytes  	[MsgId: MMSG-26386]
Action.c(592): Notify: Transaction "WorlkList_Query_randomTime" started.	[MsgId: MMSG-16999]
Action.c(592): Notify: Transaction "WorlkList_Query_randomTime" started.	[MsgId: MMSG-16999]
Action.c(582): web_url("operate-columns-template.html") was successful, 2946 body bytes, 247 header bytes  	[MsgId: MMSG-26386]
Action.c(594): web_custom_request("searchWorklist_2") started  	[MsgId: MMSG-26355]
Action.c(582): web_url("operate-columns-template.html") was successful, 2946 body bytes, 247 header bytes  	[MsgId: MMSG-26386]
Action.c(594): web_custom_request("searchWorklist_2") started  	[MsgId: MMSG-26355]
Action.c(592): Notify: Transaction "WorlkList_Query_randomTime" started.	[MsgId: MMSG-16999]
Action.c(594): HTML parsing not performed for Content-Type "application/json" ("ParseHtmlContentType" Run-Time Setting is "TEXT"). URL="http://10.184.129.171/webapi/api/worklist/searchWorklist"  	[MsgId: MMSG-26548]
Action.c(592): Notify: Transaction "WorlkList_Query_randomTime" started.	[MsgId: MMSG-16999]
Action.c(594): web_custom_request("searchWorklist_2") started  	[MsgId: MMSG-26355]
Action.c(594): HTML parsing not performed for Content-Type "application/json" ("ParseHtmlContentType" Run-Time Setting is "TEXT"). URL="http://10.184.129.171/webapi/api/worklist/searchWorklist"  	[MsgId: MMSG-26548]
Action.c(594): web_custom_request("searchWorklist_2") was successful, 26404 body bytes, 261 header bytes  	[MsgId: MMSG-26386]
Action.c(594): web_custom_request("searchWorklist_2") started  	[MsgId: MMSG-26355]
Action.c(594): HTML parsing not performed for Content-Type "application/json" ("ParseHtmlContentType" Run-Time Setting is "TEXT"). URL="http://10.184.129.171/webapi/api/worklist/searchWorklist"  	[MsgId: MMSG-26548]
Action.c(594): web_custom_request("searchWorklist_2") was successful, 26404 body bytes, 261 header bytes  	[MsgId: MMSG-26386]
Action.c(594): HTML parsing not performed for Content-Type "application/json" ("ParseHtmlContentType" Run-Time Setting is "TEXT"). URL="http://10.184.129.171/webapi/api/worklist/searchWorklist"  	[MsgId: MMSG-26548]
Action.c(594): web_custom_request("searchWorklist_2") was successful, 26404 body bytes, 261 header bytes  	[MsgId: MMSG-26386]
Action.c(605): Notify: Transaction "WorlkList_Query_randomTime" ended with a "Pass" status (Duration: 5.5705).	[MsgId: MMSG-16873]
Action.c(594): web_custom_request("searchWorklist_2") was successful, 26404 body bytes, 261 header bytes  	[MsgId: MMSG-26386]
Action.c(607): Notify: Transaction "Testdemo" started.	[MsgId: MMSG-16999]
Action.c(609): web_custom_request("web_custom_request") started  	[MsgId: MMSG-26355]
Action.c(609): Continuing after Error -26612: HTTP Status-Code=500 (EntityCommandExecutionException) for "http://10.184.129.171/webapi/api/worklist/filmInfo?accessionNumber=A20170921091658115"  	[MsgId: MERR-26612]
End auto log messages stack.	[MsgId: MMSG-10544]


Action.c(605): Notify: Transaction "WorlkList_Query_randomTime" ended with a "Pass" status (Duration: 5.5788).	[MsgId: MMSG-16873]
Action.c(607): Notify: Transaction "Testdemo" started.	[MsgId: MMSG-16999]
Action.c(609): web_custom_request("web_custom_request") started  	[MsgId: MMSG-26355]
Action.c(609): Continuing after Error -26612: HTTP Status-Code=500 (EntityCommandExecutionException) for "http://10.184.129.171/webapi/api/worklist/filmInfo?accessionNumber=A20170921091658115"  	[MsgId: MERR-26612]
Action.c(605): Notify: Transaction "WorlkList_Query_randomTime" ended with a "Pass" status (Duration: 5.5765).	[MsgId: MMSG-16873]
Action.c(607): Notify: Transaction "Testdemo" started.	[MsgId: MMSG-16999]
Action.c(605): Notify: Transaction "WorlkList_Query_randomTime" ended with a "Pass" status (Duration: 5.5844).	[MsgId: MMSG-16873]
Action.c(609): web_custom_request("web_custom_request") started  	[MsgId: MMSG-26355]
Action.c(607): Notify: Transaction "Testdemo" started.	[MsgId: MMSG-16999]
Action.c(609): web_custom_request("web_custom_request") started  	[MsgId: MMSG-26355]
Action.c(609): Continuing after Error -26612: HTTP Status-Code=500 (EntityCommandExecutionException) for "http://10.184.129.171/webapi/api/worklist/filmInfo?accessionNumber=A20170921091658115"  	[MsgId: MERR-26612]
Action.c(609): Continuing after Error -26612: HTTP Status-Code=500 (EntityCommandExecutionException) for "http://10.184.129.171/webapi/api/worklist/filmInfo?accessionNumber=A20170921091658115"  	[MsgId: MERR-26612]
End auto log messages stack.	[MsgId: MMSG-10544]


End auto log messages stack.	[MsgId: MMSG-10544]


End auto log messages stack.	[MsgId: MMSG-10544]


Start auto log messages stack - Iteration 4.	[MsgId: MMSG-10545]
Action.c(582): web_url("operate-columns-template.html") was successful, 2946 body bytes, 247 header bytes  	[MsgId: MMSG-26386]
Action.c(592): Notify: Transaction "WorlkList_Query_randomTime" started.	[MsgId: MMSG-16999]
Action.c(594): web_custom_request("searchWorklist_2") started  	[MsgId: MMSG-26355]
Action.c(594): HTML parsing not performed for Content-Type "application/json" ("ParseHtmlContentType" Run-Time Setting is "TEXT"). URL="http://10.184.129.171/webapi/api/worklist/searchWorklist"  	[MsgId: MMSG-26548]
Action.c(594): web_custom_request("searchWorklist_2") was successful, 26404 body bytes, 261 header bytes  	[MsgId: MMSG-26386]
Action.c(605): Notify: Transaction "WorlkList_Query_randomTime" ended with a "Pass" status (Duration: 5.6045).	[MsgId: MMSG-16873]
Action.c(607): Notify: Transaction "Testdemo" started.	[MsgId: MMSG-16999]
Action.c(609): web_custom_request("web_custom_request") started  	[MsgId: MMSG-26355]
Action.c(609): Continuing after Error -26612: HTTP Status-Code=500 (EntityCommandExecutionException) for "http://10.184.129.171/webapi/api/worklist/filmInfo?accessionNumber=A20170921091658115"  	[MsgId: MERR-26612]
End auto log messages stack.	[MsgId: MMSG-10544]


