Start auto log messages stack - Iteration 2.	[MsgId: MMSG-10545]
Action.c(87): Downloading resource "http://10.184.129.108/Platform/fonts/icomoon.ttf?my8ecs" (specified by argument number 11)  	[MsgId: MMSG-26577]
Action.c(87): web_url("login-view.html") was successful, 28801 body bytes, 764 header bytes  	[MsgId: MMSG-26386]
Action.c(99): web_reg_save_param started  	[MsgId: MMSG-26355]
Action.c(99): Registering web_reg_save_param was successful  	[MsgId: MMSG-26390]
Action.c(104): web_reg_save_param started  	[MsgId: MMSG-26355]
Action.c(104): Registering web_reg_save_param was successful  	[MsgId: MMSG-26390]
Action.c(109): web_reg_save_param started  	[MsgId: MMSG-26355]
Action.c(109): Registering web_reg_save_param was successful  	[MsgId: MMSG-26390]
Action.c(114): Error: Cannot start transaction "User_login". This Vuser already started a transaction with the same name, and has not yet processed the corresponding lr_end_transaction statement.	[MsgId: MERR-16993]
End auto log messages stack.	[MsgId: MMSG-10544]


Start auto log messages stack - Iteration 2.	[MsgId: MMSG-10545]
Action.c(87): Downloading resource "http://10.184.129.108/Platform/fonts/icomoon.ttf?my8ecs" (specified by argument number 11)  	[MsgId: MMSG-26577]
Action.c(87): web_url("login-view.html") was successful, 28801 body bytes, 764 header bytes  	[MsgId: MMSG-26386]
Action.c(99): web_reg_save_param started  	[MsgId: MMSG-26355]
Action.c(99): Registering web_reg_save_param was successful  	[MsgId: MMSG-26390]
Action.c(104): web_reg_save_param started  	[MsgId: MMSG-26355]
Action.c(104): Registering web_reg_save_param was successful  	[MsgId: MMSG-26390]
Action.c(109): web_reg_save_param started  	[MsgId: MMSG-26355]
Action.c(109): Registering web_reg_save_param was successful  	[MsgId: MMSG-26390]
Action.c(114): Error: Cannot start transaction "User_login". This Vuser already started a transaction with the same name, and has not yet processed the corresponding lr_end_transaction statement.	[MsgId: MERR-16993]
End auto log messages stack.	[MsgId: MMSG-10544]


Start auto log messages stack - Iteration 2.	[MsgId: MMSG-10545]
Action.c(87): Downloading resource "http://10.184.129.108/Platform/fonts/icomoon.ttf?my8ecs" (specified by argument number 11)  	[MsgId: MMSG-26577]
Action.c(87): web_url("login-view.html") was successful, 28801 body bytes, 764 header bytes  	[MsgId: MMSG-26386]
Action.c(99): web_reg_save_param started  	[MsgId: MMSG-26355]
Action.c(99): Registering web_reg_save_param was successful  	[MsgId: MMSG-26390]
Action.c(104): web_reg_save_param started  	[MsgId: MMSG-26355]
Action.c(104): Registering web_reg_save_param was successful  	[MsgId: MMSG-26390]
Action.c(109): web_reg_save_param started  	[MsgId: MMSG-26355]
Action.c(109): Registering web_reg_save_param was successful  	[MsgId: MMSG-26390]
Action.c(114): Error: Cannot start transaction "User_login". This Vuser already started a transaction with the same name, and has not yet processed the corresponding lr_end_transaction statement.	[MsgId: MERR-16993]
End auto log messages stack.	[MsgId: MMSG-10544]


Start auto log messages stack - Iteration 2.	[MsgId: MMSG-10545]
Action.c(87): Downloading resource "http://10.184.129.108/Platform/fonts/icomoon.ttf?my8ecs" (specified by argument number 11)  	[MsgId: MMSG-26577]
Action.c(87): web_url("login-view.html") was successful, 28801 body bytes, 764 header bytes  	[MsgId: MMSG-26386]
Action.c(99): web_reg_save_param started  	[MsgId: MMSG-26355]
Action.c(99): Registering web_reg_save_param was successful  	[MsgId: MMSG-26390]
Action.c(104): web_reg_save_param started  	[MsgId: MMSG-26355]
Action.c(104): Registering web_reg_save_param was successful  	[MsgId: MMSG-26390]
Action.c(109): web_reg_save_param started  	[MsgId: MMSG-26355]
Action.c(109): Registering web_reg_save_param was successful  	[MsgId: MMSG-26390]
Action.c(114): Error: Cannot start transaction "User_login". This Vuser already started a transaction with the same name, and has not yet processed the corresponding lr_end_transaction statement.	[MsgId: MERR-16993]
End auto log messages stack.	[MsgId: MMSG-10544]


Start auto log messages stack - Iteration 2.	[MsgId: MMSG-10545]
Action.c(87): Downloading resource "http://10.184.129.108/Platform/fonts/icomoon.ttf?my8ecs" (specified by argument number 11)  	[MsgId: MMSG-26577]
Action.c(87): web_url("login-view.html") was successful, 28801 body bytes, 764 header bytes  	[MsgId: MMSG-26386]
Action.c(99): web_reg_save_param started  	[MsgId: MMSG-26355]
Action.c(99): Registering web_reg_save_param was successful  	[MsgId: MMSG-26390]
Action.c(104): web_reg_save_param started  	[MsgId: MMSG-26355]
Action.c(104): Registering web_reg_save_param was successful  	[MsgId: MMSG-26390]
Action.c(109): web_reg_save_param started  	[MsgId: MMSG-26355]
Action.c(109): Registering web_reg_save_param was successful  	[MsgId: MMSG-26390]
Action.c(114): Error: Cannot start transaction "User_login". This Vuser already started a transaction with the same name, and has not yet processed the corresponding lr_end_transaction statement.	[MsgId: MERR-16993]
End auto log messages stack.	[MsgId: MMSG-10544]


Start auto log messages stack - Iteration 2.	[MsgId: MMSG-10545]
Action.c(87): Downloading resource "http://10.184.129.108/Platform/fonts/icomoon.ttf?my8ecs" (specified by argument number 11)  	[MsgId: MMSG-26577]
Action.c(87): web_url("login-view.html") was successful, 28801 body bytes, 764 header bytes  	[MsgId: MMSG-26386]
Action.c(99): web_reg_save_param started  	[MsgId: MMSG-26355]
Action.c(99): Registering web_reg_save_param was successful  	[MsgId: MMSG-26390]
Action.c(104): web_reg_save_param started  	[MsgId: MMSG-26355]
Action.c(104): Registering web_reg_save_param was successful  	[MsgId: MMSG-26390]
Action.c(109): web_reg_save_param started  	[MsgId: MMSG-26355]
Action.c(109): Registering web_reg_save_param was successful  	[MsgId: MMSG-26390]
Action.c(114): Error: Cannot start transaction "User_login". This Vuser already started a transaction with the same name, and has not yet processed the corresponding lr_end_transaction statement.	[MsgId: MERR-16993]
End auto log messages stack.	[MsgId: MMSG-10544]


Start auto log messages stack - Iteration 2.	[MsgId: MMSG-10545]
Action.c(87): Downloading resource "http://10.184.129.108/Platform/fonts/icomoon.ttf?my8ecs" (specified by argument number 11)  	[MsgId: MMSG-26577]
Action.c(87): web_url("login-view.html") was successful, 28801 body bytes, 764 header bytes  	[MsgId: MMSG-26386]
Action.c(99): web_reg_save_param started  	[MsgId: MMSG-26355]
Action.c(99): Registering web_reg_save_param was successful  	[MsgId: MMSG-26390]
Action.c(104): web_reg_save_param started  	[MsgId: MMSG-26355]
Action.c(104): Registering web_reg_save_param was successful  	[MsgId: MMSG-26390]
Action.c(109): web_reg_save_param started  	[MsgId: MMSG-26355]
Action.c(109): Registering web_reg_save_param was successful  	[MsgId: MMSG-26390]
Action.c(114): Error: Cannot start transaction "User_login". This Vuser already started a transaction with the same name, and has not yet processed the corresponding lr_end_transaction statement.	[MsgId: MERR-16993]
End auto log messages stack.	[MsgId: MMSG-10544]


Start auto log messages stack - Iteration 3.	[MsgId: MMSG-10545]
Action.c(87): Downloading resource "http://10.184.129.108/Platform/fonts/icomoon.ttf?my8ecs" (specified by argument number 11)  	[MsgId: MMSG-26577]
Action.c(87): web_url("login-view.html") was successful, 28801 body bytes, 764 header bytes  	[MsgId: MMSG-26386]
Action.c(99): web_reg_save_param started  	[MsgId: MMSG-26355]
Action.c(99): Registering web_reg_save_param was successful  	[MsgId: MMSG-26390]
Action.c(104): web_reg_save_param started  	[MsgId: MMSG-26355]
Action.c(104): Registering web_reg_save_param was successful  	[MsgId: MMSG-26390]
Action.c(109): web_reg_save_param started  	[MsgId: MMSG-26355]
Action.c(109): Registering web_reg_save_param was successful  	[MsgId: MMSG-26390]
Action.c(114): Error: Cannot start transaction "User_login". This Vuser already started a transaction with the same name, and has not yet processed the corresponding lr_end_transaction statement.	[MsgId: MERR-16993]
End auto log messages stack.	[MsgId: MMSG-10544]


Start auto log messages stack - Iteration 2.	[MsgId: MMSG-10545]
Action.c(87): Downloading resource "http://10.184.129.108/Platform/fonts/icomoon.ttf?my8ecs" (specified by argument number 11)  	[MsgId: MMSG-26577]
Action.c(87): web_url("login-view.html") was successful, 28801 body bytes, 764 header bytes  	[MsgId: MMSG-26386]
Action.c(99): web_reg_save_param started  	[MsgId: MMSG-26355]
Action.c(99): Registering web_reg_save_param was successful  	[MsgId: MMSG-26390]
Action.c(104): web_reg_save_param started  	[MsgId: MMSG-26355]
Action.c(104): Registering web_reg_save_param was successful  	[MsgId: MMSG-26390]
Action.c(109): web_reg_save_param started  	[MsgId: MMSG-26355]
Action.c(109): Registering web_reg_save_param was successful  	[MsgId: MMSG-26390]
Action.c(114): Error: Cannot start transaction "User_login". This Vuser already started a transaction with the same name, and has not yet processed the corresponding lr_end_transaction statement.	[MsgId: MERR-16993]
End auto log messages stack.	[MsgId: MMSG-10544]


