Action.c(1204): web_url("CheckLoginStatus_25") was successful, 4 body bytes, 251 header bytes  	[MsgId: MMSG-26386]
Action.c(1322): web_reg_save_param started  	[MsgId: MMSG-26355]
Action.c(1213): web_reg_save_param started  	[MsgId: MMSG-26355]
Action.c(1213): web_reg_save_param started  	[MsgId: MMSG-26355]
Action.c(1213): Registering web_reg_save_param was successful  	[MsgId: MMSG-26390]
Action.c(1322): Registering web_reg_save_param was successful  	[MsgId: MMSG-26390]
Action.c(1213): Registering web_reg_save_param was successful  	[MsgId: MMSG-26390]
Action.c(1218): Notify: Transaction "SetStatusOfFilmWithoutExpand_printed" started.	[MsgId: MMSG-16999]
Action.c(1327): Notify: Transaction "SetStatusOfFilmWithExpand_printed" started.	[MsgId: MMSG-16999]
Action.c(1218): Notify: Transaction "SetStatusOfFilmWithoutExpand_printed" started.	[MsgId: MMSG-16999]
Action.c(1220): web_custom_request("web_custom_request") started  	[MsgId: MMSG-26355]
Action.c(1329): web_custom_request("web_custom_request") started  	[MsgId: MMSG-26355]
Action.c(1220): web_custom_request("web_custom_request") started  	[MsgId: MMSG-26355]
Action.c(1220): HTML parsing not performed for Content-Type "application/json" ("ParseHtmlContentType" Run-Time Setting is "TEXT"). URL="http://10.184.129.208/webapi/api/worklist/UpdateStatusByAccessionNumber"  	[MsgId: MMSG-26548]
Action.c(1220): web_custom_request("web_custom_request") was successful, 546 body bytes, 259 header bytes  	[MsgId: MMSG-26386]
Action.c(1230): Notify: Transaction "SetStatusOfFilmWithoutExpand_printed" ended with a "Pass" status (Duration: 0.1994 Wasted Time: 0.0000).	[MsgId: MMSG-16871]
The result is:  true	[MsgId: MMSG-17999]
Action.c(1239): lr_think_time: 5.00 seconds.	[MsgId: MMSG-15948]
Action.c(1220): HTML parsing not performed for Content-Type "application/json" ("ParseHtmlContentType" Run-Time Setting is "TEXT"). URL="http://10.184.129.208/webapi/api/worklist/UpdateStatusByAccessionNumber"  	[MsgId: MMSG-26548]
Action.c(1329): HTML parsing not performed for Content-Type "application/json" ("ParseHtmlContentType" Run-Time Setting is "TEXT"). URL="http://10.184.129.208/webapi/api/worklist/UpdateStatusByAccessionNumber"  	[MsgId: MMSG-26548]
Action.c(1220): web_custom_request("web_custom_request") was successful, 546 body bytes, 259 header bytes  	[MsgId: MMSG-26386]
Action.c(1230): Notify: Transaction "SetStatusOfFilmWithoutExpand_printed" ended with a "Pass" status (Duration: 0.2007 Wasted Time: 0.0000).	[MsgId: MMSG-16871]
Action.c(1329): web_custom_request("web_custom_request") was successful, 1400 body bytes, 260 header bytes  	[MsgId: MMSG-26386]
The result is:  true	[MsgId: MMSG-17999]
Action.c(1339): Notify: Transaction "SetStatusOfFilmWithExpand_printed" ended with a "Pass" status (Duration: 0.2008 Wasted Time: 0.0000).	[MsgId: MMSG-16871]
Action.c(1239): lr_think_time: 5.00 seconds.	[MsgId: MMSG-15948]
The result is:  true	[MsgId: MMSG-17999]
Action.c(1349): lr_think_time: 5.00 seconds.	[MsgId: MMSG-15948]
Action.c(1277): web_url("CheckLoginStatus_25") started  	[MsgId: MMSG-26355]
Action.c(1277): HTML parsing not performed for Content-Type "application/json" ("ParseHtmlContentType" Run-Time Setting is "TEXT"). URL="http://10.184.129.208/Platform/Account/CheckLoginStatus"  	[MsgId: MMSG-26548]
Action.c(1277): web_url("CheckLoginStatus_25") was successful, 4 body bytes, 251 header bytes  	[MsgId: MMSG-26386]
Action.c(1285): web_reg_save_param started  	[MsgId: MMSG-26355]
Action.c(1285): Registering web_reg_save_param was successful  	[MsgId: MMSG-26390]
Action.c(1290): Notify: Transaction "SetStatusOfFilmWithExpand_unprinted" started.	[MsgId: MMSG-16999]
Action.c(1292): web_custom_request("web_custom_request") started  	[MsgId: MMSG-26355]
Action.c(1292): HTML parsing not performed for Content-Type "application/json" ("ParseHtmlContentType" Run-Time Setting is "TEXT"). URL="http://10.184.129.208/webapi/api/worklist/UpdateStatusByAccessionNumber"  	[MsgId: MMSG-26548]
Action.c(1292): web_custom_request("web_custom_request") was successful, 1400 body bytes, 260 header bytes  	[MsgId: MMSG-26386]
Action.c(1302): Notify: Transaction "SetStatusOfFilmWithExpand_unprinted" ended with a "Pass" status (Duration: 0.2089 Wasted Time: 0.0000).	[MsgId: MMSG-16871]
The result is:  true	[MsgId: MMSG-17999]
Action.c(1311): lr_think_time: 5.00 seconds.	[MsgId: MMSG-15948]
Action.c(801): Notify: Transaction "worklist_query_Patient_PID" started.	[MsgId: MMSG-16999]
Action.c(803): web_custom_request("searchWorklist_7") started  	[MsgId: MMSG-26355]
Action.c(803): HTML parsing not performed for Content-Type "application/json" ("ParseHtmlContentType" Run-Time Setting is "TEXT"). URL="http://10.184.129.208/webapi/api/worklist/searchWorklist"  	[MsgId: MMSG-26548]
Action.c(803): web_custom_request("searchWorklist_7") was successful, 577 body bytes, 259 header bytes  	[MsgId: MMSG-26386]
Action.c(814): Notify: Transaction "worklist_query_Patient_PID" ended with a "Pass" status (Duration: 0.0984).	[MsgId: MMSG-16873]
Action.c(816): web_url("CheckLoginStatus_25") started  	[MsgId: MMSG-26355]
Action.c(816): HTML parsing not performed for Content-Type "application/json" ("ParseHtmlContentType" Run-Time Setting is "TEXT"). URL="http://10.184.129.208/Platform/Account/CheckLoginStatus"  	[MsgId: MMSG-26548]
Action.c(816): web_url("CheckLoginStatus_25") was successful, 4 body bytes, 251 header bytes  	[MsgId: MMSG-26386]
Action.c(824): lr_think_time: 5.00 seconds.	[MsgId: MMSG-15948]
Action.c(1503): web_url("CheckLoginStatus_25") started  	[MsgId: MMSG-26355]
Action.c(1503): HTML parsing not performed for Content-Type "application/json" ("ParseHtmlContentType" Run-Time Setting is "TEXT"). URL="http://10.184.129.208/Platform/Account/CheckLoginStatus"  	[MsgId: MMSG-26548]
Action.c(1503): web_url("CheckLoginStatus_25") was successful, 4 body bytes, 251 header bytes  	[MsgId: MMSG-26386]
Action.c(1511): lr_think_time: 5.00 seconds.	[MsgId: MMSG-15948]
Action.c(1241): web_url("CheckLoginStatus_25") started  	[MsgId: MMSG-26355]
Action.c(1351): web_url("CheckLoginStatus_25") started  	[MsgId: MMSG-26355]
Action.c(1241): HTML parsing not performed for Content-Type "application/json" ("ParseHtmlContentType" Run-Time Setting is "TEXT"). URL="http://10.184.129.208/Platform/Account/CheckLoginStatus"  	[MsgId: MMSG-26548]
Action.c(1351): HTML parsing not performed for Content-Type "application/json" ("ParseHtmlContentType" Run-Time Setting is "TEXT"). URL="http://10.184.129.208/Platform/Account/CheckLoginStatus"  	[MsgId: MMSG-26548]
Action.c(1241): web_url("CheckLoginStatus_25") was successful, 4 body bytes, 251 header bytes  	[MsgId: MMSG-26386]
Action.c(1351): web_url("CheckLoginStatus_25") was successful, 4 body bytes, 251 header bytes  	[MsgId: MMSG-26386]
Action.c(1249): web_reg_save_param started  	[MsgId: MMSG-26355]
Action.c(1359): web_reg_save_param started  	[MsgId: MMSG-26355]
Action.c(1249): Registering web_reg_save_param was successful  	[MsgId: MMSG-26390]
Action.c(1359): Registering web_reg_save_param was successful  	[MsgId: MMSG-26390]
Action.c(1254): Notify: Transaction "SetStatusOfFilmWithoutExpand_NOTprinte" started.	[MsgId: MMSG-16999]
Action.c(1365): Notify: Transaction "SetStatusOfFilmWithExpand_NOTprinted" started.	[MsgId: MMSG-16999]
Action.c(1256): web_custom_request("web_custom_request") started  	[MsgId: MMSG-26355]
Action.c(1367): web_custom_request("web_custom_request") started  	[MsgId: MMSG-26355]
Action.c(1367): HTML parsing not performed for Content-Type "application/json" ("ParseHtmlContentType" Run-Time Setting is "TEXT"). URL="http://10.184.129.208/webapi/api/worklist/UpdateStatusByAccessionNumber"  	[MsgId: MMSG-26548]
Action.c(1256): HTML parsing not performed for Content-Type "application/json" ("ParseHtmlContentType" Run-Time Setting is "TEXT"). URL="http://10.184.129.208/webapi/api/worklist/UpdateStatusByAccessionNumber"  	[MsgId: MMSG-26548]
Action.c(1256): web_custom_request("web_custom_request") was successful, 546 body bytes, 259 header bytes  	[MsgId: MMSG-26386]
Action.c(1367): web_custom_request("web_custom_request") was successful, 1399 body bytes, 260 header bytes  	[MsgId: MMSG-26386]
Action.c(1377): Notify: Transaction "SetStatusOfFilmWithExpand_NOTprinted" ended with a "Pass" status (Duration: 0.2136 Wasted Time: 0.0000).	[MsgId: MMSG-16871]
Action.c(1266): Notify: Transaction "SetStatusOfFilmWithoutExpand_NOTprinte" ended with a "Pass" status (Duration: 0.2136 Wasted Time: 0.0000).	[MsgId: MMSG-16871]
The result is:  true	[MsgId: MMSG-17999]
The result is:  true	[MsgId: MMSG-17999]
Action.c(1386): lr_think_time: 5.00 seconds.	[MsgId: MMSG-15948]
Action.c(1275): lr_think_time: 5.00 seconds.	[MsgId: MMSG-15948]
Action.c(1241): web_url("CheckLoginStatus_25") started  	[MsgId: MMSG-26355]
Action.c(1351): web_url("CheckLoginStatus_25") started  	[MsgId: MMSG-26355]
Action.c(1241): web_url("CheckLoginStatus_25") started  	[MsgId: MMSG-26355]
Action.c(1351): HTML parsing not performed for Content-Type "application/json" ("ParseHtmlContentType" Run-Time Setting is "TEXT"). URL="http://10.184.129.208/Platform/Account/CheckLoginStatus"  	[MsgId: MMSG-26548]
Action.c(1241): HTML parsing not performed for Content-Type "application/json" ("ParseHtmlContentType" Run-Time Setting is "TEXT"). URL="http://10.184.129.208/Platform/Account/CheckLoginStatus"  	[MsgId: MMSG-26548]
Action.c(1241): HTML parsing not performed for Content-Type "application/json" ("ParseHtmlContentType" Run-Time Setting is "TEXT"). URL="http://10.184.129.208/Platform/Account/CheckLoginStatus"  	[MsgId: MMSG-26548]
Action.c(1351): web_url("CheckLoginStatus_25") was successful, 4 body bytes, 251 header bytes  	[MsgId: MMSG-26386]
Action.c(1241): web_url("CheckLoginStatus_25") was successful, 4 body bytes, 251 header bytes  	[MsgId: MMSG-26386]
Action.c(1241): web_url("CheckLoginStatus_25") was successful, 4 body bytes, 251 header bytes  	[MsgId: MMSG-26386]
Action.c(1359): web_reg_save_param started  	[MsgId: MMSG-26355]
Action.c(1249): web_reg_save_param started  	[MsgId: MMSG-26355]
Action.c(1249): web_reg_save_param started  	[MsgId: MMSG-26355]
Action.c(1359): Registering web_reg_save_param was successful  	[MsgId: MMSG-26390]
Action.c(1249): Registering web_reg_save_param was successful  	[MsgId: MMSG-26390]
Action.c(1249): Registering web_reg_save_param was successful  	[MsgId: MMSG-26390]
Action.c(1365): Notify: Transaction "SetStatusOfFilmWithExpand_NOTprinted" started.	[MsgId: MMSG-16999]
Action.c(1254): Notify: Transaction "SetStatusOfFilmWithoutExpand_NOTprinte" started.	[MsgId: MMSG-16999]
Action.c(1254): Notify: Transaction "SetStatusOfFilmWithoutExpand_NOTprinte" started.	[MsgId: MMSG-16999]
Action.c(1367): web_custom_request("web_custom_request") started  	[MsgId: MMSG-26355]
Action.c(1256): web_custom_request("web_custom_request") started  	[MsgId: MMSG-26355]
Action.c(1256): web_custom_request("web_custom_request") started  	[MsgId: MMSG-26355]
Action.c(1256): HTML parsing not performed for Content-Type "application/json" ("ParseHtmlContentType" Run-Time Setting is "TEXT"). URL="http://10.184.129.208/webapi/api/worklist/UpdateStatusByAccessionNumber"  	[MsgId: MMSG-26548]
Action.c(1256): HTML parsing not performed for Content-Type "application/json" ("ParseHtmlContentType" Run-Time Setting is "TEXT"). URL="http://10.184.129.208/webapi/api/worklist/UpdateStatusByAccessionNumber"  	[MsgId: MMSG-26548]
Action.c(1256): web_custom_request("web_custom_request") was successful, 546 body bytes, 259 header bytes  	[MsgId: MMSG-26386]
Action.c(1256): web_custom_request("web_custom_request") was successful, 546 body bytes, 259 header bytes  	[MsgId: MMSG-26386]
Action.c(1266): Notify: Transaction "SetStatusOfFilmWithoutExpand_NOTprinte" ended with a "Pass" status (Duration: 0.2033 Wasted Time: 0.0000).	[MsgId: MMSG-16871]
Action.c(1266): Notify: Transaction "SetStatusOfFilmWithoutExpand_NOTprinte" ended with a "Pass" status (Duration: 0.2033 Wasted Time: 0.0000).	[MsgId: MMSG-16871]
The result is:  true	[MsgId: MMSG-17999]
The result is:  true	[MsgId: MMSG-17999]
Action.c(1275): lr_think_time: 5.00 seconds.	[MsgId: MMSG-15948]
Action.c(1275): lr_think_time: 5.00 seconds.	[MsgId: MMSG-15948]
Action.c(1367): HTML parsing not performed for Content-Type "application/json" ("ParseHtmlContentType" Run-Time Setting is "TEXT"). URL="http://10.184.129.208/webapi/api/worklist/UpdateStatusByAccessionNumber"  	[MsgId: MMSG-26548]
Action.c(1367): web_custom_request("web_custom_request") was successful, 1400 body bytes, 260 header bytes  	[MsgId: MMSG-26386]
Action.c(1377): Notify: Transaction "SetStatusOfFilmWithExpand_NOTprinted" ended with a "Pass" status (Duration: 0.4073 Wasted Time: 0.0000).	[MsgId: MMSG-16871]
The result is:  true	[MsgId: MMSG-17999]
Action.c(1386): lr_think_time: 5.00 seconds.	[MsgId: MMSG-15948]
Action.c(1313): web_url("CheckLoginStatus_25") started  	[MsgId: MMSG-26355]
Action.c(1313): HTML parsing not performed for Content-Type "application/json" ("ParseHtmlContentType" Run-Time Setting is "TEXT"). URL="http://10.184.129.208/Platform/Account/CheckLoginStatus"  	[MsgId: MMSG-26548]
Action.c(1313): web_url("CheckLoginStatus_25") was successful, 4 body bytes, 251 header bytes  	[MsgId: MMSG-26386]
Action.c(1322): web_reg_save_param started  	[MsgId: MMSG-26355]
Action.c(1322): Registering web_reg_save_param was successful  	[MsgId: MMSG-26390]
Action.c(1327): Notify: Transaction "SetStatusOfFilmWithExpand_printed" started.	[MsgId: MMSG-16999]
Action.c(1329): web_custom_request("web_custom_request") started  	[MsgId: MMSG-26355]
Action.c(1329): HTML parsing not performed for Content-Type "application/json" ("ParseHtmlContentType" Run-Time Setting is "TEXT"). URL="http://10.184.129.208/webapi/api/worklist/UpdateStatusByAccessionNumber"  	[MsgId: MMSG-26548]
Action.c(1329): web_custom_request("web_custom_request") was successful, 1398 body bytes, 260 header bytes  	[MsgId: MMSG-26386]
Action.c(1339): Notify: Transaction "SetStatusOfFilmWithExpand_printed" ended with a "Pass" status (Duration: 0.2037 Wasted Time: 0.0000).	[MsgId: MMSG-16871]
The result is:  true	[MsgId: MMSG-17999]
Action.c(1349): lr_think_time: 5.00 seconds.	[MsgId: MMSG-15948]
Action.c(827): Notify: Transaction "worklist_query_Patient_PatientName" started.	[MsgId: MMSG-16999]
Action.c(829): web_custom_request("worklist_query_Patient_PatientName") started  	[MsgId: MMSG-26355]
Action.c(829): HTML parsing not performed for Content-Type "application/json" ("ParseHtmlContentType" Run-Time Setting is "TEXT"). URL="http://10.184.129.208/webapi/api/worklist/searchWorklist"  	[MsgId: MMSG-26548]
Action.c(829): web_custom_request("worklist_query_Patient_PatientName") was successful, 577 body bytes, 259 header bytes  	[MsgId: MMSG-26386]
Action.c(840): Notify: Transaction "worklist_query_Patient_PatientName" ended with a "Pass" status (Duration: 0.1184).	[MsgId: MMSG-16873]
Action.c(842): web_url("CheckLoginStatus_25") started  	[MsgId: MMSG-26355]
Action.c(842): HTML parsing not performed for Content-Type "application/json" ("ParseHtmlContentType" Run-Time Setting is "TEXT"). URL="http://10.184.129.208/Platform/Account/CheckLoginStatus"  	[MsgId: MMSG-26548]
Action.c(842): web_url("CheckLoginStatus_25") was successful, 4 body bytes, 251 header bytes  	[MsgId: MMSG-26386]
Action.c(850): lr_think_time: 5.00 seconds.	[MsgId: MMSG-15948]
Action.c(1513): web_reg_save_param started  	[MsgId: MMSG-26355]
Action.c(1513): Registering web_reg_save_param was successful  	[MsgId: MMSG-26390]
Action.c(1518): Notify: Transaction "SetPrintMode" started.	[MsgId: MMSG-16999]
Action.c(1520): web_custom_request("SetHoldingTime") started  	[MsgId: MMSG-26355]
Action.c(1520): HTML parsing not performed for Content-Type "application/json" ("ParseHtmlContentType" Run-Time Setting is "TEXT"). URL="http://10.184.129.208/webapi/api/worklist/UpdateStatusByAccessionNumber"  	[MsgId: MMSG-26548]
Action.c(1520): web_custom_request("SetHoldingTime") was successful, 546 body bytes, 259 header bytes  	[MsgId: MMSG-26386]
Action.c(1530): Notify: Transaction "SetPrintMode" ended with a "Pass" status (Duration: 0.1399 Wasted Time: 0.0000).	[MsgId: MMSG-16871]
The result is:  true	[MsgId: MMSG-17999]
Action.c(1539): lr_think_time: 5.00 seconds.	[MsgId: MMSG-15948]
Action.c(1388): web_url("CheckLoginStatus_25") started  	[MsgId: MMSG-26355]
Action.c(1277): web_url("CheckLoginStatus_25") started  	[MsgId: MMSG-26355]
Action.c(1277): HTML parsing not performed for Content-Type "application/json" ("ParseHtmlContentType" Run-Time Setting is "TEXT"). URL="http://10.184.129.208/Platform/Account/CheckLoginStatus"  	[MsgId: MMSG-26548]
Action.c(1388): HTML parsing not performed for Content-Type "application/json" ("ParseHtmlContentType" Run-Time Setting is "TEXT"). URL="http://10.184.129.208/Platform/Account/CheckLoginStatus"  	[MsgId: MMSG-26548]
Action.c(1277): web_url("CheckLoginStatus_25") was successful, 4 body bytes, 251 header bytes  	[MsgId: MMSG-26386]
Action.c(1388): web_url("CheckLoginStatus_25") was successful, 4 body bytes, 251 header bytes  	[MsgId: MMSG-26386]
Action.c(1285): web_reg_save_param started  	[MsgId: MMSG-26355]
Action.c(1397): Notify: Transaction "Query ALL" started.	[MsgId: MMSG-16999]
Action.c(1399): web_custom_request("searchWorklist") started  	[MsgId: MMSG-26355]
Action.c(1285): Registering web_reg_save_param was successful  	[MsgId: MMSG-26390]
Action.c(1290): Notify: Transaction "SetStatusOfFilmWithExpand_unprinted" started.	[MsgId: MMSG-16999]
Action.c(1292): web_custom_request("web_custom_request") started  	[MsgId: MMSG-26355]
Action.c(1399): HTML parsing not performed for Content-Type "application/json" ("ParseHtmlContentType" Run-Time Setting is "TEXT"). URL="http://10.184.129.208/webapi/api/worklist/searchWorklist"  	[MsgId: MMSG-26548]
Action.c(1292): HTML parsing not performed for Content-Type "application/json" ("ParseHtmlContentType" Run-Time Setting is "TEXT"). URL="http://10.184.129.208/webapi/api/worklist/UpdateStatusByAccessionNumber"  	[MsgId: MMSG-26548]
Action.c(1292): web_custom_request("web_custom_request") was successful, 1399 body bytes, 260 header bytes  	[MsgId: MMSG-26386]
Action.c(1302): Notify: Transaction "SetStatusOfFilmWithExpand_unprinted" ended with a "Pass" status (Duration: 0.4065 Wasted Time: 0.0000).	[MsgId: MMSG-16871]
The result is:  true	[MsgId: MMSG-17999]
Action.c(1311): lr_think_time: 5.00 seconds.	[MsgId: MMSG-15948]
Action.c(1399): web_custom_request("searchWorklist") was successful, 25181 body bytes, 261 header bytes  	[MsgId: MMSG-26386]
Action.c(1409): Notify: Transaction "Query ALL" ended with a "Pass" status (Duration: 0.4087).	[MsgId: MMSG-16873]
Action.c(1412): lr_think_time: 5.00 seconds.	[MsgId: MMSG-15948]
Action.c(1277): web_url("CheckLoginStatus_25") started  	[MsgId: MMSG-26355]
Action.c(1277): web_url("CheckLoginStatus_25") started  	[MsgId: MMSG-26355]
Action.c(1277): HTML parsing not performed for Content-Type "application/json" ("ParseHtmlContentType" Run-Time Setting is "TEXT"). URL="http://10.184.129.208/Platform/Account/CheckLoginStatus"  	[MsgId: MMSG-26548]
Action.c(1277): HTML parsing not performed for Content-Type "application/json" ("ParseHtmlContentType" Run-Time Setting is "TEXT"). URL="http://10.184.129.208/Platform/Account/CheckLoginStatus"  	[MsgId: MMSG-26548]
Action.c(1277): web_url("CheckLoginStatus_25") was successful, 4 body bytes, 251 header bytes  	[MsgId: MMSG-26386]
Action.c(1277): web_url("CheckLoginStatus_25") was successful, 4 body bytes, 251 header bytes  	[MsgId: MMSG-26386]
Action.c(1285): web_reg_save_param started  	[MsgId: MMSG-26355]
Action.c(1285): web_reg_save_param started  	[MsgId: MMSG-26355]
Action.c(1285): Registering web_reg_save_param was successful  	[MsgId: MMSG-26390]
Action.c(1285): Registering web_reg_save_param was successful  	[MsgId: MMSG-26390]
Action.c(1290): Notify: Transaction "SetStatusOfFilmWithExpand_unprinted" started.	[MsgId: MMSG-16999]
Action.c(1290): Notify: Transaction "SetStatusOfFilmWithExpand_unprinted" started.	[MsgId: MMSG-16999]
Action.c(1292): web_custom_request("web_custom_request") started  	[MsgId: MMSG-26355]
Action.c(1292): web_custom_request("web_custom_request") started  	[MsgId: MMSG-26355]
Action.c(1388): web_url("CheckLoginStatus_25") started  	[MsgId: MMSG-26355]
Action.c(1388): HTML parsing not performed for Content-Type "application/json" ("ParseHtmlContentType" Run-Time Setting is "TEXT"). URL="http://10.184.129.208/Platform/Account/CheckLoginStatus"  	[MsgId: MMSG-26548]
Action.c(1388): web_url("CheckLoginStatus_25") was successful, 4 body bytes, 251 header bytes  	[MsgId: MMSG-26386]
Action.c(1397): Notify: Transaction "Query ALL" started.	[MsgId: MMSG-16999]
Action.c(1399): web_custom_request("searchWorklist") started  	[MsgId: MMSG-26355]
Action.c(1292): HTML parsing not performed for Content-Type "application/json" ("ParseHtmlContentType" Run-Time Setting is "TEXT"). URL="http://10.184.129.208/webapi/api/worklist/UpdateStatusByAccessionNumber"  	[MsgId: MMSG-26548]
Action.c(1292): HTML parsing not performed for Content-Type "application/json" ("ParseHtmlContentType" Run-Time Setting is "TEXT"). URL="http://10.184.129.208/webapi/api/worklist/UpdateStatusByAccessionNumber"  	[MsgId: MMSG-26548]
Action.c(1292): web_custom_request("web_custom_request") was successful, 1399 body bytes, 260 header bytes  	[MsgId: MMSG-26386]
Action.c(1302): Notify: Transaction "SetStatusOfFilmWithExpand_unprinted" ended with a "Pass" status (Duration: 0.2027 Wasted Time: 0.0000).	[MsgId: MMSG-16871]
The result is:  true	[MsgId: MMSG-17999]
Action.c(1292): web_custom_request("web_custom_request") was successful, 1399 body bytes, 260 header bytes  	[MsgId: MMSG-26386]
Action.c(1311): lr_think_time: 5.00 seconds.	[MsgId: MMSG-15948]
Action.c(1302): Notify: Transaction "SetStatusOfFilmWithExpand_unprinted" ended with a "Pass" status (Duration: 0.2029 Wasted Time: 0.0000).	[MsgId: MMSG-16871]
The result is:  true	[MsgId: MMSG-17999]
Action.c(1311): lr_think_time: 5.00 seconds.	[MsgId: MMSG-15948]
Action.c(1399): HTML parsing not performed for Content-Type "application/json" ("ParseHtmlContentType" Run-Time Setting is "TEXT"). URL="http://10.184.129.208/webapi/api/worklist/searchWorklist"  	[MsgId: MMSG-26548]
Action.c(1399): web_custom_request("searchWorklist") was successful, 25181 body bytes, 261 header bytes  	[MsgId: MMSG-26386]
Action.c(1409): Notify: Transaction "Query ALL" ended with a "Pass" status (Duration: 0.4092).	[MsgId: MMSG-16873]
Action.c(1412): lr_think_time: 5.00 seconds.	[MsgId: MMSG-15948]
Action.c(1351): web_url("CheckLoginStatus_25") started  	[MsgId: MMSG-26355]
Action.c(1351): HTML parsing not performed for Content-Type "application/json" ("ParseHtmlContentType" Run-Time Setting is "TEXT"). URL="http://10.184.129.208/Platform/Account/CheckLoginStatus"  	[MsgId: MMSG-26548]
Action.c(1351): web_url("CheckLoginStatus_25") was successful, 4 body bytes, 251 header bytes  	[MsgId: MMSG-26386]
Action.c(1359): web_reg_save_param started  	[MsgId: MMSG-26355]
Action.c(1359): Registering web_reg_save_param was successful  	[MsgId: MMSG-26390]
Action.c(1365): Notify: Transaction "SetStatusOfFilmWithExpand_NOTprinted" started.	[MsgId: MMSG-16999]
Action.c(1367): web_custom_request("web_custom_request") started  	[MsgId: MMSG-26355]
Action.c(1367): HTML parsing not performed for Content-Type "application/json" ("ParseHtmlContentType" Run-Time Setting is "TEXT"). URL="http://10.184.129.208/webapi/api/worklist/UpdateStatusByAccessionNumber"  	[MsgId: MMSG-26548]
Action.c(1367): web_custom_request("web_custom_request") was successful, 1400 body bytes, 260 header bytes  	[MsgId: MMSG-26386]
Action.c(1377): Notify: Transaction "SetStatusOfFilmWithExpand_NOTprinted" ended with a "Pass" status (Duration: 0.2032 Wasted Time: 0.0001).	[MsgId: MMSG-16871]
The result is:  true	[MsgId: MMSG-17999]
Action.c(1386): lr_think_time: 5.00 seconds.	[MsgId: MMSG-15948]
Action.c(854): Notify: Transaction "worklist_query_ACC" started.	[MsgId: MMSG-16999]
Action.c(856): web_custom_request("searchWorklist_8") started  	[MsgId: MMSG-26355]
Action.c(856): HTML parsing not performed for Content-Type "application/json" ("ParseHtmlContentType" Run-Time Setting is "TEXT"). URL="http://10.184.129.208/webapi/api/worklist/searchWorklist"  	[MsgId: MMSG-26548]
Action.c(856): web_custom_request("searchWorklist_8") was successful, 577 body bytes, 259 header bytes  	[MsgId: MMSG-26386]
Action.c(867): Notify: Transaction "worklist_query_ACC" ended with a "Pass" status (Duration: 0.1195).	[MsgId: MMSG-16873]
Action.c(869): web_url("CheckLoginStatus_26") started  	[MsgId: MMSG-26355]
Action.c(869): HTML parsing not performed for Content-Type "application/json" ("ParseHtmlContentType" Run-Time Setting is "TEXT"). URL="http://10.184.129.208/Platform/Account/CheckLoginStatus"  	[MsgId: MMSG-26548]
Action.c(869): web_url("CheckLoginStatus_26") was successful, 4 body bytes, 251 header bytes  	[MsgId: MMSG-26386]
Action.c(878): lr_think_time: 5.00 seconds.	[MsgId: MMSG-15948]
Ending action Action.	[MsgId: MMSG-15918]
Ending Vuser...	[MsgId: MMSG-15966]
Starting action vuser_end.	[MsgId: MMSG-15919]
Ending action vuser_end.	[MsgId: MMSG-15918]
Vuser Terminated.	[MsgId: MMSG-15963]
Action.c(1313): web_url("CheckLoginStatus_25") started  	[MsgId: MMSG-26355]
Action.c(1414): web_url("CheckLoginStatus_25") started  	[MsgId: MMSG-26355]
Action.c(1313): HTML parsing not performed for Content-Type "application/json" ("ParseHtmlContentType" Run-Time Setting is "TEXT"). URL="http://10.184.129.208/Platform/Account/CheckLoginStatus"  	[MsgId: MMSG-26548]
Action.c(1414): HTML parsing not performed for Content-Type "application/json" ("ParseHtmlContentType" Run-Time Setting is "TEXT"). URL="http://10.184.129.208/Platform/Account/CheckLoginStatus"  	[MsgId: MMSG-26548]
Action.c(1313): web_url("CheckLoginStatus_25") was successful, 4 body bytes, 251 header bytes  	[MsgId: MMSG-26386]
Action.c(1414): web_url("CheckLoginStatus_25") was successful, 4 body bytes, 251 header bytes  	[MsgId: MMSG-26386]
Action.c(1422): Notify: Transaction "Query ALL_secondPage" started.	[MsgId: MMSG-16999]
Action.c(1322): web_reg_save_param started  	[MsgId: MMSG-26355]
Action.c(1423): web_custom_request("searchWorklist") started  	[MsgId: MMSG-26355]
Action.c(1322): Registering web_reg_save_param was successful  	[MsgId: MMSG-26390]
Action.c(1327): Notify: Transaction "SetStatusOfFilmWithExpand_printed" started.	[MsgId: MMSG-16999]
Action.c(1329): web_custom_request("web_custom_request") started  	[MsgId: MMSG-26355]
Action.c(1313): web_url("CheckLoginStatus_25") started  	[MsgId: MMSG-26355]
Action.c(1313): web_url("CheckLoginStatus_25") started  	[MsgId: MMSG-26355]
Action.c(1313): HTML parsing not performed for Content-Type "application/json" ("ParseHtmlContentType" Run-Time Setting is "TEXT"). URL="http://10.184.129.208/Platform/Account/CheckLoginStatus"  	[MsgId: MMSG-26548]
Action.c(1313): HTML parsing not performed for Content-Type "application/json" ("ParseHtmlContentType" Run-Time Setting is "TEXT"). URL="http://10.184.129.208/Platform/Account/CheckLoginStatus"  	[MsgId: MMSG-26548]
Action.c(1313): web_url("CheckLoginStatus_25") was successful, 4 body bytes, 251 header bytes  	[MsgId: MMSG-26386]
Action.c(1313): web_url("CheckLoginStatus_25") was successful, 4 body bytes, 251 header bytes  	[MsgId: MMSG-26386]
Action.c(1423): HTML parsing not performed for Content-Type "application/json" ("ParseHtmlContentType" Run-Time Setting is "TEXT"). URL="http://10.184.129.208/webapi/api/worklist/searchWorklist"  	[MsgId: MMSG-26548]
Action.c(1322): web_reg_save_param started  	[MsgId: MMSG-26355]
Action.c(1322): web_reg_save_param started  	[MsgId: MMSG-26355]
Action.c(1322): Registering web_reg_save_param was successful  	[MsgId: MMSG-26390]
Action.c(1322): Registering web_reg_save_param was successful  	[MsgId: MMSG-26390]
Action.c(1327): Notify: Transaction "SetStatusOfFilmWithExpand_printed" started.	[MsgId: MMSG-16999]
Action.c(1327): Notify: Transaction "SetStatusOfFilmWithExpand_printed" started.	[MsgId: MMSG-16999]
Action.c(1329): web_custom_request("web_custom_request") started  	[MsgId: MMSG-26355]
Action.c(1329): web_custom_request("web_custom_request") started  	[MsgId: MMSG-26355]
Action.c(1423): web_custom_request("searchWorklist") was successful, 25181 body bytes, 261 header bytes  	[MsgId: MMSG-26386]
Action.c(1433): Notify: Transaction "Query ALL_secondPage" ended with a "Pass" status (Duration: 0.4087).	[MsgId: MMSG-16873]
Action.c(1435): web_url("CheckLoginStatus_25") started  	[MsgId: MMSG-26355]
Action.c(1329): HTML parsing not performed for Content-Type "application/json" ("ParseHtmlContentType" Run-Time Setting is "TEXT"). URL="http://10.184.129.208/webapi/api/worklist/UpdateStatusByAccessionNumber"  	[MsgId: MMSG-26548]
Action.c(1329): web_custom_request("web_custom_request") was successful, 1398 body bytes, 260 header bytes  	[MsgId: MMSG-26386]
Action.c(1339): Notify: Transaction "SetStatusOfFilmWithExpand_printed" ended with a "Pass" status (Duration: 0.6061 Wasted Time: 0.0000).	[MsgId: MMSG-16871]
The result is:  true	[MsgId: MMSG-17999]
Action.c(1349): lr_think_time: 5.00 seconds.	[MsgId: MMSG-15948]
Action.c(1435): HTML parsing not performed for Content-Type "application/json" ("ParseHtmlContentType" Run-Time Setting is "TEXT"). URL="http://10.184.129.208/Platform/Account/CheckLoginStatus"  	[MsgId: MMSG-26548]
Action.c(1435): web_url("CheckLoginStatus_25") was successful, 4 body bytes, 251 header bytes  	[MsgId: MMSG-26386]
Action.c(1444): lr_think_time: 5.00 seconds.	[MsgId: MMSG-15948]
Action.c(1329): HTML parsing not performed for Content-Type "application/json" ("ParseHtmlContentType" Run-Time Setting is "TEXT"). URL="http://10.184.129.208/webapi/api/worklist/UpdateStatusByAccessionNumber"  	[MsgId: MMSG-26548]
Action.c(1329): HTML parsing not performed for Content-Type "application/json" ("ParseHtmlContentType" Run-Time Setting is "TEXT"). URL="http://10.184.129.208/webapi/api/worklist/UpdateStatusByAccessionNumber"  	[MsgId: MMSG-26548]
Action.c(1329): web_custom_request("web_custom_request") was successful, 1399 body bytes, 260 header bytes  	[MsgId: MMSG-26386]
Action.c(1329): web_custom_request("web_custom_request") was successful, 1399 body bytes, 260 header bytes  	[MsgId: MMSG-26386]
Action.c(1339): Notify: Transaction "SetStatusOfFilmWithExpand_printed" ended with a "Pass" status (Duration: 0.2033 Wasted Time: 0.0000).	[MsgId: MMSG-16871]
Action.c(1339): Notify: Transaction "SetStatusOfFilmWithExpand_printed" ended with a "Pass" status (Duration: 0.2033 Wasted Time: 0.0000).	[MsgId: MMSG-16871]
The result is:  true	[MsgId: MMSG-17999]
The result is:  true	[MsgId: MMSG-17999]
Action.c(1349): lr_think_time: 5.00 seconds.	[MsgId: MMSG-15948]
Action.c(1349): lr_think_time: 5.00 seconds.	[MsgId: MMSG-15948]
Action.c(1414): web_url("CheckLoginStatus_25") started  	[MsgId: MMSG-26355]
Action.c(1414): HTML parsing not performed for Content-Type "application/json" ("ParseHtmlContentType" Run-Time Setting is "TEXT"). URL="http://10.184.129.208/Platform/Account/CheckLoginStatus"  	[MsgId: MMSG-26548]
Action.c(1414): web_url("CheckLoginStatus_25") was successful, 4 body bytes, 251 header bytes  	[MsgId: MMSG-26386]
Action.c(1422): Notify: Transaction "Query ALL_secondPage" started.	[MsgId: MMSG-16999]
Action.c(1423): web_custom_request("searchWorklist") started  	[MsgId: MMSG-26355]
Action.c(1423): HTML parsing not performed for Content-Type "application/json" ("ParseHtmlContentType" Run-Time Setting is "TEXT"). URL="http://10.184.129.208/webapi/api/worklist/searchWorklist"  	[MsgId: MMSG-26548]
Action.c(1423): web_custom_request("searchWorklist") was successful, 25181 body bytes, 261 header bytes  	[MsgId: MMSG-26386]
Action.c(1433): Notify: Transaction "Query ALL_secondPage" ended with a "Pass" status (Duration: 0.4084).	[MsgId: MMSG-16873]
Action.c(1435): web_url("CheckLoginStatus_25") started  	[MsgId: MMSG-26355]
Action.c(1435): HTML parsing not performed for Content-Type "application/json" ("ParseHtmlContentType" Run-Time Setting is "TEXT"). URL="http://10.184.129.208/Platform/Account/CheckLoginStatus"  	[MsgId: MMSG-26548]
Action.c(1435): web_url("CheckLoginStatus_25") was successful, 4 body bytes, 251 header bytes  	[MsgId: MMSG-26386]
Action.c(1444): lr_think_time: 5.00 seconds.	[MsgId: MMSG-15948]
Action.c(1388): web_url("CheckLoginStatus_25") started  	[MsgId: MMSG-26355]
Action.c(1388): HTML parsing not performed for Content-Type "application/json" ("ParseHtmlContentType" Run-Time Setting is "TEXT"). URL="http://10.184.129.208/Platform/Account/CheckLoginStatus"  	[MsgId: MMSG-26548]
Action.c(1388): web_url("CheckLoginStatus_25") was successful, 4 body bytes, 251 header bytes  	[MsgId: MMSG-26386]
Action.c(1397): Notify: Transaction "Query ALL" started.	[MsgId: MMSG-16999]
Action.c(1399): web_custom_request("searchWorklist") started  	[MsgId: MMSG-26355]
Action.c(1399): HTML parsing not performed for Content-Type "application/json" ("ParseHtmlContentType" Run-Time Setting is "TEXT"). URL="http://10.184.129.208/webapi/api/worklist/searchWorklist"  	[MsgId: MMSG-26548]
Action.c(1399): web_custom_request("searchWorklist") was successful, 25181 body bytes, 261 header bytes  	[MsgId: MMSG-26386]
Action.c(1409): Notify: Transaction "Query ALL" ended with a "Pass" status (Duration: 0.4089).	[MsgId: MMSG-16873]
Action.c(1412): lr_think_time: 5.00 seconds.	[MsgId: MMSG-15948]
Action.c(887): Notify: Transaction "ExpandFilmRecord" started.	[MsgId: MMSG-16999]
Action.c(889): web_custom_request("web_custom_request") started  	[MsgId: MMSG-26355]
Action.c(889): HTML parsing not performed for Content-Type "application/json" ("ParseHtmlContentType" Run-Time Setting is "TEXT"). URL="http://10.184.129.208/webapi/api/worklist/filmInfo?accessionNumber=A20171211100901982"  	[MsgId: MMSG-26548]
Action.c(889): web_custom_request("web_custom_request") was successful, 856 body bytes, 259 header bytes  	[MsgId: MMSG-26386]
Action.c(898): Notify: Transaction "ExpandFilmRecord" ended with a "Pass" status (Duration: 0.1160).	[MsgId: MMSG-16873]
Action.c(900): web_url("CheckLoginStatus_25") started  	[MsgId: MMSG-26355]
Action.c(900): HTML parsing not performed for Content-Type "application/json" ("ParseHtmlContentType" Run-Time Setting is "TEXT"). URL="http://10.184.129.208/Platform/Account/CheckLoginStatus"  	[MsgId: MMSG-26548]
Action.c(900): web_url("CheckLoginStatus_25") was successful, 4 body bytes, 251 header bytes  	[MsgId: MMSG-26386]
Action.c(908): lr_think_time: 5.00 seconds.	[MsgId: MMSG-15948]
Action.c(1351): web_url("CheckLoginStatus_25") started  	[MsgId: MMSG-26355]
Action.c(1446): Notify: Transaction "Query ALL_ThirdPage" started.	[MsgId: MMSG-16999]
Action.c(1447): web_custom_request("searchWorklist") started  	[MsgId: MMSG-26355]
Action.c(1351): web_url("CheckLoginStatus_25") started  	[MsgId: MMSG-26355]
Action.c(1351): web_url("CheckLoginStatus_25") started  	[MsgId: MMSG-26355]
Action.c(1351): HTML parsing not performed for Content-Type "application/json" ("ParseHtmlContentType" Run-Time Setting is "TEXT"). URL="http://10.184.129.208/Platform/Account/CheckLoginStatus"  	[MsgId: MMSG-26548]
Action.c(1351): HTML parsing not performed for Content-Type "application/json" ("ParseHtmlContentType" Run-Time Setting is "TEXT"). URL="http://10.184.129.208/Platform/Account/CheckLoginStatus"  	[MsgId: MMSG-26548]
Action.c(1351): HTML parsing not performed for Content-Type "application/json" ("ParseHtmlContentType" Run-Time Setting is "TEXT"). URL="http://10.184.129.208/Platform/Account/CheckLoginStatus"  	[MsgId: MMSG-26548]
Action.c(1351): web_url("CheckLoginStatus_25") was successful, 4 body bytes, 251 header bytes  	[MsgId: MMSG-26386]
Action.c(1351): web_url("CheckLoginStatus_25") was successful, 4 body bytes, 251 header bytes  	[MsgId: MMSG-26386]
Action.c(1351): web_url("CheckLoginStatus_25") was successful, 4 body bytes, 251 header bytes  	[MsgId: MMSG-26386]
Action.c(1359): web_reg_save_param started  	[MsgId: MMSG-26355]
Action.c(1359): web_reg_save_param started  	[MsgId: MMSG-26355]
Action.c(1359): web_reg_save_param started  	[MsgId: MMSG-26355]
Action.c(1359): Registering web_reg_save_param was successful  	[MsgId: MMSG-26390]
Action.c(1359): Registering web_reg_save_param was successful  	[MsgId: MMSG-26390]
Action.c(1359): Registering web_reg_save_param was successful  	[MsgId: MMSG-26390]
Action.c(1365): Notify: Transaction "SetStatusOfFilmWithExpand_NOTprinted" started.	[MsgId: MMSG-16999]
Action.c(1365): Notify: Transaction "SetStatusOfFilmWithExpand_NOTprinted" started.	[MsgId: MMSG-16999]
Action.c(1365): Notify: Transaction "SetStatusOfFilmWithExpand_NOTprinted" started.	[MsgId: MMSG-16999]
Action.c(1367): web_custom_request("web_custom_request") started  	[MsgId: MMSG-26355]
Action.c(1367): web_custom_request("web_custom_request") started  	[MsgId: MMSG-26355]
Action.c(1367): web_custom_request("web_custom_request") started  	[MsgId: MMSG-26355]
Action.c(1447): HTML parsing not performed for Content-Type "application/json" ("ParseHtmlContentType" Run-Time Setting is "TEXT"). URL="http://10.184.129.208/webapi/api/worklist/searchWorklist"  	[MsgId: MMSG-26548]
Action.c(1367): HTML parsing not performed for Content-Type "application/json" ("ParseHtmlContentType" Run-Time Setting is "TEXT"). URL="http://10.184.129.208/webapi/api/worklist/UpdateStatusByAccessionNumber"  	[MsgId: MMSG-26548]
Action.c(1447): web_custom_request("searchWorklist") was successful, 25181 body bytes, 261 header bytes  	[MsgId: MMSG-26386]
Action.c(1458): Notify: Transaction "Query ALL_ThirdPage" ended with a "Pass" status (Duration: 0.5074).	[MsgId: MMSG-16873]
Action.c(1461): lr_think_time: 5.00 seconds.	[MsgId: MMSG-15948]
Action.c(1367): HTML parsing not performed for Content-Type "application/json" ("ParseHtmlContentType" Run-Time Setting is "TEXT"). URL="http://10.184.129.208/webapi/api/worklist/UpdateStatusByAccessionNumber"  	[MsgId: MMSG-26548]
Action.c(1367): HTML parsing not performed for Content-Type "application/json" ("ParseHtmlContentType" Run-Time Setting is "TEXT"). URL="http://10.184.129.208/webapi/api/worklist/UpdateStatusByAccessionNumber"  	[MsgId: MMSG-26548]
Action.c(1367): web_custom_request("web_custom_request") was successful, 1398 body bytes, 260 header bytes  	[MsgId: MMSG-26386]
Action.c(1377): Notify: Transaction "SetStatusOfFilmWithExpand_NOTprinted" ended with a "Pass" status (Duration: 0.4102 Wasted Time: 0.0000).	[MsgId: MMSG-16871]
Action.c(1367): web_custom_request("web_custom_request") was successful, 1398 body bytes, 260 header bytes  	[MsgId: MMSG-26386]
Action.c(1367): web_custom_request("web_custom_request") was successful, 1398 body bytes, 260 header bytes  	[MsgId: MMSG-26386]
The result is:  true	[MsgId: MMSG-17999]
Action.c(1377): Notify: Transaction "SetStatusOfFilmWithExpand_NOTprinted" ended with a "Pass" status (Duration: 0.4103 Wasted Time: 0.0000).	[MsgId: MMSG-16871]
Action.c(1386): lr_think_time: 5.00 seconds.	[MsgId: MMSG-15948]
Action.c(1377): Notify: Transaction "SetStatusOfFilmWithExpand_NOTprinted" ended with a "Pass" status (Duration: 0.4103 Wasted Time: 0.0000).	[MsgId: MMSG-16871]
The result is:  true	[MsgId: MMSG-17999]
The result is:  true	[MsgId: MMSG-17999]
Action.c(1386): lr_think_time: 5.00 seconds.	[MsgId: MMSG-15948]
Action.c(1386): lr_think_time: 5.00 seconds.	[MsgId: MMSG-15948]
Action.c(1446): Notify: Transaction "Query ALL_ThirdPage" started.	[MsgId: MMSG-16999]
Action.c(1447): web_custom_request("searchWorklist") started  	[MsgId: MMSG-26355]
Action.c(1447): HTML parsing not performed for Content-Type "application/json" ("ParseHtmlContentType" Run-Time Setting is "TEXT"). URL="http://10.184.129.208/webapi/api/worklist/searchWorklist"  	[MsgId: MMSG-26548]
Action.c(1447): web_custom_request("searchWorklist") was successful, 25181 body bytes, 261 header bytes  	[MsgId: MMSG-26386]
Action.c(1458): Notify: Transaction "Query ALL_ThirdPage" ended with a "Pass" status (Duration: 0.5183).	[MsgId: MMSG-16873]
Action.c(1461): lr_think_time: 5.00 seconds.	[MsgId: MMSG-15948]
Action.c(1414): web_url("CheckLoginStatus_25") started  	[MsgId: MMSG-26355]
Action.c(1414): HTML parsing not performed for Content-Type "application/json" ("ParseHtmlContentType" Run-Time Setting is "TEXT"). URL="http://10.184.129.208/Platform/Account/CheckLoginStatus"  	[MsgId: MMSG-26548]
Action.c(1414): web_url("CheckLoginStatus_25") was successful, 4 body bytes, 251 header bytes  	[MsgId: MMSG-26386]
Action.c(1422): Notify: Transaction "Query ALL_secondPage" started.	[MsgId: MMSG-16999]
Action.c(1423): web_custom_request("searchWorklist") started  	[MsgId: MMSG-26355]
Action.c(1423): HTML parsing not performed for Content-Type "application/json" ("ParseHtmlContentType" Run-Time Setting is "TEXT"). URL="http://10.184.129.208/webapi/api/worklist/searchWorklist"  	[MsgId: MMSG-26548]
Action.c(1423): web_custom_request("searchWorklist") was successful, 25181 body bytes, 261 header bytes  	[MsgId: MMSG-26386]
Action.c(1433): Notify: Transaction "Query ALL_secondPage" ended with a "Pass" status (Duration: 0.3528).	[MsgId: MMSG-16873]
Action.c(1435): web_url("CheckLoginStatus_25") started  	[MsgId: MMSG-26355]
Action.c(1435): HTML parsing not performed for Content-Type "application/json" ("ParseHtmlContentType" Run-Time Setting is "TEXT"). URL="http://10.184.129.208/Platform/Account/CheckLoginStatus"  	[MsgId: MMSG-26548]
Action.c(1435): web_url("CheckLoginStatus_25") was successful, 4 body bytes, 251 header bytes  	[MsgId: MMSG-26386]
Action.c(1444): lr_think_time: 5.00 seconds.	[MsgId: MMSG-15948]
Action.c(910): web_url("CheckLoginStatus_25") started  	[MsgId: MMSG-26355]
Action.c(910): HTML parsing not performed for Content-Type "application/json" ("ParseHtmlContentType" Run-Time Setting is "TEXT"). URL="http://10.184.129.208/Platform/Account/CheckLoginStatus"  	[MsgId: MMSG-26548]
Action.c(910): web_url("CheckLoginStatus_25") was successful, 4 body bytes, 251 header bytes  	[MsgId: MMSG-26386]
Action.c(918): Notify: Transaction "ExpandReportRecord" started.	[MsgId: MMSG-16999]
Action.c(920): web_custom_request("web_custom_request") started  	[MsgId: MMSG-26355]
Action.c(920): HTML parsing not performed for Content-Type "application/json" ("ParseHtmlContentType" Run-Time Setting is "TEXT"). URL="http://10.184.129.208/webapi/api/worklist/reportInfo?accessionNumber=A20171211104616444"  	[MsgId: MMSG-26548]
Action.c(920): web_custom_request("web_custom_request") was successful, 613 body bytes, 259 header bytes  	[MsgId: MMSG-26386]
Action.c(929): Notify: Transaction "ExpandReportRecord" ended with a "Pass" status (Duration: 0.2031).	[MsgId: MMSG-16873]
Action.c(931): web_url("CheckLoginStatus_25") started  	[MsgId: MMSG-26355]
Action.c(931): HTML parsing not performed for Content-Type "application/json" ("ParseHtmlContentType" Run-Time Setting is "TEXT"). URL="http://10.184.129.208/Platform/Account/CheckLoginStatus"  	[MsgId: MMSG-26548]
Action.c(931): web_url("CheckLoginStatus_25") was successful, 4 body bytes, 251 header bytes  	[MsgId: MMSG-26386]
Action.c(939): lr_think_time: 5.00 seconds.	[MsgId: MMSG-15948]
Action.c(1388): web_url("CheckLoginStatus_25") started  	[MsgId: MMSG-26355]
Action.c(1388): web_url("CheckLoginStatus_25") started  	[MsgId: MMSG-26355]
Action.c(1388): web_url("CheckLoginStatus_25") started  	[MsgId: MMSG-26355]
Action.c(1463): web_url("CheckLoginStatus_25") started  	[MsgId: MMSG-26355]
Action.c(1388): HTML parsing not performed for Content-Type "application/json" ("ParseHtmlContentType" Run-Time Setting is "TEXT"). URL="http://10.184.129.208/Platform/Account/CheckLoginStatus"  	[MsgId: MMSG-26548]
Action.c(1463): HTML parsing not performed for Content-Type "application/json" ("ParseHtmlContentType" Run-Time Setting is "TEXT"). URL="http://10.184.129.208/Platform/Account/CheckLoginStatus"  	[MsgId: MMSG-26548]
Action.c(1388): HTML parsing not performed for Content-Type "application/json" ("ParseHtmlContentType" Run-Time Setting is "TEXT"). URL="http://10.184.129.208/Platform/Account/CheckLoginStatus"  	[MsgId: MMSG-26548]
Action.c(1388): HTML parsing not performed for Content-Type "application/json" ("ParseHtmlContentType" Run-Time Setting is "TEXT"). URL="http://10.184.129.208/Platform/Account/CheckLoginStatus"  	[MsgId: MMSG-26548]
Action.c(1388): web_url("CheckLoginStatus_25") was successful, 4 body bytes, 251 header bytes  	[MsgId: MMSG-26386]
Action.c(1388): web_url("CheckLoginStatus_25") was successful, 4 body bytes, 251 header bytes  	[MsgId: MMSG-26386]
Action.c(1463): web_url("CheckLoginStatus_25") was successful, 4 body bytes, 251 header bytes  	[MsgId: MMSG-26386]
Action.c(1388): web_url("CheckLoginStatus_25") was successful, 4 body bytes, 251 header bytes  	[MsgId: MMSG-26386]
Action.c(1397): Notify: Transaction "Query ALL" started.	[MsgId: MMSG-16999]
Action.c(1397): Notify: Transaction "Query ALL" started.	[MsgId: MMSG-16999]
Action.c(1397): Notify: Transaction "Query ALL" started.	[MsgId: MMSG-16999]
Action.c(1475): web_reg_save_param started  	[MsgId: MMSG-26355]
Action.c(1399): web_custom_request("searchWorklist") started  	[MsgId: MMSG-26355]
Action.c(1399): web_custom_request("searchWorklist") started  	[MsgId: MMSG-26355]
Action.c(1399): web_custom_request("searchWorklist") started  	[MsgId: MMSG-26355]
Action.c(1475): Registering web_reg_save_param was successful  	[MsgId: MMSG-26390]
Action.c(1480): Notify: Transaction "SetTheHoldingTime" started.	[MsgId: MMSG-16999]
Action.c(1482): web_custom_request("SetHoldingTime") started  	[MsgId: MMSG-26355]
Action.c(1482): HTML parsing not performed for Content-Type "application/json" ("ParseHtmlContentType" Run-Time Setting is "TEXT"). URL="http://10.184.129.208/webapi/api/worklist/UpdateStatusByAccessionNumber"  	[MsgId: MMSG-26548]
Action.c(1482): web_custom_request("SetHoldingTime") was successful, 49 body bytes, 258 header bytes  	[MsgId: MMSG-26386]
Action.c(1492): Notify: Transaction "SetTheHoldingTime" ended with a "Pass" status (Duration: 0.2033 Wasted Time: 0.0000).	[MsgId: MMSG-16871]
The result is:  true	[MsgId: MMSG-17999]
Action.c(1501): lr_think_time: 5.00 seconds.	[MsgId: MMSG-15948]
Action.c(1399): HTML parsing not performed for Content-Type "application/json" ("ParseHtmlContentType" Run-Time Setting is "TEXT"). URL="http://10.184.129.208/webapi/api/worklist/searchWorklist"  	[MsgId: MMSG-26548]
Action.c(1399): web_custom_request("searchWorklist") was successful, 25181 body bytes, 261 header bytes  	[MsgId: MMSG-26386]
Action.c(1409): Notify: Transaction "Query ALL" ended with a "Pass" status (Duration: 0.4088).	[MsgId: MMSG-16873]
Action.c(1412): lr_think_time: 5.00 seconds.	[MsgId: MMSG-15948]
Action.c(1463): web_url("CheckLoginStatus_25") started  	[MsgId: MMSG-26355]
Action.c(1399): HTML parsing not performed for Content-Type "application/json" ("ParseHtmlContentType" Run-Time Setting is "TEXT"). URL="http://10.184.129.208/webapi/api/worklist/searchWorklist"  	[MsgId: MMSG-26548]
Action.c(1399): HTML parsing not performed for Content-Type "application/json" ("ParseHtmlContentType" Run-Time Setting is "TEXT"). URL="http://10.184.129.208/webapi/api/worklist/searchWorklist"  	[MsgId: MMSG-26548]
Action.c(1399): web_custom_request("searchWorklist") was successful, 25181 body bytes, 261 header bytes  	[MsgId: MMSG-26386]
Action.c(1409): Notify: Transaction "Query ALL" ended with a "Pass" status (Duration: 0.8158).	[MsgId: MMSG-16873]
Action.c(1412): lr_think_time: 5.00 seconds.	[MsgId: MMSG-15948]
Action.c(1463): HTML parsing not performed for Content-Type "application/json" ("ParseHtmlContentType" Run-Time Setting is "TEXT"). URL="http://10.184.129.208/Platform/Account/CheckLoginStatus"  	[MsgId: MMSG-26548]
Action.c(1399): web_custom_request("searchWorklist") was successful, 25181 body bytes, 261 header bytes  	[MsgId: MMSG-26386]
Action.c(1409): Notify: Transaction "Query ALL" ended with a "Pass" status (Duration: 0.8178).	[MsgId: MMSG-16873]
Action.c(1463): web_url("CheckLoginStatus_25") was successful, 4 body bytes, 251 header bytes  	[MsgId: MMSG-26386]
Action.c(1412): lr_think_time: 5.00 seconds.	[MsgId: MMSG-15948]
Action.c(1475): web_reg_save_param started  	[MsgId: MMSG-26355]
Action.c(1475): Registering web_reg_save_param was successful  	[MsgId: MMSG-26390]
Action.c(1480): Notify: Transaction "SetTheHoldingTime" started.	[MsgId: MMSG-16999]
Action.c(1482): web_custom_request("SetHoldingTime") started  	[MsgId: MMSG-26355]
Action.c(1482): HTML parsing not performed for Content-Type "application/json" ("ParseHtmlContentType" Run-Time Setting is "TEXT"). URL="http://10.184.129.208/webapi/api/worklist/UpdateStatusByAccessionNumber"  	[MsgId: MMSG-26548]
Action.c(1482): web_custom_request("SetHoldingTime") was successful, 49 body bytes, 258 header bytes  	[MsgId: MMSG-26386]
Action.c(1492): Notify: Transaction "SetTheHoldingTime" ended with a "Pass" status (Duration: 0.1979 Wasted Time: 0.0000).	[MsgId: MMSG-16871]
The result is:  true	[MsgId: MMSG-17999]
Action.c(1501): lr_think_time: 5.00 seconds.	[MsgId: MMSG-15948]
Action.c(1446): Notify: Transaction "Query ALL_ThirdPage" started.	[MsgId: MMSG-16999]
Action.c(1447): web_custom_request("searchWorklist") started  	[MsgId: MMSG-26355]
Action.c(1447): HTML parsing not performed for Content-Type "application/json" ("ParseHtmlContentType" Run-Time Setting is "TEXT"). URL="http://10.184.129.208/webapi/api/worklist/searchWorklist"  	[MsgId: MMSG-26548]
Action.c(1447): web_custom_request("searchWorklist") was successful, 25181 body bytes, 261 header bytes  	[MsgId: MMSG-26386]
Action.c(1458): Notify: Transaction "Query ALL_ThirdPage" ended with a "Pass" status (Duration: 0.3966).	[MsgId: MMSG-16873]
Action.c(1461): lr_think_time: 5.00 seconds.	[MsgId: MMSG-15948]
Action.c(949): web_reg_save_param started  	[MsgId: MMSG-26355]
Action.c(949): Registering web_reg_save_param was successful  	[MsgId: MMSG-26390]
Action.c(955): Notify: Transaction "SetStatusOfReportWithoutExpand_unprinted" started.	[MsgId: MMSG-16999]
Action.c(957): web_custom_request("web_custom_request") started  	[MsgId: MMSG-26355]
Action.c(957): HTML parsing not performed for Content-Type "application/json" ("ParseHtmlContentType" Run-Time Setting is "TEXT"). URL="http://10.184.129.208/webapi/api/worklist/UpdateStatusByStudyInstanceUID"  	[MsgId: MMSG-26548]
Action.c(957): web_custom_request("web_custom_request") was successful, 546 body bytes, 259 header bytes  	[MsgId: MMSG-26386]
Action.c(968): Notify: Transaction "SetStatusOfReportWithoutExpand_unprinted" ended with a "Pass" status (Duration: 0.2390 Wasted Time: 0.0000).	[MsgId: MMSG-16871]
The result is:  true	[MsgId: MMSG-17999]
Action.c(977): lr_think_time: 5.00 seconds.	[MsgId: MMSG-15948]
Action.c(1503): web_url("CheckLoginStatus_25") started  	[MsgId: MMSG-26355]
Action.c(1503): HTML parsing not performed for Content-Type "application/json" ("ParseHtmlContentType" Run-Time Setting is "TEXT"). URL="http://10.184.129.208/Platform/Account/CheckLoginStatus"  	[MsgId: MMSG-26548]
Action.c(1503): web_url("CheckLoginStatus_25") was successful, 4 body bytes, 251 header bytes  	[MsgId: MMSG-26386]
Action.c(1511): lr_think_time: 5.00 seconds.	[MsgId: MMSG-15948]
Action.c(1414): web_url("CheckLoginStatus_25") started  	[MsgId: MMSG-26355]
Action.c(1414): HTML parsing not performed for Content-Type "application/json" ("ParseHtmlContentType" Run-Time Setting is "TEXT"). URL="http://10.184.129.208/Platform/Account/CheckLoginStatus"  	[MsgId: MMSG-26548]
Action.c(1414): web_url("CheckLoginStatus_25") was successful, 4 body bytes, 251 header bytes  	[MsgId: MMSG-26386]
Action.c(1422): Notify: Transaction "Query ALL_secondPage" started.	[MsgId: MMSG-16999]
Action.c(1423): web_custom_request("searchWorklist") started  	[MsgId: MMSG-26355]
Action.c(1414): web_url("CheckLoginStatus_25") started  	[MsgId: MMSG-26355]
Action.c(1414): web_url("CheckLoginStatus_25") started  	[MsgId: MMSG-26355]
Action.c(1414): HTML parsing not performed for Content-Type "application/json" ("ParseHtmlContentType" Run-Time Setting is "TEXT"). URL="http://10.184.129.208/Platform/Account/CheckLoginStatus"  	[MsgId: MMSG-26548]
Action.c(1414): HTML parsing not performed for Content-Type "application/json" ("ParseHtmlContentType" Run-Time Setting is "TEXT"). URL="http://10.184.129.208/Platform/Account/CheckLoginStatus"  	[MsgId: MMSG-26548]
Action.c(1414): web_url("CheckLoginStatus_25") was successful, 4 body bytes, 251 header bytes  	[MsgId: MMSG-26386]
Action.c(1414): web_url("CheckLoginStatus_25") was successful, 4 body bytes, 251 header bytes  	[MsgId: MMSG-26386]
Action.c(1422): Notify: Transaction "Query ALL_secondPage" started.	[MsgId: MMSG-16999]
Action.c(1422): Notify: Transaction "Query ALL_secondPage" started.	[MsgId: MMSG-16999]
Action.c(1423): web_custom_request("searchWorklist") started  	[MsgId: MMSG-26355]
Action.c(1423): web_custom_request("searchWorklist") started  	[MsgId: MMSG-26355]
Action.c(1503): web_url("CheckLoginStatus_25") started  	[MsgId: MMSG-26355]
Action.c(1503): HTML parsing not performed for Content-Type "application/json" ("ParseHtmlContentType" Run-Time Setting is "TEXT"). URL="http://10.184.129.208/Platform/Account/CheckLoginStatus"  	[MsgId: MMSG-26548]
Action.c(1503): web_url("CheckLoginStatus_25") was successful, 4 body bytes, 251 header bytes  	[MsgId: MMSG-26386]
Action.c(1511): lr_think_time: 5.00 seconds.	[MsgId: MMSG-15948]
Action.c(1423): HTML parsing not performed for Content-Type "application/json" ("ParseHtmlContentType" Run-Time Setting is "TEXT"). URL="http://10.184.129.208/webapi/api/worklist/searchWorklist"  	[MsgId: MMSG-26548]
Action.c(1423): web_custom_request("searchWorklist") was successful, 25181 body bytes, 261 header bytes  	[MsgId: MMSG-26386]
Action.c(1433): Notify: Transaction "Query ALL_secondPage" ended with a "Pass" status (Duration: 0.8189).	[MsgId: MMSG-16873]
Action.c(1435): web_url("CheckLoginStatus_25") started  	[MsgId: MMSG-26355]
Action.c(1423): HTML parsing not performed for Content-Type "application/json" ("ParseHtmlContentType" Run-Time Setting is "TEXT"). URL="http://10.184.129.208/webapi/api/worklist/searchWorklist"  	[MsgId: MMSG-26548]
Action.c(1423): HTML parsing not performed for Content-Type "application/json" ("ParseHtmlContentType" Run-Time Setting is "TEXT"). URL="http://10.184.129.208/webapi/api/worklist/searchWorklist"  	[MsgId: MMSG-26548]
Action.c(1423): web_custom_request("searchWorklist") was successful, 25181 body bytes, 261 header bytes  	[MsgId: MMSG-26386]
Action.c(1433): Notify: Transaction "Query ALL_secondPage" ended with a "Pass" status (Duration: 0.4111).	[MsgId: MMSG-16873]
Action.c(1435): web_url("CheckLoginStatus_25") started  	[MsgId: MMSG-26355]
Action.c(1423): web_custom_request("searchWorklist") was successful, 25181 body bytes, 261 header bytes  	[MsgId: MMSG-26386]
Action.c(1433): Notify: Transaction "Query ALL_secondPage" ended with a "Pass" status (Duration: 0.4132).	[MsgId: MMSG-16873]
Action.c(1435): web_url("CheckLoginStatus_25") started  	[MsgId: MMSG-26355]
Action.c(1435): HTML parsing not performed for Content-Type "application/json" ("ParseHtmlContentType" Run-Time Setting is "TEXT"). URL="http://10.184.129.208/Platform/Account/CheckLoginStatus"  	[MsgId: MMSG-26548]
Action.c(1435): HTML parsing not performed for Content-Type "application/json" ("ParseHtmlContentType" Run-Time Setting is "TEXT"). URL="http://10.184.129.208/Platform/Account/CheckLoginStatus"  	[MsgId: MMSG-26548]
Action.c(1435): HTML parsing not performed for Content-Type "application/json" ("ParseHtmlContentType" Run-Time Setting is "TEXT"). URL="http://10.184.129.208/Platform/Account/CheckLoginStatus"  	[MsgId: MMSG-26548]
Action.c(1435): web_url("CheckLoginStatus_25") was successful, 4 body bytes, 251 header bytes  	[MsgId: MMSG-26386]
Action.c(1435): web_url("CheckLoginStatus_25") was successful, 4 body bytes, 251 header bytes  	[MsgId: MMSG-26386]
Action.c(1435): web_url("CheckLoginStatus_25") was successful, 4 body bytes, 251 header bytes  	[MsgId: MMSG-26386]
Action.c(1444): lr_think_time: 5.00 seconds.	[MsgId: MMSG-15948]
Action.c(1444): lr_think_time: 5.00 seconds.	[MsgId: MMSG-15948]
Action.c(1444): lr_think_time: 5.00 seconds.	[MsgId: MMSG-15948]
Action.c(1463): web_url("CheckLoginStatus_25") started  	[MsgId: MMSG-26355]
Action.c(1463): HTML parsing not performed for Content-Type "application/json" ("ParseHtmlContentType" Run-Time Setting is "TEXT"). URL="http://10.184.129.208/Platform/Account/CheckLoginStatus"  	[MsgId: MMSG-26548]
Action.c(1463): web_url("CheckLoginStatus_25") was successful, 4 body bytes, 251 header bytes  	[MsgId: MMSG-26386]
Action.c(1475): web_reg_save_param started  	[MsgId: MMSG-26355]
Action.c(1475): Registering web_reg_save_param was successful  	[MsgId: MMSG-26390]
Action.c(1480): Notify: Transaction "SetTheHoldingTime" started.	[MsgId: MMSG-16999]
Action.c(1482): web_custom_request("SetHoldingTime") started  	[MsgId: MMSG-26355]
Action.c(1482): HTML parsing not performed for Content-Type "application/json" ("ParseHtmlContentType" Run-Time Setting is "TEXT"). URL="http://10.184.129.208/webapi/api/worklist/UpdateStatusByAccessionNumber"  	[MsgId: MMSG-26548]
Action.c(1482): web_custom_request("SetHoldingTime") was successful, 49 body bytes, 258 header bytes  	[MsgId: MMSG-26386]
Action.c(1492): Notify: Transaction "SetTheHoldingTime" ended with a "Pass" status (Duration: 0.1200 Wasted Time: 0.0000).	[MsgId: MMSG-16871]
The result is:  true	[MsgId: MMSG-17999]
Action.c(1501): lr_think_time: 5.00 seconds.	[MsgId: MMSG-15948]
Action.c(979): web_url("CheckLoginStatus_25") started  	[MsgId: MMSG-26355]
Action.c(979): HTML parsing not performed for Content-Type "application/json" ("ParseHtmlContentType" Run-Time Setting is "TEXT"). URL="http://10.184.129.208/Platform/Account/CheckLoginStatus"  	[MsgId: MMSG-26548]
Action.c(979): web_url("CheckLoginStatus_25") was successful, 4 body bytes, 251 header bytes  	[MsgId: MMSG-26386]
Action.c(988): web_reg_save_param started  	[MsgId: MMSG-26355]
Action.c(988): Registering web_reg_save_param was successful  	[MsgId: MMSG-26390]
Action.c(992): Notify: Transaction "SetStatusOfReportWithoutExpand_printed" started.	[MsgId: MMSG-16999]
Action.c(994): web_custom_request("web_custom_request") started  	[MsgId: MMSG-26355]
Action.c(994): HTML parsing not performed for Content-Type "application/json" ("ParseHtmlContentType" Run-Time Setting is "TEXT"). URL="http://10.184.129.208/webapi/api/worklist/UpdateStatusByStudyInstanceUID"  	[MsgId: MMSG-26548]
Action.c(994): web_custom_request("web_custom_request") was successful, 546 body bytes, 259 header bytes  	[MsgId: MMSG-26386]
Action.c(1004): Notify: Transaction "SetStatusOfReportWithoutExpand_printed" ended with a "Pass" status (Duration: 0.2042 Wasted Time: 0.0000).	[MsgId: MMSG-16871]
The result is:  true	[MsgId: MMSG-17999]
Action.c(1013): lr_think_time: 5.00 seconds.	[MsgId: MMSG-15948]
Action.c(1513): web_reg_save_param started  	[MsgId: MMSG-26355]
Action.c(1513): Registering web_reg_save_param was successful  	[MsgId: MMSG-26390]
Action.c(1518): Notify: Transaction "SetPrintMode" started.	[MsgId: MMSG-16999]
Action.c(1520): web_custom_request("SetHoldingTime") started  	[MsgId: MMSG-26355]
Action.c(1520): HTML parsing not performed for Content-Type "application/json" ("ParseHtmlContentType" Run-Time Setting is "TEXT"). URL="http://10.184.129.208/webapi/api/worklist/UpdateStatusByAccessionNumber"  	[MsgId: MMSG-26548]
Action.c(1520): web_custom_request("SetHoldingTime") was successful, 546 body bytes, 259 header bytes  	[MsgId: MMSG-26386]
Action.c(1530): Notify: Transaction "SetPrintMode" ended with a "Pass" status (Duration: 0.1254 Wasted Time: 0.0000).	[MsgId: MMSG-16871]
The result is:  true	[MsgId: MMSG-17999]
Action.c(1539): lr_think_time: 5.00 seconds.	[MsgId: MMSG-15948]
Action.c(1513): web_reg_save_param started  	[MsgId: MMSG-26355]
Action.c(1513): Registering web_reg_save_param was successful  	[MsgId: MMSG-26390]
Action.c(1518): Notify: Transaction "SetPrintMode" started.	[MsgId: MMSG-16999]
Action.c(1520): web_custom_request("SetHoldingTime") started  	[MsgId: MMSG-26355]
Action.c(1520): HTML parsing not performed for Content-Type "application/json" ("ParseHtmlContentType" Run-Time Setting is "TEXT"). URL="http://10.184.129.208/webapi/api/worklist/UpdateStatusByAccessionNumber"  	[MsgId: MMSG-26548]
Action.c(1520): web_custom_request("SetHoldingTime") was successful, 546 body bytes, 259 header bytes  	[MsgId: MMSG-26386]
Action.c(1530): Notify: Transaction "SetPrintMode" ended with a "Pass" status (Duration: 0.1321 Wasted Time: 0.0000).	[MsgId: MMSG-16871]
The result is:  true	[MsgId: MMSG-17999]
Action.c(1539): lr_think_time: 5.00 seconds.	[MsgId: MMSG-15948]
Action.c(1446): Notify: Transaction "Query ALL_ThirdPage" started.	[MsgId: MMSG-16999]
Action.c(1446): Notify: Transaction "Query ALL_ThirdPage" started.	[MsgId: MMSG-16999]
Action.c(1446): Notify: Transaction "Query ALL_ThirdPage" started.	[MsgId: MMSG-16999]
Action.c(1447): web_custom_request("searchWorklist") started  	[MsgId: MMSG-26355]
Action.c(1447): web_custom_request("searchWorklist") started  	[MsgId: MMSG-26355]
Action.c(1447): web_custom_request("searchWorklist") started  	[MsgId: MMSG-26355]
Action.c(1447): HTML parsing not performed for Content-Type "application/json" ("ParseHtmlContentType" Run-Time Setting is "TEXT"). URL="http://10.184.129.208/webapi/api/worklist/searchWorklist"  	[MsgId: MMSG-26548]
Action.c(1447): web_custom_request("searchWorklist") was successful, 25181 body bytes, 261 header bytes  	[MsgId: MMSG-26386]
Action.c(1458): Notify: Transaction "Query ALL_ThirdPage" ended with a "Pass" status (Duration: 0.5405).	[MsgId: MMSG-16873]
Action.c(1461): lr_think_time: 5.00 seconds.	[MsgId: MMSG-15948]
Action.c(1447): HTML parsing not performed for Content-Type "application/json" ("ParseHtmlContentType" Run-Time Setting is "TEXT"). URL="http://10.184.129.208/webapi/api/worklist/searchWorklist"  	[MsgId: MMSG-26548]
Action.c(1447): web_custom_request("searchWorklist") was successful, 25181 body bytes, 261 header bytes  	[MsgId: MMSG-26386]
Action.c(1458): Notify: Transaction "Query ALL_ThirdPage" ended with a "Pass" status (Duration: 0.5428).	[MsgId: MMSG-16873]
Action.c(1461): lr_think_time: 5.00 seconds.	[MsgId: MMSG-15948]
Action.c(1447): HTML parsing not performed for Content-Type "application/json" ("ParseHtmlContentType" Run-Time Setting is "TEXT"). URL="http://10.184.129.208/webapi/api/worklist/searchWorklist"  	[MsgId: MMSG-26548]
Action.c(1447): web_custom_request("searchWorklist") was successful, 25181 body bytes, 261 header bytes  	[MsgId: MMSG-26386]
Action.c(1458): Notify: Transaction "Query ALL_ThirdPage" ended with a "Pass" status (Duration: 0.5448).	[MsgId: MMSG-16873]
Action.c(1461): lr_think_time: 5.00 seconds.	[MsgId: MMSG-15948]
Action.c(1503): web_url("CheckLoginStatus_25") started  	[MsgId: MMSG-26355]
Action.c(1503): HTML parsing not performed for Content-Type "application/json" ("ParseHtmlContentType" Run-Time Setting is "TEXT"). URL="http://10.184.129.208/Platform/Account/CheckLoginStatus"  	[MsgId: MMSG-26548]
Action.c(1503): web_url("CheckLoginStatus_25") was successful, 4 body bytes, 251 header bytes  	[MsgId: MMSG-26386]
Action.c(1511): lr_think_time: 5.00 seconds.	[MsgId: MMSG-15948]
Action.c(1015): web_url("CheckLoginStatus_25") started  	[MsgId: MMSG-26355]
Action.c(1015): HTML parsing not performed for Content-Type "application/json" ("ParseHtmlContentType" Run-Time Setting is "TEXT"). URL="http://10.184.129.208/Platform/Account/CheckLoginStatus"  	[MsgId: MMSG-26548]
Action.c(1015): web_url("CheckLoginStatus_25") was successful, 4 body bytes, 251 header bytes  	[MsgId: MMSG-26386]
Action.c(1024): web_reg_save_param started  	[MsgId: MMSG-26355]
Action.c(1024): Registering web_reg_save_param was successful  	[MsgId: MMSG-26390]
Action.c(1029): Notify: Transaction "SetStatusOfReportWithoutExpand_NOTprinte" started.	[MsgId: MMSG-16999]
Action.c(1031): web_custom_request("web_custom_request") started  	[MsgId: MMSG-26355]
Action.c(1031): HTML parsing not performed for Content-Type "application/json" ("ParseHtmlContentType" Run-Time Setting is "TEXT"). URL="http://10.184.129.208/webapi/api/worklist/UpdateStatusByStudyInstanceUID"  	[MsgId: MMSG-26548]
Action.c(1031): web_custom_request("web_custom_request") was successful, 546 body bytes, 259 header bytes  	[MsgId: MMSG-26386]
Action.c(1041): Notify: Transaction "SetStatusOfReportWithoutExpand_NOTprinte" ended with a "Pass" status (Duration: 0.2148 Wasted Time: 0.0000).	[MsgId: MMSG-16871]
The result is:  true	[MsgId: MMSG-17999]
Action.c(1050): lr_think_time: 5.00 seconds.	[MsgId: MMSG-15948]
Ending action Action.	[MsgId: MMSG-15918]
Ending Vuser...	[MsgId: MMSG-15966]
Starting action vuser_end.	[MsgId: MMSG-15919]
Ending action vuser_end.	[MsgId: MMSG-15918]
Vuser Terminated.	[MsgId: MMSG-15963]
Ending action Action.	[MsgId: MMSG-15918]
Ending Vuser...	[MsgId: MMSG-15966]
Starting action vuser_end.	[MsgId: MMSG-15919]
Ending action vuser_end.	[MsgId: MMSG-15918]
Vuser Terminated.	[MsgId: MMSG-15963]
Action.c(1463): web_url("CheckLoginStatus_25") started  	[MsgId: MMSG-26355]
Action.c(1463): web_url("CheckLoginStatus_25") started  	[MsgId: MMSG-26355]
Action.c(1463): web_url("CheckLoginStatus_25") started  	[MsgId: MMSG-26355]
Action.c(1463): HTML parsing not performed for Content-Type "application/json" ("ParseHtmlContentType" Run-Time Setting is "TEXT"). URL="http://10.184.129.208/Platform/Account/CheckLoginStatus"  	[MsgId: MMSG-26548]
Action.c(1463): HTML parsing not performed for Content-Type "application/json" ("ParseHtmlContentType" Run-Time Setting is "TEXT"). URL="http://10.184.129.208/Platform/Account/CheckLoginStatus"  	[MsgId: MMSG-26548]
Action.c(1463): HTML parsing not performed for Content-Type "application/json" ("ParseHtmlContentType" Run-Time Setting is "TEXT"). URL="http://10.184.129.208/Platform/Account/CheckLoginStatus"  	[MsgId: MMSG-26548]
Action.c(1463): web_url("CheckLoginStatus_25") was successful, 4 body bytes, 251 header bytes  	[MsgId: MMSG-26386]
Action.c(1463): web_url("CheckLoginStatus_25") was successful, 4 body bytes, 251 header bytes  	[MsgId: MMSG-26386]
Action.c(1463): web_url("CheckLoginStatus_25") was successful, 4 body bytes, 251 header bytes  	[MsgId: MMSG-26386]
Action.c(1475): web_reg_save_param started  	[MsgId: MMSG-26355]
Action.c(1475): web_reg_save_param started  	[MsgId: MMSG-26355]
Action.c(1475): web_reg_save_param started  	[MsgId: MMSG-26355]
Action.c(1475): Registering web_reg_save_param was successful  	[MsgId: MMSG-26390]
Action.c(1475): Registering web_reg_save_param was successful  	[MsgId: MMSG-26390]
Action.c(1475): Registering web_reg_save_param was successful  	[MsgId: MMSG-26390]
Action.c(1480): Notify: Transaction "SetTheHoldingTime" started.	[MsgId: MMSG-16999]
Action.c(1480): Notify: Transaction "SetTheHoldingTime" started.	[MsgId: MMSG-16999]
Action.c(1480): Notify: Transaction "SetTheHoldingTime" started.	[MsgId: MMSG-16999]
Action.c(1482): web_custom_request("SetHoldingTime") started  	[MsgId: MMSG-26355]
Action.c(1482): web_custom_request("SetHoldingTime") started  	[MsgId: MMSG-26355]
Action.c(1482): web_custom_request("SetHoldingTime") started  	[MsgId: MMSG-26355]
Action.c(1482): HTML parsing not performed for Content-Type "application/json" ("ParseHtmlContentType" Run-Time Setting is "TEXT"). URL="http://10.184.129.208/webapi/api/worklist/UpdateStatusByAccessionNumber"  	[MsgId: MMSG-26548]
Action.c(1482): HTML parsing not performed for Content-Type "application/json" ("ParseHtmlContentType" Run-Time Setting is "TEXT"). URL="http://10.184.129.208/webapi/api/worklist/UpdateStatusByAccessionNumber"  	[MsgId: MMSG-26548]
Action.c(1482): HTML parsing not performed for Content-Type "application/json" ("ParseHtmlContentType" Run-Time Setting is "TEXT"). URL="http://10.184.129.208/webapi/api/worklist/UpdateStatusByAccessionNumber"  	[MsgId: MMSG-26548]
Action.c(1482): web_custom_request("SetHoldingTime") was successful, 49 body bytes, 258 header bytes  	[MsgId: MMSG-26386]
Action.c(1482): web_custom_request("SetHoldingTime") was successful, 49 body bytes, 258 header bytes  	[MsgId: MMSG-26386]
Action.c(1482): web_custom_request("SetHoldingTime") was successful, 49 body bytes, 258 header bytes  	[MsgId: MMSG-26386]
Action.c(1492): Notify: Transaction "SetTheHoldingTime" ended with a "Pass" status (Duration: 0.2039 Wasted Time: 0.0000).	[MsgId: MMSG-16871]
Action.c(1492): Notify: Transaction "SetTheHoldingTime" ended with a "Pass" status (Duration: 0.2039 Wasted Time: 0.0000).	[MsgId: MMSG-16871]
Action.c(1492): Notify: Transaction "SetTheHoldingTime" ended with a "Pass" status (Duration: 0.2040 Wasted Time: 0.0000).	[MsgId: MMSG-16871]
The result is:  true	[MsgId: MMSG-17999]
The result is:  true	[MsgId: MMSG-17999]
The result is:  true	[MsgId: MMSG-17999]
Action.c(1501): lr_think_time: 5.00 seconds.	[MsgId: MMSG-15948]
Action.c(1501): lr_think_time: 5.00 seconds.	[MsgId: MMSG-15948]
Action.c(1501): lr_think_time: 5.00 seconds.	[MsgId: MMSG-15948]
Action.c(1513): web_reg_save_param started  	[MsgId: MMSG-26355]
Action.c(1513): Registering web_reg_save_param was successful  	[MsgId: MMSG-26390]
Action.c(1518): Notify: Transaction "SetPrintMode" started.	[MsgId: MMSG-16999]
Action.c(1520): web_custom_request("SetHoldingTime") started  	[MsgId: MMSG-26355]
Action.c(1520): HTML parsing not performed for Content-Type "application/json" ("ParseHtmlContentType" Run-Time Setting is "TEXT"). URL="http://10.184.129.208/webapi/api/worklist/UpdateStatusByAccessionNumber"  	[MsgId: MMSG-26548]
Action.c(1520): web_custom_request("SetHoldingTime") was successful, 546 body bytes, 259 header bytes  	[MsgId: MMSG-26386]
Action.c(1530): Notify: Transaction "SetPrintMode" ended with a "Pass" status (Duration: 0.1520 Wasted Time: 0.0000).	[MsgId: MMSG-16871]
The result is:  true	[MsgId: MMSG-17999]
Action.c(1539): lr_think_time: 5.00 seconds.	[MsgId: MMSG-15948]
Action.c(1052): web_url("CheckLoginStatus_25") started  	[MsgId: MMSG-26355]
Action.c(1052): HTML parsing not performed for Content-Type "application/json" ("ParseHtmlContentType" Run-Time Setting is "TEXT"). URL="http://10.184.129.208/Platform/Account/CheckLoginStatus"  	[MsgId: MMSG-26548]
Action.c(1052): web_url("CheckLoginStatus_25") was successful, 4 body bytes, 251 header bytes  	[MsgId: MMSG-26386]
Action.c(1061): web_reg_save_param started  	[MsgId: MMSG-26355]
Action.c(1061): Registering web_reg_save_param was successful  	[MsgId: MMSG-26390]
Action.c(1066): Notify: Transaction "SetStatusOfReportWithExpand_unprinted" started.	[MsgId: MMSG-16999]
Action.c(1068): web_custom_request("web_custom_request") started  	[MsgId: MMSG-26355]
Action.c(1068): HTML parsing not performed for Content-Type "application/json" ("ParseHtmlContentType" Run-Time Setting is "TEXT"). URL="http://10.184.129.208/webapi/api/worklist/UpdateStatusByStudyInstanceUID"  	[MsgId: MMSG-26548]
Action.c(1068): web_custom_request("web_custom_request") was successful, 546 body bytes, 259 header bytes  	[MsgId: MMSG-26386]
Action.c(1078): Notify: Transaction "SetStatusOfReportWithExpand_unprinted" ended with a "Pass" status (Duration: 0.2336 Wasted Time: 0.0000).	[MsgId: MMSG-16871]
The result is:  true	[MsgId: MMSG-17999]
Action.c(1087): lr_think_time: 5.00 seconds.	[MsgId: MMSG-15948]
Action.c(1503): web_url("CheckLoginStatus_25") started  	[MsgId: MMSG-26355]
Action.c(1503): web_url("CheckLoginStatus_25") started  	[MsgId: MMSG-26355]
Action.c(1503): web_url("CheckLoginStatus_25") started  	[MsgId: MMSG-26355]
Action.c(1503): HTML parsing not performed for Content-Type "application/json" ("ParseHtmlContentType" Run-Time Setting is "TEXT"). URL="http://10.184.129.208/Platform/Account/CheckLoginStatus"  	[MsgId: MMSG-26548]
Action.c(1503): HTML parsing not performed for Content-Type "application/json" ("ParseHtmlContentType" Run-Time Setting is "TEXT"). URL="http://10.184.129.208/Platform/Account/CheckLoginStatus"  	[MsgId: MMSG-26548]
Action.c(1503): HTML parsing not performed for Content-Type "application/json" ("ParseHtmlContentType" Run-Time Setting is "TEXT"). URL="http://10.184.129.208/Platform/Account/CheckLoginStatus"  	[MsgId: MMSG-26548]
Action.c(1503): web_url("CheckLoginStatus_25") was successful, 4 body bytes, 251 header bytes  	[MsgId: MMSG-26386]
Action.c(1503): web_url("CheckLoginStatus_25") was successful, 4 body bytes, 251 header bytes  	[MsgId: MMSG-26386]
Action.c(1511): lr_think_time: 5.00 seconds.	[MsgId: MMSG-15948]
Action.c(1511): lr_think_time: 5.00 seconds.	[MsgId: MMSG-15948]
Action.c(1503): web_url("CheckLoginStatus_25") was successful, 4 body bytes, 251 header bytes  	[MsgId: MMSG-26386]
Action.c(1511): lr_think_time: 5.00 seconds.	[MsgId: MMSG-15948]
Ending action Action.	[MsgId: MMSG-15918]
Ending Vuser...	[MsgId: MMSG-15966]
Starting action vuser_end.	[MsgId: MMSG-15919]
Ending action vuser_end.	[MsgId: MMSG-15918]
Vuser Terminated.	[MsgId: MMSG-15963]
Action.c(1090): web_url("CheckLoginStatus_25") started  	[MsgId: MMSG-26355]
Action.c(1090): HTML parsing not performed for Content-Type "application/json" ("ParseHtmlContentType" Run-Time Setting is "TEXT"). URL="http://10.184.129.208/Platform/Account/CheckLoginStatus"  	[MsgId: MMSG-26548]
Action.c(1090): web_url("CheckLoginStatus_25") was successful, 4 body bytes, 251 header bytes  	[MsgId: MMSG-26386]
Action.c(1098): web_reg_save_param started  	[MsgId: MMSG-26355]
Action.c(1098): Registering web_reg_save_param was successful  	[MsgId: MMSG-26390]
Action.c(1103): Notify: Transaction "SetStatusOfReportWithExpand_printed" started.	[MsgId: MMSG-16999]
Action.c(1105): web_custom_request("web_custom_request") started  	[MsgId: MMSG-26355]
Action.c(1105): HTML parsing not performed for Content-Type "application/json" ("ParseHtmlContentType" Run-Time Setting is "TEXT"). URL="http://10.184.129.208/webapi/api/worklist/UpdateStatusByStudyInstanceUID"  	[MsgId: MMSG-26548]
Action.c(1105): web_custom_request("web_custom_request") was successful, 546 body bytes, 259 header bytes  	[MsgId: MMSG-26386]
Action.c(1115): Notify: Transaction "SetStatusOfReportWithExpand_printed" ended with a "Pass" status (Duration: 0.1163 Wasted Time: 0.0000).	[MsgId: MMSG-16871]
The result is:  true	[MsgId: MMSG-17999]
Action.c(1124): lr_think_time: 5.00 seconds.	[MsgId: MMSG-15948]
Action.c(1513): web_reg_save_param started  	[MsgId: MMSG-26355]
Action.c(1513): web_reg_save_param started  	[MsgId: MMSG-26355]
Action.c(1513): web_reg_save_param started  	[MsgId: MMSG-26355]
Action.c(1513): Registering web_reg_save_param was successful  	[MsgId: MMSG-26390]
Action.c(1513): Registering web_reg_save_param was successful  	[MsgId: MMSG-26390]
Action.c(1518): Notify: Transaction "SetPrintMode" started.	[MsgId: MMSG-16999]
Action.c(1518): Notify: Transaction "SetPrintMode" started.	[MsgId: MMSG-16999]
Action.c(1513): Registering web_reg_save_param was successful  	[MsgId: MMSG-26390]
Action.c(1520): web_custom_request("SetHoldingTime") started  	[MsgId: MMSG-26355]
Action.c(1518): Notify: Transaction "SetPrintMode" started.	[MsgId: MMSG-16999]
Action.c(1520): web_custom_request("SetHoldingTime") started  	[MsgId: MMSG-26355]
Action.c(1520): web_custom_request("SetHoldingTime") started  	[MsgId: MMSG-26355]
Action.c(1520): HTML parsing not performed for Content-Type "application/json" ("ParseHtmlContentType" Run-Time Setting is "TEXT"). URL="http://10.184.129.208/webapi/api/worklist/UpdateStatusByAccessionNumber"  	[MsgId: MMSG-26548]
Action.c(1520): HTML parsing not performed for Content-Type "application/json" ("ParseHtmlContentType" Run-Time Setting is "TEXT"). URL="http://10.184.129.208/webapi/api/worklist/UpdateStatusByAccessionNumber"  	[MsgId: MMSG-26548]
Action.c(1520): HTML parsing not performed for Content-Type "application/json" ("ParseHtmlContentType" Run-Time Setting is "TEXT"). URL="http://10.184.129.208/webapi/api/worklist/UpdateStatusByAccessionNumber"  	[MsgId: MMSG-26548]
Action.c(1520): web_custom_request("SetHoldingTime") was successful, 546 body bytes, 259 header bytes  	[MsgId: MMSG-26386]
Action.c(1520): web_custom_request("SetHoldingTime") was successful, 546 body bytes, 259 header bytes  	[MsgId: MMSG-26386]
Action.c(1520): web_custom_request("SetHoldingTime") was successful, 546 body bytes, 259 header bytes  	[MsgId: MMSG-26386]
Action.c(1530): Notify: Transaction "SetPrintMode" ended with a "Pass" status (Duration: 0.5150 Wasted Time: 0.0000).	[MsgId: MMSG-16871]
Action.c(1530): Notify: Transaction "SetPrintMode" ended with a "Pass" status (Duration: 0.5151 Wasted Time: 0.0000).	[MsgId: MMSG-16871]
Action.c(1530): Notify: Transaction "SetPrintMode" ended with a "Pass" status (Duration: 0.5149 Wasted Time: 0.0000).	[MsgId: MMSG-16871]
The result is:  true	[MsgId: MMSG-17999]
The result is:  true	[MsgId: MMSG-17999]
The result is:  true	[MsgId: MMSG-17999]
Action.c(1539): lr_think_time: 5.00 seconds.	[MsgId: MMSG-15948]
Action.c(1539): lr_think_time: 5.00 seconds.	[MsgId: MMSG-15948]
Action.c(1539): lr_think_time: 5.00 seconds.	[MsgId: MMSG-15948]
Action.c(1126): web_url("CheckLoginStatus_25") started  	[MsgId: MMSG-26355]
Action.c(1126): HTML parsing not performed for Content-Type "application/json" ("ParseHtmlContentType" Run-Time Setting is "TEXT"). URL="http://10.184.129.208/Platform/Account/CheckLoginStatus"  	[MsgId: MMSG-26548]
Action.c(1126): web_url("CheckLoginStatus_25") was successful, 4 body bytes, 251 header bytes  	[MsgId: MMSG-26386]
Action.c(1134): web_reg_save_param started  	[MsgId: MMSG-26355]
Action.c(1134): Registering web_reg_save_param was successful  	[MsgId: MMSG-26390]
Action.c(1139): Notify: Transaction "SetStatusOfReportWithExpand_NOTprinted" started.	[MsgId: MMSG-16999]
Action.c(1141): web_custom_request("web_custom_request") started  	[MsgId: MMSG-26355]
Action.c(1141): HTML parsing not performed for Content-Type "application/json" ("ParseHtmlContentType" Run-Time Setting is "TEXT"). URL="http://10.184.129.208/webapi/api/worklist/UpdateStatusByStudyInstanceUID"  	[MsgId: MMSG-26548]
Action.c(1141): web_custom_request("web_custom_request") was successful, 546 body bytes, 259 header bytes  	[MsgId: MMSG-26386]
Action.c(1151): Notify: Transaction "SetStatusOfReportWithExpand_NOTprinted" ended with a "Pass" status (Duration: 0.1256 Wasted Time: 0.0000).	[MsgId: MMSG-16871]
The result is:  true	[MsgId: MMSG-17999]
Action.c(1160): lr_think_time: 5.00 seconds.	[MsgId: MMSG-15948]
Ending action Action.	[MsgId: MMSG-15918]
Ending action Action.	[MsgId: MMSG-15918]
Ending action Action.	[MsgId: MMSG-15918]
Ending Vuser...	[MsgId: MMSG-15966]
Ending Vuser...	[MsgId: MMSG-15966]
Ending Vuser...	[MsgId: MMSG-15966]
Starting action vuser_end.	[MsgId: MMSG-15919]
Starting action vuser_end.	[MsgId: MMSG-15919]
Starting action vuser_end.	[MsgId: MMSG-15919]
Ending action vuser_end.	[MsgId: MMSG-15918]
Ending action vuser_end.	[MsgId: MMSG-15918]
Vuser Terminated.	[MsgId: MMSG-15963]
Ending action vuser_end.	[MsgId: MMSG-15918]
Vuser Terminated.	[MsgId: MMSG-15963]
Vuser Terminated.	[MsgId: MMSG-15963]
Action.c(1163): web_url("CheckLoginStatus_25") started  	[MsgId: MMSG-26355]
Action.c(1163): HTML parsing not performed for Content-Type "application/json" ("ParseHtmlContentType" Run-Time Setting is "TEXT"). URL="http://10.184.129.208/Platform/Account/CheckLoginStatus"  	[MsgId: MMSG-26548]
Action.c(1163): web_url("CheckLoginStatus_25") was successful, 4 body bytes, 251 header bytes  	[MsgId: MMSG-26386]
Action.c(1176): web_reg_save_param started  	[MsgId: MMSG-26355]
Action.c(1176): Registering web_reg_save_param was successful  	[MsgId: MMSG-26390]
Action.c(1181): Notify: Transaction "SetStatusOfFilmWithoutExpand_unprinted" started.	[MsgId: MMSG-16999]
Action.c(1183): web_custom_request("web_custom_request") started  	[MsgId: MMSG-26355]
Action.c(1183): HTML parsing not performed for Content-Type "application/json" ("ParseHtmlContentType" Run-Time Setting is "TEXT"). URL="http://10.184.129.208/webapi/api/worklist/UpdateStatusByAccessionNumber"  	[MsgId: MMSG-26548]
Action.c(1183): web_custom_request("web_custom_request") was successful, 546 body bytes, 259 header bytes  	[MsgId: MMSG-26386]
Action.c(1193): Notify: Transaction "SetStatusOfFilmWithoutExpand_unprinted" ended with a "Pass" status (Duration: 0.0932 Wasted Time: 0.0000).	[MsgId: MMSG-16871]
The result is:  true	[MsgId: MMSG-17999]
Action.c(1202): lr_think_time: 5.00 seconds.	[MsgId: MMSG-15948]
Action.c(1204): web_url("CheckLoginStatus_25") started  	[MsgId: MMSG-26355]
Action.c(1204): HTML parsing not performed for Content-Type "application/json" ("ParseHtmlContentType" Run-Time Setting is "TEXT"). URL="http://10.184.129.208/Platform/Account/CheckLoginStatus"  	[MsgId: MMSG-26548]
Action.c(1204): web_url("CheckLoginStatus_25") was successful, 4 body bytes, 251 header bytes  	[MsgId: MMSG-26386]
Action.c(1213): web_reg_save_param started  	[MsgId: MMSG-26355]
Action.c(1213): Registering web_reg_save_param was successful  	[MsgId: MMSG-26390]
Action.c(1218): Notify: Transaction "SetStatusOfFilmWithoutExpand_printed" started.	[MsgId: MMSG-16999]
Action.c(1220): web_custom_request("web_custom_request") started  	[MsgId: MMSG-26355]
Action.c(1220): HTML parsing not performed for Content-Type "application/json" ("ParseHtmlContentType" Run-Time Setting is "TEXT"). URL="http://10.184.129.208/webapi/api/worklist/UpdateStatusByAccessionNumber"  	[MsgId: MMSG-26548]
Action.c(1220): web_custom_request("web_custom_request") was successful, 546 body bytes, 259 header bytes  	[MsgId: MMSG-26386]
Action.c(1230): Notify: Transaction "SetStatusOfFilmWithoutExpand_printed" ended with a "Pass" status (Duration: 0.2066 Wasted Time: 0.0000).	[MsgId: MMSG-16871]
The result is:  true	[MsgId: MMSG-17999]
Action.c(1239): lr_think_time: 5.00 seconds.	[MsgId: MMSG-15948]
Action.c(1241): web_url("CheckLoginStatus_25") started  	[MsgId: MMSG-26355]
Action.c(1241): HTML parsing not performed for Content-Type "application/json" ("ParseHtmlContentType" Run-Time Setting is "TEXT"). URL="http://10.184.129.208/Platform/Account/CheckLoginStatus"  	[MsgId: MMSG-26548]
Action.c(1241): web_url("CheckLoginStatus_25") was successful, 4 body bytes, 251 header bytes  	[MsgId: MMSG-26386]
Action.c(1249): web_reg_save_param started  	[MsgId: MMSG-26355]
Action.c(1249): Registering web_reg_save_param was successful  	[MsgId: MMSG-26390]
Action.c(1254): Notify: Transaction "SetStatusOfFilmWithoutExpand_NOTprinte" started.	[MsgId: MMSG-16999]
Action.c(1256): web_custom_request("web_custom_request") started  	[MsgId: MMSG-26355]
Action.c(1256): HTML parsing not performed for Content-Type "application/json" ("ParseHtmlContentType" Run-Time Setting is "TEXT"). URL="http://10.184.129.208/webapi/api/worklist/UpdateStatusByAccessionNumber"  	[MsgId: MMSG-26548]
Action.c(1256): web_custom_request("web_custom_request") was successful, 546 body bytes, 259 header bytes  	[MsgId: MMSG-26386]
Action.c(1266): Notify: Transaction "SetStatusOfFilmWithoutExpand_NOTprinte" ended with a "Pass" status (Duration: 0.2057 Wasted Time: 0.0000).	[MsgId: MMSG-16871]
The result is:  true	[MsgId: MMSG-17999]
Action.c(1275): lr_think_time: 5.00 seconds.	[MsgId: MMSG-15948]
Action.c(1277): web_url("CheckLoginStatus_25") started  	[MsgId: MMSG-26355]
Action.c(1277): HTML parsing not performed for Content-Type "application/json" ("ParseHtmlContentType" Run-Time Setting is "TEXT"). URL="http://10.184.129.208/Platform/Account/CheckLoginStatus"  	[MsgId: MMSG-26548]
Action.c(1277): web_url("CheckLoginStatus_25") was successful, 4 body bytes, 251 header bytes  	[MsgId: MMSG-26386]
Action.c(1285): web_reg_save_param started  	[MsgId: MMSG-26355]
Action.c(1285): Registering web_reg_save_param was successful  	[MsgId: MMSG-26390]
Action.c(1290): Notify: Transaction "SetStatusOfFilmWithExpand_unprinted" started.	[MsgId: MMSG-16999]
Action.c(1292): web_custom_request("web_custom_request") started  	[MsgId: MMSG-26355]
Action.c(1292): HTML parsing not performed for Content-Type "application/json" ("ParseHtmlContentType" Run-Time Setting is "TEXT"). URL="http://10.184.129.208/webapi/api/worklist/UpdateStatusByAccessionNumber"  	[MsgId: MMSG-26548]
Action.c(1292): web_custom_request("web_custom_request") was successful, 1400 body bytes, 260 header bytes  	[MsgId: MMSG-26386]
Action.c(1302): Notify: Transaction "SetStatusOfFilmWithExpand_unprinted" ended with a "Pass" status (Duration: 0.2048 Wasted Time: 0.0000).	[MsgId: MMSG-16871]
The result is:  true	[MsgId: MMSG-17999]
Action.c(1311): lr_think_time: 5.00 seconds.	[MsgId: MMSG-15948]
Action.c(1313): web_url("CheckLoginStatus_25") started  	[MsgId: MMSG-26355]
Action.c(1313): HTML parsing not performed for Content-Type "application/json" ("ParseHtmlContentType" Run-Time Setting is "TEXT"). URL="http://10.184.129.208/Platform/Account/CheckLoginStatus"  	[MsgId: MMSG-26548]
Action.c(1313): web_url("CheckLoginStatus_25") was successful, 4 body bytes, 251 header bytes  	[MsgId: MMSG-26386]
Action.c(1322): web_reg_save_param started  	[MsgId: MMSG-26355]
Action.c(1322): Registering web_reg_save_param was successful  	[MsgId: MMSG-26390]
Action.c(1327): Notify: Transaction "SetStatusOfFilmWithExpand_printed" started.	[MsgId: MMSG-16999]
Action.c(1329): web_custom_request("web_custom_request") started  	[MsgId: MMSG-26355]
Action.c(1329): HTML parsing not performed for Content-Type "application/json" ("ParseHtmlContentType" Run-Time Setting is "TEXT"). URL="http://10.184.129.208/webapi/api/worklist/UpdateStatusByAccessionNumber"  	[MsgId: MMSG-26548]
Action.c(1329): web_custom_request("web_custom_request") was successful, 1398 body bytes, 260 header bytes  	[MsgId: MMSG-26386]
Action.c(1339): Notify: Transaction "SetStatusOfFilmWithExpand_printed" ended with a "Pass" status (Duration: 0.2062 Wasted Time: 0.0000).	[MsgId: MMSG-16871]
The result is:  true	[MsgId: MMSG-17999]
Action.c(1349): lr_think_time: 5.00 seconds.	[MsgId: MMSG-15948]
Action.c(1351): web_url("CheckLoginStatus_25") started  	[MsgId: MMSG-26355]
Action.c(1351): HTML parsing not performed for Content-Type "application/json" ("ParseHtmlContentType" Run-Time Setting is "TEXT"). URL="http://10.184.129.208/Platform/Account/CheckLoginStatus"  	[MsgId: MMSG-26548]
Action.c(1351): web_url("CheckLoginStatus_25") was successful, 4 body bytes, 251 header bytes  	[MsgId: MMSG-26386]
Action.c(1359): web_reg_save_param started  	[MsgId: MMSG-26355]
Action.c(1359): Registering web_reg_save_param was successful  	[MsgId: MMSG-26390]
Action.c(1365): Notify: Transaction "SetStatusOfFilmWithExpand_NOTprinted" started.	[MsgId: MMSG-16999]
Action.c(1367): web_custom_request("web_custom_request") started  	[MsgId: MMSG-26355]
Action.c(1367): HTML parsing not performed for Content-Type "application/json" ("ParseHtmlContentType" Run-Time Setting is "TEXT"). URL="http://10.184.129.208/webapi/api/worklist/UpdateStatusByAccessionNumber"  	[MsgId: MMSG-26548]
Action.c(1367): web_custom_request("web_custom_request") was successful, 1399 body bytes, 260 header bytes  	[MsgId: MMSG-26386]
Action.c(1377): Notify: Transaction "SetStatusOfFilmWithExpand_NOTprinted" ended with a "Pass" status (Duration: 0.2090 Wasted Time: 0.0000).	[MsgId: MMSG-16871]
The result is:  true	[MsgId: MMSG-17999]
Action.c(1386): lr_think_time: 5.00 seconds.	[MsgId: MMSG-15948]
Action.c(1388): web_url("CheckLoginStatus_25") started  	[MsgId: MMSG-26355]
Action.c(1388): HTML parsing not performed for Content-Type "application/json" ("ParseHtmlContentType" Run-Time Setting is "TEXT"). URL="http://10.184.129.208/Platform/Account/CheckLoginStatus"  	[MsgId: MMSG-26548]
Action.c(1388): web_url("CheckLoginStatus_25") was successful, 4 body bytes, 251 header bytes  	[MsgId: MMSG-26386]
Action.c(1397): Notify: Transaction "Query ALL" started.	[MsgId: MMSG-16999]
Action.c(1399): web_custom_request("searchWorklist") started  	[MsgId: MMSG-26355]
Action.c(1399): HTML parsing not performed for Content-Type "application/json" ("ParseHtmlContentType" Run-Time Setting is "TEXT"). URL="http://10.184.129.208/webapi/api/worklist/searchWorklist"  	[MsgId: MMSG-26548]
Action.c(1399): web_custom_request("searchWorklist") was successful, 25181 body bytes, 261 header bytes  	[MsgId: MMSG-26386]
Action.c(1409): Notify: Transaction "Query ALL" ended with a "Pass" status (Duration: 0.6120).	[MsgId: MMSG-16873]
Action.c(1412): lr_think_time: 5.00 seconds.	[MsgId: MMSG-15948]
Action.c(1414): web_url("CheckLoginStatus_25") started  	[MsgId: MMSG-26355]
Action.c(1414): HTML parsing not performed for Content-Type "application/json" ("ParseHtmlContentType" Run-Time Setting is "TEXT"). URL="http://10.184.129.208/Platform/Account/CheckLoginStatus"  	[MsgId: MMSG-26548]
Action.c(1414): web_url("CheckLoginStatus_25") was successful, 4 body bytes, 251 header bytes  	[MsgId: MMSG-26386]
Action.c(1422): Notify: Transaction "Query ALL_secondPage" started.	[MsgId: MMSG-16999]
Action.c(1423): web_custom_request("searchWorklist") started  	[MsgId: MMSG-26355]
Action.c(1423): HTML parsing not performed for Content-Type "application/json" ("ParseHtmlContentType" Run-Time Setting is "TEXT"). URL="http://10.184.129.208/webapi/api/worklist/searchWorklist"  	[MsgId: MMSG-26548]
Action.c(1423): web_custom_request("searchWorklist") was successful, 25181 body bytes, 261 header bytes  	[MsgId: MMSG-26386]
Action.c(1433): Notify: Transaction "Query ALL_secondPage" ended with a "Pass" status (Duration: 0.4091).	[MsgId: MMSG-16873]
Action.c(1435): web_url("CheckLoginStatus_25") started  	[MsgId: MMSG-26355]
Action.c(1435): HTML parsing not performed for Content-Type "application/json" ("ParseHtmlContentType" Run-Time Setting is "TEXT"). URL="http://10.184.129.208/Platform/Account/CheckLoginStatus"  	[MsgId: MMSG-26548]
Action.c(1435): web_url("CheckLoginStatus_25") was successful, 4 body bytes, 251 header bytes  	[MsgId: MMSG-26386]
Action.c(1444): lr_think_time: 5.00 seconds.	[MsgId: MMSG-15948]
Action.c(1446): Notify: Transaction "Query ALL_ThirdPage" started.	[MsgId: MMSG-16999]
Action.c(1447): web_custom_request("searchWorklist") started  	[MsgId: MMSG-26355]
Action.c(1447): HTML parsing not performed for Content-Type "application/json" ("ParseHtmlContentType" Run-Time Setting is "TEXT"). URL="http://10.184.129.208/webapi/api/worklist/searchWorklist"  	[MsgId: MMSG-26548]
Action.c(1447): web_custom_request("searchWorklist") was successful, 25181 body bytes, 261 header bytes  	[MsgId: MMSG-26386]
Action.c(1458): Notify: Transaction "Query ALL_ThirdPage" ended with a "Pass" status (Duration: 0.5605).	[MsgId: MMSG-16873]
Action.c(1461): lr_think_time: 5.00 seconds.	[MsgId: MMSG-15948]
Action.c(1463): web_url("CheckLoginStatus_25") started  	[MsgId: MMSG-26355]
Action.c(1463): HTML parsing not performed for Content-Type "application/json" ("ParseHtmlContentType" Run-Time Setting is "TEXT"). URL="http://10.184.129.208/Platform/Account/CheckLoginStatus"  	[MsgId: MMSG-26548]
Action.c(1463): web_url("CheckLoginStatus_25") was successful, 4 body bytes, 251 header bytes  	[MsgId: MMSG-26386]
Action.c(1475): web_reg_save_param started  	[MsgId: MMSG-26355]
Action.c(1475): Registering web_reg_save_param was successful  	[MsgId: MMSG-26390]
Action.c(1480): Notify: Transaction "SetTheHoldingTime" started.	[MsgId: MMSG-16999]
Action.c(1482): web_custom_request("SetHoldingTime") started  	[MsgId: MMSG-26355]
Action.c(1482): HTML parsing not performed for Content-Type "application/json" ("ParseHtmlContentType" Run-Time Setting is "TEXT"). URL="http://10.184.129.208/webapi/api/worklist/UpdateStatusByAccessionNumber"  	[MsgId: MMSG-26548]
Action.c(1482): web_custom_request("SetHoldingTime") was successful, 49 body bytes, 258 header bytes  	[MsgId: MMSG-26386]
Action.c(1492): Notify: Transaction "SetTheHoldingTime" ended with a "Pass" status (Duration: 0.2003 Wasted Time: 0.0000).	[MsgId: MMSG-16871]
The result is:  true	[MsgId: MMSG-17999]
Action.c(1501): lr_think_time: 5.00 seconds.	[MsgId: MMSG-15948]
Action.c(1503): web_url("CheckLoginStatus_25") started  	[MsgId: MMSG-26355]
Action.c(1503): HTML parsing not performed for Content-Type "application/json" ("ParseHtmlContentType" Run-Time Setting is "TEXT"). URL="http://10.184.129.208/Platform/Account/CheckLoginStatus"  	[MsgId: MMSG-26548]
Action.c(1503): web_url("CheckLoginStatus_25") was successful, 4 body bytes, 251 header bytes  	[MsgId: MMSG-26386]
Action.c(1511): lr_think_time: 5.00 seconds.	[MsgId: MMSG-15948]
Action.c(1513): web_reg_save_param started  	[MsgId: MMSG-26355]
Action.c(1513): Registering web_reg_save_param was successful  	[MsgId: MMSG-26390]
Action.c(1518): Notify: Transaction "SetPrintMode" started.	[MsgId: MMSG-16999]
Action.c(1520): web_custom_request("SetHoldingTime") started  	[MsgId: MMSG-26355]
Action.c(1520): HTML parsing not performed for Content-Type "application/json" ("ParseHtmlContentType" Run-Time Setting is "TEXT"). URL="http://10.184.129.208/webapi/api/worklist/UpdateStatusByAccessionNumber"  	[MsgId: MMSG-26548]
Action.c(1520): web_custom_request("SetHoldingTime") was successful, 546 body bytes, 259 header bytes  	[MsgId: MMSG-26386]
Action.c(1530): Notify: Transaction "SetPrintMode" ended with a "Pass" status (Duration: 0.1483 Wasted Time: 0.0000).	[MsgId: MMSG-16871]
The result is:  true	[MsgId: MMSG-17999]
Action.c(1539): lr_think_time: 5.00 seconds.	[MsgId: MMSG-15948]
Ending action Action.	[MsgId: MMSG-15918]
Ending Vuser...	[MsgId: MMSG-15966]
Starting action vuser_end.	[MsgId: MMSG-15919]
Ending action vuser_end.	[MsgId: MMSG-15918]
Vuser Terminated.	[MsgId: MMSG-15963]
