Start auto log messages stack - Iteration 6.	[MsgId: MMSG-10545]
Action.c(261): web_url("CheckLoginStatus_4") started  	[MsgId: MMSG-26355]
Action.c(261): HTML parsing not performed for Content-Type "application/json" ("ParseHtmlContentType" Run-Time Setting is "TEXT"). URL="http://10.184.129.171/Platform/Account/CheckLoginStatus"  	[MsgId: MMSG-26548]
Action.c(261): web_url("CheckLoginStatus_4") was successful, 4 body bytes, 251 header bytes  	[MsgId: MMSG-26386]
Action.c(269): web_url("terminalmonitor-template.html") started  	[MsgId: MMSG-26355]
Action.c(269): web_url("terminalmonitor-template.html") was successful, 31891 body bytes, 248 header bytes  	[MsgId: MMSG-26386]
Action.c(279): web_url("terminalmonitoring") started  	[MsgId: MMSG-26355]
Action.c(279): Continuing after Error -26609: HTTP Status-Code=503 (EntityCommandExecutionException) for "http://10.184.129.171/webapi/api/terminalmonitoring"  	[MsgId: MERR-26609]
End auto log messages stack.	[MsgId: MMSG-10544]


Start auto log messages stack - Iteration 5.	[MsgId: MMSG-10545]
Action.c(1237): web_reg_save_param started  	[MsgId: MMSG-26355]
Action.c(1237): Registering web_reg_save_param was successful  	[MsgId: MMSG-26390]
Action.c(1242): Notify: Transaction "SetStatusOfFilmWithoutExpand_NOTprinte" started.	[MsgId: MMSG-16999]
Action.c(1244): web_custom_request("web_custom_request") started  	[MsgId: MMSG-26355]
Action.c(1244): HTML parsing not performed for Content-Type "application/json" ("ParseHtmlContentType" Run-Time Setting is "TEXT"). URL="http://10.184.129.171/webapi/api/worklist/UpdateStatusByAccessionNumber"  	[MsgId: MMSG-26548]
Action.c(1244): web_custom_request("web_custom_request") was successful, 130 body bytes, 259 header bytes  	[MsgId: MMSG-26386]
Action.c(1254): Notify: Transaction "SetStatusOfFilmWithoutExpand_NOTprinte" ended with a "Pass" status (Duration: 30.0850 Wasted Time: 0.0000).	[MsgId: MMSG-16871]
The result is:  false	[MsgId: MMSG-17999]
Action.c(1260): Error: SetStatusOfFilmWithoutExpand_NOTprinte fail	[MsgId: MERR-17999]
End auto log messages stack.	[MsgId: MMSG-10544]


Start auto log messages stack - Iteration 5.	[MsgId: MMSG-10545]
Action.c(1310): web_reg_save_param started  	[MsgId: MMSG-26355]
Action.c(1310): Registering web_reg_save_param was successful  	[MsgId: MMSG-26390]
Action.c(1315): Notify: Transaction "SetStatusOfFilmWithExpand_printed" started.	[MsgId: MMSG-16999]
Action.c(1317): web_custom_request("web_custom_request") started  	[MsgId: MMSG-26355]
Action.c(1317): HTML parsing not performed for Content-Type "application/json" ("ParseHtmlContentType" Run-Time Setting is "TEXT"). URL="http://10.184.129.171/webapi/api/worklist/UpdateStatusByAccessionNumber"  	[MsgId: MMSG-26548]
Action.c(1317): web_custom_request("web_custom_request") was successful, 130 body bytes, 259 header bytes  	[MsgId: MMSG-26386]
Action.c(1327): Notify: Transaction "SetStatusOfFilmWithExpand_printed" ended with a "Pass" status (Duration: 30.1278 Wasted Time: 0.0000).	[MsgId: MMSG-16871]
The result is:  false	[MsgId: MMSG-17999]
Action.c(1334): Error: SetStatusOfFilmWithExpand_printed fail	[MsgId: MERR-17999]
End auto log messages stack.	[MsgId: MMSG-10544]


Start auto log messages stack - Iteration 5.	[MsgId: MMSG-10545]
Action.c(1227): lr_think_time: 5.00 seconds.	[MsgId: MMSG-15948]
Action.c(1229): web_url("CheckLoginStatus_25") started  	[MsgId: MMSG-26355]
Action.c(1229): HTML parsing not performed for Content-Type "application/json" ("ParseHtmlContentType" Run-Time Setting is "TEXT"). URL="http://10.184.129.171/Platform/Account/CheckLoginStatus"  	[MsgId: MMSG-26548]
Action.c(1229): web_url("CheckLoginStatus_25") was successful, 4 body bytes, 251 header bytes  	[MsgId: MMSG-26386]
Action.c(1237): web_reg_save_param started  	[MsgId: MMSG-26355]
Action.c(1237): Registering web_reg_save_param was successful  	[MsgId: MMSG-26390]
Action.c(1242): Notify: Transaction "SetStatusOfFilmWithoutExpand_NOTprinte" started.	[MsgId: MMSG-16999]
Action.c(1244): web_custom_request("web_custom_request") started  	[MsgId: MMSG-26355]
Action.c(1244): Continuing after Error -27492: "HttpSendRequest" failed, Windows error code=12002 and retry limit (0) exceeded for URL="http://10.184.129.171/webapi/api/worklist/UpdateStatusByAccessionNumber"  	[MsgId: MERR-27492]
Action.c(1244): Continuing after Error -26377: No match found for the requested parameter "SetStatusOfFilmWithoutExpand_NOTprinte". Either the specified boundaries were not found in the response or the matched text is longer than current max html parameter size of 90000 bytes. The total length of the response is 0 bytes. You can use "web_set_max_html_param_len" to increase the max parameter size.  	[MsgId: MERR-26377]
Action.c(1244): Continuing after Error -26374: The above "not found" error(s) may be explained by header and body byte counts being 0 and 0, respectively.  	[MsgId: MERR-26374]
End auto log messages stack.	[MsgId: MMSG-10544]


Start auto log messages stack - Iteration 5.	[MsgId: MMSG-10545]
Action.c(1254): Notify: Transaction "SetStatusOfFilmWithoutExpand_NOTprinte" has 3 error message(s).	[MsgId: MMSG-16818]
Action.c(1254): Notify: The 1st error message associated with transaction "SetStatusOfFilmWithoutExpand_NOTprinte" is "Error -27492: "HttpSendRequest" failed, Windows error code=12002 and retry limit (0) exceeded for URL="http://10.184.129.171/webapi/api/worklist/UpdateStatusByAccessionNumber""	[MsgId: MMSG-16819]
Action.c(1254): Notify: The 2nd error message associated with transaction "SetStatusOfFilmWithoutExpand_NOTprinte" is "Error -26377: No match found for the requested parameter "SetStatusOfFilmWithoutExpand_NOTprinte". Either the specified boundaries were not found in the response or the matched text is longer than current max html parameter size of 90000 bytes. The total length of the response is 0 bytes. You can use "web_set_max_html_param_len" to increase the max parameter size."	[MsgId: MMSG-16819]
Action.c(1254): Notify: The 3rd error message associated with transaction "SetStatusOfFilmWithoutExpand_NOTprinte" is "Error -26374: The above "not found" error(s) may be explained by header and body byte counts being 0 and 0, respectively."	[MsgId: MMSG-16819]
The result is:  	[MsgId: MMSG-17999]
Action.c(1260): Error: SetStatusOfFilmWithoutExpand_NOTprinte fail	[MsgId: MERR-17999]
End auto log messages stack.	[MsgId: MMSG-10544]


Start auto log messages stack - Iteration 5.	[MsgId: MMSG-10545]
Start auto log messages stack - Iteration 5.	[MsgId: MMSG-10545]
Start auto log messages stack - Iteration 5.	[MsgId: MMSG-10545]
Start auto log messages stack - Iteration 5.	[MsgId: MMSG-10545]
Action.c(1263): lr_think_time: 5.00 seconds.	[MsgId: MMSG-15948]
Action.c(1190): lr_think_time: 5.00 seconds.	[MsgId: MMSG-15948]
Action.c(1263): lr_think_time: 5.00 seconds.	[MsgId: MMSG-15948]
Action.c(1265): web_url("CheckLoginStatus_25") started  	[MsgId: MMSG-26355]
Action.c(1263): lr_think_time: 5.00 seconds.	[MsgId: MMSG-15948]
Action.c(1192): web_url("CheckLoginStatus_25") started  	[MsgId: MMSG-26355]
Action.c(1265): web_url("CheckLoginStatus_25") started  	[MsgId: MMSG-26355]
Action.c(1265): HTML parsing not performed for Content-Type "application/json" ("ParseHtmlContentType" Run-Time Setting is "TEXT"). URL="http://10.184.129.171/Platform/Account/CheckLoginStatus"  	[MsgId: MMSG-26548]
Action.c(1265): web_url("CheckLoginStatus_25") started  	[MsgId: MMSG-26355]
Action.c(1192): HTML parsing not performed for Content-Type "application/json" ("ParseHtmlContentType" Run-Time Setting is "TEXT"). URL="http://10.184.129.171/Platform/Account/CheckLoginStatus"  	[MsgId: MMSG-26548]
Action.c(1265): HTML parsing not performed for Content-Type "application/json" ("ParseHtmlContentType" Run-Time Setting is "TEXT"). URL="http://10.184.129.171/Platform/Account/CheckLoginStatus"  	[MsgId: MMSG-26548]
Action.c(1265): HTML parsing not performed for Content-Type "application/json" ("ParseHtmlContentType" Run-Time Setting is "TEXT"). URL="http://10.184.129.171/Platform/Account/CheckLoginStatus"  	[MsgId: MMSG-26548]
Action.c(1265): web_url("CheckLoginStatus_25") was successful, 4 body bytes, 251 header bytes  	[MsgId: MMSG-26386]
Action.c(1265): web_url("CheckLoginStatus_25") was successful, 4 body bytes, 251 header bytes  	[MsgId: MMSG-26386]
Action.c(1192): web_url("CheckLoginStatus_25") was successful, 4 body bytes, 251 header bytes  	[MsgId: MMSG-26386]
Action.c(1265): web_url("CheckLoginStatus_25") was successful, 4 body bytes, 251 header bytes  	[MsgId: MMSG-26386]
Action.c(1273): web_reg_save_param started  	[MsgId: MMSG-26355]
Action.c(1273): web_reg_save_param started  	[MsgId: MMSG-26355]
Action.c(1273): web_reg_save_param started  	[MsgId: MMSG-26355]
Action.c(1273): Registering web_reg_save_param was successful  	[MsgId: MMSG-26390]
Action.c(1201): web_reg_save_param started  	[MsgId: MMSG-26355]
Action.c(1273): Registering web_reg_save_param was successful  	[MsgId: MMSG-26390]
Action.c(1273): Registering web_reg_save_param was successful  	[MsgId: MMSG-26390]
Action.c(1201): Registering web_reg_save_param was successful  	[MsgId: MMSG-26390]
Action.c(1278): Notify: Transaction "SetStatusOfFilmWithExpand_unprinted" started.	[MsgId: MMSG-16999]
Action.c(1280): web_custom_request("web_custom_request") started  	[MsgId: MMSG-26355]
Action.c(1280): Continuing after Error -27492: "HttpSendRequest" failed, Windows error code=12002 and retry limit (0) exceeded for URL="http://10.184.129.171/webapi/api/worklist/UpdateStatusByAccessionNumber"  	[MsgId: MERR-27492]
Action.c(1278): Notify: Transaction "SetStatusOfFilmWithExpand_unprinted" started.	[MsgId: MMSG-16999]
Action.c(1278): Notify: Transaction "SetStatusOfFilmWithExpand_unprinted" started.	[MsgId: MMSG-16999]
Action.c(1280): web_custom_request("web_custom_request") started  	[MsgId: MMSG-26355]
Action.c(1280): web_custom_request("web_custom_request") started  	[MsgId: MMSG-26355]
Action.c(1280): Continuing after Error -27492: "HttpSendRequest" failed, Windows error code=12002 and retry limit (0) exceeded for URL="http://10.184.129.171/webapi/api/worklist/UpdateStatusByAccessionNumber"  	[MsgId: MERR-27492]
Action.c(1280): Continuing after Error -27492: "HttpSendRequest" failed, Windows error code=12002 and retry limit (0) exceeded for URL="http://10.184.129.171/webapi/api/worklist/UpdateStatusByAccessionNumber"  	[MsgId: MERR-27492]
Action.c(1206): Notify: Transaction "SetStatusOfFilmWithoutExpand_printed" started.	[MsgId: MMSG-16999]
Action.c(1208): web_custom_request("web_custom_request") started  	[MsgId: MMSG-26355]
Action.c(1208): Continuing after Error -27492: "HttpSendRequest" failed, Windows error code=12002 and retry limit (0) exceeded for URL="http://10.184.129.171/webapi/api/worklist/UpdateStatusByAccessionNumber"  	[MsgId: MERR-27492]
Action.c(1280): Continuing after Error -26377: No match found for the requested parameter "SetStatusOfFilmWithExpand_unprinted". Either the specified boundaries were not found in the response or the matched text is longer than current max html parameter size of 90000 bytes. The total length of the response is 0 bytes. You can use "web_set_max_html_param_len" to increase the max parameter size.  	[MsgId: MERR-26377]
Action.c(1280): Continuing after Error -26374: The above "not found" error(s) may be explained by header and body byte counts being 0 and 0, respectively.  	[MsgId: MERR-26374]
End auto log messages stack.	[MsgId: MMSG-10544]


Action.c(1280): Continuing after Error -26377: No match found for the requested parameter "SetStatusOfFilmWithExpand_unprinted". Either the specified boundaries were not found in the response or the matched text is longer than current max html parameter size of 90000 bytes. The total length of the response is 0 bytes. You can use "web_set_max_html_param_len" to increase the max parameter size.  	[MsgId: MERR-26377]
Action.c(1280): Continuing after Error -26377: No match found for the requested parameter "SetStatusOfFilmWithExpand_unprinted". Either the specified boundaries were not found in the response or the matched text is longer than current max html parameter size of 90000 bytes. The total length of the response is 0 bytes. You can use "web_set_max_html_param_len" to increase the max parameter size.  	[MsgId: MERR-26377]
Action.c(1280): Continuing after Error -26374: The above "not found" error(s) may be explained by header and body byte counts being 0 and 0, respectively.  	[MsgId: MERR-26374]
Action.c(1208): Continuing after Error -26377: No match found for the requested parameter "SetStatusOfFilmWithoutExpand_printed". Either the specified boundaries were not found in the response or the matched text is longer than current max html parameter size of 90000 bytes. The total length of the response is 0 bytes. You can use "web_set_max_html_param_len" to increase the max parameter size.  	[MsgId: MERR-26377]
Start auto log messages stack - Iteration 5.	[MsgId: MMSG-10545]
Action.c(1290): Notify: Transaction "SetStatusOfFilmWithExpand_unprinted" has 3 error message(s).	[MsgId: MMSG-16818]
Action.c(1280): Continuing after Error -26374: The above "not found" error(s) may be explained by header and body byte counts being 0 and 0, respectively.  	[MsgId: MERR-26374]
End auto log messages stack.	[MsgId: MMSG-10544]
Action.c(1208): Continuing after Error -26374: The above "not found" error(s) may be explained by header and body byte counts being 0 and 0, respectively.  	[MsgId: MERR-26374]


Action.c(1290): Notify: The 1st error message associated with transaction "SetStatusOfFilmWithExpand_unprinted" is "Error -27492: "HttpSendRequest" failed, Windows error code=12002 and retry limit (0) exceeded for URL="http://10.184.129.171/webapi/api/worklist/UpdateStatusByAccessionNumber""	[MsgId: MMSG-16819]
End auto log messages stack.	[MsgId: MMSG-10544]
Action.c(1290): Notify: The 2nd error message associated with transaction "SetStatusOfFilmWithExpand_unprinted" is "Error -26377: No match found for the requested parameter "SetStatusOfFilmWithExpand_unprinted". Either the specified boundaries were not found in the response or the matched text is longer than current max html parameter size of 90000 bytes. The total length of the response is 0 bytes. You can use "web_set_max_html_param_len" to increase the max parameter size."	[MsgId: MMSG-16819]
End auto log messages stack.	[MsgId: MMSG-10544]




Action.c(1290): Notify: The 3rd error message associated with transaction "SetStatusOfFilmWithExpand_unprinted" is "Error -26374: The above "not found" error(s) may be explained by header and body byte counts being 0 and 0, respectively."	[MsgId: MMSG-16819]
Start auto log messages stack - Iteration 5.	[MsgId: MMSG-10545]
The result is:  	[MsgId: MMSG-17999]
Action.c(1290): Notify: Transaction "SetStatusOfFilmWithExpand_unprinted" has 3 error message(s).	[MsgId: MMSG-16818]
Action.c(1296): Error: SetStatusOfFilmWithExpand_unprinted fail	[MsgId: MERR-17999]
Action.c(1290): Notify: The 1st error message associated with transaction "SetStatusOfFilmWithExpand_unprinted" is "Error -27492: "HttpSendRequest" failed, Windows error code=12002 and retry limit (0) exceeded for URL="http://10.184.129.171/webapi/api/worklist/UpdateStatusByAccessionNumber""	[MsgId: MMSG-16819]
End auto log messages stack.	[MsgId: MMSG-10544]
Start auto log messages stack - Iteration 5.	[MsgId: MMSG-10545]


Start auto log messages stack - Iteration 5.	[MsgId: MMSG-10545]
Action.c(1290): Notify: The 2nd error message associated with transaction "SetStatusOfFilmWithExpand_unprinted" is "Error -26377: No match found for the requested parameter "SetStatusOfFilmWithExpand_unprinted". Either the specified boundaries were not found in the response or the matched text is longer than current max html parameter size of 90000 bytes. The total length of the response is 0 bytes. You can use "web_set_max_html_param_len" to increase the max parameter size."	[MsgId: MMSG-16819]
Action.c(1290): Notify: Transaction "SetStatusOfFilmWithExpand_unprinted" has 3 error message(s).	[MsgId: MMSG-16818]
Action.c(1218): Notify: Transaction "SetStatusOfFilmWithoutExpand_printed" has 3 error message(s).	[MsgId: MMSG-16818]
Action.c(1290): Notify: The 3rd error message associated with transaction "SetStatusOfFilmWithExpand_unprinted" is "Error -26374: The above "not found" error(s) may be explained by header and body byte counts being 0 and 0, respectively."	[MsgId: MMSG-16819]
Action.c(1290): Notify: The 1st error message associated with transaction "SetStatusOfFilmWithExpand_unprinted" is "Error -27492: "HttpSendRequest" failed, Windows error code=12002 and retry limit (0) exceeded for URL="http://10.184.129.171/webapi/api/worklist/UpdateStatusByAccessionNumber""	[MsgId: MMSG-16819]
Action.c(1218): Notify: The 1st error message associated with transaction "SetStatusOfFilmWithoutExpand_printed" is "Error -27492: "HttpSendRequest" failed, Windows error code=12002 and retry limit (0) exceeded for URL="http://10.184.129.171/webapi/api/worklist/UpdateStatusByAccessionNumber""	[MsgId: MMSG-16819]
The result is:  	[MsgId: MMSG-17999]
Action.c(1218): Notify: The 2nd error message associated with transaction "SetStatusOfFilmWithoutExpand_printed" is "Error -26377: No match found for the requested parameter "SetStatusOfFilmWithoutExpand_printed". Either the specified boundaries were not found in the response or the matched text is longer than current max html parameter size of 90000 bytes. The total length of the response is 0 bytes. You can use "web_set_max_html_param_len" to increase the max parameter size."	[MsgId: MMSG-16819]
Action.c(1296): Error: SetStatusOfFilmWithExpand_unprinted fail	[MsgId: MERR-17999]
Action.c(1290): Notify: The 2nd error message associated with transaction "SetStatusOfFilmWithExpand_unprinted" is "Error -26377: No match found for the requested parameter "SetStatusOfFilmWithExpand_unprinted". Either the specified boundaries were not found in the response or the matched text is longer than current max html parameter size of 90000 bytes. The total length of the response is 0 bytes. You can use "web_set_max_html_param_len" to increase the max parameter size."	[MsgId: MMSG-16819]
Action.c(1218): Notify: The 3rd error message associated with transaction "SetStatusOfFilmWithoutExpand_printed" is "Error -26374: The above "not found" error(s) may be explained by header and body byte counts being 0 and 0, respectively."	[MsgId: MMSG-16819]
The result is:  	[MsgId: MMSG-17999]
Action.c(1290): Notify: The 3rd error message associated with transaction "SetStatusOfFilmWithExpand_unprinted" is "Error -26374: The above "not found" error(s) may be explained by header and body byte counts being 0 and 0, respectively."	[MsgId: MMSG-16819]
Action.c(1224): Error: SetStatusOfFilmWithoutExpand_printed fail	[MsgId: MERR-17999]
End auto log messages stack.	[MsgId: MMSG-10544]
The result is:  	[MsgId: MMSG-17999]


Action.c(1296): Error: SetStatusOfFilmWithExpand_unprinted fail	[MsgId: MERR-17999]
End auto log messages stack.	[MsgId: MMSG-10544]
End auto log messages stack.	[MsgId: MMSG-10544]




Start auto log messages stack - Iteration 6.	[MsgId: MMSG-10545]
Action.c(261): web_url("CheckLoginStatus_4") started  	[MsgId: MMSG-26355]
Action.c(261): HTML parsing not performed for Content-Type "application/json" ("ParseHtmlContentType" Run-Time Setting is "TEXT"). URL="http://10.184.129.171/Platform/Account/CheckLoginStatus"  	[MsgId: MMSG-26548]
Action.c(261): web_url("CheckLoginStatus_4") was successful, 4 body bytes, 251 header bytes  	[MsgId: MMSG-26386]
Action.c(269): web_url("terminalmonitor-template.html") started  	[MsgId: MMSG-26355]
Action.c(269): web_url("terminalmonitor-template.html") was successful, 31891 body bytes, 248 header bytes  	[MsgId: MMSG-26386]
Action.c(279): web_url("terminalmonitoring") started  	[MsgId: MMSG-26355]
Action.c(279): Continuing after Error -26609: HTTP Status-Code=503 (EntityCommandExecutionException) for "http://10.184.129.171/webapi/api/terminalmonitoring"  	[MsgId: MERR-26609]
End auto log messages stack.	[MsgId: MMSG-10544]


Start auto log messages stack - Iteration 5.	[MsgId: MMSG-10545]
Action.c(1499): lr_think_time: 5.00 seconds.	[MsgId: MMSG-15948]
Action.c(1501): web_reg_save_param started  	[MsgId: MMSG-26355]
Action.c(1501): Registering web_reg_save_param was successful  	[MsgId: MMSG-26390]
Action.c(1506): Notify: Transaction "SetPrintMode" started.	[MsgId: MMSG-16999]
Action.c(1508): web_custom_request("SetHoldingTime") started  	[MsgId: MMSG-26355]
Action.c(1508): HTML parsing not performed for Content-Type "application/json" ("ParseHtmlContentType" Run-Time Setting is "TEXT"). URL="http://10.184.129.171/webapi/api/worklist/UpdateStatusByAccessionNumber"  	[MsgId: MMSG-26548]
Action.c(1508): web_custom_request("SetHoldingTime") was successful, 130 body bytes, 259 header bytes  	[MsgId: MMSG-26386]
Action.c(1518): Notify: Transaction "SetPrintMode" ended with a "Pass" status (Duration: 30.1348 Wasted Time: 0.0000).	[MsgId: MMSG-16871]
The result is:  false	[MsgId: MMSG-17999]
Action.c(1524): Error: SetPrintMode fail	[MsgId: MERR-17999]
End auto log messages stack.	[MsgId: MMSG-10544]


Start auto log messages stack - Iteration 6.	[MsgId: MMSG-10545]
Action.c(261): web_url("CheckLoginStatus_4") started  	[MsgId: MMSG-26355]
Action.c(261): HTML parsing not performed for Content-Type "application/json" ("ParseHtmlContentType" Run-Time Setting is "TEXT"). URL="http://10.184.129.171/Platform/Account/CheckLoginStatus"  	[MsgId: MMSG-26548]
Action.c(261): web_url("CheckLoginStatus_4") was successful, 4 body bytes, 251 header bytes  	[MsgId: MMSG-26386]
Action.c(269): web_url("terminalmonitor-template.html") started  	[MsgId: MMSG-26355]
Action.c(269): web_url("terminalmonitor-template.html") was successful, 31891 body bytes, 248 header bytes  	[MsgId: MMSG-26386]
Action.c(279): web_url("terminalmonitoring") started  	[MsgId: MMSG-26355]
Action.c(279): Continuing after Error -26609: HTTP Status-Code=503 (EntityCommandExecutionException) for "http://10.184.129.171/webapi/api/terminalmonitoring"  	[MsgId: MERR-26609]
End auto log messages stack.	[MsgId: MMSG-10544]


Start auto log messages stack - Iteration 6.	[MsgId: MMSG-10545]
Action.c(937): web_reg_save_param started  	[MsgId: MMSG-26355]
Action.c(937): Registering web_reg_save_param was successful  	[MsgId: MMSG-26390]
Action.c(943): Notify: Transaction "SetStatusOfReportWithoutExpand_unprinted" started.	[MsgId: MMSG-16999]
Action.c(945): web_custom_request("web_custom_request") started  	[MsgId: MMSG-26355]
Action.c(945): HTML parsing not performed for Content-Type "application/json" ("ParseHtmlContentType" Run-Time Setting is "TEXT"). URL="http://10.184.129.171/webapi/api/worklist/UpdateStatusByStudyInstanceUID"  	[MsgId: MMSG-26548]
Action.c(945): web_custom_request("web_custom_request") was successful, 130 body bytes, 259 header bytes  	[MsgId: MMSG-26386]
Action.c(956): Notify: Transaction "SetStatusOfReportWithoutExpand_unprinted" ended with a "Pass" status (Duration: 30.0275 Wasted Time: 0.0000).	[MsgId: MMSG-16871]
The result is:  false	[MsgId: MMSG-17999]
Action.c(962): Error: SetStatusOfReportWithoutExpand_unprinted fail	[MsgId: MERR-17999]
End auto log messages stack.	[MsgId: MMSG-10544]


Start auto log messages stack - Iteration 6.	[MsgId: MMSG-10545]
Action.c(937): web_reg_save_param started  	[MsgId: MMSG-26355]
Action.c(937): Registering web_reg_save_param was successful  	[MsgId: MMSG-26390]
Action.c(943): Notify: Transaction "SetStatusOfReportWithoutExpand_unprinted" started.	[MsgId: MMSG-16999]
Action.c(945): web_custom_request("web_custom_request") started  	[MsgId: MMSG-26355]
Action.c(945): HTML parsing not performed for Content-Type "application/json" ("ParseHtmlContentType" Run-Time Setting is "TEXT"). URL="http://10.184.129.171/webapi/api/worklist/UpdateStatusByStudyInstanceUID"  	[MsgId: MMSG-26548]
Action.c(945): web_custom_request("web_custom_request") was successful, 130 body bytes, 259 header bytes  	[MsgId: MMSG-26386]
Action.c(956): Notify: Transaction "SetStatusOfReportWithoutExpand_unprinted" ended with a "Pass" status (Duration: 30.2308 Wasted Time: 0.0000).	[MsgId: MMSG-16871]
The result is:  false	[MsgId: MMSG-17999]
Action.c(962): Error: SetStatusOfReportWithoutExpand_unprinted fail	[MsgId: MERR-17999]
End auto log messages stack.	[MsgId: MMSG-10544]


