Action.c(842): web_url("CheckLoginStatus_25") started  	[MsgId: MMSG-26355]
Action.c(1290): Notify: Transaction "SetStatusOfFilmWithExpand_unprinted" started.	[MsgId: MMSG-16999]
Action.c(1013): lr_think_time: 5.00 seconds.	[MsgId: MMSG-15948]
Action.c(1183): web_custom_request("web_custom_request") started  	[MsgId: MMSG-26355]
Action.c(1292): web_custom_request("web_custom_request") started  	[MsgId: MMSG-26355]
Action.c(1126): web_url("CheckLoginStatus_25") started  	[MsgId: MMSG-26355]
Action.c(842): HTML parsing not performed for Content-Type "application/json" ("ParseHtmlContentType" Run-Time Setting is "TEXT"). URL="http://10.184.129.108/Platform/Account/CheckLoginStatus"  	[MsgId: MMSG-26548]
Action.c(1126): HTML parsing not performed for Content-Type "application/json" ("ParseHtmlContentType" Run-Time Setting is "TEXT"). URL="http://10.184.129.108/Platform/Account/CheckLoginStatus"  	[MsgId: MMSG-26548]
Action.c(1183): HTML parsing not performed for Content-Type "application/json" ("ParseHtmlContentType" Run-Time Setting is "TEXT"). URL="http://10.184.129.108/webapi/api/worklist/UpdateStatusByAccessionNumber"  	[MsgId: MMSG-26548]
Action.c(1126): web_url("CheckLoginStatus_25") was successful, 4 body bytes, 251 header bytes  	[MsgId: MMSG-26386]
Action.c(842): web_url("CheckLoginStatus_25") was successful, 4 body bytes, 251 header bytes  	[MsgId: MMSG-26386]
Action.c(1183): web_custom_request("web_custom_request") was successful, 546 body bytes, 259 header bytes  	[MsgId: MMSG-26386]
Action.c(850): lr_think_time: 5.00 seconds.	[MsgId: MMSG-15948]
Action.c(1134): web_reg_save_param started  	[MsgId: MMSG-26355]
Action.c(1193): Notify: Transaction "SetStatusOfFilmWithoutExpand_unprinted" ended with a "Pass" status (Duration: 0.2020 Wasted Time: 0.0000).	[MsgId: MMSG-16871]
The result is:  true	[MsgId: MMSG-17999]
Action.c(1202): lr_think_time: 5.00 seconds.	[MsgId: MMSG-15948]
Action.c(1134): Registering web_reg_save_param was successful  	[MsgId: MMSG-26390]
Action.c(1139): Notify: Transaction "SetStatusOfReportWithExpand_NOTprinted" started.	[MsgId: MMSG-16999]
Action.c(1141): web_custom_request("web_custom_request") started  	[MsgId: MMSG-26355]
Action.c(1292): HTML parsing not performed for Content-Type "application/json" ("ParseHtmlContentType" Run-Time Setting is "TEXT"). URL="http://10.184.129.108/webapi/api/worklist/UpdateStatusByAccessionNumber"  	[MsgId: MMSG-26548]
Action.c(1292): web_custom_request("web_custom_request") was successful, 1401 body bytes, 260 header bytes  	[MsgId: MMSG-26386]
Action.c(1302): Notify: Transaction "SetStatusOfFilmWithExpand_unprinted" ended with a "Pass" status (Duration: 0.1933 Wasted Time: 0.0000).	[MsgId: MMSG-16871]
The result is:  true	[MsgId: MMSG-17999]
Action.c(1311): lr_think_time: 5.00 seconds.	[MsgId: MMSG-15948]
Action.c(732): web_url("CheckLoginStatus_22") started  	[MsgId: MMSG-26355]
Action.c(732): HTML parsing not performed for Content-Type "application/json" ("ParseHtmlContentType" Run-Time Setting is "TEXT"). URL="http://10.184.129.108/Platform/Account/CheckLoginStatus"  	[MsgId: MMSG-26548]
Action.c(1141): HTML parsing not performed for Content-Type "application/json" ("ParseHtmlContentType" Run-Time Setting is "TEXT"). URL="http://10.184.129.108/webapi/api/worklist/UpdateStatusByStudyInstanceUID"  	[MsgId: MMSG-26548]
Action.c(1141): web_custom_request("web_custom_request") was successful, 546 body bytes, 259 header bytes  	[MsgId: MMSG-26386]
Action.c(732): web_url("CheckLoginStatus_22") was successful, 4 body bytes, 251 header bytes  	[MsgId: MMSG-26386]
Action.c(1151): Notify: Transaction "SetStatusOfReportWithExpand_NOTprinted" ended with a "Pass" status (Duration: 0.2030 Wasted Time: 0.0000).	[MsgId: MMSG-16871]
The Time is 2017-12-28	[MsgId: MMSG-17999]
Action.c(743): lr_think_time: 5.00 seconds.	[MsgId: MMSG-15948]
The result is:  true	[MsgId: MMSG-17999]
Action.c(1160): lr_think_time: 5.00 seconds.	[MsgId: MMSG-15948]
Action.c(745): Notify: Transaction "worklist_query_Lastweek" started.	[MsgId: MMSG-16999]
Action.c(747): web_custom_request("searchWorklist_5") started  	[MsgId: MMSG-26355]
Action.c(747): HTML parsing not performed for Content-Type "application/json" ("ParseHtmlContentType" Run-Time Setting is "TEXT"). URL="http://10.184.129.108/webapi/api/worklist/searchWorklist"  	[MsgId: MMSG-26548]
Action.c(747): web_custom_request("searchWorklist_5") was successful, 25177 body bytes, 261 header bytes  	[MsgId: MMSG-26386]
Action.c(758): Notify: Transaction "worklist_query_Lastweek" ended with a "Pass" status (Duration: 0.1107).	[MsgId: MMSG-16873]
The Time is 2017-12-04	[MsgId: MMSG-17999]
Action.c(764): web_url("CheckLoginStatus") started  	[MsgId: MMSG-26355]
Action.c(1204): web_url("CheckLoginStatus_25") started  	[MsgId: MMSG-26355]
Action.c(1204): HTML parsing not performed for Content-Type "application/json" ("ParseHtmlContentType" Run-Time Setting is "TEXT"). URL="http://10.184.129.108/Platform/Account/CheckLoginStatus"  	[MsgId: MMSG-26548]
Action.c(764): HTML parsing not performed for Content-Type "application/json" ("ParseHtmlContentType" Run-Time Setting is "TEXT"). URL="http://10.184.129.108/Platform/Account/CheckLoginStatus"  	[MsgId: MMSG-26548]
Action.c(1204): web_url("CheckLoginStatus_25") was successful, 4 body bytes, 251 header bytes  	[MsgId: MMSG-26386]
Action.c(764): web_url("CheckLoginStatus") was successful, 4 body bytes, 251 header bytes  	[MsgId: MMSG-26386]
Action.c(772): lr_think_time: 5.00 seconds.	[MsgId: MMSG-15948]
Action.c(1213): web_reg_save_param started  	[MsgId: MMSG-26355]
Action.c(1213): Registering web_reg_save_param was successful  	[MsgId: MMSG-26390]
Action.c(1218): Notify: Transaction "SetStatusOfFilmWithoutExpand_printed" started.	[MsgId: MMSG-16999]
Action.c(1220): web_custom_request("web_custom_request") started  	[MsgId: MMSG-26355]
Action.c(1220): HTML parsing not performed for Content-Type "application/json" ("ParseHtmlContentType" Run-Time Setting is "TEXT"). URL="http://10.184.129.108/webapi/api/worklist/UpdateStatusByAccessionNumber"  	[MsgId: MMSG-26548]
Action.c(1220): web_custom_request("web_custom_request") was successful, 546 body bytes, 259 header bytes  	[MsgId: MMSG-26386]
Action.c(1230): Notify: Transaction "SetStatusOfFilmWithoutExpand_printed" ended with a "Pass" status (Duration: 0.1091 Wasted Time: 0.0000).	[MsgId: MMSG-16871]
The result is:  true	[MsgId: MMSG-17999]
Action.c(1239): lr_think_time: 5.00 seconds.	[MsgId: MMSG-15948]
Action.c(1163): web_url("CheckLoginStatus_25") started  	[MsgId: MMSG-26355]
Action.c(1163): HTML parsing not performed for Content-Type "application/json" ("ParseHtmlContentType" Run-Time Setting is "TEXT"). URL="http://10.184.129.108/Platform/Account/CheckLoginStatus"  	[MsgId: MMSG-26548]
Action.c(1163): web_url("CheckLoginStatus_25") was successful, 4 body bytes, 251 header bytes  	[MsgId: MMSG-26386]
Action.c(1176): web_reg_save_param started  	[MsgId: MMSG-26355]
Action.c(1176): Registering web_reg_save_param was successful  	[MsgId: MMSG-26390]
Action.c(1181): Notify: Transaction "SetStatusOfFilmWithoutExpand_unprinted" started.	[MsgId: MMSG-16999]
Action.c(1183): web_custom_request("web_custom_request") started  	[MsgId: MMSG-26355]
Action.c(949): web_reg_save_param started  	[MsgId: MMSG-26355]
Action.c(949): Registering web_reg_save_param was successful  	[MsgId: MMSG-26390]
Action.c(955): Notify: Transaction "SetStatusOfReportWithoutExpand_unprinted" started.	[MsgId: MMSG-16999]
Action.c(957): web_custom_request("web_custom_request") started  	[MsgId: MMSG-26355]
Action.c(1183): HTML parsing not performed for Content-Type "application/json" ("ParseHtmlContentType" Run-Time Setting is "TEXT"). URL="http://10.184.129.108/webapi/api/worklist/UpdateStatusByAccessionNumber"  	[MsgId: MMSG-26548]
Action.c(957): HTML parsing not performed for Content-Type "application/json" ("ParseHtmlContentType" Run-Time Setting is "TEXT"). URL="http://10.184.129.108/webapi/api/worklist/UpdateStatusByStudyInstanceUID"  	[MsgId: MMSG-26548]
Action.c(1183): web_custom_request("web_custom_request") was successful, 546 body bytes, 259 header bytes  	[MsgId: MMSG-26386]
Action.c(957): web_custom_request("web_custom_request") was successful, 546 body bytes, 259 header bytes  	[MsgId: MMSG-26386]
Action.c(968): Notify: Transaction "SetStatusOfReportWithoutExpand_unprinted" ended with a "Pass" status (Duration: 0.1060 Wasted Time: 0.0000).	[MsgId: MMSG-16871]
Action.c(1193): Notify: Transaction "SetStatusOfFilmWithoutExpand_unprinted" ended with a "Pass" status (Duration: 0.2128 Wasted Time: 0.0000).	[MsgId: MMSG-16871]
The result is:  true	[MsgId: MMSG-17999]
The result is:  true	[MsgId: MMSG-17999]
Action.c(1202): lr_think_time: 5.00 seconds.	[MsgId: MMSG-15948]
Action.c(977): lr_think_time: 5.00 seconds.	[MsgId: MMSG-15948]
Action.c(791): web_url("CheckLoginStatus_24") started  	[MsgId: MMSG-26355]
Action.c(791): HTML parsing not performed for Content-Type "application/json" ("ParseHtmlContentType" Run-Time Setting is "TEXT"). URL="http://10.184.129.108/Platform/Account/CheckLoginStatus"  	[MsgId: MMSG-26548]
Action.c(791): web_url("CheckLoginStatus_24") was successful, 4 body bytes, 251 header bytes  	[MsgId: MMSG-26386]
Action.c(799): lr_think_time: 5.00 seconds.	[MsgId: MMSG-15948]
Action.c(1015): web_url("CheckLoginStatus_25") started  	[MsgId: MMSG-26355]
Action.c(910): web_url("CheckLoginStatus_25") started  	[MsgId: MMSG-26355]
Action.c(1015): HTML parsing not performed for Content-Type "application/json" ("ParseHtmlContentType" Run-Time Setting is "TEXT"). URL="http://10.184.129.108/Platform/Account/CheckLoginStatus"  	[MsgId: MMSG-26548]
Action.c(910): HTML parsing not performed for Content-Type "application/json" ("ParseHtmlContentType" Run-Time Setting is "TEXT"). URL="http://10.184.129.108/Platform/Account/CheckLoginStatus"  	[MsgId: MMSG-26548]
Action.c(910): web_url("CheckLoginStatus_25") was successful, 4 body bytes, 251 header bytes  	[MsgId: MMSG-26386]
Action.c(1015): web_url("CheckLoginStatus_25") was successful, 4 body bytes, 251 header bytes  	[MsgId: MMSG-26386]
Action.c(918): Notify: Transaction "ExpandReportRecord" started.	[MsgId: MMSG-16999]
Action.c(1024): web_reg_save_param started  	[MsgId: MMSG-26355]
Action.c(920): web_custom_request("web_custom_request") started  	[MsgId: MMSG-26355]
Action.c(1024): Registering web_reg_save_param was successful  	[MsgId: MMSG-26390]
Action.c(1029): Notify: Transaction "SetStatusOfReportWithoutExpand_NOTprinted" started.	[MsgId: MMSG-16999]
Action.c(1031): web_custom_request("web_custom_request") started  	[MsgId: MMSG-26355]
Action.c(1090): web_url("CheckLoginStatus_25") started  	[MsgId: MMSG-26355]
Action.c(920): HTML parsing not performed for Content-Type "application/json" ("ParseHtmlContentType" Run-Time Setting is "TEXT"). URL="http://10.184.129.108/webapi/api/worklist/reportInfo?accessionNumber=A20180103172925820"  	[MsgId: MMSG-26548]
Action.c(1090): HTML parsing not performed for Content-Type "application/json" ("ParseHtmlContentType" Run-Time Setting is "TEXT"). URL="http://10.184.129.108/Platform/Account/CheckLoginStatus"  	[MsgId: MMSG-26548]
Action.c(1031): HTML parsing not performed for Content-Type "application/json" ("ParseHtmlContentType" Run-Time Setting is "TEXT"). URL="http://10.184.129.108/webapi/api/worklist/UpdateStatusByStudyInstanceUID"  	[MsgId: MMSG-26548]
Action.c(920): web_custom_request("web_custom_request") was successful, 617 body bytes, 259 header bytes  	[MsgId: MMSG-26386]
Action.c(1090): web_url("CheckLoginStatus_25") was successful, 4 body bytes, 251 header bytes  	[MsgId: MMSG-26386]
Action.c(1031): web_custom_request("web_custom_request") was successful, 546 body bytes, 259 header bytes  	[MsgId: MMSG-26386]
Action.c(929): Notify: Transaction "ExpandReportRecord" ended with a "Pass" status (Duration: 0.2032).	[MsgId: MMSG-16873]
Action.c(1098): web_reg_save_param started  	[MsgId: MMSG-26355]
Action.c(1041): Notify: Transaction "SetStatusOfReportWithoutExpand_NOTprinted" ended with a "Pass" status (Duration: 0.2030 Wasted Time: 0.0000).	[MsgId: MMSG-16871]
The result is:  true	[MsgId: MMSG-17999]
Action.c(931): web_url("CheckLoginStatus_25") started  	[MsgId: MMSG-26355]
Action.c(1050): lr_think_time: 5.00 seconds.	[MsgId: MMSG-15948]
Action.c(1098): Registering web_reg_save_param was successful  	[MsgId: MMSG-26390]
Action.c(1103): Notify: Transaction "SetStatusOfReportWithExpand_printed" started.	[MsgId: MMSG-16999]
Action.c(1105): web_custom_request("web_custom_request") started  	[MsgId: MMSG-26355]
Action.c(931): HTML parsing not performed for Content-Type "application/json" ("ParseHtmlContentType" Run-Time Setting is "TEXT"). URL="http://10.184.129.108/Platform/Account/CheckLoginStatus"  	[MsgId: MMSG-26548]
Action.c(1105): HTML parsing not performed for Content-Type "application/json" ("ParseHtmlContentType" Run-Time Setting is "TEXT"). URL="http://10.184.129.108/webapi/api/worklist/UpdateStatusByStudyInstanceUID"  	[MsgId: MMSG-26548]
Action.c(931): web_url("CheckLoginStatus_25") was successful, 4 body bytes, 251 header bytes  	[MsgId: MMSG-26386]
Action.c(1105): web_custom_request("web_custom_request") was successful, 546 body bytes, 259 header bytes  	[MsgId: MMSG-26386]
Action.c(939): lr_think_time: 5.00 seconds.	[MsgId: MMSG-15948]
Action.c(1115): Notify: Transaction "SetStatusOfReportWithExpand_printed" ended with a "Pass" status (Duration: 0.2013 Wasted Time: 0.0000).	[MsgId: MMSG-16871]
The result is:  true	[MsgId: MMSG-17999]
Action.c(1124): lr_think_time: 5.00 seconds.	[MsgId: MMSG-15948]
Action.c(1015): web_url("CheckLoginStatus_25") started  	[MsgId: MMSG-26355]
Action.c(1015): HTML parsing not performed for Content-Type "application/json" ("ParseHtmlContentType" Run-Time Setting is "TEXT"). URL="http://10.184.129.108/Platform/Account/CheckLoginStatus"  	[MsgId: MMSG-26548]
Action.c(1015): web_url("CheckLoginStatus_25") was successful, 4 body bytes, 251 header bytes  	[MsgId: MMSG-26386]
Action.c(1024): web_reg_save_param started  	[MsgId: MMSG-26355]
Action.c(1024): Registering web_reg_save_param was successful  	[MsgId: MMSG-26390]
Action.c(1029): Notify: Transaction "SetStatusOfReportWithoutExpand_NOTprinted" started.	[MsgId: MMSG-16999]
Action.c(1031): web_custom_request("web_custom_request") started  	[MsgId: MMSG-26355]
Action.c(1031): HTML parsing not performed for Content-Type "application/json" ("ParseHtmlContentType" Run-Time Setting is "TEXT"). URL="http://10.184.129.108/webapi/api/worklist/UpdateStatusByStudyInstanceUID"  	[MsgId: MMSG-26548]
Action.c(1031): web_custom_request("web_custom_request") was successful, 546 body bytes, 259 header bytes  	[MsgId: MMSG-26386]
Action.c(1041): Notify: Transaction "SetStatusOfReportWithoutExpand_NOTprinted" ended with a "Pass" status (Duration: 0.2025 Wasted Time: 0.0000).	[MsgId: MMSG-16871]
The result is:  true	[MsgId: MMSG-17999]
Action.c(1050): lr_think_time: 5.00 seconds.	[MsgId: MMSG-15948]
Action.c(949): web_reg_save_param started  	[MsgId: MMSG-26355]
Action.c(949): Registering web_reg_save_param was successful  	[MsgId: MMSG-26390]
Action.c(955): Notify: Transaction "SetStatusOfReportWithoutExpand_unprinted" started.	[MsgId: MMSG-16999]
Action.c(957): web_custom_request("web_custom_request") started  	[MsgId: MMSG-26355]
Action.c(957): HTML parsing not performed for Content-Type "application/json" ("ParseHtmlContentType" Run-Time Setting is "TEXT"). URL="http://10.184.129.108/webapi/api/worklist/UpdateStatusByStudyInstanceUID"  	[MsgId: MMSG-26548]
Action.c(957): web_custom_request("web_custom_request") was successful, 546 body bytes, 259 header bytes  	[MsgId: MMSG-26386]
Action.c(968): Notify: Transaction "SetStatusOfReportWithoutExpand_unprinted" ended with a "Pass" status (Duration: 0.0999 Wasted Time: 0.0000).	[MsgId: MMSG-16871]
The result is:  true	[MsgId: MMSG-17999]
Action.c(977): lr_think_time: 5.00 seconds.	[MsgId: MMSG-15948]
Action.c(801): Notify: Transaction "worklist_query_Patient_PID" started.	[MsgId: MMSG-16999]
Action.c(803): web_custom_request("searchWorklist_7") started  	[MsgId: MMSG-26355]
Action.c(803): HTML parsing not performed for Content-Type "application/json" ("ParseHtmlContentType" Run-Time Setting is "TEXT"). URL="http://10.184.129.108/webapi/api/worklist/searchWorklist"  	[MsgId: MMSG-26548]
Action.c(803): web_custom_request("searchWorklist_7") was successful, 577 body bytes, 259 header bytes  	[MsgId: MMSG-26386]
Action.c(814): Notify: Transaction "worklist_query_Patient_PID" ended with a "Pass" status (Duration: 0.1014).	[MsgId: MMSG-16873]
Action.c(816): web_url("CheckLoginStatus_25") started  	[MsgId: MMSG-26355]
Action.c(791): web_url("CheckLoginStatus_24") started  	[MsgId: MMSG-26355]
Action.c(791): HTML parsing not performed for Content-Type "application/json" ("ParseHtmlContentType" Run-Time Setting is "TEXT"). URL="http://10.184.129.108/Platform/Account/CheckLoginStatus"  	[MsgId: MMSG-26548]
Action.c(816): HTML parsing not performed for Content-Type "application/json" ("ParseHtmlContentType" Run-Time Setting is "TEXT"). URL="http://10.184.129.108/Platform/Account/CheckLoginStatus"  	[MsgId: MMSG-26548]
Action.c(791): web_url("CheckLoginStatus_24") was successful, 4 body bytes, 251 header bytes  	[MsgId: MMSG-26386]
Action.c(816): web_url("CheckLoginStatus_25") was successful, 4 body bytes, 251 header bytes  	[MsgId: MMSG-26386]
Action.c(824): lr_think_time: 5.00 seconds.	[MsgId: MMSG-15948]
Action.c(799): lr_think_time: 5.00 seconds.	[MsgId: MMSG-15948]
Action.c(1015): web_url("CheckLoginStatus_25") started  	[MsgId: MMSG-26355]
Action.c(1015): HTML parsing not performed for Content-Type "application/json" ("ParseHtmlContentType" Run-Time Setting is "TEXT"). URL="http://10.184.129.108/Platform/Account/CheckLoginStatus"  	[MsgId: MMSG-26548]
Action.c(1015): web_url("CheckLoginStatus_25") was successful, 4 body bytes, 251 header bytes  	[MsgId: MMSG-26386]
Action.c(1024): web_reg_save_param started  	[MsgId: MMSG-26355]
Action.c(1024): Registering web_reg_save_param was successful  	[MsgId: MMSG-26390]
Action.c(1029): Notify: Transaction "SetStatusOfReportWithoutExpand_NOTprinted" started.	[MsgId: MMSG-16999]
Action.c(1031): web_custom_request("web_custom_request") started  	[MsgId: MMSG-26355]
Action.c(887): Notify: Transaction "ExpandFilmRecord" started.	[MsgId: MMSG-16999]
Action.c(889): web_custom_request("web_custom_request") started  	[MsgId: MMSG-26355]
Action.c(1015): web_url("CheckLoginStatus_25") started  	[MsgId: MMSG-26355]
Action.c(1031): HTML parsing not performed for Content-Type "application/json" ("ParseHtmlContentType" Run-Time Setting is "TEXT"). URL="http://10.184.129.108/webapi/api/worklist/UpdateStatusByStudyInstanceUID"  	[MsgId: MMSG-26548]
Action.c(1015): HTML parsing not performed for Content-Type "application/json" ("ParseHtmlContentType" Run-Time Setting is "TEXT"). URL="http://10.184.129.108/Platform/Account/CheckLoginStatus"  	[MsgId: MMSG-26548]
Action.c(1031): web_custom_request("web_custom_request") was successful, 546 body bytes, 259 header bytes  	[MsgId: MMSG-26386]
Action.c(1015): web_url("CheckLoginStatus_25") was successful, 4 body bytes, 251 header bytes  	[MsgId: MMSG-26386]
Action.c(1041): Notify: Transaction "SetStatusOfReportWithoutExpand_NOTprinted" ended with a "Pass" status (Duration: 0.2049 Wasted Time: 0.0000).	[MsgId: MMSG-16871]
Action.c(1024): web_reg_save_param started  	[MsgId: MMSG-26355]
The result is:  true	[MsgId: MMSG-17999]
Action.c(1050): lr_think_time: 5.00 seconds.	[MsgId: MMSG-15948]
Action.c(1024): Registering web_reg_save_param was successful  	[MsgId: MMSG-26390]
Action.c(1029): Notify: Transaction "SetStatusOfReportWithoutExpand_NOTprinted" started.	[MsgId: MMSG-16999]
Action.c(889): HTML parsing not performed for Content-Type "application/json" ("ParseHtmlContentType" Run-Time Setting is "TEXT"). URL="http://10.184.129.108/webapi/api/worklist/filmInfo?accessionNumber=A20180104134029309"  	[MsgId: MMSG-26548]
Action.c(1031): web_custom_request("web_custom_request") started  	[MsgId: MMSG-26355]
Action.c(889): web_custom_request("web_custom_request") was successful, 860 body bytes, 259 header bytes  	[MsgId: MMSG-26386]
Action.c(898): Notify: Transaction "ExpandFilmRecord" ended with a "Pass" status (Duration: 0.1081).	[MsgId: MMSG-16873]
Action.c(900): web_url("CheckLoginStatus_25") started  	[MsgId: MMSG-26355]
Action.c(854): Notify: Transaction "worklist_query_ACC" started.	[MsgId: MMSG-16999]
Action.c(1204): web_url("CheckLoginStatus_25") started  	[MsgId: MMSG-26355]
Action.c(856): web_custom_request("searchWorklist_8") started  	[MsgId: MMSG-26355]
Action.c(1313): web_url("CheckLoginStatus_25") started  	[MsgId: MMSG-26355]
Action.c(900): HTML parsing not performed for Content-Type "application/json" ("ParseHtmlContentType" Run-Time Setting is "TEXT"). URL="http://10.184.129.108/Platform/Account/CheckLoginStatus"  	[MsgId: MMSG-26548]
Action.c(1031): HTML parsing not performed for Content-Type "application/json" ("ParseHtmlContentType" Run-Time Setting is "TEXT"). URL="http://10.184.129.108/webapi/api/worklist/UpdateStatusByStudyInstanceUID"  	[MsgId: MMSG-26548]
Action.c(900): web_url("CheckLoginStatus_25") was successful, 4 body bytes, 251 header bytes  	[MsgId: MMSG-26386]
Action.c(856): HTML parsing not performed for Content-Type "application/json" ("ParseHtmlContentType" Run-Time Setting is "TEXT"). URL="http://10.184.129.108/webapi/api/worklist/searchWorklist"  	[MsgId: MMSG-26548]
Action.c(1204): HTML parsing not performed for Content-Type "application/json" ("ParseHtmlContentType" Run-Time Setting is "TEXT"). URL="http://10.184.129.108/Platform/Account/CheckLoginStatus"  	[MsgId: MMSG-26548]
Action.c(1031): web_custom_request("web_custom_request") was successful, 546 body bytes, 259 header bytes  	[MsgId: MMSG-26386]
Action.c(908): lr_think_time: 5.00 seconds.	[MsgId: MMSG-15948]
Action.c(1313): HTML parsing not performed for Content-Type "application/json" ("ParseHtmlContentType" Run-Time Setting is "TEXT"). URL="http://10.184.129.108/Platform/Account/CheckLoginStatus"  	[MsgId: MMSG-26548]
Action.c(1041): Notify: Transaction "SetStatusOfReportWithoutExpand_NOTprinted" ended with a "Pass" status (Duration: 0.2035 Wasted Time: 0.0000).	[MsgId: MMSG-16871]
Action.c(856): web_custom_request("searchWorklist_8") was successful, 577 body bytes, 259 header bytes  	[MsgId: MMSG-26386]
The result is:  true	[MsgId: MMSG-17999]
Action.c(867): Notify: Transaction "worklist_query_ACC" ended with a "Pass" status (Duration: 0.1093).	[MsgId: MMSG-16873]
Action.c(1204): web_url("CheckLoginStatus_25") was successful, 4 body bytes, 251 header bytes  	[MsgId: MMSG-26386]
Action.c(1050): lr_think_time: 5.00 seconds.	[MsgId: MMSG-15948]
Action.c(1313): web_url("CheckLoginStatus_25") was successful, 4 body bytes, 251 header bytes  	[MsgId: MMSG-26386]
Action.c(869): web_url("CheckLoginStatus_26") started  	[MsgId: MMSG-26355]
Action.c(1213): web_reg_save_param started  	[MsgId: MMSG-26355]
Action.c(1322): web_reg_save_param started  	[MsgId: MMSG-26355]
Action.c(1213): Registering web_reg_save_param was successful  	[MsgId: MMSG-26390]
Action.c(1322): Registering web_reg_save_param was successful  	[MsgId: MMSG-26390]
Action.c(1218): Notify: Transaction "SetStatusOfFilmWithoutExpand_printed" started.	[MsgId: MMSG-16999]
Action.c(1327): Notify: Transaction "SetStatusOfFilmWithExpand_printed" started.	[MsgId: MMSG-16999]
Action.c(1220): web_custom_request("web_custom_request") started  	[MsgId: MMSG-26355]
Action.c(1329): web_custom_request("web_custom_request") started  	[MsgId: MMSG-26355]
Action.c(1163): web_url("CheckLoginStatus_25") started  	[MsgId: MMSG-26355]
Action.c(745): Notify: Transaction "worklist_query_Lastweek" started.	[MsgId: MMSG-16999]
Action.c(747): web_custom_request("searchWorklist_5") started  	[MsgId: MMSG-26355]
Action.c(869): HTML parsing not performed for Content-Type "application/json" ("ParseHtmlContentType" Run-Time Setting is "TEXT"). URL="http://10.184.129.108/Platform/Account/CheckLoginStatus"  	[MsgId: MMSG-26548]
Action.c(869): web_url("CheckLoginStatus_26") was successful, 4 body bytes, 251 header bytes  	[MsgId: MMSG-26386]
Action.c(878): lr_think_time: 5.00 seconds.	[MsgId: MMSG-15948]
Action.c(1163): HTML parsing not performed for Content-Type "application/json" ("ParseHtmlContentType" Run-Time Setting is "TEXT"). URL="http://10.184.129.108/Platform/Account/CheckLoginStatus"  	[MsgId: MMSG-26548]
Action.c(1220): HTML parsing not performed for Content-Type "application/json" ("ParseHtmlContentType" Run-Time Setting is "TEXT"). URL="http://10.184.129.108/webapi/api/worklist/UpdateStatusByAccessionNumber"  	[MsgId: MMSG-26548]
Action.c(1163): web_url("CheckLoginStatus_25") was successful, 4 body bytes, 251 header bytes  	[MsgId: MMSG-26386]
Action.c(1220): web_custom_request("web_custom_request") was successful, 546 body bytes, 259 header bytes  	[MsgId: MMSG-26386]
Action.c(1176): web_reg_save_param started  	[MsgId: MMSG-26355]
Action.c(1230): Notify: Transaction "SetStatusOfFilmWithoutExpand_printed" ended with a "Pass" status (Duration: 0.2061 Wasted Time: 0.0000).	[MsgId: MMSG-16871]
The result is:  true	[MsgId: MMSG-17999]
Action.c(1176): Registering web_reg_save_param was successful  	[MsgId: MMSG-26390]
Action.c(1239): lr_think_time: 5.00 seconds.	[MsgId: MMSG-15948]
Action.c(1181): Notify: Transaction "SetStatusOfFilmWithoutExpand_unprinted" started.	[MsgId: MMSG-16999]
Action.c(1183): web_custom_request("web_custom_request") started  	[MsgId: MMSG-26355]
Action.c(1329): HTML parsing not performed for Content-Type "application/json" ("ParseHtmlContentType" Run-Time Setting is "TEXT"). URL="http://10.184.129.108/webapi/api/worklist/UpdateStatusByAccessionNumber"  	[MsgId: MMSG-26548]
Action.c(1329): web_custom_request("web_custom_request") was successful, 1403 body bytes, 260 header bytes  	[MsgId: MMSG-26386]
Action.c(1339): Notify: Transaction "SetStatusOfFilmWithExpand_printed" ended with a "Pass" status (Duration: 0.2064 Wasted Time: 0.0000).	[MsgId: MMSG-16871]
The result is:  true	[MsgId: MMSG-17999]
Action.c(1349): lr_think_time: 5.00 seconds.	[MsgId: MMSG-15948]
Action.c(747): HTML parsing not performed for Content-Type "application/json" ("ParseHtmlContentType" Run-Time Setting is "TEXT"). URL="http://10.184.129.108/webapi/api/worklist/searchWorklist"  	[MsgId: MMSG-26548]
Action.c(747): web_custom_request("searchWorklist_5") was successful, 25177 body bytes, 261 header bytes  	[MsgId: MMSG-26386]
Action.c(758): Notify: Transaction "worklist_query_Lastweek" ended with a "Pass" status (Duration: 0.1148).	[MsgId: MMSG-16873]
The Time is 2017-12-04	[MsgId: MMSG-17999]
Action.c(764): web_url("CheckLoginStatus") started  	[MsgId: MMSG-26355]
Action.c(764): HTML parsing not performed for Content-Type "application/json" ("ParseHtmlContentType" Run-Time Setting is "TEXT"). URL="http://10.184.129.108/Platform/Account/CheckLoginStatus"  	[MsgId: MMSG-26548]
Action.c(764): web_url("CheckLoginStatus") was successful, 4 body bytes, 251 header bytes  	[MsgId: MMSG-26386]
Action.c(1183): HTML parsing not performed for Content-Type "application/json" ("ParseHtmlContentType" Run-Time Setting is "TEXT"). URL="http://10.184.129.108/webapi/api/worklist/UpdateStatusByAccessionNumber"  	[MsgId: MMSG-26548]
Action.c(772): lr_think_time: 5.00 seconds.	[MsgId: MMSG-15948]
Action.c(1183): web_custom_request("web_custom_request") was successful, 546 body bytes, 259 header bytes  	[MsgId: MMSG-26386]
Action.c(1193): Notify: Transaction "SetStatusOfFilmWithoutExpand_unprinted" ended with a "Pass" status (Duration: 0.2035 Wasted Time: 0.0000).	[MsgId: MMSG-16871]
The result is:  true	[MsgId: MMSG-17999]
Action.c(1202): lr_think_time: 5.00 seconds.	[MsgId: MMSG-15948]
Action.c(774): Notify: Transaction "worklist_query_LastMonth" started.	[MsgId: MMSG-16999]
Action.c(776): web_custom_request("searchWorklist_6") started  	[MsgId: MMSG-26355]
Action.c(1241): web_url("CheckLoginStatus_25") started  	[MsgId: MMSG-26355]
Action.c(1241): HTML parsing not performed for Content-Type "application/json" ("ParseHtmlContentType" Run-Time Setting is "TEXT"). URL="http://10.184.129.108/Platform/Account/CheckLoginStatus"  	[MsgId: MMSG-26548]
Action.c(1241): web_url("CheckLoginStatus_25") was successful, 4 body bytes, 251 header bytes  	[MsgId: MMSG-26386]
Action.c(1249): web_reg_save_param started  	[MsgId: MMSG-26355]
Action.c(1249): Registering web_reg_save_param was successful  	[MsgId: MMSG-26390]
Action.c(1254): Notify: Transaction "SetStatusOfFilmWithoutExpand_NOTprinte" started.	[MsgId: MMSG-16999]
Action.c(1256): web_custom_request("web_custom_request") started  	[MsgId: MMSG-26355]
Action.c(1256): HTML parsing not performed for Content-Type "application/json" ("ParseHtmlContentType" Run-Time Setting is "TEXT"). URL="http://10.184.129.108/webapi/api/worklist/UpdateStatusByAccessionNumber"  	[MsgId: MMSG-26548]
Action.c(1256): web_custom_request("web_custom_request") was successful, 546 body bytes, 259 header bytes  	[MsgId: MMSG-26386]
Action.c(1266): Notify: Transaction "SetStatusOfFilmWithoutExpand_NOTprinte" ended with a "Pass" status (Duration: 0.2036 Wasted Time: 0.0000).	[MsgId: MMSG-16871]
The result is:  true	[MsgId: MMSG-17999]
Action.c(1275): lr_think_time: 5.00 seconds.	[MsgId: MMSG-15948]
Action.c(776): HTML parsing not performed for Content-Type "application/json" ("ParseHtmlContentType" Run-Time Setting is "TEXT"). URL="http://10.184.129.108/webapi/api/worklist/searchWorklist"  	[MsgId: MMSG-26548]
Action.c(776): web_custom_request("searchWorklist_6") was successful, 25181 body bytes, 261 header bytes  	[MsgId: MMSG-26386]
Action.c(787): Notify: Transaction "worklist_query_LastMonth" ended with a "Pass" status (Duration: 0.6291).	[MsgId: MMSG-16873]
Action.c(789): lr_think_time: 5.00 seconds.	[MsgId: MMSG-15948]
Action.c(1204): web_url("CheckLoginStatus_25") started  	[MsgId: MMSG-26355]
Action.c(979): web_url("CheckLoginStatus_25") started  	[MsgId: MMSG-26355]
Action.c(979): HTML parsing not performed for Content-Type "application/json" ("ParseHtmlContentType" Run-Time Setting is "TEXT"). URL="http://10.184.129.108/Platform/Account/CheckLoginStatus"  	[MsgId: MMSG-26548]
Action.c(1204): HTML parsing not performed for Content-Type "application/json" ("ParseHtmlContentType" Run-Time Setting is "TEXT"). URL="http://10.184.129.108/Platform/Account/CheckLoginStatus"  	[MsgId: MMSG-26548]
Action.c(979): web_url("CheckLoginStatus_25") was successful, 4 body bytes, 251 header bytes  	[MsgId: MMSG-26386]
Action.c(1204): web_url("CheckLoginStatus_25") was successful, 4 body bytes, 251 header bytes  	[MsgId: MMSG-26386]
Action.c(988): web_reg_save_param started  	[MsgId: MMSG-26355]
Action.c(1213): web_reg_save_param started  	[MsgId: MMSG-26355]
Action.c(1213): Registering web_reg_save_param was successful  	[MsgId: MMSG-26390]
Action.c(988): Registering web_reg_save_param was successful  	[MsgId: MMSG-26390]
Action.c(1218): Notify: Transaction "SetStatusOfFilmWithoutExpand_printed" started.	[MsgId: MMSG-16999]
Action.c(992): Notify: Transaction "SetStatusOfReportWithoutExpand_printed" started.	[MsgId: MMSG-16999]
Action.c(994): web_custom_request("web_custom_request") started  	[MsgId: MMSG-26355]
Action.c(1220): web_custom_request("web_custom_request") started  	[MsgId: MMSG-26355]
Action.c(801): Notify: Transaction "worklist_query_Patient_PID" started.	[MsgId: MMSG-16999]
Action.c(803): web_custom_request("searchWorklist_7") started  	[MsgId: MMSG-26355]
Action.c(803): HTML parsing not performed for Content-Type "application/json" ("ParseHtmlContentType" Run-Time Setting is "TEXT"). URL="http://10.184.129.108/webapi/api/worklist/searchWorklist"  	[MsgId: MMSG-26548]
Action.c(994): HTML parsing not performed for Content-Type "application/json" ("ParseHtmlContentType" Run-Time Setting is "TEXT"). URL="http://10.184.129.108/webapi/api/worklist/UpdateStatusByStudyInstanceUID"  	[MsgId: MMSG-26548]
Action.c(1220): HTML parsing not performed for Content-Type "application/json" ("ParseHtmlContentType" Run-Time Setting is "TEXT"). URL="http://10.184.129.108/webapi/api/worklist/UpdateStatusByAccessionNumber"  	[MsgId: MMSG-26548]
Action.c(803): web_custom_request("searchWorklist_7") was successful, 577 body bytes, 259 header bytes  	[MsgId: MMSG-26386]
Action.c(994): web_custom_request("web_custom_request") was successful, 546 body bytes, 259 header bytes  	[MsgId: MMSG-26386]
Action.c(1220): web_custom_request("web_custom_request") was successful, 546 body bytes, 259 header bytes  	[MsgId: MMSG-26386]
Action.c(814): Notify: Transaction "worklist_query_Patient_PID" ended with a "Pass" status (Duration: 0.0999).	[MsgId: MMSG-16873]
Action.c(1004): Notify: Transaction "SetStatusOfReportWithoutExpand_printed" ended with a "Pass" status (Duration: 0.2034 Wasted Time: 0.0000).	[MsgId: MMSG-16871]
Action.c(1230): Notify: Transaction "SetStatusOfFilmWithoutExpand_printed" ended with a "Pass" status (Duration: 0.2034 Wasted Time: 0.0000).	[MsgId: MMSG-16871]
Action.c(816): web_url("CheckLoginStatus_25") started  	[MsgId: MMSG-26355]
The result is:  true	[MsgId: MMSG-17999]
The result is:  true	[MsgId: MMSG-17999]
Action.c(1013): lr_think_time: 5.00 seconds.	[MsgId: MMSG-15948]
Action.c(1239): lr_think_time: 5.00 seconds.	[MsgId: MMSG-15948]
Action.c(816): HTML parsing not performed for Content-Type "application/json" ("ParseHtmlContentType" Run-Time Setting is "TEXT"). URL="http://10.184.129.108/Platform/Account/CheckLoginStatus"  	[MsgId: MMSG-26548]
Action.c(816): web_url("CheckLoginStatus_25") was successful, 4 body bytes, 251 header bytes  	[MsgId: MMSG-26386]
Action.c(824): lr_think_time: 5.00 seconds.	[MsgId: MMSG-15948]
Action.c(1052): web_url("CheckLoginStatus_25") started  	[MsgId: MMSG-26355]
Action.c(1052): HTML parsing not performed for Content-Type "application/json" ("ParseHtmlContentType" Run-Time Setting is "TEXT"). URL="http://10.184.129.108/Platform/Account/CheckLoginStatus"  	[MsgId: MMSG-26548]
Action.c(1052): web_url("CheckLoginStatus_25") was successful, 4 body bytes, 251 header bytes  	[MsgId: MMSG-26386]
Action.c(1061): web_reg_save_param started  	[MsgId: MMSG-26355]
Action.c(1061): Registering web_reg_save_param was successful  	[MsgId: MMSG-26390]
Action.c(1066): Notify: Transaction "SetStatusOfReportWithExpand_unprinted" started.	[MsgId: MMSG-16999]
Action.c(1068): web_custom_request("web_custom_request") started  	[MsgId: MMSG-26355]
Action.c(949): web_reg_save_param started  	[MsgId: MMSG-26355]
Action.c(949): Registering web_reg_save_param was successful  	[MsgId: MMSG-26390]
Action.c(955): Notify: Transaction "SetStatusOfReportWithoutExpand_unprinted" started.	[MsgId: MMSG-16999]
Action.c(957): web_custom_request("web_custom_request") started  	[MsgId: MMSG-26355]
Action.c(1126): web_url("CheckLoginStatus_25") started  	[MsgId: MMSG-26355]
Action.c(957): HTML parsing not performed for Content-Type "application/json" ("ParseHtmlContentType" Run-Time Setting is "TEXT"). URL="http://10.184.129.108/webapi/api/worklist/UpdateStatusByStudyInstanceUID"  	[MsgId: MMSG-26548]
Action.c(1068): HTML parsing not performed for Content-Type "application/json" ("ParseHtmlContentType" Run-Time Setting is "TEXT"). URL="http://10.184.129.108/webapi/api/worklist/UpdateStatusByStudyInstanceUID"  	[MsgId: MMSG-26548]
Action.c(957): web_custom_request("web_custom_request") was successful, 546 body bytes, 259 header bytes  	[MsgId: MMSG-26386]
Action.c(1068): web_custom_request("web_custom_request") was successful, 546 body bytes, 259 header bytes  	[MsgId: MMSG-26386]
Action.c(968): Notify: Transaction "SetStatusOfReportWithoutExpand_unprinted" ended with a "Pass" status (Duration: 0.1012 Wasted Time: 0.0000).	[MsgId: MMSG-16871]
Action.c(1078): Notify: Transaction "SetStatusOfReportWithExpand_unprinted" ended with a "Pass" status (Duration: 0.2031 Wasted Time: 0.0000).	[MsgId: MMSG-16871]
The result is:  true	[MsgId: MMSG-17999]
The result is:  true	[MsgId: MMSG-17999]
Action.c(1087): lr_think_time: 5.00 seconds.	[MsgId: MMSG-15948]
Action.c(977): lr_think_time: 5.00 seconds.	[MsgId: MMSG-15948]
Action.c(1126): HTML parsing not performed for Content-Type "application/json" ("ParseHtmlContentType" Run-Time Setting is "TEXT"). URL="http://10.184.129.108/Platform/Account/CheckLoginStatus"  	[MsgId: MMSG-26548]
Action.c(1126): web_url("CheckLoginStatus_25") was successful, 4 body bytes, 251 header bytes  	[MsgId: MMSG-26386]
Action.c(1134): web_reg_save_param started  	[MsgId: MMSG-26355]
Action.c(1134): Registering web_reg_save_param was successful  	[MsgId: MMSG-26390]
Action.c(1139): Notify: Transaction "SetStatusOfReportWithExpand_NOTprinted" started.	[MsgId: MMSG-16999]
Action.c(1141): web_custom_request("web_custom_request") started  	[MsgId: MMSG-26355]
Action.c(1141): HTML parsing not performed for Content-Type "application/json" ("ParseHtmlContentType" Run-Time Setting is "TEXT"). URL="http://10.184.129.108/webapi/api/worklist/UpdateStatusByStudyInstanceUID"  	[MsgId: MMSG-26548]
Action.c(1141): web_custom_request("web_custom_request") was successful, 546 body bytes, 259 header bytes  	[MsgId: MMSG-26386]
Action.c(1151): Notify: Transaction "SetStatusOfReportWithExpand_NOTprinted" ended with a "Pass" status (Duration: 0.2040 Wasted Time: 0.0000).	[MsgId: MMSG-16871]
The result is:  true	[MsgId: MMSG-17999]
Action.c(1160): lr_think_time: 5.00 seconds.	[MsgId: MMSG-15948]
Action.c(1052): web_url("CheckLoginStatus_25") started  	[MsgId: MMSG-26355]
Action.c(1052): HTML parsing not performed for Content-Type "application/json" ("ParseHtmlContentType" Run-Time Setting is "TEXT"). URL="http://10.184.129.108/Platform/Account/CheckLoginStatus"  	[MsgId: MMSG-26548]
Action.c(1052): web_url("CheckLoginStatus_25") was successful, 4 body bytes, 251 header bytes  	[MsgId: MMSG-26386]
Action.c(1061): web_reg_save_param started  	[MsgId: MMSG-26355]
Action.c(1061): Registering web_reg_save_param was successful  	[MsgId: MMSG-26390]
Action.c(1066): Notify: Transaction "SetStatusOfReportWithExpand_unprinted" started.	[MsgId: MMSG-16999]
Action.c(1068): web_custom_request("web_custom_request") started  	[MsgId: MMSG-26355]
Action.c(979): web_url("CheckLoginStatus_25") started  	[MsgId: MMSG-26355]
Action.c(979): HTML parsing not performed for Content-Type "application/json" ("ParseHtmlContentType" Run-Time Setting is "TEXT"). URL="http://10.184.129.108/Platform/Account/CheckLoginStatus"  	[MsgId: MMSG-26548]
Action.c(1068): HTML parsing not performed for Content-Type "application/json" ("ParseHtmlContentType" Run-Time Setting is "TEXT"). URL="http://10.184.129.108/webapi/api/worklist/UpdateStatusByStudyInstanceUID"  	[MsgId: MMSG-26548]
Action.c(979): web_url("CheckLoginStatus_25") was successful, 4 body bytes, 251 header bytes  	[MsgId: MMSG-26386]
Action.c(1068): web_custom_request("web_custom_request") was successful, 546 body bytes, 259 header bytes  	[MsgId: MMSG-26386]
Action.c(988): web_reg_save_param started  	[MsgId: MMSG-26355]
Action.c(1078): Notify: Transaction "SetStatusOfReportWithExpand_unprinted" ended with a "Pass" status (Duration: 0.2029 Wasted Time: 0.0000).	[MsgId: MMSG-16871]
The result is:  true	[MsgId: MMSG-17999]
Action.c(1087): lr_think_time: 5.00 seconds.	[MsgId: MMSG-15948]
Action.c(988): Registering web_reg_save_param was successful  	[MsgId: MMSG-26390]
Action.c(992): Notify: Transaction "SetStatusOfReportWithoutExpand_printed" started.	[MsgId: MMSG-16999]
Action.c(994): web_custom_request("web_custom_request") started  	[MsgId: MMSG-26355]
Action.c(994): HTML parsing not performed for Content-Type "application/json" ("ParseHtmlContentType" Run-Time Setting is "TEXT"). URL="http://10.184.129.108/webapi/api/worklist/UpdateStatusByStudyInstanceUID"  	[MsgId: MMSG-26548]
Action.c(994): web_custom_request("web_custom_request") was successful, 546 body bytes, 259 header bytes  	[MsgId: MMSG-26386]
Action.c(1004): Notify: Transaction "SetStatusOfReportWithoutExpand_printed" ended with a "Pass" status (Duration: 0.2032 Wasted Time: 0.0000).	[MsgId: MMSG-16871]
The result is:  true	[MsgId: MMSG-17999]
Action.c(1013): lr_think_time: 5.00 seconds.	[MsgId: MMSG-15948]
Action.c(801): Notify: Transaction "worklist_query_Patient_PID" started.	[MsgId: MMSG-16999]
Action.c(803): web_custom_request("searchWorklist_7") started  	[MsgId: MMSG-26355]
Action.c(827): Notify: Transaction "worklist_query_Patient_PatientName" started.	[MsgId: MMSG-16999]
Action.c(829): web_custom_request("worklist_query_Patient_PatientName") started  	[MsgId: MMSG-26355]
Action.c(803): HTML parsing not performed for Content-Type "application/json" ("ParseHtmlContentType" Run-Time Setting is "TEXT"). URL="http://10.184.129.108/webapi/api/worklist/searchWorklist"  	[MsgId: MMSG-26548]
Action.c(829): HTML parsing not performed for Content-Type "application/json" ("ParseHtmlContentType" Run-Time Setting is "TEXT"). URL="http://10.184.129.108/webapi/api/worklist/searchWorklist"  	[MsgId: MMSG-26548]
Action.c(803): web_custom_request("searchWorklist_7") was successful, 577 body bytes, 259 header bytes  	[MsgId: MMSG-26386]
Action.c(829): web_custom_request("worklist_query_Patient_PatientName") was successful, 577 body bytes, 259 header bytes  	[MsgId: MMSG-26386]
Action.c(840): Notify: Transaction "worklist_query_Patient_PatientName" ended with a "Pass" status (Duration: 0.0964).	[MsgId: MMSG-16873]
Action.c(814): Notify: Transaction "worklist_query_Patient_PID" ended with a "Pass" status (Duration: 0.0973).	[MsgId: MMSG-16873]
Action.c(816): web_url("CheckLoginStatus_25") started  	[MsgId: MMSG-26355]
Action.c(842): web_url("CheckLoginStatus_25") started  	[MsgId: MMSG-26355]
Action.c(842): HTML parsing not performed for Content-Type "application/json" ("ParseHtmlContentType" Run-Time Setting is "TEXT"). URL="http://10.184.129.108/Platform/Account/CheckLoginStatus"  	[MsgId: MMSG-26548]
Action.c(816): HTML parsing not performed for Content-Type "application/json" ("ParseHtmlContentType" Run-Time Setting is "TEXT"). URL="http://10.184.129.108/Platform/Account/CheckLoginStatus"  	[MsgId: MMSG-26548]
Action.c(842): web_url("CheckLoginStatus_25") was successful, 4 body bytes, 251 header bytes  	[MsgId: MMSG-26386]
Action.c(816): web_url("CheckLoginStatus_25") was successful, 4 body bytes, 251 header bytes  	[MsgId: MMSG-26386]
Action.c(850): lr_think_time: 5.00 seconds.	[MsgId: MMSG-15948]
Action.c(824): lr_think_time: 5.00 seconds.	[MsgId: MMSG-15948]
Action.c(1052): web_url("CheckLoginStatus_25") started  	[MsgId: MMSG-26355]
Action.c(1052): HTML parsing not performed for Content-Type "application/json" ("ParseHtmlContentType" Run-Time Setting is "TEXT"). URL="http://10.184.129.108/Platform/Account/CheckLoginStatus"  	[MsgId: MMSG-26548]
Action.c(1052): web_url("CheckLoginStatus_25") was successful, 4 body bytes, 251 header bytes  	[MsgId: MMSG-26386]
Action.c(1061): web_reg_save_param started  	[MsgId: MMSG-26355]
Action.c(1061): Registering web_reg_save_param was successful  	[MsgId: MMSG-26390]
Action.c(1066): Notify: Transaction "SetStatusOfReportWithExpand_unprinted" started.	[MsgId: MMSG-16999]
Action.c(1068): web_custom_request("web_custom_request") started  	[MsgId: MMSG-26355]
Action.c(1052): web_url("CheckLoginStatus_25") started  	[MsgId: MMSG-26355]
Action.c(910): web_url("CheckLoginStatus_25") started  	[MsgId: MMSG-26355]
Action.c(910): HTML parsing not performed for Content-Type "application/json" ("ParseHtmlContentType" Run-Time Setting is "TEXT"). URL="http://10.184.129.108/Platform/Account/CheckLoginStatus"  	[MsgId: MMSG-26548]
Action.c(1052): HTML parsing not performed for Content-Type "application/json" ("ParseHtmlContentType" Run-Time Setting is "TEXT"). URL="http://10.184.129.108/Platform/Account/CheckLoginStatus"  	[MsgId: MMSG-26548]
Action.c(1068): HTML parsing not performed for Content-Type "application/json" ("ParseHtmlContentType" Run-Time Setting is "TEXT"). URL="http://10.184.129.108/webapi/api/worklist/UpdateStatusByStudyInstanceUID"  	[MsgId: MMSG-26548]
Action.c(910): web_url("CheckLoginStatus_25") was successful, 4 body bytes, 251 header bytes  	[MsgId: MMSG-26386]
Action.c(1052): web_url("CheckLoginStatus_25") was successful, 4 body bytes, 251 header bytes  	[MsgId: MMSG-26386]
Action.c(1068): web_custom_request("web_custom_request") was successful, 546 body bytes, 259 header bytes  	[MsgId: MMSG-26386]
Action.c(918): Notify: Transaction "ExpandReportRecord" started.	[MsgId: MMSG-16999]
Action.c(1061): web_reg_save_param started  	[MsgId: MMSG-26355]
Action.c(1078): Notify: Transaction "SetStatusOfReportWithExpand_unprinted" ended with a "Pass" status (Duration: 0.2034 Wasted Time: 0.0000).	[MsgId: MMSG-16871]
Action.c(920): web_custom_request("web_custom_request") started  	[MsgId: MMSG-26355]
Action.c(1061): Registering web_reg_save_param was successful  	[MsgId: MMSG-26390]
The result is:  true	[MsgId: MMSG-17999]
Action.c(1066): Notify: Transaction "SetStatusOfReportWithExpand_unprinted" started.	[MsgId: MMSG-16999]
Action.c(1087): lr_think_time: 5.00 seconds.	[MsgId: MMSG-15948]
Action.c(1068): web_custom_request("web_custom_request") started  	[MsgId: MMSG-26355]
Action.c(887): Notify: Transaction "ExpandFilmRecord" started.	[MsgId: MMSG-16999]
Action.c(1241): web_url("CheckLoginStatus_25") started  	[MsgId: MMSG-26355]
Action.c(889): web_custom_request("web_custom_request") started  	[MsgId: MMSG-26355]
Action.c(1351): web_url("CheckLoginStatus_25") started  	[MsgId: MMSG-26355]
Action.c(920): HTML parsing not performed for Content-Type "application/json" ("ParseHtmlContentType" Run-Time Setting is "TEXT"). URL="http://10.184.129.108/webapi/api/worklist/reportInfo?accessionNumber=A20180103171131048"  	[MsgId: MMSG-26548]
Action.c(1241): HTML parsing not performed for Content-Type "application/json" ("ParseHtmlContentType" Run-Time Setting is "TEXT"). URL="http://10.184.129.108/Platform/Account/CheckLoginStatus"  	[MsgId: MMSG-26548]
Action.c(1068): HTML parsing not performed for Content-Type "application/json" ("ParseHtmlContentType" Run-Time Setting is "TEXT"). URL="http://10.184.129.108/webapi/api/worklist/UpdateStatusByStudyInstanceUID"  	[MsgId: MMSG-26548]
Action.c(1351): HTML parsing not performed for Content-Type "application/json" ("ParseHtmlContentType" Run-Time Setting is "TEXT"). URL="http://10.184.129.108/Platform/Account/CheckLoginStatus"  	[MsgId: MMSG-26548]
Action.c(1068): web_custom_request("web_custom_request") was successful, 546 body bytes, 259 header bytes  	[MsgId: MMSG-26386]
Action.c(920): web_custom_request("web_custom_request") was successful, 617 body bytes, 259 header bytes  	[MsgId: MMSG-26386]
Action.c(1241): web_url("CheckLoginStatus_25") was successful, 4 body bytes, 251 header bytes  	[MsgId: MMSG-26386]
Action.c(1351): web_url("CheckLoginStatus_25") was successful, 4 body bytes, 251 header bytes  	[MsgId: MMSG-26386]
Action.c(1078): Notify: Transaction "SetStatusOfReportWithExpand_unprinted" ended with a "Pass" status (Duration: 0.2024 Wasted Time: 0.0000).	[MsgId: MMSG-16871]
Action.c(929): Notify: Transaction "ExpandReportRecord" ended with a "Pass" status (Duration: 0.2028).	[MsgId: MMSG-16873]
Action.c(1249): web_reg_save_param started  	[MsgId: MMSG-26355]
Action.c(1359): web_reg_save_param started  	[MsgId: MMSG-26355]
Action.c(931): web_url("CheckLoginStatus_25") started  	[MsgId: MMSG-26355]
The result is:  true	[MsgId: MMSG-17999]
Action.c(1359): Registering web_reg_save_param was successful  	[MsgId: MMSG-26390]
Action.c(1249): Registering web_reg_save_param was successful  	[MsgId: MMSG-26390]
Action.c(1087): lr_think_time: 5.00 seconds.	[MsgId: MMSG-15948]
Action.c(1365): Notify: Transaction "SetStatusOfFilmWithExpand_NOTprinted" started.	[MsgId: MMSG-16999]
Action.c(1254): Notify: Transaction "SetStatusOfFilmWithoutExpand_NOTprinte" started.	[MsgId: MMSG-16999]
Action.c(1367): web_custom_request("web_custom_request") started  	[MsgId: MMSG-26355]
Action.c(889): HTML parsing not performed for Content-Type "application/json" ("ParseHtmlContentType" Run-Time Setting is "TEXT"). URL="http://10.184.129.108/webapi/api/worklist/filmInfo?accessionNumber=A20180104134204090"  	[MsgId: MMSG-26548]
Action.c(1256): web_custom_request("web_custom_request") started  	[MsgId: MMSG-26355]
Action.c(889): web_custom_request("web_custom_request") was successful, 859 body bytes, 259 header bytes  	[MsgId: MMSG-26386]
Action.c(898): Notify: Transaction "ExpandFilmRecord" ended with a "Pass" status (Duration: 0.0907).	[MsgId: MMSG-16873]
Action.c(900): web_url("CheckLoginStatus_25") started  	[MsgId: MMSG-26355]
Action.c(774): Notify: Transaction "worklist_query_LastMonth" started.	[MsgId: MMSG-16999]
Action.c(776): web_custom_request("searchWorklist_6") started  	[MsgId: MMSG-26355]
Action.c(1204): web_url("CheckLoginStatus_25") started  	[MsgId: MMSG-26355]
Action.c(900): HTML parsing not performed for Content-Type "application/json" ("ParseHtmlContentType" Run-Time Setting is "TEXT"). URL="http://10.184.129.108/Platform/Account/CheckLoginStatus"  	[MsgId: MMSG-26548]
Action.c(931): HTML parsing not performed for Content-Type "application/json" ("ParseHtmlContentType" Run-Time Setting is "TEXT"). URL="http://10.184.129.108/Platform/Account/CheckLoginStatus"  	[MsgId: MMSG-26548]
Action.c(931): web_url("CheckLoginStatus_25") was successful, 4 body bytes, 251 header bytes  	[MsgId: MMSG-26386]
Action.c(900): web_url("CheckLoginStatus_25") was successful, 4 body bytes, 251 header bytes  	[MsgId: MMSG-26386]
Action.c(939): lr_think_time: 5.00 seconds.	[MsgId: MMSG-15948]
Action.c(908): lr_think_time: 5.00 seconds.	[MsgId: MMSG-15948]
Action.c(1256): HTML parsing not performed for Content-Type "application/json" ("ParseHtmlContentType" Run-Time Setting is "TEXT"). URL="http://10.184.129.108/webapi/api/worklist/UpdateStatusByAccessionNumber"  	[MsgId: MMSG-26548]
Action.c(1256): web_custom_request("web_custom_request") was successful, 546 body bytes, 259 header bytes  	[MsgId: MMSG-26386]
Action.c(1204): HTML parsing not performed for Content-Type "application/json" ("ParseHtmlContentType" Run-Time Setting is "TEXT"). URL="http://10.184.129.108/Platform/Account/CheckLoginStatus"  	[MsgId: MMSG-26548]
Action.c(1367): HTML parsing not performed for Content-Type "application/json" ("ParseHtmlContentType" Run-Time Setting is "TEXT"). URL="http://10.184.129.108/webapi/api/worklist/UpdateStatusByAccessionNumber"  	[MsgId: MMSG-26548]
Action.c(1266): Notify: Transaction "SetStatusOfFilmWithoutExpand_NOTprinte" ended with a "Pass" status (Duration: 0.2033 Wasted Time: 0.0000).	[MsgId: MMSG-16871]
The result is:  true	[MsgId: MMSG-17999]
Action.c(1204): web_url("CheckLoginStatus_25") was successful, 4 body bytes, 251 header bytes  	[MsgId: MMSG-26386]
Action.c(1275): lr_think_time: 5.00 seconds.	[MsgId: MMSG-15948]
Action.c(1213): web_reg_save_param started  	[MsgId: MMSG-26355]
Action.c(1367): web_custom_request("web_custom_request") was successful, 1403 body bytes, 260 header bytes  	[MsgId: MMSG-26386]
Action.c(1377): Notify: Transaction "SetStatusOfFilmWithExpand_NOTprinted" ended with a "Pass" status (Duration: 0.2038 Wasted Time: 0.0000).	[MsgId: MMSG-16871]
The result is:  true	[MsgId: MMSG-17999]
Action.c(1213): Registering web_reg_save_param was successful  	[MsgId: MMSG-26390]
Action.c(1218): Notify: Transaction "SetStatusOfFilmWithoutExpand_printed" started.	[MsgId: MMSG-16999]
Action.c(1386): lr_think_time: 5.00 seconds.	[MsgId: MMSG-15948]
Action.c(1220): web_custom_request("web_custom_request") started  	[MsgId: MMSG-26355]
Action.c(1220): HTML parsing not performed for Content-Type "application/json" ("ParseHtmlContentType" Run-Time Setting is "TEXT"). URL="http://10.184.129.108/webapi/api/worklist/UpdateStatusByAccessionNumber"  	[MsgId: MMSG-26548]
Action.c(1220): web_custom_request("web_custom_request") was successful, 546 body bytes, 259 header bytes  	[MsgId: MMSG-26386]
Action.c(1230): Notify: Transaction "SetStatusOfFilmWithoutExpand_printed" ended with a "Pass" status (Duration: 0.2022 Wasted Time: 0.0000).	[MsgId: MMSG-16871]
The result is:  true	[MsgId: MMSG-17999]
Action.c(1239): lr_think_time: 5.00 seconds.	[MsgId: MMSG-15948]
Action.c(776): HTML parsing not performed for Content-Type "application/json" ("ParseHtmlContentType" Run-Time Setting is "TEXT"). URL="http://10.184.129.108/webapi/api/worklist/searchWorklist"  	[MsgId: MMSG-26548]
Action.c(776): web_custom_request("searchWorklist_6") was successful, 25181 body bytes, 261 header bytes  	[MsgId: MMSG-26386]
Action.c(787): Notify: Transaction "worklist_query_LastMonth" ended with a "Pass" status (Duration: 0.5002).	[MsgId: MMSG-16873]
Action.c(789): lr_think_time: 5.00 seconds.	[MsgId: MMSG-15948]
Action.c(1277): web_url("CheckLoginStatus_25") started  	[MsgId: MMSG-26355]
Action.c(1277): HTML parsing not performed for Content-Type "application/json" ("ParseHtmlContentType" Run-Time Setting is "TEXT"). URL="http://10.184.129.108/Platform/Account/CheckLoginStatus"  	[MsgId: MMSG-26548]
Action.c(1277): web_url("CheckLoginStatus_25") was successful, 4 body bytes, 251 header bytes  	[MsgId: MMSG-26386]
Action.c(1285): web_reg_save_param started  	[MsgId: MMSG-26355]
Action.c(1285): Registering web_reg_save_param was successful  	[MsgId: MMSG-26390]
Action.c(1290): Notify: Transaction "SetStatusOfFilmWithExpand_unprinted" started.	[MsgId: MMSG-16999]
Action.c(1292): web_custom_request("web_custom_request") started  	[MsgId: MMSG-26355]
Action.c(791): web_url("CheckLoginStatus_24") started  	[MsgId: MMSG-26355]
Action.c(791): HTML parsing not performed for Content-Type "application/json" ("ParseHtmlContentType" Run-Time Setting is "TEXT"). URL="http://10.184.129.108/Platform/Account/CheckLoginStatus"  	[MsgId: MMSG-26548]
Action.c(791): web_url("CheckLoginStatus_24") was successful, 4 body bytes, 251 header bytes  	[MsgId: MMSG-26386]
Action.c(799): lr_think_time: 5.00 seconds.	[MsgId: MMSG-15948]
Action.c(1292): HTML parsing not performed for Content-Type "application/json" ("ParseHtmlContentType" Run-Time Setting is "TEXT"). URL="http://10.184.129.108/webapi/api/worklist/UpdateStatusByAccessionNumber"  	[MsgId: MMSG-26548]
Action.c(1292): web_custom_request("web_custom_request") was successful, 1403 body bytes, 260 header bytes  	[MsgId: MMSG-26386]
Action.c(1302): Notify: Transaction "SetStatusOfFilmWithExpand_unprinted" ended with a "Pass" status (Duration: 0.2042 Wasted Time: 0.0000).	[MsgId: MMSG-16871]
The result is:  true	[MsgId: MMSG-17999]
Action.c(1311): lr_think_time: 5.00 seconds.	[MsgId: MMSG-15948]
Action.c(1015): web_url("CheckLoginStatus_25") started  	[MsgId: MMSG-26355]
Action.c(1241): web_url("CheckLoginStatus_25") started  	[MsgId: MMSG-26355]
Action.c(1241): HTML parsing not performed for Content-Type "application/json" ("ParseHtmlContentType" Run-Time Setting is "TEXT"). URL="http://10.184.129.108/Platform/Account/CheckLoginStatus"  	[MsgId: MMSG-26548]
Action.c(1015): HTML parsing not performed for Content-Type "application/json" ("ParseHtmlContentType" Run-Time Setting is "TEXT"). URL="http://10.184.129.108/Platform/Account/CheckLoginStatus"  	[MsgId: MMSG-26548]
Action.c(1241): web_url("CheckLoginStatus_25") was successful, 4 body bytes, 251 header bytes  	[MsgId: MMSG-26386]
Action.c(1015): web_url("CheckLoginStatus_25") was successful, 4 body bytes, 251 header bytes  	[MsgId: MMSG-26386]
Action.c(1249): web_reg_save_param started  	[MsgId: MMSG-26355]
Action.c(1024): web_reg_save_param started  	[MsgId: MMSG-26355]
Action.c(1249): Registering web_reg_save_param was successful  	[MsgId: MMSG-26390]
Action.c(1024): Registering web_reg_save_param was successful  	[MsgId: MMSG-26390]
Action.c(1254): Notify: Transaction "SetStatusOfFilmWithoutExpand_NOTprinte" started.	[MsgId: MMSG-16999]
Action.c(1029): Notify: Transaction "SetStatusOfReportWithoutExpand_NOTprinted" started.	[MsgId: MMSG-16999]
Action.c(1256): web_custom_request("web_custom_request") started  	[MsgId: MMSG-26355]
Action.c(1031): web_custom_request("web_custom_request") started  	[MsgId: MMSG-26355]
Action.c(827): Notify: Transaction "worklist_query_Patient_PatientName" started.	[MsgId: MMSG-16999]
Action.c(829): web_custom_request("worklist_query_Patient_PatientName") started  	[MsgId: MMSG-26355]
Action.c(1256): HTML parsing not performed for Content-Type "application/json" ("ParseHtmlContentType" Run-Time Setting is "TEXT"). URL="http://10.184.129.108/webapi/api/worklist/UpdateStatusByAccessionNumber"  	[MsgId: MMSG-26548]
Action.c(1031): HTML parsing not performed for Content-Type "application/json" ("ParseHtmlContentType" Run-Time Setting is "TEXT"). URL="http://10.184.129.108/webapi/api/worklist/UpdateStatusByStudyInstanceUID"  	[MsgId: MMSG-26548]
Action.c(1031): web_custom_request("web_custom_request") was successful, 546 body bytes, 259 header bytes  	[MsgId: MMSG-26386]
Action.c(1256): web_custom_request("web_custom_request") was successful, 546 body bytes, 259 header bytes  	[MsgId: MMSG-26386]
Action.c(829): HTML parsing not performed for Content-Type "application/json" ("ParseHtmlContentType" Run-Time Setting is "TEXT"). URL="http://10.184.129.108/webapi/api/worklist/searchWorklist"  	[MsgId: MMSG-26548]
Action.c(1266): Notify: Transaction "SetStatusOfFilmWithoutExpand_NOTprinte" ended with a "Pass" status (Duration: 0.2035 Wasted Time: 0.0000).	[MsgId: MMSG-16871]
Action.c(1041): Notify: Transaction "SetStatusOfReportWithoutExpand_NOTprinted" ended with a "Pass" status (Duration: 0.2035 Wasted Time: 0.0000).	[MsgId: MMSG-16871]
Action.c(829): web_custom_request("worklist_query_Patient_PatientName") was successful, 577 body bytes, 259 header bytes  	[MsgId: MMSG-26386]
The result is:  true	[MsgId: MMSG-17999]
The result is:  true	[MsgId: MMSG-17999]
Action.c(840): Notify: Transaction "worklist_query_Patient_PatientName" ended with a "Pass" status (Duration: 0.0945).	[MsgId: MMSG-16873]
Action.c(1275): lr_think_time: 5.00 seconds.	[MsgId: MMSG-15948]
Action.c(1050): lr_think_time: 5.00 seconds.	[MsgId: MMSG-15948]
Action.c(842): web_url("CheckLoginStatus_25") started  	[MsgId: MMSG-26355]
Action.c(842): HTML parsing not performed for Content-Type "application/json" ("ParseHtmlContentType" Run-Time Setting is "TEXT"). URL="http://10.184.129.108/Platform/Account/CheckLoginStatus"  	[MsgId: MMSG-26548]
Action.c(842): web_url("CheckLoginStatus_25") was successful, 4 body bytes, 251 header bytes  	[MsgId: MMSG-26386]
Action.c(850): lr_think_time: 5.00 seconds.	[MsgId: MMSG-15948]
Action.c(1090): web_url("CheckLoginStatus_25") started  	[MsgId: MMSG-26355]
Action.c(979): web_url("CheckLoginStatus_25") started  	[MsgId: MMSG-26355]
Action.c(1090): HTML parsing not performed for Content-Type "application/json" ("ParseHtmlContentType" Run-Time Setting is "TEXT"). URL="http://10.184.129.108/Platform/Account/CheckLoginStatus"  	[MsgId: MMSG-26548]
Action.c(979): HTML parsing not performed for Content-Type "application/json" ("ParseHtmlContentType" Run-Time Setting is "TEXT"). URL="http://10.184.129.108/Platform/Account/CheckLoginStatus"  	[MsgId: MMSG-26548]
Action.c(979): web_url("CheckLoginStatus_25") was successful, 4 body bytes, 251 header bytes  	[MsgId: MMSG-26386]
Action.c(1090): web_url("CheckLoginStatus_25") was successful, 4 body bytes, 251 header bytes  	[MsgId: MMSG-26386]
Action.c(988): web_reg_save_param started  	[MsgId: MMSG-26355]
Action.c(1098): web_reg_save_param started  	[MsgId: MMSG-26355]
Action.c(1098): Registering web_reg_save_param was successful  	[MsgId: MMSG-26390]
Action.c(988): Registering web_reg_save_param was successful  	[MsgId: MMSG-26390]
Action.c(1103): Notify: Transaction "SetStatusOfReportWithExpand_printed" started.	[MsgId: MMSG-16999]
Action.c(992): Notify: Transaction "SetStatusOfReportWithoutExpand_printed" started.	[MsgId: MMSG-16999]
Action.c(1105): web_custom_request("web_custom_request") started  	[MsgId: MMSG-26355]
Action.c(994): web_custom_request("web_custom_request") started  	[MsgId: MMSG-26355]
Action.c(1105): HTML parsing not performed for Content-Type "application/json" ("ParseHtmlContentType" Run-Time Setting is "TEXT"). URL="http://10.184.129.108/webapi/api/worklist/UpdateStatusByStudyInstanceUID"  	[MsgId: MMSG-26548]
Action.c(994): HTML parsing not performed for Content-Type "application/json" ("ParseHtmlContentType" Run-Time Setting is "TEXT"). URL="http://10.184.129.108/webapi/api/worklist/UpdateStatusByStudyInstanceUID"  	[MsgId: MMSG-26548]
Action.c(1105): web_custom_request("web_custom_request") was successful, 546 body bytes, 259 header bytes  	[MsgId: MMSG-26386]
Action.c(994): web_custom_request("web_custom_request") was successful, 546 body bytes, 259 header bytes  	[MsgId: MMSG-26386]
Action.c(1115): Notify: Transaction "SetStatusOfReportWithExpand_printed" ended with a "Pass" status (Duration: 0.2034 Wasted Time: 0.0000).	[MsgId: MMSG-16871]
Action.c(1004): Notify: Transaction "SetStatusOfReportWithoutExpand_printed" ended with a "Pass" status (Duration: 0.2034 Wasted Time: 0.0000).	[MsgId: MMSG-16871]
The result is:  true	[MsgId: MMSG-17999]
The result is:  true	[MsgId: MMSG-17999]
Action.c(1124): lr_think_time: 5.00 seconds.	[MsgId: MMSG-15948]
Action.c(1013): lr_think_time: 5.00 seconds.	[MsgId: MMSG-15948]
Action.c(1163): web_url("CheckLoginStatus_25") started  	[MsgId: MMSG-26355]
Action.c(1163): HTML parsing not performed for Content-Type "application/json" ("ParseHtmlContentType" Run-Time Setting is "TEXT"). URL="http://10.184.129.108/Platform/Account/CheckLoginStatus"  	[MsgId: MMSG-26548]
Action.c(1163): web_url("CheckLoginStatus_25") was successful, 4 body bytes, 251 header bytes  	[MsgId: MMSG-26386]
Action.c(1176): web_reg_save_param started  	[MsgId: MMSG-26355]
Action.c(1176): Registering web_reg_save_param was successful  	[MsgId: MMSG-26390]
Action.c(1181): Notify: Transaction "SetStatusOfFilmWithoutExpand_unprinted" started.	[MsgId: MMSG-16999]
Action.c(1183): web_custom_request("web_custom_request") started  	[MsgId: MMSG-26355]
Action.c(1183): HTML parsing not performed for Content-Type "application/json" ("ParseHtmlContentType" Run-Time Setting is "TEXT"). URL="http://10.184.129.108/webapi/api/worklist/UpdateStatusByAccessionNumber"  	[MsgId: MMSG-26548]
Action.c(1183): web_custom_request("web_custom_request") was successful, 546 body bytes, 259 header bytes  	[MsgId: MMSG-26386]
Action.c(1193): Notify: Transaction "SetStatusOfFilmWithoutExpand_unprinted" ended with a "Pass" status (Duration: 0.2031 Wasted Time: 0.0000).	[MsgId: MMSG-16871]
The result is:  true	[MsgId: MMSG-17999]
Action.c(1202): lr_think_time: 5.00 seconds.	[MsgId: MMSG-15948]
Action.c(1090): web_url("CheckLoginStatus_25") started  	[MsgId: MMSG-26355]
Action.c(1090): HTML parsing not performed for Content-Type "application/json" ("ParseHtmlContentType" Run-Time Setting is "TEXT"). URL="http://10.184.129.108/Platform/Account/CheckLoginStatus"  	[MsgId: MMSG-26548]
Action.c(1090): web_url("CheckLoginStatus_25") was successful, 4 body bytes, 251 header bytes  	[MsgId: MMSG-26386]
Action.c(1098): web_reg_save_param started  	[MsgId: MMSG-26355]
Action.c(1098): Registering web_reg_save_param was successful  	[MsgId: MMSG-26390]
Action.c(1103): Notify: Transaction "SetStatusOfReportWithExpand_printed" started.	[MsgId: MMSG-16999]
Action.c(1105): web_custom_request("web_custom_request") started  	[MsgId: MMSG-26355]
Action.c(1015): web_url("CheckLoginStatus_25") started  	[MsgId: MMSG-26355]
Action.c(1015): HTML parsing not performed for Content-Type "application/json" ("ParseHtmlContentType" Run-Time Setting is "TEXT"). URL="http://10.184.129.108/Platform/Account/CheckLoginStatus"  	[MsgId: MMSG-26548]
Action.c(1105): HTML parsing not performed for Content-Type "application/json" ("ParseHtmlContentType" Run-Time Setting is "TEXT"). URL="http://10.184.129.108/webapi/api/worklist/UpdateStatusByStudyInstanceUID"  	[MsgId: MMSG-26548]
Action.c(1015): web_url("CheckLoginStatus_25") was successful, 4 body bytes, 251 header bytes  	[MsgId: MMSG-26386]
Action.c(1105): web_custom_request("web_custom_request") was successful, 546 body bytes, 259 header bytes  	[MsgId: MMSG-26386]
Action.c(1024): web_reg_save_param started  	[MsgId: MMSG-26355]
Action.c(1115): Notify: Transaction "SetStatusOfReportWithExpand_printed" ended with a "Pass" status (Duration: 0.2034 Wasted Time: 0.0000).	[MsgId: MMSG-16871]
The result is:  true	[MsgId: MMSG-17999]
Action.c(1124): lr_think_time: 5.00 seconds.	[MsgId: MMSG-15948]
Action.c(1024): Registering web_reg_save_param was successful  	[MsgId: MMSG-26390]
Action.c(1029): Notify: Transaction "SetStatusOfReportWithoutExpand_NOTprinted" started.	[MsgId: MMSG-16999]
Action.c(1031): web_custom_request("web_custom_request") started  	[MsgId: MMSG-26355]
Action.c(1031): HTML parsing not performed for Content-Type "application/json" ("ParseHtmlContentType" Run-Time Setting is "TEXT"). URL="http://10.184.129.108/webapi/api/worklist/UpdateStatusByStudyInstanceUID"  	[MsgId: MMSG-26548]
Action.c(1031): web_custom_request("web_custom_request") was successful, 546 body bytes, 259 header bytes  	[MsgId: MMSG-26386]
Action.c(1041): Notify: Transaction "SetStatusOfReportWithoutExpand_NOTprinted" ended with a "Pass" status (Duration: 0.2047 Wasted Time: 0.0000).	[MsgId: MMSG-16871]
The result is:  true	[MsgId: MMSG-17999]
Action.c(1050): lr_think_time: 5.00 seconds.	[MsgId: MMSG-15948]
Action.c(854): Notify: Transaction "worklist_query_ACC" started.	[MsgId: MMSG-16999]
Action.c(827): Notify: Transaction "worklist_query_Patient_PatientName" started.	[MsgId: MMSG-16999]
Action.c(829): web_custom_request("worklist_query_Patient_PatientName") started  	[MsgId: MMSG-26355]
Action.c(856): web_custom_request("searchWorklist_8") started  	[MsgId: MMSG-26355]
Action.c(829): HTML parsing not performed for Content-Type "application/json" ("ParseHtmlContentType" Run-Time Setting is "TEXT"). URL="http://10.184.129.108/webapi/api/worklist/searchWorklist"  	[MsgId: MMSG-26548]
Action.c(856): HTML parsing not performed for Content-Type "application/json" ("ParseHtmlContentType" Run-Time Setting is "TEXT"). URL="http://10.184.129.108/webapi/api/worklist/searchWorklist"  	[MsgId: MMSG-26548]
Action.c(856): web_custom_request("searchWorklist_8") was successful, 577 body bytes, 259 header bytes  	[MsgId: MMSG-26386]
Action.c(829): web_custom_request("worklist_query_Patient_PatientName") was successful, 577 body bytes, 259 header bytes  	[MsgId: MMSG-26386]
Action.c(867): Notify: Transaction "worklist_query_ACC" ended with a "Pass" status (Duration: 0.0923).	[MsgId: MMSG-16873]
Action.c(840): Notify: Transaction "worklist_query_Patient_PatientName" ended with a "Pass" status (Duration: 0.0923).	[MsgId: MMSG-16873]
Action.c(842): web_url("CheckLoginStatus_25") started  	[MsgId: MMSG-26355]
Action.c(869): web_url("CheckLoginStatus_26") started  	[MsgId: MMSG-26355]
Action.c(869): HTML parsing not performed for Content-Type "application/json" ("ParseHtmlContentType" Run-Time Setting is "TEXT"). URL="http://10.184.129.108/Platform/Account/CheckLoginStatus"  	[MsgId: MMSG-26548]
Action.c(842): HTML parsing not performed for Content-Type "application/json" ("ParseHtmlContentType" Run-Time Setting is "TEXT"). URL="http://10.184.129.108/Platform/Account/CheckLoginStatus"  	[MsgId: MMSG-26548]
Action.c(869): web_url("CheckLoginStatus_26") was successful, 4 body bytes, 251 header bytes  	[MsgId: MMSG-26386]
Action.c(842): web_url("CheckLoginStatus_25") was successful, 4 body bytes, 251 header bytes  	[MsgId: MMSG-26386]
Action.c(878): lr_think_time: 5.00 seconds.	[MsgId: MMSG-15948]
Action.c(850): lr_think_time: 5.00 seconds.	[MsgId: MMSG-15948]
Action.c(1090): web_url("CheckLoginStatus_25") started  	[MsgId: MMSG-26355]
Action.c(1090): HTML parsing not performed for Content-Type "application/json" ("ParseHtmlContentType" Run-Time Setting is "TEXT"). URL="http://10.184.129.108/Platform/Account/CheckLoginStatus"  	[MsgId: MMSG-26548]
Action.c(1090): web_url("CheckLoginStatus_25") was successful, 4 body bytes, 251 header bytes  	[MsgId: MMSG-26386]
Action.c(1098): web_reg_save_param started  	[MsgId: MMSG-26355]
Action.c(1098): Registering web_reg_save_param was successful  	[MsgId: MMSG-26390]
Action.c(1103): Notify: Transaction "SetStatusOfReportWithExpand_printed" started.	[MsgId: MMSG-16999]
Action.c(1105): web_custom_request("web_custom_request") started  	[MsgId: MMSG-26355]
Action.c(1090): web_url("CheckLoginStatus_25") started  	[MsgId: MMSG-26355]
Action.c(1105): HTML parsing not performed for Content-Type "application/json" ("ParseHtmlContentType" Run-Time Setting is "TEXT"). URL="http://10.184.129.108/webapi/api/worklist/UpdateStatusByStudyInstanceUID"  	[MsgId: MMSG-26548]
Action.c(1090): HTML parsing not performed for Content-Type "application/json" ("ParseHtmlContentType" Run-Time Setting is "TEXT"). URL="http://10.184.129.108/Platform/Account/CheckLoginStatus"  	[MsgId: MMSG-26548]
Action.c(1105): web_custom_request("web_custom_request") was successful, 546 body bytes, 259 header bytes  	[MsgId: MMSG-26386]
Action.c(1090): web_url("CheckLoginStatus_25") was successful, 4 body bytes, 251 header bytes  	[MsgId: MMSG-26386]
Action.c(1115): Notify: Transaction "SetStatusOfReportWithExpand_printed" ended with a "Pass" status (Duration: 0.2082 Wasted Time: 0.0000).	[MsgId: MMSG-16871]
Action.c(1098): web_reg_save_param started  	[MsgId: MMSG-26355]
The result is:  true	[MsgId: MMSG-17999]
Action.c(1124): lr_think_time: 5.00 seconds.	[MsgId: MMSG-15948]
Action.c(1098): Registering web_reg_save_param was successful  	[MsgId: MMSG-26390]
Action.c(1103): Notify: Transaction "SetStatusOfReportWithExpand_printed" started.	[MsgId: MMSG-16999]
Action.c(1105): web_custom_request("web_custom_request") started  	[MsgId: MMSG-26355]
Action.c(949): web_reg_save_param started  	[MsgId: MMSG-26355]
Action.c(910): web_url("CheckLoginStatus_25") started  	[MsgId: MMSG-26355]
Action.c(949): Registering web_reg_save_param was successful  	[MsgId: MMSG-26390]
Action.c(955): Notify: Transaction "SetStatusOfReportWithoutExpand_unprinted" started.	[MsgId: MMSG-16999]
Action.c(957): web_custom_request("web_custom_request") started  	[MsgId: MMSG-26355]
Action.c(1388): web_url("CheckLoginStatus_25") started  	[MsgId: MMSG-26355]
Action.c(1277): web_url("CheckLoginStatus_25") started  	[MsgId: MMSG-26355]
Action.c(957): Notify: Transaction "SetStatusOfReportWithoutExpand_unprinted" ended with a "Stop" status (Duration: 0.0180).	[MsgId: MMSG-16873]
Abort was called from an action.	[MsgId: MMSG-10447]
Abort was called from an action.	[MsgId: MMSG-10447]
Abort was called from an action.	[MsgId: MMSG-10447]
Abort was called from an action.	[MsgId: MMSG-10447]
Abort was called from an action.	[MsgId: MMSG-10447]
Abort was called from an action.	[MsgId: MMSG-10447]
Ending Vuser...	[MsgId: MMSG-15966]
Ending Vuser...	[MsgId: MMSG-15966]
Ending Vuser...	[MsgId: MMSG-15966]
Ending Vuser...	[MsgId: MMSG-15966]
Ending Vuser...	[MsgId: MMSG-15966]
Starting action vuser_end.	[MsgId: MMSG-15919]
Starting action vuser_end.	[MsgId: MMSG-15919]
Starting action vuser_end.	[MsgId: MMSG-15919]
Starting action vuser_end.	[MsgId: MMSG-15919]
Starting action vuser_end.	[MsgId: MMSG-15919]
Ending action vuser_end.	[MsgId: MMSG-15918]
Ending action vuser_end.	[MsgId: MMSG-15918]
Ending action vuser_end.	[MsgId: MMSG-15918]
Ending action vuser_end.	[MsgId: MMSG-15918]
Vuser Terminated.	[MsgId: MMSG-15963]
Vuser Terminated.	[MsgId: MMSG-15963]
Vuser Terminated.	[MsgId: MMSG-15963]
Ending action vuser_end.	[MsgId: MMSG-15918]
Ending Vuser...	[MsgId: MMSG-15966]
Vuser Terminated.	[MsgId: MMSG-15963]
Starting action vuser_end.	[MsgId: MMSG-15919]
Vuser Terminated.	[MsgId: MMSG-15963]
Ending action vuser_end.	[MsgId: MMSG-15918]
Vuser Terminated.	[MsgId: MMSG-15963]
Abort was called from an action.	[MsgId: MMSG-10447]
Abort was called from an action.	[MsgId: MMSG-10447]
Abort was called from an action.	[MsgId: MMSG-10447]
Abort was called from an action.	[MsgId: MMSG-10447]
Ending Vuser...	[MsgId: MMSG-15966]
Ending Vuser...	[MsgId: MMSG-15966]
Abort was called from an action.	[MsgId: MMSG-10447]
Ending Vuser...	[MsgId: MMSG-15966]
Starting action vuser_end.	[MsgId: MMSG-15919]
Abort was called from an action.	[MsgId: MMSG-10447]
Ending Vuser...	[MsgId: MMSG-15966]
Starting action vuser_end.	[MsgId: MMSG-15919]
Ending Vuser...	[MsgId: MMSG-15966]
Ending action vuser_end.	[MsgId: MMSG-15918]
Starting action vuser_end.	[MsgId: MMSG-15919]
Ending Vuser...	[MsgId: MMSG-15966]
Starting action vuser_end.	[MsgId: MMSG-15919]
Ending action vuser_end.	[MsgId: MMSG-15918]
Vuser Terminated.	[MsgId: MMSG-15963]
Starting action vuser_end.	[MsgId: MMSG-15919]
Starting action vuser_end.	[MsgId: MMSG-15919]
Ending action vuser_end.	[MsgId: MMSG-15918]
Vuser Terminated.	[MsgId: MMSG-15963]
Ending action vuser_end.	[MsgId: MMSG-15918]
Abort was called from an action.	[MsgId: MMSG-10447]
Vuser Terminated.	[MsgId: MMSG-15963]
Vuser Terminated.	[MsgId: MMSG-15963]
Ending action vuser_end.	[MsgId: MMSG-15918]
Ending action vuser_end.	[MsgId: MMSG-15918]
Vuser Terminated.	[MsgId: MMSG-15963]
Ending Vuser...	[MsgId: MMSG-15966]
Abort was called from an action.	[MsgId: MMSG-10447]
Vuser Terminated.	[MsgId: MMSG-15963]
Abort was called from an action.	[MsgId: MMSG-10447]
Starting action vuser_end.	[MsgId: MMSG-15919]
Ending Vuser...	[MsgId: MMSG-15966]
Ending Vuser...	[MsgId: MMSG-15966]
Starting action vuser_end.	[MsgId: MMSG-15919]
Starting action vuser_end.	[MsgId: MMSG-15919]
Abort was called from an action.	[MsgId: MMSG-10447]
Ending action vuser_end.	[MsgId: MMSG-15918]
Ending action vuser_end.	[MsgId: MMSG-15918]
Ending action vuser_end.	[MsgId: MMSG-15918]
Abort was called from an action.	[MsgId: MMSG-10447]
Vuser Terminated.	[MsgId: MMSG-15963]
Ending Vuser...	[MsgId: MMSG-15966]
Action.c(1105): Notify: Transaction "SetStatusOfReportWithExpand_printed" ended with a "Stop" status (Duration: 0.1250).	[MsgId: MMSG-16873]
Vuser Terminated.	[MsgId: MMSG-15963]
Vuser Terminated.	[MsgId: MMSG-15963]
Starting action vuser_end.	[MsgId: MMSG-15919]
Ending Vuser...	[MsgId: MMSG-15966]
Abort was called from an action.	[MsgId: MMSG-10447]
Ending action vuser_end.	[MsgId: MMSG-15918]
Starting action vuser_end.	[MsgId: MMSG-15919]
Vuser Terminated.	[MsgId: MMSG-15963]
Ending action vuser_end.	[MsgId: MMSG-15918]
Ending Vuser...	[MsgId: MMSG-15966]
Starting action vuser_end.	[MsgId: MMSG-15919]
Vuser Terminated.	[MsgId: MMSG-15963]
Ending action vuser_end.	[MsgId: MMSG-15918]
Abort was called from an action.	[MsgId: MMSG-10447]
Vuser Terminated.	[MsgId: MMSG-15963]
Ending Vuser...	[MsgId: MMSG-15966]
Abort was called from an action.	[MsgId: MMSG-10447]
Starting action vuser_end.	[MsgId: MMSG-15919]
Ending action vuser_end.	[MsgId: MMSG-15918]
Vuser Terminated.	[MsgId: MMSG-15963]
Ending Vuser...	[MsgId: MMSG-15966]
Starting action vuser_end.	[MsgId: MMSG-15919]
Ending action vuser_end.	[MsgId: MMSG-15918]
Vuser Terminated.	[MsgId: MMSG-15963]
