Start auto log messages stack - Iteration 1.	[MsgId: MMSG-10545]
Action.c(627): web_url("CheckLoginStatus_19") was successful, 4 body bytes, 251 header bytes  	[MsgId: MMSG-26386]
Action.c(635): web_url("operate-columns-template.html") started  	[MsgId: MMSG-26355]
Action.c(635): Downloading resource "http://10.184.129.108/Platform/Content/ui-grid.woff" (specified by argument number 8)  	[MsgId: MMSG-26577]
Action.c(635): web_url("operate-columns-template.html") was successful, 8674 body bytes, 505 header bytes  	[MsgId: MMSG-26386]
Action.c(654): Notify: Transaction "WorlkList_Query_randomTime" started.	[MsgId: MMSG-16999]
Action.c(656): web_custom_request("searchWorklist_2") started  	[MsgId: MMSG-26355]
Action.c(656): Continuing after Error -26609: HTTP Status-Code=503 (EntityCommandExecutionException) for "http://10.184.129.108/webapi/api/worklist/searchWorklist"  	[MsgId: MERR-26609]
End auto log messages stack.	[MsgId: MMSG-10544]


Start auto log messages stack - Iteration 1.	[MsgId: MMSG-10545]
Action.c(627): web_url("CheckLoginStatus_19") was successful, 4 body bytes, 251 header bytes  	[MsgId: MMSG-26386]
Action.c(635): web_url("operate-columns-template.html") started  	[MsgId: MMSG-26355]
Action.c(635): Downloading resource "http://10.184.129.108/Platform/Content/ui-grid.woff" (specified by argument number 8)  	[MsgId: MMSG-26577]
Action.c(635): web_url("operate-columns-template.html") was successful, 8674 body bytes, 505 header bytes  	[MsgId: MMSG-26386]
Action.c(654): Notify: Transaction "WorlkList_Query_randomTime" started.	[MsgId: MMSG-16999]
Action.c(656): web_custom_request("searchWorklist_2") started  	[MsgId: MMSG-26355]
Action.c(656): Continuing after Error -26609: HTTP Status-Code=503 (EntityCommandExecutionException) for "http://10.184.129.108/webapi/api/worklist/searchWorklist"  	[MsgId: MERR-26609]
End auto log messages stack.	[MsgId: MMSG-10544]


Start auto log messages stack - Iteration 2.	[MsgId: MMSG-10545]
User Login website successfully: HTTP/1.1 200 OK
Cache-Control: private
Content-Type: application/json; charset=utf-8
Server: Microsoft-IIS/7.5
X-AspNetMvc-Version: 5.2
X-AspNet-Version: 4.0.30319
X-Powered-By: ASP.NET
Date: Tue, 09 Jan 2018 01:16:30 GMT
Content-Length: 4

true	[MsgId: MMSG-17999]
Action.c(238): web_url("tableRowsPerPage") started  	[MsgId: MMSG-26355]
Action.c(238): HTML parsing not performed for Content-Type "application/json" ("ParseHtmlContentType" Run-Time Setting is "TEXT"). URL="http://10.184.129.108/webapi/api/tableRowsPerPage"  	[MsgId: MMSG-26548]
Action.c(238): web_url("tableRowsPerPage") was successful, 39 body bytes, 258 header bytes  	[MsgId: MMSG-26386]
Action.c(246): web_url("worklistcolumns") started  	[MsgId: MMSG-26355]
Action.c(246): Continuing after Error -26612: HTTP Status-Code=500 (EntityException) for "http://10.184.129.108/webapi/api/worklist/worklistcolumns"  	[MsgId: MERR-26612]
End auto log messages stack.	[MsgId: MMSG-10544]


Start auto log messages stack - Iteration 2.	[MsgId: MMSG-10545]
Action.c(246): web_url("worklistcolumns") highest severity level was "continue on error", 78 body bytes, 271 header bytes  	[MsgId: MMSG-26388]
Action.c(246): Continuing after error in Vuser script.	[MsgId: MMSG-10678]
Action.c(262): web_url("systemversion") started  	[MsgId: MMSG-26355]
Action.c(262): Continuing after Error -26612: HTTP Status-Code=500 (EntityException) for "http://10.184.129.108/webapi/api/systemversion"  	[MsgId: MERR-26612]
End auto log messages stack.	[MsgId: MMSG-10544]


Start auto log messages stack - Iteration 2.	[MsgId: MMSG-10545]
Action.c(270): HTML parsing not performed for Content-Type "application/json" ("ParseHtmlContentType" Run-Time Setting is "TEXT"). URL="http://10.184.129.108/Platform/Account/CheckLoginStatus"  	[MsgId: MMSG-26548]
Action.c(270): web_url("CheckLoginStatus") was successful, 4 body bytes, 251 header bytes  	[MsgId: MMSG-26386]
Action.c(281): web_url("terminalmonitor-template.html") started  	[MsgId: MMSG-26355]
Action.c(281): Downloading resource "http://10.184.129.108/Platform/fonts/glyphicons-halflings-regular.woff2" (specified by argument number 8)  	[MsgId: MMSG-26577]
Action.c(281): web_url("terminalmonitor-template.html") was successful, 47024 body bytes, 509 header bytes  	[MsgId: MMSG-26386]
Action.c(291): web_url("terminalmonitoring") started  	[MsgId: MMSG-26355]
Action.c(291): Continuing after Error -26612: HTTP Status-Code=500 (EntityException) for "http://10.184.129.108/webapi/api/terminalmonitoring"  	[MsgId: MERR-26612]
End auto log messages stack.	[MsgId: MMSG-10544]


Start auto log messages stack - Iteration 1.	[MsgId: MMSG-10545]
Action.c(1303): web_reg_save_param started  	[MsgId: MMSG-26355]
Action.c(1303): Registering web_reg_save_param was successful  	[MsgId: MMSG-26390]
Action.c(1308): Notify: Transaction "SetStatusOfFilmWithoutExpand_NOTprinte" started.	[MsgId: MMSG-16999]
Action.c(1310): web_custom_request("web_custom_request") started  	[MsgId: MMSG-26355]
Action.c(1310): HTML parsing not performed for Content-Type "application/json" ("ParseHtmlContentType" Run-Time Setting is "TEXT"). URL="http://10.184.129.108/webapi/api/worklist/UpdateStatusByAccessionNumber"  	[MsgId: MMSG-26548]
Action.c(1310): web_custom_request("web_custom_request") was successful, 87 body bytes, 258 header bytes  	[MsgId: MMSG-26386]
Action.c(1320): Notify: Transaction "SetStatusOfFilmWithoutExpand_NOTprinte" ended with a "Pass" status (Duration: 14.9956 Wasted Time: 0.0000).	[MsgId: MMSG-16871]
The result is:  false	[MsgId: MMSG-17999]
Action.c(1326): Error: SetStatusOfFilmWithoutExpand_NOTprinte fail	[MsgId: MERR-17999]
End auto log messages stack.	[MsgId: MMSG-10544]


Start auto log messages stack - Iteration 2.	[MsgId: MMSG-10545]
Action.c(299): Downloading resource "http://10.184.129.108/Platform/app-resources/images/terminalmonitor/terminal_0.png" (specified by argument number 23)  	[MsgId: MMSG-26577]
Action.c(299): web_url("CheckLoginStatus_5") was successful, 108288 body bytes, 1735 header bytes  	[MsgId: MMSG-26386]
Action.c(315): Notify: Transaction "User_login" ended with a "Pass" status (Duration: 9.0838 Wasted Time: 0.0000).	[MsgId: MMSG-16871]
Action.c(318): lr_think_time: 5.00 seconds.	[MsgId: MMSG-15948]
Action.c(320): web_url("reconciliation-list.html") started  	[MsgId: MMSG-26355]
Action.c(320): web_url("reconciliation-list.html") was successful, 17522 body bytes, 248 header bytes  	[MsgId: MMSG-26386]
Action.c(328): web_url("getUnmatchImages") started  	[MsgId: MMSG-26355]
Action.c(328): Continuing after Error -26612: HTTP Status-Code=500 (EntityException) for "http://10.184.129.108/webapi/api/reconciliation/getUnmatchImages?days=1"  	[MsgId: MERR-26612]
End auto log messages stack.	[MsgId: MMSG-10544]


Start auto log messages stack - Iteration 2.	[MsgId: MMSG-10545]
Action.c(734): Notify: Transaction "worklist_query_LastTwoToday" ended with a "Pass" status (Duration: 0.2079).	[MsgId: MMSG-16873]
Action.c(736): lr_think_time: 5.00 seconds.	[MsgId: MMSG-15948]
Action.c(738): web_url("CheckLoginStatus_22") started  	[MsgId: MMSG-26355]
Action.c(738): HTML parsing not performed for Content-Type "application/json" ("ParseHtmlContentType" Run-Time Setting is "TEXT"). URL="http://10.184.129.108/Platform/Account/CheckLoginStatus"  	[MsgId: MMSG-26548]
Action.c(738): web_url("CheckLoginStatus_22") was successful, 4 body bytes, 251 header bytes  	[MsgId: MMSG-26386]
The Time is 2017-12-09	[MsgId: MMSG-17999]
Action.c(787): Notify: Transaction "worklist_query_LastMonth" started.	[MsgId: MMSG-16999]
Action.c(789): web_custom_request("searchWorklist_6") started  	[MsgId: MMSG-26355]
Action.c(789): Continuing after Error -26609: HTTP Status-Code=503 (EntityCommandExecutionException) for "http://10.184.129.108/webapi/api/worklist/searchWorklist"  	[MsgId: MERR-26609]
End auto log messages stack.	[MsgId: MMSG-10544]


Start auto log messages stack - Iteration 2.	[MsgId: MMSG-10545]
Action.c(1027): Notify: Transaction "SetStatusOfReportWithoutExpand_printed" started.	[MsgId: MMSG-16999]
Action.c(1029): web_custom_request("web_custom_request") started  	[MsgId: MMSG-26355]
Action.c(1029): HTML parsing not performed for Content-Type "application/json" ("ParseHtmlContentType" Run-Time Setting is "TEXT"). URL="http://10.184.129.108/webapi/api/worklist/UpdateStatusByStudyInstanceUID"  	[MsgId: MMSG-26548]
Action.c(1029): web_custom_request("web_custom_request") was successful, 546 body bytes, 259 header bytes  	[MsgId: MMSG-26386]
Action.c(1039): Notify: Transaction "SetStatusOfReportWithoutExpand_printed" ended with a "Pass" status (Duration: 1.5676 Wasted Time: 0.0000).	[MsgId: MMSG-16871]
The result is:  true	[MsgId: MMSG-17999]
Action.c(1048): lr_think_time: 5.00 seconds.	[MsgId: MMSG-15948]
Action.c(1050): web_url("CheckLoginStatus_25") started  	[MsgId: MMSG-26355]
Action.c(1050): Continuing after Error -26609: HTTP Status-Code=503 (Service Unavailable) for "http://10.184.129.108/Platform/Account/CheckLoginStatus"  	[MsgId: MERR-26609]
End auto log messages stack.	[MsgId: MMSG-10544]


Start auto log messages stack - Iteration 2.	[MsgId: MMSG-10545]
Action.c(1050): web_url("CheckLoginStatus_25") highest severity level was "continue on error", 326 body bytes, 187 header bytes  	[MsgId: MMSG-26388]
Action.c(1050): Continuing after error in Vuser script.	[MsgId: MMSG-10678]
Action.c(1217): lr_think_time: 5.00 seconds.	[MsgId: MMSG-15948]
Action.c(1382): web_reg_save_param started  	[MsgId: MMSG-26355]
Action.c(1382): Registering web_reg_save_param was successful  	[MsgId: MMSG-26390]
Action.c(1387): Notify: Transaction "SetStatusOfFilmWithExpand_printed" started.	[MsgId: MMSG-16999]
Action.c(1389): web_custom_request("web_custom_request") started  	[MsgId: MMSG-26355]
Action.c(1389): Continuing after Error -26627: HTTP Status-Code=404 (Not Found) for "http://10.184.129.108/webapi/api/worklist/UpdateStatusByAccessionNumber"  	[MsgId: MERR-26627]
Action.c(1389): Continuing after Error -26377: No match found for the requested parameter "SetStatusOfFilmWithExpand_printed". Either the specified boundaries were not found in the response or the matched text is longer than current max html parameter size of 90000 bytes. The total length of the response is 315 bytes. You can use "web_set_max_html_param_len" to increase the max parameter size.  	[MsgId: MERR-26377]
End auto log messages stack.	[MsgId: MMSG-10544]


Start auto log messages stack - Iteration 2.	[MsgId: MMSG-10545]
Action.c(1389): Continuing after error in Vuser script.	[MsgId: MMSG-10678]
Action.c(1399): Notify: Transaction "SetStatusOfFilmWithExpand_printed" ended with a "Fail" status (Duration: 0.0862 Wasted Time: 0.0000).	[MsgId: MMSG-16871]
Action.c(1399): Notify: Transaction "SetStatusOfFilmWithExpand_printed" has 2 error message(s).	[MsgId: MMSG-16818]
Action.c(1399): Notify: The 1st error message associated with transaction "SetStatusOfFilmWithExpand_printed" is "Error -26627: HTTP Status-Code=404 (Not Found) for "http://10.184.129.108/webapi/api/worklist/UpdateStatusByAccessionNumber""	[MsgId: MMSG-16819]
Action.c(1399): Notify: The 2nd error message associated with transaction "SetStatusOfFilmWithExpand_printed" is "Error -26377: No match found for the requested parameter "SetStatusOfFilmWithExpand_printed". Either the specified boundaries were not found in the response or the matched text is longer than current max html parameter size of 90000 bytes. The total length of the response is 315 bytes. You can use "web_set_max_html_param_len" to increase the max parameter size."	[MsgId: MMSG-16819]
The result is:  	[MsgId: MMSG-17999]
Action.c(1406): Error: SetStatusOfFilmWithExpand_printed fail	[MsgId: MERR-17999]
End auto log messages stack.	[MsgId: MMSG-10544]


Start auto log messages stack - Iteration 2.	[MsgId: MMSG-10545]
Action.c(1409): lr_think_time: 5.00 seconds.	[MsgId: MMSG-15948]
Action.c(1411): web_url("CheckLoginStatus_25") started  	[MsgId: MMSG-26355]
Action.c(1411): Continuing after Error -27792: Failed to connect to server "10.184.129.108:80": [10061] Connection refused  	[MsgId: MERR-27792]
End auto log messages stack.	[MsgId: MMSG-10544]


Start auto log messages stack - Iteration 2.	[MsgId: MMSG-10545]
Action.c(1411): web_url("CheckLoginStatus_25") highest severity level was "continue on error", 0 body bytes, 0 header bytes  	[MsgId: MMSG-26388]
Action.c(1411): Continuing after error in Vuser script.	[MsgId: MMSG-10678]
Action.c(1460): lr_think_time: 5.00 seconds.	[MsgId: MMSG-15948]
Action.c(1545): web_reg_save_param started  	[MsgId: MMSG-26355]
Action.c(1545): Registering web_reg_save_param was successful  	[MsgId: MMSG-26390]
Action.c(1550): Notify: Transaction "SetTheHoldingTime" started.	[MsgId: MMSG-16999]
Action.c(1552): web_custom_request("SetHoldingTime") started  	[MsgId: MMSG-26355]
Action.c(1552): Continuing after Error -27792: Failed to connect to server "10.184.129.108:80": [10060] Connection timed out  	[MsgId: MERR-27792]
Action.c(1552): Continuing after Error -26377: No match found for the requested parameter "SetTheHoldingTime". Either the specified boundaries were not found in the response or the matched text is longer than current max html parameter size of 90000 bytes. The total length of the response is 0 bytes. You can use "web_set_max_html_param_len" to increase the max parameter size.  	[MsgId: MERR-26377]
Action.c(1552): Continuing after Error -26374: The above "not found" error(s) may be explained by header and body byte counts being 0 and 0, respectively.  	[MsgId: MERR-26374]
End auto log messages stack.	[MsgId: MMSG-10544]


Start auto log messages stack - Iteration 2.	[MsgId: MMSG-10545]
Action.c(1552): Continuing after error in Vuser script.	[MsgId: MMSG-10678]
Action.c(1562): Notify: Transaction "SetTheHoldingTime" ended with a "Fail" status (Duration: 18.5033).	[MsgId: MMSG-16873]
Action.c(1562): Notify: Transaction "SetTheHoldingTime" has 3 error message(s).	[MsgId: MMSG-16818]
Action.c(1562): Notify: The 1st error message associated with transaction "SetTheHoldingTime" is "Error -27792: Failed to connect to server "10.184.129.108:80": [10060] Connection timed out"	[MsgId: MMSG-16819]
Action.c(1562): Notify: The 2nd error message associated with transaction "SetTheHoldingTime" is "Error -26377: No match found for the requested parameter "SetTheHoldingTime". Either the specified boundaries were not found in the response or the matched text is longer than current max html parameter size of 90000 bytes. The total length of the response is 0 bytes. You can use "web_set_max_html_param_len" to increase the max parameter size."	[MsgId: MMSG-16819]
Action.c(1562): Notify: The 3rd error message associated with transaction "SetTheHoldingTime" is "Error -26374: The above "not found" error(s) may be explained by header and body byte counts being 0 and 0, respectively."	[MsgId: MMSG-16819]
The result is:  	[MsgId: MMSG-17999]
Action.c(1568): Error: SetTheHoldingTime fail :A20180105153352775,	[MsgId: MERR-17999]
End auto log messages stack.	[MsgId: MMSG-10544]


