Start auto log messages stack - Iteration 24.	[MsgId: MMSG-10545]
Action.c(799): web_custom_request("worklist_query_Patient_PatientName") was successful, 577 body bytes, 259 header bytes  	[MsgId: MMSG-26386]
Action.c(810): Notify: Transaction "worklist_query_Patient_PatientName" ended with a "Pass" status (Duration: 0.1228).	[MsgId: MMSG-16873]
Action.c(812): web_url("CheckLoginStatus_25") started  	[MsgId: MMSG-26355]
Action.c(812): HTML parsing not performed for Content-Type "application/json" ("ParseHtmlContentType" Run-Time Setting is "TEXT"). URL="http://10.184.129.171/Platform/Account/CheckLoginStatus"  	[MsgId: MMSG-26548]
Action.c(812): web_url("CheckLoginStatus_25") was successful, 4 body bytes, 251 header bytes  	[MsgId: MMSG-26386]
Action.c(820): lr_think_time: 5.00 seconds.	[MsgId: MMSG-15948]
Action.c(824): Notify: Transaction "worklist_query_ACC" started.	[MsgId: MMSG-16999]
Action.c(826): web_custom_request("searchWorklist_8") started  	[MsgId: MMSG-26355]
Action.c(826): Continuing after Error -26612: HTTP Status-Code=500 (EntityException) for "http://10.184.129.171/webapi/api/worklist/searchWorklist"  	[MsgId: MERR-26612]
End auto log messages stack.	[MsgId: MMSG-10544]


Start auto log messages stack - Iteration 24.	[MsgId: MMSG-10545]
Action.c(826): web_custom_request("searchWorklist_8") was successful, 577 body bytes, 259 header bytes  	[MsgId: MMSG-26386]
Action.c(837): Notify: Transaction "worklist_query_ACC" ended with a "Pass" status (Duration: 0.1344).	[MsgId: MMSG-16873]
Action.c(839): web_url("CheckLoginStatus_26") started  	[MsgId: MMSG-26355]
Action.c(839): HTML parsing not performed for Content-Type "application/json" ("ParseHtmlContentType" Run-Time Setting is "TEXT"). URL="http://10.184.129.171/Platform/Account/CheckLoginStatus"  	[MsgId: MMSG-26548]
Action.c(839): web_url("CheckLoginStatus_26") was successful, 4 body bytes, 251 header bytes  	[MsgId: MMSG-26386]
Action.c(848): lr_think_time: 5.00 seconds.	[MsgId: MMSG-15948]
Action.c(850): Notify: Transaction "ExpandFilmRecord" started.	[MsgId: MMSG-16999]
Action.c(852): web_custom_request("web_custom_request") started  	[MsgId: MMSG-26355]
Action.c(852): Continuing after Error -26612: HTTP Status-Code=500 (EntityException) for "http://10.184.129.171/webapi/api/worklist/filmInfo?accessionNumber=A20171016151243202"  	[MsgId: MERR-26612]
End auto log messages stack.	[MsgId: MMSG-10544]


Start auto log messages stack - Iteration 24.	[MsgId: MMSG-10545]
Action.c(863): web_url("CheckLoginStatus_25") was successful, 4 body bytes, 251 header bytes  	[MsgId: MMSG-26386]
Start auto log messages stack - Iteration 24.	[MsgId: MMSG-10545]
Action.c(871): lr_think_time: 5.00 seconds.	[MsgId: MMSG-15948]
Start auto log messages stack - Iteration 24.	[MsgId: MMSG-10545]
Start auto log messages stack - Iteration 24.	[MsgId: MMSG-10545]
Action.c(873): web_url("CheckLoginStatus_25") started  	[MsgId: MMSG-26355]
Action.c(873): HTML parsing not performed for Content-Type "application/json" ("ParseHtmlContentType" Run-Time Setting is "TEXT"). URL="http://10.184.129.171/Platform/Account/CheckLoginStatus"  	[MsgId: MMSG-26548]
Action.c(873): web_url("CheckLoginStatus_25") was successful, 4 body bytes, 251 header bytes  	[MsgId: MMSG-26386]
Action.c(881): Notify: Transaction "ExpandReportRecord" started.	[MsgId: MMSG-16999]
Action.c(883): web_custom_request("web_custom_request") started  	[MsgId: MMSG-26355]
Action.c(883): Continuing after Error -26612: HTTP Status-Code=500 (EntityException) for "http://10.184.129.171/webapi/api/worklist/reportInfo?accessionNumber=A20171016152429367"  	[MsgId: MERR-26612]
End auto log messages stack.	[MsgId: MMSG-10544]


Action.c(1248): web_reg_save_param started  	[MsgId: MMSG-26355]
Action.c(1248): Registering web_reg_save_param was successful  	[MsgId: MMSG-26390]
Action.c(1248): web_reg_save_param started  	[MsgId: MMSG-26355]
Action.c(1061): web_reg_save_param started  	[MsgId: MMSG-26355]
Action.c(1253): Notify: Transaction "SetStatusOfFilmWithExpand_unprinted" started.	[MsgId: MMSG-16999]
Action.c(1248): Registering web_reg_save_param was successful  	[MsgId: MMSG-26390]
Action.c(1061): Registering web_reg_save_param was successful  	[MsgId: MMSG-26390]
Action.c(1255): web_custom_request("web_custom_request") started  	[MsgId: MMSG-26355]
Action.c(1253): Notify: Transaction "SetStatusOfFilmWithExpand_unprinted" started.	[MsgId: MMSG-16999]
Action.c(1066): Notify: Transaction "SetStatusOfReportWithExpand_printed" started.	[MsgId: MMSG-16999]
Action.c(1255): HTML parsing not performed for Content-Type "application/json" ("ParseHtmlContentType" Run-Time Setting is "TEXT"). URL="http://10.184.129.171/webapi/api/worklist/UpdateStatusByAccessionNumber"  	[MsgId: MMSG-26548]
Action.c(1255): web_custom_request("web_custom_request") started  	[MsgId: MMSG-26355]
Action.c(1068): web_custom_request("web_custom_request") started  	[MsgId: MMSG-26355]
Action.c(1255): web_custom_request("web_custom_request") was successful, 87 body bytes, 258 header bytes  	[MsgId: MMSG-26386]
Action.c(1255): HTML parsing not performed for Content-Type "application/json" ("ParseHtmlContentType" Run-Time Setting is "TEXT"). URL="http://10.184.129.171/webapi/api/worklist/UpdateStatusByAccessionNumber"  	[MsgId: MMSG-26548]
Action.c(1068): HTML parsing not performed for Content-Type "application/json" ("ParseHtmlContentType" Run-Time Setting is "TEXT"). URL="http://10.184.129.171/webapi/api/worklist/UpdateStatusByStudyInstanceUID"  	[MsgId: MMSG-26548]
Action.c(1255): web_custom_request("web_custom_request") was successful, 87 body bytes, 258 header bytes  	[MsgId: MMSG-26386]
Action.c(1068): web_custom_request("web_custom_request") was successful, 87 body bytes, 258 header bytes  	[MsgId: MMSG-26386]
Action.c(1265): Notify: Transaction "SetStatusOfFilmWithExpand_unprinted" ended with a "Pass" status (Duration: 23.7116 Wasted Time: 0.0000).	[MsgId: MMSG-16871]
The result is:  false	[MsgId: MMSG-17999]
Action.c(1271): Error: SetStatusOfFilmWithExpand_unprinted fail	[MsgId: MERR-17999]
End auto log messages stack.	[MsgId: MMSG-10544]


Action.c(1265): Notify: Transaction "SetStatusOfFilmWithExpand_unprinted" ended with a "Pass" status (Duration: 16.2752 Wasted Time: 0.0000).	[MsgId: MMSG-16871]
The result is:  false	[MsgId: MMSG-17999]
Action.c(1271): Error: SetStatusOfFilmWithExpand_unprinted fail	[MsgId: MERR-17999]
Action.c(1078): Notify: Transaction "SetStatusOfReportWithExpand_printed" ended with a "Pass" status (Duration: 23.7115 Wasted Time: 0.0000).	[MsgId: MMSG-16871]
End auto log messages stack.	[MsgId: MMSG-10544]


The result is:  false	[MsgId: MMSG-17999]
Action.c(1084): Error: SetStatusOfReportWithExpand_printed fail	[MsgId: MERR-17999]
End auto log messages stack.	[MsgId: MMSG-10544]


Start auto log messages stack - Iteration 24.	[MsgId: MMSG-10545]
Start auto log messages stack - Iteration 24.	[MsgId: MMSG-10545]
Start auto log messages stack - Iteration 24.	[MsgId: MMSG-10545]
Start auto log messages stack - Iteration 24.	[MsgId: MMSG-10545]
Start auto log messages stack - Iteration 24.	[MsgId: MMSG-10545]
Start auto log messages stack - Iteration 24.	[MsgId: MMSG-10545]
Start auto log messages stack - Iteration 24.	[MsgId: MMSG-10545]
Start auto log messages stack - Iteration 24.	[MsgId: MMSG-10545]
Action.c(1248): web_reg_save_param started  	[MsgId: MMSG-26355]
Action.c(1248): Registering web_reg_save_param was successful  	[MsgId: MMSG-26390]
Action.c(1253): Notify: Transaction "SetStatusOfFilmWithExpand_unprinted" started.	[MsgId: MMSG-16999]
Action.c(1248): web_reg_save_param started  	[MsgId: MMSG-26355]
Action.c(1061): web_reg_save_param started  	[MsgId: MMSG-26355]
Action.c(1255): web_custom_request("web_custom_request") started  	[MsgId: MMSG-26355]
Action.c(1248): Registering web_reg_save_param was successful  	[MsgId: MMSG-26390]
Action.c(1285): web_reg_save_param started  	[MsgId: MMSG-26355]
Action.c(1061): Registering web_reg_save_param was successful  	[MsgId: MMSG-26390]
Action.c(1097): web_reg_save_param started  	[MsgId: MMSG-26355]
Action.c(1255): HTML parsing not performed for Content-Type "application/json" ("ParseHtmlContentType" Run-Time Setting is "TEXT"). URL="http://10.184.129.171/webapi/api/worklist/UpdateStatusByAccessionNumber"  	[MsgId: MMSG-26548]
Action.c(1285): Registering web_reg_save_param was successful  	[MsgId: MMSG-26390]
Action.c(1253): Notify: Transaction "SetStatusOfFilmWithExpand_unprinted" started.	[MsgId: MMSG-16999]
Action.c(1212): web_reg_save_param started  	[MsgId: MMSG-26355]
Action.c(1066): Notify: Transaction "SetStatusOfReportWithExpand_printed" started.	[MsgId: MMSG-16999]
Action.c(1097): Registering web_reg_save_param was successful  	[MsgId: MMSG-26390]
Action.c(1255): web_custom_request("web_custom_request") was successful, 87 body bytes, 258 header bytes  	[MsgId: MMSG-26386]
Action.c(987): web_reg_save_param started  	[MsgId: MMSG-26355]
Action.c(1290): Notify: Transaction "SetStatusOfFilmWithExpand_printed" started.	[MsgId: MMSG-16999]
Action.c(1212): Registering web_reg_save_param was successful  	[MsgId: MMSG-26390]
Action.c(1255): web_custom_request("web_custom_request") started  	[MsgId: MMSG-26355]
Action.c(1068): web_custom_request("web_custom_request") started  	[MsgId: MMSG-26355]
Action.c(1248): web_reg_save_param started  	[MsgId: MMSG-26355]
Action.c(1102): Notify: Transaction "SetStatusOfReportWithExpand_NOTprinted" started.	[MsgId: MMSG-16999]
Action.c(987): Registering web_reg_save_param was successful  	[MsgId: MMSG-26390]
Action.c(1292): web_custom_request("web_custom_request") started  	[MsgId: MMSG-26355]
Action.c(1217): Notify: Transaction "SetStatusOfFilmWithoutExpand_NOTprinte" started.	[MsgId: MMSG-16999]
Action.c(1255): HTML parsing not performed for Content-Type "application/json" ("ParseHtmlContentType" Run-Time Setting is "TEXT"). URL="http://10.184.129.171/webapi/api/worklist/UpdateStatusByAccessionNumber"  	[MsgId: MMSG-26548]
Action.c(1068): HTML parsing not performed for Content-Type "application/json" ("ParseHtmlContentType" Run-Time Setting is "TEXT"). URL="http://10.184.129.171/webapi/api/worklist/UpdateStatusByStudyInstanceUID"  	[MsgId: MMSG-26548]
Action.c(1248): Registering web_reg_save_param was successful  	[MsgId: MMSG-26390]
Action.c(1104): web_custom_request("web_custom_request") started  	[MsgId: MMSG-26355]
Action.c(992): Notify: Transaction "SetStatusOfReportWithoutExpand_NOTprinte" started.	[MsgId: MMSG-16999]
Action.c(1292): HTML parsing not performed for Content-Type "application/json" ("ParseHtmlContentType" Run-Time Setting is "TEXT"). URL="http://10.184.129.171/webapi/api/worklist/UpdateStatusByAccessionNumber"  	[MsgId: MMSG-26548]
Action.c(1219): web_custom_request("web_custom_request") started  	[MsgId: MMSG-26355]
Action.c(1255): web_custom_request("web_custom_request") was successful, 87 body bytes, 258 header bytes  	[MsgId: MMSG-26386]
Action.c(1068): web_custom_request("web_custom_request") was successful, 87 body bytes, 258 header bytes  	[MsgId: MMSG-26386]
Action.c(1253): Notify: Transaction "SetStatusOfFilmWithExpand_unprinted" started.	[MsgId: MMSG-16999]
Action.c(1104): HTML parsing not performed for Content-Type "application/json" ("ParseHtmlContentType" Run-Time Setting is "TEXT"). URL="http://10.184.129.171/webapi/api/worklist/UpdateStatusByStudyInstanceUID"  	[MsgId: MMSG-26548]
Action.c(994): web_custom_request("web_custom_request") started  	[MsgId: MMSG-26355]
Action.c(1292): web_custom_request("web_custom_request") was successful, 87 body bytes, 258 header bytes  	[MsgId: MMSG-26386]
Action.c(1219): HTML parsing not performed for Content-Type "application/json" ("ParseHtmlContentType" Run-Time Setting is "TEXT"). URL="http://10.184.129.171/webapi/api/worklist/UpdateStatusByAccessionNumber"  	[MsgId: MMSG-26548]
Action.c(1255): web_custom_request("web_custom_request") started  	[MsgId: MMSG-26355]
Action.c(1104): web_custom_request("web_custom_request") was successful, 87 body bytes, 258 header bytes  	[MsgId: MMSG-26386]
Action.c(994): HTML parsing not performed for Content-Type "application/json" ("ParseHtmlContentType" Run-Time Setting is "TEXT"). URL="http://10.184.129.171/webapi/api/worklist/UpdateStatusByStudyInstanceUID"  	[MsgId: MMSG-26548]
Action.c(1219): web_custom_request("web_custom_request") was successful, 87 body bytes, 258 header bytes  	[MsgId: MMSG-26386]
Action.c(1255): HTML parsing not performed for Content-Type "application/json" ("ParseHtmlContentType" Run-Time Setting is "TEXT"). URL="http://10.184.129.171/webapi/api/worklist/UpdateStatusByAccessionNumber"  	[MsgId: MMSG-26548]
Action.c(994): web_custom_request("web_custom_request") was successful, 87 body bytes, 258 header bytes  	[MsgId: MMSG-26386]
Action.c(1255): web_custom_request("web_custom_request") was successful, 87 body bytes, 258 header bytes  	[MsgId: MMSG-26386]
Action.c(1265): Notify: Transaction "SetStatusOfFilmWithExpand_unprinted" ended with a "Pass" status (Duration: 0.2038 Wasted Time: 0.0000).	[MsgId: MMSG-16871]
The result is:  false	[MsgId: MMSG-17999]
Action.c(1271): Error: SetStatusOfFilmWithExpand_unprinted fail	[MsgId: MERR-17999]
End auto log messages stack.	[MsgId: MMSG-10544]


Action.c(1265): Notify: Transaction "SetStatusOfFilmWithExpand_unprinted" ended with a "Pass" status (Duration: 0.2041 Wasted Time: 0.0000).	[MsgId: MMSG-16871]
The result is:  false	[MsgId: MMSG-17999]
Action.c(1271): Error: SetStatusOfFilmWithExpand_unprinted fail	[MsgId: MERR-17999]
End auto log messages stack.	[MsgId: MMSG-10544]


Action.c(1078): Notify: Transaction "SetStatusOfReportWithExpand_printed" ended with a "Pass" status (Duration: 0.2042 Wasted Time: 0.0000).	[MsgId: MMSG-16871]
The result is:  false	[MsgId: MMSG-17999]
Action.c(1084): Error: SetStatusOfReportWithExpand_printed fail	[MsgId: MERR-17999]
End auto log messages stack.	[MsgId: MMSG-10544]


Action.c(1302): Notify: Transaction "SetStatusOfFilmWithExpand_printed" ended with a "Pass" status (Duration: 0.2042 Wasted Time: 0.0000).	[MsgId: MMSG-16871]
The result is:  false	[MsgId: MMSG-17999]
Action.c(1309): Error: SetStatusOfFilmWithExpand_printed fail	[MsgId: MERR-17999]
End auto log messages stack.	[MsgId: MMSG-10544]


Action.c(1114): Notify: Transaction "SetStatusOfReportWithExpand_NOTprinted" ended with a "Pass" status (Duration: 0.2047 Wasted Time: 0.0000).	[MsgId: MMSG-16871]
The result is:  false	[MsgId: MMSG-17999]
Action.c(1120): Error: SetStatusOfReportWithExpand_NOTprinted fail	[MsgId: MERR-17999]
End auto log messages stack.	[MsgId: MMSG-10544]


Action.c(1229): Notify: Transaction "SetStatusOfFilmWithoutExpand_NOTprinte" ended with a "Pass" status (Duration: 0.2046 Wasted Time: 0.0000).	[MsgId: MMSG-16871]
The result is:  false	[MsgId: MMSG-17999]
Action.c(1235): Error: SetStatusOfFilmWithoutExpand_NOTprinte fail	[MsgId: MERR-17999]
Action.c(1004): Notify: Transaction "SetStatusOfReportWithoutExpand_NOTprinte" ended with a "Pass" status (Duration: 0.2038 Wasted Time: 0.0000).	[MsgId: MMSG-16871]
End auto log messages stack.	[MsgId: MMSG-10544]
The result is:  false	[MsgId: MMSG-17999]


Action.c(1010): Error: SetStatusOfReportWithoutExpand_NOTprinte fail	[MsgId: MERR-17999]
Action.c(1265): Notify: Transaction "SetStatusOfFilmWithExpand_unprinted" ended with a "Pass" status (Duration: 0.2039 Wasted Time: 0.0000).	[MsgId: MMSG-16871]
End auto log messages stack.	[MsgId: MMSG-10544]
The result is:  false	[MsgId: MMSG-17999]


Action.c(1271): Error: SetStatusOfFilmWithExpand_unprinted fail	[MsgId: MERR-17999]
End auto log messages stack.	[MsgId: MMSG-10544]


Start auto log messages stack - Iteration 24.	[MsgId: MMSG-10545]
Action.c(1362): web_custom_request("searchWorklist") was successful, 25181 body bytes, 261 header bytes  	[MsgId: MMSG-26386]
Action.c(1372): Notify: Transaction "Query ALL" ended with a "Pass" status (Duration: 10.2300).	[MsgId: MMSG-16873]
Action.c(1375): lr_think_time: 5.00 seconds.	[MsgId: MMSG-15948]
Action.c(1377): web_url("CheckLoginStatus_25") started  	[MsgId: MMSG-26355]
Action.c(1377): HTML parsing not performed for Content-Type "application/json" ("ParseHtmlContentType" Run-Time Setting is "TEXT"). URL="http://10.184.129.171/Platform/Account/CheckLoginStatus"  	[MsgId: MMSG-26548]
Action.c(1377): web_url("CheckLoginStatus_25") was successful, 4 body bytes, 251 header bytes  	[MsgId: MMSG-26386]
Action.c(1385): Notify: Transaction "Query ALL_secondPage" started.	[MsgId: MMSG-16999]
Action.c(1386): web_custom_request("searchWorklist") started  	[MsgId: MMSG-26355]
Action.c(1386): Continuing after Error -26612: HTTP Status-Code=500 (EntityCommandExecutionException) for "http://10.184.129.171/webapi/api/worklist/searchWorklist"  	[MsgId: MERR-26612]
End auto log messages stack.	[MsgId: MMSG-10544]


Start auto log messages stack - Iteration 24.	[MsgId: MMSG-10545]
Start auto log messages stack - Iteration 24.	[MsgId: MMSG-10545]
Start auto log messages stack - Iteration 24.	[MsgId: MMSG-10545]
Start auto log messages stack - Iteration 24.	[MsgId: MMSG-10545]
Action.c(1322): web_reg_save_param started  	[MsgId: MMSG-26355]
Action.c(1285): web_reg_save_param started  	[MsgId: MMSG-26355]
Start auto log messages stack - Iteration 24.	[MsgId: MMSG-10545]
Start auto log messages stack - Iteration 24.	[MsgId: MMSG-10545]
Action.c(1285): Registering web_reg_save_param was successful  	[MsgId: MMSG-26390]
Start auto log messages stack - Iteration 24.	[MsgId: MMSG-10545]
Action.c(1322): Registering web_reg_save_param was successful  	[MsgId: MMSG-26390]
Action.c(1139): web_reg_save_param started  	[MsgId: MMSG-26355]
Action.c(1322): web_reg_save_param started  	[MsgId: MMSG-26355]
Action.c(1322): web_reg_save_param started  	[MsgId: MMSG-26355]
Action.c(1290): Notify: Transaction "SetStatusOfFilmWithExpand_printed" started.	[MsgId: MMSG-16999]
Action.c(1139): web_reg_save_param started  	[MsgId: MMSG-26355]
Action.c(1139): Registering web_reg_save_param was successful  	[MsgId: MMSG-26390]
Action.c(1322): Registering web_reg_save_param was successful  	[MsgId: MMSG-26390]
Action.c(1061): web_reg_save_param started  	[MsgId: MMSG-26355]
Action.c(1322): Registering web_reg_save_param was successful  	[MsgId: MMSG-26390]
Action.c(1328): Notify: Transaction "SetStatusOfFilmWithExpand_NOTprinted" started.	[MsgId: MMSG-16999]
Action.c(1292): web_custom_request("web_custom_request") started  	[MsgId: MMSG-26355]
Action.c(1144): Notify: Transaction "SetStatusOfFilmWithoutExpand_unprinted" started.	[MsgId: MMSG-16999]
Action.c(1139): Registering web_reg_save_param was successful  	[MsgId: MMSG-26390]
Action.c(1061): Registering web_reg_save_param was successful  	[MsgId: MMSG-26390]
Action.c(1328): Notify: Transaction "SetStatusOfFilmWithExpand_NOTprinted" started.	[MsgId: MMSG-16999]
Action.c(1292): HTML parsing not performed for Content-Type "application/json" ("ParseHtmlContentType" Run-Time Setting is "TEXT"). URL="http://10.184.129.171/webapi/api/worklist/UpdateStatusByAccessionNumber"  	[MsgId: MMSG-26548]
Action.c(1330): web_custom_request("web_custom_request") started  	[MsgId: MMSG-26355]
Action.c(1146): web_custom_request("web_custom_request") started  	[MsgId: MMSG-26355]
Action.c(1328): Notify: Transaction "SetStatusOfFilmWithExpand_NOTprinted" started.	[MsgId: MMSG-16999]
Action.c(1330): web_custom_request("web_custom_request") started  	[MsgId: MMSG-26355]
Action.c(1144): Notify: Transaction "SetStatusOfFilmWithoutExpand_unprinted" started.	[MsgId: MMSG-16999]
Action.c(1330): HTML parsing not performed for Content-Type "application/json" ("ParseHtmlContentType" Run-Time Setting is "TEXT"). URL="http://10.184.129.171/webapi/api/worklist/UpdateStatusByAccessionNumber"  	[MsgId: MMSG-26548]
Action.c(1292): web_custom_request("web_custom_request") was successful, 87 body bytes, 258 header bytes  	[MsgId: MMSG-26386]
Action.c(1146): HTML parsing not performed for Content-Type "application/json" ("ParseHtmlContentType" Run-Time Setting is "TEXT"). URL="http://10.184.129.171/webapi/api/worklist/UpdateStatusByAccessionNumber"  	[MsgId: MMSG-26548]
Action.c(1330): web_custom_request("web_custom_request") started  	[MsgId: MMSG-26355]
Action.c(1066): Notify: Transaction "SetStatusOfReportWithExpand_printed" started.	[MsgId: MMSG-16999]
Action.c(1330): web_custom_request("web_custom_request") was successful, 87 body bytes, 258 header bytes  	[MsgId: MMSG-26386]
Action.c(1146): web_custom_request("web_custom_request") started  	[MsgId: MMSG-26355]
Action.c(1330): HTML parsing not performed for Content-Type "application/json" ("ParseHtmlContentType" Run-Time Setting is "TEXT"). URL="http://10.184.129.171/webapi/api/worklist/UpdateStatusByAccessionNumber"  	[MsgId: MMSG-26548]
Action.c(1068): web_custom_request("web_custom_request") started  	[MsgId: MMSG-26355]
Action.c(1146): web_custom_request("web_custom_request") was successful, 87 body bytes, 258 header bytes  	[MsgId: MMSG-26386]
Action.c(1330): HTML parsing not performed for Content-Type "application/json" ("ParseHtmlContentType" Run-Time Setting is "TEXT"). URL="http://10.184.129.171/webapi/api/worklist/UpdateStatusByAccessionNumber"  	[MsgId: MMSG-26548]
Action.c(1302): Notify: Transaction "SetStatusOfFilmWithExpand_printed" ended with a "Pass" status (Duration: 9.1259 Wasted Time: 0.0000).	[MsgId: MMSG-16871]
Action.c(1068): HTML parsing not performed for Content-Type "application/json" ("ParseHtmlContentType" Run-Time Setting is "TEXT"). URL="http://10.184.129.171/webapi/api/worklist/UpdateStatusByStudyInstanceUID"  	[MsgId: MMSG-26548]
Action.c(1146): HTML parsing not performed for Content-Type "application/json" ("ParseHtmlContentType" Run-Time Setting is "TEXT"). URL="http://10.184.129.171/webapi/api/worklist/UpdateStatusByAccessionNumber"  	[MsgId: MMSG-26548]
Action.c(1330): web_custom_request("web_custom_request") was successful, 87 body bytes, 258 header bytes  	[MsgId: MMSG-26386]
Action.c(1330): web_custom_request("web_custom_request") was successful, 87 body bytes, 258 header bytes  	[MsgId: MMSG-26386]
Action.c(1340): Notify: Transaction "SetStatusOfFilmWithExpand_NOTprinted" ended with a "Pass" status (Duration: 9.1263 Wasted Time: 0.0000).	[MsgId: MMSG-16871]
Action.c(1146): web_custom_request("web_custom_request") was successful, 87 body bytes, 258 header bytes  	[MsgId: MMSG-26386]
The result is:  false	[MsgId: MMSG-17999]
Action.c(1068): web_custom_request("web_custom_request") was successful, 87 body bytes, 258 header bytes  	[MsgId: MMSG-26386]
Action.c(1156): Notify: Transaction "SetStatusOfFilmWithoutExpand_unprinted" ended with a "Pass" status (Duration: 9.1262 Wasted Time: 0.0000).	[MsgId: MMSG-16871]
The result is:  false	[MsgId: MMSG-17999]
Action.c(1309): Error: SetStatusOfFilmWithExpand_printed fail	[MsgId: MERR-17999]
The result is:  false	[MsgId: MMSG-17999]
Action.c(1340): Notify: Transaction "SetStatusOfFilmWithExpand_NOTprinted" ended with a "Pass" status (Duration: 9.1263 Wasted Time: 0.0000).	[MsgId: MMSG-16871]
Action.c(1346): Error: SetStatusOfFilmWithExpand_NOTprinted fail	[MsgId: MERR-17999]
Action.c(1340): Notify: Transaction "SetStatusOfFilmWithExpand_NOTprinted" ended with a "Pass" status (Duration: 9.1259 Wasted Time: 0.0000).	[MsgId: MMSG-16871]
Action.c(1156): Notify: Transaction "SetStatusOfFilmWithoutExpand_unprinted" ended with a "Pass" status (Duration: 9.1263 Wasted Time: 0.0000).	[MsgId: MMSG-16871]
Action.c(1078): Notify: Transaction "SetStatusOfReportWithExpand_printed" ended with a "Pass" status (Duration: 9.1262 Wasted Time: 0.0000).	[MsgId: MMSG-16871]
Action.c(1162): Error: SetStatusOfFilmWithoutExpand_unprinted fail	[MsgId: MERR-17999]
The result is:  false	[MsgId: MMSG-17999]
The result is:  false	[MsgId: MMSG-17999]
The result is:  false	[MsgId: MMSG-17999]
End auto log messages stack.	[MsgId: MMSG-10544]
The result is:  false	[MsgId: MMSG-17999]
Action.c(1346): Error: SetStatusOfFilmWithExpand_NOTprinted fail	[MsgId: MERR-17999]
Action.c(1162): Error: SetStatusOfFilmWithoutExpand_unprinted fail	[MsgId: MERR-17999]
End auto log messages stack.	[MsgId: MMSG-10544]
Action.c(1084): Error: SetStatusOfReportWithExpand_printed fail	[MsgId: MERR-17999]


Action.c(1346): Error: SetStatusOfFilmWithExpand_NOTprinted fail	[MsgId: MERR-17999]
End auto log messages stack.	[MsgId: MMSG-10544]


End auto log messages stack.	[MsgId: MMSG-10544]
End auto log messages stack.	[MsgId: MMSG-10544]
End auto log messages stack.	[MsgId: MMSG-10544]


End auto log messages stack.	[MsgId: MMSG-10544]








Start auto log messages stack - Iteration 24.	[MsgId: MMSG-10545]
Start auto log messages stack - Iteration 24.	[MsgId: MMSG-10545]
Action.c(951): web_reg_save_param started  	[MsgId: MMSG-26355]
Action.c(1322): web_reg_save_param started  	[MsgId: MMSG-26355]
Action.c(951): Registering web_reg_save_param was successful  	[MsgId: MMSG-26390]
Action.c(1322): Registering web_reg_save_param was successful  	[MsgId: MMSG-26390]
Action.c(955): Notify: Transaction "SetStatusOfReportWithoutExpand_printed" started.	[MsgId: MMSG-16999]
Action.c(1328): Notify: Transaction "SetStatusOfFilmWithExpand_NOTprinted" started.	[MsgId: MMSG-16999]
Action.c(957): web_custom_request("web_custom_request") started  	[MsgId: MMSG-26355]
Action.c(1330): web_custom_request("web_custom_request") started  	[MsgId: MMSG-26355]
Action.c(957): HTML parsing not performed for Content-Type "application/json" ("ParseHtmlContentType" Run-Time Setting is "TEXT"). URL="http://10.184.129.171/webapi/api/worklist/UpdateStatusByStudyInstanceUID"  	[MsgId: MMSG-26548]
Action.c(1330): HTML parsing not performed for Content-Type "application/json" ("ParseHtmlContentType" Run-Time Setting is "TEXT"). URL="http://10.184.129.171/webapi/api/worklist/UpdateStatusByAccessionNumber"  	[MsgId: MMSG-26548]
Action.c(957): web_custom_request("web_custom_request") was successful, 87 body bytes, 258 header bytes  	[MsgId: MMSG-26386]
Action.c(1330): web_custom_request("web_custom_request") was successful, 87 body bytes, 258 header bytes  	[MsgId: MMSG-26386]
Action.c(1340): Notify: Transaction "SetStatusOfFilmWithExpand_NOTprinted" ended with a "Pass" status (Duration: 9.1271 Wasted Time: 0.0000).	[MsgId: MMSG-16871]
Action.c(967): Notify: Transaction "SetStatusOfReportWithoutExpand_printed" ended with a "Pass" status (Duration: 9.1270 Wasted Time: 0.0000).	[MsgId: MMSG-16871]
The result is:  false	[MsgId: MMSG-17999]
The result is:  false	[MsgId: MMSG-17999]
Action.c(1346): Error: SetStatusOfFilmWithExpand_NOTprinted fail	[MsgId: MERR-17999]
Action.c(973): Error: SetStatusOfReportWithoutExpand_printed fail	[MsgId: MERR-17999]
End auto log messages stack.	[MsgId: MMSG-10544]


End auto log messages stack.	[MsgId: MMSG-10544]


Start auto log messages stack - Iteration 24.	[MsgId: MMSG-10545]
Start auto log messages stack - Iteration 24.	[MsgId: MMSG-10545]
Start auto log messages stack - Iteration 24.	[MsgId: MMSG-10545]
Action.c(1139): web_reg_save_param started  	[MsgId: MMSG-26355]
Action.c(1139): Registering web_reg_save_param was successful  	[MsgId: MMSG-26390]
Action.c(987): web_reg_save_param started  	[MsgId: MMSG-26355]
Action.c(987): Registering web_reg_save_param was successful  	[MsgId: MMSG-26390]
Action.c(1144): Notify: Transaction "SetStatusOfFilmWithoutExpand_unprinted" started.	[MsgId: MMSG-16999]
Action.c(1146): web_custom_request("web_custom_request") started  	[MsgId: MMSG-26355]
Action.c(992): Notify: Transaction "SetStatusOfReportWithoutExpand_NOTprinte" started.	[MsgId: MMSG-16999]
Action.c(1146): HTML parsing not performed for Content-Type "application/json" ("ParseHtmlContentType" Run-Time Setting is "TEXT"). URL="http://10.184.129.171/webapi/api/worklist/UpdateStatusByAccessionNumber"  	[MsgId: MMSG-26548]
Action.c(994): web_custom_request("web_custom_request") started  	[MsgId: MMSG-26355]
Action.c(1146): web_custom_request("web_custom_request") was successful, 87 body bytes, 258 header bytes  	[MsgId: MMSG-26386]
Action.c(994): HTML parsing not performed for Content-Type "application/json" ("ParseHtmlContentType" Run-Time Setting is "TEXT"). URL="http://10.184.129.171/webapi/api/worklist/UpdateStatusByStudyInstanceUID"  	[MsgId: MMSG-26548]
Action.c(994): web_custom_request("web_custom_request") was successful, 87 body bytes, 258 header bytes  	[MsgId: MMSG-26386]
Action.c(1156): Notify: Transaction "SetStatusOfFilmWithoutExpand_unprinted" ended with a "Pass" status (Duration: 0.2087 Wasted Time: 0.0000).	[MsgId: MMSG-16871]
Action.c(1004): Notify: Transaction "SetStatusOfReportWithoutExpand_NOTprinte" ended with a "Pass" status (Duration: 0.2088 Wasted Time: 0.0000).	[MsgId: MMSG-16871]
The result is:  false	[MsgId: MMSG-17999]
The result is:  false	[MsgId: MMSG-17999]
Action.c(1162): Error: SetStatusOfFilmWithoutExpand_unprinted fail	[MsgId: MERR-17999]
Action.c(1010): Error: SetStatusOfReportWithoutExpand_NOTprinte fail	[MsgId: MERR-17999]
End auto log messages stack.	[MsgId: MMSG-10544]
End auto log messages stack.	[MsgId: MMSG-10544]




Action.c(1285): web_reg_save_param started  	[MsgId: MMSG-26355]
Action.c(1285): Registering web_reg_save_param was successful  	[MsgId: MMSG-26390]
Action.c(1290): Notify: Transaction "SetStatusOfFilmWithExpand_printed" started.	[MsgId: MMSG-16999]
Action.c(1292): web_custom_request("web_custom_request") started  	[MsgId: MMSG-26355]
Action.c(1292): HTML parsing not performed for Content-Type "application/json" ("ParseHtmlContentType" Run-Time Setting is "TEXT"). URL="http://10.184.129.171/webapi/api/worklist/UpdateStatusByAccessionNumber"  	[MsgId: MMSG-26548]
Action.c(1292): web_custom_request("web_custom_request") was successful, 87 body bytes, 258 header bytes  	[MsgId: MMSG-26386]
Action.c(1302): Notify: Transaction "SetStatusOfFilmWithExpand_printed" ended with a "Pass" status (Duration: 0.2087 Wasted Time: 0.0000).	[MsgId: MMSG-16871]
The result is:  false	[MsgId: MMSG-17999]
Action.c(1309): Error: SetStatusOfFilmWithExpand_printed fail	[MsgId: MERR-17999]
End auto log messages stack.	[MsgId: MMSG-10544]


Start auto log messages stack - Iteration 24.	[MsgId: MMSG-10545]
Action.c(1285): web_reg_save_param started  	[MsgId: MMSG-26355]
Action.c(1285): Registering web_reg_save_param was successful  	[MsgId: MMSG-26390]
Action.c(1290): Notify: Transaction "SetStatusOfFilmWithExpand_printed" started.	[MsgId: MMSG-16999]
Action.c(1292): web_custom_request("web_custom_request") started  	[MsgId: MMSG-26355]
Action.c(1292): HTML parsing not performed for Content-Type "application/json" ("ParseHtmlContentType" Run-Time Setting is "TEXT"). URL="http://10.184.129.171/webapi/api/worklist/UpdateStatusByAccessionNumber"  	[MsgId: MMSG-26548]
Action.c(1292): web_custom_request("web_custom_request") was successful, 87 body bytes, 258 header bytes  	[MsgId: MMSG-26386]
Action.c(1302): Notify: Transaction "SetStatusOfFilmWithExpand_printed" ended with a "Pass" status (Duration: 15.3202 Wasted Time: 0.0000).	[MsgId: MMSG-16871]
The result is:  false	[MsgId: MMSG-17999]
Action.c(1309): Error: SetStatusOfFilmWithExpand_printed fail	[MsgId: MERR-17999]
End auto log messages stack.	[MsgId: MMSG-10544]


Start auto log messages stack - Iteration 24.	[MsgId: MMSG-10545]
Start auto log messages stack - Iteration 24.	[MsgId: MMSG-10545]
Start auto log messages stack - Iteration 24.	[MsgId: MMSG-10545]
Action.c(1349): lr_think_time: 5.00 seconds.	[MsgId: MMSG-15948]
Action.c(1349): lr_think_time: 5.00 seconds.	[MsgId: MMSG-15948]
Action.c(1351): web_url("CheckLoginStatus_25") started  	[MsgId: MMSG-26355]
Action.c(1351): web_url("CheckLoginStatus_25") started  	[MsgId: MMSG-26355]
Action.c(1351): HTML parsing not performed for Content-Type "application/json" ("ParseHtmlContentType" Run-Time Setting is "TEXT"). URL="http://10.184.129.171/Platform/Account/CheckLoginStatus"  	[MsgId: MMSG-26548]
Action.c(1351): HTML parsing not performed for Content-Type "application/json" ("ParseHtmlContentType" Run-Time Setting is "TEXT"). URL="http://10.184.129.171/Platform/Account/CheckLoginStatus"  	[MsgId: MMSG-26548]
Action.c(1351): web_url("CheckLoginStatus_25") was successful, 4 body bytes, 251 header bytes  	[MsgId: MMSG-26386]
Action.c(1351): web_url("CheckLoginStatus_25") was successful, 4 body bytes, 251 header bytes  	[MsgId: MMSG-26386]
Action.c(1360): Notify: Transaction "Query ALL" started.	[MsgId: MMSG-16999]
Action.c(1360): Notify: Transaction "Query ALL" started.	[MsgId: MMSG-16999]
Start auto log messages stack - Iteration 24.	[MsgId: MMSG-10545]
Action.c(1349): lr_think_time: 5.00 seconds.	[MsgId: MMSG-15948]
Action.c(1362): web_custom_request("searchWorklist") started  	[MsgId: MMSG-26355]
Action.c(1362): web_custom_request("searchWorklist") started  	[MsgId: MMSG-26355]
Action.c(1322): web_reg_save_param started  	[MsgId: MMSG-26355]
Action.c(1351): web_url("CheckLoginStatus_25") started  	[MsgId: MMSG-26355]
Action.c(1362): Continuing after Error -26612: HTTP Status-Code=500 (EntityException) for "http://10.184.129.171/webapi/api/worklist/searchWorklist"  	[MsgId: MERR-26612]
Action.c(1362): Continuing after Error -26612: HTTP Status-Code=500 (EntityException) for "http://10.184.129.171/webapi/api/worklist/searchWorklist"  	[MsgId: MERR-26612]
Action.c(1322): Registering web_reg_save_param was successful  	[MsgId: MMSG-26390]
Action.c(1351): HTML parsing not performed for Content-Type "application/json" ("ParseHtmlContentType" Run-Time Setting is "TEXT"). URL="http://10.184.129.171/Platform/Account/CheckLoginStatus"  	[MsgId: MMSG-26548]
Start auto log messages stack - Iteration 24.	[MsgId: MMSG-10545]
Action.c(1351): web_url("CheckLoginStatus_25") was successful, 4 body bytes, 251 header bytes  	[MsgId: MMSG-26386]
Action.c(987): web_reg_save_param started  	[MsgId: MMSG-26355]
Start auto log messages stack - Iteration 24.	[MsgId: MMSG-10545]
Action.c(1328): Notify: Transaction "SetStatusOfFilmWithExpand_NOTprinted" started.	[MsgId: MMSG-16999]
Start auto log messages stack - Iteration 24.	[MsgId: MMSG-10545]
Action.c(987): Registering web_reg_save_param was successful  	[MsgId: MMSG-26390]
End auto log messages stack.	[MsgId: MMSG-10544]
Action.c(1176): web_reg_save_param started  	[MsgId: MMSG-26355]
End auto log messages stack.	[MsgId: MMSG-10544]
Action.c(1330): web_custom_request("web_custom_request") started  	[MsgId: MMSG-26355]
Action.c(1360): Notify: Transaction "Query ALL" started.	[MsgId: MMSG-16999]
Action.c(992): Notify: Transaction "SetStatusOfReportWithoutExpand_NOTprinte" started.	[MsgId: MMSG-16999]


Action.c(1176): Registering web_reg_save_param was successful  	[MsgId: MMSG-26390]
Action.c(1330): HTML parsing not performed for Content-Type "application/json" ("ParseHtmlContentType" Run-Time Setting is "TEXT"). URL="http://10.184.129.171/webapi/api/worklist/UpdateStatusByAccessionNumber"  	[MsgId: MMSG-26548]
Action.c(1362): web_custom_request("searchWorklist") started  	[MsgId: MMSG-26355]


Action.c(1176): web_reg_save_param started  	[MsgId: MMSG-26355]
Action.c(994): web_custom_request("web_custom_request") started  	[MsgId: MMSG-26355]
Action.c(1181): Notify: Transaction "SetStatusOfFilmWithoutExpand_printed" started.	[MsgId: MMSG-16999]
Action.c(1330): web_custom_request("web_custom_request") was successful, 87 body bytes, 258 header bytes  	[MsgId: MMSG-26386]
Action.c(1362): Continuing after Error -26612: HTTP Status-Code=500 (EntityException) for "http://10.184.129.171/webapi/api/worklist/searchWorklist"  	[MsgId: MERR-26612]
Action.c(1176): Registering web_reg_save_param was successful  	[MsgId: MMSG-26390]
Action.c(1183): web_custom_request("web_custom_request") started  	[MsgId: MMSG-26355]
Action.c(994): HTML parsing not performed for Content-Type "application/json" ("ParseHtmlContentType" Run-Time Setting is "TEXT"). URL="http://10.184.129.171/webapi/api/worklist/UpdateStatusByStudyInstanceUID"  	[MsgId: MMSG-26548]
Action.c(1183): HTML parsing not performed for Content-Type "application/json" ("ParseHtmlContentType" Run-Time Setting is "TEXT"). URL="http://10.184.129.171/webapi/api/worklist/UpdateStatusByAccessionNumber"  	[MsgId: MMSG-26548]
Action.c(994): web_custom_request("web_custom_request") was successful, 87 body bytes, 258 header bytes  	[MsgId: MMSG-26386]
Action.c(1181): Notify: Transaction "SetStatusOfFilmWithoutExpand_printed" started.	[MsgId: MMSG-16999]
Action.c(1340): Notify: Transaction "SetStatusOfFilmWithExpand_NOTprinted" ended with a "Pass" status (Duration: 0.2055 Wasted Time: 0.0000).	[MsgId: MMSG-16871]
Action.c(1183): web_custom_request("web_custom_request") was successful, 87 body bytes, 258 header bytes  	[MsgId: MMSG-26386]
Action.c(1183): web_custom_request("web_custom_request") started  	[MsgId: MMSG-26355]
The result is:  false	[MsgId: MMSG-17999]
Action.c(1183): HTML parsing not performed for Content-Type "application/json" ("ParseHtmlContentType" Run-Time Setting is "TEXT"). URL="http://10.184.129.171/webapi/api/worklist/UpdateStatusByAccessionNumber"  	[MsgId: MMSG-26548]
Action.c(1346): Error: SetStatusOfFilmWithExpand_NOTprinted fail	[MsgId: MERR-17999]
Action.c(1183): web_custom_request("web_custom_request") was successful, 87 body bytes, 258 header bytes  	[MsgId: MMSG-26386]
Action.c(1193): Notify: Transaction "SetStatusOfFilmWithoutExpand_printed" ended with a "Pass" status (Duration: 0.2064 Wasted Time: 0.0000).	[MsgId: MMSG-16871]
Action.c(1004): Notify: Transaction "SetStatusOfReportWithoutExpand_NOTprinte" ended with a "Pass" status (Duration: 0.2060 Wasted Time: 0.0000).	[MsgId: MMSG-16871]
The result is:  false	[MsgId: MMSG-17999]
Start auto log messages stack - Iteration 24.	[MsgId: MMSG-10545]
End auto log messages stack.	[MsgId: MMSG-10544]
The result is:  false	[MsgId: MMSG-17999]
Action.c(1193): Notify: Transaction "SetStatusOfFilmWithoutExpand_printed" ended with a "Pass" status (Duration: 0.2060 Wasted Time: 0.0000).	[MsgId: MMSG-16871]
Start auto log messages stack - Iteration 24.	[MsgId: MMSG-10545]
Action.c(1010): Error: SetStatusOfReportWithoutExpand_NOTprinte fail	[MsgId: MERR-17999]


Action.c(1349): lr_think_time: 5.00 seconds.	[MsgId: MMSG-15948]
Action.c(1199): Error: SetStatusOfFilmWithoutExpand_printed fail	[MsgId: MERR-17999]
The result is:  false	[MsgId: MMSG-17999]
Action.c(1097): web_reg_save_param started  	[MsgId: MMSG-26355]
End auto log messages stack.	[MsgId: MMSG-10544]
Action.c(1351): web_url("CheckLoginStatus_25") started  	[MsgId: MMSG-26355]
Action.c(1097): Registering web_reg_save_param was successful  	[MsgId: MMSG-26390]
Action.c(1199): Error: SetStatusOfFilmWithoutExpand_printed fail	[MsgId: MERR-17999]
End auto log messages stack.	[MsgId: MMSG-10544]
End auto log messages stack.	[MsgId: MMSG-10544]


Action.c(1351): HTML parsing not performed for Content-Type "application/json" ("ParseHtmlContentType" Run-Time Setting is "TEXT"). URL="http://10.184.129.171/Platform/Account/CheckLoginStatus"  	[MsgId: MMSG-26548]
Action.c(1102): Notify: Transaction "SetStatusOfReportWithExpand_NOTprinted" started.	[MsgId: MMSG-16999]




Action.c(1351): web_url("CheckLoginStatus_25") was successful, 4 body bytes, 251 header bytes  	[MsgId: MMSG-26386]
Action.c(1104): web_custom_request("web_custom_request") started  	[MsgId: MMSG-26355]
End auto log messages stack.	[MsgId: MMSG-10544]
Action.c(1360): Notify: Transaction "Query ALL" started.	[MsgId: MMSG-16999]
Action.c(1104): HTML parsing not performed for Content-Type "application/json" ("ParseHtmlContentType" Run-Time Setting is "TEXT"). URL="http://10.184.129.171/webapi/api/worklist/UpdateStatusByStudyInstanceUID"  	[MsgId: MMSG-26548]


Action.c(1362): web_custom_request("searchWorklist") started  	[MsgId: MMSG-26355]
Action.c(1104): web_custom_request("web_custom_request") was successful, 87 body bytes, 258 header bytes  	[MsgId: MMSG-26386]
Action.c(1362): Continuing after Error -26612: HTTP Status-Code=500 (EntityException) for "http://10.184.129.171/webapi/api/worklist/searchWorklist"  	[MsgId: MERR-26612]
Action.c(1114): Notify: Transaction "SetStatusOfReportWithExpand_NOTprinted" ended with a "Pass" status (Duration: 0.2071 Wasted Time: 0.0000).	[MsgId: MMSG-16871]
The result is:  false	[MsgId: MMSG-17999]
Action.c(1120): Error: SetStatusOfReportWithExpand_NOTprinted fail	[MsgId: MERR-17999]
End auto log messages stack.	[MsgId: MMSG-10544]


End auto log messages stack.	[MsgId: MMSG-10544]


Start auto log messages stack - Iteration 24.	[MsgId: MMSG-10545]
Start auto log messages stack - Iteration 24.	[MsgId: MMSG-10545]
Start auto log messages stack - Iteration 24.	[MsgId: MMSG-10545]
Action.c(1024): web_reg_save_param started  	[MsgId: MMSG-26355]
Action.c(1322): web_reg_save_param started  	[MsgId: MMSG-26355]
Action.c(1024): Registering web_reg_save_param was successful  	[MsgId: MMSG-26390]
Action.c(1176): web_reg_save_param started  	[MsgId: MMSG-26355]
Action.c(1322): Registering web_reg_save_param was successful  	[MsgId: MMSG-26390]
Action.c(1176): Registering web_reg_save_param was successful  	[MsgId: MMSG-26390]
Action.c(1328): Notify: Transaction "SetStatusOfFilmWithExpand_NOTprinted" started.	[MsgId: MMSG-16999]
Action.c(1029): Notify: Transaction "SetStatusOfReportWithExpand_unprinted" started.	[MsgId: MMSG-16999]
Action.c(1181): Notify: Transaction "SetStatusOfFilmWithoutExpand_printed" started.	[MsgId: MMSG-16999]
Action.c(1330): web_custom_request("web_custom_request") started  	[MsgId: MMSG-26355]
Action.c(1031): web_custom_request("web_custom_request") started  	[MsgId: MMSG-26355]
Action.c(1183): web_custom_request("web_custom_request") started  	[MsgId: MMSG-26355]
Action.c(1330): HTML parsing not performed for Content-Type "application/json" ("ParseHtmlContentType" Run-Time Setting is "TEXT"). URL="http://10.184.129.171/webapi/api/worklist/UpdateStatusByAccessionNumber"  	[MsgId: MMSG-26548]
Action.c(1031): HTML parsing not performed for Content-Type "application/json" ("ParseHtmlContentType" Run-Time Setting is "TEXT"). URL="http://10.184.129.171/webapi/api/worklist/UpdateStatusByStudyInstanceUID"  	[MsgId: MMSG-26548]
Action.c(1183): HTML parsing not performed for Content-Type "application/json" ("ParseHtmlContentType" Run-Time Setting is "TEXT"). URL="http://10.184.129.171/webapi/api/worklist/UpdateStatusByAccessionNumber"  	[MsgId: MMSG-26548]
Action.c(1330): web_custom_request("web_custom_request") was successful, 87 body bytes, 258 header bytes  	[MsgId: MMSG-26386]
Action.c(1031): web_custom_request("web_custom_request") was successful, 87 body bytes, 258 header bytes  	[MsgId: MMSG-26386]
Action.c(1183): web_custom_request("web_custom_request") was successful, 87 body bytes, 258 header bytes  	[MsgId: MMSG-26386]
Action.c(1340): Notify: Transaction "SetStatusOfFilmWithExpand_NOTprinted" ended with a "Pass" status (Duration: 0.2071 Wasted Time: 0.0000).	[MsgId: MMSG-16871]
Action.c(1041): Notify: Transaction "SetStatusOfReportWithExpand_unprinted" ended with a "Pass" status (Duration: 0.2074 Wasted Time: 0.0000).	[MsgId: MMSG-16871]
Action.c(1193): Notify: Transaction "SetStatusOfFilmWithoutExpand_printed" ended with a "Pass" status (Duration: 0.2072 Wasted Time: 0.0000).	[MsgId: MMSG-16871]
The result is:  false	[MsgId: MMSG-17999]
The result is:  false	[MsgId: MMSG-17999]
The result is:  false	[MsgId: MMSG-17999]
Action.c(1346): Error: SetStatusOfFilmWithExpand_NOTprinted fail	[MsgId: MERR-17999]
Action.c(1047): Error: SetStatusOfReportWithExpand_unprinted fail	[MsgId: MERR-17999]
Action.c(1199): Error: SetStatusOfFilmWithoutExpand_printed fail	[MsgId: MERR-17999]
End auto log messages stack.	[MsgId: MMSG-10544]
End auto log messages stack.	[MsgId: MMSG-10544]




End auto log messages stack.	[MsgId: MMSG-10544]


Start auto log messages stack - Iteration 24.	[MsgId: MMSG-10545]
Action.c(1322): web_reg_save_param started  	[MsgId: MMSG-26355]
Action.c(1322): Registering web_reg_save_param was successful  	[MsgId: MMSG-26390]
Action.c(1328): Notify: Transaction "SetStatusOfFilmWithExpand_NOTprinted" started.	[MsgId: MMSG-16999]
Action.c(1330): web_custom_request("web_custom_request") started  	[MsgId: MMSG-26355]
Action.c(1330): HTML parsing not performed for Content-Type "application/json" ("ParseHtmlContentType" Run-Time Setting is "TEXT"). URL="http://10.184.129.171/webapi/api/worklist/UpdateStatusByAccessionNumber"  	[MsgId: MMSG-26548]
Action.c(1330): web_custom_request("web_custom_request") was successful, 87 body bytes, 258 header bytes  	[MsgId: MMSG-26386]
Action.c(1340): Notify: Transaction "SetStatusOfFilmWithExpand_NOTprinted" ended with a "Pass" status (Duration: 0.2032 Wasted Time: 0.0000).	[MsgId: MMSG-16871]
The result is:  false	[MsgId: MMSG-17999]
Action.c(1346): Error: SetStatusOfFilmWithExpand_NOTprinted fail	[MsgId: MERR-17999]
End auto log messages stack.	[MsgId: MMSG-10544]


