Start auto log messages stack - Iteration 23.	[MsgId: MMSG-10545]
Start auto log messages stack - Iteration 23.	[MsgId: MMSG-10545]
Action.c(912): web_reg_save_param started  	[MsgId: MMSG-26355]
Action.c(1139): web_reg_save_param started  	[MsgId: MMSG-26355]
Action.c(912): Registering web_reg_save_param was successful  	[MsgId: MMSG-26390]
Action.c(1139): Registering web_reg_save_param was successful  	[MsgId: MMSG-26390]
Action.c(918): Notify: Transaction "SetStatusOfReportWithoutExpand_unprinted" started.	[MsgId: MMSG-16999]
Action.c(1144): Notify: Transaction "SetStatusOfFilmWithoutExpand_unprinted" started.	[MsgId: MMSG-16999]
Action.c(920): web_custom_request("web_custom_request") started  	[MsgId: MMSG-26355]
Action.c(1146): web_custom_request("web_custom_request") started  	[MsgId: MMSG-26355]
Action.c(920): HTML parsing not performed for Content-Type "application/json" ("ParseHtmlContentType" Run-Time Setting is "TEXT"). URL="http://10.184.129.171/webapi/api/worklist/UpdateStatusByStudyInstanceUID"  	[MsgId: MMSG-26548]
Action.c(1146): HTML parsing not performed for Content-Type "application/json" ("ParseHtmlContentType" Run-Time Setting is "TEXT"). URL="http://10.184.129.171/webapi/api/worklist/UpdateStatusByAccessionNumber"  	[MsgId: MMSG-26548]
Action.c(920): web_custom_request("web_custom_request") was successful, 130 body bytes, 259 header bytes  	[MsgId: MMSG-26386]
Action.c(1146): web_custom_request("web_custom_request") was successful, 130 body bytes, 259 header bytes  	[MsgId: MMSG-26386]
Action.c(931): Notify: Transaction "SetStatusOfReportWithoutExpand_unprinted" ended with a "Pass" status (Duration: 30.5278 Wasted Time: 0.0001).	[MsgId: MMSG-16871]
Action.c(1156): Notify: Transaction "SetStatusOfFilmWithoutExpand_unprinted" ended with a "Pass" status (Duration: 30.6268 Wasted Time: 0.0001).	[MsgId: MMSG-16871]
The result is:  false	[MsgId: MMSG-17999]
The result is:  false	[MsgId: MMSG-17999]
Action.c(937): Error: SetStatusOfReportWithoutExpand_unprinted fail	[MsgId: MERR-17999]
Action.c(1162): Error: SetStatusOfFilmWithoutExpand_unprinted fail	[MsgId: MERR-17999]
End auto log messages stack.	[MsgId: MMSG-10544]


End auto log messages stack.	[MsgId: MMSG-10544]


Start auto log messages stack - Iteration 23.	[MsgId: MMSG-10545]
Action.c(951): web_reg_save_param started  	[MsgId: MMSG-26355]
Action.c(951): Registering web_reg_save_param was successful  	[MsgId: MMSG-26390]
Action.c(955): Notify: Transaction "SetStatusOfReportWithoutExpand_printed" started.	[MsgId: MMSG-16999]
Action.c(957): web_custom_request("web_custom_request") started  	[MsgId: MMSG-26355]
Action.c(957): HTML parsing not performed for Content-Type "application/json" ("ParseHtmlContentType" Run-Time Setting is "TEXT"). URL="http://10.184.129.171/webapi/api/worklist/UpdateStatusByStudyInstanceUID"  	[MsgId: MMSG-26548]
Action.c(957): web_custom_request("web_custom_request") was successful, 130 body bytes, 259 header bytes  	[MsgId: MMSG-26386]
Action.c(967): Notify: Transaction "SetStatusOfReportWithoutExpand_printed" ended with a "Pass" status (Duration: 30.2075 Wasted Time: 0.0000).	[MsgId: MMSG-16871]
The result is:  false	[MsgId: MMSG-17999]
Action.c(973): Error: SetStatusOfReportWithoutExpand_printed fail	[MsgId: MERR-17999]
End auto log messages stack.	[MsgId: MMSG-10544]


Start auto log messages stack - Iteration 23.	[MsgId: MMSG-10545]
Action.c(1139): web_reg_save_param started  	[MsgId: MMSG-26355]
Action.c(1139): Registering web_reg_save_param was successful  	[MsgId: MMSG-26390]
Action.c(1144): Notify: Transaction "SetStatusOfFilmWithoutExpand_unprinted" started.	[MsgId: MMSG-16999]
Action.c(1146): web_custom_request("web_custom_request") started  	[MsgId: MMSG-26355]
Action.c(1146): HTML parsing not performed for Content-Type "application/json" ("ParseHtmlContentType" Run-Time Setting is "TEXT"). URL="http://10.184.129.171/webapi/api/worklist/UpdateStatusByAccessionNumber"  	[MsgId: MMSG-26548]
Action.c(1146): web_custom_request("web_custom_request") was successful, 130 body bytes, 259 header bytes  	[MsgId: MMSG-26386]
Action.c(1156): Notify: Transaction "SetStatusOfFilmWithoutExpand_unprinted" ended with a "Pass" status (Duration: 30.2010 Wasted Time: 0.0000).	[MsgId: MMSG-16871]
The result is:  false	[MsgId: MMSG-17999]
Action.c(1162): Error: SetStatusOfFilmWithoutExpand_unprinted fail	[MsgId: MERR-17999]
End auto log messages stack.	[MsgId: MMSG-10544]


Start auto log messages stack - Iteration 23.	[MsgId: MMSG-10545]
Action.c(1024): web_reg_save_param started  	[MsgId: MMSG-26355]
Action.c(1024): Registering web_reg_save_param was successful  	[MsgId: MMSG-26390]
Action.c(1029): Notify: Transaction "SetStatusOfReportWithExpand_unprinted" started.	[MsgId: MMSG-16999]
Action.c(1031): web_custom_request("web_custom_request") started  	[MsgId: MMSG-26355]
Action.c(1031): HTML parsing not performed for Content-Type "application/json" ("ParseHtmlContentType" Run-Time Setting is "TEXT"). URL="http://10.184.129.171/webapi/api/worklist/UpdateStatusByStudyInstanceUID"  	[MsgId: MMSG-26548]
Action.c(1031): web_custom_request("web_custom_request") was successful, 130 body bytes, 259 header bytes  	[MsgId: MMSG-26386]
Action.c(1041): Notify: Transaction "SetStatusOfReportWithExpand_unprinted" ended with a "Pass" status (Duration: 30.1797 Wasted Time: 0.0000).	[MsgId: MMSG-16871]
The result is:  false	[MsgId: MMSG-17999]
Action.c(1047): Error: SetStatusOfReportWithExpand_unprinted fail	[MsgId: MERR-17999]
End auto log messages stack.	[MsgId: MMSG-10544]


Start auto log messages stack - Iteration 23.	[MsgId: MMSG-10545]
Start auto log messages stack - Iteration 23.	[MsgId: MMSG-10545]
Action.c(987): web_reg_save_param started  	[MsgId: MMSG-26355]
Action.c(987): Registering web_reg_save_param was successful  	[MsgId: MMSG-26390]
Action.c(1024): web_reg_save_param started  	[MsgId: MMSG-26355]
Action.c(992): Notify: Transaction "SetStatusOfReportWithoutExpand_NOTprinte" started.	[MsgId: MMSG-16999]
Action.c(1024): Registering web_reg_save_param was successful  	[MsgId: MMSG-26390]
Action.c(994): web_custom_request("web_custom_request") started  	[MsgId: MMSG-26355]
Action.c(1029): Notify: Transaction "SetStatusOfReportWithExpand_unprinted" started.	[MsgId: MMSG-16999]
Action.c(994): HTML parsing not performed for Content-Type "application/json" ("ParseHtmlContentType" Run-Time Setting is "TEXT"). URL="http://10.184.129.171/webapi/api/worklist/UpdateStatusByStudyInstanceUID"  	[MsgId: MMSG-26548]
Action.c(1031): web_custom_request("web_custom_request") started  	[MsgId: MMSG-26355]
Action.c(994): web_custom_request("web_custom_request") was successful, 130 body bytes, 259 header bytes  	[MsgId: MMSG-26386]
Action.c(1031): HTML parsing not performed for Content-Type "application/json" ("ParseHtmlContentType" Run-Time Setting is "TEXT"). URL="http://10.184.129.171/webapi/api/worklist/UpdateStatusByStudyInstanceUID"  	[MsgId: MMSG-26548]
Action.c(1031): web_custom_request("web_custom_request") was successful, 130 body bytes, 259 header bytes  	[MsgId: MMSG-26386]
Action.c(1004): Notify: Transaction "SetStatusOfReportWithoutExpand_NOTprinte" ended with a "Pass" status (Duration: 30.1795 Wasted Time: 0.0000).	[MsgId: MMSG-16871]
Action.c(1041): Notify: Transaction "SetStatusOfReportWithExpand_unprinted" ended with a "Pass" status (Duration: 30.1794 Wasted Time: 0.0000).	[MsgId: MMSG-16871]
The result is:  false	[MsgId: MMSG-17999]
The result is:  false	[MsgId: MMSG-17999]
Action.c(1010): Error: SetStatusOfReportWithoutExpand_NOTprinte fail	[MsgId: MERR-17999]
Action.c(1047): Error: SetStatusOfReportWithExpand_unprinted fail	[MsgId: MERR-17999]
End auto log messages stack.	[MsgId: MMSG-10544]


End auto log messages stack.	[MsgId: MMSG-10544]


Start auto log messages stack - Iteration 23.	[MsgId: MMSG-10545]
Action.c(987): web_reg_save_param started  	[MsgId: MMSG-26355]
Action.c(987): Registering web_reg_save_param was successful  	[MsgId: MMSG-26390]
Action.c(992): Notify: Transaction "SetStatusOfReportWithoutExpand_NOTprinte" started.	[MsgId: MMSG-16999]
Action.c(994): web_custom_request("web_custom_request") started  	[MsgId: MMSG-26355]
Action.c(994): HTML parsing not performed for Content-Type "application/json" ("ParseHtmlContentType" Run-Time Setting is "TEXT"). URL="http://10.184.129.171/webapi/api/worklist/UpdateStatusByStudyInstanceUID"  	[MsgId: MMSG-26548]
Action.c(994): web_custom_request("web_custom_request") was successful, 130 body bytes, 259 header bytes  	[MsgId: MMSG-26386]
Action.c(1004): Notify: Transaction "SetStatusOfReportWithoutExpand_NOTprinte" ended with a "Pass" status (Duration: 30.1903 Wasted Time: 0.0000).	[MsgId: MMSG-16871]
The result is:  false	[MsgId: MMSG-17999]
Action.c(1010): Error: SetStatusOfReportWithoutExpand_NOTprinte fail	[MsgId: MERR-17999]
End auto log messages stack.	[MsgId: MMSG-10544]


Start auto log messages stack - Iteration 23.	[MsgId: MMSG-10545]
Action.c(912): web_reg_save_param started  	[MsgId: MMSG-26355]
Action.c(912): Registering web_reg_save_param was successful  	[MsgId: MMSG-26390]
Action.c(918): Notify: Transaction "SetStatusOfReportWithoutExpand_unprinted" started.	[MsgId: MMSG-16999]
Action.c(920): web_custom_request("web_custom_request") started  	[MsgId: MMSG-26355]
Action.c(920): HTML parsing not performed for Content-Type "application/json" ("ParseHtmlContentType" Run-Time Setting is "TEXT"). URL="http://10.184.129.171/webapi/api/worklist/UpdateStatusByStudyInstanceUID"  	[MsgId: MMSG-26548]
Action.c(920): web_custom_request("web_custom_request") was successful, 130 body bytes, 259 header bytes  	[MsgId: MMSG-26386]
Action.c(931): Notify: Transaction "SetStatusOfReportWithoutExpand_unprinted" ended with a "Pass" status (Duration: 30.1141 Wasted Time: 0.0000).	[MsgId: MMSG-16871]
The result is:  false	[MsgId: MMSG-17999]
Action.c(937): Error: SetStatusOfReportWithoutExpand_unprinted fail	[MsgId: MERR-17999]
End auto log messages stack.	[MsgId: MMSG-10544]


