Start auto log messages stack - Iteration 3.	[MsgId: MMSG-10545]
Action.c(704): web_custom_request("searchWorklist_6") was successful, 76 body bytes, 258 header bytes  	[MsgId: MMSG-26386]
Action.c(715): web_url("CheckLoginStatus_24") started  	[MsgId: MMSG-26355]
Action.c(715): HTML parsing not performed for Content-Type "application/json" ("ParseHtmlContentType" Run-Time Setting is "TEXT"). URL="http://10.184.129.208/Platform/Account/CheckLoginStatus"  	[MsgId: MMSG-26548]
Action.c(715): web_url("CheckLoginStatus_24") was successful, 4 body bytes, 251 header bytes  	[MsgId: MMSG-26386]
Action.c(723): Notify: Transaction "worklist_query_LastMonth" ended with a "Pass" status (Duration: 0.0160).	[MsgId: MMSG-16873]
Action.c(725): lr_think_time: 5.00 seconds.	[MsgId: MMSG-15948]
Action.c(727): Notify: Transaction "worklist_query_PatientName" started.	[MsgId: MMSG-16999]
Action.c(729): web_custom_request("searchWorklist_7") started  	[MsgId: MMSG-26355]
Action.c(729): Error -26612: HTTP Status-Code=500 (EntityCommandExecutionException) for "http://10.184.129.208/webapi/api/worklist/searchWorklist"  	[MsgId: MERR-26612]
End auto log messages stack.	[MsgId: MMSG-10544]


Start auto log messages stack - Iteration 3.	[MsgId: MMSG-10545]
Action.c(704): web_custom_request("searchWorklist_6") was successful, 76 body bytes, 258 header bytes  	[MsgId: MMSG-26386]
Action.c(715): web_url("CheckLoginStatus_24") started  	[MsgId: MMSG-26355]
Action.c(715): HTML parsing not performed for Content-Type "application/json" ("ParseHtmlContentType" Run-Time Setting is "TEXT"). URL="http://10.184.129.208/Platform/Account/CheckLoginStatus"  	[MsgId: MMSG-26548]
Action.c(715): web_url("CheckLoginStatus_24") was successful, 4 body bytes, 251 header bytes  	[MsgId: MMSG-26386]
Action.c(723): Notify: Transaction "worklist_query_LastMonth" ended with a "Pass" status (Duration: 0.0118).	[MsgId: MMSG-16873]
Action.c(725): lr_think_time: 5.00 seconds.	[MsgId: MMSG-15948]
Action.c(727): Notify: Transaction "worklist_query_PatientName" started.	[MsgId: MMSG-16999]
Action.c(729): web_custom_request("searchWorklist_7") started  	[MsgId: MMSG-26355]
Action.c(729): Error -26612: HTTP Status-Code=500 (EntityCommandExecutionException) for "http://10.184.129.208/webapi/api/worklist/searchWorklist"  	[MsgId: MERR-26612]
End auto log messages stack.	[MsgId: MMSG-10544]


Start auto log messages stack - Iteration 4.	[MsgId: MMSG-10545]
Action.c(704): web_custom_request("searchWorklist_6") was successful, 76 body bytes, 258 header bytes  	[MsgId: MMSG-26386]
Action.c(715): web_url("CheckLoginStatus_24") started  	[MsgId: MMSG-26355]
Action.c(715): HTML parsing not performed for Content-Type "application/json" ("ParseHtmlContentType" Run-Time Setting is "TEXT"). URL="http://10.184.129.208/Platform/Account/CheckLoginStatus"  	[MsgId: MMSG-26548]
Action.c(715): web_url("CheckLoginStatus_24") was successful, 4 body bytes, 251 header bytes  	[MsgId: MMSG-26386]
Action.c(723): Notify: Transaction "worklist_query_LastMonth" ended with a "Pass" status (Duration: 0.0153).	[MsgId: MMSG-16873]
Action.c(725): lr_think_time: 5.00 seconds.	[MsgId: MMSG-15948]
Action.c(727): Notify: Transaction "worklist_query_PatientName" started.	[MsgId: MMSG-16999]
Action.c(729): web_custom_request("searchWorklist_7") started  	[MsgId: MMSG-26355]
Action.c(729): Error -26612: HTTP Status-Code=500 (EntityCommandExecutionException) for "http://10.184.129.208/webapi/api/worklist/searchWorklist"  	[MsgId: MERR-26612]
End auto log messages stack.	[MsgId: MMSG-10544]


Start auto log messages stack - Iteration 4.	[MsgId: MMSG-10545]
Action.c(704): web_custom_request("searchWorklist_6") was successful, 76 body bytes, 258 header bytes  	[MsgId: MMSG-26386]
Action.c(715): web_url("CheckLoginStatus_24") started  	[MsgId: MMSG-26355]
Action.c(715): HTML parsing not performed for Content-Type "application/json" ("ParseHtmlContentType" Run-Time Setting is "TEXT"). URL="http://10.184.129.208/Platform/Account/CheckLoginStatus"  	[MsgId: MMSG-26548]
Action.c(715): web_url("CheckLoginStatus_24") was successful, 4 body bytes, 251 header bytes  	[MsgId: MMSG-26386]
Action.c(723): Notify: Transaction "worklist_query_LastMonth" ended with a "Pass" status (Duration: 0.0140).	[MsgId: MMSG-16873]
Action.c(725): lr_think_time: 5.00 seconds.	[MsgId: MMSG-15948]
Action.c(727): Notify: Transaction "worklist_query_PatientName" started.	[MsgId: MMSG-16999]
Action.c(729): web_custom_request("searchWorklist_7") started  	[MsgId: MMSG-26355]
Action.c(729): Error -26612: HTTP Status-Code=500 (EntityCommandExecutionException) for "http://10.184.129.208/webapi/api/worklist/searchWorklist"  	[MsgId: MERR-26612]
End auto log messages stack.	[MsgId: MMSG-10544]


Start auto log messages stack - Iteration 2.	[MsgId: MMSG-10545]
Action.c(704): web_custom_request("searchWorklist_6") was successful, 76 body bytes, 258 header bytes  	[MsgId: MMSG-26386]
Action.c(715): web_url("CheckLoginStatus_24") started  	[MsgId: MMSG-26355]
Action.c(715): HTML parsing not performed for Content-Type "application/json" ("ParseHtmlContentType" Run-Time Setting is "TEXT"). URL="http://10.184.129.208/Platform/Account/CheckLoginStatus"  	[MsgId: MMSG-26548]
Action.c(715): web_url("CheckLoginStatus_24") was successful, 4 body bytes, 251 header bytes  	[MsgId: MMSG-26386]
Action.c(723): Notify: Transaction "worklist_query_LastMonth" ended with a "Pass" status (Duration: 0.0160).	[MsgId: MMSG-16873]
Action.c(725): lr_think_time: 5.00 seconds.	[MsgId: MMSG-15948]
Action.c(727): Notify: Transaction "worklist_query_PatientName" started.	[MsgId: MMSG-16999]
Action.c(729): web_custom_request("searchWorklist_7") started  	[MsgId: MMSG-26355]
Action.c(729): Error -26612: HTTP Status-Code=500 (EntityCommandExecutionException) for "http://10.184.129.208/webapi/api/worklist/searchWorklist"  	[MsgId: MERR-26612]
End auto log messages stack.	[MsgId: MMSG-10544]


Start auto log messages stack - Iteration 3.	[MsgId: MMSG-10545]
Action.c(704): web_custom_request("searchWorklist_6") was successful, 76 body bytes, 258 header bytes  	[MsgId: MMSG-26386]
Action.c(715): web_url("CheckLoginStatus_24") started  	[MsgId: MMSG-26355]
Action.c(715): HTML parsing not performed for Content-Type "application/json" ("ParseHtmlContentType" Run-Time Setting is "TEXT"). URL="http://10.184.129.208/Platform/Account/CheckLoginStatus"  	[MsgId: MMSG-26548]
Action.c(715): web_url("CheckLoginStatus_24") was successful, 4 body bytes, 251 header bytes  	[MsgId: MMSG-26386]
Action.c(723): Notify: Transaction "worklist_query_LastMonth" ended with a "Pass" status (Duration: 0.0152).	[MsgId: MMSG-16873]
Action.c(725): lr_think_time: 5.00 seconds.	[MsgId: MMSG-15948]
Action.c(727): Notify: Transaction "worklist_query_PatientName" started.	[MsgId: MMSG-16999]
Action.c(729): web_custom_request("searchWorklist_7") started  	[MsgId: MMSG-26355]
Action.c(729): Error -26612: HTTP Status-Code=500 (EntityCommandExecutionException) for "http://10.184.129.208/webapi/api/worklist/searchWorklist"  	[MsgId: MERR-26612]
End auto log messages stack.	[MsgId: MMSG-10544]


Start auto log messages stack - Iteration 5.	[MsgId: MMSG-10545]
Action.c(704): web_custom_request("searchWorklist_6") was successful, 76 body bytes, 258 header bytes  	[MsgId: MMSG-26386]
Action.c(715): web_url("CheckLoginStatus_24") started  	[MsgId: MMSG-26355]
Action.c(715): HTML parsing not performed for Content-Type "application/json" ("ParseHtmlContentType" Run-Time Setting is "TEXT"). URL="http://10.184.129.208/Platform/Account/CheckLoginStatus"  	[MsgId: MMSG-26548]
Action.c(715): web_url("CheckLoginStatus_24") was successful, 4 body bytes, 251 header bytes  	[MsgId: MMSG-26386]
Action.c(723): Notify: Transaction "worklist_query_LastMonth" ended with a "Pass" status (Duration: 0.0169).	[MsgId: MMSG-16873]
Action.c(725): lr_think_time: 5.00 seconds.	[MsgId: MMSG-15948]
Action.c(727): Notify: Transaction "worklist_query_PatientName" started.	[MsgId: MMSG-16999]
Action.c(729): web_custom_request("searchWorklist_7") started  	[MsgId: MMSG-26355]
Action.c(729): Error -26612: HTTP Status-Code=500 (EntityCommandExecutionException) for "http://10.184.129.208/webapi/api/worklist/searchWorklist"  	[MsgId: MERR-26612]
End auto log messages stack.	[MsgId: MMSG-10544]


Start auto log messages stack - Iteration 4.	[MsgId: MMSG-10545]
Action.c(704): web_custom_request("searchWorklist_6") was successful, 76 body bytes, 258 header bytes  	[MsgId: MMSG-26386]
Action.c(715): web_url("CheckLoginStatus_24") started  	[MsgId: MMSG-26355]
Action.c(715): HTML parsing not performed for Content-Type "application/json" ("ParseHtmlContentType" Run-Time Setting is "TEXT"). URL="http://10.184.129.208/Platform/Account/CheckLoginStatus"  	[MsgId: MMSG-26548]
Action.c(715): web_url("CheckLoginStatus_24") was successful, 4 body bytes, 251 header bytes  	[MsgId: MMSG-26386]
Action.c(723): Notify: Transaction "worklist_query_LastMonth" ended with a "Pass" status (Duration: 0.0175).	[MsgId: MMSG-16873]
Action.c(725): lr_think_time: 5.00 seconds.	[MsgId: MMSG-15948]
Action.c(727): Notify: Transaction "worklist_query_PatientName" started.	[MsgId: MMSG-16999]
Action.c(729): web_custom_request("searchWorklist_7") started  	[MsgId: MMSG-26355]
Action.c(729): Error -26612: HTTP Status-Code=500 (EntityCommandExecutionException) for "http://10.184.129.208/webapi/api/worklist/searchWorklist"  	[MsgId: MERR-26612]
End auto log messages stack.	[MsgId: MMSG-10544]


Start auto log messages stack - Iteration 6.	[MsgId: MMSG-10545]
Action.c(704): web_custom_request("searchWorklist_6") was successful, 76 body bytes, 258 header bytes  	[MsgId: MMSG-26386]
Action.c(715): web_url("CheckLoginStatus_24") started  	[MsgId: MMSG-26355]
Action.c(715): HTML parsing not performed for Content-Type "application/json" ("ParseHtmlContentType" Run-Time Setting is "TEXT"). URL="http://10.184.129.208/Platform/Account/CheckLoginStatus"  	[MsgId: MMSG-26548]
Action.c(715): web_url("CheckLoginStatus_24") was successful, 4 body bytes, 251 header bytes  	[MsgId: MMSG-26386]
Action.c(723): Notify: Transaction "worklist_query_LastMonth" ended with a "Pass" status (Duration: 0.0122).	[MsgId: MMSG-16873]
Action.c(725): lr_think_time: 5.00 seconds.	[MsgId: MMSG-15948]
Action.c(727): Notify: Transaction "worklist_query_PatientName" started.	[MsgId: MMSG-16999]
Action.c(729): web_custom_request("searchWorklist_7") started  	[MsgId: MMSG-26355]
Action.c(729): Error -26612: HTTP Status-Code=500 (EntityCommandExecutionException) for "http://10.184.129.208/webapi/api/worklist/searchWorklist"  	[MsgId: MERR-26612]
End auto log messages stack.	[MsgId: MMSG-10544]


Start auto log messages stack - Iteration 6.	[MsgId: MMSG-10545]
Action.c(704): web_custom_request("searchWorklist_6") was successful, 76 body bytes, 258 header bytes  	[MsgId: MMSG-26386]
Action.c(715): web_url("CheckLoginStatus_24") started  	[MsgId: MMSG-26355]
Action.c(715): HTML parsing not performed for Content-Type "application/json" ("ParseHtmlContentType" Run-Time Setting is "TEXT"). URL="http://10.184.129.208/Platform/Account/CheckLoginStatus"  	[MsgId: MMSG-26548]
Action.c(715): web_url("CheckLoginStatus_24") was successful, 4 body bytes, 251 header bytes  	[MsgId: MMSG-26386]
Action.c(723): Notify: Transaction "worklist_query_LastMonth" ended with a "Pass" status (Duration: 0.0149).	[MsgId: MMSG-16873]
Action.c(725): lr_think_time: 5.00 seconds.	[MsgId: MMSG-15948]
Action.c(727): Notify: Transaction "worklist_query_PatientName" started.	[MsgId: MMSG-16999]
Action.c(729): web_custom_request("searchWorklist_7") started  	[MsgId: MMSG-26355]
Action.c(729): Error -26612: HTTP Status-Code=500 (EntityCommandExecutionException) for "http://10.184.129.208/webapi/api/worklist/searchWorklist"  	[MsgId: MERR-26612]
End auto log messages stack.	[MsgId: MMSG-10544]


Start auto log messages stack - Iteration 6.	[MsgId: MMSG-10545]
Action.c(704): web_custom_request("searchWorklist_6") was successful, 76 body bytes, 258 header bytes  	[MsgId: MMSG-26386]
Action.c(715): web_url("CheckLoginStatus_24") started  	[MsgId: MMSG-26355]
Action.c(715): HTML parsing not performed for Content-Type "application/json" ("ParseHtmlContentType" Run-Time Setting is "TEXT"). URL="http://10.184.129.208/Platform/Account/CheckLoginStatus"  	[MsgId: MMSG-26548]
Action.c(715): web_url("CheckLoginStatus_24") was successful, 4 body bytes, 251 header bytes  	[MsgId: MMSG-26386]
Action.c(723): Notify: Transaction "worklist_query_LastMonth" ended with a "Pass" status (Duration: 0.0132).	[MsgId: MMSG-16873]
Action.c(725): lr_think_time: 5.00 seconds.	[MsgId: MMSG-15948]
Action.c(727): Notify: Transaction "worklist_query_PatientName" started.	[MsgId: MMSG-16999]
Action.c(729): web_custom_request("searchWorklist_7") started  	[MsgId: MMSG-26355]
Action.c(729): Error -26612: HTTP Status-Code=500 (EntityCommandExecutionException) for "http://10.184.129.208/webapi/api/worklist/searchWorklist"  	[MsgId: MERR-26612]
End auto log messages stack.	[MsgId: MMSG-10544]


Start auto log messages stack - Iteration 4.	[MsgId: MMSG-10545]
Action.c(729): web_custom_request("searchWorklist_7") was successful, 678 body bytes, 259 header bytes  	[MsgId: MMSG-26386]
Action.c(740): Notify: Transaction "worklist_query_PatientName" ended with a "Pass" status (Duration: 21.3952).	[MsgId: MMSG-16873]
Action.c(742): web_url("CheckLoginStatus_25") started  	[MsgId: MMSG-26355]
Action.c(742): HTML parsing not performed for Content-Type "application/json" ("ParseHtmlContentType" Run-Time Setting is "TEXT"). URL="http://10.184.129.208/Platform/Account/CheckLoginStatus"  	[MsgId: MMSG-26548]
Action.c(742): web_url("CheckLoginStatus_25") was successful, 4 body bytes, 251 header bytes  	[MsgId: MMSG-26386]
Action.c(750): lr_think_time: 5.00 seconds.	[MsgId: MMSG-15948]
Action.c(752): Notify: Transaction "worklist_query_ACC" started.	[MsgId: MMSG-16999]
Action.c(754): web_custom_request("searchWorklist_8") started  	[MsgId: MMSG-26355]
Action.c(754): Error -26612: HTTP Status-Code=500 (EntityCommandExecutionException) for "http://10.184.129.208/webapi/api/worklist/searchWorklist"  	[MsgId: MERR-26612]
End auto log messages stack.	[MsgId: MMSG-10544]


Start auto log messages stack - Iteration 5.	[MsgId: MMSG-10545]
Action.c(704): web_custom_request("searchWorklist_6") was successful, 76 body bytes, 258 header bytes  	[MsgId: MMSG-26386]
Action.c(715): web_url("CheckLoginStatus_24") started  	[MsgId: MMSG-26355]
Action.c(715): HTML parsing not performed for Content-Type "application/json" ("ParseHtmlContentType" Run-Time Setting is "TEXT"). URL="http://10.184.129.208/Platform/Account/CheckLoginStatus"  	[MsgId: MMSG-26548]
Action.c(715): web_url("CheckLoginStatus_24") was successful, 4 body bytes, 251 header bytes  	[MsgId: MMSG-26386]
Action.c(723): Notify: Transaction "worklist_query_LastMonth" ended with a "Pass" status (Duration: 0.0156).	[MsgId: MMSG-16873]
Action.c(725): lr_think_time: 5.00 seconds.	[MsgId: MMSG-15948]
Action.c(727): Notify: Transaction "worklist_query_PatientName" started.	[MsgId: MMSG-16999]
Action.c(729): web_custom_request("searchWorklist_7") started  	[MsgId: MMSG-26355]
Action.c(729): Error -26612: HTTP Status-Code=500 (EntityCommandExecutionException) for "http://10.184.129.208/webapi/api/worklist/searchWorklist"  	[MsgId: MERR-26612]
End auto log messages stack.	[MsgId: MMSG-10544]


Start auto log messages stack - Iteration 6.	[MsgId: MMSG-10545]
Action.c(704): web_custom_request("searchWorklist_6") was successful, 76 body bytes, 258 header bytes  	[MsgId: MMSG-26386]
Action.c(715): web_url("CheckLoginStatus_24") started  	[MsgId: MMSG-26355]
Action.c(715): HTML parsing not performed for Content-Type "application/json" ("ParseHtmlContentType" Run-Time Setting is "TEXT"). URL="http://10.184.129.208/Platform/Account/CheckLoginStatus"  	[MsgId: MMSG-26548]
Action.c(715): web_url("CheckLoginStatus_24") was successful, 4 body bytes, 251 header bytes  	[MsgId: MMSG-26386]
Action.c(723): Notify: Transaction "worklist_query_LastMonth" ended with a "Pass" status (Duration: 0.0159).	[MsgId: MMSG-16873]
Action.c(725): lr_think_time: 5.00 seconds.	[MsgId: MMSG-15948]
Action.c(727): Notify: Transaction "worklist_query_PatientName" started.	[MsgId: MMSG-16999]
Action.c(729): web_custom_request("searchWorklist_7") started  	[MsgId: MMSG-26355]
Action.c(729): Error -26612: HTTP Status-Code=500 (EntityCommandExecutionException) for "http://10.184.129.208/webapi/api/worklist/searchWorklist"  	[MsgId: MERR-26612]
End auto log messages stack.	[MsgId: MMSG-10544]


Start auto log messages stack - Iteration 7.	[MsgId: MMSG-10545]
Action.c(704): web_custom_request("searchWorklist_6") was successful, 76 body bytes, 258 header bytes  	[MsgId: MMSG-26386]
Action.c(715): web_url("CheckLoginStatus_24") started  	[MsgId: MMSG-26355]
Action.c(715): HTML parsing not performed for Content-Type "application/json" ("ParseHtmlContentType" Run-Time Setting is "TEXT"). URL="http://10.184.129.208/Platform/Account/CheckLoginStatus"  	[MsgId: MMSG-26548]
Action.c(715): web_url("CheckLoginStatus_24") was successful, 4 body bytes, 251 header bytes  	[MsgId: MMSG-26386]
Action.c(723): Notify: Transaction "worklist_query_LastMonth" ended with a "Pass" status (Duration: 0.0133).	[MsgId: MMSG-16873]
Action.c(725): lr_think_time: 5.00 seconds.	[MsgId: MMSG-15948]
Action.c(727): Notify: Transaction "worklist_query_PatientName" started.	[MsgId: MMSG-16999]
Action.c(729): web_custom_request("searchWorklist_7") started  	[MsgId: MMSG-26355]
Action.c(729): Error -26612: HTTP Status-Code=500 (EntityCommandExecutionException) for "http://10.184.129.208/webapi/api/worklist/searchWorklist"  	[MsgId: MERR-26612]
End auto log messages stack.	[MsgId: MMSG-10544]


Start auto log messages stack - Iteration 6.	[MsgId: MMSG-10545]
Action.c(704): web_custom_request("searchWorklist_6") was successful, 76 body bytes, 258 header bytes  	[MsgId: MMSG-26386]
Action.c(715): web_url("CheckLoginStatus_24") started  	[MsgId: MMSG-26355]
Action.c(715): HTML parsing not performed for Content-Type "application/json" ("ParseHtmlContentType" Run-Time Setting is "TEXT"). URL="http://10.184.129.208/Platform/Account/CheckLoginStatus"  	[MsgId: MMSG-26548]
Action.c(715): web_url("CheckLoginStatus_24") was successful, 4 body bytes, 251 header bytes  	[MsgId: MMSG-26386]
Action.c(723): Notify: Transaction "worklist_query_LastMonth" ended with a "Pass" status (Duration: 0.0152).	[MsgId: MMSG-16873]
Action.c(725): lr_think_time: 5.00 seconds.	[MsgId: MMSG-15948]
Action.c(727): Notify: Transaction "worklist_query_PatientName" started.	[MsgId: MMSG-16999]
Action.c(729): web_custom_request("searchWorklist_7") started  	[MsgId: MMSG-26355]
Action.c(729): Error -26612: HTTP Status-Code=500 (EntityCommandExecutionException) for "http://10.184.129.208/webapi/api/worklist/searchWorklist"  	[MsgId: MERR-26612]
End auto log messages stack.	[MsgId: MMSG-10544]


Start auto log messages stack - Iteration 5.	[MsgId: MMSG-10545]
Action.c(704): web_custom_request("searchWorklist_6") was successful, 76 body bytes, 258 header bytes  	[MsgId: MMSG-26386]
Action.c(715): web_url("CheckLoginStatus_24") started  	[MsgId: MMSG-26355]
Action.c(715): HTML parsing not performed for Content-Type "application/json" ("ParseHtmlContentType" Run-Time Setting is "TEXT"). URL="http://10.184.129.208/Platform/Account/CheckLoginStatus"  	[MsgId: MMSG-26548]
Action.c(715): web_url("CheckLoginStatus_24") was successful, 4 body bytes, 251 header bytes  	[MsgId: MMSG-26386]
Action.c(723): Notify: Transaction "worklist_query_LastMonth" ended with a "Pass" status (Duration: 0.0161).	[MsgId: MMSG-16873]
Action.c(725): lr_think_time: 5.00 seconds.	[MsgId: MMSG-15948]
Action.c(727): Notify: Transaction "worklist_query_PatientName" started.	[MsgId: MMSG-16999]
Action.c(729): web_custom_request("searchWorklist_7") started  	[MsgId: MMSG-26355]
Action.c(729): Error -26612: HTTP Status-Code=500 (EntityCommandExecutionException) for "http://10.184.129.208/webapi/api/worklist/searchWorklist"  	[MsgId: MERR-26612]
End auto log messages stack.	[MsgId: MMSG-10544]


Start auto log messages stack - Iteration 6.	[MsgId: MMSG-10545]
Action.c(704): web_custom_request("searchWorklist_6") was successful, 76 body bytes, 258 header bytes  	[MsgId: MMSG-26386]
Action.c(715): web_url("CheckLoginStatus_24") started  	[MsgId: MMSG-26355]
Action.c(715): HTML parsing not performed for Content-Type "application/json" ("ParseHtmlContentType" Run-Time Setting is "TEXT"). URL="http://10.184.129.208/Platform/Account/CheckLoginStatus"  	[MsgId: MMSG-26548]
Action.c(715): web_url("CheckLoginStatus_24") was successful, 4 body bytes, 251 header bytes  	[MsgId: MMSG-26386]
Action.c(723): Notify: Transaction "worklist_query_LastMonth" ended with a "Pass" status (Duration: 0.0152).	[MsgId: MMSG-16873]
Action.c(725): lr_think_time: 5.00 seconds.	[MsgId: MMSG-15948]
Action.c(727): Notify: Transaction "worklist_query_PatientName" started.	[MsgId: MMSG-16999]
Action.c(729): web_custom_request("searchWorklist_7") started  	[MsgId: MMSG-26355]
Action.c(729): Error -26612: HTTP Status-Code=500 (EntityCommandExecutionException) for "http://10.184.129.208/webapi/api/worklist/searchWorklist"  	[MsgId: MERR-26612]
End auto log messages stack.	[MsgId: MMSG-10544]


Start auto log messages stack - Iteration 7.	[MsgId: MMSG-10545]
Action.c(704): web_custom_request("searchWorklist_6") was successful, 76 body bytes, 258 header bytes  	[MsgId: MMSG-26386]
Action.c(715): web_url("CheckLoginStatus_24") started  	[MsgId: MMSG-26355]
Action.c(715): HTML parsing not performed for Content-Type "application/json" ("ParseHtmlContentType" Run-Time Setting is "TEXT"). URL="http://10.184.129.208/Platform/Account/CheckLoginStatus"  	[MsgId: MMSG-26548]
Action.c(715): web_url("CheckLoginStatus_24") was successful, 4 body bytes, 251 header bytes  	[MsgId: MMSG-26386]
Action.c(723): Notify: Transaction "worklist_query_LastMonth" ended with a "Pass" status (Duration: 0.0174).	[MsgId: MMSG-16873]
Action.c(725): lr_think_time: 5.00 seconds.	[MsgId: MMSG-15948]
Action.c(727): Notify: Transaction "worklist_query_PatientName" started.	[MsgId: MMSG-16999]
Action.c(729): web_custom_request("searchWorklist_7") started  	[MsgId: MMSG-26355]
Action.c(729): Error -26612: HTTP Status-Code=500 (EntityCommandExecutionException) for "http://10.184.129.208/webapi/api/worklist/searchWorklist"  	[MsgId: MERR-26612]
End auto log messages stack.	[MsgId: MMSG-10544]


Start auto log messages stack - Iteration 5.	[MsgId: MMSG-10545]
Action.c(704): web_custom_request("searchWorklist_6") was successful, 76 body bytes, 258 header bytes  	[MsgId: MMSG-26386]
Action.c(715): web_url("CheckLoginStatus_24") started  	[MsgId: MMSG-26355]
Action.c(715): HTML parsing not performed for Content-Type "application/json" ("ParseHtmlContentType" Run-Time Setting is "TEXT"). URL="http://10.184.129.208/Platform/Account/CheckLoginStatus"  	[MsgId: MMSG-26548]
Action.c(715): web_url("CheckLoginStatus_24") was successful, 4 body bytes, 251 header bytes  	[MsgId: MMSG-26386]
Action.c(723): Notify: Transaction "worklist_query_LastMonth" ended with a "Pass" status (Duration: 0.0188).	[MsgId: MMSG-16873]
Action.c(725): lr_think_time: 5.00 seconds.	[MsgId: MMSG-15948]
Action.c(727): Notify: Transaction "worklist_query_PatientName" started.	[MsgId: MMSG-16999]
Action.c(729): web_custom_request("searchWorklist_7") started  	[MsgId: MMSG-26355]
Action.c(729): Error -26612: HTTP Status-Code=500 (EntityCommandExecutionException) for "http://10.184.129.208/webapi/api/worklist/searchWorklist"  	[MsgId: MERR-26612]
End auto log messages stack.	[MsgId: MMSG-10544]


