Start auto log messages stack - Iteration 3.	[MsgId: MMSG-10545]
Action.c(1470): web_reg_save_param started  	[MsgId: MMSG-26355]
Action.c(1470): Registering web_reg_save_param was successful  	[MsgId: MMSG-26390]
Action.c(1475): Notify: Transaction "SetTheHoldingTime" started.	[MsgId: MMSG-16999]
Action.c(1477): web_custom_request("SetHoldingTime") started  	[MsgId: MMSG-26355]
Action.c(1477): HTML parsing not performed for Content-Type "application/json" ("ParseHtmlContentType" Run-Time Setting is "TEXT"). URL="http://10.184.129.108/webapi/api/worklist/UpdateStatusByAccessionNumber"  	[MsgId: MMSG-26548]
Action.c(1477): web_custom_request("SetHoldingTime") was successful, 50 body bytes, 258 header bytes  	[MsgId: MMSG-26386]
Action.c(1487): Notify: Transaction "SetTheHoldingTime" ended with a "Pass" status (Duration: 0.3285 Wasted Time: 0.0000).	[MsgId: MMSG-16871]
The result is:  false	[MsgId: MMSG-17999]
Action.c(1493): Error: SetTheHoldingTime fail :A20180103164541849,false	[MsgId: MERR-17999]
End auto log messages stack.	[MsgId: MMSG-10544]


Start auto log messages stack - Iteration 6.	[MsgId: MMSG-10545]
Action.c(1470): web_reg_save_param started  	[MsgId: MMSG-26355]
Action.c(1470): Registering web_reg_save_param was successful  	[MsgId: MMSG-26390]
Action.c(1475): Notify: Transaction "SetTheHoldingTime" started.	[MsgId: MMSG-16999]
Action.c(1477): web_custom_request("SetHoldingTime") started  	[MsgId: MMSG-26355]
Action.c(1477): HTML parsing not performed for Content-Type "application/json" ("ParseHtmlContentType" Run-Time Setting is "TEXT"). URL="http://10.184.129.108/webapi/api/worklist/UpdateStatusByAccessionNumber"  	[MsgId: MMSG-26548]
Action.c(1477): web_custom_request("SetHoldingTime") was successful, 50 body bytes, 258 header bytes  	[MsgId: MMSG-26386]
Action.c(1487): Notify: Transaction "SetTheHoldingTime" ended with a "Pass" status (Duration: 0.1287 Wasted Time: 0.0000).	[MsgId: MMSG-16871]
The result is:  false	[MsgId: MMSG-17999]
Action.c(1493): Error: SetTheHoldingTime fail :A20180103170745551,false	[MsgId: MERR-17999]
End auto log messages stack.	[MsgId: MMSG-10544]


Start auto log messages stack - Iteration 9.	[MsgId: MMSG-10545]
Action.c(1470): web_reg_save_param started  	[MsgId: MMSG-26355]
Action.c(1470): Registering web_reg_save_param was successful  	[MsgId: MMSG-26390]
Action.c(1475): Notify: Transaction "SetTheHoldingTime" started.	[MsgId: MMSG-16999]
Action.c(1477): web_custom_request("SetHoldingTime") started  	[MsgId: MMSG-26355]
Action.c(1477): HTML parsing not performed for Content-Type "application/json" ("ParseHtmlContentType" Run-Time Setting is "TEXT"). URL="http://10.184.129.108/webapi/api/worklist/UpdateStatusByAccessionNumber"  	[MsgId: MMSG-26548]
Action.c(1477): web_custom_request("SetHoldingTime") was successful, 50 body bytes, 258 header bytes  	[MsgId: MMSG-26386]
Action.c(1487): Notify: Transaction "SetTheHoldingTime" ended with a "Pass" status (Duration: 0.2518 Wasted Time: 0.0000).	[MsgId: MMSG-16871]
The result is:  false	[MsgId: MMSG-17999]
Action.c(1493): Error: SetTheHoldingTime fail :A20171215100651932,false	[MsgId: MERR-17999]
End auto log messages stack.	[MsgId: MMSG-10544]


Start auto log messages stack - Iteration 11.	[MsgId: MMSG-10545]
Action.c(1470): web_reg_save_param started  	[MsgId: MMSG-26355]
Action.c(1470): Registering web_reg_save_param was successful  	[MsgId: MMSG-26390]
Action.c(1475): Notify: Transaction "SetTheHoldingTime" started.	[MsgId: MMSG-16999]
Action.c(1477): web_custom_request("SetHoldingTime") started  	[MsgId: MMSG-26355]
Action.c(1477): HTML parsing not performed for Content-Type "application/json" ("ParseHtmlContentType" Run-Time Setting is "TEXT"). URL="http://10.184.129.108/webapi/api/worklist/UpdateStatusByAccessionNumber"  	[MsgId: MMSG-26548]
Action.c(1477): web_custom_request("SetHoldingTime") was successful, 50 body bytes, 258 header bytes  	[MsgId: MMSG-26386]
Action.c(1487): Notify: Transaction "SetTheHoldingTime" ended with a "Pass" status (Duration: 0.3600 Wasted Time: 0.0000).	[MsgId: MMSG-16871]
The result is:  false	[MsgId: MMSG-17999]
Action.c(1493): Error: SetTheHoldingTime fail :A20171215095603928,false	[MsgId: MERR-17999]
End auto log messages stack.	[MsgId: MMSG-10544]


Start auto log messages stack - Iteration 11.	[MsgId: MMSG-10545]
Action.c(1470): web_reg_save_param started  	[MsgId: MMSG-26355]
Action.c(1470): Registering web_reg_save_param was successful  	[MsgId: MMSG-26390]
Action.c(1475): Notify: Transaction "SetTheHoldingTime" started.	[MsgId: MMSG-16999]
Action.c(1477): web_custom_request("SetHoldingTime") started  	[MsgId: MMSG-26355]
Action.c(1477): HTML parsing not performed for Content-Type "application/json" ("ParseHtmlContentType" Run-Time Setting is "TEXT"). URL="http://10.184.129.108/webapi/api/worklist/UpdateStatusByAccessionNumber"  	[MsgId: MMSG-26548]
Action.c(1477): web_custom_request("SetHoldingTime") was successful, 50 body bytes, 258 header bytes  	[MsgId: MMSG-26386]
Action.c(1487): Notify: Transaction "SetTheHoldingTime" ended with a "Pass" status (Duration: 0.2009 Wasted Time: 0.0000).	[MsgId: MMSG-16871]
The result is:  false	[MsgId: MMSG-17999]
Action.c(1493): Error: SetTheHoldingTime fail :A20180102132131553,false	[MsgId: MERR-17999]
End auto log messages stack.	[MsgId: MMSG-10544]


Start auto log messages stack - Iteration 19.	[MsgId: MMSG-10545]
Action.c(1470): web_reg_save_param started  	[MsgId: MMSG-26355]
Action.c(1470): Registering web_reg_save_param was successful  	[MsgId: MMSG-26390]
Action.c(1475): Notify: Transaction "SetTheHoldingTime" started.	[MsgId: MMSG-16999]
Action.c(1477): web_custom_request("SetHoldingTime") started  	[MsgId: MMSG-26355]
Action.c(1477): HTML parsing not performed for Content-Type "application/json" ("ParseHtmlContentType" Run-Time Setting is "TEXT"). URL="http://10.184.129.108/webapi/api/worklist/UpdateStatusByAccessionNumber"  	[MsgId: MMSG-26548]
Action.c(1477): web_custom_request("SetHoldingTime") was successful, 50 body bytes, 258 header bytes  	[MsgId: MMSG-26386]
Action.c(1487): Notify: Transaction "SetTheHoldingTime" ended with a "Pass" status (Duration: 0.3623 Wasted Time: 0.0000).	[MsgId: MMSG-16871]
The result is:  false	[MsgId: MMSG-17999]
Action.c(1493): Error: SetTheHoldingTime fail :A20180103181456101,false	[MsgId: MERR-17999]
End auto log messages stack.	[MsgId: MMSG-10544]


Start auto log messages stack - Iteration 21.	[MsgId: MMSG-10545]
Action.c(1470): web_reg_save_param started  	[MsgId: MMSG-26355]
Action.c(1470): Registering web_reg_save_param was successful  	[MsgId: MMSG-26390]
Action.c(1475): Notify: Transaction "SetTheHoldingTime" started.	[MsgId: MMSG-16999]
Action.c(1477): web_custom_request("SetHoldingTime") started  	[MsgId: MMSG-26355]
Action.c(1477): HTML parsing not performed for Content-Type "application/json" ("ParseHtmlContentType" Run-Time Setting is "TEXT"). URL="http://10.184.129.108/webapi/api/worklist/UpdateStatusByAccessionNumber"  	[MsgId: MMSG-26548]
Action.c(1477): web_custom_request("SetHoldingTime") was successful, 50 body bytes, 258 header bytes  	[MsgId: MMSG-26386]
Action.c(1487): Notify: Transaction "SetTheHoldingTime" ended with a "Pass" status (Duration: 0.2026 Wasted Time: 0.0000).	[MsgId: MMSG-16871]
The result is:  false	[MsgId: MMSG-17999]
Action.c(1493): Error: SetTheHoldingTime fail :A20180103174707156,false	[MsgId: MERR-17999]
End auto log messages stack.	[MsgId: MMSG-10544]


Start auto log messages stack - Iteration 31.	[MsgId: MMSG-10545]
Action.c(1470): web_reg_save_param started  	[MsgId: MMSG-26355]
Action.c(1470): Registering web_reg_save_param was successful  	[MsgId: MMSG-26390]
Action.c(1475): Notify: Transaction "SetTheHoldingTime" started.	[MsgId: MMSG-16999]
Action.c(1477): web_custom_request("SetHoldingTime") started  	[MsgId: MMSG-26355]
Action.c(1477): HTML parsing not performed for Content-Type "application/json" ("ParseHtmlContentType" Run-Time Setting is "TEXT"). URL="http://10.184.129.108/webapi/api/worklist/UpdateStatusByAccessionNumber"  	[MsgId: MMSG-26548]
Action.c(1477): web_custom_request("SetHoldingTime") was successful, 50 body bytes, 258 header bytes  	[MsgId: MMSG-26386]
Action.c(1487): Notify: Transaction "SetTheHoldingTime" ended with a "Pass" status (Duration: 0.3960 Wasted Time: 0.0000).	[MsgId: MMSG-16871]
The result is:  false	[MsgId: MMSG-17999]
Action.c(1493): Error: SetTheHoldingTime fail :A20171215100434920,false	[MsgId: MERR-17999]
End auto log messages stack.	[MsgId: MMSG-10544]


Start auto log messages stack - Iteration 30.	[MsgId: MMSG-10545]
Action.c(1470): web_reg_save_param started  	[MsgId: MMSG-26355]
Action.c(1470): Registering web_reg_save_param was successful  	[MsgId: MMSG-26390]
Action.c(1475): Notify: Transaction "SetTheHoldingTime" started.	[MsgId: MMSG-16999]
Action.c(1477): web_custom_request("SetHoldingTime") started  	[MsgId: MMSG-26355]
Action.c(1477): HTML parsing not performed for Content-Type "application/json" ("ParseHtmlContentType" Run-Time Setting is "TEXT"). URL="http://10.184.129.108/webapi/api/worklist/UpdateStatusByAccessionNumber"  	[MsgId: MMSG-26548]
Action.c(1477): web_custom_request("SetHoldingTime") was successful, 50 body bytes, 258 header bytes  	[MsgId: MMSG-26386]
Action.c(1487): Notify: Transaction "SetTheHoldingTime" ended with a "Pass" status (Duration: 0.4044 Wasted Time: 0.0000).	[MsgId: MMSG-16871]
The result is:  false	[MsgId: MMSG-17999]
Action.c(1493): Error: SetTheHoldingTime fail :A20180102132329810,false	[MsgId: MERR-17999]
End auto log messages stack.	[MsgId: MMSG-10544]


Start auto log messages stack - Iteration 31.	[MsgId: MMSG-10545]
Action.c(1470): web_reg_save_param started  	[MsgId: MMSG-26355]
Action.c(1470): Registering web_reg_save_param was successful  	[MsgId: MMSG-26390]
Action.c(1475): Notify: Transaction "SetTheHoldingTime" started.	[MsgId: MMSG-16999]
Action.c(1477): web_custom_request("SetHoldingTime") started  	[MsgId: MMSG-26355]
Action.c(1477): HTML parsing not performed for Content-Type "application/json" ("ParseHtmlContentType" Run-Time Setting is "TEXT"). URL="http://10.184.129.108/webapi/api/worklist/UpdateStatusByAccessionNumber"  	[MsgId: MMSG-26548]
Action.c(1477): web_custom_request("SetHoldingTime") was successful, 50 body bytes, 258 header bytes  	[MsgId: MMSG-26386]
Action.c(1487): Notify: Transaction "SetTheHoldingTime" ended with a "Pass" status (Duration: 0.1965 Wasted Time: 0.0000).	[MsgId: MMSG-16871]
The result is:  false	[MsgId: MMSG-17999]
Action.c(1493): Error: SetTheHoldingTime fail :A20180103172206563,false	[MsgId: MERR-17999]
End auto log messages stack.	[MsgId: MMSG-10544]


