Start auto log messages stack - Iteration 2.	[MsgId: MMSG-10545]
Action.c(758): Notify: Transaction "worklist_query_Lastweek" ended with a "Pass" status (Duration: 0.1015).	[MsgId: MMSG-16873]
Action.c(761): web_url("CheckLoginStatus") started  	[MsgId: MMSG-26355]
Action.c(761): HTML parsing not performed for Content-Type "application/json" ("ParseHtmlContentType" Run-Time Setting is "TEXT"). URL="http://10.184.129.108/Platform/Account/CheckLoginStatus"  	[MsgId: MMSG-26548]
Action.c(761): web_url("CheckLoginStatus") was successful, 4 body bytes, 251 header bytes  	[MsgId: MMSG-26386]
Action.c(769): lr_think_time: 5.00 seconds.	[MsgId: MMSG-15948]
The Time is 2017-12-04	[MsgId: MMSG-17999]
Action.c(774): Notify: Transaction "worklist_query_LastMonth" started.	[MsgId: MMSG-16999]
Action.c(776): web_custom_request("searchWorklist_6") started  	[MsgId: MMSG-26355]
Action.c(776): Continuing after Error -26609: HTTP Status-Code=503 (EntityCommandExecutionException) for "http://10.184.129.108/webapi/api/worklist/searchWorklist"  	[MsgId: MERR-26609]
End auto log messages stack.	[MsgId: MMSG-10544]


Start auto log messages stack - Iteration 2.	[MsgId: MMSG-10545]
Action.c(758): Notify: Transaction "worklist_query_Lastweek" ended with a "Pass" status (Duration: 2.1419).	[MsgId: MMSG-16873]
Action.c(761): web_url("CheckLoginStatus") started  	[MsgId: MMSG-26355]
Action.c(761): HTML parsing not performed for Content-Type "application/json" ("ParseHtmlContentType" Run-Time Setting is "TEXT"). URL="http://10.184.129.108/Platform/Account/CheckLoginStatus"  	[MsgId: MMSG-26548]
Action.c(761): web_url("CheckLoginStatus") was successful, 4 body bytes, 251 header bytes  	[MsgId: MMSG-26386]
Action.c(769): lr_think_time: 5.00 seconds.	[MsgId: MMSG-15948]
The Time is 2017-12-04	[MsgId: MMSG-17999]
Action.c(774): Notify: Transaction "worklist_query_LastMonth" started.	[MsgId: MMSG-16999]
Action.c(776): web_custom_request("searchWorklist_6") started  	[MsgId: MMSG-26355]
Action.c(776): Continuing after Error -26609: HTTP Status-Code=503 (EntityCommandExecutionException) for "http://10.184.129.108/webapi/api/worklist/searchWorklist"  	[MsgId: MERR-26609]
End auto log messages stack.	[MsgId: MMSG-10544]


Start auto log messages stack - Iteration 2.	[MsgId: MMSG-10545]
Start auto log messages stack - Iteration 2.	[MsgId: MMSG-10545]
Action.c(758): Notify: Transaction "worklist_query_Lastweek" ended with a "Pass" status (Duration: 2.3507).	[MsgId: MMSG-16873]
Action.c(761): web_url("CheckLoginStatus") started  	[MsgId: MMSG-26355]
Action.c(761): HTML parsing not performed for Content-Type "application/json" ("ParseHtmlContentType" Run-Time Setting is "TEXT"). URL="http://10.184.129.108/Platform/Account/CheckLoginStatus"  	[MsgId: MMSG-26548]
Action.c(761): web_url("CheckLoginStatus") was successful, 4 body bytes, 251 header bytes  	[MsgId: MMSG-26386]
Action.c(758): Notify: Transaction "worklist_query_Lastweek" ended with a "Pass" status (Duration: 2.1481).	[MsgId: MMSG-16873]
Action.c(761): web_url("CheckLoginStatus") started  	[MsgId: MMSG-26355]
Action.c(761): HTML parsing not performed for Content-Type "application/json" ("ParseHtmlContentType" Run-Time Setting is "TEXT"). URL="http://10.184.129.108/Platform/Account/CheckLoginStatus"  	[MsgId: MMSG-26548]
Action.c(761): web_url("CheckLoginStatus") was successful, 4 body bytes, 251 header bytes  	[MsgId: MMSG-26386]
Action.c(769): lr_think_time: 5.00 seconds.	[MsgId: MMSG-15948]
The Time is 2017-12-04	[MsgId: MMSG-17999]
Action.c(774): Notify: Transaction "worklist_query_LastMonth" started.	[MsgId: MMSG-16999]
Action.c(776): web_custom_request("searchWorklist_6") started  	[MsgId: MMSG-26355]
Action.c(776): Continuing after Error -26609: HTTP Status-Code=503 (EntityCommandExecutionException) for "http://10.184.129.108/webapi/api/worklist/searchWorklist"  	[MsgId: MERR-26609]
Action.c(769): lr_think_time: 5.00 seconds.	[MsgId: MMSG-15948]
The Time is 2017-12-04	[MsgId: MMSG-17999]
Action.c(774): Notify: Transaction "worklist_query_LastMonth" started.	[MsgId: MMSG-16999]
End auto log messages stack.	[MsgId: MMSG-10544]
Action.c(776): web_custom_request("searchWorklist_6") started  	[MsgId: MMSG-26355]


Action.c(776): Continuing after Error -26609: HTTP Status-Code=503 (EntityCommandExecutionException) for "http://10.184.129.108/webapi/api/worklist/searchWorklist"  	[MsgId: MERR-26609]
End auto log messages stack.	[MsgId: MMSG-10544]


Start auto log messages stack - Iteration 2.	[MsgId: MMSG-10545]
Action.c(728): Notify: Transaction "worklist_query_LastTwoToday" ended with a "Pass" status (Duration: 13.4664).	[MsgId: MMSG-16873]
Action.c(730): lr_think_time: 5.00 seconds.	[MsgId: MMSG-15948]
Action.c(732): web_url("CheckLoginStatus_22") started  	[MsgId: MMSG-26355]
Action.c(732): HTML parsing not performed for Content-Type "application/json" ("ParseHtmlContentType" Run-Time Setting is "TEXT"). URL="http://10.184.129.108/Platform/Account/CheckLoginStatus"  	[MsgId: MMSG-26548]
Action.c(732): web_url("CheckLoginStatus_22") was successful, 4 body bytes, 251 header bytes  	[MsgId: MMSG-26386]
The Time is 2017-12-28	[MsgId: MMSG-17999]
Action.c(743): lr_think_time: 5.00 seconds.	[MsgId: MMSG-15948]
Action.c(745): Notify: Transaction "worklist_query_Lastweek" started.	[MsgId: MMSG-16999]
Action.c(747): web_custom_request("searchWorklist_5") started  	[MsgId: MMSG-26355]
Action.c(747): Continuing after Error -26609: HTTP Status-Code=503 (EntityCommandExecutionException) for "http://10.184.129.108/webapi/api/worklist/searchWorklist"  	[MsgId: MERR-26609]
End auto log messages stack.	[MsgId: MMSG-10544]


Start auto log messages stack - Iteration 2.	[MsgId: MMSG-10545]
Action.c(988): web_reg_save_param started  	[MsgId: MMSG-26355]
Action.c(988): Registering web_reg_save_param was successful  	[MsgId: MMSG-26390]
Action.c(992): Notify: Transaction "SetStatusOfReportWithoutExpand_printed" started.	[MsgId: MMSG-16999]
Action.c(994): web_custom_request("web_custom_request") started  	[MsgId: MMSG-26355]
Action.c(994): HTML parsing not performed for Content-Type "application/json" ("ParseHtmlContentType" Run-Time Setting is "TEXT"). URL="http://10.184.129.108/webapi/api/worklist/UpdateStatusByStudyInstanceUID"  	[MsgId: MMSG-26548]
Action.c(994): web_custom_request("web_custom_request") was successful, 304 body bytes, 259 header bytes  	[MsgId: MMSG-26386]
Action.c(1004): Notify: Transaction "SetStatusOfReportWithoutExpand_printed" ended with a "Pass" status (Duration: 15.0377 Wasted Time: 0.0000).	[MsgId: MMSG-16871]
The result is:  false	[MsgId: MMSG-17999]
Action.c(1010): Error: SetStatusOfReportWithoutExpand_printed fail	[MsgId: MERR-17999]
End auto log messages stack.	[MsgId: MMSG-10544]


