Start auto log messages stack - Iteration 1.	[MsgId: MMSG-10545]
Start auto log messages stack - Iteration 1.	[MsgId: MMSG-10545]
Action.c(394): web_url("CheckLoginStatus_6") was successful, 4 body bytes, 251 header bytes  	[MsgId: MMSG-26386]
Action.c(394): web_url("CheckLoginStatus_6") was successful, 4 body bytes, 251 header bytes  	[MsgId: MMSG-26386]
Action.c(402): web_url("CheckLoginStatus_7") started  	[MsgId: MMSG-26355]
Action.c(402): web_url("CheckLoginStatus_7") started  	[MsgId: MMSG-26355]
Action.c(402): HTML parsing not performed for Content-Type "application/json" ("ParseHtmlContentType" Run-Time Setting is "TEXT"). URL="http://10.184.129.171/Platform/Account/CheckLoginStatus"  	[MsgId: MMSG-26548]
Action.c(402): HTML parsing not performed for Content-Type "application/json" ("ParseHtmlContentType" Run-Time Setting is "TEXT"). URL="http://10.184.129.171/Platform/Account/CheckLoginStatus"  	[MsgId: MMSG-26548]
Action.c(402): web_url("CheckLoginStatus_7") was successful, 4 body bytes, 251 header bytes  	[MsgId: MMSG-26386]
Action.c(402): web_url("CheckLoginStatus_7") was successful, 4 body bytes, 251 header bytes  	[MsgId: MMSG-26386]
Action.c(424): Notify: Transaction "Reconlication_Film_all" ended with a "Pass" status (Duration: 0.0338).	[MsgId: MMSG-16873]
Action.c(424): Notify: Transaction "Reconlication_Film_all" ended with a "Pass" status (Duration: 0.0275).	[MsgId: MMSG-16873]
Action.c(428): Notify: Transaction "reconlication_report_all" started.	[MsgId: MMSG-16999]
Action.c(428): Notify: Transaction "reconlication_report_all" started.	[MsgId: MMSG-16999]
Action.c(430): web_url("getUnmatchReports") started  	[MsgId: MMSG-26355]
Action.c(430): web_url("getUnmatchReports") started  	[MsgId: MMSG-26355]
Action.c(430): Continuing after Error -26612: HTTP Status-Code=500 (EntityCommandExecutionException) for "http://10.184.129.171/webapi/api/reconciliation/getUnmatchReports?days=-1"  	[MsgId: MERR-26612]
Action.c(430): Continuing after Error -26612: HTTP Status-Code=500 (EntityCommandExecutionException) for "http://10.184.129.171/webapi/api/reconciliation/getUnmatchReports?days=-1"  	[MsgId: MERR-26612]
End auto log messages stack.	[MsgId: MMSG-10544]
End auto log messages stack.	[MsgId: MMSG-10544]




Start auto log messages stack - Iteration 2.	[MsgId: MMSG-10545]
Start auto log messages stack - Iteration 2.	[MsgId: MMSG-10545]
Action.c(394): web_url("CheckLoginStatus_6") was successful, 4 body bytes, 251 header bytes  	[MsgId: MMSG-26386]
Action.c(394): web_url("CheckLoginStatus_6") was successful, 4 body bytes, 251 header bytes  	[MsgId: MMSG-26386]
Action.c(402): web_url("CheckLoginStatus_7") started  	[MsgId: MMSG-26355]
Action.c(402): web_url("CheckLoginStatus_7") started  	[MsgId: MMSG-26355]
Action.c(402): HTML parsing not performed for Content-Type "application/json" ("ParseHtmlContentType" Run-Time Setting is "TEXT"). URL="http://10.184.129.171/Platform/Account/CheckLoginStatus"  	[MsgId: MMSG-26548]
Action.c(402): HTML parsing not performed for Content-Type "application/json" ("ParseHtmlContentType" Run-Time Setting is "TEXT"). URL="http://10.184.129.171/Platform/Account/CheckLoginStatus"  	[MsgId: MMSG-26548]
Action.c(402): web_url("CheckLoginStatus_7") was successful, 4 body bytes, 251 header bytes  	[MsgId: MMSG-26386]
Action.c(402): web_url("CheckLoginStatus_7") was successful, 4 body bytes, 251 header bytes  	[MsgId: MMSG-26386]
Action.c(424): Notify: Transaction "Reconlication_Film_all" ended with a "Pass" status (Duration: 0.0316).	[MsgId: MMSG-16873]
Action.c(424): Notify: Transaction "Reconlication_Film_all" ended with a "Pass" status (Duration: 0.0355).	[MsgId: MMSG-16873]
Action.c(428): Notify: Transaction "reconlication_report_all" started.	[MsgId: MMSG-16999]
Action.c(430): web_url("getUnmatchReports") started  	[MsgId: MMSG-26355]
Action.c(430): Continuing after Error -26612: HTTP Status-Code=500 (EntityCommandExecutionException) for "http://10.184.129.171/webapi/api/reconciliation/getUnmatchReports?days=-1"  	[MsgId: MERR-26612]
Action.c(428): Notify: Transaction "reconlication_report_all" started.	[MsgId: MMSG-16999]
Action.c(430): web_url("getUnmatchReports") started  	[MsgId: MMSG-26355]
Action.c(430): Continuing after Error -26612: HTTP Status-Code=500 (EntityCommandExecutionException) for "http://10.184.129.171/webapi/api/reconciliation/getUnmatchReports?days=-1"  	[MsgId: MERR-26612]
End auto log messages stack.	[MsgId: MMSG-10544]


End auto log messages stack.	[MsgId: MMSG-10544]


Start auto log messages stack - Iteration 2.	[MsgId: MMSG-10545]
Action.c(394): web_url("CheckLoginStatus_6") was successful, 4 body bytes, 251 header bytes  	[MsgId: MMSG-26386]
Action.c(402): web_url("CheckLoginStatus_7") started  	[MsgId: MMSG-26355]
Action.c(402): HTML parsing not performed for Content-Type "application/json" ("ParseHtmlContentType" Run-Time Setting is "TEXT"). URL="http://10.184.129.171/Platform/Account/CheckLoginStatus"  	[MsgId: MMSG-26548]
Action.c(402): web_url("CheckLoginStatus_7") was successful, 4 body bytes, 251 header bytes  	[MsgId: MMSG-26386]
Action.c(424): Notify: Transaction "Reconlication_Film_all" ended with a "Pass" status (Duration: 0.0615).	[MsgId: MMSG-16873]
Action.c(428): Notify: Transaction "reconlication_report_all" started.	[MsgId: MMSG-16999]
Action.c(430): web_url("getUnmatchReports") started  	[MsgId: MMSG-26355]
Action.c(430): Continuing after Error -26612: HTTP Status-Code=500 (EntityCommandExecutionException) for "http://10.184.129.171/webapi/api/reconciliation/getUnmatchReports?days=-1"  	[MsgId: MERR-26612]
End auto log messages stack.	[MsgId: MMSG-10544]


Start auto log messages stack - Iteration 2.	[MsgId: MMSG-10545]
Action.c(394): web_url("CheckLoginStatus_6") was successful, 4 body bytes, 251 header bytes  	[MsgId: MMSG-26386]
Action.c(402): web_url("CheckLoginStatus_7") started  	[MsgId: MMSG-26355]
Action.c(402): HTML parsing not performed for Content-Type "application/json" ("ParseHtmlContentType" Run-Time Setting is "TEXT"). URL="http://10.184.129.171/Platform/Account/CheckLoginStatus"  	[MsgId: MMSG-26548]
Action.c(402): web_url("CheckLoginStatus_7") was successful, 4 body bytes, 251 header bytes  	[MsgId: MMSG-26386]
Action.c(424): Notify: Transaction "Reconlication_Film_all" ended with a "Pass" status (Duration: 0.0519).	[MsgId: MMSG-16873]
Action.c(428): Notify: Transaction "reconlication_report_all" started.	[MsgId: MMSG-16999]
Action.c(430): web_url("getUnmatchReports") started  	[MsgId: MMSG-26355]
Action.c(430): Continuing after Error -26612: HTTP Status-Code=500 (EntityCommandExecutionException) for "http://10.184.129.171/webapi/api/reconciliation/getUnmatchReports?days=-1"  	[MsgId: MERR-26612]
End auto log messages stack.	[MsgId: MMSG-10544]


Start auto log messages stack - Iteration 2.	[MsgId: MMSG-10545]
Start auto log messages stack - Iteration 2.	[MsgId: MMSG-10545]
Action.c(394): web_url("CheckLoginStatus_6") was successful, 4 body bytes, 251 header bytes  	[MsgId: MMSG-26386]
Action.c(402): web_url("CheckLoginStatus_7") started  	[MsgId: MMSG-26355]
Action.c(402): HTML parsing not performed for Content-Type "application/json" ("ParseHtmlContentType" Run-Time Setting is "TEXT"). URL="http://10.184.129.171/Platform/Account/CheckLoginStatus"  	[MsgId: MMSG-26548]
Action.c(402): web_url("CheckLoginStatus_7") was successful, 4 body bytes, 251 header bytes  	[MsgId: MMSG-26386]
Action.c(424): Notify: Transaction "Reconlication_Film_all" ended with a "Pass" status (Duration: 0.0333).	[MsgId: MMSG-16873]
Start auto log messages stack - Iteration 2.	[MsgId: MMSG-10545]
Action.c(394): web_url("CheckLoginStatus_6") was successful, 4 body bytes, 251 header bytes  	[MsgId: MMSG-26386]
Action.c(402): web_url("CheckLoginStatus_7") started  	[MsgId: MMSG-26355]
Action.c(402): HTML parsing not performed for Content-Type "application/json" ("ParseHtmlContentType" Run-Time Setting is "TEXT"). URL="http://10.184.129.171/Platform/Account/CheckLoginStatus"  	[MsgId: MMSG-26548]
Action.c(402): web_url("CheckLoginStatus_7") was successful, 4 body bytes, 251 header bytes  	[MsgId: MMSG-26386]
Action.c(424): Notify: Transaction "Reconlication_Film_all" ended with a "Pass" status (Duration: 0.0307).	[MsgId: MMSG-16873]
Action.c(394): web_url("CheckLoginStatus_6") was successful, 4 body bytes, 251 header bytes  	[MsgId: MMSG-26386]
Action.c(428): Notify: Transaction "reconlication_report_all" started.	[MsgId: MMSG-16999]
Action.c(402): web_url("CheckLoginStatus_7") started  	[MsgId: MMSG-26355]
Action.c(430): web_url("getUnmatchReports") started  	[MsgId: MMSG-26355]
Action.c(402): HTML parsing not performed for Content-Type "application/json" ("ParseHtmlContentType" Run-Time Setting is "TEXT"). URL="http://10.184.129.171/Platform/Account/CheckLoginStatus"  	[MsgId: MMSG-26548]
Action.c(430): Continuing after Error -26612: HTTP Status-Code=500 (EntityCommandExecutionException) for "http://10.184.129.171/webapi/api/reconciliation/getUnmatchReports?days=-1"  	[MsgId: MERR-26612]
Action.c(402): web_url("CheckLoginStatus_7") was successful, 4 body bytes, 251 header bytes  	[MsgId: MMSG-26386]
Action.c(424): Notify: Transaction "Reconlication_Film_all" ended with a "Pass" status (Duration: 0.0490).	[MsgId: MMSG-16873]
Action.c(428): Notify: Transaction "reconlication_report_all" started.	[MsgId: MMSG-16999]
Action.c(430): web_url("getUnmatchReports") started  	[MsgId: MMSG-26355]
Action.c(430): Continuing after Error -26612: HTTP Status-Code=500 (EntityCommandExecutionException) for "http://10.184.129.171/webapi/api/reconciliation/getUnmatchReports?days=-1"  	[MsgId: MERR-26612]
End auto log messages stack.	[MsgId: MMSG-10544]


Action.c(428): Notify: Transaction "reconlication_report_all" started.	[MsgId: MMSG-16999]
Action.c(430): web_url("getUnmatchReports") started  	[MsgId: MMSG-26355]
Action.c(430): Continuing after Error -26612: HTTP Status-Code=500 (EntityCommandExecutionException) for "http://10.184.129.171/webapi/api/reconciliation/getUnmatchReports?days=-1"  	[MsgId: MERR-26612]
End auto log messages stack.	[MsgId: MMSG-10544]


End auto log messages stack.	[MsgId: MMSG-10544]


Start auto log messages stack - Iteration 2.	[MsgId: MMSG-10545]
Action.c(394): web_url("CheckLoginStatus_6") was successful, 4 body bytes, 251 header bytes  	[MsgId: MMSG-26386]
Action.c(402): web_url("CheckLoginStatus_7") started  	[MsgId: MMSG-26355]
Action.c(402): HTML parsing not performed for Content-Type "application/json" ("ParseHtmlContentType" Run-Time Setting is "TEXT"). URL="http://10.184.129.171/Platform/Account/CheckLoginStatus"  	[MsgId: MMSG-26548]
Action.c(402): web_url("CheckLoginStatus_7") was successful, 4 body bytes, 251 header bytes  	[MsgId: MMSG-26386]
Action.c(424): Notify: Transaction "Reconlication_Film_all" ended with a "Pass" status (Duration: 0.0273).	[MsgId: MMSG-16873]
Action.c(428): Notify: Transaction "reconlication_report_all" started.	[MsgId: MMSG-16999]
Action.c(430): web_url("getUnmatchReports") started  	[MsgId: MMSG-26355]
Action.c(430): Continuing after Error -26612: HTTP Status-Code=500 (EntityCommandExecutionException) for "http://10.184.129.171/webapi/api/reconciliation/getUnmatchReports?days=-1"  	[MsgId: MERR-26612]
End auto log messages stack.	[MsgId: MMSG-10544]


Start auto log messages stack - Iteration 1.	[MsgId: MMSG-10545]
Start auto log messages stack - Iteration 1.	[MsgId: MMSG-10545]
Action.c(777): Notify: Transaction "worklist_query_ACC" ended with a "Pass" status (Duration: 0.0250).	[MsgId: MMSG-16873]
Action.c(777): Notify: Transaction "worklist_query_ACC" ended with a "Pass" status (Duration: 0.0151).	[MsgId: MMSG-16873]
Action.c(779): Notify: Transaction "ExpandFilmRecord" started.	[MsgId: MMSG-16999]
Action.c(779): Notify: Transaction "ExpandFilmRecord" started.	[MsgId: MMSG-16999]
Action.c(781): web_custom_request("web_custom_request") started  	[MsgId: MMSG-26355]
Action.c(781): web_custom_request("web_custom_request") started  	[MsgId: MMSG-26355]
Action.c(781): HTML parsing not performed for Content-Type "application/json" ("ParseHtmlContentType" Run-Time Setting is "TEXT"). URL="http://10.184.129.171/webapi/api/worklist/filmInfo?accessionNumber=A20170702094736"  	[MsgId: MMSG-26548]
Action.c(781): HTML parsing not performed for Content-Type "application/json" ("ParseHtmlContentType" Run-Time Setting is "TEXT"). URL="http://10.184.129.171/webapi/api/worklist/filmInfo?accessionNumber=A20170702075409"  	[MsgId: MMSG-26548]
Action.c(781): web_custom_request("web_custom_request") was successful, 2 body bytes, 257 header bytes  	[MsgId: MMSG-26386]
Action.c(781): web_custom_request("web_custom_request") was successful, 2 body bytes, 257 header bytes  	[MsgId: MMSG-26386]
Action.c(790): Notify: Transaction "ExpandFilmRecord" ended with a "Pass" status (Duration: 24.3886).	[MsgId: MMSG-16873]
Action.c(790): Notify: Transaction "ExpandFilmRecord" ended with a "Pass" status (Duration: 24.3805).	[MsgId: MMSG-16873]
Action.c(792): lr_think_time: 5.00 seconds.	[MsgId: MMSG-15948]
Action.c(792): lr_think_time: 5.00 seconds.	[MsgId: MMSG-15948]
Action.c(795): Notify: Transaction "ExpandFilmRecord" started.	[MsgId: MMSG-16999]
Action.c(795): Notify: Transaction "ExpandFilmRecord" started.	[MsgId: MMSG-16999]
Action.c(797): web_custom_request("web_custom_request") started  	[MsgId: MMSG-26355]
Action.c(797): web_custom_request("web_custom_request") started  	[MsgId: MMSG-26355]
Action.c(797): Continuing after Error -26612: HTTP Status-Code=500 (EntityCommandExecutionException) for "http://10.184.129.171/webapi/api/worklist/reportInfo?accessionNumber=A20170702094736"  	[MsgId: MERR-26612]
Action.c(797): Continuing after Error -26612: HTTP Status-Code=500 (EntityCommandExecutionException) for "http://10.184.129.171/webapi/api/worklist/reportInfo?accessionNumber=A20170702075409"  	[MsgId: MERR-26612]
End auto log messages stack.	[MsgId: MMSG-10544]
End auto log messages stack.	[MsgId: MMSG-10544]




Start auto log messages stack - Iteration 2.	[MsgId: MMSG-10545]
Start auto log messages stack - Iteration 2.	[MsgId: MMSG-10545]
Action.c(394): web_url("CheckLoginStatus_6") was successful, 4 body bytes, 251 header bytes  	[MsgId: MMSG-26386]
Action.c(394): web_url("CheckLoginStatus_6") was successful, 4 body bytes, 251 header bytes  	[MsgId: MMSG-26386]
Action.c(402): web_url("CheckLoginStatus_7") started  	[MsgId: MMSG-26355]
Action.c(402): web_url("CheckLoginStatus_7") started  	[MsgId: MMSG-26355]
Action.c(402): HTML parsing not performed for Content-Type "application/json" ("ParseHtmlContentType" Run-Time Setting is "TEXT"). URL="http://10.184.129.171/Platform/Account/CheckLoginStatus"  	[MsgId: MMSG-26548]
Action.c(402): HTML parsing not performed for Content-Type "application/json" ("ParseHtmlContentType" Run-Time Setting is "TEXT"). URL="http://10.184.129.171/Platform/Account/CheckLoginStatus"  	[MsgId: MMSG-26548]
Action.c(402): web_url("CheckLoginStatus_7") was successful, 4 body bytes, 251 header bytes  	[MsgId: MMSG-26386]
Action.c(402): web_url("CheckLoginStatus_7") was successful, 4 body bytes, 251 header bytes  	[MsgId: MMSG-26386]
Action.c(424): Notify: Transaction "Reconlication_Film_all" ended with a "Pass" status (Duration: 0.0247).	[MsgId: MMSG-16873]
Action.c(424): Notify: Transaction "Reconlication_Film_all" ended with a "Pass" status (Duration: 0.0243).	[MsgId: MMSG-16873]
Action.c(428): Notify: Transaction "reconlication_report_all" started.	[MsgId: MMSG-16999]
Action.c(428): Notify: Transaction "reconlication_report_all" started.	[MsgId: MMSG-16999]
Action.c(430): web_url("getUnmatchReports") started  	[MsgId: MMSG-26355]
Action.c(430): web_url("getUnmatchReports") started  	[MsgId: MMSG-26355]
Action.c(430): Continuing after Error -26612: HTTP Status-Code=500 (EntityCommandExecutionException) for "http://10.184.129.171/webapi/api/reconciliation/getUnmatchReports?days=-1"  	[MsgId: MERR-26612]
Action.c(430): Continuing after Error -26612: HTTP Status-Code=500 (EntityCommandExecutionException) for "http://10.184.129.171/webapi/api/reconciliation/getUnmatchReports?days=-1"  	[MsgId: MERR-26612]
End auto log messages stack.	[MsgId: MMSG-10544]
End auto log messages stack.	[MsgId: MMSG-10544]




Start auto log messages stack - Iteration 2.	[MsgId: MMSG-10545]
Start auto log messages stack - Iteration 2.	[MsgId: MMSG-10545]
Action.c(777): Notify: Transaction "worklist_query_ACC" ended with a "Pass" status (Duration: 0.0318).	[MsgId: MMSG-16873]
Action.c(777): Notify: Transaction "worklist_query_ACC" ended with a "Pass" status (Duration: 0.0313).	[MsgId: MMSG-16873]
Action.c(779): Notify: Transaction "ExpandFilmRecord" started.	[MsgId: MMSG-16999]
Action.c(779): Notify: Transaction "ExpandFilmRecord" started.	[MsgId: MMSG-16999]
Action.c(781): web_custom_request("web_custom_request") started  	[MsgId: MMSG-26355]
Action.c(781): web_custom_request("web_custom_request") started  	[MsgId: MMSG-26355]
Action.c(781): HTML parsing not performed for Content-Type "application/json" ("ParseHtmlContentType" Run-Time Setting is "TEXT"). URL="http://10.184.129.171/webapi/api/worklist/filmInfo?accessionNumber=A20170702094648"  	[MsgId: MMSG-26548]
Action.c(781): HTML parsing not performed for Content-Type "application/json" ("ParseHtmlContentType" Run-Time Setting is "TEXT"). URL="http://10.184.129.171/webapi/api/worklist/filmInfo?accessionNumber=A20170702105935"  	[MsgId: MMSG-26548]
Action.c(781): web_custom_request("web_custom_request") was successful, 2 body bytes, 257 header bytes  	[MsgId: MMSG-26386]
Action.c(781): web_custom_request("web_custom_request") was successful, 2 body bytes, 257 header bytes  	[MsgId: MMSG-26386]
Action.c(790): Notify: Transaction "ExpandFilmRecord" ended with a "Pass" status (Duration: 11.4210).	[MsgId: MMSG-16873]
Action.c(790): Notify: Transaction "ExpandFilmRecord" ended with a "Pass" status (Duration: 11.4191).	[MsgId: MMSG-16873]
Action.c(792): lr_think_time: 5.00 seconds.	[MsgId: MMSG-15948]
Action.c(792): lr_think_time: 5.00 seconds.	[MsgId: MMSG-15948]
Action.c(795): Notify: Transaction "ExpandFilmRecord" started.	[MsgId: MMSG-16999]
Action.c(795): Notify: Transaction "ExpandFilmRecord" started.	[MsgId: MMSG-16999]
Action.c(797): web_custom_request("web_custom_request") started  	[MsgId: MMSG-26355]
Action.c(797): web_custom_request("web_custom_request") started  	[MsgId: MMSG-26355]
Action.c(797): Continuing after Error -26612: HTTP Status-Code=500 (EntityCommandExecutionException) for "http://10.184.129.171/webapi/api/worklist/reportInfo?accessionNumber=A20170702094648"  	[MsgId: MERR-26612]
Action.c(797): Continuing after Error -26612: HTTP Status-Code=500 (EntityCommandExecutionException) for "http://10.184.129.171/webapi/api/worklist/reportInfo?accessionNumber=A20170702105935"  	[MsgId: MERR-26612]
End auto log messages stack.	[MsgId: MMSG-10544]
End auto log messages stack.	[MsgId: MMSG-10544]




Start auto log messages stack - Iteration 2.	[MsgId: MMSG-10545]
Start auto log messages stack - Iteration 2.	[MsgId: MMSG-10545]
Action.c(777): Notify: Transaction "worklist_query_ACC" ended with a "Pass" status (Duration: 0.0309).	[MsgId: MMSG-16873]
Action.c(777): Notify: Transaction "worklist_query_ACC" ended with a "Pass" status (Duration: 0.0519).	[MsgId: MMSG-16873]
Action.c(779): Notify: Transaction "ExpandFilmRecord" started.	[MsgId: MMSG-16999]
Action.c(779): Notify: Transaction "ExpandFilmRecord" started.	[MsgId: MMSG-16999]
Action.c(781): web_custom_request("web_custom_request") started  	[MsgId: MMSG-26355]
Action.c(781): web_custom_request("web_custom_request") started  	[MsgId: MMSG-26355]
Action.c(781): HTML parsing not performed for Content-Type "application/json" ("ParseHtmlContentType" Run-Time Setting is "TEXT"). URL="http://10.184.129.171/webapi/api/worklist/filmInfo?accessionNumber=A20170702084300"  	[MsgId: MMSG-26548]
Action.c(781): HTML parsing not performed for Content-Type "application/json" ("ParseHtmlContentType" Run-Time Setting is "TEXT"). URL="http://10.184.129.171/webapi/api/worklist/filmInfo?accessionNumber=A20170702071353"  	[MsgId: MMSG-26548]
Action.c(781): web_custom_request("web_custom_request") was successful, 2 body bytes, 257 header bytes  	[MsgId: MMSG-26386]
Action.c(781): web_custom_request("web_custom_request") was successful, 2 body bytes, 257 header bytes  	[MsgId: MMSG-26386]
Action.c(790): Notify: Transaction "ExpandFilmRecord" ended with a "Pass" status (Duration: 11.4245).	[MsgId: MMSG-16873]
Action.c(790): Notify: Transaction "ExpandFilmRecord" ended with a "Pass" status (Duration: 11.4009).	[MsgId: MMSG-16873]
Action.c(792): lr_think_time: 5.00 seconds.	[MsgId: MMSG-15948]
Action.c(792): lr_think_time: 5.00 seconds.	[MsgId: MMSG-15948]
Action.c(795): Notify: Transaction "ExpandFilmRecord" started.	[MsgId: MMSG-16999]
Action.c(795): Notify: Transaction "ExpandFilmRecord" started.	[MsgId: MMSG-16999]
Action.c(797): web_custom_request("web_custom_request") started  	[MsgId: MMSG-26355]
Action.c(797): web_custom_request("web_custom_request") started  	[MsgId: MMSG-26355]
Action.c(797): Continuing after Error -26612: HTTP Status-Code=500 (EntityCommandExecutionException) for "http://10.184.129.171/webapi/api/worklist/reportInfo?accessionNumber=A20170702084300"  	[MsgId: MERR-26612]
Action.c(797): Continuing after Error -26612: HTTP Status-Code=500 (EntityCommandExecutionException) for "http://10.184.129.171/webapi/api/worklist/reportInfo?accessionNumber=A20170702071353"  	[MsgId: MERR-26612]
End auto log messages stack.	[MsgId: MMSG-10544]
End auto log messages stack.	[MsgId: MMSG-10544]




Start auto log messages stack - Iteration 2.	[MsgId: MMSG-10545]
Start auto log messages stack - Iteration 2.	[MsgId: MMSG-10545]
Action.c(777): Notify: Transaction "worklist_query_ACC" ended with a "Pass" status (Duration: 0.0333).	[MsgId: MMSG-16873]
Action.c(777): Notify: Transaction "worklist_query_ACC" ended with a "Pass" status (Duration: 0.0283).	[MsgId: MMSG-16873]
Action.c(779): Notify: Transaction "ExpandFilmRecord" started.	[MsgId: MMSG-16999]
Action.c(779): Notify: Transaction "ExpandFilmRecord" started.	[MsgId: MMSG-16999]
Action.c(781): web_custom_request("web_custom_request") started  	[MsgId: MMSG-26355]
Action.c(781): web_custom_request("web_custom_request") started  	[MsgId: MMSG-26355]
Action.c(781): HTML parsing not performed for Content-Type "application/json" ("ParseHtmlContentType" Run-Time Setting is "TEXT"). URL="http://10.184.129.171/webapi/api/worklist/filmInfo?accessionNumber=A20170702101030"  	[MsgId: MMSG-26548]
Action.c(781): HTML parsing not performed for Content-Type "application/json" ("ParseHtmlContentType" Run-Time Setting is "TEXT"). URL="http://10.184.129.171/webapi/api/worklist/filmInfo?accessionNumber=A20170702102135"  	[MsgId: MMSG-26548]
Action.c(781): web_custom_request("web_custom_request") was successful, 2 body bytes, 257 header bytes  	[MsgId: MMSG-26386]
Action.c(781): web_custom_request("web_custom_request") was successful, 2 body bytes, 257 header bytes  	[MsgId: MMSG-26386]
Action.c(790): Notify: Transaction "ExpandFilmRecord" ended with a "Pass" status (Duration: 11.4233).	[MsgId: MMSG-16873]
Action.c(790): Notify: Transaction "ExpandFilmRecord" ended with a "Pass" status (Duration: 11.4246).	[MsgId: MMSG-16873]
Action.c(792): lr_think_time: 5.00 seconds.	[MsgId: MMSG-15948]
Action.c(792): lr_think_time: 5.00 seconds.	[MsgId: MMSG-15948]
Action.c(795): Notify: Transaction "ExpandFilmRecord" started.	[MsgId: MMSG-16999]
Action.c(795): Notify: Transaction "ExpandFilmRecord" started.	[MsgId: MMSG-16999]
Action.c(797): web_custom_request("web_custom_request") started  	[MsgId: MMSG-26355]
Action.c(797): web_custom_request("web_custom_request") started  	[MsgId: MMSG-26355]
Action.c(797): Continuing after Error -26612: HTTP Status-Code=500 (EntityCommandExecutionException) for "http://10.184.129.171/webapi/api/worklist/reportInfo?accessionNumber=A20170702101030"  	[MsgId: MERR-26612]
Action.c(797): Continuing after Error -26612: HTTP Status-Code=500 (EntityCommandExecutionException) for "http://10.184.129.171/webapi/api/worklist/reportInfo?accessionNumber=A20170702102135"  	[MsgId: MERR-26612]
Start auto log messages stack - Iteration 2.	[MsgId: MMSG-10545]
End auto log messages stack.	[MsgId: MMSG-10544]


Action.c(777): Notify: Transaction "worklist_query_ACC" ended with a "Pass" status (Duration: 0.0519).	[MsgId: MMSG-16873]
End auto log messages stack.	[MsgId: MMSG-10544]
Action.c(779): Notify: Transaction "ExpandFilmRecord" started.	[MsgId: MMSG-16999]


Action.c(781): web_custom_request("web_custom_request") started  	[MsgId: MMSG-26355]
Action.c(781): HTML parsing not performed for Content-Type "application/json" ("ParseHtmlContentType" Run-Time Setting is "TEXT"). URL="http://10.184.129.171/webapi/api/worklist/filmInfo?accessionNumber=A20170702094915"  	[MsgId: MMSG-26548]
Action.c(781): web_custom_request("web_custom_request") was successful, 2 body bytes, 257 header bytes  	[MsgId: MMSG-26386]
Action.c(790): Notify: Transaction "ExpandFilmRecord" ended with a "Pass" status (Duration: 11.4043).	[MsgId: MMSG-16873]
Action.c(792): lr_think_time: 5.00 seconds.	[MsgId: MMSG-15948]
Action.c(795): Notify: Transaction "ExpandFilmRecord" started.	[MsgId: MMSG-16999]
Action.c(797): web_custom_request("web_custom_request") started  	[MsgId: MMSG-26355]
Action.c(797): Continuing after Error -26612: HTTP Status-Code=500 (EntityCommandExecutionException) for "http://10.184.129.171/webapi/api/worklist/reportInfo?accessionNumber=A20170702094915"  	[MsgId: MERR-26612]
End auto log messages stack.	[MsgId: MMSG-10544]


Start auto log messages stack - Iteration 2.	[MsgId: MMSG-10545]
Action.c(777): Notify: Transaction "worklist_query_ACC" ended with a "Pass" status (Duration: 0.0318).	[MsgId: MMSG-16873]
Action.c(779): Notify: Transaction "ExpandFilmRecord" started.	[MsgId: MMSG-16999]
Action.c(781): web_custom_request("web_custom_request") started  	[MsgId: MMSG-26355]
Action.c(781): HTML parsing not performed for Content-Type "application/json" ("ParseHtmlContentType" Run-Time Setting is "TEXT"). URL="http://10.184.129.171/webapi/api/worklist/filmInfo?accessionNumber=A20170702110408"  	[MsgId: MMSG-26548]
Action.c(781): web_custom_request("web_custom_request") was successful, 2 body bytes, 257 header bytes  	[MsgId: MMSG-26386]
Action.c(790): Notify: Transaction "ExpandFilmRecord" ended with a "Pass" status (Duration: 11.4244).	[MsgId: MMSG-16873]
Action.c(792): lr_think_time: 5.00 seconds.	[MsgId: MMSG-15948]
Action.c(795): Notify: Transaction "ExpandFilmRecord" started.	[MsgId: MMSG-16999]
Action.c(797): web_custom_request("web_custom_request") started  	[MsgId: MMSG-26355]
Action.c(797): Continuing after Error -26612: HTTP Status-Code=500 (EntityCommandExecutionException) for "http://10.184.129.171/webapi/api/worklist/reportInfo?accessionNumber=A20170702110408"  	[MsgId: MERR-26612]
End auto log messages stack.	[MsgId: MMSG-10544]


