Start auto log messages stack - Iteration 1.	[MsgId: MMSG-10545]
Action.c(728): Notify: Transaction "worklist_query_Lastweek" ended with a "Pass" status (Duration: 0.3025).	[MsgId: MMSG-16873]
The Time is 2017-09-17	[MsgId: MMSG-17999]
Action.c(734): web_url("CheckLoginStatus") started  	[MsgId: MMSG-26355]
Action.c(734): HTML parsing not performed for Content-Type "application/json" ("ParseHtmlContentType" Run-Time Setting is "TEXT"). URL="http://10.184.129.171/Platform/Account/CheckLoginStatus"  	[MsgId: MMSG-26548]
Action.c(734): web_url("CheckLoginStatus") was successful, 4 body bytes, 251 header bytes  	[MsgId: MMSG-26386]
Action.c(742): lr_think_time: 5.00 seconds.	[MsgId: MMSG-15948]
Action.c(744): Notify: Transaction "worklist_query_LastMonth" started.	[MsgId: MMSG-16999]
Action.c(746): web_custom_request("searchWorklist_6") started  	[MsgId: MMSG-26355]
Action.c(746): Continuing after Error -26612: HTTP Status-Code=500 (EntityCommandExecutionException) for "http://10.184.129.171/webapi/api/worklist/searchWorklist"  	[MsgId: MERR-26612]
End auto log messages stack.	[MsgId: MMSG-10544]


Start auto log messages stack - Iteration 1.	[MsgId: MMSG-10545]
Action.c(728): Notify: Transaction "worklist_query_Lastweek" ended with a "Pass" status (Duration: 0.3220).	[MsgId: MMSG-16873]
The Time is 2017-09-17	[MsgId: MMSG-17999]
Action.c(734): web_url("CheckLoginStatus") started  	[MsgId: MMSG-26355]
Action.c(734): HTML parsing not performed for Content-Type "application/json" ("ParseHtmlContentType" Run-Time Setting is "TEXT"). URL="http://10.184.129.171/Platform/Account/CheckLoginStatus"  	[MsgId: MMSG-26548]
Action.c(734): web_url("CheckLoginStatus") was successful, 4 body bytes, 251 header bytes  	[MsgId: MMSG-26386]
Action.c(742): lr_think_time: 5.00 seconds.	[MsgId: MMSG-15948]
Action.c(744): Notify: Transaction "worklist_query_LastMonth" started.	[MsgId: MMSG-16999]
Action.c(746): web_custom_request("searchWorklist_6") started  	[MsgId: MMSG-26355]
Action.c(746): Continuing after Error -26612: HTTP Status-Code=500 (EntityCommandExecutionException) for "http://10.184.129.171/webapi/api/worklist/searchWorklist"  	[MsgId: MERR-26612]
End auto log messages stack.	[MsgId: MMSG-10544]


Start auto log messages stack - Iteration 22.	[MsgId: MMSG-10545]
Action.c(728): Notify: Transaction "worklist_query_Lastweek" ended with a "Pass" status (Duration: 0.3092).	[MsgId: MMSG-16873]
The Time is 2017-09-17	[MsgId: MMSG-17999]
Action.c(734): web_url("CheckLoginStatus") started  	[MsgId: MMSG-26355]
Action.c(734): HTML parsing not performed for Content-Type "application/json" ("ParseHtmlContentType" Run-Time Setting is "TEXT"). URL="http://10.184.129.171/Platform/Account/CheckLoginStatus"  	[MsgId: MMSG-26548]
Action.c(734): web_url("CheckLoginStatus") was successful, 4 body bytes, 251 header bytes  	[MsgId: MMSG-26386]
Action.c(742): lr_think_time: 5.00 seconds.	[MsgId: MMSG-15948]
Action.c(744): Notify: Transaction "worklist_query_LastMonth" started.	[MsgId: MMSG-16999]
Action.c(746): web_custom_request("searchWorklist_6") started  	[MsgId: MMSG-26355]
Action.c(746): Continuing after Error -26612: HTTP Status-Code=500 (EntityCommandExecutionException) for "http://10.184.129.171/webapi/api/worklist/searchWorklist"  	[MsgId: MERR-26612]
End auto log messages stack.	[MsgId: MMSG-10544]


Start auto log messages stack - Iteration 22.	[MsgId: MMSG-10545]
Action.c(1248): web_reg_save_param started  	[MsgId: MMSG-26355]
Action.c(1248): Registering web_reg_save_param was successful  	[MsgId: MMSG-26390]
Action.c(1253): Notify: Transaction "SetStatusOfFilmWithExpand_unprinted" started.	[MsgId: MMSG-16999]
Action.c(1255): web_custom_request("web_custom_request") started  	[MsgId: MMSG-26355]
Action.c(1255): HTML parsing not performed for Content-Type "application/json" ("ParseHtmlContentType" Run-Time Setting is "TEXT"). URL="http://10.184.129.171/webapi/api/worklist/UpdateStatusByAccessionNumber"  	[MsgId: MMSG-26548]
Action.c(1255): web_custom_request("web_custom_request") was successful, 87 body bytes, 258 header bytes  	[MsgId: MMSG-26386]
Action.c(1265): Notify: Transaction "SetStatusOfFilmWithExpand_unprinted" ended with a "Pass" status (Duration: 0.2038 Wasted Time: 0.0000).	[MsgId: MMSG-16871]
The result is:  false	[MsgId: MMSG-17999]
Action.c(1271): Error: SetStatusOfFilmWithExpand_unprinted fail	[MsgId: MERR-17999]
End auto log messages stack.	[MsgId: MMSG-10544]


