Start auto log messages stack - Iteration 1.	[MsgId: MMSG-10545]
Action.c(697): Notify: Transaction "Report PrintTask Status Check" started.	[MsgId: MMSG-16999]
Action.c(699): Registering web_reg_save_param was successful  	[MsgId: MMSG-26390]
Action.c(704): Warning -26593: The header being added may cause unpredictable results when applied to all ensuing URLs. It is added anyway  	[MsgId: MWAR-26593]
Action.c(704): web_add_auto_header("content-type") highest severity level was "warning"  	[MsgId: MMSG-26391]
Action.c(706): web_custom_request("web_custom_request") was successful, 265 body bytes, 283 header bytes  	[MsgId: MMSG-26386]
Action.c(716): Notify: Transaction "Report PrintTask Status Check" ended with "Pass" status (Duration: 0.4771 Wasted Time: 0.0000).	[MsgId: MMSG-16871]
Action.c(718): PrintStatus-------,0	[MsgId: MMSG-17999]
Action.c(720): Compare Result-------,-4	[MsgId: MMSG-17999]
Action.c(724): lr_think_time: 5.00 seconds.	[MsgId: MMSG-15948]
Action.c(744): Notify: Transaction "Report  Print Task fail" started.	[MsgId: MMSG-16999]
Action.c(746): Error: The report task print failed! taskID: 4376898  From Terminal: Terminal37	[MsgId: MERR-17999]
End auto log messages stack.	[MsgId: MMSG-10544]

Start auto log messages stack - Iteration 2.	[MsgId: MMSG-10545]
Action.c(697): Notify: Transaction "Report PrintTask Status Check" started.	[MsgId: MMSG-16999]
Action.c(699): Registering web_reg_save_param was successful  	[MsgId: MMSG-26390]
Action.c(704): Warning -26593: The header being added may cause unpredictable results when applied to all ensuing URLs. It is added anyway  	[MsgId: MWAR-26593]
Action.c(704): web_add_auto_header("content-type") highest severity level was "warning"  	[MsgId: MMSG-26391]
Action.c(706): web_custom_request("web_custom_request") was successful, 265 body bytes, 283 header bytes  	[MsgId: MMSG-26386]
Action.c(716): Notify: Transaction "Report PrintTask Status Check" ended with "Pass" status (Duration: 0.1932 Wasted Time: 0.0000).	[MsgId: MMSG-16871]
Action.c(718): PrintStatus-------,0	[MsgId: MMSG-17999]
Action.c(720): Compare Result-------,-4	[MsgId: MMSG-17999]
Action.c(724): lr_think_time: 5.00 seconds.	[MsgId: MMSG-15948]
Action.c(744): Notify: Transaction "Report  Print Task fail" started.	[MsgId: MMSG-16999]
Action.c(746): Error: The report task print failed! taskID: 4376925  From Terminal: Terminal38	[MsgId: MERR-17999]
End auto log messages stack.	[MsgId: MMSG-10544]

Start auto log messages stack - Iteration 3.	[MsgId: MMSG-10545]
Action.c(55): Notify: Transaction "Create New Patient" started.	[MsgId: MMSG-16999]
Action.c(58): web_custom_request("web_custom_request") was successful, 373 body bytes, 266 header bytes  	[MsgId: MMSG-26386]
Action.c(124): Notify: Transaction "Create New Patient" ended with "Pass" status (Duration: 0.2023 Wasted Time: 0.0000).	[MsgId: MMSG-16871]
Action.c(127): lr_think_time: 60.00 seconds.	[MsgId: MMSG-15948]
Action.c(220): Notify: Transaction "Notify File 100k" started.	[MsgId: MMSG-16999]
Action.c(225): Registering web_reg_save_param was successful  	[MsgId: MMSG-26390]
Action.c(230): web_custom_request("web_custom_request") was successful, 381 body bytes, 266 header bytes  	[MsgId: MMSG-26386]
Action.c(299): Notify: Transaction "Notify File 100k" ended with "Pass" status (Duration: 31.3399 Wasted Time: 0.0001).	[MsgId: MMSG-16871]
Action.c(305): lr_think_time: 60.00 seconds.	[MsgId: MMSG-15948]
Action.c(316): web_set_max_html_param_len was successful  	[MsgId: MMSG-26392]
Action.c(346): lr_think_time: 5.00 seconds.	[MsgId: MMSG-15948]
Action.c(358): Error: The report print status is not correct and Update the status by databse failed: the accessionnumber is  A20180613171343494 	[MsgId: MERR-17999]
End auto log messages stack.	[MsgId: MMSG-10544]

Start auto log messages stack - Iteration 4.	[MsgId: MMSG-10545]
Action.c(697): Notify: Transaction "Report PrintTask Status Check" started.	[MsgId: MMSG-16999]
Action.c(699): Registering web_reg_save_param was successful  	[MsgId: MMSG-26390]
Action.c(704): Warning -26593: The header being added may cause unpredictable results when applied to all ensuing URLs. It is added anyway  	[MsgId: MWAR-26593]
Action.c(704): web_add_auto_header("content-type") highest severity level was "warning"  	[MsgId: MMSG-26391]
Action.c(706): web_custom_request("web_custom_request") was successful, 265 body bytes, 283 header bytes  	[MsgId: MMSG-26386]
Action.c(716): Notify: Transaction "Report PrintTask Status Check" ended with "Pass" status (Duration: 0.1430 Wasted Time: 0.0000).	[MsgId: MMSG-16871]
Action.c(718): PrintStatus-------,0	[MsgId: MMSG-17999]
Action.c(720): Compare Result-------,-4	[MsgId: MMSG-17999]
Action.c(724): lr_think_time: 5.00 seconds.	[MsgId: MMSG-15948]
Action.c(744): Notify: Transaction "Report  Print Task fail" started.	[MsgId: MMSG-16999]
Action.c(746): Error: The report task print failed! taskID: 4376966  From Terminal: Terminal38	[MsgId: MERR-17999]
End auto log messages stack.	[MsgId: MMSG-10544]

Start auto log messages stack - Iteration 5.	[MsgId: MMSG-10545]
Action.c(697): Notify: Transaction "Report PrintTask Status Check" started.	[MsgId: MMSG-16999]
Action.c(699): Registering web_reg_save_param was successful  	[MsgId: MMSG-26390]
Action.c(704): Warning -26593: The header being added may cause unpredictable results when applied to all ensuing URLs. It is added anyway  	[MsgId: MWAR-26593]
Action.c(704): web_add_auto_header("content-type") highest severity level was "warning"  	[MsgId: MMSG-26391]
Action.c(706): web_custom_request("web_custom_request") was successful, 265 body bytes, 283 header bytes  	[MsgId: MMSG-26386]
Action.c(716): Notify: Transaction "Report PrintTask Status Check" ended with "Pass" status (Duration: 0.1824 Wasted Time: 0.0000).	[MsgId: MMSG-16871]
Action.c(718): PrintStatus-------,0	[MsgId: MMSG-17999]
Action.c(720): Compare Result-------,-4	[MsgId: MMSG-17999]
Action.c(724): lr_think_time: 5.00 seconds.	[MsgId: MMSG-15948]
Action.c(744): Notify: Transaction "Report  Print Task fail" started.	[MsgId: MMSG-16999]
Action.c(746): Error: The report task print failed! taskID: 4376976  From Terminal: Terminal37	[MsgId: MERR-17999]
End auto log messages stack.	[MsgId: MMSG-10544]

Start auto log messages stack - Iteration 6.	[MsgId: MMSG-10545]
Action.c(697): Notify: Transaction "Report PrintTask Status Check" started.	[MsgId: MMSG-16999]
Action.c(699): Registering web_reg_save_param was successful  	[MsgId: MMSG-26390]
Action.c(704): Warning -26593: The header being added may cause unpredictable results when applied to all ensuing URLs. It is added anyway  	[MsgId: MWAR-26593]
Action.c(704): web_add_auto_header("content-type") highest severity level was "warning"  	[MsgId: MMSG-26391]
Action.c(706): web_custom_request("web_custom_request") was successful, 265 body bytes, 283 header bytes  	[MsgId: MMSG-26386]
Action.c(716): Notify: Transaction "Report PrintTask Status Check" ended with "Pass" status (Duration: 0.2061 Wasted Time: 0.0000).	[MsgId: MMSG-16871]
Action.c(718): PrintStatus-------,0	[MsgId: MMSG-17999]
Action.c(720): Compare Result-------,-4	[MsgId: MMSG-17999]
Action.c(724): lr_think_time: 5.00 seconds.	[MsgId: MMSG-15948]
Action.c(744): Notify: Transaction "Report  Print Task fail" started.	[MsgId: MMSG-16999]
Action.c(746): Error: The report task print failed! taskID: 4376997  From Terminal: Terminal38	[MsgId: MERR-17999]
End auto log messages stack.	[MsgId: MMSG-10544]

Start auto log messages stack - Iteration 7.	[MsgId: MMSG-10545]
Action.c(697): Notify: Transaction "Report PrintTask Status Check" started.	[MsgId: MMSG-16999]
Action.c(699): Registering web_reg_save_param was successful  	[MsgId: MMSG-26390]
Action.c(704): Warning -26593: The header being added may cause unpredictable results when applied to all ensuing URLs. It is added anyway  	[MsgId: MWAR-26593]
Action.c(704): web_add_auto_header("content-type") highest severity level was "warning"  	[MsgId: MMSG-26391]
Action.c(706): web_custom_request("web_custom_request") was successful, 265 body bytes, 283 header bytes  	[MsgId: MMSG-26386]
Action.c(716): Notify: Transaction "Report PrintTask Status Check" ended with "Pass" status (Duration: 0.0715 Wasted Time: 0.0000).	[MsgId: MMSG-16871]
Action.c(718): PrintStatus-------,0	[MsgId: MMSG-17999]
Action.c(720): Compare Result-------,-4	[MsgId: MMSG-17999]
Action.c(724): lr_think_time: 5.00 seconds.	[MsgId: MMSG-15948]
Action.c(744): Notify: Transaction "Report  Print Task fail" started.	[MsgId: MMSG-16999]
Action.c(746): Error: The report task print failed! taskID: 4377022  From Terminal: Terminal37	[MsgId: MERR-17999]
End auto log messages stack.	[MsgId: MMSG-10544]

Start auto log messages stack - Iteration 8.	[MsgId: MMSG-10545]
Action.c(55): Notify: Transaction "Create New Patient" started.	[MsgId: MMSG-16999]
Action.c(58): web_custom_request("web_custom_request") was successful, 373 body bytes, 266 header bytes  	[MsgId: MMSG-26386]
Action.c(124): Notify: Transaction "Create New Patient" ended with "Pass" status (Duration: 0.6086 Wasted Time: 0.0000).	[MsgId: MMSG-16871]
Action.c(127): lr_think_time: 60.00 seconds.	[MsgId: MMSG-15948]
Action.c(220): Notify: Transaction "Notify File 100k" started.	[MsgId: MMSG-16999]
Action.c(225): Registering web_reg_save_param was successful  	[MsgId: MMSG-26390]
Action.c(230): web_custom_request("web_custom_request") was successful, 381 body bytes, 266 header bytes  	[MsgId: MMSG-26386]
Action.c(299): Notify: Transaction "Notify File 100k" ended with "Pass" status (Duration: 40.4973 Wasted Time: 0.0000).	[MsgId: MMSG-16871]
Action.c(305): lr_think_time: 60.00 seconds.	[MsgId: MMSG-15948]
Action.c(316): web_set_max_html_param_len was successful  	[MsgId: MMSG-26392]
Action.c(346): lr_think_time: 5.00 seconds.	[MsgId: MMSG-15948]
Action.c(358): Error: The report print status is not correct and Update the status by databse failed: the accessionnumber is  A20180613174056893 	[MsgId: MERR-17999]
End auto log messages stack.	[MsgId: MMSG-10544]

Start auto log messages stack - Iteration 9.	[MsgId: MMSG-10545]
Action.c(697): Notify: Transaction "Report PrintTask Status Check" started.	[MsgId: MMSG-16999]
Action.c(699): Registering web_reg_save_param was successful  	[MsgId: MMSG-26390]
Action.c(704): Warning -26593: The header being added may cause unpredictable results when applied to all ensuing URLs. It is added anyway  	[MsgId: MWAR-26593]
Action.c(704): web_add_auto_header("content-type") highest severity level was "warning"  	[MsgId: MMSG-26391]
Action.c(706): web_custom_request("web_custom_request") was successful, 265 body bytes, 283 header bytes  	[MsgId: MMSG-26386]
Action.c(716): Notify: Transaction "Report PrintTask Status Check" ended with "Pass" status (Duration: 0.1599 Wasted Time: 0.0000).	[MsgId: MMSG-16871]
Action.c(718): PrintStatus-------,0	[MsgId: MMSG-17999]
Action.c(720): Compare Result-------,-4	[MsgId: MMSG-17999]
Action.c(724): lr_think_time: 5.00 seconds.	[MsgId: MMSG-15948]
Action.c(744): Notify: Transaction "Report  Print Task fail" started.	[MsgId: MMSG-16999]
Action.c(746): Error: The report task print failed! taskID: 4377053  From Terminal: Terminal37	[MsgId: MERR-17999]
End auto log messages stack.	[MsgId: MMSG-10544]

Start auto log messages stack - Iteration 10.	[MsgId: MMSG-10545]
Action.c(697): Notify: Transaction "Report PrintTask Status Check" started.	[MsgId: MMSG-16999]
Action.c(699): Registering web_reg_save_param was successful  	[MsgId: MMSG-26390]
Action.c(704): Warning -26593: The header being added may cause unpredictable results when applied to all ensuing URLs. It is added anyway  	[MsgId: MWAR-26593]
Action.c(704): web_add_auto_header("content-type") highest severity level was "warning"  	[MsgId: MMSG-26391]
Action.c(706): web_custom_request("web_custom_request") was successful, 265 body bytes, 283 header bytes  	[MsgId: MMSG-26386]
Action.c(716): Notify: Transaction "Report PrintTask Status Check" ended with "Pass" status (Duration: 0.0398 Wasted Time: 0.0000).	[MsgId: MMSG-16871]
Action.c(718): PrintStatus-------,0	[MsgId: MMSG-17999]
Action.c(720): Compare Result-------,-4	[MsgId: MMSG-17999]
Action.c(724): lr_think_time: 5.00 seconds.	[MsgId: MMSG-15948]
Action.c(744): Notify: Transaction "Report  Print Task fail" started.	[MsgId: MMSG-16999]
Action.c(746): Error: The report task print failed! taskID: 4377076  From Terminal: Terminal38	[MsgId: MERR-17999]
End auto log messages stack.	[MsgId: MMSG-10544]

Start auto log messages stack - Iteration 11.	[MsgId: MMSG-10545]
Action.c(697): Notify: Transaction "Report PrintTask Status Check" started.	[MsgId: MMSG-16999]
Action.c(699): Registering web_reg_save_param was successful  	[MsgId: MMSG-26390]
Action.c(704): Warning -26593: The header being added may cause unpredictable results when applied to all ensuing URLs. It is added anyway  	[MsgId: MWAR-26593]
Action.c(704): web_add_auto_header("content-type") highest severity level was "warning"  	[MsgId: MMSG-26391]
Action.c(706): web_custom_request("web_custom_request") was successful, 265 body bytes, 283 header bytes  	[MsgId: MMSG-26386]
Action.c(716): Notify: Transaction "Report PrintTask Status Check" ended with "Pass" status (Duration: 0.1950 Wasted Time: 0.0000).	[MsgId: MMSG-16871]
Action.c(718): PrintStatus-------,0	[MsgId: MMSG-17999]
Action.c(720): Compare Result-------,-4	[MsgId: MMSG-17999]
Action.c(724): lr_think_time: 5.00 seconds.	[MsgId: MMSG-15948]
Action.c(744): Notify: Transaction "Report  Print Task fail" started.	[MsgId: MMSG-16999]
Action.c(746): Error: The report task print failed! taskID: 4377103  From Terminal: Terminal37	[MsgId: MERR-17999]
End auto log messages stack.	[MsgId: MMSG-10544]

Start auto log messages stack - Iteration 12.	[MsgId: MMSG-10545]
Action.c(524): web_add_auto_header("content-type") highest severity level was "warning"  	[MsgId: MMSG-26391]
Action.c(525): Warning -26377: No match found for the requested parameter "ReportID". Check whether the requested boundaries exist in the response data. Also, if the data you want to save exceeds 809400 bytes, use web_set_max_html_param_len to increase the parameter size  	[MsgId: MWAR-26377]
Action.c(525): web_custom_request("Item_query") highest severity level was "warning", 422 body bytes, 283 header bytes  	[MsgId: MMSG-26388]
Action.c(537): Notify: Transaction "Report QueryFilmReportInfo" ended with "Pass" status (Duration: 35.4035 Wasted Time: 0.0000).	[MsgId: MMSG-16871]
Action.c(543): Notify: Transaction "Report GetReportID_fail" started.	[MsgId: MMSG-16999]
Action.c(544): The accession number is A20180613180256252,Terminal38	[MsgId: MMSG-17999]
Action.c(545): Notify: Transaction "Report GetReportID_fail" ended with "Pass" status (Duration: 0.0001).	[MsgId: MMSG-16873]
Action.c(553): Error: Try to get the report path or ID failed:Accession: A20180613180256252  Terminal:  Terminal38	[MsgId: MERR-17999]
End auto log messages stack.	[MsgId: MMSG-10544]

Start auto log messages stack - Iteration 13.	[MsgId: MMSG-10545]
Action.c(55): Notify: Transaction "Create New Patient" started.	[MsgId: MMSG-16999]
Action.c(58): web_custom_request("web_custom_request") was successful, 373 body bytes, 266 header bytes  	[MsgId: MMSG-26386]
Action.c(124): Notify: Transaction "Create New Patient" ended with "Pass" status (Duration: 1.4481 Wasted Time: 0.0000).	[MsgId: MMSG-16871]
Action.c(127): lr_think_time: 60.00 seconds.	[MsgId: MMSG-15948]
Action.c(220): Notify: Transaction "Notify File 100k" started.	[MsgId: MMSG-16999]
Action.c(225): Registering web_reg_save_param was successful  	[MsgId: MMSG-26390]
Action.c(230): web_custom_request("web_custom_request") was successful, 381 body bytes, 266 header bytes  	[MsgId: MMSG-26386]
Action.c(299): Notify: Transaction "Notify File 100k" ended with "Pass" status (Duration: 53.3446 Wasted Time: 0.0000).	[MsgId: MMSG-16871]
Action.c(305): lr_think_time: 60.00 seconds.	[MsgId: MMSG-15948]
Action.c(316): web_set_max_html_param_len was successful  	[MsgId: MMSG-26392]
Action.c(346): lr_think_time: 5.00 seconds.	[MsgId: MMSG-15948]
Action.c(358): Error: The report print status is not correct and Update the status by databse failed: the accessionnumber is  A20180613181436389 	[MsgId: MERR-17999]
End auto log messages stack.	[MsgId: MMSG-10544]

Start auto log messages stack - Iteration 14.	[MsgId: MMSG-10545]
Action.c(697): Notify: Transaction "Report PrintTask Status Check" started.	[MsgId: MMSG-16999]
Action.c(699): Registering web_reg_save_param was successful  	[MsgId: MMSG-26390]
Action.c(704): Warning -26593: The header being added may cause unpredictable results when applied to all ensuing URLs. It is added anyway  	[MsgId: MWAR-26593]
Action.c(704): web_add_auto_header("content-type") highest severity level was "warning"  	[MsgId: MMSG-26391]
Action.c(706): web_custom_request("web_custom_request") was successful, 265 body bytes, 283 header bytes  	[MsgId: MMSG-26386]
Action.c(716): Notify: Transaction "Report PrintTask Status Check" ended with "Pass" status (Duration: 0.6047 Wasted Time: 0.0000).	[MsgId: MMSG-16871]
Action.c(718): PrintStatus-------,0	[MsgId: MMSG-17999]
Action.c(720): Compare Result-------,-4	[MsgId: MMSG-17999]
Action.c(724): lr_think_time: 5.00 seconds.	[MsgId: MMSG-15948]
Action.c(744): Notify: Transaction "Report  Print Task fail" started.	[MsgId: MMSG-16999]
Action.c(746): Error: The report task print failed! taskID: 4377156  From Terminal: Terminal38	[MsgId: MERR-17999]
End auto log messages stack.	[MsgId: MMSG-10544]

Start auto log messages stack - Iteration 15.	[MsgId: MMSG-10545]
Action.c(697): Notify: Transaction "Report PrintTask Status Check" started.	[MsgId: MMSG-16999]
Action.c(699): Registering web_reg_save_param was successful  	[MsgId: MMSG-26390]
Action.c(704): Warning -26593: The header being added may cause unpredictable results when applied to all ensuing URLs. It is added anyway  	[MsgId: MWAR-26593]
Action.c(704): web_add_auto_header("content-type") highest severity level was "warning"  	[MsgId: MMSG-26391]
Action.c(706): web_custom_request("web_custom_request") was successful, 265 body bytes, 283 header bytes  	[MsgId: MMSG-26386]
Action.c(716): Notify: Transaction "Report PrintTask Status Check" ended with "Pass" status (Duration: 0.2388 Wasted Time: 0.0000).	[MsgId: MMSG-16871]
Action.c(718): PrintStatus-------,0	[MsgId: MMSG-17999]
Action.c(720): Compare Result-------,-4	[MsgId: MMSG-17999]
Action.c(724): lr_think_time: 5.00 seconds.	[MsgId: MMSG-15948]
Action.c(744): Notify: Transaction "Report  Print Task fail" started.	[MsgId: MMSG-16999]
Action.c(746): Error: The report task print failed! taskID: 4377176  From Terminal: Terminal37	[MsgId: MERR-17999]
End auto log messages stack.	[MsgId: MMSG-10544]

Start auto log messages stack - Iteration 16.	[MsgId: MMSG-10545]
Action.c(697): Notify: Transaction "Report PrintTask Status Check" started.	[MsgId: MMSG-16999]
Action.c(699): Registering web_reg_save_param was successful  	[MsgId: MMSG-26390]
Action.c(704): Warning -26593: The header being added may cause unpredictable results when applied to all ensuing URLs. It is added anyway  	[MsgId: MWAR-26593]
Action.c(704): web_add_auto_header("content-type") highest severity level was "warning"  	[MsgId: MMSG-26391]
Action.c(706): web_custom_request("web_custom_request") was successful, 265 body bytes, 283 header bytes  	[MsgId: MMSG-26386]
Action.c(716): Notify: Transaction "Report PrintTask Status Check" ended with "Pass" status (Duration: 0.0363 Wasted Time: 0.0000).	[MsgId: MMSG-16871]
Action.c(718): PrintStatus-------,0	[MsgId: MMSG-17999]
Action.c(720): Compare Result-------,-4	[MsgId: MMSG-17999]
Action.c(724): lr_think_time: 5.00 seconds.	[MsgId: MMSG-15948]
Action.c(744): Notify: Transaction "Report  Print Task fail" started.	[MsgId: MMSG-16999]
Action.c(746): Error: The report task print failed! taskID: 4377204  From Terminal: Terminal38	[MsgId: MERR-17999]
End auto log messages stack.	[MsgId: MMSG-10544]

Start auto log messages stack - Iteration 17.	[MsgId: MMSG-10545]
Action.c(697): Notify: Transaction "Report PrintTask Status Check" started.	[MsgId: MMSG-16999]
Action.c(699): Registering web_reg_save_param was successful  	[MsgId: MMSG-26390]
Action.c(704): Warning -26593: The header being added may cause unpredictable results when applied to all ensuing URLs. It is added anyway  	[MsgId: MWAR-26593]
Action.c(704): web_add_auto_header("content-type") highest severity level was "warning"  	[MsgId: MMSG-26391]
Action.c(706): web_custom_request("web_custom_request") was successful, 265 body bytes, 283 header bytes  	[MsgId: MMSG-26386]
Action.c(716): Notify: Transaction "Report PrintTask Status Check" ended with "Pass" status (Duration: 0.0327 Wasted Time: 0.0000).	[MsgId: MMSG-16871]
Action.c(718): PrintStatus-------,0	[MsgId: MMSG-17999]
Action.c(720): Compare Result-------,-4	[MsgId: MMSG-17999]
Action.c(724): lr_think_time: 5.00 seconds.	[MsgId: MMSG-15948]
Action.c(744): Notify: Transaction "Report  Print Task fail" started.	[MsgId: MMSG-16999]
Action.c(746): Error: The report task print failed! taskID: 4377226  From Terminal: Terminal37	[MsgId: MERR-17999]
End auto log messages stack.	[MsgId: MMSG-10544]

Start auto log messages stack - Iteration 18.	[MsgId: MMSG-10545]
Action.c(697): Notify: Transaction "Report PrintTask Status Check" started.	[MsgId: MMSG-16999]
Action.c(699): Registering web_reg_save_param was successful  	[MsgId: MMSG-26390]
Action.c(704): Warning -26593: The header being added may cause unpredictable results when applied to all ensuing URLs. It is added anyway  	[MsgId: MWAR-26593]
Action.c(704): web_add_auto_header("content-type") highest severity level was "warning"  	[MsgId: MMSG-26391]
Action.c(706): web_custom_request("web_custom_request") was successful, 265 body bytes, 283 header bytes  	[MsgId: MMSG-26386]
Action.c(716): Notify: Transaction "Report PrintTask Status Check" ended with "Pass" status (Duration: 0.0449 Wasted Time: 0.0000).	[MsgId: MMSG-16871]
Action.c(718): PrintStatus-------,0	[MsgId: MMSG-17999]
Action.c(720): Compare Result-------,-4	[MsgId: MMSG-17999]
Action.c(724): lr_think_time: 5.00 seconds.	[MsgId: MMSG-15948]
Action.c(744): Notify: Transaction "Report  Print Task fail" started.	[MsgId: MMSG-16999]
Action.c(746): Error: The report task print failed! taskID: 4377250  From Terminal: Terminal38	[MsgId: MERR-17999]
End auto log messages stack.	[MsgId: MMSG-10544]

Start auto log messages stack - Iteration 19.	[MsgId: MMSG-10545]
Action.c(697): Notify: Transaction "Report PrintTask Status Check" started.	[MsgId: MMSG-16999]
Action.c(699): Registering web_reg_save_param was successful  	[MsgId: MMSG-26390]
Action.c(704): Warning -26593: The header being added may cause unpredictable results when applied to all ensuing URLs. It is added anyway  	[MsgId: MWAR-26593]
Action.c(704): web_add_auto_header("content-type") highest severity level was "warning"  	[MsgId: MMSG-26391]
Action.c(706): web_custom_request("web_custom_request") was successful, 265 body bytes, 283 header bytes  	[MsgId: MMSG-26386]
Action.c(716): Notify: Transaction "Report PrintTask Status Check" ended with "Pass" status (Duration: 0.0930 Wasted Time: 0.0000).	[MsgId: MMSG-16871]
Action.c(718): PrintStatus-------,0	[MsgId: MMSG-17999]
Action.c(720): Compare Result-------,-4	[MsgId: MMSG-17999]
Action.c(724): lr_think_time: 5.00 seconds.	[MsgId: MMSG-15948]
Action.c(744): Notify: Transaction "Report  Print Task fail" started.	[MsgId: MMSG-16999]
Action.c(746): Error: The report task print failed! taskID: 4377274  From Terminal: Terminal37	[MsgId: MERR-17999]
End auto log messages stack.	[MsgId: MMSG-10544]

Start auto log messages stack - Iteration 20.	[MsgId: MMSG-10545]
Action.c(697): Notify: Transaction "Report PrintTask Status Check" started.	[MsgId: MMSG-16999]
Action.c(699): Registering web_reg_save_param was successful  	[MsgId: MMSG-26390]
Action.c(704): Warning -26593: The header being added may cause unpredictable results when applied to all ensuing URLs. It is added anyway  	[MsgId: MWAR-26593]
Action.c(704): web_add_auto_header("content-type") highest severity level was "warning"  	[MsgId: MMSG-26391]
Action.c(706): web_custom_request("web_custom_request") was successful, 265 body bytes, 283 header bytes  	[MsgId: MMSG-26386]
Action.c(716): Notify: Transaction "Report PrintTask Status Check" ended with "Pass" status (Duration: 0.4257 Wasted Time: 0.0000).	[MsgId: MMSG-16871]
Action.c(718): PrintStatus-------,0	[MsgId: MMSG-17999]
Action.c(720): Compare Result-------,-4	[MsgId: MMSG-17999]
Action.c(724): lr_think_time: 5.00 seconds.	[MsgId: MMSG-15948]
Action.c(744): Notify: Transaction "Report  Print Task fail" started.	[MsgId: MMSG-16999]
Action.c(746): Error: The report task print failed! taskID: 4377295  From Terminal: Terminal38	[MsgId: MERR-17999]
End auto log messages stack.	[MsgId: MMSG-10544]

Start auto log messages stack - Iteration 21.	[MsgId: MMSG-10545]
Action.c(697): Notify: Transaction "Report PrintTask Status Check" started.	[MsgId: MMSG-16999]
Action.c(699): Registering web_reg_save_param was successful  	[MsgId: MMSG-26390]
Action.c(704): Warning -26593: The header being added may cause unpredictable results when applied to all ensuing URLs. It is added anyway  	[MsgId: MWAR-26593]
Action.c(704): web_add_auto_header("content-type") highest severity level was "warning"  	[MsgId: MMSG-26391]
Action.c(706): web_custom_request("web_custom_request") was successful, 265 body bytes, 283 header bytes  	[MsgId: MMSG-26386]
Action.c(716): Notify: Transaction "Report PrintTask Status Check" ended with "Pass" status (Duration: 0.6158 Wasted Time: 0.0000).	[MsgId: MMSG-16871]
Action.c(718): PrintStatus-------,0	[MsgId: MMSG-17999]
Action.c(720): Compare Result-------,-4	[MsgId: MMSG-17999]
Action.c(724): lr_think_time: 5.00 seconds.	[MsgId: MMSG-15948]
Action.c(744): Notify: Transaction "Report  Print Task fail" started.	[MsgId: MMSG-16999]
Action.c(746): Error: The report task print failed! taskID: 4377318  From Terminal: Terminal37	[MsgId: MERR-17999]
End auto log messages stack.	[MsgId: MMSG-10544]

Start auto log messages stack - Iteration 22.	[MsgId: MMSG-10545]
Action.c(697): Notify: Transaction "Report PrintTask Status Check" started.	[MsgId: MMSG-16999]
Action.c(699): Registering web_reg_save_param was successful  	[MsgId: MMSG-26390]
Action.c(704): Warning -26593: The header being added may cause unpredictable results when applied to all ensuing URLs. It is added anyway  	[MsgId: MWAR-26593]
Action.c(704): web_add_auto_header("content-type") highest severity level was "warning"  	[MsgId: MMSG-26391]
Action.c(706): web_custom_request("web_custom_request") was successful, 265 body bytes, 283 header bytes  	[MsgId: MMSG-26386]
Action.c(716): Notify: Transaction "Report PrintTask Status Check" ended with "Pass" status (Duration: 1.0808 Wasted Time: 0.0000).	[MsgId: MMSG-16871]
Action.c(718): PrintStatus-------,0	[MsgId: MMSG-17999]
Action.c(720): Compare Result-------,-4	[MsgId: MMSG-17999]
Action.c(724): lr_think_time: 5.00 seconds.	[MsgId: MMSG-15948]
Action.c(744): Notify: Transaction "Report  Print Task fail" started.	[MsgId: MMSG-16999]
Action.c(746): Error: The report task print failed! taskID: 4377340  From Terminal: Terminal38	[MsgId: MERR-17999]
End auto log messages stack.	[MsgId: MMSG-10544]

Start auto log messages stack - Iteration 23.	[MsgId: MMSG-10545]
Action.c(524): web_add_auto_header("content-type") highest severity level was "warning"  	[MsgId: MMSG-26391]
Action.c(525): web_custom_request("Item_query") was successful, 1012 body bytes, 284 header bytes  	[MsgId: MMSG-26386]
Action.c(537): Notify: Transaction "Report QueryFilmReportInfo" ended with "Pass" status (Duration: 32.5334 Wasted Time: 0.0001).	[MsgId: MMSG-16871]
Action.c(582): lr_think_time: 5.00 seconds.	[MsgId: MMSG-15948]
Action.c(590): Notify: Transaction "Report Create_PrintTask" started.	[MsgId: MMSG-16999]
Action.c(592): Registering web_reg_save_param was successful  	[MsgId: MMSG-26390]
Action.c(603): Warning -26593: The header being added may cause unpredictable results when applied to all ensuing URLs. It is added anyway  	[MsgId: MWAR-26593]
Action.c(603): web_add_auto_header("content-type") highest severity level was "warning"  	[MsgId: MMSG-26391]
Action.c(605): Continuing after Error -26377: No match found for the requested parameter "TaskID". Check whether the requested boundaries exist in the response data. Also, if the data you want to save exceeds 809400 bytes, use web_set_max_html_param_len to increase the parameter size  	[MsgId: MERR-26377]
End auto log messages stack.	[MsgId: MMSG-10544]

Start auto log messages stack - Iteration 23.	[MsgId: MMSG-10545]
Action.c(605): web_custom_request("web_custom_request") highest severity level was "continue on error", 265 body bytes, 283 header bytes  	[MsgId: MMSG-26388]
Action.c(605): Continuing after error in Vuser script.	[MsgId: MMSG-10678]
Action.c(616): Notify: Transaction "Report Create_PrintTask" ended with "Fail" status (Duration: 47.6973 Wasted Time: 0.0000).	[MsgId: MMSG-16871]
TaskID is : 	[MsgId: MMSG-17999]
Action.c(621): lr_think_time: 5.00 seconds.	[MsgId: MMSG-15948]
Action.c(628): Notify: Transaction "Create Report PrintTask Fail" started.	[MsgId: MMSG-16999]
Action.c(630): Error: The system create report print task fail!:   From Terminal: Terminal37 and error message is 	[MsgId: MERR-17999]
End auto log messages stack.	[MsgId: MMSG-10544]

Start auto log messages stack - Iteration 24.	[MsgId: MMSG-10545]
Action.c(697): Notify: Transaction "Report PrintTask Status Check" started.	[MsgId: MMSG-16999]
Action.c(699): Registering web_reg_save_param was successful  	[MsgId: MMSG-26390]
Action.c(704): Warning -26593: The header being added may cause unpredictable results when applied to all ensuing URLs. It is added anyway  	[MsgId: MWAR-26593]
Action.c(704): web_add_auto_header("content-type") highest severity level was "warning"  	[MsgId: MMSG-26391]
Action.c(706): web_custom_request("web_custom_request") was successful, 265 body bytes, 283 header bytes  	[MsgId: MMSG-26386]
Action.c(716): Notify: Transaction "Report PrintTask Status Check" ended with "Pass" status (Duration: 0.3777 Wasted Time: 0.0000).	[MsgId: MMSG-16871]
Action.c(718): PrintStatus-------,0	[MsgId: MMSG-17999]
Action.c(720): Compare Result-------,-4	[MsgId: MMSG-17999]
Action.c(724): lr_think_time: 5.00 seconds.	[MsgId: MMSG-15948]
Action.c(744): Notify: Transaction "Report  Print Task fail" started.	[MsgId: MMSG-16999]
Action.c(746): Error: The report task print failed! taskID: 4377373  From Terminal: Terminal38	[MsgId: MERR-17999]
End auto log messages stack.	[MsgId: MMSG-10544]

Start auto log messages stack - Iteration 25.	[MsgId: MMSG-10545]
Action.c(697): Notify: Transaction "Report PrintTask Status Check" started.	[MsgId: MMSG-16999]
Action.c(699): Registering web_reg_save_param was successful  	[MsgId: MMSG-26390]
Action.c(704): Warning -26593: The header being added may cause unpredictable results when applied to all ensuing URLs. It is added anyway  	[MsgId: MWAR-26593]
Action.c(704): web_add_auto_header("content-type") highest severity level was "warning"  	[MsgId: MMSG-26391]
Action.c(706): web_custom_request("web_custom_request") was successful, 265 body bytes, 283 header bytes  	[MsgId: MMSG-26386]
Action.c(716): Notify: Transaction "Report PrintTask Status Check" ended with "Pass" status (Duration: 0.4217 Wasted Time: 0.0000).	[MsgId: MMSG-16871]
Action.c(718): PrintStatus-------,0	[MsgId: MMSG-17999]
Action.c(720): Compare Result-------,-4	[MsgId: MMSG-17999]
Action.c(724): lr_think_time: 5.00 seconds.	[MsgId: MMSG-15948]
Action.c(744): Notify: Transaction "Report  Print Task fail" started.	[MsgId: MMSG-16999]
Action.c(746): Error: The report task print failed! taskID: 4377390  From Terminal: Terminal37	[MsgId: MERR-17999]
End auto log messages stack.	[MsgId: MMSG-10544]

Start auto log messages stack - Iteration 26.	[MsgId: MMSG-10545]
Action.c(524): web_add_auto_header("content-type") highest severity level was "warning"  	[MsgId: MMSG-26391]
Action.c(525): Warning -26377: No match found for the requested parameter "ReportID". Check whether the requested boundaries exist in the response data. Also, if the data you want to save exceeds 809400 bytes, use web_set_max_html_param_len to increase the parameter size  	[MsgId: MWAR-26377]
Action.c(525): web_custom_request("Item_query") highest severity level was "warning", 401 body bytes, 283 header bytes  	[MsgId: MMSG-26388]
Action.c(537): Notify: Transaction "Report QueryFilmReportInfo" ended with "Pass" status (Duration: 36.1208 Wasted Time: 0.0000).	[MsgId: MMSG-16871]
Action.c(543): Notify: Transaction "Report GetReportID_fail" started.	[MsgId: MMSG-16999]
Action.c(544): The accession number is A20180613195033069,Terminal38	[MsgId: MMSG-17999]
Action.c(545): Notify: Transaction "Report GetReportID_fail" ended with "Pass" status (Duration: 0.0001).	[MsgId: MMSG-16873]
Action.c(553): Error: Try to get the report path or ID failed:Accession: A20180613195033069  Terminal:  Terminal38	[MsgId: MERR-17999]
End auto log messages stack.	[MsgId: MMSG-10544]

Start auto log messages stack - Iteration 27.	[MsgId: MMSG-10545]
Action.c(697): Notify: Transaction "Report PrintTask Status Check" started.	[MsgId: MMSG-16999]
Action.c(699): Registering web_reg_save_param was successful  	[MsgId: MMSG-26390]
Action.c(704): Warning -26593: The header being added may cause unpredictable results when applied to all ensuing URLs. It is added anyway  	[MsgId: MWAR-26593]
Action.c(704): web_add_auto_header("content-type") highest severity level was "warning"  	[MsgId: MMSG-26391]
Action.c(706): web_custom_request("web_custom_request") was successful, 265 body bytes, 283 header bytes  	[MsgId: MMSG-26386]
Action.c(716): Notify: Transaction "Report PrintTask Status Check" ended with "Pass" status (Duration: 0.1017 Wasted Time: 0.0000).	[MsgId: MMSG-16871]
Action.c(718): PrintStatus-------,0	[MsgId: MMSG-17999]
Action.c(720): Compare Result-------,-4	[MsgId: MMSG-17999]
Action.c(724): lr_think_time: 5.00 seconds.	[MsgId: MMSG-15948]
Action.c(744): Notify: Transaction "Report  Print Task fail" started.	[MsgId: MMSG-16999]
Action.c(746): Error: The report task print failed! taskID: 4377434  From Terminal: Terminal37	[MsgId: MERR-17999]
End auto log messages stack.	[MsgId: MMSG-10544]

Start auto log messages stack - Iteration 28.	[MsgId: MMSG-10545]
Action.c(697): Notify: Transaction "Report PrintTask Status Check" started.	[MsgId: MMSG-16999]
Action.c(699): Registering web_reg_save_param was successful  	[MsgId: MMSG-26390]
Action.c(704): Warning -26593: The header being added may cause unpredictable results when applied to all ensuing URLs. It is added anyway  	[MsgId: MWAR-26593]
Action.c(704): web_add_auto_header("content-type") highest severity level was "warning"  	[MsgId: MMSG-26391]
Action.c(706): web_custom_request("web_custom_request") was successful, 265 body bytes, 283 header bytes  	[MsgId: MMSG-26386]
Action.c(716): Notify: Transaction "Report PrintTask Status Check" ended with "Pass" status (Duration: 0.2015 Wasted Time: 0.0000).	[MsgId: MMSG-16871]
Action.c(718): PrintStatus-------,0	[MsgId: MMSG-17999]
Action.c(720): Compare Result-------,-4	[MsgId: MMSG-17999]
Action.c(724): lr_think_time: 5.00 seconds.	[MsgId: MMSG-15948]
Action.c(744): Notify: Transaction "Report  Print Task fail" started.	[MsgId: MMSG-16999]
Action.c(746): Error: The report task print failed! taskID: 4377453  From Terminal: Terminal38	[MsgId: MERR-17999]
End auto log messages stack.	[MsgId: MMSG-10544]

Start auto log messages stack - Iteration 29.	[MsgId: MMSG-10545]
Action.c(697): Notify: Transaction "Report PrintTask Status Check" started.	[MsgId: MMSG-16999]
Action.c(699): Registering web_reg_save_param was successful  	[MsgId: MMSG-26390]
Action.c(704): Warning -26593: The header being added may cause unpredictable results when applied to all ensuing URLs. It is added anyway  	[MsgId: MWAR-26593]
Action.c(704): web_add_auto_header("content-type") highest severity level was "warning"  	[MsgId: MMSG-26391]
Action.c(706): web_custom_request("web_custom_request") was successful, 265 body bytes, 283 header bytes  	[MsgId: MMSG-26386]
Action.c(716): Notify: Transaction "Report PrintTask Status Check" ended with "Pass" status (Duration: 0.2543 Wasted Time: 0.0000).	[MsgId: MMSG-16871]
Action.c(718): PrintStatus-------,0	[MsgId: MMSG-17999]
Action.c(720): Compare Result-------,-4	[MsgId: MMSG-17999]
Action.c(724): lr_think_time: 5.00 seconds.	[MsgId: MMSG-15948]
Action.c(744): Notify: Transaction "Report  Print Task fail" started.	[MsgId: MMSG-16999]
Action.c(746): Error: The report task print failed! taskID: 4377472  From Terminal: Terminal37	[MsgId: MERR-17999]
End auto log messages stack.	[MsgId: MMSG-10544]

Start auto log messages stack - Iteration 30.	[MsgId: MMSG-10545]
Action.c(55): Notify: Transaction "Create New Patient" started.	[MsgId: MMSG-16999]
Action.c(58): web_custom_request("web_custom_request") was successful, 373 body bytes, 266 header bytes  	[MsgId: MMSG-26386]
Action.c(124): Notify: Transaction "Create New Patient" ended with "Pass" status (Duration: 0.6236 Wasted Time: 0.0000).	[MsgId: MMSG-16871]
Action.c(127): lr_think_time: 60.00 seconds.	[MsgId: MMSG-15948]
Action.c(220): Notify: Transaction "Notify File 100k" started.	[MsgId: MMSG-16999]
Action.c(225): Registering web_reg_save_param was successful  	[MsgId: MMSG-26390]
Action.c(230): web_custom_request("web_custom_request") was successful, 381 body bytes, 266 header bytes  	[MsgId: MMSG-26386]
Action.c(299): Notify: Transaction "Notify File 100k" ended with "Pass" status (Duration: 66.9606 Wasted Time: 0.0000).	[MsgId: MMSG-16871]
Action.c(305): lr_think_time: 60.00 seconds.	[MsgId: MMSG-15948]
Action.c(316): web_set_max_html_param_len was successful  	[MsgId: MMSG-26392]
Action.c(346): lr_think_time: 5.00 seconds.	[MsgId: MMSG-15948]
Action.c(358): Error: The report print status is not correct and Update the status by databse failed: the accessionnumber is  A20180613202911630 	[MsgId: MERR-17999]
End auto log messages stack.	[MsgId: MMSG-10544]

Start auto log messages stack - Iteration 31.	[MsgId: MMSG-10545]
Action.c(58): web_custom_request("web_custom_request") was successful, 373 body bytes, 266 header bytes  	[MsgId: MMSG-26386]
Action.c(124): Notify: Transaction "Create New Patient" ended with "Pass" status (Duration: 1.0216 Wasted Time: 0.0000).	[MsgId: MMSG-16871]
Action.c(127): lr_think_time: 60.00 seconds.	[MsgId: MMSG-15948]
Action.c(220): Notify: Transaction "Notify File 100k" started.	[MsgId: MMSG-16999]
Action.c(225): Registering web_reg_save_param was successful  	[MsgId: MMSG-26390]
Action.c(230): web_custom_request("web_custom_request") was successful, 381 body bytes, 266 header bytes  	[MsgId: MMSG-26386]
Action.c(299): Notify: Transaction "Notify File 100k" ended with "Pass" status (Duration: 31.9371 Wasted Time: 0.0000).	[MsgId: MMSG-16871]
Action.c(305): lr_think_time: 60.00 seconds.	[MsgId: MMSG-15948]
Action.c(316): web_set_max_html_param_len was successful  	[MsgId: MMSG-26392]
Action.c(346): lr_think_time: 5.00 seconds.	[MsgId: MMSG-15948]
Action.c(358): Error: The report print status is not correct and Update the status by databse failed: the accessionnumber is  A20180613203237127 	[MsgId: MERR-17999]
End auto log messages stack.	[MsgId: MMSG-10544]

Start auto log messages stack - Iteration 32.	[MsgId: MMSG-10545]
Action.c(697): Notify: Transaction "Report PrintTask Status Check" started.	[MsgId: MMSG-16999]
Action.c(699): Registering web_reg_save_param was successful  	[MsgId: MMSG-26390]
Action.c(704): Warning -26593: The header being added may cause unpredictable results when applied to all ensuing URLs. It is added anyway  	[MsgId: MWAR-26593]
Action.c(704): web_add_auto_header("content-type") highest severity level was "warning"  	[MsgId: MMSG-26391]
Action.c(706): web_custom_request("web_custom_request") was successful, 265 body bytes, 283 header bytes  	[MsgId: MMSG-26386]
Action.c(716): Notify: Transaction "Report PrintTask Status Check" ended with "Pass" status (Duration: 0.1700 Wasted Time: 0.0000).	[MsgId: MMSG-16871]
Action.c(718): PrintStatus-------,0	[MsgId: MMSG-17999]
Action.c(720): Compare Result-------,-4	[MsgId: MMSG-17999]
Action.c(724): lr_think_time: 5.00 seconds.	[MsgId: MMSG-15948]
Action.c(744): Notify: Transaction "Report  Print Task fail" started.	[MsgId: MMSG-16999]
Action.c(746): Error: The report task print failed! taskID: 4377488  From Terminal: Terminal38	[MsgId: MERR-17999]
End auto log messages stack.	[MsgId: MMSG-10544]

Start auto log messages stack - Iteration 33.	[MsgId: MMSG-10545]
Action.c(697): Notify: Transaction "Report PrintTask Status Check" started.	[MsgId: MMSG-16999]
Action.c(699): Registering web_reg_save_param was successful  	[MsgId: MMSG-26390]
Action.c(704): Warning -26593: The header being added may cause unpredictable results when applied to all ensuing URLs. It is added anyway  	[MsgId: MWAR-26593]
Action.c(704): web_add_auto_header("content-type") highest severity level was "warning"  	[MsgId: MMSG-26391]
Action.c(706): web_custom_request("web_custom_request") was successful, 265 body bytes, 283 header bytes  	[MsgId: MMSG-26386]
Action.c(716): Notify: Transaction "Report PrintTask Status Check" ended with "Pass" status (Duration: 0.1850 Wasted Time: 0.0000).	[MsgId: MMSG-16871]
Action.c(718): PrintStatus-------,0	[MsgId: MMSG-17999]
Action.c(720): Compare Result-------,-4	[MsgId: MMSG-17999]
Action.c(724): lr_think_time: 5.00 seconds.	[MsgId: MMSG-15948]
Action.c(744): Notify: Transaction "Report  Print Task fail" started.	[MsgId: MMSG-16999]
Action.c(746): Error: The report task print failed! taskID: 4377507  From Terminal: Terminal37	[MsgId: MERR-17999]
End auto log messages stack.	[MsgId: MMSG-10544]

Start auto log messages stack - Iteration 34.	[MsgId: MMSG-10545]
Action.c(471): web_add_auto_header("content-type") highest severity level was "warning"  	[MsgId: MMSG-26391]
Action.c(472): Warning -26377: No match found for the requested parameter "ReportPath". Check whether the requested boundaries exist in the response data. Also, if the data you want to save exceeds 809400 bytes, use web_set_max_html_param_len to increase the parameter size  	[MsgId: MWAR-26377]
Action.c(472): web_custom_request("Item_query") highest severity level was "warning", 401 body bytes, 283 header bytes  	[MsgId: MMSG-26388]
Action.c(483): Notify: Transaction "Report QueryFilmReportInfo" ended with "Pass" status (Duration: 81.3477 Wasted Time: 0.0000).	[MsgId: MMSG-16871]
Action.c(488): Notify: Transaction "Report GetReportPath_fail" started.	[MsgId: MMSG-16999]
Action.c(489): The accession number is A20180613205032254,Terminal38	[MsgId: MMSG-17999]
Action.c(490): Notify: Transaction "Report GetReportPath_fail" ended with "Pass" status (Duration: 0.0001).	[MsgId: MMSG-16873]
Action.c(498): Error: Try to get the report path or ID failed:Accession: A20180613205032254  Terminal:  Terminal38	[MsgId: MERR-17999]
End auto log messages stack.	[MsgId: MMSG-10544]

Start auto log messages stack - Iteration 35.	[MsgId: MMSG-10545]
Action.c(697): Notify: Transaction "Report PrintTask Status Check" started.	[MsgId: MMSG-16999]
Action.c(699): Registering web_reg_save_param was successful  	[MsgId: MMSG-26390]
Action.c(704): Warning -26593: The header being added may cause unpredictable results when applied to all ensuing URLs. It is added anyway  	[MsgId: MWAR-26593]
Action.c(704): web_add_auto_header("content-type") highest severity level was "warning"  	[MsgId: MMSG-26391]
Action.c(706): web_custom_request("web_custom_request") was successful, 265 body bytes, 283 header bytes  	[MsgId: MMSG-26386]
Action.c(716): Notify: Transaction "Report PrintTask Status Check" ended with "Pass" status (Duration: 0.0600 Wasted Time: 0.0000).	[MsgId: MMSG-16871]
Action.c(718): PrintStatus-------,0	[MsgId: MMSG-17999]
Action.c(720): Compare Result-------,-4	[MsgId: MMSG-17999]
Action.c(724): lr_think_time: 5.00 seconds.	[MsgId: MMSG-15948]
Action.c(744): Notify: Transaction "Report  Print Task fail" started.	[MsgId: MMSG-16999]
Action.c(746): Error: The report task print failed! taskID: 4377533  From Terminal: Terminal37	[MsgId: MERR-17999]
End auto log messages stack.	[MsgId: MMSG-10544]

Start auto log messages stack - Iteration 36.	[MsgId: MMSG-10545]
Action.c(697): Notify: Transaction "Report PrintTask Status Check" started.	[MsgId: MMSG-16999]
Action.c(699): Registering web_reg_save_param was successful  	[MsgId: MMSG-26390]
Action.c(704): Warning -26593: The header being added may cause unpredictable results when applied to all ensuing URLs. It is added anyway  	[MsgId: MWAR-26593]
Action.c(704): web_add_auto_header("content-type") highest severity level was "warning"  	[MsgId: MMSG-26391]
Action.c(706): web_custom_request("web_custom_request") was successful, 265 body bytes, 283 header bytes  	[MsgId: MMSG-26386]
Action.c(716): Notify: Transaction "Report PrintTask Status Check" ended with "Pass" status (Duration: 0.1847 Wasted Time: 0.0000).	[MsgId: MMSG-16871]
Action.c(718): PrintStatus-------,0	[MsgId: MMSG-17999]
Action.c(720): Compare Result-------,-4	[MsgId: MMSG-17999]
Action.c(724): lr_think_time: 5.00 seconds.	[MsgId: MMSG-15948]
Action.c(744): Notify: Transaction "Report  Print Task fail" started.	[MsgId: MMSG-16999]
Action.c(746): Error: The report task print failed! taskID: 4377551  From Terminal: Terminal38	[MsgId: MERR-17999]
End auto log messages stack.	[MsgId: MMSG-10544]

Start auto log messages stack - Iteration 37.	[MsgId: MMSG-10545]
Action.c(55): Notify: Transaction "Create New Patient" started.	[MsgId: MMSG-16999]
Action.c(58): web_custom_request("web_custom_request") was successful, 373 body bytes, 266 header bytes  	[MsgId: MMSG-26386]
Action.c(124): Notify: Transaction "Create New Patient" ended with "Pass" status (Duration: 1.6279 Wasted Time: 0.0000).	[MsgId: MMSG-16871]
Action.c(127): lr_think_time: 60.00 seconds.	[MsgId: MMSG-15948]
Action.c(220): Notify: Transaction "Notify File 100k" started.	[MsgId: MMSG-16999]
Action.c(225): Registering web_reg_save_param was successful  	[MsgId: MMSG-26390]
Action.c(230): web_custom_request("web_custom_request") was successful, 381 body bytes, 266 header bytes  	[MsgId: MMSG-26386]
Action.c(299): Notify: Transaction "Notify File 100k" ended with "Pass" status (Duration: 67.7830 Wasted Time: 0.0000).	[MsgId: MMSG-16871]
Action.c(305): lr_think_time: 60.00 seconds.	[MsgId: MMSG-15948]
Action.c(316): web_set_max_html_param_len was successful  	[MsgId: MMSG-26392]
Action.c(346): lr_think_time: 5.00 seconds.	[MsgId: MMSG-15948]
Action.c(358): Error: The report print status is not correct and Update the status by databse failed: the accessionnumber is  A20180613212001311 	[MsgId: MERR-17999]
End auto log messages stack.	[MsgId: MMSG-10544]

Start auto log messages stack - Iteration 38.	[MsgId: MMSG-10545]
Action.c(697): Notify: Transaction "Report PrintTask Status Check" started.	[MsgId: MMSG-16999]
Action.c(699): Registering web_reg_save_param was successful  	[MsgId: MMSG-26390]
Action.c(704): Warning -26593: The header being added may cause unpredictable results when applied to all ensuing URLs. It is added anyway  	[MsgId: MWAR-26593]
Action.c(704): web_add_auto_header("content-type") highest severity level was "warning"  	[MsgId: MMSG-26391]
Action.c(706): web_custom_request("web_custom_request") was successful, 265 body bytes, 283 header bytes  	[MsgId: MMSG-26386]
Action.c(716): Notify: Transaction "Report PrintTask Status Check" ended with "Pass" status (Duration: 2.1004 Wasted Time: 0.0000).	[MsgId: MMSG-16871]
Action.c(718): PrintStatus-------,0	[MsgId: MMSG-17999]
Action.c(720): Compare Result-------,-4	[MsgId: MMSG-17999]
Action.c(724): lr_think_time: 5.00 seconds.	[MsgId: MMSG-15948]
Action.c(744): Notify: Transaction "Report  Print Task fail" started.	[MsgId: MMSG-16999]
Action.c(746): Error: The report task print failed! taskID: 4377567  From Terminal: Terminal38	[MsgId: MERR-17999]
End auto log messages stack.	[MsgId: MMSG-10544]

Start auto log messages stack - Iteration 39.	[MsgId: MMSG-10545]
Action.c(697): Notify: Transaction "Report PrintTask Status Check" started.	[MsgId: MMSG-16999]
Action.c(699): Registering web_reg_save_param was successful  	[MsgId: MMSG-26390]
Action.c(704): Warning -26593: The header being added may cause unpredictable results when applied to all ensuing URLs. It is added anyway  	[MsgId: MWAR-26593]
Action.c(704): web_add_auto_header("content-type") highest severity level was "warning"  	[MsgId: MMSG-26391]
Action.c(706): web_custom_request("web_custom_request") was successful, 265 body bytes, 283 header bytes  	[MsgId: MMSG-26386]
Action.c(716): Notify: Transaction "Report PrintTask Status Check" ended with "Pass" status (Duration: 0.8485 Wasted Time: 0.0000).	[MsgId: MMSG-16871]
Action.c(718): PrintStatus-------,0	[MsgId: MMSG-17999]
Action.c(720): Compare Result-------,-4	[MsgId: MMSG-17999]
Action.c(724): lr_think_time: 5.00 seconds.	[MsgId: MMSG-15948]
Action.c(744): Notify: Transaction "Report  Print Task fail" started.	[MsgId: MMSG-16999]
Action.c(746): Error: The report task print failed! taskID: 4377579  From Terminal: Terminal37	[MsgId: MERR-17999]
End auto log messages stack.	[MsgId: MMSG-10544]

Start auto log messages stack - Iteration 40.	[MsgId: MMSG-10545]
Action.c(55): Notify: Transaction "Create New Patient" started.	[MsgId: MMSG-16999]
Action.c(58): web_custom_request("web_custom_request") was successful, 373 body bytes, 266 header bytes  	[MsgId: MMSG-26386]
Action.c(124): Notify: Transaction "Create New Patient" ended with "Pass" status (Duration: 1.0142 Wasted Time: 0.0000).	[MsgId: MMSG-16871]
Action.c(127): lr_think_time: 60.00 seconds.	[MsgId: MMSG-15948]
Action.c(220): Notify: Transaction "Notify File 100k" started.	[MsgId: MMSG-16999]
Action.c(225): Registering web_reg_save_param was successful  	[MsgId: MMSG-26390]
Action.c(230): web_custom_request("web_custom_request") was successful, 381 body bytes, 266 header bytes  	[MsgId: MMSG-26386]
Action.c(299): Notify: Transaction "Notify File 100k" ended with "Pass" status (Duration: 25.2903 Wasted Time: 0.0000).	[MsgId: MMSG-16871]
Action.c(305): lr_think_time: 60.00 seconds.	[MsgId: MMSG-15948]
Action.c(316): web_set_max_html_param_len was successful  	[MsgId: MMSG-26392]
Action.c(346): lr_think_time: 5.00 seconds.	[MsgId: MMSG-15948]
Action.c(358): Error: The report print status is not correct and Update the status by databse failed: the accessionnumber is  A20180613215256504 	[MsgId: MERR-17999]
End auto log messages stack.	[MsgId: MMSG-10544]

Start auto log messages stack - Iteration 41.	[MsgId: MMSG-10545]
Action.c(471): web_add_auto_header("content-type") highest severity level was "warning"  	[MsgId: MMSG-26391]
Action.c(472): Warning -26377: No match found for the requested parameter "ReportPath". Check whether the requested boundaries exist in the response data. Also, if the data you want to save exceeds 809400 bytes, use web_set_max_html_param_len to increase the parameter size  	[MsgId: MWAR-26377]
Action.c(472): web_custom_request("Item_query") highest severity level was "warning", 401 body bytes, 283 header bytes  	[MsgId: MMSG-26388]
Action.c(483): Notify: Transaction "Report QueryFilmReportInfo" ended with "Pass" status (Duration: 54.8062 Wasted Time: 0.0000).	[MsgId: MMSG-16871]
Action.c(488): Notify: Transaction "Report GetReportPath_fail" started.	[MsgId: MMSG-16999]
Action.c(489): The accession number is A20180613215543828,Terminal37	[MsgId: MMSG-17999]
Action.c(490): Notify: Transaction "Report GetReportPath_fail" ended with "Pass" status (Duration: 0.0001).	[MsgId: MMSG-16873]
Action.c(498): Error: Try to get the report path or ID failed:Accession: A20180613215543828  Terminal:  Terminal37	[MsgId: MERR-17999]
End auto log messages stack.	[MsgId: MMSG-10544]

Start auto log messages stack - Iteration 42.	[MsgId: MMSG-10545]
Action.c(697): Notify: Transaction "Report PrintTask Status Check" started.	[MsgId: MMSG-16999]
Action.c(699): Registering web_reg_save_param was successful  	[MsgId: MMSG-26390]
Action.c(704): Warning -26593: The header being added may cause unpredictable results when applied to all ensuing URLs. It is added anyway  	[MsgId: MWAR-26593]
Action.c(704): web_add_auto_header("content-type") highest severity level was "warning"  	[MsgId: MMSG-26391]
Action.c(706): web_custom_request("web_custom_request") was successful, 265 body bytes, 283 header bytes  	[MsgId: MMSG-26386]
Action.c(716): Notify: Transaction "Report PrintTask Status Check" ended with "Pass" status (Duration: 0.4337 Wasted Time: 0.0000).	[MsgId: MMSG-16871]
Action.c(718): PrintStatus-------,0	[MsgId: MMSG-17999]
Action.c(720): Compare Result-------,-4	[MsgId: MMSG-17999]
Action.c(724): lr_think_time: 5.00 seconds.	[MsgId: MMSG-15948]
Action.c(744): Notify: Transaction "Report  Print Task fail" started.	[MsgId: MMSG-16999]
Action.c(746): Error: The report task print failed! taskID: 4377600  From Terminal: Terminal38	[MsgId: MERR-17999]
End auto log messages stack.	[MsgId: MMSG-10544]

Start auto log messages stack - Iteration 43.	[MsgId: MMSG-10545]
Action.c(524): web_add_auto_header("content-type") highest severity level was "warning"  	[MsgId: MMSG-26391]
Action.c(525): web_custom_request("Item_query") was successful, 1012 body bytes, 284 header bytes  	[MsgId: MMSG-26386]
Action.c(537): Notify: Transaction "Report QueryFilmReportInfo" ended with "Pass" status (Duration: 51.0433).	[MsgId: MMSG-16873]
Action.c(582): lr_think_time: 5.00 seconds.	[MsgId: MMSG-15948]
Action.c(590): Notify: Transaction "Report Create_PrintTask" started.	[MsgId: MMSG-16999]
Action.c(592): Registering web_reg_save_param was successful  	[MsgId: MMSG-26390]
Action.c(603): Warning -26593: The header being added may cause unpredictable results when applied to all ensuing URLs. It is added anyway  	[MsgId: MWAR-26593]
Action.c(603): web_add_auto_header("content-type") highest severity level was "warning"  	[MsgId: MMSG-26391]
Action.c(605): Continuing after Error -26377: No match found for the requested parameter "TaskID". Check whether the requested boundaries exist in the response data. Also, if the data you want to save exceeds 809400 bytes, use web_set_max_html_param_len to increase the parameter size  	[MsgId: MERR-26377]
End auto log messages stack.	[MsgId: MMSG-10544]

Start auto log messages stack - Iteration 43.	[MsgId: MMSG-10545]
Action.c(605): web_custom_request("web_custom_request") highest severity level was "continue on error", 265 body bytes, 283 header bytes  	[MsgId: MMSG-26388]
Action.c(605): Continuing after error in Vuser script.	[MsgId: MMSG-10678]
Action.c(616): Notify: Transaction "Report Create_PrintTask" ended with "Fail" status (Duration: 104.8946).	[MsgId: MMSG-16873]
TaskID is : 	[MsgId: MMSG-17999]
Action.c(621): lr_think_time: 5.00 seconds.	[MsgId: MMSG-15948]
Action.c(628): Notify: Transaction "Create Report PrintTask Fail" started.	[MsgId: MMSG-16999]
Action.c(630): Error: The system create report print task fail!:   From Terminal: Terminal37 and error message is 	[MsgId: MERR-17999]
End auto log messages stack.	[MsgId: MMSG-10544]

Start auto log messages stack - Iteration 44.	[MsgId: MMSG-10545]
Action.c(697): Notify: Transaction "Report PrintTask Status Check" started.	[MsgId: MMSG-16999]
Action.c(699): Registering web_reg_save_param was successful  	[MsgId: MMSG-26390]
Action.c(704): Warning -26593: The header being added may cause unpredictable results when applied to all ensuing URLs. It is added anyway  	[MsgId: MWAR-26593]
Action.c(704): web_add_auto_header("content-type") highest severity level was "warning"  	[MsgId: MMSG-26391]
Action.c(706): web_custom_request("web_custom_request") was successful, 265 body bytes, 283 header bytes  	[MsgId: MMSG-26386]
Action.c(716): Notify: Transaction "Report PrintTask Status Check" ended with "Pass" status (Duration: 0.4368).	[MsgId: MMSG-16873]
Action.c(718): PrintStatus-------,0	[MsgId: MMSG-17999]
Action.c(720): Compare Result-------,-4	[MsgId: MMSG-17999]
Action.c(724): lr_think_time: 5.00 seconds.	[MsgId: MMSG-15948]
Action.c(744): Notify: Transaction "Report  Print Task fail" started.	[MsgId: MMSG-16999]
Action.c(746): Error: The report task print failed! taskID: 4377633  From Terminal: Terminal38	[MsgId: MERR-17999]
End auto log messages stack.	[MsgId: MMSG-10544]

Start auto log messages stack - Iteration 45.	[MsgId: MMSG-10545]
Action.c(471): web_add_auto_header("content-type") highest severity level was "warning"  	[MsgId: MMSG-26391]
Action.c(472): Warning -26377: No match found for the requested parameter "ReportPath". Check whether the requested boundaries exist in the response data. Also, if the data you want to save exceeds 809400 bytes, use web_set_max_html_param_len to increase the parameter size  	[MsgId: MWAR-26377]
Action.c(472): web_custom_request("Item_query") highest severity level was "warning", 401 body bytes, 283 header bytes  	[MsgId: MMSG-26388]
Action.c(483): Notify: Transaction "Report QueryFilmReportInfo" ended with "Pass" status (Duration: 36.5821).	[MsgId: MMSG-16873]
Action.c(488): Notify: Transaction "Report GetReportPath_fail" started.	[MsgId: MMSG-16999]
Action.c(489): The accession number is A20180613223328109,Terminal37	[MsgId: MMSG-17999]
Action.c(490): Notify: Transaction "Report GetReportPath_fail" ended with "Pass" status (Duration: 0.0000).	[MsgId: MMSG-16873]
Action.c(498): Error: Try to get the report path or ID failed:Accession: A20180613223328109  Terminal:  Terminal37	[MsgId: MERR-17999]
End auto log messages stack.	[MsgId: MMSG-10544]

Start auto log messages stack - Iteration 46.	[MsgId: MMSG-10545]
Action.c(697): Notify: Transaction "Report PrintTask Status Check" started.	[MsgId: MMSG-16999]
Action.c(699): Registering web_reg_save_param was successful  	[MsgId: MMSG-26390]
Action.c(704): Warning -26593: The header being added may cause unpredictable results when applied to all ensuing URLs. It is added anyway  	[MsgId: MWAR-26593]
Action.c(704): web_add_auto_header("content-type") highest severity level was "warning"  	[MsgId: MMSG-26391]
Action.c(706): web_custom_request("web_custom_request") was successful, 265 body bytes, 283 header bytes  	[MsgId: MMSG-26386]
Action.c(716): Notify: Transaction "Report PrintTask Status Check" ended with "Pass" status (Duration: 0.9204).	[MsgId: MMSG-16873]
Action.c(718): PrintStatus-------,0	[MsgId: MMSG-17999]
Action.c(720): Compare Result-------,-4	[MsgId: MMSG-17999]
Action.c(724): lr_think_time: 5.00 seconds.	[MsgId: MMSG-15948]
Action.c(744): Notify: Transaction "Report  Print Task fail" started.	[MsgId: MMSG-16999]
Action.c(746): Error: The report task print failed! taskID: 4377662  From Terminal: Terminal38	[MsgId: MERR-17999]
End auto log messages stack.	[MsgId: MMSG-10544]

Start auto log messages stack - Iteration 47.	[MsgId: MMSG-10545]
Action.c(697): Notify: Transaction "Report PrintTask Status Check" started.	[MsgId: MMSG-16999]
Action.c(699): Registering web_reg_save_param was successful  	[MsgId: MMSG-26390]
Action.c(704): Warning -26593: The header being added may cause unpredictable results when applied to all ensuing URLs. It is added anyway  	[MsgId: MWAR-26593]
Action.c(704): web_add_auto_header("content-type") highest severity level was "warning"  	[MsgId: MMSG-26391]
Action.c(706): web_custom_request("web_custom_request") was successful, 265 body bytes, 283 header bytes  	[MsgId: MMSG-26386]
Action.c(716): Notify: Transaction "Report PrintTask Status Check" ended with "Pass" status (Duration: 0.4056).	[MsgId: MMSG-16873]
Action.c(718): PrintStatus-------,0	[MsgId: MMSG-17999]
Action.c(720): Compare Result-------,-4	[MsgId: MMSG-17999]
Action.c(724): lr_think_time: 5.00 seconds.	[MsgId: MMSG-15948]
Action.c(744): Notify: Transaction "Report  Print Task fail" started.	[MsgId: MMSG-16999]
Action.c(746): Error: The report task print failed! taskID: 4377682  From Terminal: Terminal37	[MsgId: MERR-17999]
End auto log messages stack.	[MsgId: MMSG-10544]

Start auto log messages stack - Iteration 48.	[MsgId: MMSG-10545]
Action.c(697): Notify: Transaction "Report PrintTask Status Check" started.	[MsgId: MMSG-16999]
Action.c(699): Registering web_reg_save_param was successful  	[MsgId: MMSG-26390]
Action.c(704): Warning -26593: The header being added may cause unpredictable results when applied to all ensuing URLs. It is added anyway  	[MsgId: MWAR-26593]
Action.c(704): web_add_auto_header("content-type") highest severity level was "warning"  	[MsgId: MMSG-26391]
Action.c(706): web_custom_request("web_custom_request") was successful, 265 body bytes, 283 header bytes  	[MsgId: MMSG-26386]
Action.c(716): Notify: Transaction "Report PrintTask Status Check" ended with "Pass" status (Duration: 0.6864).	[MsgId: MMSG-16873]
Action.c(718): PrintStatus-------,0	[MsgId: MMSG-17999]
Action.c(720): Compare Result-------,-4	[MsgId: MMSG-17999]
Action.c(724): lr_think_time: 5.00 seconds.	[MsgId: MMSG-15948]
Action.c(744): Notify: Transaction "Report  Print Task fail" started.	[MsgId: MMSG-16999]
Action.c(746): Error: The report task print failed! taskID: 4377689  From Terminal: Terminal38	[MsgId: MERR-17999]
End auto log messages stack.	[MsgId: MMSG-10544]

Start auto log messages stack - Iteration 49.	[MsgId: MMSG-10545]
Action.c(697): Notify: Transaction "Report PrintTask Status Check" started.	[MsgId: MMSG-16999]
Action.c(699): Registering web_reg_save_param was successful  	[MsgId: MMSG-26390]
Action.c(704): Warning -26593: The header being added may cause unpredictable results when applied to all ensuing URLs. It is added anyway  	[MsgId: MWAR-26593]
Action.c(704): web_add_auto_header("content-type") highest severity level was "warning"  	[MsgId: MMSG-26391]
Action.c(706): web_custom_request("web_custom_request") was successful, 265 body bytes, 283 header bytes  	[MsgId: MMSG-26386]
Action.c(716): Notify: Transaction "Report PrintTask Status Check" ended with "Pass" status (Duration: 0.5616).	[MsgId: MMSG-16873]
Action.c(718): PrintStatus-------,0	[MsgId: MMSG-17999]
Action.c(720): Compare Result-------,-4	[MsgId: MMSG-17999]
Action.c(724): lr_think_time: 5.00 seconds.	[MsgId: MMSG-15948]
Action.c(744): Notify: Transaction "Report  Print Task fail" started.	[MsgId: MMSG-16999]
Action.c(746): Error: The report task print failed! taskID: 4377699  From Terminal: Terminal37	[MsgId: MERR-17999]
End auto log messages stack.	[MsgId: MMSG-10544]

Start auto log messages stack - Iteration 50.	[MsgId: MMSG-10545]
Action.c(697): Notify: Transaction "Report PrintTask Status Check" started.	[MsgId: MMSG-16999]
Action.c(699): Registering web_reg_save_param was successful  	[MsgId: MMSG-26390]
Action.c(704): Warning -26593: The header being added may cause unpredictable results when applied to all ensuing URLs. It is added anyway  	[MsgId: MWAR-26593]
Action.c(704): web_add_auto_header("content-type") highest severity level was "warning"  	[MsgId: MMSG-26391]
Action.c(706): web_custom_request("web_custom_request") was successful, 265 body bytes, 283 header bytes  	[MsgId: MMSG-26386]
Action.c(716): Notify: Transaction "Report PrintTask Status Check" ended with "Pass" status (Duration: 0.2028).	[MsgId: MMSG-16873]
Action.c(718): PrintStatus-------,0	[MsgId: MMSG-17999]
Action.c(720): Compare Result-------,-4	[MsgId: MMSG-17999]
Action.c(724): lr_think_time: 5.00 seconds.	[MsgId: MMSG-15948]
Action.c(744): Notify: Transaction "Report  Print Task fail" started.	[MsgId: MMSG-16999]
Action.c(746): Error: The report task print failed! taskID: 4377719  From Terminal: Terminal38	[MsgId: MERR-17999]
End auto log messages stack.	[MsgId: MMSG-10544]

Start auto log messages stack - Iteration 51.	[MsgId: MMSG-10545]
Action.c(55): Notify: Transaction "Create New Patient" started.	[MsgId: MMSG-16999]
Action.c(58): web_custom_request("web_custom_request") was successful, 373 body bytes, 266 header bytes  	[MsgId: MMSG-26386]
Action.c(124): Notify: Transaction "Create New Patient" ended with "Pass" status (Duration: 1.4352).	[MsgId: MMSG-16873]
Action.c(127): lr_think_time: 60.00 seconds.	[MsgId: MMSG-15948]
Action.c(220): Notify: Transaction "Notify File 100k" started.	[MsgId: MMSG-16999]
Action.c(225): Registering web_reg_save_param was successful  	[MsgId: MMSG-26390]
Action.c(230): web_custom_request("web_custom_request") was successful, 381 body bytes, 266 header bytes  	[MsgId: MMSG-26386]
Action.c(299): Notify: Transaction "Notify File 100k" ended with "Pass" status (Duration: 72.6649).	[MsgId: MMSG-16873]
Action.c(305): lr_think_time: 60.00 seconds.	[MsgId: MMSG-15948]
Action.c(316): web_set_max_html_param_len was successful  	[MsgId: MMSG-26392]
Action.c(346): lr_think_time: 5.00 seconds.	[MsgId: MMSG-15948]
Action.c(358): Error: The report print status is not correct and Update the status by databse failed: the accessionnumber is  A20180613233920986 	[MsgId: MERR-17999]
End auto log messages stack.	[MsgId: MMSG-10544]

Start auto log messages stack - Iteration 52.	[MsgId: MMSG-10545]
Action.c(489): The accession number is A20180613234246298,Terminal38	[MsgId: MMSG-17999]
Action.c(490): Notify: Transaction "Report GetReportPath_fail" ended with "Pass" status (Duration: 0.0000).	[MsgId: MMSG-16873]
Action.c(460): lr_think_time: 6.00 seconds.	[MsgId: MMSG-15948]
Action.c(463): Registering web_reg_save_param was successful  	[MsgId: MMSG-26390]
Action.c(469): Notify: Transaction "Report QueryFilmReportInfo" started.	[MsgId: MMSG-16999]
Action.c(471): Warning -26593: The header being added may cause unpredictable results when applied to all ensuing URLs. It is added anyway  	[MsgId: MWAR-26593]
Action.c(471): web_add_auto_header("content-type") highest severity level was "warning"  	[MsgId: MMSG-26391]
Action.c(472): web_custom_request("Item_query") was successful, 1012 body bytes, 284 header bytes  	[MsgId: MMSG-26386]
Action.c(483): Notify: Transaction "Report QueryFilmReportInfo" ended with "Pass" status (Duration: 17.5032).	[MsgId: MMSG-16873]
Action.c(498): Error: Try to get the report path or ID failed:Accession: A20180613234246298  Terminal:  Terminal38	[MsgId: MERR-17999]
End auto log messages stack.	[MsgId: MMSG-10544]

Start auto log messages stack - Iteration 53.	[MsgId: MMSG-10545]
Action.c(697): Notify: Transaction "Report PrintTask Status Check" started.	[MsgId: MMSG-16999]
Action.c(699): Registering web_reg_save_param was successful  	[MsgId: MMSG-26390]
Action.c(704): Warning -26593: The header being added may cause unpredictable results when applied to all ensuing URLs. It is added anyway  	[MsgId: MWAR-26593]
Action.c(704): web_add_auto_header("content-type") highest severity level was "warning"  	[MsgId: MMSG-26391]
Action.c(706): web_custom_request("web_custom_request") was successful, 265 body bytes, 283 header bytes  	[MsgId: MMSG-26386]
Action.c(716): Notify: Transaction "Report PrintTask Status Check" ended with "Pass" status (Duration: 1.2948).	[MsgId: MMSG-16873]
Action.c(718): PrintStatus-------,0	[MsgId: MMSG-17999]
Action.c(720): Compare Result-------,-4	[MsgId: MMSG-17999]
Action.c(724): lr_think_time: 5.00 seconds.	[MsgId: MMSG-15948]
Action.c(744): Notify: Transaction "Report  Print Task fail" started.	[MsgId: MMSG-16999]
Action.c(746): Error: The report task print failed! taskID: 4377741  From Terminal: Terminal37	[MsgId: MERR-17999]
End auto log messages stack.	[MsgId: MMSG-10544]

Start auto log messages stack - Iteration 54.	[MsgId: MMSG-10545]
Action.c(697): Notify: Transaction "Report PrintTask Status Check" started.	[MsgId: MMSG-16999]
Action.c(699): Registering web_reg_save_param was successful  	[MsgId: MMSG-26390]
Action.c(704): Warning -26593: The header being added may cause unpredictable results when applied to all ensuing URLs. It is added anyway  	[MsgId: MWAR-26593]
Action.c(704): web_add_auto_header("content-type") highest severity level was "warning"  	[MsgId: MMSG-26391]
Action.c(706): web_custom_request("web_custom_request") was successful, 265 body bytes, 283 header bytes  	[MsgId: MMSG-26386]
Action.c(716): Notify: Transaction "Report PrintTask Status Check" ended with "Pass" status (Duration: 0.2028).	[MsgId: MMSG-16873]
Action.c(718): PrintStatus-------,0	[MsgId: MMSG-17999]
Action.c(720): Compare Result-------,-4	[MsgId: MMSG-17999]
Action.c(724): lr_think_time: 5.00 seconds.	[MsgId: MMSG-15948]
Action.c(744): Notify: Transaction "Report  Print Task fail" started.	[MsgId: MMSG-16999]
Action.c(746): Error: The report task print failed! taskID: 4377754  From Terminal: Terminal38	[MsgId: MERR-17999]
End auto log messages stack.	[MsgId: MMSG-10544]

Start auto log messages stack - Iteration 55.	[MsgId: MMSG-10545]
Action.c(524): web_add_auto_header("content-type") highest severity level was "warning"  	[MsgId: MMSG-26391]
Action.c(525): Warning -26377: No match found for the requested parameter "ReportID". Check whether the requested boundaries exist in the response data. Also, if the data you want to save exceeds 809400 bytes, use web_set_max_html_param_len to increase the parameter size  	[MsgId: MWAR-26377]
Action.c(525): web_custom_request("Item_query") highest severity level was "warning", 401 body bytes, 283 header bytes  	[MsgId: MMSG-26388]
Action.c(537): Notify: Transaction "Report QueryFilmReportInfo" ended with "Pass" status (Duration: 32.7601).	[MsgId: MMSG-16873]
Action.c(543): Notify: Transaction "Report GetReportID_fail" started.	[MsgId: MMSG-16999]
Action.c(544): The accession number is A20180614000824960,Terminal37	[MsgId: MMSG-17999]
Action.c(545): Notify: Transaction "Report GetReportID_fail" ended with "Pass" status (Duration: 0.0000).	[MsgId: MMSG-16873]
Action.c(553): Error: Try to get the report path or ID failed:Accession: A20180614000824960  Terminal:  Terminal37	[MsgId: MERR-17999]
End auto log messages stack.	[MsgId: MMSG-10544]

Start auto log messages stack - Iteration 56.	[MsgId: MMSG-10545]
Action.c(697): Notify: Transaction "Report PrintTask Status Check" started.	[MsgId: MMSG-16999]
Action.c(699): Registering web_reg_save_param was successful  	[MsgId: MMSG-26390]
Action.c(704): Warning -26593: The header being added may cause unpredictable results when applied to all ensuing URLs. It is added anyway  	[MsgId: MWAR-26593]
Action.c(704): web_add_auto_header("content-type") highest severity level was "warning"  	[MsgId: MMSG-26391]
Action.c(706): web_custom_request("web_custom_request") was successful, 265 body bytes, 283 header bytes  	[MsgId: MMSG-26386]
Action.c(716): Notify: Transaction "Report PrintTask Status Check" ended with "Pass" status (Duration: 0.4056).	[MsgId: MMSG-16873]
Action.c(718): PrintStatus-------,0	[MsgId: MMSG-17999]
Action.c(720): Compare Result-------,-4	[MsgId: MMSG-17999]
Action.c(724): lr_think_time: 5.00 seconds.	[MsgId: MMSG-15948]
Action.c(744): Notify: Transaction "Report  Print Task fail" started.	[MsgId: MMSG-16999]
Action.c(746): Error: The report task print failed! taskID: 4377776  From Terminal: Terminal38	[MsgId: MERR-17999]
End auto log messages stack.	[MsgId: MMSG-10544]

Start auto log messages stack - Iteration 57.	[MsgId: MMSG-10545]
Action.c(697): Notify: Transaction "Report PrintTask Status Check" started.	[MsgId: MMSG-16999]
Action.c(699): Registering web_reg_save_param was successful  	[MsgId: MMSG-26390]
Action.c(704): Warning -26593: The header being added may cause unpredictable results when applied to all ensuing URLs. It is added anyway  	[MsgId: MWAR-26593]
Action.c(704): web_add_auto_header("content-type") highest severity level was "warning"  	[MsgId: MMSG-26391]
Action.c(706): web_custom_request("web_custom_request") was successful, 265 body bytes, 283 header bytes  	[MsgId: MMSG-26386]
Action.c(716): Notify: Transaction "Report PrintTask Status Check" ended with "Pass" status (Duration: 2.4648).	[MsgId: MMSG-16873]
Action.c(718): PrintStatus-------,0	[MsgId: MMSG-17999]
Action.c(720): Compare Result-------,-4	[MsgId: MMSG-17999]
Action.c(724): lr_think_time: 5.00 seconds.	[MsgId: MMSG-15948]
Action.c(744): Notify: Transaction "Report  Print Task fail" started.	[MsgId: MMSG-16999]
Action.c(746): Error: The report task print failed! taskID: 4377795  From Terminal: Terminal37	[MsgId: MERR-17999]
End auto log messages stack.	[MsgId: MMSG-10544]

Start auto log messages stack - Iteration 58.	[MsgId: MMSG-10545]
Action.c(697): Notify: Transaction "Report PrintTask Status Check" started.	[MsgId: MMSG-16999]
Action.c(699): Registering web_reg_save_param was successful  	[MsgId: MMSG-26390]
Action.c(704): Warning -26593: The header being added may cause unpredictable results when applied to all ensuing URLs. It is added anyway  	[MsgId: MWAR-26593]
Action.c(704): web_add_auto_header("content-type") highest severity level was "warning"  	[MsgId: MMSG-26391]
Action.c(706): web_custom_request("web_custom_request") was successful, 265 body bytes, 283 header bytes  	[MsgId: MMSG-26386]
Action.c(716): Notify: Transaction "Report PrintTask Status Check" ended with "Pass" status (Duration: 0.6396).	[MsgId: MMSG-16873]
Action.c(718): PrintStatus-------,0	[MsgId: MMSG-17999]
Action.c(720): Compare Result-------,-4	[MsgId: MMSG-17999]
Action.c(724): lr_think_time: 5.00 seconds.	[MsgId: MMSG-15948]
Action.c(744): Notify: Transaction "Report  Print Task fail" started.	[MsgId: MMSG-16999]
Action.c(746): Error: The report task print failed! taskID: 4377805  From Terminal: Terminal38	[MsgId: MERR-17999]
End auto log messages stack.	[MsgId: MMSG-10544]

