Start auto log messages stack - Iteration 1.	[MsgId: MMSG-10545]
Action.c(697): Notify: Transaction "Report PrintTask Status Check" started.	[MsgId: MMSG-16999]
Action.c(699): Registering web_reg_save_param was successful  	[MsgId: MMSG-26390]
Action.c(704): Warning -26593: The header being added may cause unpredictable results when applied to all ensuing URLs. It is added anyway  	[MsgId: MWAR-26593]
Action.c(704): web_add_auto_header("content-type") highest severity level was "warning"  	[MsgId: MMSG-26391]
Action.c(706): web_custom_request("web_custom_request") was successful, 265 body bytes, 283 header bytes  	[MsgId: MMSG-26386]
Action.c(716): Notify: Transaction "Report PrintTask Status Check" ended with "Pass" status (Duration: 0.0420 Wasted Time: 0.0000).	[MsgId: MMSG-16871]
Action.c(718): PrintStatus-------,0	[MsgId: MMSG-17999]
Action.c(720): Compare Result-------,-4	[MsgId: MMSG-17999]
Action.c(724): lr_think_time: 5.00 seconds.	[MsgId: MMSG-15948]
Action.c(744): Notify: Transaction "Report  Print Task fail" started.	[MsgId: MMSG-16999]
Action.c(746): Error: The report task print failed! taskID: 4376905  From Terminal: Terminal33	[MsgId: MERR-17999]
End auto log messages stack.	[MsgId: MMSG-10544]

Start auto log messages stack - Iteration 2.	[MsgId: MMSG-10545]
Action.c(697): Notify: Transaction "Report PrintTask Status Check" started.	[MsgId: MMSG-16999]
Action.c(699): Registering web_reg_save_param was successful  	[MsgId: MMSG-26390]
Action.c(704): Warning -26593: The header being added may cause unpredictable results when applied to all ensuing URLs. It is added anyway  	[MsgId: MWAR-26593]
Action.c(704): web_add_auto_header("content-type") highest severity level was "warning"  	[MsgId: MMSG-26391]
Action.c(706): web_custom_request("web_custom_request") was successful, 265 body bytes, 283 header bytes  	[MsgId: MMSG-26386]
Action.c(716): Notify: Transaction "Report PrintTask Status Check" ended with "Pass" status (Duration: 1.4624 Wasted Time: 0.0000).	[MsgId: MMSG-16871]
Action.c(718): PrintStatus-------,0	[MsgId: MMSG-17999]
Action.c(720): Compare Result-------,-4	[MsgId: MMSG-17999]
Action.c(724): lr_think_time: 5.00 seconds.	[MsgId: MMSG-15948]
Action.c(744): Notify: Transaction "Report  Print Task fail" started.	[MsgId: MMSG-16999]
Action.c(746): Error: The report task print failed! taskID: 4376934  From Terminal: Terminal34	[MsgId: MERR-17999]
End auto log messages stack.	[MsgId: MMSG-10544]

Start auto log messages stack - Iteration 3.	[MsgId: MMSG-10545]
Action.c(697): Notify: Transaction "Report PrintTask Status Check" started.	[MsgId: MMSG-16999]
Action.c(699): Registering web_reg_save_param was successful  	[MsgId: MMSG-26390]
Action.c(704): Warning -26593: The header being added may cause unpredictable results when applied to all ensuing URLs. It is added anyway  	[MsgId: MWAR-26593]
Action.c(704): web_add_auto_header("content-type") highest severity level was "warning"  	[MsgId: MMSG-26391]
Action.c(706): web_custom_request("web_custom_request") was successful, 265 body bytes, 283 header bytes  	[MsgId: MMSG-26386]
Action.c(716): Notify: Transaction "Report PrintTask Status Check" ended with "Pass" status (Duration: 0.0742 Wasted Time: 0.0000).	[MsgId: MMSG-16871]
Action.c(718): PrintStatus-------,0	[MsgId: MMSG-17999]
Action.c(720): Compare Result-------,-4	[MsgId: MMSG-17999]
Action.c(724): lr_think_time: 5.00 seconds.	[MsgId: MMSG-15948]
Action.c(744): Notify: Transaction "Report  Print Task fail" started.	[MsgId: MMSG-16999]
Action.c(746): Error: The report task print failed! taskID: 4376956  From Terminal: Terminal33	[MsgId: MERR-17999]
End auto log messages stack.	[MsgId: MMSG-10544]

Start auto log messages stack - Iteration 4.	[MsgId: MMSG-10545]
Action.c(697): Notify: Transaction "Report PrintTask Status Check" started.	[MsgId: MMSG-16999]
Action.c(699): Registering web_reg_save_param was successful  	[MsgId: MMSG-26390]
Action.c(704): Warning -26593: The header being added may cause unpredictable results when applied to all ensuing URLs. It is added anyway  	[MsgId: MWAR-26593]
Action.c(704): web_add_auto_header("content-type") highest severity level was "warning"  	[MsgId: MMSG-26391]
Action.c(706): web_custom_request("web_custom_request") was successful, 265 body bytes, 283 header bytes  	[MsgId: MMSG-26386]
Action.c(716): Notify: Transaction "Report PrintTask Status Check" ended with "Pass" status (Duration: 0.0365 Wasted Time: 0.0000).	[MsgId: MMSG-16871]
Action.c(718): PrintStatus-------,0	[MsgId: MMSG-17999]
Action.c(720): Compare Result-------,-4	[MsgId: MMSG-17999]
Action.c(724): lr_think_time: 5.00 seconds.	[MsgId: MMSG-15948]
Action.c(744): Notify: Transaction "Report  Print Task fail" started.	[MsgId: MMSG-16999]
Action.c(746): Error: The report task print failed! taskID: 4376987  From Terminal: Terminal34	[MsgId: MERR-17999]
End auto log messages stack.	[MsgId: MMSG-10544]

Start auto log messages stack - Iteration 5.	[MsgId: MMSG-10545]
Action.c(697): Notify: Transaction "Report PrintTask Status Check" started.	[MsgId: MMSG-16999]
Action.c(699): Registering web_reg_save_param was successful  	[MsgId: MMSG-26390]
Action.c(704): Warning -26593: The header being added may cause unpredictable results when applied to all ensuing URLs. It is added anyway  	[MsgId: MWAR-26593]
Action.c(704): web_add_auto_header("content-type") highest severity level was "warning"  	[MsgId: MMSG-26391]
Action.c(706): web_custom_request("web_custom_request") was successful, 265 body bytes, 283 header bytes  	[MsgId: MMSG-26386]
Action.c(716): Notify: Transaction "Report PrintTask Status Check" ended with "Pass" status (Duration: 0.0632 Wasted Time: 0.0000).	[MsgId: MMSG-16871]
Action.c(718): PrintStatus-------,0	[MsgId: MMSG-17999]
Action.c(720): Compare Result-------,-4	[MsgId: MMSG-17999]
Action.c(724): lr_think_time: 5.00 seconds.	[MsgId: MMSG-15948]
Action.c(744): Notify: Transaction "Report  Print Task fail" started.	[MsgId: MMSG-16999]
Action.c(746): Error: The report task print failed! taskID: 4377011  From Terminal: Terminal33	[MsgId: MERR-17999]
End auto log messages stack.	[MsgId: MMSG-10544]

Start auto log messages stack - Iteration 6.	[MsgId: MMSG-10545]
Action.c(697): Notify: Transaction "Report PrintTask Status Check" started.	[MsgId: MMSG-16999]
Action.c(699): Registering web_reg_save_param was successful  	[MsgId: MMSG-26390]
Action.c(704): Warning -26593: The header being added may cause unpredictable results when applied to all ensuing URLs. It is added anyway  	[MsgId: MWAR-26593]
Action.c(704): web_add_auto_header("content-type") highest severity level was "warning"  	[MsgId: MMSG-26391]
Action.c(706): web_custom_request("web_custom_request") was successful, 265 body bytes, 283 header bytes  	[MsgId: MMSG-26386]
Action.c(716): Notify: Transaction "Report PrintTask Status Check" ended with "Pass" status (Duration: 0.1542 Wasted Time: 0.0000).	[MsgId: MMSG-16871]
Action.c(718): PrintStatus-------,0	[MsgId: MMSG-17999]
Action.c(720): Compare Result-------,-4	[MsgId: MMSG-17999]
Action.c(724): lr_think_time: 5.00 seconds.	[MsgId: MMSG-15948]
Action.c(744): Notify: Transaction "Report  Print Task fail" started.	[MsgId: MMSG-16999]
Action.c(746): Error: The report task print failed! taskID: 4377033  From Terminal: Terminal34	[MsgId: MERR-17999]
End auto log messages stack.	[MsgId: MMSG-10544]

Start auto log messages stack - Iteration 7.	[MsgId: MMSG-10545]
Action.c(697): Notify: Transaction "Report PrintTask Status Check" started.	[MsgId: MMSG-16999]
Action.c(699): Registering web_reg_save_param was successful  	[MsgId: MMSG-26390]
Action.c(704): Warning -26593: The header being added may cause unpredictable results when applied to all ensuing URLs. It is added anyway  	[MsgId: MWAR-26593]
Action.c(704): web_add_auto_header("content-type") highest severity level was "warning"  	[MsgId: MMSG-26391]
Action.c(706): web_custom_request("web_custom_request") was successful, 265 body bytes, 283 header bytes  	[MsgId: MMSG-26386]
Action.c(716): Notify: Transaction "Report PrintTask Status Check" ended with "Pass" status (Duration: 0.4273 Wasted Time: 0.0000).	[MsgId: MMSG-16871]
Action.c(718): PrintStatus-------,0	[MsgId: MMSG-17999]
Action.c(720): Compare Result-------,-4	[MsgId: MMSG-17999]
Action.c(724): lr_think_time: 5.00 seconds.	[MsgId: MMSG-15948]
Action.c(744): Notify: Transaction "Report  Print Task fail" started.	[MsgId: MMSG-16999]
Action.c(746): Error: The report task print failed! taskID: 4377057  From Terminal: Terminal33	[MsgId: MERR-17999]
End auto log messages stack.	[MsgId: MMSG-10544]

Start auto log messages stack - Iteration 8.	[MsgId: MMSG-10545]
Action.c(697): Notify: Transaction "Report PrintTask Status Check" started.	[MsgId: MMSG-16999]
Action.c(699): Registering web_reg_save_param was successful  	[MsgId: MMSG-26390]
Action.c(704): Warning -26593: The header being added may cause unpredictable results when applied to all ensuing URLs. It is added anyway  	[MsgId: MWAR-26593]
Action.c(704): web_add_auto_header("content-type") highest severity level was "warning"  	[MsgId: MMSG-26391]
Action.c(706): web_custom_request("web_custom_request") was successful, 265 body bytes, 283 header bytes  	[MsgId: MMSG-26386]
Action.c(716): Notify: Transaction "Report PrintTask Status Check" ended with "Pass" status (Duration: 0.0280 Wasted Time: 0.0000).	[MsgId: MMSG-16871]
Action.c(718): PrintStatus-------,0	[MsgId: MMSG-17999]
Action.c(720): Compare Result-------,-4	[MsgId: MMSG-17999]
Action.c(724): lr_think_time: 5.00 seconds.	[MsgId: MMSG-15948]
Action.c(744): Notify: Transaction "Report  Print Task fail" started.	[MsgId: MMSG-16999]
Action.c(746): Error: The report task print failed! taskID: 4377081  From Terminal: Terminal34	[MsgId: MERR-17999]
End auto log messages stack.	[MsgId: MMSG-10544]

Start auto log messages stack - Iteration 9.	[MsgId: MMSG-10545]
Action.c(697): Notify: Transaction "Report PrintTask Status Check" started.	[MsgId: MMSG-16999]
Action.c(699): Registering web_reg_save_param was successful  	[MsgId: MMSG-26390]
Action.c(704): Warning -26593: The header being added may cause unpredictable results when applied to all ensuing URLs. It is added anyway  	[MsgId: MWAR-26593]
Action.c(704): web_add_auto_header("content-type") highest severity level was "warning"  	[MsgId: MMSG-26391]
Action.c(706): web_custom_request("web_custom_request") was successful, 265 body bytes, 283 header bytes  	[MsgId: MMSG-26386]
Action.c(716): Notify: Transaction "Report PrintTask Status Check" ended with "Pass" status (Duration: 0.2046 Wasted Time: 0.0000).	[MsgId: MMSG-16871]
Action.c(718): PrintStatus-------,0	[MsgId: MMSG-17999]
Action.c(720): Compare Result-------,-4	[MsgId: MMSG-17999]
Action.c(724): lr_think_time: 5.00 seconds.	[MsgId: MMSG-15948]
Action.c(744): Notify: Transaction "Report  Print Task fail" started.	[MsgId: MMSG-16999]
Action.c(746): Error: The report task print failed! taskID: 4377108  From Terminal: Terminal33	[MsgId: MERR-17999]
End auto log messages stack.	[MsgId: MMSG-10544]

Start auto log messages stack - Iteration 10.	[MsgId: MMSG-10545]
Action.c(524): web_add_auto_header("content-type") highest severity level was "warning"  	[MsgId: MMSG-26391]
Action.c(525): web_custom_request("Item_query") was successful, 1033 body bytes, 284 header bytes  	[MsgId: MMSG-26386]
Action.c(537): Notify: Transaction "Report QueryFilmReportInfo" ended with "Pass" status (Duration: 14.3583 Wasted Time: 0.0001).	[MsgId: MMSG-16871]
Action.c(582): lr_think_time: 5.00 seconds.	[MsgId: MMSG-15948]
Action.c(590): Notify: Transaction "Report Create_PrintTask" started.	[MsgId: MMSG-16999]
Action.c(592): Registering web_reg_save_param was successful  	[MsgId: MMSG-26390]
Action.c(603): Warning -26593: The header being added may cause unpredictable results when applied to all ensuing URLs. It is added anyway  	[MsgId: MWAR-26593]
Action.c(603): web_add_auto_header("content-type") highest severity level was "warning"  	[MsgId: MMSG-26391]
Action.c(605): Continuing after Error -26377: No match found for the requested parameter "TaskID". Check whether the requested boundaries exist in the response data. Also, if the data you want to save exceeds 809400 bytes, use web_set_max_html_param_len to increase the parameter size  	[MsgId: MERR-26377]
End auto log messages stack.	[MsgId: MMSG-10544]

Start auto log messages stack - Iteration 10.	[MsgId: MMSG-10545]
Action.c(605): web_custom_request("web_custom_request") highest severity level was "continue on error", 265 body bytes, 283 header bytes  	[MsgId: MMSG-26388]
Action.c(605): Continuing after error in Vuser script.	[MsgId: MMSG-10678]
Action.c(616): Notify: Transaction "Report Create_PrintTask" ended with "Fail" status (Duration: 61.2014 Wasted Time: 0.0000).	[MsgId: MMSG-16871]
TaskID is : 	[MsgId: MMSG-17999]
Action.c(621): lr_think_time: 5.00 seconds.	[MsgId: MMSG-15948]
Action.c(628): Notify: Transaction "Create Report PrintTask Fail" started.	[MsgId: MMSG-16999]
Action.c(630): Error: The system create report print task fail!:   From Terminal: Terminal34 and error message is 	[MsgId: MERR-17999]
End auto log messages stack.	[MsgId: MMSG-10544]

Start auto log messages stack - Iteration 11.	[MsgId: MMSG-10545]
Action.c(55): Notify: Transaction "Create New Patient" started.	[MsgId: MMSG-16999]
Action.c(58): web_custom_request("web_custom_request") was successful, 373 body bytes, 266 header bytes  	[MsgId: MMSG-26386]
Action.c(124): Notify: Transaction "Create New Patient" ended with "Pass" status (Duration: 0.9530 Wasted Time: 0.0000).	[MsgId: MMSG-16871]
Action.c(127): lr_think_time: 60.00 seconds.	[MsgId: MMSG-15948]
Action.c(220): Notify: Transaction "Notify File 100k" started.	[MsgId: MMSG-16999]
Action.c(225): Registering web_reg_save_param was successful  	[MsgId: MMSG-26390]
Action.c(230): web_custom_request("web_custom_request") was successful, 381 body bytes, 266 header bytes  	[MsgId: MMSG-26386]
Action.c(299): Notify: Transaction "Notify File 100k" ended with "Pass" status (Duration: 68.1426 Wasted Time: 0.0000).	[MsgId: MMSG-16871]
Action.c(305): lr_think_time: 60.00 seconds.	[MsgId: MMSG-15948]
Action.c(316): web_set_max_html_param_len was successful  	[MsgId: MMSG-26392]
Action.c(346): lr_think_time: 5.00 seconds.	[MsgId: MMSG-15948]
Action.c(358): Error: The report print status is not correct and Update the status by databse failed: the accessionnumber is  A20180613180938884 	[MsgId: MERR-17999]
End auto log messages stack.	[MsgId: MMSG-10544]

Start auto log messages stack - Iteration 12.	[MsgId: MMSG-10545]
Action.c(58): web_custom_request("web_custom_request") was successful, 373 body bytes, 266 header bytes  	[MsgId: MMSG-26386]
Action.c(124): Notify: Transaction "Create New Patient" ended with "Pass" status (Duration: 1.2223 Wasted Time: 0.0000).	[MsgId: MMSG-16871]
Action.c(127): lr_think_time: 60.00 seconds.	[MsgId: MMSG-15948]
Action.c(220): Notify: Transaction "Notify File 100k" started.	[MsgId: MMSG-16999]
Action.c(225): Registering web_reg_save_param was successful  	[MsgId: MMSG-26390]
Action.c(230): web_custom_request("web_custom_request") was successful, 381 body bytes, 266 header bytes  	[MsgId: MMSG-26386]
Action.c(299): Notify: Transaction "Notify File 100k" ended with "Pass" status (Duration: 16.9549 Wasted Time: 0.0000).	[MsgId: MMSG-16871]
Action.c(305): lr_think_time: 60.00 seconds.	[MsgId: MMSG-15948]
Action.c(316): web_set_max_html_param_len was successful  	[MsgId: MMSG-26392]
Action.c(346): lr_think_time: 5.00 seconds.	[MsgId: MMSG-15948]
Action.c(358): Error: The report print status is not correct and Update the status by databse failed: the accessionnumber is  A20180613181312852 	[MsgId: MERR-17999]
End auto log messages stack.	[MsgId: MMSG-10544]

Start auto log messages stack - Iteration 13.	[MsgId: MMSG-10545]
Action.c(697): Notify: Transaction "Report PrintTask Status Check" started.	[MsgId: MMSG-16999]
Action.c(699): Registering web_reg_save_param was successful  	[MsgId: MMSG-26390]
Action.c(704): Warning -26593: The header being added may cause unpredictable results when applied to all ensuing URLs. It is added anyway  	[MsgId: MWAR-26593]
Action.c(704): web_add_auto_header("content-type") highest severity level was "warning"  	[MsgId: MMSG-26391]
Action.c(706): web_custom_request("web_custom_request") was successful, 265 body bytes, 283 header bytes  	[MsgId: MMSG-26386]
Action.c(716): Notify: Transaction "Report PrintTask Status Check" ended with "Pass" status (Duration: 0.2080 Wasted Time: 0.0000).	[MsgId: MMSG-16871]
Action.c(718): PrintStatus-------,0	[MsgId: MMSG-17999]
Action.c(720): Compare Result-------,-4	[MsgId: MMSG-17999]
Action.c(724): lr_think_time: 5.00 seconds.	[MsgId: MMSG-15948]
Action.c(744): Notify: Transaction "Report  Print Task fail" started.	[MsgId: MMSG-16999]
Action.c(746): Error: The report task print failed! taskID: 4377138  From Terminal: Terminal33	[MsgId: MERR-17999]
End auto log messages stack.	[MsgId: MMSG-10544]

Start auto log messages stack - Iteration 14.	[MsgId: MMSG-10545]
Action.c(697): Notify: Transaction "Report PrintTask Status Check" started.	[MsgId: MMSG-16999]
Action.c(699): Registering web_reg_save_param was successful  	[MsgId: MMSG-26390]
Action.c(704): Warning -26593: The header being added may cause unpredictable results when applied to all ensuing URLs. It is added anyway  	[MsgId: MWAR-26593]
Action.c(704): web_add_auto_header("content-type") highest severity level was "warning"  	[MsgId: MMSG-26391]
Action.c(706): web_custom_request("web_custom_request") was successful, 265 body bytes, 283 header bytes  	[MsgId: MMSG-26386]
Action.c(716): Notify: Transaction "Report PrintTask Status Check" ended with "Pass" status (Duration: 0.1681 Wasted Time: 0.0000).	[MsgId: MMSG-16871]
Action.c(718): PrintStatus-------,0	[MsgId: MMSG-17999]
Action.c(720): Compare Result-------,-4	[MsgId: MMSG-17999]
Action.c(724): lr_think_time: 5.00 seconds.	[MsgId: MMSG-15948]
Action.c(744): Notify: Transaction "Report  Print Task fail" started.	[MsgId: MMSG-16999]
Action.c(746): Error: The report task print failed! taskID: 4377160  From Terminal: Terminal34	[MsgId: MERR-17999]
End auto log messages stack.	[MsgId: MMSG-10544]

Start auto log messages stack - Iteration 15.	[MsgId: MMSG-10545]
Action.c(697): Notify: Transaction "Report PrintTask Status Check" started.	[MsgId: MMSG-16999]
Action.c(699): Registering web_reg_save_param was successful  	[MsgId: MMSG-26390]
Action.c(704): Warning -26593: The header being added may cause unpredictable results when applied to all ensuing URLs. It is added anyway  	[MsgId: MWAR-26593]
Action.c(704): web_add_auto_header("content-type") highest severity level was "warning"  	[MsgId: MMSG-26391]
Action.c(706): web_custom_request("web_custom_request") was successful, 265 body bytes, 283 header bytes  	[MsgId: MMSG-26386]
Action.c(716): Notify: Transaction "Report PrintTask Status Check" ended with "Pass" status (Duration: 0.0498 Wasted Time: 0.0000).	[MsgId: MMSG-16871]
Action.c(718): PrintStatus-------,0	[MsgId: MMSG-17999]
Action.c(720): Compare Result-------,-4	[MsgId: MMSG-17999]
Action.c(724): lr_think_time: 5.00 seconds.	[MsgId: MMSG-15948]
Action.c(744): Notify: Transaction "Report  Print Task fail" started.	[MsgId: MMSG-16999]
Action.c(746): Error: The report task print failed! taskID: 4377186  From Terminal: Terminal33	[MsgId: MERR-17999]
End auto log messages stack.	[MsgId: MMSG-10544]

Start auto log messages stack - Iteration 16.	[MsgId: MMSG-10545]
Action.c(524): web_add_auto_header("content-type") highest severity level was "warning"  	[MsgId: MMSG-26391]
Action.c(525): web_custom_request("Item_query") was successful, 1033 body bytes, 284 header bytes  	[MsgId: MMSG-26386]
Action.c(537): Notify: Transaction "Report QueryFilmReportInfo" ended with "Pass" status (Duration: 6.3963 Wasted Time: 0.0001).	[MsgId: MMSG-16871]
Action.c(582): lr_think_time: 5.00 seconds.	[MsgId: MMSG-15948]
Action.c(590): Notify: Transaction "Report Create_PrintTask" started.	[MsgId: MMSG-16999]
Action.c(592): Registering web_reg_save_param was successful  	[MsgId: MMSG-26390]
Action.c(603): Warning -26593: The header being added may cause unpredictable results when applied to all ensuing URLs. It is added anyway  	[MsgId: MWAR-26593]
Action.c(603): web_add_auto_header("content-type") highest severity level was "warning"  	[MsgId: MMSG-26391]
Action.c(605): Continuing after Error -26377: No match found for the requested parameter "TaskID". Check whether the requested boundaries exist in the response data. Also, if the data you want to save exceeds 809400 bytes, use web_set_max_html_param_len to increase the parameter size  	[MsgId: MERR-26377]
End auto log messages stack.	[MsgId: MMSG-10544]

Start auto log messages stack - Iteration 16.	[MsgId: MMSG-10545]
Action.c(605): web_custom_request("web_custom_request") highest severity level was "continue on error", 265 body bytes, 283 header bytes  	[MsgId: MMSG-26388]
Action.c(605): Continuing after error in Vuser script.	[MsgId: MMSG-10678]
Action.c(616): Notify: Transaction "Report Create_PrintTask" ended with "Fail" status (Duration: 79.0548 Wasted Time: 0.0000).	[MsgId: MMSG-16871]
TaskID is : 	[MsgId: MMSG-17999]
Action.c(621): lr_think_time: 5.00 seconds.	[MsgId: MMSG-15948]
Action.c(628): Notify: Transaction "Create Report PrintTask Fail" started.	[MsgId: MMSG-16999]
Action.c(630): Error: The system create report print task fail!:   From Terminal: Terminal34 and error message is 	[MsgId: MERR-17999]
End auto log messages stack.	[MsgId: MMSG-10544]

Start auto log messages stack - Iteration 17.	[MsgId: MMSG-10545]
Action.c(55): Notify: Transaction "Create New Patient" started.	[MsgId: MMSG-16999]
Action.c(58): web_custom_request("web_custom_request") was successful, 373 body bytes, 266 header bytes  	[MsgId: MMSG-26386]
Action.c(124): Notify: Transaction "Create New Patient" ended with "Pass" status (Duration: 0.4093 Wasted Time: 0.0000).	[MsgId: MMSG-16871]
Action.c(127): lr_think_time: 60.00 seconds.	[MsgId: MMSG-15948]
Action.c(220): Notify: Transaction "Notify File 100k" started.	[MsgId: MMSG-16999]
Action.c(225): Registering web_reg_save_param was successful  	[MsgId: MMSG-26390]
Action.c(230): web_custom_request("web_custom_request") was successful, 381 body bytes, 266 header bytes  	[MsgId: MMSG-26386]
Action.c(299): Notify: Transaction "Notify File 100k" ended with "Pass" status (Duration: 63.8498 Wasted Time: 0.0000).	[MsgId: MMSG-16871]
Action.c(305): lr_think_time: 60.00 seconds.	[MsgId: MMSG-15948]
Action.c(316): web_set_max_html_param_len was successful  	[MsgId: MMSG-26392]
Action.c(346): lr_think_time: 5.00 seconds.	[MsgId: MMSG-15948]
Action.c(358): Error: The report print status is not correct and Update the status by databse failed: the accessionnumber is  A20180613184026158 	[MsgId: MERR-17999]
End auto log messages stack.	[MsgId: MMSG-10544]

Start auto log messages stack - Iteration 18.	[MsgId: MMSG-10545]
Action.c(697): Notify: Transaction "Report PrintTask Status Check" started.	[MsgId: MMSG-16999]
Action.c(699): Registering web_reg_save_param was successful  	[MsgId: MMSG-26390]
Action.c(704): Warning -26593: The header being added may cause unpredictable results when applied to all ensuing URLs. It is added anyway  	[MsgId: MWAR-26593]
Action.c(704): web_add_auto_header("content-type") highest severity level was "warning"  	[MsgId: MMSG-26391]
Action.c(706): web_custom_request("web_custom_request") was successful, 265 body bytes, 283 header bytes  	[MsgId: MMSG-26386]
Action.c(716): Notify: Transaction "Report PrintTask Status Check" ended with "Pass" status (Duration: 0.2137 Wasted Time: 0.0000).	[MsgId: MMSG-16871]
Action.c(718): PrintStatus-------,0	[MsgId: MMSG-17999]
Action.c(720): Compare Result-------,-4	[MsgId: MMSG-17999]
Action.c(724): lr_think_time: 5.00 seconds.	[MsgId: MMSG-15948]
Action.c(744): Notify: Transaction "Report  Print Task fail" started.	[MsgId: MMSG-16999]
Action.c(746): Error: The report task print failed! taskID: 4377238  From Terminal: Terminal34	[MsgId: MERR-17999]
End auto log messages stack.	[MsgId: MMSG-10544]

Start auto log messages stack - Iteration 19.	[MsgId: MMSG-10545]
Action.c(697): Notify: Transaction "Report PrintTask Status Check" started.	[MsgId: MMSG-16999]
Action.c(699): Registering web_reg_save_param was successful  	[MsgId: MMSG-26390]
Action.c(704): Warning -26593: The header being added may cause unpredictable results when applied to all ensuing URLs. It is added anyway  	[MsgId: MWAR-26593]
Action.c(704): web_add_auto_header("content-type") highest severity level was "warning"  	[MsgId: MMSG-26391]
Action.c(706): web_custom_request("web_custom_request") was successful, 265 body bytes, 283 header bytes  	[MsgId: MMSG-26386]
Action.c(716): Notify: Transaction "Report PrintTask Status Check" ended with "Pass" status (Duration: 0.1105 Wasted Time: 0.0000).	[MsgId: MMSG-16871]
Action.c(718): PrintStatus-------,0	[MsgId: MMSG-17999]
Action.c(720): Compare Result-------,-4	[MsgId: MMSG-17999]
Action.c(724): lr_think_time: 5.00 seconds.	[MsgId: MMSG-15948]
Action.c(744): Notify: Transaction "Report  Print Task fail" started.	[MsgId: MMSG-16999]
Action.c(746): Error: The report task print failed! taskID: 4377262  From Terminal: Terminal33	[MsgId: MERR-17999]
End auto log messages stack.	[MsgId: MMSG-10544]

Start auto log messages stack - Iteration 20.	[MsgId: MMSG-10545]
Action.c(697): Notify: Transaction "Report PrintTask Status Check" started.	[MsgId: MMSG-16999]
Action.c(699): Registering web_reg_save_param was successful  	[MsgId: MMSG-26390]
Action.c(704): Warning -26593: The header being added may cause unpredictable results when applied to all ensuing URLs. It is added anyway  	[MsgId: MWAR-26593]
Action.c(704): web_add_auto_header("content-type") highest severity level was "warning"  	[MsgId: MMSG-26391]
Action.c(706): web_custom_request("web_custom_request") was successful, 265 body bytes, 283 header bytes  	[MsgId: MMSG-26386]
Action.c(716): Notify: Transaction "Report PrintTask Status Check" ended with "Pass" status (Duration: 0.1813 Wasted Time: 0.0000).	[MsgId: MMSG-16871]
Action.c(718): PrintStatus-------,0	[MsgId: MMSG-17999]
Action.c(720): Compare Result-------,-4	[MsgId: MMSG-17999]
Action.c(724): lr_think_time: 5.00 seconds.	[MsgId: MMSG-15948]
Action.c(744): Notify: Transaction "Report  Print Task fail" started.	[MsgId: MMSG-16999]
Action.c(746): Error: The report task print failed! taskID: 4377289  From Terminal: Terminal34	[MsgId: MERR-17999]
End auto log messages stack.	[MsgId: MMSG-10544]

Start auto log messages stack - Iteration 21.	[MsgId: MMSG-10545]
Action.c(697): Notify: Transaction "Report PrintTask Status Check" started.	[MsgId: MMSG-16999]
Action.c(699): Registering web_reg_save_param was successful  	[MsgId: MMSG-26390]
Action.c(704): Warning -26593: The header being added may cause unpredictable results when applied to all ensuing URLs. It is added anyway  	[MsgId: MWAR-26593]
Action.c(704): web_add_auto_header("content-type") highest severity level was "warning"  	[MsgId: MMSG-26391]
Action.c(706): web_custom_request("web_custom_request") was successful, 265 body bytes, 283 header bytes  	[MsgId: MMSG-26386]
Action.c(716): Notify: Transaction "Report PrintTask Status Check" ended with "Pass" status (Duration: 0.6154 Wasted Time: 0.0000).	[MsgId: MMSG-16871]
Action.c(718): PrintStatus-------,0	[MsgId: MMSG-17999]
Action.c(720): Compare Result-------,-4	[MsgId: MMSG-17999]
Action.c(724): lr_think_time: 5.00 seconds.	[MsgId: MMSG-15948]
Action.c(744): Notify: Transaction "Report  Print Task fail" started.	[MsgId: MMSG-16999]
Action.c(746): Error: The report task print failed! taskID: 4377319  From Terminal: Terminal33	[MsgId: MERR-17999]
End auto log messages stack.	[MsgId: MMSG-10544]

Start auto log messages stack - Iteration 22.	[MsgId: MMSG-10545]
Action.c(697): Notify: Transaction "Report PrintTask Status Check" started.	[MsgId: MMSG-16999]
Action.c(699): Registering web_reg_save_param was successful  	[MsgId: MMSG-26390]
Action.c(704): Warning -26593: The header being added may cause unpredictable results when applied to all ensuing URLs. It is added anyway  	[MsgId: MWAR-26593]
Action.c(704): web_add_auto_header("content-type") highest severity level was "warning"  	[MsgId: MMSG-26391]
Action.c(706): web_custom_request("web_custom_request") was successful, 265 body bytes, 283 header bytes  	[MsgId: MMSG-26386]
Action.c(716): Notify: Transaction "Report PrintTask Status Check" ended with "Pass" status (Duration: 0.2348 Wasted Time: 0.0000).	[MsgId: MMSG-16871]
Action.c(718): PrintStatus-------,0	[MsgId: MMSG-17999]
Action.c(720): Compare Result-------,-4	[MsgId: MMSG-17999]
Action.c(724): lr_think_time: 5.00 seconds.	[MsgId: MMSG-15948]
Action.c(744): Notify: Transaction "Report  Print Task fail" started.	[MsgId: MMSG-16999]
Action.c(746): Error: The report task print failed! taskID: 4377341  From Terminal: Terminal34	[MsgId: MERR-17999]
End auto log messages stack.	[MsgId: MMSG-10544]

Start auto log messages stack - Iteration 23.	[MsgId: MMSG-10545]
Action.c(697): Notify: Transaction "Report PrintTask Status Check" started.	[MsgId: MMSG-16999]
Action.c(699): Registering web_reg_save_param was successful  	[MsgId: MMSG-26390]
Action.c(704): Warning -26593: The header being added may cause unpredictable results when applied to all ensuing URLs. It is added anyway  	[MsgId: MWAR-26593]
Action.c(704): web_add_auto_header("content-type") highest severity level was "warning"  	[MsgId: MMSG-26391]
Action.c(706): web_custom_request("web_custom_request") was successful, 265 body bytes, 283 header bytes  	[MsgId: MMSG-26386]
Action.c(716): Notify: Transaction "Report PrintTask Status Check" ended with "Pass" status (Duration: 0.2154 Wasted Time: 0.0000).	[MsgId: MMSG-16871]
Action.c(718): PrintStatus-------,0	[MsgId: MMSG-17999]
Action.c(720): Compare Result-------,-4	[MsgId: MMSG-17999]
Action.c(724): lr_think_time: 5.00 seconds.	[MsgId: MMSG-15948]
Action.c(744): Notify: Transaction "Report  Print Task fail" started.	[MsgId: MMSG-16999]
Action.c(746): Error: The report task print failed! taskID: 4377361  From Terminal: Terminal33	[MsgId: MERR-17999]
End auto log messages stack.	[MsgId: MMSG-10544]

Start auto log messages stack - Iteration 24.	[MsgId: MMSG-10545]
Action.c(697): Notify: Transaction "Report PrintTask Status Check" started.	[MsgId: MMSG-16999]
Action.c(699): Registering web_reg_save_param was successful  	[MsgId: MMSG-26390]
Action.c(704): Warning -26593: The header being added may cause unpredictable results when applied to all ensuing URLs. It is added anyway  	[MsgId: MWAR-26593]
Action.c(704): web_add_auto_header("content-type") highest severity level was "warning"  	[MsgId: MMSG-26391]
Action.c(706): web_custom_request("web_custom_request") was successful, 265 body bytes, 283 header bytes  	[MsgId: MMSG-26386]
Action.c(716): Notify: Transaction "Report PrintTask Status Check" ended with "Pass" status (Duration: 0.0389 Wasted Time: 0.0000).	[MsgId: MMSG-16871]
Action.c(718): PrintStatus-------,0	[MsgId: MMSG-17999]
Action.c(720): Compare Result-------,-4	[MsgId: MMSG-17999]
Action.c(724): lr_think_time: 5.00 seconds.	[MsgId: MMSG-15948]
Action.c(744): Notify: Transaction "Report  Print Task fail" started.	[MsgId: MMSG-16999]
Action.c(746): Error: The report task print failed! taskID: 4377379  From Terminal: Terminal34	[MsgId: MERR-17999]
End auto log messages stack.	[MsgId: MMSG-10544]

Start auto log messages stack - Iteration 25.	[MsgId: MMSG-10545]
Action.c(697): Notify: Transaction "Report PrintTask Status Check" started.	[MsgId: MMSG-16999]
Action.c(699): Registering web_reg_save_param was successful  	[MsgId: MMSG-26390]
Action.c(704): Warning -26593: The header being added may cause unpredictable results when applied to all ensuing URLs. It is added anyway  	[MsgId: MWAR-26593]
Action.c(704): web_add_auto_header("content-type") highest severity level was "warning"  	[MsgId: MMSG-26391]
Action.c(706): web_custom_request("web_custom_request") was successful, 265 body bytes, 283 header bytes  	[MsgId: MMSG-26386]
Action.c(716): Notify: Transaction "Report PrintTask Status Check" ended with "Pass" status (Duration: 0.2550 Wasted Time: 0.0000).	[MsgId: MMSG-16871]
Action.c(718): PrintStatus-------,0	[MsgId: MMSG-17999]
Action.c(720): Compare Result-------,-4	[MsgId: MMSG-17999]
Action.c(724): lr_think_time: 5.00 seconds.	[MsgId: MMSG-15948]
Action.c(744): Notify: Transaction "Report  Print Task fail" started.	[MsgId: MMSG-16999]
Action.c(746): Error: The report task print failed! taskID: 4377398  From Terminal: Terminal33	[MsgId: MERR-17999]
End auto log messages stack.	[MsgId: MMSG-10544]

Start auto log messages stack - Iteration 26.	[MsgId: MMSG-10545]
Action.c(697): Notify: Transaction "Report PrintTask Status Check" started.	[MsgId: MMSG-16999]
Action.c(699): Registering web_reg_save_param was successful  	[MsgId: MMSG-26390]
Action.c(704): Warning -26593: The header being added may cause unpredictable results when applied to all ensuing URLs. It is added anyway  	[MsgId: MWAR-26593]
Action.c(704): web_add_auto_header("content-type") highest severity level was "warning"  	[MsgId: MMSG-26391]
Action.c(706): web_custom_request("web_custom_request") was successful, 265 body bytes, 283 header bytes  	[MsgId: MMSG-26386]
Action.c(716): Notify: Transaction "Report PrintTask Status Check" ended with "Pass" status (Duration: 1.2449 Wasted Time: 0.0000).	[MsgId: MMSG-16871]
Action.c(718): PrintStatus-------,0	[MsgId: MMSG-17999]
Action.c(720): Compare Result-------,-4	[MsgId: MMSG-17999]
Action.c(724): lr_think_time: 5.00 seconds.	[MsgId: MMSG-15948]
Action.c(744): Notify: Transaction "Report  Print Task fail" started.	[MsgId: MMSG-16999]
Action.c(746): Error: The report task print failed! taskID: 4377412  From Terminal: Terminal34	[MsgId: MERR-17999]
End auto log messages stack.	[MsgId: MMSG-10544]

Start auto log messages stack - Iteration 27.	[MsgId: MMSG-10545]
Action.c(697): Notify: Transaction "Report PrintTask Status Check" started.	[MsgId: MMSG-16999]
Action.c(699): Registering web_reg_save_param was successful  	[MsgId: MMSG-26390]
Action.c(704): Warning -26593: The header being added may cause unpredictable results when applied to all ensuing URLs. It is added anyway  	[MsgId: MWAR-26593]
Action.c(704): web_add_auto_header("content-type") highest severity level was "warning"  	[MsgId: MMSG-26391]
Action.c(706): web_custom_request("web_custom_request") was successful, 265 body bytes, 283 header bytes  	[MsgId: MMSG-26386]
Action.c(716): Notify: Transaction "Report PrintTask Status Check" ended with "Pass" status (Duration: 0.2104 Wasted Time: 0.0000).	[MsgId: MMSG-16871]
Action.c(718): PrintStatus-------,0	[MsgId: MMSG-17999]
Action.c(720): Compare Result-------,-4	[MsgId: MMSG-17999]
Action.c(724): lr_think_time: 5.00 seconds.	[MsgId: MMSG-15948]
Action.c(744): Notify: Transaction "Report  Print Task fail" started.	[MsgId: MMSG-16999]
Action.c(746): Error: The report task print failed! taskID: 4377422  From Terminal: Terminal33	[MsgId: MERR-17999]
End auto log messages stack.	[MsgId: MMSG-10544]

Start auto log messages stack - Iteration 28.	[MsgId: MMSG-10545]
Action.c(697): Notify: Transaction "Report PrintTask Status Check" started.	[MsgId: MMSG-16999]
Action.c(699): Registering web_reg_save_param was successful  	[MsgId: MMSG-26390]
Action.c(704): Warning -26593: The header being added may cause unpredictable results when applied to all ensuing URLs. It is added anyway  	[MsgId: MWAR-26593]
Action.c(704): web_add_auto_header("content-type") highest severity level was "warning"  	[MsgId: MMSG-26391]
Action.c(706): web_custom_request("web_custom_request") was successful, 265 body bytes, 283 header bytes  	[MsgId: MMSG-26386]
Action.c(716): Notify: Transaction "Report PrintTask Status Check" ended with "Pass" status (Duration: 1.4472 Wasted Time: 0.0000).	[MsgId: MMSG-16871]
Action.c(718): PrintStatus-------,0	[MsgId: MMSG-17999]
Action.c(720): Compare Result-------,-4	[MsgId: MMSG-17999]
Action.c(724): lr_think_time: 5.00 seconds.	[MsgId: MMSG-15948]
Action.c(744): Notify: Transaction "Report  Print Task fail" started.	[MsgId: MMSG-16999]
Action.c(746): Error: The report task print failed! taskID: 4377442  From Terminal: Terminal34	[MsgId: MERR-17999]
End auto log messages stack.	[MsgId: MMSG-10544]

Start auto log messages stack - Iteration 29.	[MsgId: MMSG-10545]
Action.c(697): Notify: Transaction "Report PrintTask Status Check" started.	[MsgId: MMSG-16999]
Action.c(699): Registering web_reg_save_param was successful  	[MsgId: MMSG-26390]
Action.c(704): Warning -26593: The header being added may cause unpredictable results when applied to all ensuing URLs. It is added anyway  	[MsgId: MWAR-26593]
Action.c(704): web_add_auto_header("content-type") highest severity level was "warning"  	[MsgId: MMSG-26391]
Action.c(706): web_custom_request("web_custom_request") was successful, 265 body bytes, 283 header bytes  	[MsgId: MMSG-26386]
Action.c(716): Notify: Transaction "Report PrintTask Status Check" ended with "Pass" status (Duration: 0.4344 Wasted Time: 0.0000).	[MsgId: MMSG-16871]
Action.c(718): PrintStatus-------,0	[MsgId: MMSG-17999]
Action.c(720): Compare Result-------,-4	[MsgId: MMSG-17999]
Action.c(724): lr_think_time: 5.00 seconds.	[MsgId: MMSG-15948]
Action.c(744): Notify: Transaction "Report  Print Task fail" started.	[MsgId: MMSG-16999]
Action.c(746): Error: The report task print failed! taskID: 4377456  From Terminal: Terminal33	[MsgId: MERR-17999]
End auto log messages stack.	[MsgId: MMSG-10544]

Start auto log messages stack - Iteration 30.	[MsgId: MMSG-10545]
Action.c(697): Notify: Transaction "Report PrintTask Status Check" started.	[MsgId: MMSG-16999]
Action.c(699): Registering web_reg_save_param was successful  	[MsgId: MMSG-26390]
Action.c(704): Warning -26593: The header being added may cause unpredictable results when applied to all ensuing URLs. It is added anyway  	[MsgId: MWAR-26593]
Action.c(704): web_add_auto_header("content-type") highest severity level was "warning"  	[MsgId: MMSG-26391]
Action.c(706): web_custom_request("web_custom_request") was successful, 265 body bytes, 283 header bytes  	[MsgId: MMSG-26386]
Action.c(716): Notify: Transaction "Report PrintTask Status Check" ended with "Pass" status (Duration: 2.0553 Wasted Time: 0.0001).	[MsgId: MMSG-16871]
Action.c(718): PrintStatus-------,0	[MsgId: MMSG-17999]
Action.c(720): Compare Result-------,-4	[MsgId: MMSG-17999]
Action.c(724): lr_think_time: 5.00 seconds.	[MsgId: MMSG-15948]
Action.c(744): Notify: Transaction "Report  Print Task fail" started.	[MsgId: MMSG-16999]
Action.c(746): Error: The report task print failed! taskID: 4377474  From Terminal: Terminal34	[MsgId: MERR-17999]
End auto log messages stack.	[MsgId: MMSG-10544]

Start auto log messages stack - Iteration 31.	[MsgId: MMSG-10545]
Action.c(489): The accession number is A20180613203012001,Terminal33	[MsgId: MMSG-17999]
Action.c(490): Notify: Transaction "Report GetReportPath_fail" ended with "Pass" status (Duration: 0.0001).	[MsgId: MMSG-16873]
Action.c(460): lr_think_time: 6.00 seconds.	[MsgId: MMSG-15948]
Action.c(463): Registering web_reg_save_param was successful  	[MsgId: MMSG-26390]
Action.c(469): Notify: Transaction "Report QueryFilmReportInfo" started.	[MsgId: MMSG-16999]
Action.c(471): Warning -26593: The header being added may cause unpredictable results when applied to all ensuing URLs. It is added anyway  	[MsgId: MWAR-26593]
Action.c(471): web_add_auto_header("content-type") highest severity level was "warning"  	[MsgId: MMSG-26391]
Action.c(472): web_custom_request("Item_query") was successful, 1012 body bytes, 284 header bytes  	[MsgId: MMSG-26386]
Action.c(483): Notify: Transaction "Report QueryFilmReportInfo" ended with "Pass" status (Duration: 26.0730 Wasted Time: 0.0001).	[MsgId: MMSG-16871]
Action.c(498): Error: Try to get the report path or ID failed:Accession: A20180613203012001  Terminal:  Terminal33	[MsgId: MERR-17999]
End auto log messages stack.	[MsgId: MMSG-10544]

Start auto log messages stack - Iteration 32.	[MsgId: MMSG-10545]
Action.c(697): Notify: Transaction "Report PrintTask Status Check" started.	[MsgId: MMSG-16999]
Action.c(699): Registering web_reg_save_param was successful  	[MsgId: MMSG-26390]
Action.c(704): Warning -26593: The header being added may cause unpredictable results when applied to all ensuing URLs. It is added anyway  	[MsgId: MWAR-26593]
Action.c(704): web_add_auto_header("content-type") highest severity level was "warning"  	[MsgId: MMSG-26391]
Action.c(706): web_custom_request("web_custom_request") was successful, 265 body bytes, 283 header bytes  	[MsgId: MMSG-26386]
Action.c(716): Notify: Transaction "Report PrintTask Status Check" ended with "Pass" status (Duration: 0.1791 Wasted Time: 0.0000).	[MsgId: MMSG-16871]
Action.c(718): PrintStatus-------,0	[MsgId: MMSG-17999]
Action.c(720): Compare Result-------,-4	[MsgId: MMSG-17999]
Action.c(724): lr_think_time: 5.00 seconds.	[MsgId: MMSG-15948]
Action.c(744): Notify: Transaction "Report  Print Task fail" started.	[MsgId: MMSG-16999]
Action.c(746): Error: The report task print failed! taskID: 4377506  From Terminal: Terminal34	[MsgId: MERR-17999]
End auto log messages stack.	[MsgId: MMSG-10544]

Start auto log messages stack - Iteration 33.	[MsgId: MMSG-10545]
Action.c(697): Notify: Transaction "Report PrintTask Status Check" started.	[MsgId: MMSG-16999]
Action.c(699): Registering web_reg_save_param was successful  	[MsgId: MMSG-26390]
Action.c(704): Warning -26593: The header being added may cause unpredictable results when applied to all ensuing URLs. It is added anyway  	[MsgId: MWAR-26593]
Action.c(704): web_add_auto_header("content-type") highest severity level was "warning"  	[MsgId: MMSG-26391]
Action.c(706): web_custom_request("web_custom_request") was successful, 265 body bytes, 283 header bytes  	[MsgId: MMSG-26386]
Action.c(716): Notify: Transaction "Report PrintTask Status Check" ended with "Pass" status (Duration: 0.4086 Wasted Time: 0.0000).	[MsgId: MMSG-16871]
Action.c(718): PrintStatus-------,0	[MsgId: MMSG-17999]
Action.c(720): Compare Result-------,-4	[MsgId: MMSG-17999]
Action.c(724): lr_think_time: 5.00 seconds.	[MsgId: MMSG-15948]
Action.c(744): Notify: Transaction "Report  Print Task fail" started.	[MsgId: MMSG-16999]
Action.c(746): Error: The report task print failed! taskID: 4377524  From Terminal: Terminal33	[MsgId: MERR-17999]
End auto log messages stack.	[MsgId: MMSG-10544]

Start auto log messages stack - Iteration 34.	[MsgId: MMSG-10545]
Action.c(697): Notify: Transaction "Report PrintTask Status Check" started.	[MsgId: MMSG-16999]
Action.c(699): Registering web_reg_save_param was successful  	[MsgId: MMSG-26390]
Action.c(704): Warning -26593: The header being added may cause unpredictable results when applied to all ensuing URLs. It is added anyway  	[MsgId: MWAR-26593]
Action.c(704): web_add_auto_header("content-type") highest severity level was "warning"  	[MsgId: MMSG-26391]
Action.c(706): web_custom_request("web_custom_request") was successful, 265 body bytes, 283 header bytes  	[MsgId: MMSG-26386]
Action.c(716): Notify: Transaction "Report PrintTask Status Check" ended with "Pass" status (Duration: 0.2629 Wasted Time: 0.0000).	[MsgId: MMSG-16871]
Action.c(718): PrintStatus-------,0	[MsgId: MMSG-17999]
Action.c(720): Compare Result-------,-4	[MsgId: MMSG-17999]
Action.c(724): lr_think_time: 5.00 seconds.	[MsgId: MMSG-15948]
Action.c(744): Notify: Transaction "Report  Print Task fail" started.	[MsgId: MMSG-16999]
Action.c(746): Error: The report task print failed! taskID: 4377531  From Terminal: Terminal34	[MsgId: MERR-17999]
End auto log messages stack.	[MsgId: MMSG-10544]

Start auto log messages stack - Iteration 35.	[MsgId: MMSG-10545]
Action.c(697): Notify: Transaction "Report PrintTask Status Check" started.	[MsgId: MMSG-16999]
Action.c(699): Registering web_reg_save_param was successful  	[MsgId: MMSG-26390]
Action.c(704): Warning -26593: The header being added may cause unpredictable results when applied to all ensuing URLs. It is added anyway  	[MsgId: MWAR-26593]
Action.c(704): web_add_auto_header("content-type") highest severity level was "warning"  	[MsgId: MMSG-26391]
Action.c(706): web_custom_request("web_custom_request") was successful, 265 body bytes, 283 header bytes  	[MsgId: MMSG-26386]
Action.c(716): Notify: Transaction "Report PrintTask Status Check" ended with "Pass" status (Duration: 0.6314 Wasted Time: 0.0000).	[MsgId: MMSG-16871]
Action.c(718): PrintStatus-------,0	[MsgId: MMSG-17999]
Action.c(720): Compare Result-------,-4	[MsgId: MMSG-17999]
Action.c(724): lr_think_time: 5.00 seconds.	[MsgId: MMSG-15948]
Action.c(744): Notify: Transaction "Report  Print Task fail" started.	[MsgId: MMSG-16999]
Action.c(746): Error: The report task print failed! taskID: 4377549  From Terminal: Terminal33	[MsgId: MERR-17999]
End auto log messages stack.	[MsgId: MMSG-10544]

Start auto log messages stack - Iteration 36.	[MsgId: MMSG-10545]
Action.c(55): Notify: Transaction "Create New Patient" started.	[MsgId: MMSG-16999]
Action.c(58): web_custom_request("web_custom_request") was successful, 373 body bytes, 266 header bytes  	[MsgId: MMSG-26386]
Action.c(124): Notify: Transaction "Create New Patient" ended with "Pass" status (Duration: 1.4214 Wasted Time: 0.0000).	[MsgId: MMSG-16871]
Action.c(127): lr_think_time: 60.00 seconds.	[MsgId: MMSG-15948]
Action.c(220): Notify: Transaction "Notify File 100k" started.	[MsgId: MMSG-16999]
Action.c(225): Registering web_reg_save_param was successful  	[MsgId: MMSG-26390]
Action.c(230): web_custom_request("web_custom_request") was successful, 381 body bytes, 266 header bytes  	[MsgId: MMSG-26386]
Action.c(299): Notify: Transaction "Notify File 100k" ended with "Pass" status (Duration: 70.6034 Wasted Time: 0.0000).	[MsgId: MMSG-16871]
Action.c(305): lr_think_time: 60.00 seconds.	[MsgId: MMSG-15948]
Action.c(316): web_set_max_html_param_len was successful  	[MsgId: MMSG-26392]
Action.c(346): lr_think_time: 5.00 seconds.	[MsgId: MMSG-15948]
Action.c(358): Error: The report print status is not correct and Update the status by databse failed: the accessionnumber is  A20180613211957146 	[MsgId: MERR-17999]
End auto log messages stack.	[MsgId: MMSG-10544]

Start auto log messages stack - Iteration 37.	[MsgId: MMSG-10545]
Action.c(524): web_add_auto_header("content-type") highest severity level was "warning"  	[MsgId: MMSG-26391]
Action.c(525): web_custom_request("Item_query") was successful, 1012 body bytes, 284 header bytes  	[MsgId: MMSG-26386]
Action.c(537): Notify: Transaction "Report QueryFilmReportInfo" ended with "Pass" status (Duration: 23.1725 Wasted Time: 0.0001).	[MsgId: MMSG-16871]
Action.c(582): lr_think_time: 5.00 seconds.	[MsgId: MMSG-15948]
Action.c(590): Notify: Transaction "Report Create_PrintTask" started.	[MsgId: MMSG-16999]
Action.c(592): Registering web_reg_save_param was successful  	[MsgId: MMSG-26390]
Action.c(603): Warning -26593: The header being added may cause unpredictable results when applied to all ensuing URLs. It is added anyway  	[MsgId: MWAR-26593]
Action.c(603): web_add_auto_header("content-type") highest severity level was "warning"  	[MsgId: MMSG-26391]
Action.c(605): Continuing after Error -26377: No match found for the requested parameter "TaskID". Check whether the requested boundaries exist in the response data. Also, if the data you want to save exceeds 809400 bytes, use web_set_max_html_param_len to increase the parameter size  	[MsgId: MERR-26377]
End auto log messages stack.	[MsgId: MMSG-10544]

Start auto log messages stack - Iteration 37.	[MsgId: MMSG-10545]
Action.c(605): web_custom_request("web_custom_request") highest severity level was "continue on error", 265 body bytes, 283 header bytes  	[MsgId: MMSG-26388]
Action.c(605): Continuing after error in Vuser script.	[MsgId: MMSG-10678]
Action.c(616): Notify: Transaction "Report Create_PrintTask" ended with "Fail" status (Duration: 23.0329 Wasted Time: 0.0000).	[MsgId: MMSG-16871]
TaskID is : 	[MsgId: MMSG-17999]
Action.c(621): lr_think_time: 5.00 seconds.	[MsgId: MMSG-15948]
Action.c(628): Notify: Transaction "Create Report PrintTask Fail" started.	[MsgId: MMSG-16999]
Action.c(630): Error: The system create report print task fail!:   From Terminal: Terminal33 and error message is 	[MsgId: MERR-17999]
End auto log messages stack.	[MsgId: MMSG-10544]

Start auto log messages stack - Iteration 38.	[MsgId: MMSG-10545]
Action.c(697): Notify: Transaction "Report PrintTask Status Check" started.	[MsgId: MMSG-16999]
Action.c(699): Registering web_reg_save_param was successful  	[MsgId: MMSG-26390]
Action.c(704): Warning -26593: The header being added may cause unpredictable results when applied to all ensuing URLs. It is added anyway  	[MsgId: MWAR-26593]
Action.c(704): web_add_auto_header("content-type") highest severity level was "warning"  	[MsgId: MMSG-26391]
Action.c(706): web_custom_request("web_custom_request") was successful, 265 body bytes, 283 header bytes  	[MsgId: MMSG-26386]
Action.c(716): Notify: Transaction "Report PrintTask Status Check" ended with "Pass" status (Duration: 0.1236 Wasted Time: 0.0000).	[MsgId: MMSG-16871]
Action.c(718): PrintStatus-------,0	[MsgId: MMSG-17999]
Action.c(720): Compare Result-------,-4	[MsgId: MMSG-17999]
Action.c(724): lr_think_time: 5.00 seconds.	[MsgId: MMSG-15948]
Action.c(744): Notify: Transaction "Report  Print Task fail" started.	[MsgId: MMSG-16999]
Action.c(746): Error: The report task print failed! taskID: 4377575  From Terminal: Terminal34	[MsgId: MERR-17999]
End auto log messages stack.	[MsgId: MMSG-10544]

Start auto log messages stack - Iteration 39.	[MsgId: MMSG-10545]
Action.c(697): Notify: Transaction "Report PrintTask Status Check" started.	[MsgId: MMSG-16999]
Action.c(699): Registering web_reg_save_param was successful  	[MsgId: MMSG-26390]
Action.c(704): Warning -26593: The header being added may cause unpredictable results when applied to all ensuing URLs. It is added anyway  	[MsgId: MWAR-26593]
Action.c(704): web_add_auto_header("content-type") highest severity level was "warning"  	[MsgId: MMSG-26391]
Action.c(706): web_custom_request("web_custom_request") was successful, 265 body bytes, 283 header bytes  	[MsgId: MMSG-26386]
Action.c(716): Notify: Transaction "Report PrintTask Status Check" ended with "Pass" status (Duration: 0.4278 Wasted Time: 0.0000).	[MsgId: MMSG-16871]
Action.c(718): PrintStatus-------,0	[MsgId: MMSG-17999]
Action.c(720): Compare Result-------,-4	[MsgId: MMSG-17999]
Action.c(724): lr_think_time: 5.00 seconds.	[MsgId: MMSG-15948]
Action.c(744): Notify: Transaction "Report  Print Task fail" started.	[MsgId: MMSG-16999]
Action.c(746): Error: The report task print failed! taskID: 4377588  From Terminal: Terminal33	[MsgId: MERR-17999]
End auto log messages stack.	[MsgId: MMSG-10544]

Start auto log messages stack - Iteration 40.	[MsgId: MMSG-10545]
Action.c(55): Notify: Transaction "Create New Patient" started.	[MsgId: MMSG-16999]
Action.c(58): web_custom_request("web_custom_request") was successful, 373 body bytes, 266 header bytes  	[MsgId: MMSG-26386]
Action.c(124): Notify: Transaction "Create New Patient" ended with "Pass" status (Duration: 1.0382 Wasted Time: 0.0000).	[MsgId: MMSG-16871]
Action.c(127): lr_think_time: 60.00 seconds.	[MsgId: MMSG-15948]
Action.c(220): Notify: Transaction "Notify File 100k" started.	[MsgId: MMSG-16999]
Action.c(225): Registering web_reg_save_param was successful  	[MsgId: MMSG-26390]
Action.c(230): web_custom_request("web_custom_request") was successful, 381 body bytes, 266 header bytes  	[MsgId: MMSG-26386]
Action.c(299): Notify: Transaction "Notify File 100k" ended with "Pass" status (Duration: 14.9978 Wasted Time: 0.0000).	[MsgId: MMSG-16871]
Action.c(305): lr_think_time: 60.00 seconds.	[MsgId: MMSG-15948]
Action.c(316): web_set_max_html_param_len was successful  	[MsgId: MMSG-26392]
Action.c(346): lr_think_time: 5.00 seconds.	[MsgId: MMSG-15948]
Action.c(358): Error: The report print status is not correct and Update the status by databse failed: the accessionnumber is  A20180613215309296 	[MsgId: MERR-17999]
End auto log messages stack.	[MsgId: MMSG-10544]

Start auto log messages stack - Iteration 41.	[MsgId: MMSG-10545]
Action.c(471): web_add_auto_header("content-type") highest severity level was "warning"  	[MsgId: MMSG-26391]
Action.c(472): Warning -26377: No match found for the requested parameter "ReportPath". Check whether the requested boundaries exist in the response data. Also, if the data you want to save exceeds 809400 bytes, use web_set_max_html_param_len to increase the parameter size  	[MsgId: MWAR-26377]
Action.c(472): web_custom_request("Item_query") highest severity level was "warning", 401 body bytes, 283 header bytes  	[MsgId: MMSG-26388]
Action.c(483): Notify: Transaction "Report QueryFilmReportInfo" ended with "Pass" status (Duration: 33.4094 Wasted Time: 0.0000).	[MsgId: MMSG-16871]
Action.c(488): Notify: Transaction "Report GetReportPath_fail" started.	[MsgId: MMSG-16999]
Action.c(489): The accession number is A20180613215536340,Terminal33	[MsgId: MMSG-17999]
Action.c(490): Notify: Transaction "Report GetReportPath_fail" ended with "Pass" status (Duration: 0.0001).	[MsgId: MMSG-16873]
Action.c(498): Error: Try to get the report path or ID failed:Accession: A20180613215536340  Terminal:  Terminal33	[MsgId: MERR-17999]
End auto log messages stack.	[MsgId: MMSG-10544]

Start auto log messages stack - Iteration 42.	[MsgId: MMSG-10545]
Action.c(524): web_add_auto_header("content-type") highest severity level was "warning"  	[MsgId: MMSG-26391]
Action.c(525): web_custom_request("Item_query") was successful, 1012 body bytes, 284 header bytes  	[MsgId: MMSG-26386]
Action.c(537): Notify: Transaction "Report QueryFilmReportInfo" ended with "Pass" status (Duration: 4.5552).	[MsgId: MMSG-16873]
Action.c(582): lr_think_time: 5.00 seconds.	[MsgId: MMSG-15948]
Action.c(590): Notify: Transaction "Report Create_PrintTask" started.	[MsgId: MMSG-16999]
Action.c(592): Registering web_reg_save_param was successful  	[MsgId: MMSG-26390]
Action.c(603): Warning -26593: The header being added may cause unpredictable results when applied to all ensuing URLs. It is added anyway  	[MsgId: MWAR-26593]
Action.c(603): web_add_auto_header("content-type") highest severity level was "warning"  	[MsgId: MMSG-26391]
Action.c(605): Continuing after Error -26377: No match found for the requested parameter "TaskID". Check whether the requested boundaries exist in the response data. Also, if the data you want to save exceeds 809400 bytes, use web_set_max_html_param_len to increase the parameter size  	[MsgId: MERR-26377]
End auto log messages stack.	[MsgId: MMSG-10544]

Start auto log messages stack - Iteration 42.	[MsgId: MMSG-10545]
Action.c(605): web_custom_request("web_custom_request") highest severity level was "continue on error", 265 body bytes, 283 header bytes  	[MsgId: MMSG-26388]
Action.c(605): Continuing after error in Vuser script.	[MsgId: MMSG-10678]
Action.c(616): Notify: Transaction "Report Create_PrintTask" ended with "Fail" status (Duration: 112.5854).	[MsgId: MMSG-16873]
TaskID is : 	[MsgId: MMSG-17999]
Action.c(621): lr_think_time: 5.00 seconds.	[MsgId: MMSG-15948]
Action.c(628): Notify: Transaction "Create Report PrintTask Fail" started.	[MsgId: MMSG-16999]
Action.c(630): Error: The system create report print task fail!:   From Terminal: Terminal34 and error message is 	[MsgId: MERR-17999]
End auto log messages stack.	[MsgId: MMSG-10544]

Start auto log messages stack - Iteration 43.	[MsgId: MMSG-10545]
Action.c(697): Notify: Transaction "Report PrintTask Status Check" started.	[MsgId: MMSG-16999]
Action.c(699): Registering web_reg_save_param was successful  	[MsgId: MMSG-26390]
Action.c(704): Warning -26593: The header being added may cause unpredictable results when applied to all ensuing URLs. It is added anyway  	[MsgId: MWAR-26593]
Action.c(704): web_add_auto_header("content-type") highest severity level was "warning"  	[MsgId: MMSG-26391]
Action.c(706): web_custom_request("web_custom_request") was successful, 265 body bytes, 283 header bytes  	[MsgId: MMSG-26386]
Action.c(716): Notify: Transaction "Report PrintTask Status Check" ended with "Pass" status (Duration: 0.4212).	[MsgId: MMSG-16873]
Action.c(718): PrintStatus-------,0	[MsgId: MMSG-17999]
Action.c(720): Compare Result-------,-4	[MsgId: MMSG-17999]
Action.c(724): lr_think_time: 5.00 seconds.	[MsgId: MMSG-15948]
Action.c(744): Notify: Transaction "Report  Print Task fail" started.	[MsgId: MMSG-16999]
Action.c(746): Error: The report task print failed! taskID: 4377634  From Terminal: Terminal33	[MsgId: MERR-17999]
End auto log messages stack.	[MsgId: MMSG-10544]

Start auto log messages stack - Iteration 44.	[MsgId: MMSG-10545]
Action.c(697): Notify: Transaction "Report PrintTask Status Check" started.	[MsgId: MMSG-16999]
Action.c(699): Registering web_reg_save_param was successful  	[MsgId: MMSG-26390]
Action.c(704): Warning -26593: The header being added may cause unpredictable results when applied to all ensuing URLs. It is added anyway  	[MsgId: MWAR-26593]
Action.c(704): web_add_auto_header("content-type") highest severity level was "warning"  	[MsgId: MMSG-26391]
Action.c(706): web_custom_request("web_custom_request") was successful, 265 body bytes, 283 header bytes  	[MsgId: MMSG-26386]
Action.c(716): Notify: Transaction "Report PrintTask Status Check" ended with "Pass" status (Duration: 3.0888).	[MsgId: MMSG-16873]
Action.c(718): PrintStatus-------,0	[MsgId: MMSG-17999]
Action.c(720): Compare Result-------,-4	[MsgId: MMSG-17999]
Action.c(724): lr_think_time: 5.00 seconds.	[MsgId: MMSG-15948]
Action.c(744): Notify: Transaction "Report  Print Task fail" started.	[MsgId: MMSG-16999]
Action.c(746): Error: The report task print failed! taskID: 4377647  From Terminal: Terminal34	[MsgId: MERR-17999]
End auto log messages stack.	[MsgId: MMSG-10544]

Start auto log messages stack - Iteration 45.	[MsgId: MMSG-10545]
Action.c(697): Notify: Transaction "Report PrintTask Status Check" started.	[MsgId: MMSG-16999]
Action.c(699): Registering web_reg_save_param was successful  	[MsgId: MMSG-26390]
Action.c(704): Warning -26593: The header being added may cause unpredictable results when applied to all ensuing URLs. It is added anyway  	[MsgId: MWAR-26593]
Action.c(704): web_add_auto_header("content-type") highest severity level was "warning"  	[MsgId: MMSG-26391]
Action.c(706): web_custom_request("web_custom_request") was successful, 265 body bytes, 283 header bytes  	[MsgId: MMSG-26386]
Action.c(716): Notify: Transaction "Report PrintTask Status Check" ended with "Pass" status (Duration: 0.3900).	[MsgId: MMSG-16873]
Action.c(718): PrintStatus-------,0	[MsgId: MMSG-17999]
Action.c(720): Compare Result-------,-4	[MsgId: MMSG-17999]
Action.c(724): lr_think_time: 5.00 seconds.	[MsgId: MMSG-15948]
Action.c(744): Notify: Transaction "Report  Print Task fail" started.	[MsgId: MMSG-16999]
Action.c(746): Error: The report task print failed! taskID: 4377669  From Terminal: Terminal33	[MsgId: MERR-17999]
End auto log messages stack.	[MsgId: MMSG-10544]

Start auto log messages stack - Iteration 46.	[MsgId: MMSG-10545]
Action.c(471): web_add_auto_header("content-type") highest severity level was "warning"  	[MsgId: MMSG-26391]
Action.c(472): Warning -26377: No match found for the requested parameter "ReportPath". Check whether the requested boundaries exist in the response data. Also, if the data you want to save exceeds 809400 bytes, use web_set_max_html_param_len to increase the parameter size  	[MsgId: MWAR-26377]
Action.c(472): web_custom_request("Item_query") highest severity level was "warning", 401 body bytes, 283 header bytes  	[MsgId: MMSG-26388]
Action.c(483): Notify: Transaction "Report QueryFilmReportInfo" ended with "Pass" status (Duration: 40.5289).	[MsgId: MMSG-16873]
Action.c(488): Notify: Transaction "Report GetReportPath_fail" started.	[MsgId: MMSG-16999]
Action.c(489): The accession number is A20180613230657316,Terminal34	[MsgId: MMSG-17999]
Action.c(490): Notify: Transaction "Report GetReportPath_fail" ended with "Pass" status (Duration: 0.0000).	[MsgId: MMSG-16873]
Action.c(498): Error: Try to get the report path or ID failed:Accession: A20180613230657316  Terminal:  Terminal34	[MsgId: MERR-17999]
End auto log messages stack.	[MsgId: MMSG-10544]

Start auto log messages stack - Iteration 47.	[MsgId: MMSG-10545]
Action.c(697): Notify: Transaction "Report PrintTask Status Check" started.	[MsgId: MMSG-16999]
Action.c(699): Registering web_reg_save_param was successful  	[MsgId: MMSG-26390]
Action.c(704): Warning -26593: The header being added may cause unpredictable results when applied to all ensuing URLs. It is added anyway  	[MsgId: MWAR-26593]
Action.c(704): web_add_auto_header("content-type") highest severity level was "warning"  	[MsgId: MMSG-26391]
Action.c(706): web_custom_request("web_custom_request") was successful, 265 body bytes, 283 header bytes  	[MsgId: MMSG-26386]
Action.c(716): Notify: Transaction "Report PrintTask Status Check" ended with "Pass" status (Duration: 0.2028).	[MsgId: MMSG-16873]
Action.c(718): PrintStatus-------,0	[MsgId: MMSG-17999]
Action.c(720): Compare Result-------,-4	[MsgId: MMSG-17999]
Action.c(724): lr_think_time: 5.00 seconds.	[MsgId: MMSG-15948]
Action.c(744): Notify: Transaction "Report  Print Task fail" started.	[MsgId: MMSG-16999]
Action.c(746): Error: The report task print failed! taskID: 4377693  From Terminal: Terminal33	[MsgId: MERR-17999]
End auto log messages stack.	[MsgId: MMSG-10544]

Start auto log messages stack - Iteration 48.	[MsgId: MMSG-10545]
Action.c(55): Notify: Transaction "Create New Patient" started.	[MsgId: MMSG-16999]
Action.c(58): web_custom_request("web_custom_request") was successful, 373 body bytes, 266 header bytes  	[MsgId: MMSG-26386]
Action.c(124): Notify: Transaction "Create New Patient" ended with "Pass" status (Duration: 0.4056).	[MsgId: MMSG-16873]
Action.c(127): lr_think_time: 60.00 seconds.	[MsgId: MMSG-15948]
Action.c(220): Notify: Transaction "Notify File 100k" started.	[MsgId: MMSG-16999]
Action.c(225): Registering web_reg_save_param was successful  	[MsgId: MMSG-26390]
Action.c(230): web_custom_request("web_custom_request") was successful, 381 body bytes, 266 header bytes  	[MsgId: MMSG-26386]
Action.c(299): Notify: Transaction "Notify File 100k" ended with "Pass" status (Duration: 8.8764).	[MsgId: MMSG-16873]
Action.c(305): lr_think_time: 60.00 seconds.	[MsgId: MMSG-15948]
Action.c(316): web_set_max_html_param_len was successful  	[MsgId: MMSG-26392]
Action.c(346): lr_think_time: 5.00 seconds.	[MsgId: MMSG-15948]
Action.c(358): Error: The report print status is not correct and Update the status by databse failed: the accessionnumber is  A20180613232730748 	[MsgId: MERR-17999]
End auto log messages stack.	[MsgId: MMSG-10544]

Start auto log messages stack - Iteration 49.	[MsgId: MMSG-10545]
Action.c(58): web_custom_request("web_custom_request") was successful, 373 body bytes, 266 header bytes  	[MsgId: MMSG-26386]
Action.c(124): Notify: Transaction "Create New Patient" ended with "Pass" status (Duration: 0.6084).	[MsgId: MMSG-16873]
Action.c(127): lr_think_time: 60.00 seconds.	[MsgId: MMSG-15948]
Action.c(220): Notify: Transaction "Notify File 100k" started.	[MsgId: MMSG-16999]
Action.c(225): Registering web_reg_save_param was successful  	[MsgId: MMSG-26390]
Action.c(230): web_custom_request("web_custom_request") was successful, 381 body bytes, 266 header bytes  	[MsgId: MMSG-26386]
Action.c(299): Notify: Transaction "Notify File 100k" ended with "Pass" status (Duration: 31.2001).	[MsgId: MMSG-16873]
Action.c(305): lr_think_time: 60.00 seconds.	[MsgId: MMSG-15948]
Action.c(316): web_set_max_html_param_len was successful  	[MsgId: MMSG-26392]
Action.c(346): lr_think_time: 5.00 seconds.	[MsgId: MMSG-15948]
Action.c(358): Error: The report print status is not correct and Update the status by databse failed: the accessionnumber is  A20180613233006748 	[MsgId: MERR-17999]
End auto log messages stack.	[MsgId: MMSG-10544]

Start auto log messages stack - Iteration 50.	[MsgId: MMSG-10545]
Action.c(697): Notify: Transaction "Report PrintTask Status Check" started.	[MsgId: MMSG-16999]
Action.c(699): Registering web_reg_save_param was successful  	[MsgId: MMSG-26390]
Action.c(704): Warning -26593: The header being added may cause unpredictable results when applied to all ensuing URLs. It is added anyway  	[MsgId: MWAR-26593]
Action.c(704): web_add_auto_header("content-type") highest severity level was "warning"  	[MsgId: MMSG-26391]
Action.c(706): web_custom_request("web_custom_request") was successful, 265 body bytes, 283 header bytes  	[MsgId: MMSG-26386]
Action.c(716): Notify: Transaction "Report PrintTask Status Check" ended with "Pass" status (Duration: 0.3744).	[MsgId: MMSG-16873]
Action.c(718): PrintStatus-------,0	[MsgId: MMSG-17999]
Action.c(720): Compare Result-------,-4	[MsgId: MMSG-17999]
Action.c(724): lr_think_time: 5.00 seconds.	[MsgId: MMSG-15948]
Action.c(744): Notify: Transaction "Report  Print Task fail" started.	[MsgId: MMSG-16999]
Action.c(746): Error: The report task print failed! taskID: 4377715  From Terminal: Terminal34	[MsgId: MERR-17999]
End auto log messages stack.	[MsgId: MMSG-10544]

Start auto log messages stack - Iteration 51.	[MsgId: MMSG-10545]
Action.c(524): web_add_auto_header("content-type") highest severity level was "warning"  	[MsgId: MMSG-26391]
Action.c(525): Warning -26377: No match found for the requested parameter "ReportID". Check whether the requested boundaries exist in the response data. Also, if the data you want to save exceeds 809400 bytes, use web_set_max_html_param_len to increase the parameter size  	[MsgId: MWAR-26377]
Action.c(525): web_custom_request("Item_query") highest severity level was "warning", 368 body bytes, 283 header bytes  	[MsgId: MMSG-26388]
Action.c(537): Notify: Transaction "Report QueryFilmReportInfo" ended with "Pass" status (Duration: 0.1404).	[MsgId: MMSG-16873]
Action.c(543): Notify: Transaction "Report GetReportID_fail" started.	[MsgId: MMSG-16999]
Action.c(544): The accession number is A20180613233839615,Terminal33	[MsgId: MMSG-17999]
Action.c(545): Notify: Transaction "Report GetReportID_fail" ended with "Pass" status (Duration: 0.0000).	[MsgId: MMSG-16873]
Action.c(553): Error: Try to get the report path or ID failed:Accession: A20180613233839615  Terminal:  Terminal33	[MsgId: MERR-17999]
End auto log messages stack.	[MsgId: MMSG-10544]

Start auto log messages stack - Iteration 52.	[MsgId: MMSG-10545]
Action.c(697): Notify: Transaction "Report PrintTask Status Check" started.	[MsgId: MMSG-16999]
Action.c(699): Registering web_reg_save_param was successful  	[MsgId: MMSG-26390]
Action.c(704): Warning -26593: The header being added may cause unpredictable results when applied to all ensuing URLs. It is added anyway  	[MsgId: MWAR-26593]
Action.c(704): web_add_auto_header("content-type") highest severity level was "warning"  	[MsgId: MMSG-26391]
Action.c(706): web_custom_request("web_custom_request") was successful, 265 body bytes, 283 header bytes  	[MsgId: MMSG-26386]
Action.c(716): Notify: Transaction "Report PrintTask Status Check" ended with "Pass" status (Duration: 0.1716).	[MsgId: MMSG-16873]
Action.c(718): PrintStatus-------,0	[MsgId: MMSG-17999]
Action.c(720): Compare Result-------,-4	[MsgId: MMSG-17999]
Action.c(724): lr_think_time: 5.00 seconds.	[MsgId: MMSG-15948]
Action.c(744): Notify: Transaction "Report  Print Task fail" started.	[MsgId: MMSG-16999]
Action.c(746): Error: The report task print failed! taskID: 4377728  From Terminal: Terminal34	[MsgId: MERR-17999]
End auto log messages stack.	[MsgId: MMSG-10544]

Start auto log messages stack - Iteration 53.	[MsgId: MMSG-10545]
Action.c(697): Notify: Transaction "Report PrintTask Status Check" started.	[MsgId: MMSG-16999]
Action.c(699): Registering web_reg_save_param was successful  	[MsgId: MMSG-26390]
Action.c(704): Warning -26593: The header being added may cause unpredictable results when applied to all ensuing URLs. It is added anyway  	[MsgId: MWAR-26593]
Action.c(704): web_add_auto_header("content-type") highest severity level was "warning"  	[MsgId: MMSG-26391]
Action.c(706): web_custom_request("web_custom_request") was successful, 265 body bytes, 283 header bytes  	[MsgId: MMSG-26386]
Action.c(716): Notify: Transaction "Report PrintTask Status Check" ended with "Pass" status (Duration: 1.4664).	[MsgId: MMSG-16873]
Action.c(718): PrintStatus-------,0	[MsgId: MMSG-17999]
Action.c(720): Compare Result-------,-4	[MsgId: MMSG-17999]
Action.c(724): lr_think_time: 5.00 seconds.	[MsgId: MMSG-15948]
Action.c(744): Notify: Transaction "Report  Print Task fail" started.	[MsgId: MMSG-16999]
Action.c(746): Error: The report task print failed! taskID: 4377744  From Terminal: Terminal33	[MsgId: MERR-17999]
End auto log messages stack.	[MsgId: MMSG-10544]

Start auto log messages stack - Iteration 54.	[MsgId: MMSG-10545]
Action.c(524): web_add_auto_header("content-type") highest severity level was "warning"  	[MsgId: MMSG-26391]
Action.c(525): Warning -26377: No match found for the requested parameter "ReportID". Check whether the requested boundaries exist in the response data. Also, if the data you want to save exceeds 809400 bytes, use web_set_max_html_param_len to increase the parameter size  	[MsgId: MWAR-26377]
Action.c(525): web_custom_request("Item_query") highest severity level was "warning", 401 body bytes, 283 header bytes  	[MsgId: MMSG-26388]
Action.c(537): Notify: Transaction "Report QueryFilmReportInfo" ended with "Pass" status (Duration: 42.2293).	[MsgId: MMSG-16873]
Action.c(543): Notify: Transaction "Report GetReportID_fail" started.	[MsgId: MMSG-16999]
Action.c(544): The accession number is A20180614000559895,Terminal34	[MsgId: MMSG-17999]
Action.c(545): Notify: Transaction "Report GetReportID_fail" ended with "Pass" status (Duration: 0.0000).	[MsgId: MMSG-16873]
Action.c(553): Error: Try to get the report path or ID failed:Accession: A20180614000559895  Terminal:  Terminal34	[MsgId: MERR-17999]
End auto log messages stack.	[MsgId: MMSG-10544]

Start auto log messages stack - Iteration 55.	[MsgId: MMSG-10545]
Action.c(489): The accession number is A20180614001849008,Terminal33	[MsgId: MMSG-17999]
Action.c(490): Notify: Transaction "Report GetReportPath_fail" ended with "Pass" status (Duration: 0.0000).	[MsgId: MMSG-16873]
Action.c(460): lr_think_time: 6.00 seconds.	[MsgId: MMSG-15948]
Action.c(463): Registering web_reg_save_param was successful  	[MsgId: MMSG-26390]
Action.c(469): Notify: Transaction "Report QueryFilmReportInfo" started.	[MsgId: MMSG-16999]
Action.c(471): Warning -26593: The header being added may cause unpredictable results when applied to all ensuing URLs. It is added anyway  	[MsgId: MWAR-26593]
Action.c(471): web_add_auto_header("content-type") highest severity level was "warning"  	[MsgId: MMSG-26391]
Action.c(472): web_custom_request("Item_query") was successful, 1012 body bytes, 284 header bytes  	[MsgId: MMSG-26386]
Action.c(483): Notify: Transaction "Report QueryFilmReportInfo" ended with "Pass" status (Duration: 59.2333).	[MsgId: MMSG-16873]
Action.c(498): Error: Try to get the report path or ID failed:Accession: A20180614001849008  Terminal:  Terminal33	[MsgId: MERR-17999]
End auto log messages stack.	[MsgId: MMSG-10544]

Start auto log messages stack - Iteration 56.	[MsgId: MMSG-10545]
Action.c(697): Notify: Transaction "Report PrintTask Status Check" started.	[MsgId: MMSG-16999]
Action.c(699): Registering web_reg_save_param was successful  	[MsgId: MMSG-26390]
Action.c(704): Warning -26593: The header being added may cause unpredictable results when applied to all ensuing URLs. It is added anyway  	[MsgId: MWAR-26593]
Action.c(704): web_add_auto_header("content-type") highest severity level was "warning"  	[MsgId: MMSG-26391]
Action.c(706): web_custom_request("web_custom_request") was successful, 265 body bytes, 283 header bytes  	[MsgId: MMSG-26386]
Action.c(716): Notify: Transaction "Report PrintTask Status Check" ended with "Pass" status (Duration: 0.4368).	[MsgId: MMSG-16873]
Action.c(718): PrintStatus-------,0	[MsgId: MMSG-17999]
Action.c(720): Compare Result-------,-4	[MsgId: MMSG-17999]
Action.c(724): lr_think_time: 5.00 seconds.	[MsgId: MMSG-15948]
Action.c(744): Notify: Transaction "Report  Print Task fail" started.	[MsgId: MMSG-16999]
Action.c(746): Error: The report task print failed! taskID: 4377797  From Terminal: Terminal34	[MsgId: MERR-17999]
End auto log messages stack.	[MsgId: MMSG-10544]

Start auto log messages stack - Iteration 57.	[MsgId: MMSG-10545]
Action.c(471): web_add_auto_header("content-type") highest severity level was "warning"  	[MsgId: MMSG-26391]
Action.c(472): Warning -26377: No match found for the requested parameter "ReportPath". Check whether the requested boundaries exist in the response data. Also, if the data you want to save exceeds 809400 bytes, use web_set_max_html_param_len to increase the parameter size  	[MsgId: MWAR-26377]
Action.c(472): web_custom_request("Item_query") highest severity level was "warning", 401 body bytes, 283 header bytes  	[MsgId: MMSG-26388]
Action.c(483): Notify: Transaction "Report QueryFilmReportInfo" ended with "Pass" status (Duration: 58.9681).	[MsgId: MMSG-16873]
Action.c(488): Notify: Transaction "Report GetReportPath_fail" started.	[MsgId: MMSG-16999]
Action.c(489): The accession number is A20180614004006652,Terminal33	[MsgId: MMSG-17999]
Action.c(490): Notify: Transaction "Report GetReportPath_fail" ended with "Pass" status (Duration: 0.0000).	[MsgId: MMSG-16873]
Action.c(498): Error: Try to get the report path or ID failed:Accession: A20180614004006652  Terminal:  Terminal33	[MsgId: MERR-17999]
End auto log messages stack.	[MsgId: MMSG-10544]

