Start auto log messages stack - Iteration 1.	[MsgId: MMSG-10545]
Action.c(697): Notify: Transaction "Report PrintTask Status Check" started.	[MsgId: MMSG-16999]
Action.c(699): Registering web_reg_save_param was successful  	[MsgId: MMSG-26390]
Action.c(704): Warning -26593: The header being added may cause unpredictable results when applied to all ensuing URLs. It is added anyway  	[MsgId: MWAR-26593]
Action.c(704): web_add_auto_header("content-type") highest severity level was "warning"  	[MsgId: MMSG-26391]
Action.c(706): web_custom_request("web_custom_request") was successful, 265 body bytes, 283 header bytes  	[MsgId: MMSG-26386]
Action.c(716): Notify: Transaction "Report PrintTask Status Check" ended with "Pass" status (Duration: 0.1616 Wasted Time: 0.0000).	[MsgId: MMSG-16871]
Action.c(718): PrintStatus-------,0	[MsgId: MMSG-17999]
Action.c(720): Compare Result-------,-4	[MsgId: MMSG-17999]
Action.c(724): lr_think_time: 5.00 seconds.	[MsgId: MMSG-15948]
Action.c(744): Notify: Transaction "Report  Print Task fail" started.	[MsgId: MMSG-16999]
Action.c(746): Error: The report task print failed! taskID: 4376901  From Terminal: Terminal35	[MsgId: MERR-17999]
End auto log messages stack.	[MsgId: MMSG-10544]

Start auto log messages stack - Iteration 2.	[MsgId: MMSG-10545]
Action.c(697): Notify: Transaction "Report PrintTask Status Check" started.	[MsgId: MMSG-16999]
Action.c(699): Registering web_reg_save_param was successful  	[MsgId: MMSG-26390]
Action.c(704): Warning -26593: The header being added may cause unpredictable results when applied to all ensuing URLs. It is added anyway  	[MsgId: MWAR-26593]
Action.c(704): web_add_auto_header("content-type") highest severity level was "warning"  	[MsgId: MMSG-26391]
Action.c(706): web_custom_request("web_custom_request") was successful, 265 body bytes, 283 header bytes  	[MsgId: MMSG-26386]
Action.c(716): Notify: Transaction "Report PrintTask Status Check" ended with "Pass" status (Duration: 0.4287 Wasted Time: 0.0000).	[MsgId: MMSG-16871]
Action.c(718): PrintStatus-------,0	[MsgId: MMSG-17999]
Action.c(720): Compare Result-------,-4	[MsgId: MMSG-17999]
Action.c(724): lr_think_time: 5.00 seconds.	[MsgId: MMSG-15948]
Action.c(744): Notify: Transaction "Report  Print Task fail" started.	[MsgId: MMSG-16999]
Action.c(746): Error: The report task print failed! taskID: 4376927  From Terminal: Terminal36	[MsgId: MERR-17999]
End auto log messages stack.	[MsgId: MMSG-10544]

Start auto log messages stack - Iteration 3.	[MsgId: MMSG-10545]
Action.c(697): Notify: Transaction "Report PrintTask Status Check" started.	[MsgId: MMSG-16999]
Action.c(699): Registering web_reg_save_param was successful  	[MsgId: MMSG-26390]
Action.c(704): Warning -26593: The header being added may cause unpredictable results when applied to all ensuing URLs. It is added anyway  	[MsgId: MWAR-26593]
Action.c(704): web_add_auto_header("content-type") highest severity level was "warning"  	[MsgId: MMSG-26391]
Action.c(706): web_custom_request("web_custom_request") was successful, 265 body bytes, 283 header bytes  	[MsgId: MMSG-26386]
Action.c(716): Notify: Transaction "Report PrintTask Status Check" ended with "Pass" status (Duration: 0.1548 Wasted Time: 0.0000).	[MsgId: MMSG-16871]
Action.c(718): PrintStatus-------,0	[MsgId: MMSG-17999]
Action.c(720): Compare Result-------,-4	[MsgId: MMSG-17999]
Action.c(724): lr_think_time: 5.00 seconds.	[MsgId: MMSG-15948]
Action.c(744): Notify: Transaction "Report  Print Task fail" started.	[MsgId: MMSG-16999]
Action.c(746): Error: The report task print failed! taskID: 4376962  From Terminal: Terminal35	[MsgId: MERR-17999]
End auto log messages stack.	[MsgId: MMSG-10544]

Start auto log messages stack - Iteration 4.	[MsgId: MMSG-10545]
Action.c(697): Notify: Transaction "Report PrintTask Status Check" started.	[MsgId: MMSG-16999]
Action.c(699): Registering web_reg_save_param was successful  	[MsgId: MMSG-26390]
Action.c(704): Warning -26593: The header being added may cause unpredictable results when applied to all ensuing URLs. It is added anyway  	[MsgId: MWAR-26593]
Action.c(704): web_add_auto_header("content-type") highest severity level was "warning"  	[MsgId: MMSG-26391]
Action.c(706): web_custom_request("web_custom_request") was successful, 265 body bytes, 283 header bytes  	[MsgId: MMSG-26386]
Action.c(716): Notify: Transaction "Report PrintTask Status Check" ended with "Pass" status (Duration: 0.3321 Wasted Time: 0.0000).	[MsgId: MMSG-16871]
Action.c(718): PrintStatus-------,0	[MsgId: MMSG-17999]
Action.c(720): Compare Result-------,-4	[MsgId: MMSG-17999]
Action.c(724): lr_think_time: 5.00 seconds.	[MsgId: MMSG-15948]
Action.c(744): Notify: Transaction "Report  Print Task fail" started.	[MsgId: MMSG-16999]
Action.c(746): Error: The report task print failed! taskID: 4376982  From Terminal: Terminal36	[MsgId: MERR-17999]
End auto log messages stack.	[MsgId: MMSG-10544]

Start auto log messages stack - Iteration 5.	[MsgId: MMSG-10545]
Action.c(697): Notify: Transaction "Report PrintTask Status Check" started.	[MsgId: MMSG-16999]
Action.c(699): Registering web_reg_save_param was successful  	[MsgId: MMSG-26390]
Action.c(704): Warning -26593: The header being added may cause unpredictable results when applied to all ensuing URLs. It is added anyway  	[MsgId: MWAR-26593]
Action.c(704): web_add_auto_header("content-type") highest severity level was "warning"  	[MsgId: MMSG-26391]
Action.c(706): web_custom_request("web_custom_request") was successful, 265 body bytes, 283 header bytes  	[MsgId: MMSG-26386]
Action.c(716): Notify: Transaction "Report PrintTask Status Check" ended with "Pass" status (Duration: 0.1197 Wasted Time: 0.0000).	[MsgId: MMSG-16871]
Action.c(718): PrintStatus-------,0	[MsgId: MMSG-17999]
Action.c(720): Compare Result-------,-4	[MsgId: MMSG-17999]
Action.c(724): lr_think_time: 5.00 seconds.	[MsgId: MMSG-15948]
Action.c(744): Notify: Transaction "Report  Print Task fail" started.	[MsgId: MMSG-16999]
Action.c(746): Error: The report task print failed! taskID: 4377008  From Terminal: Terminal35	[MsgId: MERR-17999]
End auto log messages stack.	[MsgId: MMSG-10544]

Start auto log messages stack - Iteration 6.	[MsgId: MMSG-10545]
Action.c(697): Notify: Transaction "Report PrintTask Status Check" started.	[MsgId: MMSG-16999]
Action.c(699): Registering web_reg_save_param was successful  	[MsgId: MMSG-26390]
Action.c(704): Warning -26593: The header being added may cause unpredictable results when applied to all ensuing URLs. It is added anyway  	[MsgId: MWAR-26593]
Action.c(704): web_add_auto_header("content-type") highest severity level was "warning"  	[MsgId: MMSG-26391]
Action.c(706): web_custom_request("web_custom_request") was successful, 265 body bytes, 283 header bytes  	[MsgId: MMSG-26386]
Action.c(716): Notify: Transaction "Report PrintTask Status Check" ended with "Pass" status (Duration: 0.0880 Wasted Time: 0.0000).	[MsgId: MMSG-16871]
Action.c(718): PrintStatus-------,0	[MsgId: MMSG-17999]
Action.c(720): Compare Result-------,-4	[MsgId: MMSG-17999]
Action.c(724): lr_think_time: 5.00 seconds.	[MsgId: MMSG-15948]
Action.c(744): Notify: Transaction "Report  Print Task fail" started.	[MsgId: MMSG-16999]
Action.c(746): Error: The report task print failed! taskID: 4377039  From Terminal: Terminal36	[MsgId: MERR-17999]
End auto log messages stack.	[MsgId: MMSG-10544]

Start auto log messages stack - Iteration 7.	[MsgId: MMSG-10545]
Action.c(55): Notify: Transaction "Create New Patient" started.	[MsgId: MMSG-16999]
Action.c(58): web_custom_request("web_custom_request") was successful, 373 body bytes, 266 header bytes  	[MsgId: MMSG-26386]
Action.c(124): Notify: Transaction "Create New Patient" ended with "Pass" status (Duration: 0.2021 Wasted Time: 0.0000).	[MsgId: MMSG-16871]
Action.c(127): lr_think_time: 60.00 seconds.	[MsgId: MMSG-15948]
Action.c(220): Notify: Transaction "Notify File 100k" started.	[MsgId: MMSG-16999]
Action.c(225): Registering web_reg_save_param was successful  	[MsgId: MMSG-26390]
Action.c(230): web_custom_request("web_custom_request") was successful, 381 body bytes, 266 header bytes  	[MsgId: MMSG-26386]
Action.c(299): Notify: Transaction "Notify File 100k" ended with "Pass" status (Duration: 31.1863 Wasted Time: 0.0000).	[MsgId: MMSG-16871]
Action.c(305): lr_think_time: 60.00 seconds.	[MsgId: MMSG-15948]
Action.c(316): web_set_max_html_param_len was successful  	[MsgId: MMSG-26392]
Action.c(346): lr_think_time: 5.00 seconds.	[MsgId: MMSG-15948]
Action.c(358): Error: The report print status is not correct and Update the status by databse failed: the accessionnumber is  A20180613174538580 	[MsgId: MERR-17999]
End auto log messages stack.	[MsgId: MMSG-10544]

Start auto log messages stack - Iteration 8.	[MsgId: MMSG-10545]
Action.c(697): Notify: Transaction "Report PrintTask Status Check" started.	[MsgId: MMSG-16999]
Action.c(699): Registering web_reg_save_param was successful  	[MsgId: MMSG-26390]
Action.c(704): Warning -26593: The header being added may cause unpredictable results when applied to all ensuing URLs. It is added anyway  	[MsgId: MWAR-26593]
Action.c(704): web_add_auto_header("content-type") highest severity level was "warning"  	[MsgId: MMSG-26391]
Action.c(706): web_custom_request("web_custom_request") was successful, 265 body bytes, 283 header bytes  	[MsgId: MMSG-26386]
Action.c(716): Notify: Transaction "Report PrintTask Status Check" ended with "Pass" status (Duration: 0.2061 Wasted Time: 0.0000).	[MsgId: MMSG-16871]
Action.c(718): PrintStatus-------,0	[MsgId: MMSG-17999]
Action.c(720): Compare Result-------,-4	[MsgId: MMSG-17999]
Action.c(724): lr_think_time: 5.00 seconds.	[MsgId: MMSG-15948]
Action.c(744): Notify: Transaction "Report  Print Task fail" started.	[MsgId: MMSG-16999]
Action.c(746): Error: The report task print failed! taskID: 4377066  From Terminal: Terminal36	[MsgId: MERR-17999]
End auto log messages stack.	[MsgId: MMSG-10544]

Start auto log messages stack - Iteration 9.	[MsgId: MMSG-10545]
Action.c(697): Notify: Transaction "Report PrintTask Status Check" started.	[MsgId: MMSG-16999]
Action.c(699): Registering web_reg_save_param was successful  	[MsgId: MMSG-26390]
Action.c(704): Warning -26593: The header being added may cause unpredictable results when applied to all ensuing URLs. It is added anyway  	[MsgId: MWAR-26593]
Action.c(704): web_add_auto_header("content-type") highest severity level was "warning"  	[MsgId: MMSG-26391]
Action.c(706): web_custom_request("web_custom_request") was successful, 265 body bytes, 283 header bytes  	[MsgId: MMSG-26386]
Action.c(716): Notify: Transaction "Report PrintTask Status Check" ended with "Pass" status (Duration: 0.0576 Wasted Time: 0.0000).	[MsgId: MMSG-16871]
Action.c(718): PrintStatus-------,0	[MsgId: MMSG-17999]
Action.c(720): Compare Result-------,-4	[MsgId: MMSG-17999]
Action.c(724): lr_think_time: 5.00 seconds.	[MsgId: MMSG-15948]
Action.c(744): Notify: Transaction "Report  Print Task fail" started.	[MsgId: MMSG-16999]
Action.c(746): Error: The report task print failed! taskID: 4377094  From Terminal: Terminal35	[MsgId: MERR-17999]
End auto log messages stack.	[MsgId: MMSG-10544]

Start auto log messages stack - Iteration 10.	[MsgId: MMSG-10545]
Action.c(697): Notify: Transaction "Report PrintTask Status Check" started.	[MsgId: MMSG-16999]
Action.c(699): Registering web_reg_save_param was successful  	[MsgId: MMSG-26390]
Action.c(704): Warning -26593: The header being added may cause unpredictable results when applied to all ensuing URLs. It is added anyway  	[MsgId: MWAR-26593]
Action.c(704): web_add_auto_header("content-type") highest severity level was "warning"  	[MsgId: MMSG-26391]
Action.c(706): web_custom_request("web_custom_request") was successful, 265 body bytes, 283 header bytes  	[MsgId: MMSG-26386]
Action.c(716): Notify: Transaction "Report PrintTask Status Check" ended with "Pass" status (Duration: 0.1696 Wasted Time: 0.0000).	[MsgId: MMSG-16871]
Action.c(718): PrintStatus-------,0	[MsgId: MMSG-17999]
Action.c(720): Compare Result-------,-4	[MsgId: MMSG-17999]
Action.c(724): lr_think_time: 5.00 seconds.	[MsgId: MMSG-15948]
Action.c(744): Notify: Transaction "Report  Print Task fail" started.	[MsgId: MMSG-16999]
Action.c(746): Error: The report task print failed! taskID: 4377119  From Terminal: Terminal36	[MsgId: MERR-17999]
End auto log messages stack.	[MsgId: MMSG-10544]

Start auto log messages stack - Iteration 11.	[MsgId: MMSG-10545]
Action.c(697): Notify: Transaction "Report PrintTask Status Check" started.	[MsgId: MMSG-16999]
Action.c(699): Registering web_reg_save_param was successful  	[MsgId: MMSG-26390]
Action.c(704): Warning -26593: The header being added may cause unpredictable results when applied to all ensuing URLs. It is added anyway  	[MsgId: MWAR-26593]
Action.c(704): web_add_auto_header("content-type") highest severity level was "warning"  	[MsgId: MMSG-26391]
Action.c(706): web_custom_request("web_custom_request") was successful, 265 body bytes, 283 header bytes  	[MsgId: MMSG-26386]
Action.c(716): Notify: Transaction "Report PrintTask Status Check" ended with "Pass" status (Duration: 1.2441 Wasted Time: 0.0000).	[MsgId: MMSG-16871]
Action.c(718): PrintStatus-------,0	[MsgId: MMSG-17999]
Action.c(720): Compare Result-------,-4	[MsgId: MMSG-17999]
Action.c(724): lr_think_time: 5.00 seconds.	[MsgId: MMSG-15948]
Action.c(744): Notify: Transaction "Report  Print Task fail" started.	[MsgId: MMSG-16999]
Action.c(746): Error: The report task print failed! taskID: 4377134  From Terminal: Terminal35	[MsgId: MERR-17999]
End auto log messages stack.	[MsgId: MMSG-10544]

Start auto log messages stack - Iteration 12.	[MsgId: MMSG-10545]
Action.c(697): Notify: Transaction "Report PrintTask Status Check" started.	[MsgId: MMSG-16999]
Action.c(699): Registering web_reg_save_param was successful  	[MsgId: MMSG-26390]
Action.c(704): Warning -26593: The header being added may cause unpredictable results when applied to all ensuing URLs. It is added anyway  	[MsgId: MWAR-26593]
Action.c(704): web_add_auto_header("content-type") highest severity level was "warning"  	[MsgId: MMSG-26391]
Action.c(706): web_custom_request("web_custom_request") was successful, 265 body bytes, 283 header bytes  	[MsgId: MMSG-26386]
Action.c(716): Notify: Transaction "Report PrintTask Status Check" ended with "Pass" status (Duration: 0.4377 Wasted Time: 0.0000).	[MsgId: MMSG-16871]
Action.c(718): PrintStatus-------,0	[MsgId: MMSG-17999]
Action.c(720): Compare Result-------,-4	[MsgId: MMSG-17999]
Action.c(724): lr_think_time: 5.00 seconds.	[MsgId: MMSG-15948]
Action.c(744): Notify: Transaction "Report  Print Task fail" started.	[MsgId: MMSG-16999]
Action.c(746): Error: The report task print failed! taskID: 4377154  From Terminal: Terminal36	[MsgId: MERR-17999]
End auto log messages stack.	[MsgId: MMSG-10544]

Start auto log messages stack - Iteration 13.	[MsgId: MMSG-10545]
Action.c(697): Notify: Transaction "Report PrintTask Status Check" started.	[MsgId: MMSG-16999]
Action.c(699): Registering web_reg_save_param was successful  	[MsgId: MMSG-26390]
Action.c(704): Warning -26593: The header being added may cause unpredictable results when applied to all ensuing URLs. It is added anyway  	[MsgId: MWAR-26593]
Action.c(704): web_add_auto_header("content-type") highest severity level was "warning"  	[MsgId: MMSG-26391]
Action.c(706): web_custom_request("web_custom_request") was successful, 265 body bytes, 283 header bytes  	[MsgId: MMSG-26386]
Action.c(716): Notify: Transaction "Report PrintTask Status Check" ended with "Pass" status (Duration: 0.8211 Wasted Time: 0.0000).	[MsgId: MMSG-16871]
Action.c(718): PrintStatus-------,0	[MsgId: MMSG-17999]
Action.c(720): Compare Result-------,-4	[MsgId: MMSG-17999]
Action.c(724): lr_think_time: 5.00 seconds.	[MsgId: MMSG-15948]
Action.c(744): Notify: Transaction "Report  Print Task fail" started.	[MsgId: MMSG-16999]
Action.c(746): Error: The report task print failed! taskID: 4377173  From Terminal: Terminal35	[MsgId: MERR-17999]
End auto log messages stack.	[MsgId: MMSG-10544]

Start auto log messages stack - Iteration 14.	[MsgId: MMSG-10545]
Action.c(697): Notify: Transaction "Report PrintTask Status Check" started.	[MsgId: MMSG-16999]
Action.c(699): Registering web_reg_save_param was successful  	[MsgId: MMSG-26390]
Action.c(704): Warning -26593: The header being added may cause unpredictable results when applied to all ensuing URLs. It is added anyway  	[MsgId: MWAR-26593]
Action.c(704): web_add_auto_header("content-type") highest severity level was "warning"  	[MsgId: MMSG-26391]
Action.c(706): web_custom_request("web_custom_request") was successful, 265 body bytes, 283 header bytes  	[MsgId: MMSG-26386]
Action.c(716): Notify: Transaction "Report PrintTask Status Check" ended with "Pass" status (Duration: 3.1104 Wasted Time: 0.0000).	[MsgId: MMSG-16871]
Action.c(718): PrintStatus-------,0	[MsgId: MMSG-17999]
Action.c(720): Compare Result-------,-4	[MsgId: MMSG-17999]
Action.c(724): lr_think_time: 5.00 seconds.	[MsgId: MMSG-15948]
Action.c(744): Notify: Transaction "Report  Print Task fail" started.	[MsgId: MMSG-16999]
Action.c(746): Error: The report task print failed! taskID: 4377201  From Terminal: Terminal36	[MsgId: MERR-17999]
End auto log messages stack.	[MsgId: MMSG-10544]

Start auto log messages stack - Iteration 15.	[MsgId: MMSG-10545]
Action.c(697): Notify: Transaction "Report PrintTask Status Check" started.	[MsgId: MMSG-16999]
Action.c(699): Registering web_reg_save_param was successful  	[MsgId: MMSG-26390]
Action.c(704): Warning -26593: The header being added may cause unpredictable results when applied to all ensuing URLs. It is added anyway  	[MsgId: MWAR-26593]
Action.c(704): web_add_auto_header("content-type") highest severity level was "warning"  	[MsgId: MMSG-26391]
Action.c(706): web_custom_request("web_custom_request") was successful, 265 body bytes, 283 header bytes  	[MsgId: MMSG-26386]
Action.c(716): Notify: Transaction "Report PrintTask Status Check" ended with "Pass" status (Duration: 0.6359 Wasted Time: 0.0000).	[MsgId: MMSG-16871]
Action.c(718): PrintStatus-------,0	[MsgId: MMSG-17999]
Action.c(720): Compare Result-------,-4	[MsgId: MMSG-17999]
Action.c(724): lr_think_time: 5.00 seconds.	[MsgId: MMSG-15948]
Action.c(744): Notify: Transaction "Report  Print Task fail" started.	[MsgId: MMSG-16999]
Action.c(746): Error: The report task print failed! taskID: 4377237  From Terminal: Terminal35	[MsgId: MERR-17999]
End auto log messages stack.	[MsgId: MMSG-10544]

Start auto log messages stack - Iteration 16.	[MsgId: MMSG-10545]
Action.c(697): Notify: Transaction "Report PrintTask Status Check" started.	[MsgId: MMSG-16999]
Action.c(699): Registering web_reg_save_param was successful  	[MsgId: MMSG-26390]
Action.c(704): Warning -26593: The header being added may cause unpredictable results when applied to all ensuing URLs. It is added anyway  	[MsgId: MWAR-26593]
Action.c(704): web_add_auto_header("content-type") highest severity level was "warning"  	[MsgId: MMSG-26391]
Action.c(706): web_custom_request("web_custom_request") was successful, 265 body bytes, 283 header bytes  	[MsgId: MMSG-26386]
Action.c(716): Notify: Transaction "Report PrintTask Status Check" ended with "Pass" status (Duration: 0.4592 Wasted Time: 0.0000).	[MsgId: MMSG-16871]
Action.c(718): PrintStatus-------,0	[MsgId: MMSG-17999]
Action.c(720): Compare Result-------,-4	[MsgId: MMSG-17999]
Action.c(724): lr_think_time: 5.00 seconds.	[MsgId: MMSG-15948]
Action.c(744): Notify: Transaction "Report  Print Task fail" started.	[MsgId: MMSG-16999]
Action.c(746): Error: The report task print failed! taskID: 4377261  From Terminal: Terminal36	[MsgId: MERR-17999]
End auto log messages stack.	[MsgId: MMSG-10544]

Start auto log messages stack - Iteration 17.	[MsgId: MMSG-10545]
Action.c(697): Notify: Transaction "Report PrintTask Status Check" started.	[MsgId: MMSG-16999]
Action.c(699): Registering web_reg_save_param was successful  	[MsgId: MMSG-26390]
Action.c(704): Warning -26593: The header being added may cause unpredictable results when applied to all ensuing URLs. It is added anyway  	[MsgId: MWAR-26593]
Action.c(704): web_add_auto_header("content-type") highest severity level was "warning"  	[MsgId: MMSG-26391]
Action.c(706): web_custom_request("web_custom_request") was successful, 265 body bytes, 283 header bytes  	[MsgId: MMSG-26386]
Action.c(716): Notify: Transaction "Report PrintTask Status Check" ended with "Pass" status (Duration: 0.1608 Wasted Time: 0.0000).	[MsgId: MMSG-16871]
Action.c(718): PrintStatus-------,0	[MsgId: MMSG-17999]
Action.c(720): Compare Result-------,-4	[MsgId: MMSG-17999]
Action.c(724): lr_think_time: 5.00 seconds.	[MsgId: MMSG-15948]
Action.c(744): Notify: Transaction "Report  Print Task fail" started.	[MsgId: MMSG-16999]
Action.c(746): Error: The report task print failed! taskID: 4377288  From Terminal: Terminal35	[MsgId: MERR-17999]
End auto log messages stack.	[MsgId: MMSG-10544]

Start auto log messages stack - Iteration 18.	[MsgId: MMSG-10545]
Action.c(697): Notify: Transaction "Report PrintTask Status Check" started.	[MsgId: MMSG-16999]
Action.c(699): Registering web_reg_save_param was successful  	[MsgId: MMSG-26390]
Action.c(704): Warning -26593: The header being added may cause unpredictable results when applied to all ensuing URLs. It is added anyway  	[MsgId: MWAR-26593]
Action.c(704): web_add_auto_header("content-type") highest severity level was "warning"  	[MsgId: MMSG-26391]
Action.c(706): web_custom_request("web_custom_request") was successful, 265 body bytes, 283 header bytes  	[MsgId: MMSG-26386]
Action.c(716): Notify: Transaction "Report PrintTask Status Check" ended with "Pass" status (Duration: 0.2214 Wasted Time: 0.0000).	[MsgId: MMSG-16871]
Action.c(718): PrintStatus-------,0	[MsgId: MMSG-17999]
Action.c(720): Compare Result-------,-4	[MsgId: MMSG-17999]
Action.c(724): lr_think_time: 5.00 seconds.	[MsgId: MMSG-15948]
Action.c(744): Notify: Transaction "Report  Print Task fail" started.	[MsgId: MMSG-16999]
Action.c(746): Error: The report task print failed! taskID: 4377304  From Terminal: Terminal36	[MsgId: MERR-17999]
End auto log messages stack.	[MsgId: MMSG-10544]

Start auto log messages stack - Iteration 19.	[MsgId: MMSG-10545]
Action.c(697): Notify: Transaction "Report PrintTask Status Check" started.	[MsgId: MMSG-16999]
Action.c(699): Registering web_reg_save_param was successful  	[MsgId: MMSG-26390]
Action.c(704): Warning -26593: The header being added may cause unpredictable results when applied to all ensuing URLs. It is added anyway  	[MsgId: MWAR-26593]
Action.c(704): web_add_auto_header("content-type") highest severity level was "warning"  	[MsgId: MMSG-26391]
Action.c(706): web_custom_request("web_custom_request") was successful, 265 body bytes, 283 header bytes  	[MsgId: MMSG-26386]
Action.c(716): Notify: Transaction "Report PrintTask Status Check" ended with "Pass" status (Duration: 0.2204 Wasted Time: 0.0000).	[MsgId: MMSG-16871]
Action.c(718): PrintStatus-------,0	[MsgId: MMSG-17999]
Action.c(720): Compare Result-------,-4	[MsgId: MMSG-17999]
Action.c(724): lr_think_time: 5.00 seconds.	[MsgId: MMSG-15948]
Action.c(744): Notify: Transaction "Report  Print Task fail" started.	[MsgId: MMSG-16999]
Action.c(746): Error: The report task print failed! taskID: 4377323  From Terminal: Terminal35	[MsgId: MERR-17999]
End auto log messages stack.	[MsgId: MMSG-10544]

Start auto log messages stack - Iteration 20.	[MsgId: MMSG-10545]
Action.c(697): Notify: Transaction "Report PrintTask Status Check" started.	[MsgId: MMSG-16999]
Action.c(699): Registering web_reg_save_param was successful  	[MsgId: MMSG-26390]
Action.c(704): Warning -26593: The header being added may cause unpredictable results when applied to all ensuing URLs. It is added anyway  	[MsgId: MWAR-26593]
Action.c(704): web_add_auto_header("content-type") highest severity level was "warning"  	[MsgId: MMSG-26391]
Action.c(706): web_custom_request("web_custom_request") was successful, 265 body bytes, 283 header bytes  	[MsgId: MMSG-26386]
Action.c(716): Notify: Transaction "Report PrintTask Status Check" ended with "Pass" status (Duration: 0.4085 Wasted Time: 0.0000).	[MsgId: MMSG-16871]
Action.c(718): PrintStatus-------,0	[MsgId: MMSG-17999]
Action.c(720): Compare Result-------,-4	[MsgId: MMSG-17999]
Action.c(724): lr_think_time: 5.00 seconds.	[MsgId: MMSG-15948]
Action.c(744): Notify: Transaction "Report  Print Task fail" started.	[MsgId: MMSG-16999]
Action.c(746): Error: The report task print failed! taskID: 4377347  From Terminal: Terminal36	[MsgId: MERR-17999]
End auto log messages stack.	[MsgId: MMSG-10544]

Start auto log messages stack - Iteration 21.	[MsgId: MMSG-10545]
Action.c(524): web_add_auto_header("content-type") highest severity level was "warning"  	[MsgId: MMSG-26391]
Action.c(525): web_custom_request("Item_query") was successful, 1012 body bytes, 284 header bytes  	[MsgId: MMSG-26386]
Action.c(537): Notify: Transaction "Report QueryFilmReportInfo" ended with "Pass" status (Duration: 25.7821 Wasted Time: 0.0001).	[MsgId: MMSG-16871]
Action.c(582): lr_think_time: 5.00 seconds.	[MsgId: MMSG-15948]
Action.c(590): Notify: Transaction "Report Create_PrintTask" started.	[MsgId: MMSG-16999]
Action.c(592): Registering web_reg_save_param was successful  	[MsgId: MMSG-26390]
Action.c(603): Warning -26593: The header being added may cause unpredictable results when applied to all ensuing URLs. It is added anyway  	[MsgId: MWAR-26593]
Action.c(603): web_add_auto_header("content-type") highest severity level was "warning"  	[MsgId: MMSG-26391]
Action.c(605): Continuing after Error -26377: No match found for the requested parameter "TaskID". Check whether the requested boundaries exist in the response data. Also, if the data you want to save exceeds 809400 bytes, use web_set_max_html_param_len to increase the parameter size  	[MsgId: MERR-26377]
End auto log messages stack.	[MsgId: MMSG-10544]

Start auto log messages stack - Iteration 21.	[MsgId: MMSG-10545]
Action.c(605): web_custom_request("web_custom_request") highest severity level was "continue on error", 265 body bytes, 283 header bytes  	[MsgId: MMSG-26388]
Action.c(605): Continuing after error in Vuser script.	[MsgId: MMSG-10678]
Action.c(616): Notify: Transaction "Report Create_PrintTask" ended with "Fail" status (Duration: 63.9012 Wasted Time: 0.0000).	[MsgId: MMSG-16871]
TaskID is : 	[MsgId: MMSG-17999]
Action.c(621): lr_think_time: 5.00 seconds.	[MsgId: MMSG-15948]
Action.c(628): Notify: Transaction "Create Report PrintTask Fail" started.	[MsgId: MMSG-16999]
Action.c(630): Error: The system create report print task fail!:   From Terminal: Terminal35 and error message is 	[MsgId: MERR-17999]
End auto log messages stack.	[MsgId: MMSG-10544]

Start auto log messages stack - Iteration 22.	[MsgId: MMSG-10545]
Action.c(697): Notify: Transaction "Report PrintTask Status Check" started.	[MsgId: MMSG-16999]
Action.c(699): Registering web_reg_save_param was successful  	[MsgId: MMSG-26390]
Action.c(704): Warning -26593: The header being added may cause unpredictable results when applied to all ensuing URLs. It is added anyway  	[MsgId: MWAR-26593]
Action.c(704): web_add_auto_header("content-type") highest severity level was "warning"  	[MsgId: MMSG-26391]
Action.c(706): web_custom_request("web_custom_request") was successful, 265 body bytes, 283 header bytes  	[MsgId: MMSG-26386]
Action.c(716): Notify: Transaction "Report PrintTask Status Check" ended with "Pass" status (Duration: 0.0259 Wasted Time: 0.0000).	[MsgId: MMSG-16871]
Action.c(718): PrintStatus-------,0	[MsgId: MMSG-17999]
Action.c(720): Compare Result-------,-4	[MsgId: MMSG-17999]
Action.c(724): lr_think_time: 5.00 seconds.	[MsgId: MMSG-15948]
Action.c(744): Notify: Transaction "Report  Print Task fail" started.	[MsgId: MMSG-16999]
Action.c(746): Error: The report task print failed! taskID: 4377380  From Terminal: Terminal36	[MsgId: MERR-17999]
End auto log messages stack.	[MsgId: MMSG-10544]

Start auto log messages stack - Iteration 23.	[MsgId: MMSG-10545]
Action.c(697): Notify: Transaction "Report PrintTask Status Check" started.	[MsgId: MMSG-16999]
Action.c(699): Registering web_reg_save_param was successful  	[MsgId: MMSG-26390]
Action.c(704): Warning -26593: The header being added may cause unpredictable results when applied to all ensuing URLs. It is added anyway  	[MsgId: MWAR-26593]
Action.c(704): web_add_auto_header("content-type") highest severity level was "warning"  	[MsgId: MMSG-26391]
Action.c(706): web_custom_request("web_custom_request") was successful, 265 body bytes, 283 header bytes  	[MsgId: MMSG-26386]
Action.c(716): Notify: Transaction "Report PrintTask Status Check" ended with "Pass" status (Duration: 2.8881 Wasted Time: 0.0000).	[MsgId: MMSG-16871]
Action.c(718): PrintStatus-------,0	[MsgId: MMSG-17999]
Action.c(720): Compare Result-------,-4	[MsgId: MMSG-17999]
Action.c(724): lr_think_time: 5.00 seconds.	[MsgId: MMSG-15948]
Action.c(744): Notify: Transaction "Report  Print Task fail" started.	[MsgId: MMSG-16999]
Action.c(746): Error: The report task print failed! taskID: 4377396  From Terminal: Terminal35	[MsgId: MERR-17999]
End auto log messages stack.	[MsgId: MMSG-10544]

Start auto log messages stack - Iteration 24.	[MsgId: MMSG-10545]
Action.c(697): Notify: Transaction "Report PrintTask Status Check" started.	[MsgId: MMSG-16999]
Action.c(699): Registering web_reg_save_param was successful  	[MsgId: MMSG-26390]
Action.c(704): Warning -26593: The header being added may cause unpredictable results when applied to all ensuing URLs. It is added anyway  	[MsgId: MWAR-26593]
Action.c(704): web_add_auto_header("content-type") highest severity level was "warning"  	[MsgId: MMSG-26391]
Action.c(706): web_custom_request("web_custom_request") was successful, 265 body bytes, 283 header bytes  	[MsgId: MMSG-26386]
Action.c(716): Notify: Transaction "Report PrintTask Status Check" ended with "Pass" status (Duration: 1.2450 Wasted Time: 0.0000).	[MsgId: MMSG-16871]
Action.c(718): PrintStatus-------,0	[MsgId: MMSG-17999]
Action.c(720): Compare Result-------,-4	[MsgId: MMSG-17999]
Action.c(724): lr_think_time: 5.00 seconds.	[MsgId: MMSG-15948]
Action.c(744): Notify: Transaction "Report  Print Task fail" started.	[MsgId: MMSG-16999]
Action.c(746): Error: The report task print failed! taskID: 4377413  From Terminal: Terminal36	[MsgId: MERR-17999]
End auto log messages stack.	[MsgId: MMSG-10544]

Start auto log messages stack - Iteration 25.	[MsgId: MMSG-10545]
Action.c(697): Notify: Transaction "Report PrintTask Status Check" started.	[MsgId: MMSG-16999]
Action.c(699): Registering web_reg_save_param was successful  	[MsgId: MMSG-26390]
Action.c(704): Warning -26593: The header being added may cause unpredictable results when applied to all ensuing URLs. It is added anyway  	[MsgId: MWAR-26593]
Action.c(704): web_add_auto_header("content-type") highest severity level was "warning"  	[MsgId: MMSG-26391]
Action.c(706): web_custom_request("web_custom_request") was successful, 265 body bytes, 283 header bytes  	[MsgId: MMSG-26386]
Action.c(716): Notify: Transaction "Report PrintTask Status Check" ended with "Pass" status (Duration: 0.2636 Wasted Time: 0.0000).	[MsgId: MMSG-16871]
Action.c(718): PrintStatus-------,0	[MsgId: MMSG-17999]
Action.c(720): Compare Result-------,-4	[MsgId: MMSG-17999]
Action.c(724): lr_think_time: 5.00 seconds.	[MsgId: MMSG-15948]
Action.c(744): Notify: Transaction "Report  Print Task fail" started.	[MsgId: MMSG-16999]
Action.c(746): Error: The report task print failed! taskID: 4377425  From Terminal: Terminal35	[MsgId: MERR-17999]
End auto log messages stack.	[MsgId: MMSG-10544]

Start auto log messages stack - Iteration 26.	[MsgId: MMSG-10545]
Action.c(697): Notify: Transaction "Report PrintTask Status Check" started.	[MsgId: MMSG-16999]
Action.c(699): Registering web_reg_save_param was successful  	[MsgId: MMSG-26390]
Action.c(704): Warning -26593: The header being added may cause unpredictable results when applied to all ensuing URLs. It is added anyway  	[MsgId: MWAR-26593]
Action.c(704): web_add_auto_header("content-type") highest severity level was "warning"  	[MsgId: MMSG-26391]
Action.c(706): web_custom_request("web_custom_request") was successful, 265 body bytes, 283 header bytes  	[MsgId: MMSG-26386]
Action.c(716): Notify: Transaction "Report PrintTask Status Check" ended with "Pass" status (Duration: 0.6827 Wasted Time: 0.0000).	[MsgId: MMSG-16871]
Action.c(718): PrintStatus-------,0	[MsgId: MMSG-17999]
Action.c(720): Compare Result-------,-4	[MsgId: MMSG-17999]
Action.c(724): lr_think_time: 5.00 seconds.	[MsgId: MMSG-15948]
Action.c(744): Notify: Transaction "Report  Print Task fail" started.	[MsgId: MMSG-16999]
Action.c(746): Error: The report task print failed! taskID: 4377444  From Terminal: Terminal36	[MsgId: MERR-17999]
End auto log messages stack.	[MsgId: MMSG-10544]

Start auto log messages stack - Iteration 27.	[MsgId: MMSG-10545]
Action.c(697): Notify: Transaction "Report PrintTask Status Check" started.	[MsgId: MMSG-16999]
Action.c(699): Registering web_reg_save_param was successful  	[MsgId: MMSG-26390]
Action.c(704): Warning -26593: The header being added may cause unpredictable results when applied to all ensuing URLs. It is added anyway  	[MsgId: MWAR-26593]
Action.c(704): web_add_auto_header("content-type") highest severity level was "warning"  	[MsgId: MMSG-26391]
Action.c(706): web_custom_request("web_custom_request") was successful, 265 body bytes, 283 header bytes  	[MsgId: MMSG-26386]
Action.c(716): Notify: Transaction "Report PrintTask Status Check" ended with "Pass" status (Duration: 0.2031 Wasted Time: 0.0000).	[MsgId: MMSG-16871]
Action.c(718): PrintStatus-------,0	[MsgId: MMSG-17999]
Action.c(720): Compare Result-------,-4	[MsgId: MMSG-17999]
Action.c(724): lr_think_time: 5.00 seconds.	[MsgId: MMSG-15948]
Action.c(744): Notify: Transaction "Report  Print Task fail" started.	[MsgId: MMSG-16999]
Action.c(746): Error: The report task print failed! taskID: 4377463  From Terminal: Terminal35	[MsgId: MERR-17999]
End auto log messages stack.	[MsgId: MMSG-10544]

Start auto log messages stack - Iteration 28.	[MsgId: MMSG-10545]
Action.c(524): web_add_auto_header("content-type") highest severity level was "warning"  	[MsgId: MMSG-26391]
Action.c(525): web_custom_request("Item_query") was successful, 1012 body bytes, 284 header bytes  	[MsgId: MMSG-26386]
Action.c(537): Notify: Transaction "Report QueryFilmReportInfo" ended with "Pass" status (Duration: 14.6931 Wasted Time: 0.0001).	[MsgId: MMSG-16871]
Action.c(582): lr_think_time: 5.00 seconds.	[MsgId: MMSG-15948]
Action.c(590): Notify: Transaction "Report Create_PrintTask" started.	[MsgId: MMSG-16999]
Action.c(592): Registering web_reg_save_param was successful  	[MsgId: MMSG-26390]
Action.c(603): Warning -26593: The header being added may cause unpredictable results when applied to all ensuing URLs. It is added anyway  	[MsgId: MWAR-26593]
Action.c(603): web_add_auto_header("content-type") highest severity level was "warning"  	[MsgId: MMSG-26391]
Action.c(605): Continuing after Error -26377: No match found for the requested parameter "TaskID". Check whether the requested boundaries exist in the response data. Also, if the data you want to save exceeds 809400 bytes, use web_set_max_html_param_len to increase the parameter size  	[MsgId: MERR-26377]
End auto log messages stack.	[MsgId: MMSG-10544]

Start auto log messages stack - Iteration 28.	[MsgId: MMSG-10545]
Action.c(605): web_custom_request("web_custom_request") highest severity level was "continue on error", 265 body bytes, 283 header bytes  	[MsgId: MMSG-26388]
Action.c(605): Continuing after error in Vuser script.	[MsgId: MMSG-10678]
Action.c(616): Notify: Transaction "Report Create_PrintTask" ended with "Fail" status (Duration: 94.9137 Wasted Time: 0.0000).	[MsgId: MMSG-16871]
TaskID is : 	[MsgId: MMSG-17999]
Action.c(621): lr_think_time: 5.00 seconds.	[MsgId: MMSG-15948]
Action.c(628): Notify: Transaction "Create Report PrintTask Fail" started.	[MsgId: MMSG-16999]
Action.c(630): Error: The system create report print task fail!:   From Terminal: Terminal36 and error message is 	[MsgId: MERR-17999]
End auto log messages stack.	[MsgId: MMSG-10544]

Start auto log messages stack - Iteration 29.	[MsgId: MMSG-10545]
Action.c(489): The accession number is A20180613202908011,Terminal35	[MsgId: MMSG-17999]
Action.c(490): Notify: Transaction "Report GetReportPath_fail" ended with "Pass" status (Duration: 0.0001).	[MsgId: MMSG-16873]
Action.c(460): lr_think_time: 6.00 seconds.	[MsgId: MMSG-15948]
Action.c(463): Registering web_reg_save_param was successful  	[MsgId: MMSG-26390]
Action.c(469): Notify: Transaction "Report QueryFilmReportInfo" started.	[MsgId: MMSG-16999]
Action.c(471): Warning -26593: The header being added may cause unpredictable results when applied to all ensuing URLs. It is added anyway  	[MsgId: MWAR-26593]
Action.c(471): web_add_auto_header("content-type") highest severity level was "warning"  	[MsgId: MMSG-26391]
Action.c(472): web_custom_request("Item_query") was successful, 1012 body bytes, 284 header bytes  	[MsgId: MMSG-26386]
Action.c(483): Notify: Transaction "Report QueryFilmReportInfo" ended with "Pass" status (Duration: 62.0270 Wasted Time: 0.0000).	[MsgId: MMSG-16871]
Action.c(498): Error: Try to get the report path or ID failed:Accession: A20180613202908011  Terminal:  Terminal35	[MsgId: MERR-17999]
End auto log messages stack.	[MsgId: MMSG-10544]

Start auto log messages stack - Iteration 30.	[MsgId: MMSG-10545]
Action.c(697): Notify: Transaction "Report PrintTask Status Check" started.	[MsgId: MMSG-16999]
Action.c(699): Registering web_reg_save_param was successful  	[MsgId: MMSG-26390]
Action.c(704): Warning -26593: The header being added may cause unpredictable results when applied to all ensuing URLs. It is added anyway  	[MsgId: MWAR-26593]
Action.c(704): web_add_auto_header("content-type") highest severity level was "warning"  	[MsgId: MMSG-26391]
Action.c(706): web_custom_request("web_custom_request") was successful, 265 body bytes, 283 header bytes  	[MsgId: MMSG-26386]
Action.c(716): Notify: Transaction "Report PrintTask Status Check" ended with "Pass" status (Duration: 0.1954 Wasted Time: 0.0000).	[MsgId: MMSG-16871]
Action.c(718): PrintStatus-------,0	[MsgId: MMSG-17999]
Action.c(720): Compare Result-------,-4	[MsgId: MMSG-17999]
Action.c(724): lr_think_time: 5.00 seconds.	[MsgId: MMSG-15948]
Action.c(744): Notify: Transaction "Report  Print Task fail" started.	[MsgId: MMSG-16999]
Action.c(746): Error: The report task print failed! taskID: 4377502  From Terminal: Terminal36	[MsgId: MERR-17999]
End auto log messages stack.	[MsgId: MMSG-10544]

Start auto log messages stack - Iteration 31.	[MsgId: MMSG-10545]
Action.c(524): web_add_auto_header("content-type") highest severity level was "warning"  	[MsgId: MMSG-26391]
Action.c(525): Warning -26377: No match found for the requested parameter "ReportID". Check whether the requested boundaries exist in the response data. Also, if the data you want to save exceeds 809400 bytes, use web_set_max_html_param_len to increase the parameter size  	[MsgId: MWAR-26377]
Action.c(525): web_custom_request("Item_query") highest severity level was "warning", 401 body bytes, 283 header bytes  	[MsgId: MMSG-26388]
Action.c(537): Notify: Transaction "Report QueryFilmReportInfo" ended with "Pass" status (Duration: 36.4531 Wasted Time: 0.0000).	[MsgId: MMSG-16871]
Action.c(543): Notify: Transaction "Report GetReportID_fail" started.	[MsgId: MMSG-16999]
Action.c(544): The accession number is A20180613205016576,Terminal35	[MsgId: MMSG-17999]
Action.c(545): Notify: Transaction "Report GetReportID_fail" ended with "Pass" status (Duration: 0.0001).	[MsgId: MMSG-16873]
Action.c(553): Error: Try to get the report path or ID failed:Accession: A20180613205016576  Terminal:  Terminal35	[MsgId: MERR-17999]
End auto log messages stack.	[MsgId: MMSG-10544]

Start auto log messages stack - Iteration 32.	[MsgId: MMSG-10545]
Action.c(697): Notify: Transaction "Report PrintTask Status Check" started.	[MsgId: MMSG-16999]
Action.c(699): Registering web_reg_save_param was successful  	[MsgId: MMSG-26390]
Action.c(704): Warning -26593: The header being added may cause unpredictable results when applied to all ensuing URLs. It is added anyway  	[MsgId: MWAR-26593]
Action.c(704): web_add_auto_header("content-type") highest severity level was "warning"  	[MsgId: MMSG-26391]
Action.c(706): web_custom_request("web_custom_request") was successful, 265 body bytes, 283 header bytes  	[MsgId: MMSG-26386]
Action.c(716): Notify: Transaction "Report PrintTask Status Check" ended with "Pass" status (Duration: 0.9127 Wasted Time: 0.0000).	[MsgId: MMSG-16871]
Action.c(718): PrintStatus-------,0	[MsgId: MMSG-17999]
Action.c(720): Compare Result-------,-4	[MsgId: MMSG-17999]
Action.c(724): lr_think_time: 5.00 seconds.	[MsgId: MMSG-15948]
Action.c(744): Notify: Transaction "Report  Print Task fail" started.	[MsgId: MMSG-16999]
Action.c(746): Error: The report task print failed! taskID: 4377543  From Terminal: Terminal36	[MsgId: MERR-17999]
End auto log messages stack.	[MsgId: MMSG-10544]

Start auto log messages stack - Iteration 33.	[MsgId: MMSG-10545]
Action.c(697): Notify: Transaction "Report PrintTask Status Check" started.	[MsgId: MMSG-16999]
Action.c(699): Registering web_reg_save_param was successful  	[MsgId: MMSG-26390]
Action.c(704): Warning -26593: The header being added may cause unpredictable results when applied to all ensuing URLs. It is added anyway  	[MsgId: MWAR-26593]
Action.c(704): web_add_auto_header("content-type") highest severity level was "warning"  	[MsgId: MMSG-26391]
Action.c(706): web_custom_request("web_custom_request") was successful, 265 body bytes, 283 header bytes  	[MsgId: MMSG-26386]
Action.c(716): Notify: Transaction "Report PrintTask Status Check" ended with "Pass" status (Duration: 0.8669 Wasted Time: 0.0000).	[MsgId: MMSG-16871]
Action.c(718): PrintStatus-------,0	[MsgId: MMSG-17999]
Action.c(720): Compare Result-------,-4	[MsgId: MMSG-17999]
Action.c(724): lr_think_time: 5.00 seconds.	[MsgId: MMSG-15948]
Action.c(744): Notify: Transaction "Report  Print Task fail" started.	[MsgId: MMSG-16999]
Action.c(746): Error: The report task print failed! taskID: 4377558  From Terminal: Terminal35	[MsgId: MERR-17999]
End auto log messages stack.	[MsgId: MMSG-10544]

Start auto log messages stack - Iteration 34.	[MsgId: MMSG-10545]
Action.c(697): Notify: Transaction "Report PrintTask Status Check" started.	[MsgId: MMSG-16999]
Action.c(699): Registering web_reg_save_param was successful  	[MsgId: MMSG-26390]
Action.c(704): Warning -26593: The header being added may cause unpredictable results when applied to all ensuing URLs. It is added anyway  	[MsgId: MWAR-26593]
Action.c(704): web_add_auto_header("content-type") highest severity level was "warning"  	[MsgId: MMSG-26391]
Action.c(706): web_custom_request("web_custom_request") was successful, 265 body bytes, 283 header bytes  	[MsgId: MMSG-26386]
Action.c(716): Notify: Transaction "Report PrintTask Status Check" ended with "Pass" status (Duration: 0.4211 Wasted Time: 0.0000).	[MsgId: MMSG-16871]
Action.c(718): PrintStatus-------,0	[MsgId: MMSG-17999]
Action.c(720): Compare Result-------,-4	[MsgId: MMSG-17999]
Action.c(724): lr_think_time: 5.00 seconds.	[MsgId: MMSG-15948]
Action.c(744): Notify: Transaction "Report  Print Task fail" started.	[MsgId: MMSG-16999]
Action.c(746): Error: The report task print failed! taskID: 4377564  From Terminal: Terminal36	[MsgId: MERR-17999]
End auto log messages stack.	[MsgId: MMSG-10544]

Start auto log messages stack - Iteration 35.	[MsgId: MMSG-10545]
Action.c(697): Notify: Transaction "Report PrintTask Status Check" started.	[MsgId: MMSG-16999]
Action.c(699): Registering web_reg_save_param was successful  	[MsgId: MMSG-26390]
Action.c(704): Warning -26593: The header being added may cause unpredictable results when applied to all ensuing URLs. It is added anyway  	[MsgId: MWAR-26593]
Action.c(704): web_add_auto_header("content-type") highest severity level was "warning"  	[MsgId: MMSG-26391]
Action.c(706): web_custom_request("web_custom_request") was successful, 265 body bytes, 283 header bytes  	[MsgId: MMSG-26386]
Action.c(716): Notify: Transaction "Report PrintTask Status Check" ended with "Pass" status (Duration: 0.1235 Wasted Time: 0.0000).	[MsgId: MMSG-16871]
Action.c(718): PrintStatus-------,0	[MsgId: MMSG-17999]
Action.c(720): Compare Result-------,-4	[MsgId: MMSG-17999]
Action.c(724): lr_think_time: 5.00 seconds.	[MsgId: MMSG-15948]
Action.c(744): Notify: Transaction "Report  Print Task fail" started.	[MsgId: MMSG-16999]
Action.c(746): Error: The report task print failed! taskID: 4377576  From Terminal: Terminal35	[MsgId: MERR-17999]
End auto log messages stack.	[MsgId: MMSG-10544]

Start auto log messages stack - Iteration 36.	[MsgId: MMSG-10545]
Action.c(697): Notify: Transaction "Report PrintTask Status Check" started.	[MsgId: MMSG-16999]
Action.c(699): Registering web_reg_save_param was successful  	[MsgId: MMSG-26390]
Action.c(704): Warning -26593: The header being added may cause unpredictable results when applied to all ensuing URLs. It is added anyway  	[MsgId: MWAR-26593]
Action.c(704): web_add_auto_header("content-type") highest severity level was "warning"  	[MsgId: MMSG-26391]
Action.c(706): web_custom_request("web_custom_request") was successful, 265 body bytes, 283 header bytes  	[MsgId: MMSG-26386]
Action.c(716): Notify: Transaction "Report PrintTask Status Check" ended with "Pass" status (Duration: 0.4615 Wasted Time: 0.0000).	[MsgId: MMSG-16871]
Action.c(718): PrintStatus-------,0	[MsgId: MMSG-17999]
Action.c(720): Compare Result-------,-4	[MsgId: MMSG-17999]
Action.c(724): lr_think_time: 5.00 seconds.	[MsgId: MMSG-15948]
Action.c(744): Notify: Transaction "Report  Print Task fail" started.	[MsgId: MMSG-16999]
Action.c(746): Error: The report task print failed! taskID: 4377592  From Terminal: Terminal36	[MsgId: MERR-17999]
End auto log messages stack.	[MsgId: MMSG-10544]

Start auto log messages stack - Iteration 37.	[MsgId: MMSG-10545]
Action.c(55): Notify: Transaction "Create New Patient" started.	[MsgId: MMSG-16999]
Action.c(58): web_custom_request("web_custom_request") was successful, 373 body bytes, 266 header bytes  	[MsgId: MMSG-26386]
Action.c(124): Notify: Transaction "Create New Patient" ended with "Pass" status (Duration: 0.4057 Wasted Time: 0.0000).	[MsgId: MMSG-16871]
Action.c(127): lr_think_time: 60.00 seconds.	[MsgId: MMSG-15948]
Action.c(220): Notify: Transaction "Notify File 100k" started.	[MsgId: MMSG-16999]
Action.c(225): Registering web_reg_save_param was successful  	[MsgId: MMSG-26390]
Action.c(230): web_custom_request("web_custom_request") was successful, 381 body bytes, 266 header bytes  	[MsgId: MMSG-26386]
Action.c(299): Notify: Transaction "Notify File 100k" ended with "Pass" status (Duration: 21.5932 Wasted Time: 0.0000).	[MsgId: MMSG-16871]
Action.c(305): lr_think_time: 60.00 seconds.	[MsgId: MMSG-15948]
Action.c(316): web_set_max_html_param_len was successful  	[MsgId: MMSG-26392]
Action.c(346): lr_think_time: 5.00 seconds.	[MsgId: MMSG-15948]
Action.c(358): Error: The report print status is not correct and Update the status by databse failed: the accessionnumber is  A20180613215301090 	[MsgId: MERR-17999]
End auto log messages stack.	[MsgId: MMSG-10544]

Start auto log messages stack - Iteration 38.	[MsgId: MMSG-10545]
Action.c(471): web_add_auto_header("content-type") highest severity level was "warning"  	[MsgId: MMSG-26391]
Action.c(472): Warning -26377: No match found for the requested parameter "ReportPath". Check whether the requested boundaries exist in the response data. Also, if the data you want to save exceeds 809400 bytes, use web_set_max_html_param_len to increase the parameter size  	[MsgId: MWAR-26377]
Action.c(472): web_custom_request("Item_query") highest severity level was "warning", 401 body bytes, 283 header bytes  	[MsgId: MMSG-26388]
Action.c(483): Notify: Transaction "Report QueryFilmReportInfo" ended with "Pass" status (Duration: 50.4272 Wasted Time: 0.0000).	[MsgId: MMSG-16871]
Action.c(488): Notify: Transaction "Report GetReportPath_fail" started.	[MsgId: MMSG-16999]
Action.c(489): The accession number is A20180613215543531,Terminal36	[MsgId: MMSG-17999]
Action.c(490): Notify: Transaction "Report GetReportPath_fail" ended with "Pass" status (Duration: 0.0001).	[MsgId: MMSG-16873]
Action.c(498): Error: Try to get the report path or ID failed:Accession: A20180613215543531  Terminal:  Terminal36	[MsgId: MERR-17999]
End auto log messages stack.	[MsgId: MMSG-10544]

Start auto log messages stack - Iteration 39.	[MsgId: MMSG-10545]
Action.c(697): Notify: Transaction "Report PrintTask Status Check" started.	[MsgId: MMSG-16999]
Action.c(699): Registering web_reg_save_param was successful  	[MsgId: MMSG-26390]
Action.c(704): Warning -26593: The header being added may cause unpredictable results when applied to all ensuing URLs. It is added anyway  	[MsgId: MWAR-26593]
Action.c(704): web_add_auto_header("content-type") highest severity level was "warning"  	[MsgId: MMSG-26391]
Action.c(706): web_custom_request("web_custom_request") was successful, 265 body bytes, 283 header bytes  	[MsgId: MMSG-26386]
Action.c(716): Notify: Transaction "Report PrintTask Status Check" ended with "Pass" status (Duration: 0.0312).	[MsgId: MMSG-16873]
Action.c(718): PrintStatus-------,0	[MsgId: MMSG-17999]
Action.c(720): Compare Result-------,-4	[MsgId: MMSG-17999]
Action.c(724): lr_think_time: 5.00 seconds.	[MsgId: MMSG-15948]
Action.c(744): Notify: Transaction "Report  Print Task fail" started.	[MsgId: MMSG-16999]
Action.c(746): Error: The report task print failed! taskID: 4377603  From Terminal: Terminal35	[MsgId: MERR-17999]
End auto log messages stack.	[MsgId: MMSG-10544]

Start auto log messages stack - Iteration 40.	[MsgId: MMSG-10545]
Action.c(524): web_add_auto_header("content-type") highest severity level was "warning"  	[MsgId: MMSG-26391]
Action.c(525): web_custom_request("Item_query") was successful, 1012 body bytes, 284 header bytes  	[MsgId: MMSG-26386]
Action.c(537): Notify: Transaction "Report QueryFilmReportInfo" ended with "Pass" status (Duration: 4.3524).	[MsgId: MMSG-16873]
Action.c(582): lr_think_time: 5.00 seconds.	[MsgId: MMSG-15948]
Action.c(590): Notify: Transaction "Report Create_PrintTask" started.	[MsgId: MMSG-16999]
Action.c(592): Registering web_reg_save_param was successful  	[MsgId: MMSG-26390]
Action.c(603): Warning -26593: The header being added may cause unpredictable results when applied to all ensuing URLs. It is added anyway  	[MsgId: MWAR-26593]
Action.c(603): web_add_auto_header("content-type") highest severity level was "warning"  	[MsgId: MMSG-26391]
Action.c(605): Continuing after Error -26377: No match found for the requested parameter "TaskID". Check whether the requested boundaries exist in the response data. Also, if the data you want to save exceeds 809400 bytes, use web_set_max_html_param_len to increase the parameter size  	[MsgId: MERR-26377]
End auto log messages stack.	[MsgId: MMSG-10544]

Start auto log messages stack - Iteration 40.	[MsgId: MMSG-10545]
Action.c(605): web_custom_request("web_custom_request") highest severity level was "continue on error", 265 body bytes, 283 header bytes  	[MsgId: MMSG-26388]
Action.c(605): Continuing after error in Vuser script.	[MsgId: MMSG-10678]
Action.c(616): Notify: Transaction "Report Create_PrintTask" ended with "Fail" status (Duration: 112.5854).	[MsgId: MMSG-16873]
TaskID is : 	[MsgId: MMSG-17999]
Action.c(621): lr_think_time: 5.00 seconds.	[MsgId: MMSG-15948]
Action.c(628): Notify: Transaction "Create Report PrintTask Fail" started.	[MsgId: MMSG-16999]
Action.c(630): Error: The system create report print task fail!:   From Terminal: Terminal36 and error message is 	[MsgId: MERR-17999]
End auto log messages stack.	[MsgId: MMSG-10544]

Start auto log messages stack - Iteration 41.	[MsgId: MMSG-10545]
Action.c(697): Notify: Transaction "Report PrintTask Status Check" started.	[MsgId: MMSG-16999]
Action.c(699): Registering web_reg_save_param was successful  	[MsgId: MMSG-26390]
Action.c(704): Warning -26593: The header being added may cause unpredictable results when applied to all ensuing URLs. It is added anyway  	[MsgId: MWAR-26593]
Action.c(704): web_add_auto_header("content-type") highest severity level was "warning"  	[MsgId: MMSG-26391]
Action.c(706): web_custom_request("web_custom_request") was successful, 265 body bytes, 283 header bytes  	[MsgId: MMSG-26386]
Action.c(716): Notify: Transaction "Report PrintTask Status Check" ended with "Pass" status (Duration: 0.2496).	[MsgId: MMSG-16873]
Action.c(718): PrintStatus-------,0	[MsgId: MMSG-17999]
Action.c(720): Compare Result-------,-4	[MsgId: MMSG-17999]
Action.c(724): lr_think_time: 5.00 seconds.	[MsgId: MMSG-15948]
Action.c(744): Notify: Transaction "Report  Print Task fail" started.	[MsgId: MMSG-16999]
Action.c(746): Error: The report task print failed! taskID: 4377631  From Terminal: Terminal35	[MsgId: MERR-17999]
End auto log messages stack.	[MsgId: MMSG-10544]

Start auto log messages stack - Iteration 42.	[MsgId: MMSG-10545]
Action.c(471): web_add_auto_header("content-type") highest severity level was "warning"  	[MsgId: MMSG-26391]
Action.c(472): Warning -26377: No match found for the requested parameter "ReportPath". Check whether the requested boundaries exist in the response data. Also, if the data you want to save exceeds 809400 bytes, use web_set_max_html_param_len to increase the parameter size  	[MsgId: MWAR-26377]
Action.c(472): web_custom_request("Item_query") highest severity level was "warning", 401 body bytes, 283 header bytes  	[MsgId: MMSG-26388]
Action.c(483): Notify: Transaction "Report QueryFilmReportInfo" ended with "Pass" status (Duration: 70.1377).	[MsgId: MMSG-16873]
Action.c(488): Notify: Transaction "Report GetReportPath_fail" started.	[MsgId: MMSG-16999]
Action.c(489): The accession number is A20180613223326611,Terminal36	[MsgId: MMSG-17999]
Action.c(490): Notify: Transaction "Report GetReportPath_fail" ended with "Pass" status (Duration: 0.0000).	[MsgId: MMSG-16873]
Action.c(498): Error: Try to get the report path or ID failed:Accession: A20180613223326611  Terminal:  Terminal36	[MsgId: MERR-17999]
End auto log messages stack.	[MsgId: MMSG-10544]

Start auto log messages stack - Iteration 43.	[MsgId: MMSG-10545]
Action.c(524): web_add_auto_header("content-type") highest severity level was "warning"  	[MsgId: MMSG-26391]
Action.c(525): web_custom_request("Item_query") was successful, 1012 body bytes, 284 header bytes  	[MsgId: MMSG-26386]
Action.c(537): Notify: Transaction "Report QueryFilmReportInfo" ended with "Pass" status (Duration: 36.2389).	[MsgId: MMSG-16873]
Action.c(582): lr_think_time: 5.00 seconds.	[MsgId: MMSG-15948]
Action.c(590): Notify: Transaction "Report Create_PrintTask" started.	[MsgId: MMSG-16999]
Action.c(592): Registering web_reg_save_param was successful  	[MsgId: MMSG-26390]
Action.c(603): Warning -26593: The header being added may cause unpredictable results when applied to all ensuing URLs. It is added anyway  	[MsgId: MWAR-26593]
Action.c(603): web_add_auto_header("content-type") highest severity level was "warning"  	[MsgId: MMSG-26391]
Action.c(605): Continuing after Error -26377: No match found for the requested parameter "TaskID". Check whether the requested boundaries exist in the response data. Also, if the data you want to save exceeds 809400 bytes, use web_set_max_html_param_len to increase the parameter size  	[MsgId: MERR-26377]
End auto log messages stack.	[MsgId: MMSG-10544]

Start auto log messages stack - Iteration 43.	[MsgId: MMSG-10545]
Action.c(605): web_custom_request("web_custom_request") highest severity level was "continue on error", 265 body bytes, 283 header bytes  	[MsgId: MMSG-26388]
Action.c(605): Continuing after error in Vuser script.	[MsgId: MMSG-10678]
Action.c(616): Notify: Transaction "Report Create_PrintTask" ended with "Fail" status (Duration: 92.9606).	[MsgId: MMSG-16873]
TaskID is : 	[MsgId: MMSG-17999]
Action.c(621): lr_think_time: 5.00 seconds.	[MsgId: MMSG-15948]
Action.c(628): Notify: Transaction "Create Report PrintTask Fail" started.	[MsgId: MMSG-16999]
Action.c(630): Error: The system create report print task fail!:   From Terminal: Terminal35 and error message is 	[MsgId: MERR-17999]
End auto log messages stack.	[MsgId: MMSG-10544]

Start auto log messages stack - Iteration 44.	[MsgId: MMSG-10545]
Action.c(697): Notify: Transaction "Report PrintTask Status Check" started.	[MsgId: MMSG-16999]
Action.c(699): Registering web_reg_save_param was successful  	[MsgId: MMSG-26390]
Action.c(704): Warning -26593: The header being added may cause unpredictable results when applied to all ensuing URLs. It is added anyway  	[MsgId: MWAR-26593]
Action.c(704): web_add_auto_header("content-type") highest severity level was "warning"  	[MsgId: MMSG-26391]
Action.c(706): web_custom_request("web_custom_request") was successful, 265 body bytes, 283 header bytes  	[MsgId: MMSG-26386]
Action.c(716): Notify: Transaction "Report PrintTask Status Check" ended with "Pass" status (Duration: 1.2636).	[MsgId: MMSG-16873]
Action.c(718): PrintStatus-------,0	[MsgId: MMSG-17999]
Action.c(720): Compare Result-------,-4	[MsgId: MMSG-17999]
Action.c(724): lr_think_time: 5.00 seconds.	[MsgId: MMSG-15948]
Action.c(744): Notify: Transaction "Report  Print Task fail" started.	[MsgId: MMSG-16999]
Action.c(746): Error: The report task print failed! taskID: 4377677  From Terminal: Terminal36	[MsgId: MERR-17999]
End auto log messages stack.	[MsgId: MMSG-10544]

Start auto log messages stack - Iteration 45.	[MsgId: MMSG-10545]
Action.c(471): web_add_auto_header("content-type") highest severity level was "warning"  	[MsgId: MMSG-26391]
Action.c(472): Warning -26377: No match found for the requested parameter "ReportPath". Check whether the requested boundaries exist in the response data. Also, if the data you want to save exceeds 809400 bytes, use web_set_max_html_param_len to increase the parameter size  	[MsgId: MWAR-26377]
Action.c(472): web_custom_request("Item_query") highest severity level was "warning", 401 body bytes, 283 header bytes  	[MsgId: MMSG-26388]
Action.c(483): Notify: Transaction "Report QueryFilmReportInfo" ended with "Pass" status (Duration: 66.0817).	[MsgId: MMSG-16873]
Action.c(488): Notify: Transaction "Report GetReportPath_fail" started.	[MsgId: MMSG-16999]
Action.c(489): The accession number is A20180613230837843,Terminal35	[MsgId: MMSG-17999]
Action.c(490): Notify: Transaction "Report GetReportPath_fail" ended with "Pass" status (Duration: 0.0000).	[MsgId: MMSG-16873]
Action.c(498): Error: Try to get the report path or ID failed:Accession: A20180613230837843  Terminal:  Terminal35	[MsgId: MERR-17999]
End auto log messages stack.	[MsgId: MMSG-10544]

Start auto log messages stack - Iteration 46.	[MsgId: MMSG-10545]
Action.c(697): Notify: Transaction "Report PrintTask Status Check" started.	[MsgId: MMSG-16999]
Action.c(699): Registering web_reg_save_param was successful  	[MsgId: MMSG-26390]
Action.c(704): Warning -26593: The header being added may cause unpredictable results when applied to all ensuing URLs. It is added anyway  	[MsgId: MWAR-26593]
Action.c(704): web_add_auto_header("content-type") highest severity level was "warning"  	[MsgId: MMSG-26391]
Action.c(706): web_custom_request("web_custom_request") was successful, 265 body bytes, 283 header bytes  	[MsgId: MMSG-26386]
Action.c(716): Notify: Transaction "Report PrintTask Status Check" ended with "Pass" status (Duration: 3.0888).	[MsgId: MMSG-16873]
Action.c(718): PrintStatus-------,0	[MsgId: MMSG-17999]
Action.c(720): Compare Result-------,-4	[MsgId: MMSG-17999]
Action.c(724): lr_think_time: 5.00 seconds.	[MsgId: MMSG-15948]
Action.c(744): Notify: Transaction "Report  Print Task fail" started.	[MsgId: MMSG-16999]
Action.c(746): Error: The report task print failed! taskID: 4377697  From Terminal: Terminal36	[MsgId: MERR-17999]
End auto log messages stack.	[MsgId: MMSG-10544]

Start auto log messages stack - Iteration 47.	[MsgId: MMSG-10545]
Action.c(697): Notify: Transaction "Report PrintTask Status Check" started.	[MsgId: MMSG-16999]
Action.c(699): Registering web_reg_save_param was successful  	[MsgId: MMSG-26390]
Action.c(704): Warning -26593: The header being added may cause unpredictable results when applied to all ensuing URLs. It is added anyway  	[MsgId: MWAR-26593]
Action.c(704): web_add_auto_header("content-type") highest severity level was "warning"  	[MsgId: MMSG-26391]
Action.c(706): web_custom_request("web_custom_request") was successful, 265 body bytes, 283 header bytes  	[MsgId: MMSG-26386]
Action.c(716): Notify: Transaction "Report PrintTask Status Check" ended with "Pass" status (Duration: 0.1560).	[MsgId: MMSG-16873]
Action.c(718): PrintStatus-------,0	[MsgId: MMSG-17999]
Action.c(720): Compare Result-------,-4	[MsgId: MMSG-17999]
Action.c(724): lr_think_time: 5.00 seconds.	[MsgId: MMSG-15948]
Action.c(744): Notify: Transaction "Report  Print Task fail" started.	[MsgId: MMSG-16999]
Action.c(746): Error: The report task print failed! taskID: 4377709  From Terminal: Terminal35	[MsgId: MERR-17999]
End auto log messages stack.	[MsgId: MMSG-10544]

Start auto log messages stack - Iteration 48.	[MsgId: MMSG-10545]
Action.c(471): web_add_auto_header("content-type") highest severity level was "warning"  	[MsgId: MMSG-26391]
Action.c(472): Warning -26377: No match found for the requested parameter "ReportPath". Check whether the requested boundaries exist in the response data. Also, if the data you want to save exceeds 809400 bytes, use web_set_max_html_param_len to increase the parameter size  	[MsgId: MWAR-26377]
Action.c(472): web_custom_request("Item_query") highest severity level was "warning", 401 body bytes, 283 header bytes  	[MsgId: MMSG-26388]
Action.c(483): Notify: Transaction "Report QueryFilmReportInfo" ended with "Pass" status (Duration: 58.4689).	[MsgId: MMSG-16873]
Action.c(488): Notify: Transaction "Report GetReportPath_fail" started.	[MsgId: MMSG-16999]
Action.c(489): The accession number is A20180613233544770,Terminal36	[MsgId: MMSG-17999]
Action.c(490): Notify: Transaction "Report GetReportPath_fail" ended with "Pass" status (Duration: 0.0000).	[MsgId: MMSG-16873]
Action.c(498): Error: Try to get the report path or ID failed:Accession: A20180613233544770  Terminal:  Terminal36	[MsgId: MERR-17999]
End auto log messages stack.	[MsgId: MMSG-10544]

Start auto log messages stack - Iteration 49.	[MsgId: MMSG-10545]
Action.c(55): Notify: Transaction "Create New Patient" started.	[MsgId: MMSG-16999]
Action.c(58): web_custom_request("web_custom_request") was successful, 373 body bytes, 266 header bytes  	[MsgId: MMSG-26386]
Action.c(124): Notify: Transaction "Create New Patient" ended with "Pass" status (Duration: 2.6676).	[MsgId: MMSG-16873]
Action.c(127): lr_think_time: 60.00 seconds.	[MsgId: MMSG-15948]
Action.c(220): Notify: Transaction "Notify File 100k" started.	[MsgId: MMSG-16999]
Action.c(225): Registering web_reg_save_param was successful  	[MsgId: MMSG-26390]
Action.c(230): web_custom_request("web_custom_request") was successful, 381 body bytes, 266 header bytes  	[MsgId: MMSG-26386]
Action.c(299): Notify: Transaction "Notify File 100k" ended with "Pass" status (Duration: 77.9221).	[MsgId: MMSG-16873]
Action.c(305): lr_think_time: 60.00 seconds.	[MsgId: MMSG-15948]
Action.c(316): web_set_max_html_param_len was successful  	[MsgId: MMSG-26392]
Action.c(346): lr_think_time: 5.00 seconds.	[MsgId: MMSG-15948]
Action.c(358): Error: The report print status is not correct and Update the status by databse failed: the accessionnumber is  A20180613234732527 	[MsgId: MERR-17999]
End auto log messages stack.	[MsgId: MMSG-10544]

Start auto log messages stack - Iteration 50.	[MsgId: MMSG-10545]
Action.c(697): Notify: Transaction "Report PrintTask Status Check" started.	[MsgId: MMSG-16999]
Action.c(699): Registering web_reg_save_param was successful  	[MsgId: MMSG-26390]
Action.c(704): Warning -26593: The header being added may cause unpredictable results when applied to all ensuing URLs. It is added anyway  	[MsgId: MWAR-26593]
Action.c(704): web_add_auto_header("content-type") highest severity level was "warning"  	[MsgId: MMSG-26391]
Action.c(706): web_custom_request("web_custom_request") was successful, 265 body bytes, 283 header bytes  	[MsgId: MMSG-26386]
Action.c(716): Notify: Transaction "Report PrintTask Status Check" ended with "Pass" status (Duration: 0.0624).	[MsgId: MMSG-16873]
Action.c(718): PrintStatus-------,0	[MsgId: MMSG-17999]
Action.c(720): Compare Result-------,-4	[MsgId: MMSG-17999]
Action.c(724): lr_think_time: 5.00 seconds.	[MsgId: MMSG-15948]
Action.c(744): Notify: Transaction "Report  Print Task fail" started.	[MsgId: MMSG-16999]
Action.c(746): Error: The report task print failed! taskID: 4377733  From Terminal: Terminal36	[MsgId: MERR-17999]
End auto log messages stack.	[MsgId: MMSG-10544]

Start auto log messages stack - Iteration 51.	[MsgId: MMSG-10545]
Action.c(697): Notify: Transaction "Report PrintTask Status Check" started.	[MsgId: MMSG-16999]
Action.c(699): Registering web_reg_save_param was successful  	[MsgId: MMSG-26390]
Action.c(704): Warning -26593: The header being added may cause unpredictable results when applied to all ensuing URLs. It is added anyway  	[MsgId: MWAR-26593]
Action.c(704): web_add_auto_header("content-type") highest severity level was "warning"  	[MsgId: MMSG-26391]
Action.c(706): web_custom_request("web_custom_request") was successful, 265 body bytes, 283 header bytes  	[MsgId: MMSG-26386]
Action.c(716): Notify: Transaction "Report PrintTask Status Check" ended with "Pass" status (Duration: 0.7488).	[MsgId: MMSG-16873]
Action.c(718): PrintStatus-------,0	[MsgId: MMSG-17999]
Action.c(720): Compare Result-------,-4	[MsgId: MMSG-17999]
Action.c(724): lr_think_time: 5.00 seconds.	[MsgId: MMSG-15948]
Action.c(744): Notify: Transaction "Report  Print Task fail" started.	[MsgId: MMSG-16999]
Action.c(746): Error: The report task print failed! taskID: 4377748  From Terminal: Terminal35	[MsgId: MERR-17999]
End auto log messages stack.	[MsgId: MMSG-10544]

Start auto log messages stack - Iteration 52.	[MsgId: MMSG-10545]
Action.c(697): Notify: Transaction "Report PrintTask Status Check" started.	[MsgId: MMSG-16999]
Action.c(699): Registering web_reg_save_param was successful  	[MsgId: MMSG-26390]
Action.c(704): Warning -26593: The header being added may cause unpredictable results when applied to all ensuing URLs. It is added anyway  	[MsgId: MWAR-26593]
Action.c(704): web_add_auto_header("content-type") highest severity level was "warning"  	[MsgId: MMSG-26391]
Action.c(706): web_custom_request("web_custom_request") was successful, 265 body bytes, 283 header bytes  	[MsgId: MMSG-26386]
Action.c(716): Notify: Transaction "Report PrintTask Status Check" ended with "Pass" status (Duration: 0.7020).	[MsgId: MMSG-16873]
Action.c(718): PrintStatus-------,0	[MsgId: MMSG-17999]
Action.c(720): Compare Result-------,-4	[MsgId: MMSG-17999]
Action.c(724): lr_think_time: 5.00 seconds.	[MsgId: MMSG-15948]
Action.c(744): Notify: Transaction "Report  Print Task fail" started.	[MsgId: MMSG-16999]
Action.c(746): Error: The report task print failed! taskID: 4377765  From Terminal: Terminal36	[MsgId: MERR-17999]
End auto log messages stack.	[MsgId: MMSG-10544]

Start auto log messages stack - Iteration 53.	[MsgId: MMSG-10545]
Starting action Action.	[MsgId: MMSG-15919]
Action.c(48): The value is: adba9723-3c33-4853-ba78-a7e2b7981f78	[MsgId: MMSG-17999]
Action.c(53): Registering web_reg_save_param was successful  	[MsgId: MMSG-26390]
Action.c(55): Notify: Transaction "Create New Patient" started.	[MsgId: MMSG-16999]
Action.c(58): web_custom_request("web_custom_request") was successful, 373 body bytes, 266 header bytes  	[MsgId: MMSG-26386]
Action.c(124): Notify: Transaction "Create New Patient" ended with "Pass" status (Duration: 0.8268).	[MsgId: MMSG-16873]
Action.c(127): lr_think_time: 60.00 seconds.	[MsgId: MMSG-15948]
Action.c(220): Notify: Transaction "Notify File 100k" started.	[MsgId: MMSG-16999]
Action.c(225): Registering web_reg_save_param was successful  	[MsgId: MMSG-26390]
Action.c(230): Continuing after Error -27728: Step download timeout (120 seconds) has expired  	[MsgId: MERR-27728]
End auto log messages stack.	[MsgId: MMSG-10544]

Start auto log messages stack - Iteration 53.	[MsgId: MMSG-10545]
Action.c(230): Aborting pending download of URL="http://10.184.129.108/NotifyServer/NotifyService.asmx"  	[MsgId: MMSG-27656]
Action.c(230): Continuing after Error -26377: No match found for the requested parameter "ServiceResult". Check whether the requested boundaries exist in the response data. Also, if the data you want to save exceeds 809400 bytes, use web_set_max_html_param_len to increase the parameter size  	[MsgId: MERR-26377]
Action.c(230): Continuing after Error -26374: The above "not found" error(s) may be explained by header and body byte counts being 0 and 0, respectively.  	[MsgId: MERR-26374]
End auto log messages stack.	[MsgId: MMSG-10544]

Start auto log messages stack - Iteration 53.	[MsgId: MMSG-10545]
Action.c(230): web_custom_request("web_custom_request") highest severity level was "continue on error", 0 body bytes, 0 header bytes  	[MsgId: MMSG-26388]
Action.c(230): Continuing after error in Vuser script.	[MsgId: MMSG-10678]
Action.c(293): Error: Add patient reports failed by using NotifyReportFile service, please reference the service is works well or not. The accn is   A20180614001538531	[MsgId: MERR-17999]
End auto log messages stack.	[MsgId: MMSG-10544]

Start auto log messages stack - Iteration 54.	[MsgId: MMSG-10545]
Starting action Action.	[MsgId: MMSG-15919]
Action.c(48): The value is: 934a759a-b42c-4902-894c-c523dc7bd39b	[MsgId: MMSG-17999]
Action.c(53): Registering web_reg_save_param was successful  	[MsgId: MMSG-26390]
Action.c(55): Notify: Transaction "Create New Patient" started.	[MsgId: MMSG-16999]
Action.c(58): web_custom_request("web_custom_request") was successful, 373 body bytes, 266 header bytes  	[MsgId: MMSG-26386]
Action.c(124): Notify: Transaction "Create New Patient" ended with "Pass" status (Duration: 4.1652).	[MsgId: MMSG-16873]
Action.c(127): lr_think_time: 60.00 seconds.	[MsgId: MMSG-15948]
Action.c(220): Error: Cannot start transaction "Notify File 100k". This Vuser already started a transaction with the same name, and has not yet processed the corresponding lr_end_transaction statement.	[MsgId: MERR-16993]
End auto log messages stack.	[MsgId: MMSG-10544]

Start auto log messages stack - Iteration 54.	[MsgId: MMSG-10545]
Action.c(225): Registering web_reg_save_param was successful  	[MsgId: MMSG-26390]
Action.c(230): Continuing after Error -27728: Step download timeout (120 seconds) has expired  	[MsgId: MERR-27728]
End auto log messages stack.	[MsgId: MMSG-10544]

Start auto log messages stack - Iteration 54.	[MsgId: MMSG-10545]
Action.c(230): Aborting pending download of URL="http://10.184.129.108/NotifyServer/NotifyService.asmx"  	[MsgId: MMSG-27656]
Action.c(230): Continuing after Error -26377: No match found for the requested parameter "ServiceResult". Check whether the requested boundaries exist in the response data. Also, if the data you want to save exceeds 809400 bytes, use web_set_max_html_param_len to increase the parameter size  	[MsgId: MERR-26377]
Action.c(230): Continuing after Error -26374: The above "not found" error(s) may be explained by header and body byte counts being 0 and 0, respectively.  	[MsgId: MERR-26374]
End auto log messages stack.	[MsgId: MMSG-10544]

Start auto log messages stack - Iteration 54.	[MsgId: MMSG-10545]
Action.c(230): web_custom_request("web_custom_request") highest severity level was "continue on error", 0 body bytes, 0 header bytes  	[MsgId: MMSG-26388]
Action.c(230): Continuing after error in Vuser script.	[MsgId: MMSG-10678]
Action.c(293): Error: Add patient reports failed by using NotifyReportFile service, please reference the service is works well or not. The accn is   A20180614001848134	[MsgId: MERR-17999]
End auto log messages stack.	[MsgId: MMSG-10544]

Start auto log messages stack - Iteration 55.	[MsgId: MMSG-10545]
Starting action Action.	[MsgId: MMSG-15919]
Action.c(48): The value is: 9b9ca2b7-c1c4-48b3-a23b-2e09f6d470c9	[MsgId: MMSG-17999]
Action.c(53): Registering web_reg_save_param was successful  	[MsgId: MMSG-26390]
Action.c(55): Notify: Transaction "Create New Patient" started.	[MsgId: MMSG-16999]
Action.c(58): web_custom_request("web_custom_request") was successful, 373 body bytes, 266 header bytes  	[MsgId: MMSG-26386]
Action.c(124): Notify: Transaction "Create New Patient" ended with "Pass" status (Duration: 6.3180).	[MsgId: MMSG-16873]
Action.c(127): lr_think_time: 60.00 seconds.	[MsgId: MMSG-15948]
Action.c(220): Error: Cannot start transaction "Notify File 100k". This Vuser already started a transaction with the same name, and has not yet processed the corresponding lr_end_transaction statement.	[MsgId: MERR-16993]
End auto log messages stack.	[MsgId: MMSG-10544]

Start auto log messages stack - Iteration 55.	[MsgId: MMSG-10545]
Action.c(697): Notify: Transaction "Report PrintTask Status Check" started.	[MsgId: MMSG-16999]
Action.c(699): Registering web_reg_save_param was successful  	[MsgId: MMSG-26390]
Action.c(704): Warning -26593: The header being added may cause unpredictable results when applied to all ensuing URLs. It is added anyway  	[MsgId: MWAR-26593]
Action.c(704): web_add_auto_header("content-type") highest severity level was "warning"  	[MsgId: MMSG-26391]
Action.c(706): web_custom_request("web_custom_request") was successful, 265 body bytes, 283 header bytes  	[MsgId: MMSG-26386]
Action.c(716): Notify: Transaction "Report PrintTask Status Check" ended with "Pass" status (Duration: 0.0312).	[MsgId: MMSG-16873]
Action.c(718): PrintStatus-------,0	[MsgId: MMSG-17999]
Action.c(720): Compare Result-------,-4	[MsgId: MMSG-17999]
Action.c(724): lr_think_time: 5.00 seconds.	[MsgId: MMSG-15948]
Action.c(744): Notify: Transaction "Report  Print Task fail" started.	[MsgId: MMSG-16999]
Action.c(746): Error: The report task print failed! taskID: 4377771  From Terminal: Terminal35	[MsgId: MERR-17999]
End auto log messages stack.	[MsgId: MMSG-10544]

Start auto log messages stack - Iteration 56.	[MsgId: MMSG-10545]
Action.c(697): Notify: Transaction "Report PrintTask Status Check" started.	[MsgId: MMSG-16999]
Action.c(699): Registering web_reg_save_param was successful  	[MsgId: MMSG-26390]
Action.c(704): Warning -26593: The header being added may cause unpredictable results when applied to all ensuing URLs. It is added anyway  	[MsgId: MWAR-26593]
Action.c(704): web_add_auto_header("content-type") highest severity level was "warning"  	[MsgId: MMSG-26391]
Action.c(706): web_custom_request("web_custom_request") was successful, 265 body bytes, 283 header bytes  	[MsgId: MMSG-26386]
Action.c(716): Notify: Transaction "Report PrintTask Status Check" ended with "Pass" status (Duration: 1.4352).	[MsgId: MMSG-16873]
Action.c(718): PrintStatus-------,0	[MsgId: MMSG-17999]
Action.c(720): Compare Result-------,-4	[MsgId: MMSG-17999]
Action.c(724): lr_think_time: 5.00 seconds.	[MsgId: MMSG-15948]
Action.c(744): Notify: Transaction "Report  Print Task fail" started.	[MsgId: MMSG-16999]
Action.c(746): Error: The report task print failed! taskID: 4377788  From Terminal: Terminal36	[MsgId: MERR-17999]
End auto log messages stack.	[MsgId: MMSG-10544]

Start auto log messages stack - Iteration 57.	[MsgId: MMSG-10545]
Action.c(524): web_add_auto_header("content-type") highest severity level was "warning"  	[MsgId: MMSG-26391]
Action.c(525): web_custom_request("Item_query") was successful, 1012 body bytes, 284 header bytes  	[MsgId: MMSG-26386]
Action.c(537): Notify: Transaction "Report QueryFilmReportInfo" ended with "Pass" status (Duration: 12.1836).	[MsgId: MMSG-16873]
Action.c(582): lr_think_time: 5.00 seconds.	[MsgId: MMSG-15948]
Action.c(590): Notify: Transaction "Report Create_PrintTask" started.	[MsgId: MMSG-16999]
Action.c(592): Registering web_reg_save_param was successful  	[MsgId: MMSG-26390]
Action.c(603): Warning -26593: The header being added may cause unpredictable results when applied to all ensuing URLs. It is added anyway  	[MsgId: MWAR-26593]
Action.c(603): web_add_auto_header("content-type") highest severity level was "warning"  	[MsgId: MMSG-26391]
Action.c(605): Continuing after Error -26377: No match found for the requested parameter "TaskID". Check whether the requested boundaries exist in the response data. Also, if the data you want to save exceeds 809400 bytes, use web_set_max_html_param_len to increase the parameter size  	[MsgId: MERR-26377]
End auto log messages stack.	[MsgId: MMSG-10544]

Start auto log messages stack - Iteration 57.	[MsgId: MMSG-10545]
Action.c(605): web_custom_request("web_custom_request") highest severity level was "continue on error", 265 body bytes, 283 header bytes  	[MsgId: MMSG-26388]
Action.c(605): Continuing after error in Vuser script.	[MsgId: MMSG-10678]
Action.c(616): Notify: Transaction "Report Create_PrintTask" ended with "Fail" status (Duration: 98.7014).	[MsgId: MMSG-16873]
TaskID is : 	[MsgId: MMSG-17999]
Action.c(621): lr_think_time: 5.00 seconds.	[MsgId: MMSG-15948]
Action.c(628): Notify: Transaction "Create Report PrintTask Fail" started.	[MsgId: MMSG-16999]
Action.c(630): Error: The system create report print task fail!:   From Terminal: Terminal35 and error message is 	[MsgId: MERR-17999]
End auto log messages stack.	[MsgId: MMSG-10544]

Start auto log messages stack - Iteration 58.	[MsgId: MMSG-10545]
Action.c(471): web_add_auto_header("content-type") highest severity level was "warning"  	[MsgId: MMSG-26391]
Action.c(472): Warning -26377: No match found for the requested parameter "ReportPath". Check whether the requested boundaries exist in the response data. Also, if the data you want to save exceeds 809400 bytes, use web_set_max_html_param_len to increase the parameter size  	[MsgId: MWAR-26377]
Action.c(472): web_custom_request("Item_query") highest severity level was "warning", 401 body bytes, 283 header bytes  	[MsgId: MMSG-26388]
Action.c(483): Notify: Transaction "Report QueryFilmReportInfo" ended with "Pass" status (Duration: 32.9161).	[MsgId: MMSG-16873]
Action.c(488): Notify: Transaction "Report GetReportPath_fail" started.	[MsgId: MMSG-16999]
Action.c(489): The accession number is A20180614004500510,Terminal36	[MsgId: MMSG-17999]
Action.c(490): Notify: Transaction "Report GetReportPath_fail" ended with "Pass" status (Duration: 0.0000).	[MsgId: MMSG-16873]
Action.c(498): Error: Try to get the report path or ID failed:Accession: A20180614004500510  Terminal:  Terminal36	[MsgId: MERR-17999]
End auto log messages stack.	[MsgId: MMSG-10544]

