Start auto log messages stack - Iteration 1.	[MsgId: MMSG-10545]
Action.c(697): Notify: Transaction "Report PrintTask Status Check" started.	[MsgId: MMSG-16999]
Action.c(699): Registering web_reg_save_param was successful  	[MsgId: MMSG-26390]
Action.c(704): Warning -26593: The header being added may cause unpredictable results when applied to all ensuing URLs. It is added anyway  	[MsgId: MWAR-26593]
Action.c(704): web_add_auto_header("content-type") highest severity level was "warning"  	[MsgId: MMSG-26391]
Action.c(706): web_custom_request("web_custom_request") was successful, 265 body bytes, 283 header bytes  	[MsgId: MMSG-26386]
Action.c(716): Notify: Transaction "Report PrintTask Status Check" ended with "Pass" status (Duration: 0.0488 Wasted Time: 0.0000).	[MsgId: MMSG-16871]
Action.c(718): PrintStatus-------,0	[MsgId: MMSG-17999]
Action.c(720): Compare Result-------,-4	[MsgId: MMSG-17999]
Action.c(724): lr_think_time: 5.00 seconds.	[MsgId: MMSG-15948]
Action.c(744): Notify: Transaction "Report  Print Task fail" started.	[MsgId: MMSG-16999]
Action.c(746): Error: The report task print failed! taskID: 4376908  From Terminal: Terminal20	[MsgId: MERR-17999]
End auto log messages stack.	[MsgId: MMSG-10544]

Start auto log messages stack - Iteration 2.	[MsgId: MMSG-10545]
Action.c(697): Notify: Transaction "Report PrintTask Status Check" started.	[MsgId: MMSG-16999]
Action.c(699): Registering web_reg_save_param was successful  	[MsgId: MMSG-26390]
Action.c(704): Warning -26593: The header being added may cause unpredictable results when applied to all ensuing URLs. It is added anyway  	[MsgId: MWAR-26593]
Action.c(704): web_add_auto_header("content-type") highest severity level was "warning"  	[MsgId: MMSG-26391]
Action.c(706): web_custom_request("web_custom_request") was successful, 265 body bytes, 283 header bytes  	[MsgId: MMSG-26386]
Action.c(716): Notify: Transaction "Report PrintTask Status Check" ended with "Pass" status (Duration: 0.2186 Wasted Time: 0.0000).	[MsgId: MMSG-16871]
Action.c(718): PrintStatus-------,0	[MsgId: MMSG-17999]
Action.c(720): Compare Result-------,-4	[MsgId: MMSG-17999]
Action.c(724): lr_think_time: 5.00 seconds.	[MsgId: MMSG-15948]
Action.c(744): Notify: Transaction "Report  Print Task fail" started.	[MsgId: MMSG-16999]
Action.c(746): Error: The report task print failed! taskID: 4376930  From Terminal: Terminal21	[MsgId: MERR-17999]
End auto log messages stack.	[MsgId: MMSG-10544]

Start auto log messages stack - Iteration 3.	[MsgId: MMSG-10545]
Action.c(55): Notify: Transaction "Create New Patient" started.	[MsgId: MMSG-16999]
Action.c(58): web_custom_request("web_custom_request") was successful, 373 body bytes, 266 header bytes  	[MsgId: MMSG-26386]
Action.c(124): Notify: Transaction "Create New Patient" ended with "Pass" status (Duration: 0.2022 Wasted Time: 0.0000).	[MsgId: MMSG-16871]
Action.c(127): lr_think_time: 60.00 seconds.	[MsgId: MMSG-15948]
Action.c(220): Notify: Transaction "Notify File 100k" started.	[MsgId: MMSG-16999]
Action.c(225): Registering web_reg_save_param was successful  	[MsgId: MMSG-26390]
Action.c(230): web_custom_request("web_custom_request") was successful, 381 body bytes, 266 header bytes  	[MsgId: MMSG-26386]
Action.c(299): Notify: Transaction "Notify File 100k" ended with "Pass" status (Duration: 31.8486 Wasted Time: 0.0000).	[MsgId: MMSG-16871]
Action.c(305): lr_think_time: 60.00 seconds.	[MsgId: MMSG-15948]
Action.c(316): web_set_max_html_param_len was successful  	[MsgId: MMSG-26392]
Action.c(346): lr_think_time: 5.00 seconds.	[MsgId: MMSG-15948]
Action.c(358): Error: The report print status is not correct and Update the status by databse failed: the accessionnumber is  A20180613171450589 	[MsgId: MERR-17999]
End auto log messages stack.	[MsgId: MMSG-10544]

Start auto log messages stack - Iteration 4.	[MsgId: MMSG-10545]
Action.c(697): Notify: Transaction "Report PrintTask Status Check" started.	[MsgId: MMSG-16999]
Action.c(699): Registering web_reg_save_param was successful  	[MsgId: MMSG-26390]
Action.c(704): Warning -26593: The header being added may cause unpredictable results when applied to all ensuing URLs. It is added anyway  	[MsgId: MWAR-26593]
Action.c(704): web_add_auto_header("content-type") highest severity level was "warning"  	[MsgId: MMSG-26391]
Action.c(706): web_custom_request("web_custom_request") was successful, 265 body bytes, 283 header bytes  	[MsgId: MMSG-26386]
Action.c(716): Notify: Transaction "Report PrintTask Status Check" ended with "Pass" status (Duration: 0.4191 Wasted Time: 0.0000).	[MsgId: MMSG-16871]
Action.c(718): PrintStatus-------,0	[MsgId: MMSG-17999]
Action.c(720): Compare Result-------,-4	[MsgId: MMSG-17999]
Action.c(724): lr_think_time: 5.00 seconds.	[MsgId: MMSG-15948]
Action.c(744): Notify: Transaction "Report  Print Task fail" started.	[MsgId: MMSG-16999]
Action.c(746): Error: The report task print failed! taskID: 4376967  From Terminal: Terminal21	[MsgId: MERR-17999]
End auto log messages stack.	[MsgId: MMSG-10544]

Start auto log messages stack - Iteration 5.	[MsgId: MMSG-10545]
Action.c(55): Notify: Transaction "Create New Patient" started.	[MsgId: MMSG-16999]
Action.c(58): web_custom_request("web_custom_request") was successful, 373 body bytes, 266 header bytes  	[MsgId: MMSG-26386]
Action.c(124): Notify: Transaction "Create New Patient" ended with "Pass" status (Duration: 0.8503 Wasted Time: 0.0000).	[MsgId: MMSG-16871]
Action.c(127): lr_think_time: 60.00 seconds.	[MsgId: MMSG-15948]
Action.c(220): Notify: Transaction "Notify File 100k" started.	[MsgId: MMSG-16999]
Action.c(225): Registering web_reg_save_param was successful  	[MsgId: MMSG-26390]
Action.c(230): web_custom_request("web_custom_request") was successful, 381 body bytes, 266 header bytes  	[MsgId: MMSG-26386]
Action.c(299): Notify: Transaction "Notify File 100k" ended with "Pass" status (Duration: 33.2961 Wasted Time: 0.0000).	[MsgId: MMSG-16871]
Action.c(305): lr_think_time: 60.00 seconds.	[MsgId: MMSG-15948]
Action.c(316): web_set_max_html_param_len was successful  	[MsgId: MMSG-26392]
Action.c(346): lr_think_time: 5.00 seconds.	[MsgId: MMSG-15948]
Action.c(358): Error: The report print status is not correct and Update the status by databse failed: the accessionnumber is  A20180613172332498 	[MsgId: MERR-17999]
End auto log messages stack.	[MsgId: MMSG-10544]

Start auto log messages stack - Iteration 6.	[MsgId: MMSG-10545]
Action.c(697): Notify: Transaction "Report PrintTask Status Check" started.	[MsgId: MMSG-16999]
Action.c(699): Registering web_reg_save_param was successful  	[MsgId: MMSG-26390]
Action.c(704): Warning -26593: The header being added may cause unpredictable results when applied to all ensuing URLs. It is added anyway  	[MsgId: MWAR-26593]
Action.c(704): web_add_auto_header("content-type") highest severity level was "warning"  	[MsgId: MMSG-26391]
Action.c(706): web_custom_request("web_custom_request") was successful, 265 body bytes, 283 header bytes  	[MsgId: MMSG-26386]
Action.c(716): Notify: Transaction "Report PrintTask Status Check" ended with "Pass" status (Duration: 0.1950 Wasted Time: 0.0000).	[MsgId: MMSG-16871]
Action.c(718): PrintStatus-------,0	[MsgId: MMSG-17999]
Action.c(720): Compare Result-------,-4	[MsgId: MMSG-17999]
Action.c(724): lr_think_time: 5.00 seconds.	[MsgId: MMSG-15948]
Action.c(744): Notify: Transaction "Report  Print Task fail" started.	[MsgId: MMSG-16999]
Action.c(746): Error: The report task print failed! taskID: 4376991  From Terminal: Terminal21	[MsgId: MERR-17999]
End auto log messages stack.	[MsgId: MMSG-10544]

Start auto log messages stack - Iteration 7.	[MsgId: MMSG-10545]
Action.c(697): Notify: Transaction "Report PrintTask Status Check" started.	[MsgId: MMSG-16999]
Action.c(699): Registering web_reg_save_param was successful  	[MsgId: MMSG-26390]
Action.c(704): Warning -26593: The header being added may cause unpredictable results when applied to all ensuing URLs. It is added anyway  	[MsgId: MWAR-26593]
Action.c(704): web_add_auto_header("content-type") highest severity level was "warning"  	[MsgId: MMSG-26391]
Action.c(706): web_custom_request("web_custom_request") was successful, 265 body bytes, 283 header bytes  	[MsgId: MMSG-26386]
Action.c(716): Notify: Transaction "Report PrintTask Status Check" ended with "Pass" status (Duration: 0.0593 Wasted Time: 0.0000).	[MsgId: MMSG-16871]
Action.c(718): PrintStatus-------,0	[MsgId: MMSG-17999]
Action.c(720): Compare Result-------,-4	[MsgId: MMSG-17999]
Action.c(724): lr_think_time: 5.00 seconds.	[MsgId: MMSG-15948]
Action.c(744): Notify: Transaction "Report  Print Task fail" started.	[MsgId: MMSG-16999]
Action.c(746): Error: The report task print failed! taskID: 4377018  From Terminal: Terminal20	[MsgId: MERR-17999]
End auto log messages stack.	[MsgId: MMSG-10544]

Start auto log messages stack - Iteration 8.	[MsgId: MMSG-10545]
Action.c(697): Notify: Transaction "Report PrintTask Status Check" started.	[MsgId: MMSG-16999]
Action.c(699): Registering web_reg_save_param was successful  	[MsgId: MMSG-26390]
Action.c(704): Warning -26593: The header being added may cause unpredictable results when applied to all ensuing URLs. It is added anyway  	[MsgId: MWAR-26593]
Action.c(704): web_add_auto_header("content-type") highest severity level was "warning"  	[MsgId: MMSG-26391]
Action.c(706): web_custom_request("web_custom_request") was successful, 265 body bytes, 283 header bytes  	[MsgId: MMSG-26386]
Action.c(716): Notify: Transaction "Report PrintTask Status Check" ended with "Pass" status (Duration: 1.3096 Wasted Time: 0.0000).	[MsgId: MMSG-16871]
Action.c(718): PrintStatus-------,0	[MsgId: MMSG-17999]
Action.c(720): Compare Result-------,-4	[MsgId: MMSG-17999]
Action.c(724): lr_think_time: 5.00 seconds.	[MsgId: MMSG-15948]
Action.c(744): Notify: Transaction "Report  Print Task fail" started.	[MsgId: MMSG-16999]
Action.c(746): Error: The report task print failed! taskID: 4377046  From Terminal: Terminal21	[MsgId: MERR-17999]
End auto log messages stack.	[MsgId: MMSG-10544]

Start auto log messages stack - Iteration 9.	[MsgId: MMSG-10545]
Action.c(55): Notify: Transaction "Create New Patient" started.	[MsgId: MMSG-16999]
Action.c(58): web_custom_request("web_custom_request") was successful, 373 body bytes, 266 header bytes  	[MsgId: MMSG-26386]
Action.c(124): Notify: Transaction "Create New Patient" ended with "Pass" status (Duration: 1.4481 Wasted Time: 0.0000).	[MsgId: MMSG-16871]
Action.c(127): lr_think_time: 60.00 seconds.	[MsgId: MMSG-15948]
Action.c(220): Notify: Transaction "Notify File 100k" started.	[MsgId: MMSG-16999]
Action.c(225): Registering web_reg_save_param was successful  	[MsgId: MMSG-26390]
Action.c(230): web_custom_request("web_custom_request") was successful, 381 body bytes, 266 header bytes  	[MsgId: MMSG-26386]
Action.c(299): Notify: Transaction "Notify File 100k" ended with "Pass" status (Duration: 39.4380 Wasted Time: 0.0000).	[MsgId: MMSG-16871]
Action.c(305): lr_think_time: 60.00 seconds.	[MsgId: MMSG-15948]
Action.c(316): web_set_max_html_param_len was successful  	[MsgId: MMSG-26392]
Action.c(346): lr_think_time: 5.00 seconds.	[MsgId: MMSG-15948]
Action.c(358): Error: The report print status is not correct and Update the status by databse failed: the accessionnumber is  A20180613174656470 	[MsgId: MERR-17999]
End auto log messages stack.	[MsgId: MMSG-10544]

Start auto log messages stack - Iteration 10.	[MsgId: MMSG-10545]
Action.c(58): web_custom_request("web_custom_request") was successful, 373 body bytes, 266 header bytes  	[MsgId: MMSG-26386]
Action.c(124): Notify: Transaction "Create New Patient" ended with "Pass" status (Duration: 0.6173 Wasted Time: 0.0000).	[MsgId: MMSG-16871]
Action.c(127): lr_think_time: 60.00 seconds.	[MsgId: MMSG-15948]
Action.c(220): Notify: Transaction "Notify File 100k" started.	[MsgId: MMSG-16999]
Action.c(225): Registering web_reg_save_param was successful  	[MsgId: MMSG-26390]
Action.c(230): web_custom_request("web_custom_request") was successful, 381 body bytes, 266 header bytes  	[MsgId: MMSG-26386]
Action.c(299): Notify: Transaction "Notify File 100k" ended with "Pass" status (Duration: 31.1727 Wasted Time: 0.0000).	[MsgId: MMSG-16871]
Action.c(305): lr_think_time: 60.00 seconds.	[MsgId: MMSG-15948]
Action.c(316): web_set_max_html_param_len was successful  	[MsgId: MMSG-26392]
Action.c(346): lr_think_time: 5.00 seconds.	[MsgId: MMSG-15948]
Action.c(358): Error: The report print status is not correct and Update the status by databse failed: the accessionnumber is  A20180613174953794 	[MsgId: MERR-17999]
End auto log messages stack.	[MsgId: MMSG-10544]

Start auto log messages stack - Iteration 11.	[MsgId: MMSG-10545]
Action.c(697): Notify: Transaction "Report PrintTask Status Check" started.	[MsgId: MMSG-16999]
Action.c(699): Registering web_reg_save_param was successful  	[MsgId: MMSG-26390]
Action.c(704): Warning -26593: The header being added may cause unpredictable results when applied to all ensuing URLs. It is added anyway  	[MsgId: MWAR-26593]
Action.c(704): web_add_auto_header("content-type") highest severity level was "warning"  	[MsgId: MMSG-26391]
Action.c(706): web_custom_request("web_custom_request") was successful, 265 body bytes, 283 header bytes  	[MsgId: MMSG-26386]
Action.c(716): Notify: Transaction "Report PrintTask Status Check" ended with "Pass" status (Duration: 0.0700 Wasted Time: 0.0000).	[MsgId: MMSG-16871]
Action.c(718): PrintStatus-------,0	[MsgId: MMSG-17999]
Action.c(720): Compare Result-------,-4	[MsgId: MMSG-17999]
Action.c(724): lr_think_time: 5.00 seconds.	[MsgId: MMSG-15948]
Action.c(744): Notify: Transaction "Report  Print Task fail" started.	[MsgId: MMSG-16999]
Action.c(746): Error: The report task print failed! taskID: 4377087  From Terminal: Terminal20	[MsgId: MERR-17999]
End auto log messages stack.	[MsgId: MMSG-10544]

Start auto log messages stack - Iteration 12.	[MsgId: MMSG-10545]
Action.c(697): Notify: Transaction "Report PrintTask Status Check" started.	[MsgId: MMSG-16999]
Action.c(699): Registering web_reg_save_param was successful  	[MsgId: MMSG-26390]
Action.c(704): Warning -26593: The header being added may cause unpredictable results when applied to all ensuing URLs. It is added anyway  	[MsgId: MWAR-26593]
Action.c(704): web_add_auto_header("content-type") highest severity level was "warning"  	[MsgId: MMSG-26391]
Action.c(706): web_custom_request("web_custom_request") was successful, 265 body bytes, 283 header bytes  	[MsgId: MMSG-26386]
Action.c(716): Notify: Transaction "Report PrintTask Status Check" ended with "Pass" status (Duration: 0.0256 Wasted Time: 0.0000).	[MsgId: MMSG-16871]
Action.c(718): PrintStatus-------,0	[MsgId: MMSG-17999]
Action.c(720): Compare Result-------,-4	[MsgId: MMSG-17999]
Action.c(724): lr_think_time: 5.00 seconds.	[MsgId: MMSG-15948]
Action.c(744): Notify: Transaction "Report  Print Task fail" started.	[MsgId: MMSG-16999]
Action.c(746): Error: The report task print failed! taskID: 4377113  From Terminal: Terminal21	[MsgId: MERR-17999]
End auto log messages stack.	[MsgId: MMSG-10544]

Start auto log messages stack - Iteration 13.	[MsgId: MMSG-10545]
Action.c(471): web_add_auto_header("content-type") highest severity level was "warning"  	[MsgId: MMSG-26391]
Action.c(472): Warning -26377: No match found for the requested parameter "ReportPath". Check whether the requested boundaries exist in the response data. Also, if the data you want to save exceeds 809400 bytes, use web_set_max_html_param_len to increase the parameter size  	[MsgId: MWAR-26377]
Action.c(472): web_custom_request("Item_query") highest severity level was "warning", 422 body bytes, 283 header bytes  	[MsgId: MMSG-26388]
Action.c(483): Notify: Transaction "Report QueryFilmReportInfo" ended with "Pass" status (Duration: 32.3660 Wasted Time: 0.0000).	[MsgId: MMSG-16871]
Action.c(488): Notify: Transaction "Report GetReportPath_fail" started.	[MsgId: MMSG-16999]
Action.c(489): The accession number is A20180613180449756,Terminal20	[MsgId: MMSG-17999]
Action.c(490): Notify: Transaction "Report GetReportPath_fail" ended with "Pass" status (Duration: 0.0001).	[MsgId: MMSG-16873]
Action.c(498): Error: Try to get the report path or ID failed:Accession: A20180613180449756  Terminal:  Terminal20	[MsgId: MERR-17999]
End auto log messages stack.	[MsgId: MMSG-10544]

Start auto log messages stack - Iteration 14.	[MsgId: MMSG-10545]
Action.c(55): Notify: Transaction "Create New Patient" started.	[MsgId: MMSG-16999]
Action.c(58): web_custom_request("web_custom_request") was successful, 373 body bytes, 266 header bytes  	[MsgId: MMSG-26386]
Action.c(124): Notify: Transaction "Create New Patient" ended with "Pass" status (Duration: 0.2122 Wasted Time: 0.0000).	[MsgId: MMSG-16871]
Action.c(127): lr_think_time: 60.00 seconds.	[MsgId: MMSG-15948]
Action.c(220): Notify: Transaction "Notify File 100k" started.	[MsgId: MMSG-16999]
Action.c(225): Registering web_reg_save_param was successful  	[MsgId: MMSG-26390]
Action.c(230): web_custom_request("web_custom_request") was successful, 381 body bytes, 266 header bytes  	[MsgId: MMSG-26386]
Action.c(299): Notify: Transaction "Notify File 100k" ended with "Pass" status (Duration: 54.9797 Wasted Time: 0.0000).	[MsgId: MMSG-16871]
Action.c(305): lr_think_time: 60.00 seconds.	[MsgId: MMSG-15948]
Action.c(316): web_set_max_html_param_len was successful  	[MsgId: MMSG-26392]
Action.c(346): lr_think_time: 5.00 seconds.	[MsgId: MMSG-15948]
Action.c(358): Error: The report print status is not correct and Update the status by databse failed: the accessionnumber is  A20180613181434315 	[MsgId: MERR-17999]
End auto log messages stack.	[MsgId: MMSG-10544]

Start auto log messages stack - Iteration 15.	[MsgId: MMSG-10545]
Action.c(697): Notify: Transaction "Report PrintTask Status Check" started.	[MsgId: MMSG-16999]
Action.c(699): Registering web_reg_save_param was successful  	[MsgId: MMSG-26390]
Action.c(704): Warning -26593: The header being added may cause unpredictable results when applied to all ensuing URLs. It is added anyway  	[MsgId: MWAR-26593]
Action.c(704): web_add_auto_header("content-type") highest severity level was "warning"  	[MsgId: MMSG-26391]
Action.c(706): web_custom_request("web_custom_request") was successful, 265 body bytes, 283 header bytes  	[MsgId: MMSG-26386]
Action.c(716): Notify: Transaction "Report PrintTask Status Check" ended with "Pass" status (Duration: 0.1782 Wasted Time: 0.0000).	[MsgId: MMSG-16871]
Action.c(718): PrintStatus-------,0	[MsgId: MMSG-17999]
Action.c(720): Compare Result-------,-4	[MsgId: MMSG-17999]
Action.c(724): lr_think_time: 5.00 seconds.	[MsgId: MMSG-15948]
Action.c(744): Notify: Transaction "Report  Print Task fail" started.	[MsgId: MMSG-16999]
Action.c(746): Error: The report task print failed! taskID: 4377143  From Terminal: Terminal20	[MsgId: MERR-17999]
End auto log messages stack.	[MsgId: MMSG-10544]

Start auto log messages stack - Iteration 16.	[MsgId: MMSG-10545]
Action.c(697): Notify: Transaction "Report PrintTask Status Check" started.	[MsgId: MMSG-16999]
Action.c(699): Registering web_reg_save_param was successful  	[MsgId: MMSG-26390]
Action.c(704): Warning -26593: The header being added may cause unpredictable results when applied to all ensuing URLs. It is added anyway  	[MsgId: MWAR-26593]
Action.c(704): web_add_auto_header("content-type") highest severity level was "warning"  	[MsgId: MMSG-26391]
Action.c(706): web_custom_request("web_custom_request") was successful, 265 body bytes, 283 header bytes  	[MsgId: MMSG-26386]
Action.c(716): Notify: Transaction "Report PrintTask Status Check" ended with "Pass" status (Duration: 0.1429 Wasted Time: 0.0000).	[MsgId: MMSG-16871]
Action.c(718): PrintStatus-------,0	[MsgId: MMSG-17999]
Action.c(720): Compare Result-------,-4	[MsgId: MMSG-17999]
Action.c(724): lr_think_time: 5.00 seconds.	[MsgId: MMSG-15948]
Action.c(744): Notify: Transaction "Report  Print Task fail" started.	[MsgId: MMSG-16999]
Action.c(746): Error: The report task print failed! taskID: 4377162  From Terminal: Terminal21	[MsgId: MERR-17999]
End auto log messages stack.	[MsgId: MMSG-10544]

Start auto log messages stack - Iteration 17.	[MsgId: MMSG-10545]
Action.c(697): Notify: Transaction "Report PrintTask Status Check" started.	[MsgId: MMSG-16999]
Action.c(699): Registering web_reg_save_param was successful  	[MsgId: MMSG-26390]
Action.c(704): Warning -26593: The header being added may cause unpredictable results when applied to all ensuing URLs. It is added anyway  	[MsgId: MWAR-26593]
Action.c(704): web_add_auto_header("content-type") highest severity level was "warning"  	[MsgId: MMSG-26391]
Action.c(706): web_custom_request("web_custom_request") was successful, 265 body bytes, 283 header bytes  	[MsgId: MMSG-26386]
Action.c(716): Notify: Transaction "Report PrintTask Status Check" ended with "Pass" status (Duration: 0.0525 Wasted Time: 0.0000).	[MsgId: MMSG-16871]
Action.c(718): PrintStatus-------,0	[MsgId: MMSG-17999]
Action.c(720): Compare Result-------,-4	[MsgId: MMSG-17999]
Action.c(724): lr_think_time: 5.00 seconds.	[MsgId: MMSG-15948]
Action.c(744): Notify: Transaction "Report  Print Task fail" started.	[MsgId: MMSG-16999]
Action.c(746): Error: The report task print failed! taskID: 4377193  From Terminal: Terminal20	[MsgId: MERR-17999]
End auto log messages stack.	[MsgId: MMSG-10544]

Start auto log messages stack - Iteration 18.	[MsgId: MMSG-10545]
Action.c(697): Notify: Transaction "Report PrintTask Status Check" started.	[MsgId: MMSG-16999]
Action.c(699): Registering web_reg_save_param was successful  	[MsgId: MMSG-26390]
Action.c(704): Warning -26593: The header being added may cause unpredictable results when applied to all ensuing URLs. It is added anyway  	[MsgId: MWAR-26593]
Action.c(704): web_add_auto_header("content-type") highest severity level was "warning"  	[MsgId: MMSG-26391]
Action.c(706): web_custom_request("web_custom_request") was successful, 265 body bytes, 283 header bytes  	[MsgId: MMSG-26386]
Action.c(716): Notify: Transaction "Report PrintTask Status Check" ended with "Pass" status (Duration: 0.2006 Wasted Time: 0.0000).	[MsgId: MMSG-16871]
Action.c(718): PrintStatus-------,0	[MsgId: MMSG-17999]
Action.c(720): Compare Result-------,-4	[MsgId: MMSG-17999]
Action.c(724): lr_think_time: 5.00 seconds.	[MsgId: MMSG-15948]
Action.c(744): Notify: Transaction "Report  Print Task fail" started.	[MsgId: MMSG-16999]
Action.c(746): Error: The report task print failed! taskID: 4377219  From Terminal: Terminal21	[MsgId: MERR-17999]
End auto log messages stack.	[MsgId: MMSG-10544]

Start auto log messages stack - Iteration 19.	[MsgId: MMSG-10545]
Action.c(697): Notify: Transaction "Report PrintTask Status Check" started.	[MsgId: MMSG-16999]
Action.c(699): Registering web_reg_save_param was successful  	[MsgId: MMSG-26390]
Action.c(704): Warning -26593: The header being added may cause unpredictable results when applied to all ensuing URLs. It is added anyway  	[MsgId: MWAR-26593]
Action.c(704): web_add_auto_header("content-type") highest severity level was "warning"  	[MsgId: MMSG-26391]
Action.c(706): web_custom_request("web_custom_request") was successful, 265 body bytes, 283 header bytes  	[MsgId: MMSG-26386]
Action.c(716): Notify: Transaction "Report PrintTask Status Check" ended with "Pass" status (Duration: 0.0573 Wasted Time: 0.0000).	[MsgId: MMSG-16871]
Action.c(718): PrintStatus-------,0	[MsgId: MMSG-17999]
Action.c(720): Compare Result-------,-4	[MsgId: MMSG-17999]
Action.c(724): lr_think_time: 5.00 seconds.	[MsgId: MMSG-15948]
Action.c(744): Notify: Transaction "Report  Print Task fail" started.	[MsgId: MMSG-16999]
Action.c(746): Error: The report task print failed! taskID: 4377245  From Terminal: Terminal20	[MsgId: MERR-17999]
End auto log messages stack.	[MsgId: MMSG-10544]

Start auto log messages stack - Iteration 20.	[MsgId: MMSG-10545]
Action.c(697): Notify: Transaction "Report PrintTask Status Check" started.	[MsgId: MMSG-16999]
Action.c(699): Registering web_reg_save_param was successful  	[MsgId: MMSG-26390]
Action.c(704): Warning -26593: The header being added may cause unpredictable results when applied to all ensuing URLs. It is added anyway  	[MsgId: MWAR-26593]
Action.c(704): web_add_auto_header("content-type") highest severity level was "warning"  	[MsgId: MMSG-26391]
Action.c(706): web_custom_request("web_custom_request") was successful, 265 body bytes, 283 header bytes  	[MsgId: MMSG-26386]
Action.c(716): Notify: Transaction "Report PrintTask Status Check" ended with "Pass" status (Duration: 0.0396 Wasted Time: 0.0000).	[MsgId: MMSG-16871]
Action.c(718): PrintStatus-------,0	[MsgId: MMSG-17999]
Action.c(720): Compare Result-------,-4	[MsgId: MMSG-17999]
Action.c(724): lr_think_time: 5.00 seconds.	[MsgId: MMSG-15948]
Action.c(744): Notify: Transaction "Report  Print Task fail" started.	[MsgId: MMSG-16999]
Action.c(746): Error: The report task print failed! taskID: 4377268  From Terminal: Terminal21	[MsgId: MERR-17999]
End auto log messages stack.	[MsgId: MMSG-10544]

Start auto log messages stack - Iteration 21.	[MsgId: MMSG-10545]
Action.c(697): Notify: Transaction "Report PrintTask Status Check" started.	[MsgId: MMSG-16999]
Action.c(699): Registering web_reg_save_param was successful  	[MsgId: MMSG-26390]
Action.c(704): Warning -26593: The header being added may cause unpredictable results when applied to all ensuing URLs. It is added anyway  	[MsgId: MWAR-26593]
Action.c(704): web_add_auto_header("content-type") highest severity level was "warning"  	[MsgId: MMSG-26391]
Action.c(706): web_custom_request("web_custom_request") was successful, 265 body bytes, 283 header bytes  	[MsgId: MMSG-26386]
Action.c(716): Notify: Transaction "Report PrintTask Status Check" ended with "Pass" status (Duration: 3.0828 Wasted Time: 0.0000).	[MsgId: MMSG-16871]
Action.c(718): PrintStatus-------,0	[MsgId: MMSG-17999]
Action.c(720): Compare Result-------,-4	[MsgId: MMSG-17999]
Action.c(724): lr_think_time: 5.00 seconds.	[MsgId: MMSG-15948]
Action.c(744): Notify: Transaction "Report  Print Task fail" started.	[MsgId: MMSG-16999]
Action.c(746): Error: The report task print failed! taskID: 4377296  From Terminal: Terminal20	[MsgId: MERR-17999]
End auto log messages stack.	[MsgId: MMSG-10544]

Start auto log messages stack - Iteration 22.	[MsgId: MMSG-10545]
Action.c(697): Notify: Transaction "Report PrintTask Status Check" started.	[MsgId: MMSG-16999]
Action.c(699): Registering web_reg_save_param was successful  	[MsgId: MMSG-26390]
Action.c(704): Warning -26593: The header being added may cause unpredictable results when applied to all ensuing URLs. It is added anyway  	[MsgId: MWAR-26593]
Action.c(704): web_add_auto_header("content-type") highest severity level was "warning"  	[MsgId: MMSG-26391]
Action.c(706): web_custom_request("web_custom_request") was successful, 265 body bytes, 283 header bytes  	[MsgId: MMSG-26386]
Action.c(716): Notify: Transaction "Report PrintTask Status Check" ended with "Pass" status (Duration: 0.1312 Wasted Time: 0.0000).	[MsgId: MMSG-16871]
Action.c(718): PrintStatus-------,0	[MsgId: MMSG-17999]
Action.c(720): Compare Result-------,-4	[MsgId: MMSG-17999]
Action.c(724): lr_think_time: 5.00 seconds.	[MsgId: MMSG-15948]
Action.c(744): Notify: Transaction "Report  Print Task fail" started.	[MsgId: MMSG-16999]
Action.c(746): Error: The report task print failed! taskID: 4377310  From Terminal: Terminal21	[MsgId: MERR-17999]
End auto log messages stack.	[MsgId: MMSG-10544]

Start auto log messages stack - Iteration 23.	[MsgId: MMSG-10545]
Action.c(697): Notify: Transaction "Report PrintTask Status Check" started.	[MsgId: MMSG-16999]
Action.c(699): Registering web_reg_save_param was successful  	[MsgId: MMSG-26390]
Action.c(704): Warning -26593: The header being added may cause unpredictable results when applied to all ensuing URLs. It is added anyway  	[MsgId: MWAR-26593]
Action.c(704): web_add_auto_header("content-type") highest severity level was "warning"  	[MsgId: MMSG-26391]
Action.c(706): web_custom_request("web_custom_request") was successful, 265 body bytes, 283 header bytes  	[MsgId: MMSG-26386]
Action.c(716): Notify: Transaction "Report PrintTask Status Check" ended with "Pass" status (Duration: 0.2149 Wasted Time: 0.0000).	[MsgId: MMSG-16871]
Action.c(718): PrintStatus-------,0	[MsgId: MMSG-17999]
Action.c(720): Compare Result-------,-4	[MsgId: MMSG-17999]
Action.c(724): lr_think_time: 5.00 seconds.	[MsgId: MMSG-15948]
Action.c(744): Notify: Transaction "Report  Print Task fail" started.	[MsgId: MMSG-16999]
Action.c(746): Error: The report task print failed! taskID: 4377330  From Terminal: Terminal20	[MsgId: MERR-17999]
End auto log messages stack.	[MsgId: MMSG-10544]

Start auto log messages stack - Iteration 24.	[MsgId: MMSG-10545]
Action.c(697): Notify: Transaction "Report PrintTask Status Check" started.	[MsgId: MMSG-16999]
Action.c(699): Registering web_reg_save_param was successful  	[MsgId: MMSG-26390]
Action.c(704): Warning -26593: The header being added may cause unpredictable results when applied to all ensuing URLs. It is added anyway  	[MsgId: MWAR-26593]
Action.c(704): web_add_auto_header("content-type") highest severity level was "warning"  	[MsgId: MMSG-26391]
Action.c(706): web_custom_request("web_custom_request") was successful, 265 body bytes, 283 header bytes  	[MsgId: MMSG-26386]
Action.c(716): Notify: Transaction "Report PrintTask Status Check" ended with "Pass" status (Duration: 0.3902 Wasted Time: 0.0000).	[MsgId: MMSG-16871]
Action.c(718): PrintStatus-------,0	[MsgId: MMSG-17999]
Action.c(720): Compare Result-------,-4	[MsgId: MMSG-17999]
Action.c(724): lr_think_time: 5.00 seconds.	[MsgId: MMSG-15948]
Action.c(744): Notify: Transaction "Report  Print Task fail" started.	[MsgId: MMSG-16999]
Action.c(746): Error: The report task print failed! taskID: 4377346  From Terminal: Terminal21	[MsgId: MERR-17999]
End auto log messages stack.	[MsgId: MMSG-10544]

Start auto log messages stack - Iteration 25.	[MsgId: MMSG-10545]
Action.c(697): Notify: Transaction "Report PrintTask Status Check" started.	[MsgId: MMSG-16999]
Action.c(699): Registering web_reg_save_param was successful  	[MsgId: MMSG-26390]
Action.c(704): Warning -26593: The header being added may cause unpredictable results when applied to all ensuing URLs. It is added anyway  	[MsgId: MWAR-26593]
Action.c(704): web_add_auto_header("content-type") highest severity level was "warning"  	[MsgId: MMSG-26391]
Action.c(706): web_custom_request("web_custom_request") was successful, 265 body bytes, 283 header bytes  	[MsgId: MMSG-26386]
Action.c(716): Notify: Transaction "Report PrintTask Status Check" ended with "Pass" status (Duration: 0.1421 Wasted Time: 0.0000).	[MsgId: MMSG-16871]
Action.c(718): PrintStatus-------,0	[MsgId: MMSG-17999]
Action.c(720): Compare Result-------,-4	[MsgId: MMSG-17999]
Action.c(724): lr_think_time: 5.00 seconds.	[MsgId: MMSG-15948]
Action.c(744): Notify: Transaction "Report  Print Task fail" started.	[MsgId: MMSG-16999]
Action.c(746): Error: The report task print failed! taskID: 4377372  From Terminal: Terminal20	[MsgId: MERR-17999]
End auto log messages stack.	[MsgId: MMSG-10544]

Start auto log messages stack - Iteration 26.	[MsgId: MMSG-10545]
Action.c(697): Notify: Transaction "Report PrintTask Status Check" started.	[MsgId: MMSG-16999]
Action.c(699): Registering web_reg_save_param was successful  	[MsgId: MMSG-26390]
Action.c(704): Warning -26593: The header being added may cause unpredictable results when applied to all ensuing URLs. It is added anyway  	[MsgId: MWAR-26593]
Action.c(704): web_add_auto_header("content-type") highest severity level was "warning"  	[MsgId: MMSG-26391]
Action.c(706): web_custom_request("web_custom_request") was successful, 265 body bytes, 283 header bytes  	[MsgId: MMSG-26386]
Action.c(716): Notify: Transaction "Report PrintTask Status Check" ended with "Pass" status (Duration: 0.3708 Wasted Time: 0.0000).	[MsgId: MMSG-16871]
Action.c(718): PrintStatus-------,0	[MsgId: MMSG-17999]
Action.c(720): Compare Result-------,-4	[MsgId: MMSG-17999]
Action.c(724): lr_think_time: 5.00 seconds.	[MsgId: MMSG-15948]
Action.c(744): Notify: Transaction "Report  Print Task fail" started.	[MsgId: MMSG-16999]
Action.c(746): Error: The report task print failed! taskID: 4377389  From Terminal: Terminal21	[MsgId: MERR-17999]
End auto log messages stack.	[MsgId: MMSG-10544]

Start auto log messages stack - Iteration 27.	[MsgId: MMSG-10545]
Action.c(697): Notify: Transaction "Report PrintTask Status Check" started.	[MsgId: MMSG-16999]
Action.c(699): Registering web_reg_save_param was successful  	[MsgId: MMSG-26390]
Action.c(704): Warning -26593: The header being added may cause unpredictable results when applied to all ensuing URLs. It is added anyway  	[MsgId: MWAR-26593]
Action.c(704): web_add_auto_header("content-type") highest severity level was "warning"  	[MsgId: MMSG-26391]
Action.c(706): web_custom_request("web_custom_request") was successful, 265 body bytes, 283 header bytes  	[MsgId: MMSG-26386]
Action.c(716): Notify: Transaction "Report PrintTask Status Check" ended with "Pass" status (Duration: 1.4919 Wasted Time: 0.0000).	[MsgId: MMSG-16871]
Action.c(718): PrintStatus-------,0	[MsgId: MMSG-17999]
Action.c(720): Compare Result-------,-4	[MsgId: MMSG-17999]
Action.c(724): lr_think_time: 5.00 seconds.	[MsgId: MMSG-15948]
Action.c(744): Notify: Transaction "Report  Print Task fail" started.	[MsgId: MMSG-16999]
Action.c(746): Error: The report task print failed! taskID: 4377411  From Terminal: Terminal20	[MsgId: MERR-17999]
End auto log messages stack.	[MsgId: MMSG-10544]

Start auto log messages stack - Iteration 28.	[MsgId: MMSG-10545]
Action.c(489): The accession number is A20180613195949110,Terminal21	[MsgId: MMSG-17999]
Action.c(490): Notify: Transaction "Report GetReportPath_fail" ended with "Pass" status (Duration: 0.0001).	[MsgId: MMSG-16873]
Action.c(460): lr_think_time: 6.00 seconds.	[MsgId: MMSG-15948]
Action.c(463): Registering web_reg_save_param was successful  	[MsgId: MMSG-26390]
Action.c(469): Notify: Transaction "Report QueryFilmReportInfo" started.	[MsgId: MMSG-16999]
Action.c(471): Warning -26593: The header being added may cause unpredictable results when applied to all ensuing URLs. It is added anyway  	[MsgId: MWAR-26593]
Action.c(471): web_add_auto_header("content-type") highest severity level was "warning"  	[MsgId: MMSG-26391]
Action.c(472): web_custom_request("Item_query") was successful, 1012 body bytes, 284 header bytes  	[MsgId: MMSG-26386]
Action.c(483): Notify: Transaction "Report QueryFilmReportInfo" ended with "Pass" status (Duration: 21.5382 Wasted Time: 0.0001).	[MsgId: MMSG-16871]
Action.c(498): Error: Try to get the report path or ID failed:Accession: A20180613195949110  Terminal:  Terminal21	[MsgId: MERR-17999]
End auto log messages stack.	[MsgId: MMSG-10544]

Start auto log messages stack - Iteration 29.	[MsgId: MMSG-10545]
Action.c(697): Notify: Transaction "Report PrintTask Status Check" started.	[MsgId: MMSG-16999]
Action.c(699): Registering web_reg_save_param was successful  	[MsgId: MMSG-26390]
Action.c(704): Warning -26593: The header being added may cause unpredictable results when applied to all ensuing URLs. It is added anyway  	[MsgId: MWAR-26593]
Action.c(704): web_add_auto_header("content-type") highest severity level was "warning"  	[MsgId: MMSG-26391]
Action.c(706): web_custom_request("web_custom_request") was successful, 265 body bytes, 283 header bytes  	[MsgId: MMSG-26386]
Action.c(716): Notify: Transaction "Report PrintTask Status Check" ended with "Pass" status (Duration: 0.9879 Wasted Time: 0.0000).	[MsgId: MMSG-16871]
Action.c(718): PrintStatus-------,0	[MsgId: MMSG-17999]
Action.c(720): Compare Result-------,-4	[MsgId: MMSG-17999]
Action.c(724): lr_think_time: 5.00 seconds.	[MsgId: MMSG-15948]
Action.c(744): Notify: Transaction "Report  Print Task fail" started.	[MsgId: MMSG-16999]
Action.c(746): Error: The report task print failed! taskID: 4377443  From Terminal: Terminal20	[MsgId: MERR-17999]
End auto log messages stack.	[MsgId: MMSG-10544]

Start auto log messages stack - Iteration 30.	[MsgId: MMSG-10545]
Action.c(697): Notify: Transaction "Report PrintTask Status Check" started.	[MsgId: MMSG-16999]
Action.c(699): Registering web_reg_save_param was successful  	[MsgId: MMSG-26390]
Action.c(704): Warning -26593: The header being added may cause unpredictable results when applied to all ensuing URLs. It is added anyway  	[MsgId: MWAR-26593]
Action.c(704): web_add_auto_header("content-type") highest severity level was "warning"  	[MsgId: MMSG-26391]
Action.c(706): web_custom_request("web_custom_request") was successful, 265 body bytes, 283 header bytes  	[MsgId: MMSG-26386]
Action.c(716): Notify: Transaction "Report PrintTask Status Check" ended with "Pass" status (Duration: 0.1987 Wasted Time: 0.0000).	[MsgId: MMSG-16871]
Action.c(718): PrintStatus-------,0	[MsgId: MMSG-17999]
Action.c(720): Compare Result-------,-4	[MsgId: MMSG-17999]
Action.c(724): lr_think_time: 5.00 seconds.	[MsgId: MMSG-15948]
Action.c(744): Notify: Transaction "Report  Print Task fail" started.	[MsgId: MMSG-16999]
Action.c(746): Error: The report task print failed! taskID: 4377464  From Terminal: Terminal21	[MsgId: MERR-17999]
End auto log messages stack.	[MsgId: MMSG-10544]

Start auto log messages stack - Iteration 31.	[MsgId: MMSG-10545]
Action.c(524): web_add_auto_header("content-type") highest severity level was "warning"  	[MsgId: MMSG-26391]
Action.c(525): web_custom_request("Item_query") was successful, 1012 body bytes, 284 header bytes  	[MsgId: MMSG-26386]
Action.c(537): Notify: Transaction "Report QueryFilmReportInfo" ended with "Pass" status (Duration: 14.9736 Wasted Time: 0.0001).	[MsgId: MMSG-16871]
Action.c(582): lr_think_time: 5.00 seconds.	[MsgId: MMSG-15948]
Action.c(590): Notify: Transaction "Report Create_PrintTask" started.	[MsgId: MMSG-16999]
Action.c(592): Registering web_reg_save_param was successful  	[MsgId: MMSG-26390]
Action.c(603): Warning -26593: The header being added may cause unpredictable results when applied to all ensuing URLs. It is added anyway  	[MsgId: MWAR-26593]
Action.c(603): web_add_auto_header("content-type") highest severity level was "warning"  	[MsgId: MMSG-26391]
Action.c(605): Continuing after Error -26377: No match found for the requested parameter "TaskID". Check whether the requested boundaries exist in the response data. Also, if the data you want to save exceeds 809400 bytes, use web_set_max_html_param_len to increase the parameter size  	[MsgId: MERR-26377]
End auto log messages stack.	[MsgId: MMSG-10544]

Start auto log messages stack - Iteration 31.	[MsgId: MMSG-10545]
Action.c(605): web_custom_request("web_custom_request") highest severity level was "continue on error", 265 body bytes, 283 header bytes  	[MsgId: MMSG-26388]
Action.c(605): Continuing after error in Vuser script.	[MsgId: MMSG-10678]
Action.c(616): Notify: Transaction "Report Create_PrintTask" ended with "Fail" status (Duration: 77.1632 Wasted Time: 0.0000).	[MsgId: MMSG-16871]
TaskID is : 	[MsgId: MMSG-17999]
Action.c(621): lr_think_time: 5.00 seconds.	[MsgId: MMSG-15948]
Action.c(628): Notify: Transaction "Create Report PrintTask Fail" started.	[MsgId: MMSG-16999]
Action.c(630): Error: The system create report print task fail!:   From Terminal: Terminal20 and error message is 	[MsgId: MERR-17999]
End auto log messages stack.	[MsgId: MMSG-10544]

Start auto log messages stack - Iteration 32.	[MsgId: MMSG-10545]
Action.c(697): Notify: Transaction "Report PrintTask Status Check" started.	[MsgId: MMSG-16999]
Action.c(699): Registering web_reg_save_param was successful  	[MsgId: MMSG-26390]
Action.c(704): Warning -26593: The header being added may cause unpredictable results when applied to all ensuing URLs. It is added anyway  	[MsgId: MWAR-26593]
Action.c(704): web_add_auto_header("content-type") highest severity level was "warning"  	[MsgId: MMSG-26391]
Action.c(706): web_custom_request("web_custom_request") was successful, 265 body bytes, 283 header bytes  	[MsgId: MMSG-26386]
Action.c(716): Notify: Transaction "Report PrintTask Status Check" ended with "Pass" status (Duration: 0.3016 Wasted Time: 0.0000).	[MsgId: MMSG-16871]
Action.c(718): PrintStatus-------,0	[MsgId: MMSG-17999]
Action.c(720): Compare Result-------,-4	[MsgId: MMSG-17999]
Action.c(724): lr_think_time: 5.00 seconds.	[MsgId: MMSG-15948]
Action.c(744): Notify: Transaction "Report  Print Task fail" started.	[MsgId: MMSG-16999]
Action.c(746): Error: The report task print failed! taskID: 4377477  From Terminal: Terminal21	[MsgId: MERR-17999]
End auto log messages stack.	[MsgId: MMSG-10544]

Start auto log messages stack - Iteration 33.	[MsgId: MMSG-10545]
Action.c(55): Notify: Transaction "Create New Patient" started.	[MsgId: MMSG-16999]
Action.c(58): web_custom_request("web_custom_request") was successful, 373 body bytes, 266 header bytes  	[MsgId: MMSG-26386]
Action.c(124): Notify: Transaction "Create New Patient" ended with "Pass" status (Duration: 0.6369 Wasted Time: 0.0000).	[MsgId: MMSG-16871]
Action.c(127): lr_think_time: 60.00 seconds.	[MsgId: MMSG-15948]
Action.c(220): Notify: Transaction "Notify File 100k" started.	[MsgId: MMSG-16999]
Action.c(225): Registering web_reg_save_param was successful  	[MsgId: MMSG-26390]
Action.c(230): web_custom_request("web_custom_request") was successful, 381 body bytes, 266 header bytes  	[MsgId: MMSG-26386]
Action.c(299): Notify: Transaction "Notify File 100k" ended with "Pass" status (Duration: 37.8992 Wasted Time: 0.0000).	[MsgId: MMSG-16871]
Action.c(305): lr_think_time: 60.00 seconds.	[MsgId: MMSG-15948]
Action.c(316): web_set_max_html_param_len was successful  	[MsgId: MMSG-26392]
Action.c(346): lr_think_time: 5.00 seconds.	[MsgId: MMSG-15948]
Action.c(358): Error: The report print status is not correct and Update the status by databse failed: the accessionnumber is  A20180613203820386 	[MsgId: MERR-17999]
End auto log messages stack.	[MsgId: MMSG-10544]

Start auto log messages stack - Iteration 34.	[MsgId: MMSG-10545]
Action.c(697): Notify: Transaction "Report PrintTask Status Check" started.	[MsgId: MMSG-16999]
Action.c(699): Registering web_reg_save_param was successful  	[MsgId: MMSG-26390]
Action.c(704): Warning -26593: The header being added may cause unpredictable results when applied to all ensuing URLs. It is added anyway  	[MsgId: MWAR-26593]
Action.c(704): web_add_auto_header("content-type") highest severity level was "warning"  	[MsgId: MMSG-26391]
Action.c(706): web_custom_request("web_custom_request") was successful, 265 body bytes, 283 header bytes  	[MsgId: MMSG-26386]
Action.c(716): Notify: Transaction "Report PrintTask Status Check" ended with "Pass" status (Duration: 1.0477 Wasted Time: 0.0000).	[MsgId: MMSG-16871]
Action.c(718): PrintStatus-------,0	[MsgId: MMSG-17999]
Action.c(720): Compare Result-------,-4	[MsgId: MMSG-17999]
Action.c(724): lr_think_time: 5.00 seconds.	[MsgId: MMSG-15948]
Action.c(744): Notify: Transaction "Report  Print Task fail" started.	[MsgId: MMSG-16999]
Action.c(746): Error: The report task print failed! taskID: 4377495  From Terminal: Terminal21	[MsgId: MERR-17999]
End auto log messages stack.	[MsgId: MMSG-10544]

Start auto log messages stack - Iteration 35.	[MsgId: MMSG-10545]
Action.c(697): Notify: Transaction "Report PrintTask Status Check" started.	[MsgId: MMSG-16999]
Action.c(699): Registering web_reg_save_param was successful  	[MsgId: MMSG-26390]
Action.c(704): Warning -26593: The header being added may cause unpredictable results when applied to all ensuing URLs. It is added anyway  	[MsgId: MWAR-26593]
Action.c(704): web_add_auto_header("content-type") highest severity level was "warning"  	[MsgId: MMSG-26391]
Action.c(706): web_custom_request("web_custom_request") was successful, 265 body bytes, 283 header bytes  	[MsgId: MMSG-26386]
Action.c(716): Notify: Transaction "Report PrintTask Status Check" ended with "Pass" status (Duration: 0.5862 Wasted Time: 0.0000).	[MsgId: MMSG-16871]
Action.c(718): PrintStatus-------,0	[MsgId: MMSG-17999]
Action.c(720): Compare Result-------,-4	[MsgId: MMSG-17999]
Action.c(724): lr_think_time: 5.00 seconds.	[MsgId: MMSG-15948]
Action.c(744): Notify: Transaction "Report  Print Task fail" started.	[MsgId: MMSG-16999]
Action.c(746): Error: The report task print failed! taskID: 4377515  From Terminal: Terminal20	[MsgId: MERR-17999]
End auto log messages stack.	[MsgId: MMSG-10544]

Start auto log messages stack - Iteration 36.	[MsgId: MMSG-10545]
Action.c(55): Notify: Transaction "Create New Patient" started.	[MsgId: MMSG-16999]
Action.c(58): web_custom_request("web_custom_request") was successful, 373 body bytes, 266 header bytes  	[MsgId: MMSG-26386]
Action.c(124): Notify: Transaction "Create New Patient" ended with "Pass" status (Duration: 0.4052 Wasted Time: 0.0000).	[MsgId: MMSG-16871]
Action.c(127): lr_think_time: 60.00 seconds.	[MsgId: MMSG-15948]
Action.c(220): Notify: Transaction "Notify File 100k" started.	[MsgId: MMSG-16999]
Action.c(225): Registering web_reg_save_param was successful  	[MsgId: MMSG-26390]
Action.c(230): web_custom_request("web_custom_request") was successful, 381 body bytes, 266 header bytes  	[MsgId: MMSG-26386]
Action.c(299): Notify: Transaction "Notify File 100k" ended with "Pass" status (Duration: 30.1758 Wasted Time: 0.0000).	[MsgId: MMSG-16871]
Action.c(305): lr_think_time: 60.00 seconds.	[MsgId: MMSG-15948]
Action.c(316): web_set_max_html_param_len was successful  	[MsgId: MMSG-26392]
Action.c(346): lr_think_time: 5.00 seconds.	[MsgId: MMSG-15948]
Action.c(358): Error: The report print status is not correct and Update the status by databse failed: the accessionnumber is  A20180613205417048 	[MsgId: MERR-17999]
End auto log messages stack.	[MsgId: MMSG-10544]

Start auto log messages stack - Iteration 37.	[MsgId: MMSG-10545]
Action.c(58): web_custom_request("web_custom_request") was successful, 373 body bytes, 266 header bytes  	[MsgId: MMSG-26386]
Action.c(124): Notify: Transaction "Create New Patient" ended with "Pass" status (Duration: 0.6084 Wasted Time: 0.0000).	[MsgId: MMSG-16871]
Action.c(127): lr_think_time: 60.00 seconds.	[MsgId: MMSG-15948]
Action.c(220): Notify: Transaction "Notify File 100k" started.	[MsgId: MMSG-16999]
Action.c(225): Registering web_reg_save_param was successful  	[MsgId: MMSG-26390]
Action.c(230): web_custom_request("web_custom_request") was successful, 381 body bytes, 266 header bytes  	[MsgId: MMSG-26386]
Action.c(299): Notify: Transaction "Notify File 100k" ended with "Pass" status (Duration: 32.5685 Wasted Time: 0.0000).	[MsgId: MMSG-16871]
Action.c(305): lr_think_time: 60.00 seconds.	[MsgId: MMSG-15948]
Action.c(316): web_set_max_html_param_len was successful  	[MsgId: MMSG-26392]
Action.c(346): lr_think_time: 5.00 seconds.	[MsgId: MMSG-15948]
Action.c(358): Error: The report print status is not correct and Update the status by databse failed: the accessionnumber is  A20180613205701408 	[MsgId: MERR-17999]
End auto log messages stack.	[MsgId: MMSG-10544]

Start auto log messages stack - Iteration 38.	[MsgId: MMSG-10545]
Action.c(697): Notify: Transaction "Report PrintTask Status Check" started.	[MsgId: MMSG-16999]
Action.c(699): Registering web_reg_save_param was successful  	[MsgId: MMSG-26390]
Action.c(704): Warning -26593: The header being added may cause unpredictable results when applied to all ensuing URLs. It is added anyway  	[MsgId: MWAR-26593]
Action.c(704): web_add_auto_header("content-type") highest severity level was "warning"  	[MsgId: MMSG-26391]
Action.c(706): web_custom_request("web_custom_request") was successful, 265 body bytes, 283 header bytes  	[MsgId: MMSG-26386]
Action.c(716): Notify: Transaction "Report PrintTask Status Check" ended with "Pass" status (Duration: 0.5072 Wasted Time: 0.0000).	[MsgId: MMSG-16871]
Action.c(718): PrintStatus-------,0	[MsgId: MMSG-17999]
Action.c(720): Compare Result-------,-4	[MsgId: MMSG-17999]
Action.c(724): lr_think_time: 5.00 seconds.	[MsgId: MMSG-15948]
Action.c(744): Notify: Transaction "Report  Print Task fail" started.	[MsgId: MMSG-16999]
Action.c(746): Error: The report task print failed! taskID: 4377540  From Terminal: Terminal21	[MsgId: MERR-17999]
End auto log messages stack.	[MsgId: MMSG-10544]

Start auto log messages stack - Iteration 39.	[MsgId: MMSG-10545]
Action.c(697): Notify: Transaction "Report PrintTask Status Check" started.	[MsgId: MMSG-16999]
Action.c(699): Registering web_reg_save_param was successful  	[MsgId: MMSG-26390]
Action.c(704): Warning -26593: The header being added may cause unpredictable results when applied to all ensuing URLs. It is added anyway  	[MsgId: MWAR-26593]
Action.c(704): web_add_auto_header("content-type") highest severity level was "warning"  	[MsgId: MMSG-26391]
Action.c(706): web_custom_request("web_custom_request") was successful, 265 body bytes, 283 header bytes  	[MsgId: MMSG-26386]
Action.c(716): Notify: Transaction "Report PrintTask Status Check" ended with "Pass" status (Duration: 0.5747 Wasted Time: 0.0000).	[MsgId: MMSG-16871]
Action.c(718): PrintStatus-------,0	[MsgId: MMSG-17999]
Action.c(720): Compare Result-------,-4	[MsgId: MMSG-17999]
Action.c(724): lr_think_time: 5.00 seconds.	[MsgId: MMSG-15948]
Action.c(744): Notify: Transaction "Report  Print Task fail" started.	[MsgId: MMSG-16999]
Action.c(746): Error: The report task print failed! taskID: 4377557  From Terminal: Terminal20	[MsgId: MERR-17999]
End auto log messages stack.	[MsgId: MMSG-10544]

Start auto log messages stack - Iteration 40.	[MsgId: MMSG-10545]
Action.c(471): web_add_auto_header("content-type") highest severity level was "warning"  	[MsgId: MMSG-26391]
Action.c(472): Warning -26377: No match found for the requested parameter "ReportPath". Check whether the requested boundaries exist in the response data. Also, if the data you want to save exceeds 809400 bytes, use web_set_max_html_param_len to increase the parameter size  	[MsgId: MWAR-26377]
Action.c(472): web_custom_request("Item_query") highest severity level was "warning", 401 body bytes, 283 header bytes  	[MsgId: MMSG-26388]
Action.c(483): Notify: Transaction "Report QueryFilmReportInfo" ended with "Pass" status (Duration: 41.3906 Wasted Time: 0.0000).	[MsgId: MMSG-16871]
Action.c(488): Notify: Transaction "Report GetReportPath_fail" started.	[MsgId: MMSG-16999]
Action.c(489): The accession number is A20180613212500204,Terminal21	[MsgId: MMSG-17999]
Action.c(490): Notify: Transaction "Report GetReportPath_fail" ended with "Pass" status (Duration: 0.0001).	[MsgId: MMSG-16873]
Action.c(498): Error: Try to get the report path or ID failed:Accession: A20180613212500204  Terminal:  Terminal21	[MsgId: MERR-17999]
End auto log messages stack.	[MsgId: MMSG-10544]

Start auto log messages stack - Iteration 41.	[MsgId: MMSG-10545]
Action.c(697): Notify: Transaction "Report PrintTask Status Check" started.	[MsgId: MMSG-16999]
Action.c(699): Registering web_reg_save_param was successful  	[MsgId: MMSG-26390]
Action.c(704): Warning -26593: The header being added may cause unpredictable results when applied to all ensuing URLs. It is added anyway  	[MsgId: MWAR-26593]
Action.c(704): web_add_auto_header("content-type") highest severity level was "warning"  	[MsgId: MMSG-26391]
Action.c(706): web_custom_request("web_custom_request") was successful, 265 body bytes, 283 header bytes  	[MsgId: MMSG-26386]
Action.c(716): Notify: Transaction "Report PrintTask Status Check" ended with "Pass" status (Duration: 0.2213 Wasted Time: 0.0000).	[MsgId: MMSG-16871]
Action.c(718): PrintStatus-------,0	[MsgId: MMSG-17999]
Action.c(720): Compare Result-------,-4	[MsgId: MMSG-17999]
Action.c(724): lr_think_time: 5.00 seconds.	[MsgId: MMSG-15948]
Action.c(744): Notify: Transaction "Report  Print Task fail" started.	[MsgId: MMSG-16999]
Action.c(746): Error: The report task print failed! taskID: 4377585  From Terminal: Terminal20	[MsgId: MERR-17999]
End auto log messages stack.	[MsgId: MMSG-10544]

Start auto log messages stack - Iteration 42.	[MsgId: MMSG-10545]
Action.c(55): Notify: Transaction "Create New Patient" started.	[MsgId: MMSG-16999]
Action.c(58): web_custom_request("web_custom_request") was successful, 373 body bytes, 266 header bytes  	[MsgId: MMSG-26386]
Action.c(124): Notify: Transaction "Create New Patient" ended with "Pass" status (Duration: 0.4138 Wasted Time: 0.0000).	[MsgId: MMSG-16871]
Action.c(127): lr_think_time: 60.00 seconds.	[MsgId: MMSG-15948]
Action.c(220): Notify: Transaction "Notify File 100k" started.	[MsgId: MMSG-16999]
Action.c(225): Registering web_reg_save_param was successful  	[MsgId: MMSG-26390]
Action.c(230): web_custom_request("web_custom_request") was successful, 381 body bytes, 266 header bytes  	[MsgId: MMSG-26386]
Action.c(299): Notify: Transaction "Notify File 100k" ended with "Pass" status (Duration: 20.3447 Wasted Time: 0.0000).	[MsgId: MMSG-16871]
Action.c(305): lr_think_time: 60.00 seconds.	[MsgId: MMSG-15948]
Action.c(316): web_set_max_html_param_len was successful  	[MsgId: MMSG-26392]
Action.c(346): lr_think_time: 5.00 seconds.	[MsgId: MMSG-15948]
Action.c(358): Error: The report print status is not correct and Update the status by databse failed: the accessionnumber is  A20180613215302260 	[MsgId: MERR-17999]
End auto log messages stack.	[MsgId: MMSG-10544]

Start auto log messages stack - Iteration 43.	[MsgId: MMSG-10545]
Action.c(524): web_add_auto_header("content-type") highest severity level was "warning"  	[MsgId: MMSG-26391]
Action.c(525): Warning -26377: No match found for the requested parameter "ReportID". Check whether the requested boundaries exist in the response data. Also, if the data you want to save exceeds 809400 bytes, use web_set_max_html_param_len to increase the parameter size  	[MsgId: MWAR-26377]
Action.c(525): web_custom_request("Item_query") highest severity level was "warning", 401 body bytes, 283 header bytes  	[MsgId: MMSG-26388]
Action.c(537): Notify: Transaction "Report QueryFilmReportInfo" ended with "Pass" status (Duration: 37.0050 Wasted Time: 0.0000).	[MsgId: MMSG-16871]
Action.c(543): Notify: Transaction "Report GetReportID_fail" started.	[MsgId: MMSG-16999]
Action.c(544): The accession number is A20180613215554139,Terminal20	[MsgId: MMSG-17999]
Action.c(545): Notify: Transaction "Report GetReportID_fail" ended with "Pass" status (Duration: 0.0001).	[MsgId: MMSG-16873]
Action.c(553): Error: Try to get the report path or ID failed:Accession: A20180613215554139  Terminal:  Terminal20	[MsgId: MERR-17999]
End auto log messages stack.	[MsgId: MMSG-10544]

Start auto log messages stack - Iteration 44.	[MsgId: MMSG-10545]
Action.c(697): Notify: Transaction "Report PrintTask Status Check" started.	[MsgId: MMSG-16999]
Action.c(699): Registering web_reg_save_param was successful  	[MsgId: MMSG-26390]
Action.c(704): Warning -26593: The header being added may cause unpredictable results when applied to all ensuing URLs. It is added anyway  	[MsgId: MWAR-26593]
Action.c(704): web_add_auto_header("content-type") highest severity level was "warning"  	[MsgId: MMSG-26391]
Action.c(706): web_custom_request("web_custom_request") was successful, 265 body bytes, 283 header bytes  	[MsgId: MMSG-26386]
Action.c(716): Notify: Transaction "Report PrintTask Status Check" ended with "Pass" status (Duration: 0.2028).	[MsgId: MMSG-16873]
Action.c(718): PrintStatus-------,0	[MsgId: MMSG-17999]
Action.c(720): Compare Result-------,-4	[MsgId: MMSG-17999]
Action.c(724): lr_think_time: 5.00 seconds.	[MsgId: MMSG-15948]
Action.c(744): Notify: Transaction "Report  Print Task fail" started.	[MsgId: MMSG-16999]
Action.c(746): Error: The report task print failed! taskID: 4377609  From Terminal: Terminal21	[MsgId: MERR-17999]
End auto log messages stack.	[MsgId: MMSG-10544]

Start auto log messages stack - Iteration 45.	[MsgId: MMSG-10545]
Action.c(697): Notify: Transaction "Report PrintTask Status Check" started.	[MsgId: MMSG-16999]
Action.c(699): Registering web_reg_save_param was successful  	[MsgId: MMSG-26390]
Action.c(704): Warning -26593: The header being added may cause unpredictable results when applied to all ensuing URLs. It is added anyway  	[MsgId: MWAR-26593]
Action.c(704): web_add_auto_header("content-type") highest severity level was "warning"  	[MsgId: MMSG-26391]
Action.c(706): web_custom_request("web_custom_request") was successful, 265 body bytes, 283 header bytes  	[MsgId: MMSG-26386]
Action.c(716): Notify: Transaction "Report PrintTask Status Check" ended with "Pass" status (Duration: 0.2808).	[MsgId: MMSG-16873]
Action.c(718): PrintStatus-------,0	[MsgId: MMSG-17999]
Action.c(720): Compare Result-------,-4	[MsgId: MMSG-17999]
Action.c(724): lr_think_time: 5.00 seconds.	[MsgId: MMSG-15948]
Action.c(744): Notify: Transaction "Report  Print Task fail" started.	[MsgId: MMSG-16999]
Action.c(746): Error: The report task print failed! taskID: 4377625  From Terminal: Terminal20	[MsgId: MERR-17999]
End auto log messages stack.	[MsgId: MMSG-10544]

Start auto log messages stack - Iteration 46.	[MsgId: MMSG-10545]
Action.c(471): web_add_auto_header("content-type") highest severity level was "warning"  	[MsgId: MMSG-26391]
Action.c(472): Warning -26377: No match found for the requested parameter "ReportPath". Check whether the requested boundaries exist in the response data. Also, if the data you want to save exceeds 809400 bytes, use web_set_max_html_param_len to increase the parameter size  	[MsgId: MWAR-26377]
Action.c(472): web_custom_request("Item_query") highest severity level was "warning", 401 body bytes, 283 header bytes  	[MsgId: MMSG-26388]
Action.c(483): Notify: Transaction "Report QueryFilmReportInfo" ended with "Pass" status (Duration: 61.5733).	[MsgId: MMSG-16873]
Action.c(488): Notify: Transaction "Report GetReportPath_fail" started.	[MsgId: MMSG-16999]
Action.c(489): The accession number is A20180613223157114,Terminal21	[MsgId: MMSG-17999]
Action.c(490): Notify: Transaction "Report GetReportPath_fail" ended with "Pass" status (Duration: 0.0000).	[MsgId: MMSG-16873]
Action.c(498): Error: Try to get the report path or ID failed:Accession: A20180613223157114  Terminal:  Terminal21	[MsgId: MERR-17999]
End auto log messages stack.	[MsgId: MMSG-10544]

Start auto log messages stack - Iteration 47.	[MsgId: MMSG-10545]
Action.c(697): Notify: Transaction "Report PrintTask Status Check" started.	[MsgId: MMSG-16999]
Action.c(699): Registering web_reg_save_param was successful  	[MsgId: MMSG-26390]
Action.c(704): Warning -26593: The header being added may cause unpredictable results when applied to all ensuing URLs. It is added anyway  	[MsgId: MWAR-26593]
Action.c(704): web_add_auto_header("content-type") highest severity level was "warning"  	[MsgId: MMSG-26391]
Action.c(706): web_custom_request("web_custom_request") was successful, 265 body bytes, 283 header bytes  	[MsgId: MMSG-26386]
Action.c(716): Notify: Transaction "Report PrintTask Status Check" ended with "Pass" status (Duration: 0.5928).	[MsgId: MMSG-16873]
Action.c(718): PrintStatus-------,0	[MsgId: MMSG-17999]
Action.c(720): Compare Result-------,-4	[MsgId: MMSG-17999]
Action.c(724): lr_think_time: 5.00 seconds.	[MsgId: MMSG-15948]
Action.c(744): Notify: Transaction "Report  Print Task fail" started.	[MsgId: MMSG-16999]
Action.c(746): Error: The report task print failed! taskID: 4377640  From Terminal: Terminal20	[MsgId: MERR-17999]
End auto log messages stack.	[MsgId: MMSG-10544]

Start auto log messages stack - Iteration 48.	[MsgId: MMSG-10545]
Action.c(697): Notify: Transaction "Report PrintTask Status Check" started.	[MsgId: MMSG-16999]
Action.c(699): Registering web_reg_save_param was successful  	[MsgId: MMSG-26390]
Action.c(704): Warning -26593: The header being added may cause unpredictable results when applied to all ensuing URLs. It is added anyway  	[MsgId: MWAR-26593]
Action.c(704): web_add_auto_header("content-type") highest severity level was "warning"  	[MsgId: MMSG-26391]
Action.c(706): web_custom_request("web_custom_request") was successful, 265 body bytes, 283 header bytes  	[MsgId: MMSG-26386]
Action.c(716): Notify: Transaction "Report PrintTask Status Check" ended with "Pass" status (Duration: 2.4336).	[MsgId: MMSG-16873]
Action.c(718): PrintStatus-------,0	[MsgId: MMSG-17999]
Action.c(720): Compare Result-------,-4	[MsgId: MMSG-17999]
Action.c(724): lr_think_time: 5.00 seconds.	[MsgId: MMSG-15948]
Action.c(744): Notify: Transaction "Report  Print Task fail" started.	[MsgId: MMSG-16999]
Action.c(746): Error: The report task print failed! taskID: 4377654  From Terminal: Terminal21	[MsgId: MERR-17999]
End auto log messages stack.	[MsgId: MMSG-10544]

Start auto log messages stack - Iteration 49.	[MsgId: MMSG-10545]
Action.c(697): Notify: Transaction "Report PrintTask Status Check" started.	[MsgId: MMSG-16999]
Action.c(699): Registering web_reg_save_param was successful  	[MsgId: MMSG-26390]
Action.c(704): Warning -26593: The header being added may cause unpredictable results when applied to all ensuing URLs. It is added anyway  	[MsgId: MWAR-26593]
Action.c(704): web_add_auto_header("content-type") highest severity level was "warning"  	[MsgId: MMSG-26391]
Action.c(706): web_custom_request("web_custom_request") was successful, 265 body bytes, 283 header bytes  	[MsgId: MMSG-26386]
Action.c(716): Notify: Transaction "Report PrintTask Status Check" ended with "Pass" status (Duration: 0.3588).	[MsgId: MMSG-16873]
Action.c(718): PrintStatus-------,0	[MsgId: MMSG-17999]
Action.c(720): Compare Result-------,-4	[MsgId: MMSG-17999]
Action.c(724): lr_think_time: 5.00 seconds.	[MsgId: MMSG-15948]
Action.c(744): Notify: Transaction "Report  Print Task fail" started.	[MsgId: MMSG-16999]
Action.c(746): Error: The report task print failed! taskID: 4377670  From Terminal: Terminal20	[MsgId: MERR-17999]
End auto log messages stack.	[MsgId: MMSG-10544]

Start auto log messages stack - Iteration 50.	[MsgId: MMSG-10545]
Action.c(55): Notify: Transaction "Create New Patient" started.	[MsgId: MMSG-16999]
Action.c(58): web_custom_request("web_custom_request") was successful, 373 body bytes, 266 header bytes  	[MsgId: MMSG-26386]
Action.c(124): Notify: Transaction "Create New Patient" ended with "Pass" status (Duration: 0.8112).	[MsgId: MMSG-16873]
Action.c(127): lr_think_time: 60.00 seconds.	[MsgId: MMSG-15948]
Action.c(220): Notify: Transaction "Notify File 100k" started.	[MsgId: MMSG-16999]
Action.c(225): Registering web_reg_save_param was successful  	[MsgId: MMSG-26390]
Action.c(230): web_custom_request("web_custom_request") was successful, 381 body bytes, 266 header bytes  	[MsgId: MMSG-26386]
Action.c(299): Notify: Transaction "Notify File 100k" ended with "Pass" status (Duration: 33.6805).	[MsgId: MMSG-16873]
Action.c(305): lr_think_time: 60.00 seconds.	[MsgId: MMSG-15948]
Action.c(316): web_set_max_html_param_len was successful  	[MsgId: MMSG-26392]
Action.c(346): lr_think_time: 5.00 seconds.	[MsgId: MMSG-15948]
Action.c(358): Error: The report print status is not correct and Update the status by databse failed: the accessionnumber is  A20180613230744584 	[MsgId: MERR-17999]
End auto log messages stack.	[MsgId: MMSG-10544]

Start auto log messages stack - Iteration 51.	[MsgId: MMSG-10545]
Action.c(471): web_add_auto_header("content-type") highest severity level was "warning"  	[MsgId: MMSG-26391]
Action.c(472): Warning -26377: No match found for the requested parameter "ReportPath". Check whether the requested boundaries exist in the response data. Also, if the data you want to save exceeds 809400 bytes, use web_set_max_html_param_len to increase the parameter size  	[MsgId: MWAR-26377]
Action.c(472): web_custom_request("Item_query") highest severity level was "warning", 401 body bytes, 283 header bytes  	[MsgId: MMSG-26388]
Action.c(483): Notify: Transaction "Report QueryFilmReportInfo" ended with "Pass" status (Duration: 48.1729).	[MsgId: MMSG-16873]
Action.c(488): Notify: Transaction "Report GetReportPath_fail" started.	[MsgId: MMSG-16999]
Action.c(489): The accession number is A20180613231032129,Terminal20	[MsgId: MMSG-17999]
Action.c(490): Notify: Transaction "Report GetReportPath_fail" ended with "Pass" status (Duration: 0.0000).	[MsgId: MMSG-16873]
Action.c(498): Error: Try to get the report path or ID failed:Accession: A20180613231032129  Terminal:  Terminal20	[MsgId: MERR-17999]
End auto log messages stack.	[MsgId: MMSG-10544]

Start auto log messages stack - Iteration 52.	[MsgId: MMSG-10545]
Action.c(489): The accession number is A20180613232032386,Terminal21	[MsgId: MMSG-17999]
Action.c(490): Notify: Transaction "Report GetReportPath_fail" ended with "Pass" status (Duration: 0.0000).	[MsgId: MMSG-16873]
Action.c(460): lr_think_time: 6.00 seconds.	[MsgId: MMSG-15948]
Action.c(463): Registering web_reg_save_param was successful  	[MsgId: MMSG-26390]
Action.c(469): Notify: Transaction "Report QueryFilmReportInfo" started.	[MsgId: MMSG-16999]
Action.c(471): Warning -26593: The header being added may cause unpredictable results when applied to all ensuing URLs. It is added anyway  	[MsgId: MWAR-26593]
Action.c(471): web_add_auto_header("content-type") highest severity level was "warning"  	[MsgId: MMSG-26391]
Action.c(472): web_custom_request("Item_query") was successful, 1012 body bytes, 284 header bytes  	[MsgId: MMSG-26386]
Action.c(483): Notify: Transaction "Report QueryFilmReportInfo" ended with "Pass" status (Duration: 24.3672).	[MsgId: MMSG-16873]
Action.c(498): Error: Try to get the report path or ID failed:Accession: A20180613232032386  Terminal:  Terminal21	[MsgId: MERR-17999]
End auto log messages stack.	[MsgId: MMSG-10544]

Start auto log messages stack - Iteration 53.	[MsgId: MMSG-10545]
Action.c(697): Notify: Transaction "Report PrintTask Status Check" started.	[MsgId: MMSG-16999]
Action.c(699): Registering web_reg_save_param was successful  	[MsgId: MMSG-26390]
Action.c(704): Warning -26593: The header being added may cause unpredictable results when applied to all ensuing URLs. It is added anyway  	[MsgId: MWAR-26593]
Action.c(704): web_add_auto_header("content-type") highest severity level was "warning"  	[MsgId: MMSG-26391]
Action.c(706): web_custom_request("web_custom_request") was successful, 265 body bytes, 283 header bytes  	[MsgId: MMSG-26386]
Action.c(716): Notify: Transaction "Report PrintTask Status Check" ended with "Pass" status (Duration: 0.4212).	[MsgId: MMSG-16873]
Action.c(718): PrintStatus-------,0	[MsgId: MMSG-17999]
Action.c(720): Compare Result-------,-4	[MsgId: MMSG-17999]
Action.c(724): lr_think_time: 5.00 seconds.	[MsgId: MMSG-15948]
Action.c(744): Notify: Transaction "Report  Print Task fail" started.	[MsgId: MMSG-16999]
Action.c(746): Error: The report task print failed! taskID: 4377720  From Terminal: Terminal20	[MsgId: MERR-17999]
End auto log messages stack.	[MsgId: MMSG-10544]

Start auto log messages stack - Iteration 54.	[MsgId: MMSG-10545]
Action.c(55): Notify: Transaction "Create New Patient" started.	[MsgId: MMSG-16999]
Action.c(58): web_custom_request("web_custom_request") was successful, 373 body bytes, 266 header bytes  	[MsgId: MMSG-26386]
Action.c(124): Notify: Transaction "Create New Patient" ended with "Pass" status (Duration: 1.0296).	[MsgId: MMSG-16873]
Action.c(127): lr_think_time: 60.00 seconds.	[MsgId: MMSG-15948]
Action.c(220): Notify: Transaction "Notify File 100k" started.	[MsgId: MMSG-16999]
Action.c(225): Registering web_reg_save_param was successful  	[MsgId: MMSG-26390]
Action.c(230): web_custom_request("web_custom_request") was successful, 381 body bytes, 266 header bytes  	[MsgId: MMSG-26386]
Action.c(299): Notify: Transaction "Notify File 100k" ended with "Pass" status (Duration: 73.0705).	[MsgId: MMSG-16873]
Action.c(305): lr_think_time: 60.00 seconds.	[MsgId: MMSG-15948]
Action.c(316): web_set_max_html_param_len was successful  	[MsgId: MMSG-26392]
Action.c(346): lr_think_time: 5.00 seconds.	[MsgId: MMSG-15948]
Action.c(358): Error: The report print status is not correct and Update the status by databse failed: the accessionnumber is  A20180613233920970 	[MsgId: MERR-17999]
End auto log messages stack.	[MsgId: MMSG-10544]

Start auto log messages stack - Iteration 55.	[MsgId: MMSG-10545]
Action.c(471): web_add_auto_header("content-type") highest severity level was "warning"  	[MsgId: MMSG-26391]
Action.c(472): Warning -26377: No match found for the requested parameter "ReportPath". Check whether the requested boundaries exist in the response data. Also, if the data you want to save exceeds 809400 bytes, use web_set_max_html_param_len to increase the parameter size  	[MsgId: MWAR-26377]
Action.c(472): web_custom_request("Item_query") highest severity level was "warning", 401 body bytes, 283 header bytes  	[MsgId: MMSG-26388]
Action.c(483): Notify: Transaction "Report QueryFilmReportInfo" ended with "Pass" status (Duration: 76.9861).	[MsgId: MMSG-16873]
Action.c(488): Notify: Transaction "Report GetReportPath_fail" started.	[MsgId: MMSG-16999]
Action.c(489): The accession number is A20180613234249761,Terminal20	[MsgId: MMSG-17999]
Action.c(490): Notify: Transaction "Report GetReportPath_fail" ended with "Pass" status (Duration: 0.0000).	[MsgId: MMSG-16873]
Action.c(498): Error: Try to get the report path or ID failed:Accession: A20180613234249761  Terminal:  Terminal20	[MsgId: MERR-17999]
End auto log messages stack.	[MsgId: MMSG-10544]

Start auto log messages stack - Iteration 56.	[MsgId: MMSG-10545]
Action.c(697): Notify: Transaction "Report PrintTask Status Check" started.	[MsgId: MMSG-16999]
Action.c(699): Registering web_reg_save_param was successful  	[MsgId: MMSG-26390]
Action.c(704): Warning -26593: The header being added may cause unpredictable results when applied to all ensuing URLs. It is added anyway  	[MsgId: MWAR-26593]
Action.c(704): web_add_auto_header("content-type") highest severity level was "warning"  	[MsgId: MMSG-26391]
Action.c(706): web_custom_request("web_custom_request") was successful, 265 body bytes, 283 header bytes  	[MsgId: MMSG-26386]
Action.c(716): Notify: Transaction "Report PrintTask Status Check" ended with "Pass" status (Duration: 0.4368).	[MsgId: MMSG-16873]
Action.c(718): PrintStatus-------,0	[MsgId: MMSG-17999]
Action.c(720): Compare Result-------,-4	[MsgId: MMSG-17999]
Action.c(724): lr_think_time: 5.00 seconds.	[MsgId: MMSG-15948]
Action.c(744): Notify: Transaction "Report  Print Task fail" started.	[MsgId: MMSG-16999]
Action.c(746): Error: The report task print failed! taskID: 4377743  From Terminal: Terminal21	[MsgId: MERR-17999]
End auto log messages stack.	[MsgId: MMSG-10544]

Start auto log messages stack - Iteration 57.	[MsgId: MMSG-10545]
Action.c(697): Notify: Transaction "Report PrintTask Status Check" started.	[MsgId: MMSG-16999]
Action.c(699): Registering web_reg_save_param was successful  	[MsgId: MMSG-26390]
Action.c(704): Warning -26593: The header being added may cause unpredictable results when applied to all ensuing URLs. It is added anyway  	[MsgId: MWAR-26593]
Action.c(704): web_add_auto_header("content-type") highest severity level was "warning"  	[MsgId: MMSG-26391]
Action.c(706): web_custom_request("web_custom_request") was successful, 265 body bytes, 283 header bytes  	[MsgId: MMSG-26386]
Action.c(716): Notify: Transaction "Report PrintTask Status Check" ended with "Pass" status (Duration: 0.2496).	[MsgId: MMSG-16873]
Action.c(718): PrintStatus-------,0	[MsgId: MMSG-17999]
Action.c(720): Compare Result-------,-4	[MsgId: MMSG-17999]
Action.c(724): lr_think_time: 5.00 seconds.	[MsgId: MMSG-15948]
Action.c(744): Notify: Transaction "Report  Print Task fail" started.	[MsgId: MMSG-16999]
Action.c(746): Error: The report task print failed! taskID: 4377756  From Terminal: Terminal20	[MsgId: MERR-17999]
End auto log messages stack.	[MsgId: MMSG-10544]

Start auto log messages stack - Iteration 58.	[MsgId: MMSG-10545]
Action.c(471): web_add_auto_header("content-type") highest severity level was "warning"  	[MsgId: MMSG-26391]
Action.c(472): Warning -26377: No match found for the requested parameter "ReportPath". Check whether the requested boundaries exist in the response data. Also, if the data you want to save exceeds 809400 bytes, use web_set_max_html_param_len to increase the parameter size  	[MsgId: MWAR-26377]
Action.c(472): web_custom_request("Item_query") highest severity level was "warning", 401 body bytes, 283 header bytes  	[MsgId: MMSG-26388]
Action.c(483): Notify: Transaction "Report QueryFilmReportInfo" ended with "Pass" status (Duration: 34.4449).	[MsgId: MMSG-16873]
Action.c(488): Notify: Transaction "Report GetReportPath_fail" started.	[MsgId: MMSG-16999]
Action.c(489): The accession number is A20180614001019729,Terminal21	[MsgId: MMSG-17999]
Action.c(490): Notify: Transaction "Report GetReportPath_fail" ended with "Pass" status (Duration: 0.0000).	[MsgId: MMSG-16873]
Action.c(498): Error: Try to get the report path or ID failed:Accession: A20180614001019729  Terminal:  Terminal21	[MsgId: MERR-17999]
End auto log messages stack.	[MsgId: MMSG-10544]

Start auto log messages stack - Iteration 59.	[MsgId: MMSG-10545]
Action.c(697): Notify: Transaction "Report PrintTask Status Check" started.	[MsgId: MMSG-16999]
Action.c(699): Registering web_reg_save_param was successful  	[MsgId: MMSG-26390]
Action.c(704): Warning -26593: The header being added may cause unpredictable results when applied to all ensuing URLs. It is added anyway  	[MsgId: MWAR-26593]
Action.c(704): web_add_auto_header("content-type") highest severity level was "warning"  	[MsgId: MMSG-26391]
Action.c(706): web_custom_request("web_custom_request") was successful, 265 body bytes, 283 header bytes  	[MsgId: MMSG-26386]
Action.c(716): Notify: Transaction "Report PrintTask Status Check" ended with "Pass" status (Duration: 0.4056).	[MsgId: MMSG-16873]
Action.c(718): PrintStatus-------,0	[MsgId: MMSG-17999]
Action.c(720): Compare Result-------,-4	[MsgId: MMSG-17999]
Action.c(724): lr_think_time: 5.00 seconds.	[MsgId: MMSG-15948]
Action.c(744): Notify: Transaction "Report  Print Task fail" started.	[MsgId: MMSG-16999]
Action.c(746): Error: The report task print failed! taskID: 4377775  From Terminal: Terminal20	[MsgId: MERR-17999]
End auto log messages stack.	[MsgId: MMSG-10544]

Start auto log messages stack - Iteration 60.	[MsgId: MMSG-10545]
Action.c(697): Notify: Transaction "Report PrintTask Status Check" started.	[MsgId: MMSG-16999]
Action.c(699): Registering web_reg_save_param was successful  	[MsgId: MMSG-26390]
Action.c(704): Warning -26593: The header being added may cause unpredictable results when applied to all ensuing URLs. It is added anyway  	[MsgId: MWAR-26593]
Action.c(704): web_add_auto_header("content-type") highest severity level was "warning"  	[MsgId: MMSG-26391]
Action.c(706): web_custom_request("web_custom_request") was successful, 265 body bytes, 283 header bytes  	[MsgId: MMSG-26386]
Action.c(716): Notify: Transaction "Report PrintTask Status Check" ended with "Pass" status (Duration: 0.1872).	[MsgId: MMSG-16873]
Action.c(718): PrintStatus-------,0	[MsgId: MMSG-17999]
Action.c(720): Compare Result-------,-4	[MsgId: MMSG-17999]
Action.c(724): lr_think_time: 5.00 seconds.	[MsgId: MMSG-15948]
Action.c(744): Notify: Transaction "Report  Print Task fail" started.	[MsgId: MMSG-16999]
Action.c(746): Error: The report task print failed! taskID: 4377798  From Terminal: Terminal21	[MsgId: MERR-17999]
End auto log messages stack.	[MsgId: MMSG-10544]

Start auto log messages stack - Iteration 61.	[MsgId: MMSG-10545]
Action.c(697): Notify: Transaction "Report PrintTask Status Check" started.	[MsgId: MMSG-16999]
Action.c(699): Registering web_reg_save_param was successful  	[MsgId: MMSG-26390]
Action.c(704): Warning -26593: The header being added may cause unpredictable results when applied to all ensuing URLs. It is added anyway  	[MsgId: MWAR-26593]
Action.c(704): web_add_auto_header("content-type") highest severity level was "warning"  	[MsgId: MMSG-26391]
Action.c(706): web_custom_request("web_custom_request") was successful, 265 body bytes, 283 header bytes  	[MsgId: MMSG-26386]
Action.c(716): Notify: Transaction "Report PrintTask Status Check" ended with "Pass" status (Duration: 1.0140).	[MsgId: MMSG-16873]
Action.c(718): PrintStatus-------,0	[MsgId: MMSG-17999]
Action.c(720): Compare Result-------,-4	[MsgId: MMSG-17999]
Action.c(724): lr_think_time: 5.00 seconds.	[MsgId: MMSG-15948]
Action.c(744): Notify: Transaction "Report  Print Task fail" started.	[MsgId: MMSG-16999]
Action.c(746): Error: The report task print failed! taskID: 4377806  From Terminal: Terminal20	[MsgId: MERR-17999]
End auto log messages stack.	[MsgId: MMSG-10544]

