Start auto log messages stack - Iteration 1.	[MsgId: MMSG-10545]
Action.c(55): Notify: Transaction "Create New Patient" started.	[MsgId: MMSG-16999]
Action.c(58): web_custom_request("web_custom_request") was successful, 373 body bytes, 266 header bytes  	[MsgId: MMSG-26386]
Action.c(124): Notify: Transaction "Create New Patient" ended with "Pass" status (Duration: 0.4164 Wasted Time: 0.0000).	[MsgId: MMSG-16871]
Action.c(127): lr_think_time: 60.00 seconds.	[MsgId: MMSG-15948]
Action.c(220): Notify: Transaction "Notify File 100k" started.	[MsgId: MMSG-16999]
Action.c(225): Registering web_reg_save_param was successful  	[MsgId: MMSG-26390]
Action.c(230): web_custom_request("web_custom_request") was successful, 381 body bytes, 266 header bytes  	[MsgId: MMSG-26386]
Action.c(299): Notify: Transaction "Notify File 100k" ended with "Pass" status (Duration: 36.8973 Wasted Time: 0.0000).	[MsgId: MMSG-16871]
Action.c(305): lr_think_time: 60.00 seconds.	[MsgId: MMSG-15948]
Action.c(316): web_set_max_html_param_len was successful  	[MsgId: MMSG-26392]
Action.c(346): lr_think_time: 5.00 seconds.	[MsgId: MMSG-15948]
Action.c(358): Error: The report print status is not correct and Update the status by databse failed: the accessionnumber is  A20180613165724382 	[MsgId: MERR-17999]
End auto log messages stack.	[MsgId: MMSG-10544]

Start auto log messages stack - Iteration 2.	[MsgId: MMSG-10545]
Action.c(697): Notify: Transaction "Report PrintTask Status Check" started.	[MsgId: MMSG-16999]
Action.c(699): Registering web_reg_save_param was successful  	[MsgId: MMSG-26390]
Action.c(704): Warning -26593: The header being added may cause unpredictable results when applied to all ensuing URLs. It is added anyway  	[MsgId: MWAR-26593]
Action.c(704): web_add_auto_header("content-type") highest severity level was "warning"  	[MsgId: MMSG-26391]
Action.c(706): web_custom_request("web_custom_request") was successful, 265 body bytes, 283 header bytes  	[MsgId: MMSG-26386]
Action.c(716): Notify: Transaction "Report PrintTask Status Check" ended with "Pass" status (Duration: 0.1777 Wasted Time: 0.0000).	[MsgId: MMSG-16871]
Action.c(718): PrintStatus-------,0	[MsgId: MMSG-17999]
Action.c(720): Compare Result-------,-4	[MsgId: MMSG-17999]
Action.c(724): lr_think_time: 5.00 seconds.	[MsgId: MMSG-15948]
Action.c(744): Notify: Transaction "Report  Print Task fail" started.	[MsgId: MMSG-16999]
Action.c(746): Error: The report task print failed! taskID: 4376911  From Terminal: Terminal29	[MsgId: MERR-17999]
End auto log messages stack.	[MsgId: MMSG-10544]

Start auto log messages stack - Iteration 3.	[MsgId: MMSG-10545]
Action.c(697): Notify: Transaction "Report PrintTask Status Check" started.	[MsgId: MMSG-16999]
Action.c(699): Registering web_reg_save_param was successful  	[MsgId: MMSG-26390]
Action.c(704): Warning -26593: The header being added may cause unpredictable results when applied to all ensuing URLs. It is added anyway  	[MsgId: MWAR-26593]
Action.c(704): web_add_auto_header("content-type") highest severity level was "warning"  	[MsgId: MMSG-26391]
Action.c(706): web_custom_request("web_custom_request") was successful, 265 body bytes, 283 header bytes  	[MsgId: MMSG-26386]
Action.c(716): Notify: Transaction "Report PrintTask Status Check" ended with "Pass" status (Duration: 0.8053 Wasted Time: 0.0000).	[MsgId: MMSG-16871]
Action.c(718): PrintStatus-------,0	[MsgId: MMSG-17999]
Action.c(720): Compare Result-------,-4	[MsgId: MMSG-17999]
Action.c(724): lr_think_time: 5.00 seconds.	[MsgId: MMSG-15948]
Action.c(744): Notify: Transaction "Report  Print Task fail" started.	[MsgId: MMSG-16999]
Action.c(746): Error: The report task print failed! taskID: 4376937  From Terminal: Terminal28	[MsgId: MERR-17999]
End auto log messages stack.	[MsgId: MMSG-10544]

Start auto log messages stack - Iteration 4.	[MsgId: MMSG-10545]
Action.c(697): Notify: Transaction "Report PrintTask Status Check" started.	[MsgId: MMSG-16999]
Action.c(699): Registering web_reg_save_param was successful  	[MsgId: MMSG-26390]
Action.c(704): Warning -26593: The header being added may cause unpredictable results when applied to all ensuing URLs. It is added anyway  	[MsgId: MWAR-26593]
Action.c(704): web_add_auto_header("content-type") highest severity level was "warning"  	[MsgId: MMSG-26391]
Action.c(706): web_custom_request("web_custom_request") was successful, 265 body bytes, 283 header bytes  	[MsgId: MMSG-26386]
Action.c(716): Notify: Transaction "Report PrintTask Status Check" ended with "Pass" status (Duration: 0.1569 Wasted Time: 0.0000).	[MsgId: MMSG-16871]
Action.c(718): PrintStatus-------,0	[MsgId: MMSG-17999]
Action.c(720): Compare Result-------,-4	[MsgId: MMSG-17999]
Action.c(724): lr_think_time: 5.00 seconds.	[MsgId: MMSG-15948]
Action.c(744): Notify: Transaction "Report  Print Task fail" started.	[MsgId: MMSG-16999]
Action.c(746): Error: The report task print failed! taskID: 4376963  From Terminal: Terminal29	[MsgId: MERR-17999]
End auto log messages stack.	[MsgId: MMSG-10544]

Start auto log messages stack - Iteration 5.	[MsgId: MMSG-10545]
Action.c(697): Notify: Transaction "Report PrintTask Status Check" started.	[MsgId: MMSG-16999]
Action.c(699): Registering web_reg_save_param was successful  	[MsgId: MMSG-26390]
Action.c(704): Warning -26593: The header being added may cause unpredictable results when applied to all ensuing URLs. It is added anyway  	[MsgId: MWAR-26593]
Action.c(704): web_add_auto_header("content-type") highest severity level was "warning"  	[MsgId: MMSG-26391]
Action.c(706): web_custom_request("web_custom_request") was successful, 265 body bytes, 283 header bytes  	[MsgId: MMSG-26386]
Action.c(716): Notify: Transaction "Report PrintTask Status Check" ended with "Pass" status (Duration: 0.5683 Wasted Time: 0.0000).	[MsgId: MMSG-16871]
Action.c(718): PrintStatus-------,0	[MsgId: MMSG-17999]
Action.c(720): Compare Result-------,-4	[MsgId: MMSG-17999]
Action.c(724): lr_think_time: 5.00 seconds.	[MsgId: MMSG-15948]
Action.c(744): Notify: Transaction "Report  Print Task fail" started.	[MsgId: MMSG-16999]
Action.c(746): Error: The report task print failed! taskID: 4376977  From Terminal: Terminal28	[MsgId: MERR-17999]
End auto log messages stack.	[MsgId: MMSG-10544]

Start auto log messages stack - Iteration 6.	[MsgId: MMSG-10545]
Action.c(697): Notify: Transaction "Report PrintTask Status Check" started.	[MsgId: MMSG-16999]
Action.c(699): Registering web_reg_save_param was successful  	[MsgId: MMSG-26390]
Action.c(704): Warning -26593: The header being added may cause unpredictable results when applied to all ensuing URLs. It is added anyway  	[MsgId: MWAR-26593]
Action.c(704): web_add_auto_header("content-type") highest severity level was "warning"  	[MsgId: MMSG-26391]
Action.c(706): web_custom_request("web_custom_request") was successful, 265 body bytes, 283 header bytes  	[MsgId: MMSG-26386]
Action.c(716): Notify: Transaction "Report PrintTask Status Check" ended with "Pass" status (Duration: 0.1763 Wasted Time: 0.0000).	[MsgId: MMSG-16871]
Action.c(718): PrintStatus-------,0	[MsgId: MMSG-17999]
Action.c(720): Compare Result-------,-4	[MsgId: MMSG-17999]
Action.c(724): lr_think_time: 5.00 seconds.	[MsgId: MMSG-15948]
Action.c(744): Notify: Transaction "Report  Print Task fail" started.	[MsgId: MMSG-16999]
Action.c(746): Error: The report task print failed! taskID: 4377002  From Terminal: Terminal29	[MsgId: MERR-17999]
End auto log messages stack.	[MsgId: MMSG-10544]

Start auto log messages stack - Iteration 7.	[MsgId: MMSG-10545]
Action.c(697): Notify: Transaction "Report PrintTask Status Check" started.	[MsgId: MMSG-16999]
Action.c(699): Registering web_reg_save_param was successful  	[MsgId: MMSG-26390]
Action.c(704): Warning -26593: The header being added may cause unpredictable results when applied to all ensuing URLs. It is added anyway  	[MsgId: MWAR-26593]
Action.c(704): web_add_auto_header("content-type") highest severity level was "warning"  	[MsgId: MMSG-26391]
Action.c(706): web_custom_request("web_custom_request") was successful, 265 body bytes, 283 header bytes  	[MsgId: MMSG-26386]
Action.c(716): Notify: Transaction "Report PrintTask Status Check" ended with "Pass" status (Duration: 0.1929 Wasted Time: 0.0000).	[MsgId: MMSG-16871]
Action.c(718): PrintStatus-------,0	[MsgId: MMSG-17999]
Action.c(720): Compare Result-------,-4	[MsgId: MMSG-17999]
Action.c(724): lr_think_time: 5.00 seconds.	[MsgId: MMSG-15948]
Action.c(744): Notify: Transaction "Report  Print Task fail" started.	[MsgId: MMSG-16999]
Action.c(746): Error: The report task print failed! taskID: 4377026  From Terminal: Terminal28	[MsgId: MERR-17999]
End auto log messages stack.	[MsgId: MMSG-10544]

Start auto log messages stack - Iteration 8.	[MsgId: MMSG-10545]
Action.c(697): Notify: Transaction "Report PrintTask Status Check" started.	[MsgId: MMSG-16999]
Action.c(699): Registering web_reg_save_param was successful  	[MsgId: MMSG-26390]
Action.c(704): Warning -26593: The header being added may cause unpredictable results when applied to all ensuing URLs. It is added anyway  	[MsgId: MWAR-26593]
Action.c(704): web_add_auto_header("content-type") highest severity level was "warning"  	[MsgId: MMSG-26391]
Action.c(706): web_custom_request("web_custom_request") was successful, 265 body bytes, 283 header bytes  	[MsgId: MMSG-26386]
Action.c(716): Notify: Transaction "Report PrintTask Status Check" ended with "Pass" status (Duration: 0.2041 Wasted Time: 0.0000).	[MsgId: MMSG-16871]
Action.c(718): PrintStatus-------,0	[MsgId: MMSG-17999]
Action.c(720): Compare Result-------,-4	[MsgId: MMSG-17999]
Action.c(724): lr_think_time: 5.00 seconds.	[MsgId: MMSG-15948]
Action.c(744): Notify: Transaction "Report  Print Task fail" started.	[MsgId: MMSG-16999]
Action.c(746): Error: The report task print failed! taskID: 4377050  From Terminal: Terminal29	[MsgId: MERR-17999]
End auto log messages stack.	[MsgId: MMSG-10544]

Start auto log messages stack - Iteration 9.	[MsgId: MMSG-10545]
Action.c(55): Notify: Transaction "Create New Patient" started.	[MsgId: MMSG-16999]
Action.c(58): web_custom_request("web_custom_request") was successful, 373 body bytes, 266 header bytes  	[MsgId: MMSG-26386]
Action.c(124): Notify: Transaction "Create New Patient" ended with "Pass" status (Duration: 12.6554 Wasted Time: 0.0000).	[MsgId: MMSG-16871]
Action.c(127): lr_think_time: 60.00 seconds.	[MsgId: MMSG-15948]
Action.c(220): Notify: Transaction "Notify File 100k" started.	[MsgId: MMSG-16999]
Action.c(225): Registering web_reg_save_param was successful  	[MsgId: MMSG-26390]
Action.c(230): web_custom_request("web_custom_request") was successful, 381 body bytes, 266 header bytes  	[MsgId: MMSG-26386]
Action.c(299): Notify: Transaction "Notify File 100k" ended with "Pass" status (Duration: 30.7702 Wasted Time: 0.0000).	[MsgId: MMSG-16871]
Action.c(305): lr_think_time: 60.00 seconds.	[MsgId: MMSG-15948]
Action.c(316): web_set_max_html_param_len was successful  	[MsgId: MMSG-26392]
Action.c(346): lr_think_time: 5.00 seconds.	[MsgId: MMSG-15948]
Action.c(358): Error: The report print status is not correct and Update the status by databse failed: the accessionnumber is  A20180613174751928 	[MsgId: MERR-17999]
End auto log messages stack.	[MsgId: MMSG-10544]

Start auto log messages stack - Iteration 10.	[MsgId: MMSG-10545]
Action.c(697): Notify: Transaction "Report PrintTask Status Check" started.	[MsgId: MMSG-16999]
Action.c(699): Registering web_reg_save_param was successful  	[MsgId: MMSG-26390]
Action.c(704): Warning -26593: The header being added may cause unpredictable results when applied to all ensuing URLs. It is added anyway  	[MsgId: MWAR-26593]
Action.c(704): web_add_auto_header("content-type") highest severity level was "warning"  	[MsgId: MMSG-26391]
Action.c(706): web_custom_request("web_custom_request") was successful, 265 body bytes, 283 header bytes  	[MsgId: MMSG-26386]
Action.c(716): Notify: Transaction "Report PrintTask Status Check" ended with "Pass" status (Duration: 0.2458 Wasted Time: 0.0000).	[MsgId: MMSG-16871]
Action.c(718): PrintStatus-------,0	[MsgId: MMSG-17999]
Action.c(720): Compare Result-------,-4	[MsgId: MMSG-17999]
Action.c(724): lr_think_time: 5.00 seconds.	[MsgId: MMSG-15948]
Action.c(744): Notify: Transaction "Report  Print Task fail" started.	[MsgId: MMSG-16999]
Action.c(746): Error: The report task print failed! taskID: 4377075  From Terminal: Terminal29	[MsgId: MERR-17999]
End auto log messages stack.	[MsgId: MMSG-10544]

Start auto log messages stack - Iteration 11.	[MsgId: MMSG-10545]
Action.c(697): Notify: Transaction "Report PrintTask Status Check" started.	[MsgId: MMSG-16999]
Action.c(699): Registering web_reg_save_param was successful  	[MsgId: MMSG-26390]
Action.c(704): Warning -26593: The header being added may cause unpredictable results when applied to all ensuing URLs. It is added anyway  	[MsgId: MWAR-26593]
Action.c(704): web_add_auto_header("content-type") highest severity level was "warning"  	[MsgId: MMSG-26391]
Action.c(706): web_custom_request("web_custom_request") was successful, 265 body bytes, 283 header bytes  	[MsgId: MMSG-26386]
Action.c(716): Notify: Transaction "Report PrintTask Status Check" ended with "Pass" status (Duration: 0.1976 Wasted Time: 0.0000).	[MsgId: MMSG-16871]
Action.c(718): PrintStatus-------,0	[MsgId: MMSG-17999]
Action.c(720): Compare Result-------,-4	[MsgId: MMSG-17999]
Action.c(724): lr_think_time: 5.00 seconds.	[MsgId: MMSG-15948]
Action.c(744): Notify: Transaction "Report  Print Task fail" started.	[MsgId: MMSG-16999]
Action.c(746): Error: The report task print failed! taskID: 4377100  From Terminal: Terminal28	[MsgId: MERR-17999]
End auto log messages stack.	[MsgId: MMSG-10544]

Start auto log messages stack - Iteration 12.	[MsgId: MMSG-10545]
Action.c(697): Notify: Transaction "Report PrintTask Status Check" started.	[MsgId: MMSG-16999]
Action.c(699): Registering web_reg_save_param was successful  	[MsgId: MMSG-26390]
Action.c(704): Warning -26593: The header being added may cause unpredictable results when applied to all ensuing URLs. It is added anyway  	[MsgId: MWAR-26593]
Action.c(704): web_add_auto_header("content-type") highest severity level was "warning"  	[MsgId: MMSG-26391]
Action.c(706): web_custom_request("web_custom_request") was successful, 265 body bytes, 283 header bytes  	[MsgId: MMSG-26386]
Action.c(716): Notify: Transaction "Report PrintTask Status Check" ended with "Pass" status (Duration: 1.6354 Wasted Time: 0.0000).	[MsgId: MMSG-16871]
Action.c(718): PrintStatus-------,0	[MsgId: MMSG-17999]
Action.c(720): Compare Result-------,-4	[MsgId: MMSG-17999]
Action.c(724): lr_think_time: 5.00 seconds.	[MsgId: MMSG-15948]
Action.c(744): Notify: Transaction "Report  Print Task fail" started.	[MsgId: MMSG-16999]
Action.c(746): Error: The report task print failed! taskID: 4377128  From Terminal: Terminal29	[MsgId: MERR-17999]
End auto log messages stack.	[MsgId: MMSG-10544]

Start auto log messages stack - Iteration 13.	[MsgId: MMSG-10545]
Action.c(55): Notify: Transaction "Create New Patient" started.	[MsgId: MMSG-16999]
Action.c(58): web_custom_request("web_custom_request") was successful, 373 body bytes, 266 header bytes  	[MsgId: MMSG-26386]
Action.c(124): Notify: Transaction "Create New Patient" ended with "Pass" status (Duration: 2.4566 Wasted Time: 0.0000).	[MsgId: MMSG-16871]
Action.c(127): lr_think_time: 60.00 seconds.	[MsgId: MMSG-15948]
Action.c(220): Notify: Transaction "Notify File 100k" started.	[MsgId: MMSG-16999]
Action.c(225): Registering web_reg_save_param was successful  	[MsgId: MMSG-26390]
Action.c(230): web_custom_request("web_custom_request") was successful, 381 body bytes, 266 header bytes  	[MsgId: MMSG-26386]
Action.c(299): Notify: Transaction "Notify File 100k" ended with "Pass" status (Duration: 66.7405 Wasted Time: 0.0000).	[MsgId: MMSG-16871]
Action.c(305): lr_think_time: 60.00 seconds.	[MsgId: MMSG-15948]
Action.c(316): web_set_max_html_param_len was successful  	[MsgId: MMSG-26392]
Action.c(346): lr_think_time: 5.00 seconds.	[MsgId: MMSG-15948]
Action.c(358): Error: The report print status is not correct and Update the status by databse failed: the accessionnumber is  A20180613180927886 	[MsgId: MERR-17999]
End auto log messages stack.	[MsgId: MMSG-10544]

Start auto log messages stack - Iteration 14.	[MsgId: MMSG-10545]
Action.c(58): web_custom_request("web_custom_request") was successful, 373 body bytes, 266 header bytes  	[MsgId: MMSG-26386]
Action.c(124): Notify: Transaction "Create New Patient" ended with "Pass" status (Duration: 0.8196 Wasted Time: 0.0000).	[MsgId: MMSG-16871]
Action.c(127): lr_think_time: 60.00 seconds.	[MsgId: MMSG-15948]
Action.c(220): Notify: Transaction "Notify File 100k" started.	[MsgId: MMSG-16999]
Action.c(225): Registering web_reg_save_param was successful  	[MsgId: MMSG-26390]
Action.c(230): web_custom_request("web_custom_request") was successful, 381 body bytes, 266 header bytes  	[MsgId: MMSG-26386]
Action.c(299): Notify: Transaction "Notify File 100k" ended with "Pass" status (Duration: 34.9095 Wasted Time: 0.0000).	[MsgId: MMSG-16871]
Action.c(305): lr_think_time: 60.00 seconds.	[MsgId: MMSG-15948]
Action.c(316): web_set_max_html_param_len was successful  	[MsgId: MMSG-26392]
Action.c(346): lr_think_time: 5.00 seconds.	[MsgId: MMSG-15948]
Action.c(358): Error: The report print status is not correct and Update the status by databse failed: the accessionnumber is  A20180613181300013 	[MsgId: MERR-17999]
End auto log messages stack.	[MsgId: MMSG-10544]

Start auto log messages stack - Iteration 15.	[MsgId: MMSG-10545]
Action.c(697): Notify: Transaction "Report PrintTask Status Check" started.	[MsgId: MMSG-16999]
Action.c(699): Registering web_reg_save_param was successful  	[MsgId: MMSG-26390]
Action.c(704): Warning -26593: The header being added may cause unpredictable results when applied to all ensuing URLs. It is added anyway  	[MsgId: MWAR-26593]
Action.c(704): web_add_auto_header("content-type") highest severity level was "warning"  	[MsgId: MMSG-26391]
Action.c(706): web_custom_request("web_custom_request") was successful, 265 body bytes, 283 header bytes  	[MsgId: MMSG-26386]
Action.c(716): Notify: Transaction "Report PrintTask Status Check" ended with "Pass" status (Duration: 0.4283 Wasted Time: 0.0000).	[MsgId: MMSG-16871]
Action.c(718): PrintStatus-------,0	[MsgId: MMSG-17999]
Action.c(720): Compare Result-------,-4	[MsgId: MMSG-17999]
Action.c(724): lr_think_time: 5.00 seconds.	[MsgId: MMSG-15948]
Action.c(744): Notify: Transaction "Report  Print Task fail" started.	[MsgId: MMSG-16999]
Action.c(746): Error: The report task print failed! taskID: 4377137  From Terminal: Terminal28	[MsgId: MERR-17999]
End auto log messages stack.	[MsgId: MMSG-10544]

Start auto log messages stack - Iteration 16.	[MsgId: MMSG-10545]
Action.c(524): web_add_auto_header("content-type") highest severity level was "warning"  	[MsgId: MMSG-26391]
Action.c(525): web_custom_request("Item_query") was successful, 1012 body bytes, 284 header bytes  	[MsgId: MMSG-26386]
Action.c(537): Notify: Transaction "Report QueryFilmReportInfo" ended with "Pass" status (Duration: 10.1413 Wasted Time: 0.0001).	[MsgId: MMSG-16871]
Action.c(582): lr_think_time: 5.00 seconds.	[MsgId: MMSG-15948]
Action.c(590): Notify: Transaction "Report Create_PrintTask" started.	[MsgId: MMSG-16999]
Action.c(592): Registering web_reg_save_param was successful  	[MsgId: MMSG-26390]
Action.c(603): Warning -26593: The header being added may cause unpredictable results when applied to all ensuing URLs. It is added anyway  	[MsgId: MWAR-26593]
Action.c(603): web_add_auto_header("content-type") highest severity level was "warning"  	[MsgId: MMSG-26391]
Action.c(605): Continuing after Error -26377: No match found for the requested parameter "TaskID". Check whether the requested boundaries exist in the response data. Also, if the data you want to save exceeds 809400 bytes, use web_set_max_html_param_len to increase the parameter size  	[MsgId: MERR-26377]
End auto log messages stack.	[MsgId: MMSG-10544]

Start auto log messages stack - Iteration 16.	[MsgId: MMSG-10545]
Action.c(605): web_custom_request("web_custom_request") highest severity level was "continue on error", 265 body bytes, 283 header bytes  	[MsgId: MMSG-26388]
Action.c(605): Continuing after error in Vuser script.	[MsgId: MMSG-10678]
Action.c(616): Notify: Transaction "Report Create_PrintTask" ended with "Fail" status (Duration: 30.2559 Wasted Time: 0.0000).	[MsgId: MMSG-16871]
TaskID is : 	[MsgId: MMSG-17999]
Action.c(621): lr_think_time: 5.00 seconds.	[MsgId: MMSG-15948]
Action.c(628): Notify: Transaction "Create Report PrintTask Fail" started.	[MsgId: MMSG-16999]
Action.c(630): Error: The system create report print task fail!:   From Terminal: Terminal29 and error message is 	[MsgId: MERR-17999]
End auto log messages stack.	[MsgId: MMSG-10544]

Start auto log messages stack - Iteration 17.	[MsgId: MMSG-10545]
Action.c(697): Notify: Transaction "Report PrintTask Status Check" started.	[MsgId: MMSG-16999]
Action.c(699): Registering web_reg_save_param was successful  	[MsgId: MMSG-26390]
Action.c(704): Warning -26593: The header being added may cause unpredictable results when applied to all ensuing URLs. It is added anyway  	[MsgId: MWAR-26593]
Action.c(704): web_add_auto_header("content-type") highest severity level was "warning"  	[MsgId: MMSG-26391]
Action.c(706): web_custom_request("web_custom_request") was successful, 265 body bytes, 283 header bytes  	[MsgId: MMSG-26386]
Action.c(716): Notify: Transaction "Report PrintTask Status Check" ended with "Pass" status (Duration: 0.0238 Wasted Time: 0.0000).	[MsgId: MMSG-16871]
Action.c(718): PrintStatus-------,0	[MsgId: MMSG-17999]
Action.c(720): Compare Result-------,-4	[MsgId: MMSG-17999]
Action.c(724): lr_think_time: 5.00 seconds.	[MsgId: MMSG-15948]
Action.c(744): Notify: Transaction "Report  Print Task fail" started.	[MsgId: MMSG-16999]
Action.c(746): Error: The report task print failed! taskID: 4377166  From Terminal: Terminal28	[MsgId: MERR-17999]
End auto log messages stack.	[MsgId: MMSG-10544]

Start auto log messages stack - Iteration 18.	[MsgId: MMSG-10545]
Action.c(697): Notify: Transaction "Report PrintTask Status Check" started.	[MsgId: MMSG-16999]
Action.c(699): Registering web_reg_save_param was successful  	[MsgId: MMSG-26390]
Action.c(704): Warning -26593: The header being added may cause unpredictable results when applied to all ensuing URLs. It is added anyway  	[MsgId: MWAR-26593]
Action.c(704): web_add_auto_header("content-type") highest severity level was "warning"  	[MsgId: MMSG-26391]
Action.c(706): web_custom_request("web_custom_request") was successful, 265 body bytes, 283 header bytes  	[MsgId: MMSG-26386]
Action.c(716): Notify: Transaction "Report PrintTask Status Check" ended with "Pass" status (Duration: 0.0230 Wasted Time: 0.0000).	[MsgId: MMSG-16871]
Action.c(718): PrintStatus-------,0	[MsgId: MMSG-17999]
Action.c(720): Compare Result-------,-4	[MsgId: MMSG-17999]
Action.c(724): lr_think_time: 5.00 seconds.	[MsgId: MMSG-15948]
Action.c(744): Notify: Transaction "Report  Print Task fail" started.	[MsgId: MMSG-16999]
Action.c(746): Error: The report task print failed! taskID: 4377195  From Terminal: Terminal29	[MsgId: MERR-17999]
End auto log messages stack.	[MsgId: MMSG-10544]

Start auto log messages stack - Iteration 19.	[MsgId: MMSG-10545]
Action.c(697): Notify: Transaction "Report PrintTask Status Check" started.	[MsgId: MMSG-16999]
Action.c(699): Registering web_reg_save_param was successful  	[MsgId: MMSG-26390]
Action.c(704): Warning -26593: The header being added may cause unpredictable results when applied to all ensuing URLs. It is added anyway  	[MsgId: MWAR-26593]
Action.c(704): web_add_auto_header("content-type") highest severity level was "warning"  	[MsgId: MMSG-26391]
Action.c(706): web_custom_request("web_custom_request") was successful, 265 body bytes, 283 header bytes  	[MsgId: MMSG-26386]
Action.c(716): Notify: Transaction "Report PrintTask Status Check" ended with "Pass" status (Duration: 0.1670 Wasted Time: 0.0000).	[MsgId: MMSG-16871]
Action.c(718): PrintStatus-------,0	[MsgId: MMSG-17999]
Action.c(720): Compare Result-------,-4	[MsgId: MMSG-17999]
Action.c(724): lr_think_time: 5.00 seconds.	[MsgId: MMSG-15948]
Action.c(744): Notify: Transaction "Report  Print Task fail" started.	[MsgId: MMSG-16999]
Action.c(746): Error: The report task print failed! taskID: 4377213  From Terminal: Terminal28	[MsgId: MERR-17999]
End auto log messages stack.	[MsgId: MMSG-10544]

Start auto log messages stack - Iteration 20.	[MsgId: MMSG-10545]
Action.c(697): Notify: Transaction "Report PrintTask Status Check" started.	[MsgId: MMSG-16999]
Action.c(699): Registering web_reg_save_param was successful  	[MsgId: MMSG-26390]
Action.c(704): Warning -26593: The header being added may cause unpredictable results when applied to all ensuing URLs. It is added anyway  	[MsgId: MWAR-26593]
Action.c(704): web_add_auto_header("content-type") highest severity level was "warning"  	[MsgId: MMSG-26391]
Action.c(706): web_custom_request("web_custom_request") was successful, 265 body bytes, 283 header bytes  	[MsgId: MMSG-26386]
Action.c(716): Notify: Transaction "Report PrintTask Status Check" ended with "Pass" status (Duration: 0.2137 Wasted Time: 0.0000).	[MsgId: MMSG-16871]
Action.c(718): PrintStatus-------,0	[MsgId: MMSG-17999]
Action.c(720): Compare Result-------,-4	[MsgId: MMSG-17999]
Action.c(724): lr_think_time: 5.00 seconds.	[MsgId: MMSG-15948]
Action.c(744): Notify: Transaction "Report  Print Task fail" started.	[MsgId: MMSG-16999]
Action.c(746): Error: The report task print failed! taskID: 4377233  From Terminal: Terminal29	[MsgId: MERR-17999]
End auto log messages stack.	[MsgId: MMSG-10544]

Start auto log messages stack - Iteration 21.	[MsgId: MMSG-10545]
Action.c(697): Notify: Transaction "Report PrintTask Status Check" started.	[MsgId: MMSG-16999]
Action.c(699): Registering web_reg_save_param was successful  	[MsgId: MMSG-26390]
Action.c(704): Warning -26593: The header being added may cause unpredictable results when applied to all ensuing URLs. It is added anyway  	[MsgId: MWAR-26593]
Action.c(704): web_add_auto_header("content-type") highest severity level was "warning"  	[MsgId: MMSG-26391]
Action.c(706): web_custom_request("web_custom_request") was successful, 265 body bytes, 283 header bytes  	[MsgId: MMSG-26386]
Action.c(716): Notify: Transaction "Report PrintTask Status Check" ended with "Pass" status (Duration: 0.2202 Wasted Time: 0.0000).	[MsgId: MMSG-16871]
Action.c(718): PrintStatus-------,0	[MsgId: MMSG-17999]
Action.c(720): Compare Result-------,-4	[MsgId: MMSG-17999]
Action.c(724): lr_think_time: 5.00 seconds.	[MsgId: MMSG-15948]
Action.c(744): Notify: Transaction "Report  Print Task fail" started.	[MsgId: MMSG-16999]
Action.c(746): Error: The report task print failed! taskID: 4377260  From Terminal: Terminal28	[MsgId: MERR-17999]
End auto log messages stack.	[MsgId: MMSG-10544]

Start auto log messages stack - Iteration 22.	[MsgId: MMSG-10545]
Action.c(697): Notify: Transaction "Report PrintTask Status Check" started.	[MsgId: MMSG-16999]
Action.c(699): Registering web_reg_save_param was successful  	[MsgId: MMSG-26390]
Action.c(704): Warning -26593: The header being added may cause unpredictable results when applied to all ensuing URLs. It is added anyway  	[MsgId: MWAR-26593]
Action.c(704): web_add_auto_header("content-type") highest severity level was "warning"  	[MsgId: MMSG-26391]
Action.c(706): web_custom_request("web_custom_request") was successful, 265 body bytes, 283 header bytes  	[MsgId: MMSG-26386]
Action.c(716): Notify: Transaction "Report PrintTask Status Check" ended with "Pass" status (Duration: 0.3687 Wasted Time: 0.0000).	[MsgId: MMSG-16871]
Action.c(718): PrintStatus-------,0	[MsgId: MMSG-17999]
Action.c(720): Compare Result-------,-4	[MsgId: MMSG-17999]
Action.c(724): lr_think_time: 5.00 seconds.	[MsgId: MMSG-15948]
Action.c(744): Notify: Transaction "Report  Print Task fail" started.	[MsgId: MMSG-16999]
Action.c(746): Error: The report task print failed! taskID: 4377287  From Terminal: Terminal29	[MsgId: MERR-17999]
End auto log messages stack.	[MsgId: MMSG-10544]

Start auto log messages stack - Iteration 23.	[MsgId: MMSG-10545]
Action.c(697): Notify: Transaction "Report PrintTask Status Check" started.	[MsgId: MMSG-16999]
Action.c(699): Registering web_reg_save_param was successful  	[MsgId: MMSG-26390]
Action.c(704): Warning -26593: The header being added may cause unpredictable results when applied to all ensuing URLs. It is added anyway  	[MsgId: MWAR-26593]
Action.c(704): web_add_auto_header("content-type") highest severity level was "warning"  	[MsgId: MMSG-26391]
Action.c(706): web_custom_request("web_custom_request") was successful, 265 body bytes, 283 header bytes  	[MsgId: MMSG-26386]
Action.c(716): Notify: Transaction "Report PrintTask Status Check" ended with "Pass" status (Duration: 0.2214 Wasted Time: 0.0000).	[MsgId: MMSG-16871]
Action.c(718): PrintStatus-------,0	[MsgId: MMSG-17999]
Action.c(720): Compare Result-------,-4	[MsgId: MMSG-17999]
Action.c(724): lr_think_time: 5.00 seconds.	[MsgId: MMSG-15948]
Action.c(744): Notify: Transaction "Report  Print Task fail" started.	[MsgId: MMSG-16999]
Action.c(746): Error: The report task print failed! taskID: 4377305  From Terminal: Terminal28	[MsgId: MERR-17999]
End auto log messages stack.	[MsgId: MMSG-10544]

Start auto log messages stack - Iteration 24.	[MsgId: MMSG-10545]
Action.c(697): Notify: Transaction "Report PrintTask Status Check" started.	[MsgId: MMSG-16999]
Action.c(699): Registering web_reg_save_param was successful  	[MsgId: MMSG-26390]
Action.c(704): Warning -26593: The header being added may cause unpredictable results when applied to all ensuing URLs. It is added anyway  	[MsgId: MWAR-26593]
Action.c(704): web_add_auto_header("content-type") highest severity level was "warning"  	[MsgId: MMSG-26391]
Action.c(706): web_custom_request("web_custom_request") was successful, 265 body bytes, 283 header bytes  	[MsgId: MMSG-26386]
Action.c(716): Notify: Transaction "Report PrintTask Status Check" ended with "Pass" status (Duration: 0.2208 Wasted Time: 0.0000).	[MsgId: MMSG-16871]
Action.c(718): PrintStatus-------,0	[MsgId: MMSG-17999]
Action.c(720): Compare Result-------,-4	[MsgId: MMSG-17999]
Action.c(724): lr_think_time: 5.00 seconds.	[MsgId: MMSG-15948]
Action.c(744): Notify: Transaction "Report  Print Task fail" started.	[MsgId: MMSG-16999]
Action.c(746): Error: The report task print failed! taskID: 4377324  From Terminal: Terminal29	[MsgId: MERR-17999]
End auto log messages stack.	[MsgId: MMSG-10544]

Start auto log messages stack - Iteration 25.	[MsgId: MMSG-10545]
Action.c(697): Notify: Transaction "Report PrintTask Status Check" started.	[MsgId: MMSG-16999]
Action.c(699): Registering web_reg_save_param was successful  	[MsgId: MMSG-26390]
Action.c(704): Warning -26593: The header being added may cause unpredictable results when applied to all ensuing URLs. It is added anyway  	[MsgId: MWAR-26593]
Action.c(704): web_add_auto_header("content-type") highest severity level was "warning"  	[MsgId: MMSG-26391]
Action.c(706): web_custom_request("web_custom_request") was successful, 265 body bytes, 283 header bytes  	[MsgId: MMSG-26386]
Action.c(716): Notify: Transaction "Report PrintTask Status Check" ended with "Pass" status (Duration: 5.7070 Wasted Time: 0.0000).	[MsgId: MMSG-16871]
Action.c(718): PrintStatus-------,0	[MsgId: MMSG-17999]
Action.c(720): Compare Result-------,-4	[MsgId: MMSG-17999]
Action.c(724): lr_think_time: 5.00 seconds.	[MsgId: MMSG-15948]
Action.c(744): Notify: Transaction "Report  Print Task fail" started.	[MsgId: MMSG-16999]
Action.c(746): Error: The report task print failed! taskID: 4377339  From Terminal: Terminal28	[MsgId: MERR-17999]
End auto log messages stack.	[MsgId: MMSG-10544]

Start auto log messages stack - Iteration 26.	[MsgId: MMSG-10545]
Action.c(697): Notify: Transaction "Report PrintTask Status Check" started.	[MsgId: MMSG-16999]
Action.c(699): Registering web_reg_save_param was successful  	[MsgId: MMSG-26390]
Action.c(704): Warning -26593: The header being added may cause unpredictable results when applied to all ensuing URLs. It is added anyway  	[MsgId: MWAR-26593]
Action.c(704): web_add_auto_header("content-type") highest severity level was "warning"  	[MsgId: MMSG-26391]
Action.c(706): web_custom_request("web_custom_request") was successful, 265 body bytes, 283 header bytes  	[MsgId: MMSG-26386]
Action.c(716): Notify: Transaction "Report PrintTask Status Check" ended with "Pass" status (Duration: 2.6448 Wasted Time: 0.0000).	[MsgId: MMSG-16871]
Action.c(718): PrintStatus-------,0	[MsgId: MMSG-17999]
Action.c(720): Compare Result-------,-4	[MsgId: MMSG-17999]
Action.c(724): lr_think_time: 5.00 seconds.	[MsgId: MMSG-15948]
Action.c(744): Notify: Transaction "Report  Print Task fail" started.	[MsgId: MMSG-16999]
Action.c(746): Error: The report task print failed! taskID: 4377359  From Terminal: Terminal29	[MsgId: MERR-17999]
End auto log messages stack.	[MsgId: MMSG-10544]

Start auto log messages stack - Iteration 27.	[MsgId: MMSG-10545]
Action.c(697): Notify: Transaction "Report PrintTask Status Check" started.	[MsgId: MMSG-16999]
Action.c(699): Registering web_reg_save_param was successful  	[MsgId: MMSG-26390]
Action.c(704): Warning -26593: The header being added may cause unpredictable results when applied to all ensuing URLs. It is added anyway  	[MsgId: MWAR-26593]
Action.c(704): web_add_auto_header("content-type") highest severity level was "warning"  	[MsgId: MMSG-26391]
Action.c(706): web_custom_request("web_custom_request") was successful, 265 body bytes, 283 header bytes  	[MsgId: MMSG-26386]
Action.c(716): Notify: Transaction "Report PrintTask Status Check" ended with "Pass" status (Duration: 0.1311 Wasted Time: 0.0000).	[MsgId: MMSG-16871]
Action.c(718): PrintStatus-------,0	[MsgId: MMSG-17999]
Action.c(720): Compare Result-------,-4	[MsgId: MMSG-17999]
Action.c(724): lr_think_time: 5.00 seconds.	[MsgId: MMSG-15948]
Action.c(744): Notify: Transaction "Report  Print Task fail" started.	[MsgId: MMSG-16999]
Action.c(746): Error: The report task print failed! taskID: 4377364  From Terminal: Terminal28	[MsgId: MERR-17999]
End auto log messages stack.	[MsgId: MMSG-10544]

Start auto log messages stack - Iteration 28.	[MsgId: MMSG-10545]
Action.c(697): Notify: Transaction "Report PrintTask Status Check" started.	[MsgId: MMSG-16999]
Action.c(699): Registering web_reg_save_param was successful  	[MsgId: MMSG-26390]
Action.c(704): Warning -26593: The header being added may cause unpredictable results when applied to all ensuing URLs. It is added anyway  	[MsgId: MWAR-26593]
Action.c(704): web_add_auto_header("content-type") highest severity level was "warning"  	[MsgId: MMSG-26391]
Action.c(706): web_custom_request("web_custom_request") was successful, 265 body bytes, 283 header bytes  	[MsgId: MMSG-26386]
Action.c(716): Notify: Transaction "Report PrintTask Status Check" ended with "Pass" status (Duration: 0.1462 Wasted Time: 0.0000).	[MsgId: MMSG-16871]
Action.c(718): PrintStatus-------,0	[MsgId: MMSG-17999]
Action.c(720): Compare Result-------,-4	[MsgId: MMSG-17999]
Action.c(724): lr_think_time: 5.00 seconds.	[MsgId: MMSG-15948]
Action.c(744): Notify: Transaction "Report  Print Task fail" started.	[MsgId: MMSG-16999]
Action.c(746): Error: The report task print failed! taskID: 4377382  From Terminal: Terminal29	[MsgId: MERR-17999]
End auto log messages stack.	[MsgId: MMSG-10544]

Start auto log messages stack - Iteration 29.	[MsgId: MMSG-10545]
Action.c(697): Notify: Transaction "Report PrintTask Status Check" started.	[MsgId: MMSG-16999]
Action.c(699): Registering web_reg_save_param was successful  	[MsgId: MMSG-26390]
Action.c(704): Warning -26593: The header being added may cause unpredictable results when applied to all ensuing URLs. It is added anyway  	[MsgId: MWAR-26593]
Action.c(704): web_add_auto_header("content-type") highest severity level was "warning"  	[MsgId: MMSG-26391]
Action.c(706): web_custom_request("web_custom_request") was successful, 265 body bytes, 283 header bytes  	[MsgId: MMSG-26386]
Action.c(716): Notify: Transaction "Report PrintTask Status Check" ended with "Pass" status (Duration: 0.2937 Wasted Time: 0.0000).	[MsgId: MMSG-16871]
Action.c(718): PrintStatus-------,0	[MsgId: MMSG-17999]
Action.c(720): Compare Result-------,-4	[MsgId: MMSG-17999]
Action.c(724): lr_think_time: 5.00 seconds.	[MsgId: MMSG-15948]
Action.c(744): Notify: Transaction "Report  Print Task fail" started.	[MsgId: MMSG-16999]
Action.c(746): Error: The report task print failed! taskID: 4377404  From Terminal: Terminal28	[MsgId: MERR-17999]
End auto log messages stack.	[MsgId: MMSG-10544]

Start auto log messages stack - Iteration 30.	[MsgId: MMSG-10545]
Action.c(55): Notify: Transaction "Create New Patient" started.	[MsgId: MMSG-16999]
Action.c(58): web_custom_request("web_custom_request") was successful, 373 body bytes, 266 header bytes  	[MsgId: MMSG-26386]
Action.c(124): Notify: Transaction "Create New Patient" ended with "Pass" status (Duration: 0.6196 Wasted Time: 0.0000).	[MsgId: MMSG-16871]
Action.c(127): lr_think_time: 60.00 seconds.	[MsgId: MMSG-15948]
Action.c(220): Notify: Transaction "Notify File 100k" started.	[MsgId: MMSG-16999]
Action.c(225): Registering web_reg_save_param was successful  	[MsgId: MMSG-26390]
Action.c(230): web_custom_request("web_custom_request") was successful, 381 body bytes, 266 header bytes  	[MsgId: MMSG-26386]
Action.c(299): Notify: Transaction "Notify File 100k" ended with "Pass" status (Duration: 48.5190 Wasted Time: 0.0000).	[MsgId: MMSG-16871]
Action.c(305): lr_think_time: 60.00 seconds.	[MsgId: MMSG-15948]
Action.c(316): web_set_max_html_param_len was successful  	[MsgId: MMSG-26392]
Action.c(346): lr_think_time: 5.00 seconds.	[MsgId: MMSG-15948]
Action.c(358): Error: The report print status is not correct and Update the status by databse failed: the accessionnumber is  A20180613195321110 	[MsgId: MERR-17999]
End auto log messages stack.	[MsgId: MMSG-10544]

Start auto log messages stack - Iteration 31.	[MsgId: MMSG-10545]
Action.c(697): Notify: Transaction "Report PrintTask Status Check" started.	[MsgId: MMSG-16999]
Action.c(699): Registering web_reg_save_param was successful  	[MsgId: MMSG-26390]
Action.c(704): Warning -26593: The header being added may cause unpredictable results when applied to all ensuing URLs. It is added anyway  	[MsgId: MWAR-26593]
Action.c(704): web_add_auto_header("content-type") highest severity level was "warning"  	[MsgId: MMSG-26391]
Action.c(706): web_custom_request("web_custom_request") was successful, 265 body bytes, 283 header bytes  	[MsgId: MMSG-26386]
Action.c(716): Notify: Transaction "Report PrintTask Status Check" ended with "Pass" status (Duration: 0.2018 Wasted Time: 0.0000).	[MsgId: MMSG-16871]
Action.c(718): PrintStatus-------,0	[MsgId: MMSG-17999]
Action.c(720): Compare Result-------,-4	[MsgId: MMSG-17999]
Action.c(724): lr_think_time: 5.00 seconds.	[MsgId: MMSG-15948]
Action.c(744): Notify: Transaction "Report  Print Task fail" started.	[MsgId: MMSG-16999]
Action.c(746): Error: The report task print failed! taskID: 4377417  From Terminal: Terminal28	[MsgId: MERR-17999]
End auto log messages stack.	[MsgId: MMSG-10544]

Start auto log messages stack - Iteration 32.	[MsgId: MMSG-10545]
Action.c(697): Notify: Transaction "Report PrintTask Status Check" started.	[MsgId: MMSG-16999]
Action.c(699): Registering web_reg_save_param was successful  	[MsgId: MMSG-26390]
Action.c(704): Warning -26593: The header being added may cause unpredictable results when applied to all ensuing URLs. It is added anyway  	[MsgId: MWAR-26593]
Action.c(704): web_add_auto_header("content-type") highest severity level was "warning"  	[MsgId: MMSG-26391]
Action.c(706): web_custom_request("web_custom_request") was successful, 265 body bytes, 283 header bytes  	[MsgId: MMSG-26386]
Action.c(716): Notify: Transaction "Report PrintTask Status Check" ended with "Pass" status (Duration: 0.4431 Wasted Time: 0.0001).	[MsgId: MMSG-16871]
Action.c(718): PrintStatus-------,0	[MsgId: MMSG-17999]
Action.c(720): Compare Result-------,-4	[MsgId: MMSG-17999]
Action.c(724): lr_think_time: 5.00 seconds.	[MsgId: MMSG-15948]
Action.c(744): Notify: Transaction "Report  Print Task fail" started.	[MsgId: MMSG-16999]
Action.c(746): Error: The report task print failed! taskID: 4377435  From Terminal: Terminal29	[MsgId: MERR-17999]
End auto log messages stack.	[MsgId: MMSG-10544]

Start auto log messages stack - Iteration 33.	[MsgId: MMSG-10545]
Action.c(697): Notify: Transaction "Report PrintTask Status Check" started.	[MsgId: MMSG-16999]
Action.c(699): Registering web_reg_save_param was successful  	[MsgId: MMSG-26390]
Action.c(704): Warning -26593: The header being added may cause unpredictable results when applied to all ensuing URLs. It is added anyway  	[MsgId: MWAR-26593]
Action.c(704): web_add_auto_header("content-type") highest severity level was "warning"  	[MsgId: MMSG-26391]
Action.c(706): web_custom_request("web_custom_request") was successful, 265 body bytes, 283 header bytes  	[MsgId: MMSG-26386]
Action.c(716): Notify: Transaction "Report PrintTask Status Check" ended with "Pass" status (Duration: 0.2000 Wasted Time: 0.0000).	[MsgId: MMSG-16871]
Action.c(718): PrintStatus-------,0	[MsgId: MMSG-17999]
Action.c(720): Compare Result-------,-4	[MsgId: MMSG-17999]
Action.c(724): lr_think_time: 5.00 seconds.	[MsgId: MMSG-15948]
Action.c(744): Notify: Transaction "Report  Print Task fail" started.	[MsgId: MMSG-16999]
Action.c(746): Error: The report task print failed! taskID: 4377461  From Terminal: Terminal28	[MsgId: MERR-17999]
End auto log messages stack.	[MsgId: MMSG-10544]

Start auto log messages stack - Iteration 34.	[MsgId: MMSG-10545]
Action.c(471): web_add_auto_header("content-type") highest severity level was "warning"  	[MsgId: MMSG-26391]
Action.c(472): Warning -26377: No match found for the requested parameter "ReportPath". Check whether the requested boundaries exist in the response data. Also, if the data you want to save exceeds 809400 bytes, use web_set_max_html_param_len to increase the parameter size  	[MsgId: MWAR-26377]
Action.c(472): web_custom_request("Item_query") highest severity level was "warning", 401 body bytes, 283 header bytes  	[MsgId: MMSG-26388]
Action.c(483): Notify: Transaction "Report QueryFilmReportInfo" ended with "Pass" status (Duration: 32.7486 Wasted Time: 0.0000).	[MsgId: MMSG-16871]
Action.c(488): Notify: Transaction "Report GetReportPath_fail" started.	[MsgId: MMSG-16999]
Action.c(489): The accession number is A20180613202249137,Terminal29	[MsgId: MMSG-17999]
Action.c(490): Notify: Transaction "Report GetReportPath_fail" ended with "Pass" status (Duration: 0.0001).	[MsgId: MMSG-16873]
Action.c(498): Error: Try to get the report path or ID failed:Accession: A20180613202249137  Terminal:  Terminal29	[MsgId: MERR-17999]
End auto log messages stack.	[MsgId: MMSG-10544]

Start auto log messages stack - Iteration 35.	[MsgId: MMSG-10545]
Action.c(697): Notify: Transaction "Report PrintTask Status Check" started.	[MsgId: MMSG-16999]
Action.c(699): Registering web_reg_save_param was successful  	[MsgId: MMSG-26390]
Action.c(704): Warning -26593: The header being added may cause unpredictable results when applied to all ensuing URLs. It is added anyway  	[MsgId: MWAR-26593]
Action.c(704): web_add_auto_header("content-type") highest severity level was "warning"  	[MsgId: MMSG-26391]
Action.c(706): web_custom_request("web_custom_request") was successful, 265 body bytes, 283 header bytes  	[MsgId: MMSG-26386]
Action.c(716): Notify: Transaction "Report PrintTask Status Check" ended with "Pass" status (Duration: 0.2606 Wasted Time: 0.0000).	[MsgId: MMSG-16871]
Action.c(718): PrintStatus-------,0	[MsgId: MMSG-17999]
Action.c(720): Compare Result-------,-4	[MsgId: MMSG-17999]
Action.c(724): lr_think_time: 5.00 seconds.	[MsgId: MMSG-15948]
Action.c(744): Notify: Transaction "Report  Print Task fail" started.	[MsgId: MMSG-16999]
Action.c(746): Error: The report task print failed! taskID: 4377483  From Terminal: Terminal28	[MsgId: MERR-17999]
End auto log messages stack.	[MsgId: MMSG-10544]

Start auto log messages stack - Iteration 36.	[MsgId: MMSG-10545]
Action.c(697): Notify: Transaction "Report PrintTask Status Check" started.	[MsgId: MMSG-16999]
Action.c(699): Registering web_reg_save_param was successful  	[MsgId: MMSG-26390]
Action.c(704): Warning -26593: The header being added may cause unpredictable results when applied to all ensuing URLs. It is added anyway  	[MsgId: MWAR-26593]
Action.c(704): web_add_auto_header("content-type") highest severity level was "warning"  	[MsgId: MMSG-26391]
Action.c(706): web_custom_request("web_custom_request") was successful, 265 body bytes, 283 header bytes  	[MsgId: MMSG-26386]
Action.c(716): Notify: Transaction "Report PrintTask Status Check" ended with "Pass" status (Duration: 0.6740 Wasted Time: 0.0000).	[MsgId: MMSG-16871]
Action.c(718): PrintStatus-------,0	[MsgId: MMSG-17999]
Action.c(720): Compare Result-------,-4	[MsgId: MMSG-17999]
Action.c(724): lr_think_time: 5.00 seconds.	[MsgId: MMSG-15948]
Action.c(744): Notify: Transaction "Report  Print Task fail" started.	[MsgId: MMSG-16999]
Action.c(746): Error: The report task print failed! taskID: 4377491  From Terminal: Terminal29	[MsgId: MERR-17999]
End auto log messages stack.	[MsgId: MMSG-10544]

Start auto log messages stack - Iteration 37.	[MsgId: MMSG-10545]
Action.c(697): Notify: Transaction "Report PrintTask Status Check" started.	[MsgId: MMSG-16999]
Action.c(699): Registering web_reg_save_param was successful  	[MsgId: MMSG-26390]
Action.c(704): Warning -26593: The header being added may cause unpredictable results when applied to all ensuing URLs. It is added anyway  	[MsgId: MWAR-26593]
Action.c(704): web_add_auto_header("content-type") highest severity level was "warning"  	[MsgId: MMSG-26391]
Action.c(706): web_custom_request("web_custom_request") was successful, 265 body bytes, 283 header bytes  	[MsgId: MMSG-26386]
Action.c(716): Notify: Transaction "Report PrintTask Status Check" ended with "Pass" status (Duration: 0.0604 Wasted Time: 0.0000).	[MsgId: MMSG-16871]
Action.c(718): PrintStatus-------,0	[MsgId: MMSG-17999]
Action.c(720): Compare Result-------,-4	[MsgId: MMSG-17999]
Action.c(724): lr_think_time: 5.00 seconds.	[MsgId: MMSG-15948]
Action.c(744): Notify: Transaction "Report  Print Task fail" started.	[MsgId: MMSG-16999]
Action.c(746): Error: The report task print failed! taskID: 4377511  From Terminal: Terminal28	[MsgId: MERR-17999]
End auto log messages stack.	[MsgId: MMSG-10544]

Start auto log messages stack - Iteration 38.	[MsgId: MMSG-10545]
Action.c(55): Notify: Transaction "Create New Patient" started.	[MsgId: MMSG-16999]
Action.c(58): web_custom_request("web_custom_request") was successful, 373 body bytes, 266 header bytes  	[MsgId: MMSG-26386]
Action.c(124): Notify: Transaction "Create New Patient" ended with "Pass" status (Duration: 0.2007 Wasted Time: 0.0000).	[MsgId: MMSG-16871]
Action.c(127): lr_think_time: 60.00 seconds.	[MsgId: MMSG-15948]
Action.c(220): Notify: Transaction "Notify File 100k" started.	[MsgId: MMSG-16999]
Action.c(225): Registering web_reg_save_param was successful  	[MsgId: MMSG-26390]
Action.c(230): web_custom_request("web_custom_request") was successful, 381 body bytes, 266 header bytes  	[MsgId: MMSG-26386]
Action.c(299): Notify: Transaction "Notify File 100k" ended with "Pass" status (Duration: 42.6601 Wasted Time: 0.0000).	[MsgId: MMSG-16871]
Action.c(305): lr_think_time: 60.00 seconds.	[MsgId: MMSG-15948]
Action.c(316): web_set_max_html_param_len was successful  	[MsgId: MMSG-26392]
Action.c(346): lr_think_time: 5.00 seconds.	[MsgId: MMSG-15948]
Action.c(358): Error: The report print status is not correct and Update the status by databse failed: the accessionnumber is  A20180613205244900 	[MsgId: MERR-17999]
End auto log messages stack.	[MsgId: MMSG-10544]

Start auto log messages stack - Iteration 39.	[MsgId: MMSG-10545]
Action.c(471): web_add_auto_header("content-type") highest severity level was "warning"  	[MsgId: MMSG-26391]
Action.c(472): Warning -26377: No match found for the requested parameter "ReportPath". Check whether the requested boundaries exist in the response data. Also, if the data you want to save exceeds 809400 bytes, use web_set_max_html_param_len to increase the parameter size  	[MsgId: MWAR-26377]
Action.c(472): web_custom_request("Item_query") highest severity level was "warning", 401 body bytes, 283 header bytes  	[MsgId: MMSG-26388]
Action.c(483): Notify: Transaction "Report QueryFilmReportInfo" ended with "Pass" status (Duration: 67.1961 Wasted Time: 0.0000).	[MsgId: MMSG-16871]
Action.c(488): Notify: Transaction "Report GetReportPath_fail" started.	[MsgId: MMSG-16999]
Action.c(489): The accession number is A20180613205551100,Terminal28	[MsgId: MMSG-17999]
Action.c(490): Notify: Transaction "Report GetReportPath_fail" ended with "Pass" status (Duration: 0.0001).	[MsgId: MMSG-16873]
Action.c(498): Error: Try to get the report path or ID failed:Accession: A20180613205551100  Terminal:  Terminal28	[MsgId: MERR-17999]
End auto log messages stack.	[MsgId: MMSG-10544]

Start auto log messages stack - Iteration 40.	[MsgId: MMSG-10545]
Action.c(697): Notify: Transaction "Report PrintTask Status Check" started.	[MsgId: MMSG-16999]
Action.c(699): Registering web_reg_save_param was successful  	[MsgId: MMSG-26390]
Action.c(704): Warning -26593: The header being added may cause unpredictable results when applied to all ensuing URLs. It is added anyway  	[MsgId: MWAR-26593]
Action.c(704): web_add_auto_header("content-type") highest severity level was "warning"  	[MsgId: MMSG-26391]
Action.c(706): web_custom_request("web_custom_request") was successful, 265 body bytes, 283 header bytes  	[MsgId: MMSG-26386]
Action.c(716): Notify: Transaction "Report PrintTask Status Check" ended with "Pass" status (Duration: 0.1623 Wasted Time: 0.0000).	[MsgId: MMSG-16871]
Action.c(718): PrintStatus-------,0	[MsgId: MMSG-17999]
Action.c(720): Compare Result-------,-4	[MsgId: MMSG-17999]
Action.c(724): lr_think_time: 5.00 seconds.	[MsgId: MMSG-15948]
Action.c(744): Notify: Transaction "Report  Print Task fail" started.	[MsgId: MMSG-16999]
Action.c(746): Error: The report task print failed! taskID: 4377537  From Terminal: Terminal29	[MsgId: MERR-17999]
End auto log messages stack.	[MsgId: MMSG-10544]

Start auto log messages stack - Iteration 41.	[MsgId: MMSG-10545]
Action.c(471): web_add_auto_header("content-type") highest severity level was "warning"  	[MsgId: MMSG-26391]
Action.c(472): Warning -26377: No match found for the requested parameter "ReportPath". Check whether the requested boundaries exist in the response data. Also, if the data you want to save exceeds 809400 bytes, use web_set_max_html_param_len to increase the parameter size  	[MsgId: MWAR-26377]
Action.c(472): web_custom_request("Item_query") highest severity level was "warning", 401 body bytes, 283 header bytes  	[MsgId: MMSG-26388]
Action.c(483): Notify: Transaction "Report QueryFilmReportInfo" ended with "Pass" status (Duration: 1.9747 Wasted Time: 0.0000).	[MsgId: MMSG-16871]
Action.c(488): Notify: Transaction "Report GetReportPath_fail" started.	[MsgId: MMSG-16999]
Action.c(489): The accession number is A20180613211604613,Terminal28	[MsgId: MMSG-17999]
Action.c(490): Notify: Transaction "Report GetReportPath_fail" ended with "Pass" status (Duration: 0.0001).	[MsgId: MMSG-16873]
Action.c(498): Error: Try to get the report path or ID failed:Accession: A20180613211604613  Terminal:  Terminal28	[MsgId: MERR-17999]
End auto log messages stack.	[MsgId: MMSG-10544]

Start auto log messages stack - Iteration 42.	[MsgId: MMSG-10545]
Action.c(524): web_add_auto_header("content-type") highest severity level was "warning"  	[MsgId: MMSG-26391]
Action.c(525): Warning -26377: No match found for the requested parameter "ReportID". Check whether the requested boundaries exist in the response data. Also, if the data you want to save exceeds 809400 bytes, use web_set_max_html_param_len to increase the parameter size  	[MsgId: MWAR-26377]
Action.c(525): web_custom_request("Item_query") highest severity level was "warning", 401 body bytes, 283 header bytes  	[MsgId: MMSG-26388]
Action.c(537): Notify: Transaction "Report QueryFilmReportInfo" ended with "Pass" status (Duration: 38.0879 Wasted Time: 0.0000).	[MsgId: MMSG-16871]
Action.c(543): Notify: Transaction "Report GetReportID_fail" started.	[MsgId: MMSG-16999]
Action.c(544): The accession number is A20180613212732522,Terminal29	[MsgId: MMSG-17999]
Action.c(545): Notify: Transaction "Report GetReportID_fail" ended with "Pass" status (Duration: 0.0001).	[MsgId: MMSG-16873]
Action.c(553): Error: Try to get the report path or ID failed:Accession: A20180613212732522  Terminal:  Terminal29	[MsgId: MERR-17999]
End auto log messages stack.	[MsgId: MMSG-10544]

Start auto log messages stack - Iteration 43.	[MsgId: MMSG-10545]
Action.c(697): Notify: Transaction "Report PrintTask Status Check" started.	[MsgId: MMSG-16999]
Action.c(699): Registering web_reg_save_param was successful  	[MsgId: MMSG-26390]
Action.c(704): Warning -26593: The header being added may cause unpredictable results when applied to all ensuing URLs. It is added anyway  	[MsgId: MWAR-26593]
Action.c(704): web_add_auto_header("content-type") highest severity level was "warning"  	[MsgId: MMSG-26391]
Action.c(706): web_custom_request("web_custom_request") was successful, 265 body bytes, 283 header bytes  	[MsgId: MMSG-26386]
Action.c(716): Notify: Transaction "Report PrintTask Status Check" ended with "Pass" status (Duration: 0.2150 Wasted Time: 0.0000).	[MsgId: MMSG-16871]
Action.c(718): PrintStatus-------,0	[MsgId: MMSG-17999]
Action.c(720): Compare Result-------,-4	[MsgId: MMSG-17999]
Action.c(724): lr_think_time: 5.00 seconds.	[MsgId: MMSG-15948]
Action.c(744): Notify: Transaction "Report  Print Task fail" started.	[MsgId: MMSG-16999]
Action.c(746): Error: The report task print failed! taskID: 4377584  From Terminal: Terminal28	[MsgId: MERR-17999]
End auto log messages stack.	[MsgId: MMSG-10544]

Start auto log messages stack - Iteration 44.	[MsgId: MMSG-10545]
Action.c(471): web_add_auto_header("content-type") highest severity level was "warning"  	[MsgId: MMSG-26391]
Action.c(472): Warning -26377: No match found for the requested parameter "ReportPath". Check whether the requested boundaries exist in the response data. Also, if the data you want to save exceeds 809400 bytes, use web_set_max_html_param_len to increase the parameter size  	[MsgId: MWAR-26377]
Action.c(472): web_custom_request("Item_query") highest severity level was "warning", 401 body bytes, 283 header bytes  	[MsgId: MMSG-26388]
Action.c(483): Notify: Transaction "Report QueryFilmReportInfo" ended with "Pass" status (Duration: 67.0592 Wasted Time: 0.0001).	[MsgId: MMSG-16871]
Action.c(488): Notify: Transaction "Report GetReportPath_fail" started.	[MsgId: MMSG-16999]
Action.c(489): The accession number is A20180613215305411,Terminal29	[MsgId: MMSG-17999]
Action.c(490): Notify: Transaction "Report GetReportPath_fail" ended with "Pass" status (Duration: 0.0002).	[MsgId: MMSG-16873]
Action.c(498): Error: Try to get the report path or ID failed:Accession: A20180613215305411  Terminal:  Terminal29	[MsgId: MERR-17999]
End auto log messages stack.	[MsgId: MMSG-10544]

Start auto log messages stack - Iteration 45.	[MsgId: MMSG-10545]
Action.c(471): web_add_auto_header("content-type") highest severity level was "warning"  	[MsgId: MMSG-26391]
Action.c(472): Warning -26377: No match found for the requested parameter "ReportPath". Check whether the requested boundaries exist in the response data. Also, if the data you want to save exceeds 809400 bytes, use web_set_max_html_param_len to increase the parameter size  	[MsgId: MWAR-26377]
Action.c(472): web_custom_request("Item_query") highest severity level was "warning", 401 body bytes, 283 header bytes  	[MsgId: MMSG-26388]
Action.c(483): Notify: Transaction "Report QueryFilmReportInfo" ended with "Pass" status (Duration: 31.2115 Wasted Time: 0.0000).	[MsgId: MMSG-16871]
Action.c(488): Notify: Transaction "Report GetReportPath_fail" started.	[MsgId: MMSG-16999]
Action.c(489): The accession number is A20180613220404006,Terminal28	[MsgId: MMSG-17999]
Action.c(490): Notify: Transaction "Report GetReportPath_fail" ended with "Pass" status (Duration: 0.0001).	[MsgId: MMSG-16873]
Action.c(498): Error: Try to get the report path or ID failed:Accession: A20180613220404006  Terminal:  Terminal28	[MsgId: MERR-17999]
End auto log messages stack.	[MsgId: MMSG-10544]

Start auto log messages stack - Iteration 46.	[MsgId: MMSG-10545]
Action.c(697): Notify: Transaction "Report PrintTask Status Check" started.	[MsgId: MMSG-16999]
Action.c(699): Registering web_reg_save_param was successful  	[MsgId: MMSG-26390]
Action.c(704): Warning -26593: The header being added may cause unpredictable results when applied to all ensuing URLs. It is added anyway  	[MsgId: MWAR-26593]
Action.c(704): web_add_auto_header("content-type") highest severity level was "warning"  	[MsgId: MMSG-26391]
Action.c(706): web_custom_request("web_custom_request") was successful, 265 body bytes, 283 header bytes  	[MsgId: MMSG-26386]
Action.c(716): Notify: Transaction "Report PrintTask Status Check" ended with "Pass" status (Duration: 0.2028).	[MsgId: MMSG-16873]
Action.c(718): PrintStatus-------,0	[MsgId: MMSG-17999]
Action.c(720): Compare Result-------,-4	[MsgId: MMSG-17999]
Action.c(724): lr_think_time: 5.00 seconds.	[MsgId: MMSG-15948]
Action.c(744): Notify: Transaction "Report  Print Task fail" started.	[MsgId: MMSG-16999]
Action.c(746): Error: The report task print failed! taskID: 4377610  From Terminal: Terminal29	[MsgId: MERR-17999]
End auto log messages stack.	[MsgId: MMSG-10544]

Start auto log messages stack - Iteration 47.	[MsgId: MMSG-10545]
Action.c(697): Notify: Transaction "Report PrintTask Status Check" started.	[MsgId: MMSG-16999]
Action.c(699): Registering web_reg_save_param was successful  	[MsgId: MMSG-26390]
Action.c(704): Warning -26593: The header being added may cause unpredictable results when applied to all ensuing URLs. It is added anyway  	[MsgId: MWAR-26593]
Action.c(704): web_add_auto_header("content-type") highest severity level was "warning"  	[MsgId: MMSG-26391]
Action.c(706): web_custom_request("web_custom_request") was successful, 265 body bytes, 283 header bytes  	[MsgId: MMSG-26386]
Action.c(716): Notify: Transaction "Report PrintTask Status Check" ended with "Pass" status (Duration: 0.8736).	[MsgId: MMSG-16873]
Action.c(718): PrintStatus-------,0	[MsgId: MMSG-17999]
Action.c(720): Compare Result-------,-4	[MsgId: MMSG-17999]
Action.c(724): lr_think_time: 5.00 seconds.	[MsgId: MMSG-15948]
Action.c(744): Notify: Transaction "Report  Print Task fail" started.	[MsgId: MMSG-16999]
Action.c(746): Error: The report task print failed! taskID: 4377627  From Terminal: Terminal28	[MsgId: MERR-17999]
End auto log messages stack.	[MsgId: MMSG-10544]

Start auto log messages stack - Iteration 48.	[MsgId: MMSG-10545]
Action.c(471): web_add_auto_header("content-type") highest severity level was "warning"  	[MsgId: MMSG-26391]
Action.c(472): Warning -26377: No match found for the requested parameter "ReportPath". Check whether the requested boundaries exist in the response data. Also, if the data you want to save exceeds 809400 bytes, use web_set_max_html_param_len to increase the parameter size  	[MsgId: MWAR-26377]
Action.c(472): web_custom_request("Item_query") highest severity level was "warning", 401 body bytes, 283 header bytes  	[MsgId: MMSG-26388]
Action.c(483): Notify: Transaction "Report QueryFilmReportInfo" ended with "Pass" status (Duration: 61.5733).	[MsgId: MMSG-16873]
Action.c(488): Notify: Transaction "Report GetReportPath_fail" started.	[MsgId: MMSG-16999]
Action.c(489): The accession number is A20180613223153619,Terminal29	[MsgId: MMSG-17999]
Action.c(490): Notify: Transaction "Report GetReportPath_fail" ended with "Pass" status (Duration: 0.0000).	[MsgId: MMSG-16873]
Action.c(498): Error: Try to get the report path or ID failed:Accession: A20180613223153619  Terminal:  Terminal29	[MsgId: MERR-17999]
End auto log messages stack.	[MsgId: MMSG-10544]

Start auto log messages stack - Iteration 49.	[MsgId: MMSG-10545]
Action.c(697): Notify: Transaction "Report PrintTask Status Check" started.	[MsgId: MMSG-16999]
Action.c(699): Registering web_reg_save_param was successful  	[MsgId: MMSG-26390]
Action.c(704): Warning -26593: The header being added may cause unpredictable results when applied to all ensuing URLs. It is added anyway  	[MsgId: MWAR-26593]
Action.c(704): web_add_auto_header("content-type") highest severity level was "warning"  	[MsgId: MMSG-26391]
Action.c(706): web_custom_request("web_custom_request") was successful, 265 body bytes, 283 header bytes  	[MsgId: MMSG-26386]
Action.c(716): Notify: Transaction "Report PrintTask Status Check" ended with "Pass" status (Duration: 3.0888).	[MsgId: MMSG-16873]
Action.c(718): PrintStatus-------,0	[MsgId: MMSG-17999]
Action.c(720): Compare Result-------,-4	[MsgId: MMSG-17999]
Action.c(724): lr_think_time: 5.00 seconds.	[MsgId: MMSG-15948]
Action.c(744): Notify: Transaction "Report  Print Task fail" started.	[MsgId: MMSG-16999]
Action.c(746): Error: The report task print failed! taskID: 4377646  From Terminal: Terminal28	[MsgId: MERR-17999]
End auto log messages stack.	[MsgId: MMSG-10544]

Start auto log messages stack - Iteration 50.	[MsgId: MMSG-10545]
Action.c(697): Notify: Transaction "Report PrintTask Status Check" started.	[MsgId: MMSG-16999]
Action.c(699): Registering web_reg_save_param was successful  	[MsgId: MMSG-26390]
Action.c(704): Warning -26593: The header being added may cause unpredictable results when applied to all ensuing URLs. It is added anyway  	[MsgId: MWAR-26593]
Action.c(704): web_add_auto_header("content-type") highest severity level was "warning"  	[MsgId: MMSG-26391]
Action.c(706): web_custom_request("web_custom_request") was successful, 265 body bytes, 283 header bytes  	[MsgId: MMSG-26386]
Action.c(716): Notify: Transaction "Report PrintTask Status Check" ended with "Pass" status (Duration: 1.6692).	[MsgId: MMSG-16873]
Action.c(718): PrintStatus-------,0	[MsgId: MMSG-17999]
Action.c(720): Compare Result-------,-4	[MsgId: MMSG-17999]
Action.c(724): lr_think_time: 5.00 seconds.	[MsgId: MMSG-15948]
Action.c(744): Notify: Transaction "Report  Print Task fail" started.	[MsgId: MMSG-16999]
Action.c(746): Error: The report task print failed! taskID: 4377658  From Terminal: Terminal29	[MsgId: MERR-17999]
End auto log messages stack.	[MsgId: MMSG-10544]

Start auto log messages stack - Iteration 51.	[MsgId: MMSG-10545]
Action.c(697): Notify: Transaction "Report PrintTask Status Check" started.	[MsgId: MMSG-16999]
Action.c(699): Registering web_reg_save_param was successful  	[MsgId: MMSG-26390]
Action.c(704): Warning -26593: The header being added may cause unpredictable results when applied to all ensuing URLs. It is added anyway  	[MsgId: MWAR-26593]
Action.c(704): web_add_auto_header("content-type") highest severity level was "warning"  	[MsgId: MMSG-26391]
Action.c(706): web_custom_request("web_custom_request") was successful, 265 body bytes, 283 header bytes  	[MsgId: MMSG-26386]
Action.c(716): Notify: Transaction "Report PrintTask Status Check" ended with "Pass" status (Duration: 0.1560).	[MsgId: MMSG-16873]
Action.c(718): PrintStatus-------,0	[MsgId: MMSG-17999]
Action.c(720): Compare Result-------,-4	[MsgId: MMSG-17999]
Action.c(724): lr_think_time: 5.00 seconds.	[MsgId: MMSG-15948]
Action.c(744): Notify: Transaction "Report  Print Task fail" started.	[MsgId: MMSG-16999]
Action.c(746): Error: The report task print failed! taskID: 4377672  From Terminal: Terminal28	[MsgId: MERR-17999]
End auto log messages stack.	[MsgId: MMSG-10544]

Start auto log messages stack - Iteration 52.	[MsgId: MMSG-10545]
Action.c(471): web_add_auto_header("content-type") highest severity level was "warning"  	[MsgId: MMSG-26391]
Action.c(472): Warning -26377: No match found for the requested parameter "ReportPath". Check whether the requested boundaries exist in the response data. Also, if the data you want to save exceeds 809400 bytes, use web_set_max_html_param_len to increase the parameter size  	[MsgId: MWAR-26377]
Action.c(472): web_custom_request("Item_query") highest severity level was "warning", 401 body bytes, 283 header bytes  	[MsgId: MMSG-26388]
Action.c(483): Notify: Transaction "Report QueryFilmReportInfo" ended with "Pass" status (Duration: 66.0817).	[MsgId: MMSG-16873]
Action.c(488): Notify: Transaction "Report GetReportPath_fail" started.	[MsgId: MMSG-16999]
Action.c(489): The accession number is A20180613230808047,Terminal29	[MsgId: MMSG-17999]
Action.c(490): Notify: Transaction "Report GetReportPath_fail" ended with "Pass" status (Duration: 0.0000).	[MsgId: MMSG-16873]
Action.c(498): Error: Try to get the report path or ID failed:Accession: A20180613230808047  Terminal:  Terminal29	[MsgId: MERR-17999]
End auto log messages stack.	[MsgId: MMSG-10544]

Start auto log messages stack - Iteration 53.	[MsgId: MMSG-10545]
Action.c(55): Notify: Transaction "Create New Patient" started.	[MsgId: MMSG-16999]
Action.c(58): web_custom_request("web_custom_request") was successful, 373 body bytes, 266 header bytes  	[MsgId: MMSG-26386]
Action.c(124): Notify: Transaction "Create New Patient" ended with "Pass" status (Duration: 0.6240).	[MsgId: MMSG-16873]
Action.c(127): lr_think_time: 60.00 seconds.	[MsgId: MMSG-15948]
Action.c(220): Notify: Transaction "Notify File 100k" started.	[MsgId: MMSG-16999]
Action.c(225): Registering web_reg_save_param was successful  	[MsgId: MMSG-26390]
Action.c(230): web_custom_request("web_custom_request") was successful, 381 body bytes, 266 header bytes  	[MsgId: MMSG-26386]
Action.c(299): Notify: Transaction "Notify File 100k" ended with "Pass" status (Duration: 33.9613).	[MsgId: MMSG-16873]
Action.c(305): lr_think_time: 60.00 seconds.	[MsgId: MMSG-15948]
Action.c(316): web_set_max_html_param_len was successful  	[MsgId: MMSG-26392]
Action.c(346): lr_think_time: 5.00 seconds.	[MsgId: MMSG-15948]
Action.c(358): Error: The report print status is not correct and Update the status by databse failed: the accessionnumber is  A20180613232229340 	[MsgId: MERR-17999]
End auto log messages stack.	[MsgId: MMSG-10544]

Start auto log messages stack - Iteration 54.	[MsgId: MMSG-10545]
Action.c(697): Notify: Transaction "Report PrintTask Status Check" started.	[MsgId: MMSG-16999]
Action.c(699): Registering web_reg_save_param was successful  	[MsgId: MMSG-26390]
Action.c(704): Warning -26593: The header being added may cause unpredictable results when applied to all ensuing URLs. It is added anyway  	[MsgId: MWAR-26593]
Action.c(704): web_add_auto_header("content-type") highest severity level was "warning"  	[MsgId: MMSG-26391]
Action.c(706): web_custom_request("web_custom_request") was successful, 265 body bytes, 283 header bytes  	[MsgId: MMSG-26386]
Action.c(716): Notify: Transaction "Report PrintTask Status Check" ended with "Pass" status (Duration: 0.1716).	[MsgId: MMSG-16873]
Action.c(718): PrintStatus-------,0	[MsgId: MMSG-17999]
Action.c(720): Compare Result-------,-4	[MsgId: MMSG-17999]
Action.c(724): lr_think_time: 5.00 seconds.	[MsgId: MMSG-15948]
Action.c(744): Notify: Transaction "Report  Print Task fail" started.	[MsgId: MMSG-16999]
Action.c(746): Error: The report task print failed! taskID: 4377700  From Terminal: Terminal29	[MsgId: MERR-17999]
End auto log messages stack.	[MsgId: MMSG-10544]

Start auto log messages stack - Iteration 55.	[MsgId: MMSG-10545]
Action.c(697): Notify: Transaction "Report PrintTask Status Check" started.	[MsgId: MMSG-16999]
Action.c(699): Registering web_reg_save_param was successful  	[MsgId: MMSG-26390]
Action.c(704): Warning -26593: The header being added may cause unpredictable results when applied to all ensuing URLs. It is added anyway  	[MsgId: MWAR-26593]
Action.c(704): web_add_auto_header("content-type") highest severity level was "warning"  	[MsgId: MMSG-26391]
Action.c(706): web_custom_request("web_custom_request") was successful, 265 body bytes, 283 header bytes  	[MsgId: MMSG-26386]
Action.c(716): Notify: Transaction "Report PrintTask Status Check" ended with "Pass" status (Duration: 0.4212).	[MsgId: MMSG-16873]
Action.c(718): PrintStatus-------,0	[MsgId: MMSG-17999]
Action.c(720): Compare Result-------,-4	[MsgId: MMSG-17999]
Action.c(724): lr_think_time: 5.00 seconds.	[MsgId: MMSG-15948]
Action.c(744): Notify: Transaction "Report  Print Task fail" started.	[MsgId: MMSG-16999]
Action.c(746): Error: The report task print failed! taskID: 4377721  From Terminal: Terminal28	[MsgId: MERR-17999]
End auto log messages stack.	[MsgId: MMSG-10544]

Start auto log messages stack - Iteration 56.	[MsgId: MMSG-10545]
Starting action Action.	[MsgId: MMSG-15919]
Action.c(48): The value is: c877346d-cc66-4b94-9e11-5edf57870f8d	[MsgId: MMSG-17999]
Action.c(53): Registering web_reg_save_param was successful  	[MsgId: MMSG-26390]
Action.c(55): Notify: Transaction "Create New Patient" started.	[MsgId: MMSG-16999]
Action.c(58): web_custom_request("web_custom_request") was successful, 373 body bytes, 266 header bytes  	[MsgId: MMSG-26386]
Action.c(124): Notify: Transaction "Create New Patient" ended with "Pass" status (Duration: 0.6084).	[MsgId: MMSG-16873]
Action.c(127): lr_think_time: 60.00 seconds.	[MsgId: MMSG-15948]
Action.c(220): Notify: Transaction "Notify File 100k" started.	[MsgId: MMSG-16999]
Action.c(225): Registering web_reg_save_param was successful  	[MsgId: MMSG-26390]
Action.c(230): Continuing after Error -27728: Step download timeout (120 seconds) has expired  	[MsgId: MERR-27728]
End auto log messages stack.	[MsgId: MMSG-10544]

Start auto log messages stack - Iteration 56.	[MsgId: MMSG-10545]
Action.c(230): Aborting pending download of URL="http://10.184.129.108/NotifyServer/NotifyService.asmx"  	[MsgId: MMSG-27656]
Action.c(230): Continuing after Error -26377: No match found for the requested parameter "ServiceResult". Check whether the requested boundaries exist in the response data. Also, if the data you want to save exceeds 809400 bytes, use web_set_max_html_param_len to increase the parameter size  	[MsgId: MERR-26377]
Action.c(230): Continuing after Error -26374: The above "not found" error(s) may be explained by header and body byte counts being 0 and 0, respectively.  	[MsgId: MERR-26374]
End auto log messages stack.	[MsgId: MMSG-10544]

Start auto log messages stack - Iteration 56.	[MsgId: MMSG-10545]
Action.c(230): web_custom_request("web_custom_request") highest severity level was "continue on error", 0 body bytes, 0 header bytes  	[MsgId: MMSG-26388]
Action.c(230): Continuing after error in Vuser script.	[MsgId: MMSG-10678]
Action.c(293): Error: Add patient reports failed by using NotifyReportFile service, please reference the service is works well or not. The accn is   A20180613233922983	[MsgId: MERR-17999]
End auto log messages stack.	[MsgId: MMSG-10544]

Start auto log messages stack - Iteration 57.	[MsgId: MMSG-10545]
Starting action Action.	[MsgId: MMSG-15919]
Action.c(48): The value is: 9808d438-0577-4b6c-bdb2-6580ec87aa9a	[MsgId: MMSG-17999]
Action.c(53): Registering web_reg_save_param was successful  	[MsgId: MMSG-26390]
Action.c(55): Notify: Transaction "Create New Patient" started.	[MsgId: MMSG-16999]
Action.c(58): web_custom_request("web_custom_request") was successful, 373 body bytes, 266 header bytes  	[MsgId: MMSG-26386]
Action.c(124): Notify: Transaction "Create New Patient" ended with "Pass" status (Duration: 0.6084).	[MsgId: MMSG-16873]
Action.c(127): lr_think_time: 60.00 seconds.	[MsgId: MMSG-15948]
Action.c(220): Error: Cannot start transaction "Notify File 100k". This Vuser already started a transaction with the same name, and has not yet processed the corresponding lr_end_transaction statement.	[MsgId: MERR-16993]
End auto log messages stack.	[MsgId: MMSG-10544]

Start auto log messages stack - Iteration 57.	[MsgId: MMSG-10545]
Action.c(471): web_add_auto_header("content-type") highest severity level was "warning"  	[MsgId: MMSG-26391]
Action.c(472): Warning -26377: No match found for the requested parameter "ReportPath". Check whether the requested boundaries exist in the response data. Also, if the data you want to save exceeds 809400 bytes, use web_set_max_html_param_len to increase the parameter size  	[MsgId: MWAR-26377]
Action.c(472): web_custom_request("Item_query") highest severity level was "warning", 401 body bytes, 283 header bytes  	[MsgId: MMSG-26388]
Action.c(483): Notify: Transaction "Report QueryFilmReportInfo" ended with "Pass" status (Duration: 47.5489).	[MsgId: MMSG-16873]
Action.c(488): Notify: Transaction "Report GetReportPath_fail" started.	[MsgId: MMSG-16999]
Action.c(489): The accession number is A20180613234238654,Terminal28	[MsgId: MMSG-17999]
Action.c(490): Notify: Transaction "Report GetReportPath_fail" ended with "Pass" status (Duration: 0.0000).	[MsgId: MMSG-16873]
Action.c(498): Error: Try to get the report path or ID failed:Accession: A20180613234238654  Terminal:  Terminal28	[MsgId: MERR-17999]
End auto log messages stack.	[MsgId: MMSG-10544]

Start auto log messages stack - Iteration 58.	[MsgId: MMSG-10545]
Action.c(471): web_add_auto_header("content-type") highest severity level was "warning"  	[MsgId: MMSG-26391]
Action.c(472): Warning -26377: No match found for the requested parameter "ReportPath". Check whether the requested boundaries exist in the response data. Also, if the data you want to save exceeds 809400 bytes, use web_set_max_html_param_len to increase the parameter size  	[MsgId: MWAR-26377]
Action.c(472): web_custom_request("Item_query") highest severity level was "warning", 401 body bytes, 283 header bytes  	[MsgId: MMSG-26388]
Action.c(483): Notify: Transaction "Report QueryFilmReportInfo" ended with "Pass" status (Duration: 67.6261).	[MsgId: MMSG-16873]
Action.c(488): Notify: Transaction "Report GetReportPath_fail" started.	[MsgId: MMSG-16999]
Action.c(489): The accession number is A20180613235115920,Terminal29	[MsgId: MMSG-17999]
Action.c(490): Notify: Transaction "Report GetReportPath_fail" ended with "Pass" status (Duration: 0.0000).	[MsgId: MMSG-16873]
Action.c(498): Error: Try to get the report path or ID failed:Accession: A20180613235115920  Terminal:  Terminal29	[MsgId: MERR-17999]
End auto log messages stack.	[MsgId: MMSG-10544]

Start auto log messages stack - Iteration 59.	[MsgId: MMSG-10545]
Action.c(697): Notify: Transaction "Report PrintTask Status Check" started.	[MsgId: MMSG-16999]
Action.c(699): Registering web_reg_save_param was successful  	[MsgId: MMSG-26390]
Action.c(704): Warning -26593: The header being added may cause unpredictable results when applied to all ensuing URLs. It is added anyway  	[MsgId: MWAR-26593]
Action.c(704): web_add_auto_header("content-type") highest severity level was "warning"  	[MsgId: MMSG-26391]
Action.c(706): web_custom_request("web_custom_request") was successful, 265 body bytes, 283 header bytes  	[MsgId: MMSG-26386]
Action.c(716): Notify: Transaction "Report PrintTask Status Check" ended with "Pass" status (Duration: 2.6520).	[MsgId: MMSG-16873]
Action.c(718): PrintStatus-------,0	[MsgId: MMSG-17999]
Action.c(720): Compare Result-------,-4	[MsgId: MMSG-17999]
Action.c(724): lr_think_time: 5.00 seconds.	[MsgId: MMSG-15948]
Action.c(744): Notify: Transaction "Report  Print Task fail" started.	[MsgId: MMSG-16999]
Action.c(746): Error: The report task print failed! taskID: 4377768  From Terminal: Terminal28	[MsgId: MERR-17999]
End auto log messages stack.	[MsgId: MMSG-10544]

Start auto log messages stack - Iteration 60.	[MsgId: MMSG-10545]
Action.c(489): The accession number is A20180614001559669,Terminal29	[MsgId: MMSG-17999]
Action.c(490): Notify: Transaction "Report GetReportPath_fail" ended with "Pass" status (Duration: 0.0000).	[MsgId: MMSG-16873]
Action.c(460): lr_think_time: 6.00 seconds.	[MsgId: MMSG-15948]
Action.c(463): Registering web_reg_save_param was successful  	[MsgId: MMSG-26390]
Action.c(469): Notify: Transaction "Report QueryFilmReportInfo" started.	[MsgId: MMSG-16999]
Action.c(471): Warning -26593: The header being added may cause unpredictable results when applied to all ensuing URLs. It is added anyway  	[MsgId: MWAR-26593]
Action.c(471): web_add_auto_header("content-type") highest severity level was "warning"  	[MsgId: MMSG-26391]
Action.c(472): web_custom_request("Item_query") was successful, 1012 body bytes, 284 header bytes  	[MsgId: MMSG-26386]
Action.c(483): Notify: Transaction "Report QueryFilmReportInfo" ended with "Pass" status (Duration: 25.2408).	[MsgId: MMSG-16873]
Action.c(498): Error: Try to get the report path or ID failed:Accession: A20180614001559669  Terminal:  Terminal29	[MsgId: MERR-17999]
End auto log messages stack.	[MsgId: MMSG-10544]

Start auto log messages stack - Iteration 61.	[MsgId: MMSG-10545]
Action.c(697): Notify: Transaction "Report PrintTask Status Check" started.	[MsgId: MMSG-16999]
Action.c(699): Registering web_reg_save_param was successful  	[MsgId: MMSG-26390]
Action.c(704): Warning -26593: The header being added may cause unpredictable results when applied to all ensuing URLs. It is added anyway  	[MsgId: MWAR-26593]
Action.c(704): web_add_auto_header("content-type") highest severity level was "warning"  	[MsgId: MMSG-26391]
Action.c(706): web_custom_request("web_custom_request") was successful, 265 body bytes, 283 header bytes  	[MsgId: MMSG-26386]
Action.c(716): Notify: Transaction "Report PrintTask Status Check" ended with "Pass" status (Duration: 0.1092).	[MsgId: MMSG-16873]
Action.c(718): PrintStatus-------,0	[MsgId: MMSG-17999]
Action.c(720): Compare Result-------,-4	[MsgId: MMSG-17999]
Action.c(724): lr_think_time: 5.00 seconds.	[MsgId: MMSG-15948]
Action.c(744): Notify: Transaction "Report  Print Task fail" started.	[MsgId: MMSG-16999]
Action.c(746): Error: The report task print failed! taskID: 4377779  From Terminal: Terminal28	[MsgId: MERR-17999]
End auto log messages stack.	[MsgId: MMSG-10544]

Start auto log messages stack - Iteration 62.	[MsgId: MMSG-10545]
Action.c(697): Notify: Transaction "Report PrintTask Status Check" started.	[MsgId: MMSG-16999]
Action.c(699): Registering web_reg_save_param was successful  	[MsgId: MMSG-26390]
Action.c(704): Warning -26593: The header being added may cause unpredictable results when applied to all ensuing URLs. It is added anyway  	[MsgId: MWAR-26593]
Action.c(704): web_add_auto_header("content-type") highest severity level was "warning"  	[MsgId: MMSG-26391]
Action.c(706): web_custom_request("web_custom_request") was successful, 265 body bytes, 283 header bytes  	[MsgId: MMSG-26386]
Action.c(716): Notify: Transaction "Report PrintTask Status Check" ended with "Pass" status (Duration: 0.1872).	[MsgId: MMSG-16873]
Action.c(718): PrintStatus-------,0	[MsgId: MMSG-17999]
Action.c(720): Compare Result-------,-4	[MsgId: MMSG-17999]
Action.c(724): lr_think_time: 5.00 seconds.	[MsgId: MMSG-15948]
Action.c(744): Notify: Transaction "Report  Print Task fail" started.	[MsgId: MMSG-16999]
Action.c(746): Error: The report task print failed! taskID: 4377799  From Terminal: Terminal29	[MsgId: MERR-17999]
End auto log messages stack.	[MsgId: MMSG-10544]

Start auto log messages stack - Iteration 63.	[MsgId: MMSG-10545]
Action.c(471): web_add_auto_header("content-type") highest severity level was "warning"  	[MsgId: MMSG-26391]
Action.c(472): Warning -26377: No match found for the requested parameter "ReportPath". Check whether the requested boundaries exist in the response data. Also, if the data you want to save exceeds 809400 bytes, use web_set_max_html_param_len to increase the parameter size  	[MsgId: MWAR-26377]
Action.c(472): web_custom_request("Item_query") highest severity level was "warning", 401 body bytes, 283 header bytes  	[MsgId: MMSG-26388]
Action.c(483): Notify: Transaction "Report QueryFilmReportInfo" ended with "Pass" status (Duration: 37.1593).	[MsgId: MMSG-16873]
Action.c(488): Notify: Transaction "Report GetReportPath_fail" started.	[MsgId: MMSG-16999]
Action.c(489): The accession number is A20180614004020474,Terminal28	[MsgId: MMSG-17999]
Action.c(490): Notify: Transaction "Report GetReportPath_fail" ended with "Pass" status (Duration: 0.0000).	[MsgId: MMSG-16873]
Action.c(498): Error: Try to get the report path or ID failed:Accession: A20180614004020474  Terminal:  Terminal28	[MsgId: MERR-17999]
End auto log messages stack.	[MsgId: MMSG-10544]

