Start auto log messages stack - Iteration 722.	[MsgId: MMSG-10545]
Start auto log messages stack - Iteration 719.	[MsgId: MMSG-10545]
B_Patient_ReportOperation_Query.c(51): Notify: Transaction "Report Create Paper report" started.	[MsgId: MMSG-16999]
B_Patient_ReportOperation_Query.c(53): web_custom_request("Create_PaperReport") started  	[MsgId: MMSG-26355]
B_Patient_ReportOperation_Query.c(53): web_custom_request("Create_PaperReport") was successful, 377 body bytes, 230 header bytes  	[MsgId: MMSG-26386]
B_Patient_ReportOperation_Query.c(69): Notify: Transaction "Report Create Paper report" ended with a "Pass" status (Duration: 2.5958 Wasted Time: 0.0000).	[MsgId: MMSG-16871]
B_Patient_ReportOperation_Query.c(51): Notify: Transaction "Report Create Paper report" started.	[MsgId: MMSG-16999]
B_Patient_ReportOperation_Query.c(72): web_get_int_property started  	[MsgId: MMSG-26355]
B_Patient_ReportOperation_Query.c(72): web_get_int_property was successful  	[MsgId: MMSG-26392]
B_Patient_ReportOperation_Query.c(84): Error: PS Synchronize Create Paper report failed. The http response content is not true!	[MsgId: MERR-17999]
B_Patient_ReportOperation_Query.c(53): web_custom_request("Create_PaperReport") started  	[MsgId: MMSG-26355]
B_Patient_ReportOperation_Query.c(53): web_custom_request("Create_PaperReport") was successful, 377 body bytes, 230 header bytes  	[MsgId: MMSG-26386]
B_Patient_ReportOperation_Query.c(69): Notify: Transaction "Report Create Paper report" ended with a "Pass" status (Duration: 2.4453 Wasted Time: 0.0000).	[MsgId: MMSG-16871]
End auto log messages stack.	[MsgId: MMSG-10544]


B_Patient_ReportOperation_Query.c(72): web_get_int_property started  	[MsgId: MMSG-26355]
B_Patient_ReportOperation_Query.c(72): web_get_int_property was successful  	[MsgId: MMSG-26392]
B_Patient_ReportOperation_Query.c(84): Error: PS Synchronize Create Paper report failed. The http response content is not true!	[MsgId: MERR-17999]
End auto log messages stack.	[MsgId: MMSG-10544]


Start auto log messages stack - Iteration 703.	[MsgId: MMSG-10545]
B_Patient_ReportOperation_Query.c(51): Notify: Transaction "Report Create Paper report" started.	[MsgId: MMSG-16999]
B_Patient_ReportOperation_Query.c(53): web_custom_request("Create_PaperReport") started  	[MsgId: MMSG-26355]
B_Patient_ReportOperation_Query.c(53): web_custom_request("Create_PaperReport") was successful, 377 body bytes, 230 header bytes  	[MsgId: MMSG-26386]
B_Patient_ReportOperation_Query.c(69): Notify: Transaction "Report Create Paper report" ended with a "Pass" status (Duration: 2.3546 Wasted Time: 0.0000).	[MsgId: MMSG-16871]
B_Patient_ReportOperation_Query.c(72): web_get_int_property started  	[MsgId: MMSG-26355]
B_Patient_ReportOperation_Query.c(72): web_get_int_property was successful  	[MsgId: MMSG-26392]
B_Patient_ReportOperation_Query.c(84): Error: PS Synchronize Create Paper report failed. The http response content is not true!	[MsgId: MERR-17999]
End auto log messages stack.	[MsgId: MMSG-10544]


Start auto log messages stack - Iteration 718.	[MsgId: MMSG-10545]
Starting action A_Patient_Register.	[MsgId: MMSG-15919]
A_Patient_Register.c(19): web_set_max_html_param_len started  	[MsgId: MMSG-26355]
A_Patient_Register.c(19): web_set_max_html_param_len was successful  	[MsgId: MMSG-26392]
A_Patient_Register.c(36): web_reg_save_param started  	[MsgId: MMSG-26355]
A_Patient_Register.c(36): Registering web_reg_save_param was successful  	[MsgId: MMSG-26390]
A_Patient_Register.c(38): Notify: Transaction "Patient operations_ Get2DCodeImage" started.	[MsgId: MMSG-16999]
A_Patient_Register.c(40): web_custom_request("Get2DCodeImage") started  	[MsgId: MMSG-26355]
A_Patient_Register.c(40): Continuing after Error -26377: No match found for the requested parameter "Get2DCodeImageResult". Either the specified boundaries were not found in the response or the matched text is longer than current max html parameter size of 10240 bytes. The total length of the response is 300 bytes. You can use "web_set_max_html_param_len" to increase the max parameter size.  	[MsgId: MERR-26377]
End auto log messages stack.	[MsgId: MMSG-10544]


Start auto log messages stack - Iteration 718.	[MsgId: MMSG-10545]
A_Patient_Register.c(40): web_custom_request("Get2DCodeImage") highest severity level was "continue on error", 300 body bytes, 230 header bytes  	[MsgId: MMSG-26388]
A_Patient_Register.c(40): Continuing after error in Vuser script.	[MsgId: MMSG-10678]
A_Patient_Register.c(53): web_get_int_property started  	[MsgId: MMSG-26355]
A_Patient_Register.c(53): web_get_int_property was successful  	[MsgId: MMSG-26392]
A_Patient_Register.c(68): Error: Get2DCodeImage from CS operations failed. The http response content size is 0!	[MsgId: MERR-17999]
End auto log messages stack.	[MsgId: MMSG-10544]


Start auto log messages stack - Iteration 714.	[MsgId: MMSG-10545]
Starting action A_Patient_Register.	[MsgId: MMSG-15919]
A_Patient_Register.c(19): web_set_max_html_param_len started  	[MsgId: MMSG-26355]
A_Patient_Register.c(19): web_set_max_html_param_len was successful  	[MsgId: MMSG-26392]
A_Patient_Register.c(36): web_reg_save_param started  	[MsgId: MMSG-26355]
A_Patient_Register.c(36): Registering web_reg_save_param was successful  	[MsgId: MMSG-26390]
A_Patient_Register.c(38): Notify: Transaction "Patient operations_ Get2DCodeImage" started.	[MsgId: MMSG-16999]
A_Patient_Register.c(40): web_custom_request("Get2DCodeImage") started  	[MsgId: MMSG-26355]
A_Patient_Register.c(40): Continuing after Error -26377: No match found for the requested parameter "Get2DCodeImageResult". Either the specified boundaries were not found in the response or the matched text is longer than current max html parameter size of 10240 bytes. The total length of the response is 300 bytes. You can use "web_set_max_html_param_len" to increase the max parameter size.  	[MsgId: MERR-26377]
End auto log messages stack.	[MsgId: MMSG-10544]


Start auto log messages stack - Iteration 714.	[MsgId: MMSG-10545]
A_Patient_Register.c(40): web_custom_request("Get2DCodeImage") highest severity level was "continue on error", 300 body bytes, 230 header bytes  	[MsgId: MMSG-26388]
A_Patient_Register.c(40): Continuing after error in Vuser script.	[MsgId: MMSG-10678]
A_Patient_Register.c(53): web_get_int_property started  	[MsgId: MMSG-26355]
A_Patient_Register.c(53): web_get_int_property was successful  	[MsgId: MMSG-26392]
A_Patient_Register.c(68): Error: Get2DCodeImage from CS operations failed. The http response content size is 0!	[MsgId: MERR-17999]
End auto log messages stack.	[MsgId: MMSG-10544]


Start auto log messages stack - Iteration 704.	[MsgId: MMSG-10545]
A_Patient_Register.c(36): Registering web_reg_save_param was successful  	[MsgId: MMSG-26390]
A_Patient_Register.c(38): Notify: Transaction "Patient operations_ Get2DCodeImage" started.	[MsgId: MMSG-16999]
A_Patient_Register.c(40): web_custom_request("Get2DCodeImage") started  	[MsgId: MMSG-26355]
A_Patient_Register.c(40): web_custom_request("Get2DCodeImage") was successful, 2632 body bytes, 231 header bytes  	[MsgId: MMSG-26386]
A_Patient_Register.c(53): web_get_int_property started  	[MsgId: MMSG-26355]
A_Patient_Register.c(53): web_get_int_property was successful  	[MsgId: MMSG-26392]
A_Patient_Register.c(74): Notify: Transaction "Patient operations_ Get2DCodeImage" ended with a "Pass" status (Duration: 6.3437 Wasted Time: 0.0000).	[MsgId: MMSG-16871]
A_Patient_Register.c(88): Error: MySQL server has gone away	[MsgId: MERR-17999]
A_Patient_Register.c(90): Error: Query data from database failed	[MsgId: MERR-17999]
End auto log messages stack.	[MsgId: MMSG-10544]


Start auto log messages stack - Iteration 716.	[MsgId: MMSG-10545]
A_Patient_Register.c(36): Registering web_reg_save_param was successful  	[MsgId: MMSG-26390]
A_Patient_Register.c(38): Notify: Transaction "Patient operations_ Get2DCodeImage" started.	[MsgId: MMSG-16999]
A_Patient_Register.c(40): web_custom_request("Get2DCodeImage") started  	[MsgId: MMSG-26355]
A_Patient_Register.c(40): web_custom_request("Get2DCodeImage") was successful, 2636 body bytes, 231 header bytes  	[MsgId: MMSG-26386]
A_Patient_Register.c(53): web_get_int_property started  	[MsgId: MMSG-26355]
A_Patient_Register.c(53): web_get_int_property was successful  	[MsgId: MMSG-26392]
A_Patient_Register.c(74): Notify: Transaction "Patient operations_ Get2DCodeImage" ended with a "Pass" status (Duration: 1.4532 Wasted Time: 0.0000).	[MsgId: MMSG-16871]
A_Patient_Register.c(88): Error: MySQL server has gone away	[MsgId: MERR-17999]
A_Patient_Register.c(90): Error: Query data from database failed	[MsgId: MERR-17999]
End auto log messages stack.	[MsgId: MMSG-10544]


Start auto log messages stack - Iteration 723.	[MsgId: MMSG-10545]
A_Patient_Register.c(36): Registering web_reg_save_param was successful  	[MsgId: MMSG-26390]
A_Patient_Register.c(38): Notify: Transaction "Patient operations_ Get2DCodeImage" started.	[MsgId: MMSG-16999]
A_Patient_Register.c(40): web_custom_request("Get2DCodeImage") started  	[MsgId: MMSG-26355]
A_Patient_Register.c(40): web_custom_request("Get2DCodeImage") was successful, 2624 body bytes, 231 header bytes  	[MsgId: MMSG-26386]
A_Patient_Register.c(53): web_get_int_property started  	[MsgId: MMSG-26355]
A_Patient_Register.c(53): web_get_int_property was successful  	[MsgId: MMSG-26392]
A_Patient_Register.c(74): Notify: Transaction "Patient operations_ Get2DCodeImage" ended with a "Pass" status (Duration: 0.8551 Wasted Time: 0.0000).	[MsgId: MMSG-16871]
A_Patient_Register.c(88): Error: MySQL server has gone away	[MsgId: MERR-17999]
A_Patient_Register.c(90): Error: Query data from database failed	[MsgId: MERR-17999]
End auto log messages stack.	[MsgId: MMSG-10544]


Start auto log messages stack - Iteration 720.	[MsgId: MMSG-10545]
A_Patient_Register.c(36): Registering web_reg_save_param was successful  	[MsgId: MMSG-26390]
A_Patient_Register.c(38): Notify: Transaction "Patient operations_ Get2DCodeImage" started.	[MsgId: MMSG-16999]
A_Patient_Register.c(40): web_custom_request("Get2DCodeImage") started  	[MsgId: MMSG-26355]
A_Patient_Register.c(40): web_custom_request("Get2DCodeImage") was successful, 2648 body bytes, 231 header bytes  	[MsgId: MMSG-26386]
A_Patient_Register.c(53): web_get_int_property started  	[MsgId: MMSG-26355]
A_Patient_Register.c(53): web_get_int_property was successful  	[MsgId: MMSG-26392]
A_Patient_Register.c(74): Notify: Transaction "Patient operations_ Get2DCodeImage" ended with a "Pass" status (Duration: 1.2071 Wasted Time: 0.0000).	[MsgId: MMSG-16871]
A_Patient_Register.c(88): Error: MySQL server has gone away	[MsgId: MERR-17999]
A_Patient_Register.c(90): Error: Query data from database failed	[MsgId: MERR-17999]
End auto log messages stack.	[MsgId: MMSG-10544]


Start auto log messages stack - Iteration 728.	[MsgId: MMSG-10545]
A_Patient_Register.c(36): Registering web_reg_save_param was successful  	[MsgId: MMSG-26390]
A_Patient_Register.c(38): Notify: Transaction "Patient operations_ Get2DCodeImage" started.	[MsgId: MMSG-16999]
A_Patient_Register.c(40): web_custom_request("Get2DCodeImage") started  	[MsgId: MMSG-26355]
A_Patient_Register.c(40): web_custom_request("Get2DCodeImage") was successful, 2632 body bytes, 231 header bytes  	[MsgId: MMSG-26386]
A_Patient_Register.c(53): web_get_int_property started  	[MsgId: MMSG-26355]
A_Patient_Register.c(53): web_get_int_property was successful  	[MsgId: MMSG-26392]
A_Patient_Register.c(74): Notify: Transaction "Patient operations_ Get2DCodeImage" ended with a "Pass" status (Duration: 4.5084 Wasted Time: 0.0000).	[MsgId: MMSG-16871]
A_Patient_Register.c(88): Error: MySQL server has gone away	[MsgId: MERR-17999]
A_Patient_Register.c(90): Error: Query data from database failed	[MsgId: MERR-17999]
End auto log messages stack.	[MsgId: MMSG-10544]


Start auto log messages stack - Iteration 704.	[MsgId: MMSG-10545]
A_Patient_Register.c(36): Registering web_reg_save_param was successful  	[MsgId: MMSG-26390]
A_Patient_Register.c(38): Notify: Transaction "Patient operations_ Get2DCodeImage" started.	[MsgId: MMSG-16999]
A_Patient_Register.c(40): web_custom_request("Get2DCodeImage") started  	[MsgId: MMSG-26355]
A_Patient_Register.c(40): web_custom_request("Get2DCodeImage") was successful, 2640 body bytes, 231 header bytes  	[MsgId: MMSG-26386]
A_Patient_Register.c(53): web_get_int_property started  	[MsgId: MMSG-26355]
A_Patient_Register.c(53): web_get_int_property was successful  	[MsgId: MMSG-26392]
A_Patient_Register.c(74): Notify: Transaction "Patient operations_ Get2DCodeImage" ended with a "Pass" status (Duration: 1.5664 Wasted Time: 0.0000).	[MsgId: MMSG-16871]
A_Patient_Register.c(88): Error: MySQL server has gone away	[MsgId: MERR-17999]
A_Patient_Register.c(90): Error: Query data from database failed	[MsgId: MERR-17999]
End auto log messages stack.	[MsgId: MMSG-10544]


Start auto log messages stack - Iteration 718.	[MsgId: MMSG-10545]
Start auto log messages stack - Iteration 710.	[MsgId: MMSG-10545]
A_Patient_Register.c(36): Registering web_reg_save_param was successful  	[MsgId: MMSG-26390]
A_Patient_Register.c(38): Notify: Transaction "Patient operations_ Get2DCodeImage" started.	[MsgId: MMSG-16999]
A_Patient_Register.c(36): Registering web_reg_save_param was successful  	[MsgId: MMSG-26390]
A_Patient_Register.c(40): web_custom_request("Get2DCodeImage") started  	[MsgId: MMSG-26355]
A_Patient_Register.c(40): web_custom_request("Get2DCodeImage") was successful, 2636 body bytes, 231 header bytes  	[MsgId: MMSG-26386]
A_Patient_Register.c(38): Notify: Transaction "Patient operations_ Get2DCodeImage" started.	[MsgId: MMSG-16999]
A_Patient_Register.c(40): web_custom_request("Get2DCodeImage") started  	[MsgId: MMSG-26355]
A_Patient_Register.c(40): web_custom_request("Get2DCodeImage") was successful, 2644 body bytes, 231 header bytes  	[MsgId: MMSG-26386]
A_Patient_Register.c(53): web_get_int_property started  	[MsgId: MMSG-26355]
A_Patient_Register.c(53): web_get_int_property was successful  	[MsgId: MMSG-26392]
A_Patient_Register.c(74): Notify: Transaction "Patient operations_ Get2DCodeImage" ended with a "Pass" status (Duration: 2.3265 Wasted Time: 0.0000).	[MsgId: MMSG-16871]
A_Patient_Register.c(88): Error: MySQL server has gone away	[MsgId: MERR-17999]
A_Patient_Register.c(90): Error: Query data from database failed	[MsgId: MERR-17999]
A_Patient_Register.c(53): web_get_int_property started  	[MsgId: MMSG-26355]
A_Patient_Register.c(53): web_get_int_property was successful  	[MsgId: MMSG-26392]
End auto log messages stack.	[MsgId: MMSG-10544]
A_Patient_Register.c(74): Notify: Transaction "Patient operations_ Get2DCodeImage" ended with a "Pass" status (Duration: 1.8147 Wasted Time: 0.0000).	[MsgId: MMSG-16871]


A_Patient_Register.c(88): Error: MySQL server has gone away	[MsgId: MERR-17999]
A_Patient_Register.c(90): Error: Query data from database failed	[MsgId: MERR-17999]
End auto log messages stack.	[MsgId: MMSG-10544]


Start auto log messages stack - Iteration 715.	[MsgId: MMSG-10545]
A_Patient_Register.c(36): Registering web_reg_save_param was successful  	[MsgId: MMSG-26390]
A_Patient_Register.c(38): Notify: Transaction "Patient operations_ Get2DCodeImage" started.	[MsgId: MMSG-16999]
A_Patient_Register.c(40): web_custom_request("Get2DCodeImage") started  	[MsgId: MMSG-26355]
A_Patient_Register.c(40): web_custom_request("Get2DCodeImage") was successful, 2636 body bytes, 231 header bytes  	[MsgId: MMSG-26386]
A_Patient_Register.c(53): web_get_int_property started  	[MsgId: MMSG-26355]
A_Patient_Register.c(53): web_get_int_property was successful  	[MsgId: MMSG-26392]
A_Patient_Register.c(74): Notify: Transaction "Patient operations_ Get2DCodeImage" ended with a "Pass" status (Duration: 0.4618 Wasted Time: 0.0000).	[MsgId: MMSG-16871]
A_Patient_Register.c(88): Error: MySQL server has gone away	[MsgId: MERR-17999]
A_Patient_Register.c(90): Error: Query data from database failed	[MsgId: MERR-17999]
End auto log messages stack.	[MsgId: MMSG-10544]


Start auto log messages stack - Iteration 719.	[MsgId: MMSG-10545]
A_Patient_Register.c(36): Registering web_reg_save_param was successful  	[MsgId: MMSG-26390]
A_Patient_Register.c(38): Notify: Transaction "Patient operations_ Get2DCodeImage" started.	[MsgId: MMSG-16999]
A_Patient_Register.c(40): web_custom_request("Get2DCodeImage") started  	[MsgId: MMSG-26355]
A_Patient_Register.c(40): web_custom_request("Get2DCodeImage") was successful, 2636 body bytes, 231 header bytes  	[MsgId: MMSG-26386]
A_Patient_Register.c(53): web_get_int_property started  	[MsgId: MMSG-26355]
A_Patient_Register.c(53): web_get_int_property was successful  	[MsgId: MMSG-26392]
A_Patient_Register.c(74): Notify: Transaction "Patient operations_ Get2DCodeImage" ended with a "Pass" status (Duration: 0.7070 Wasted Time: 0.0000).	[MsgId: MMSG-16871]
A_Patient_Register.c(88): Error: MySQL server has gone away	[MsgId: MERR-17999]
A_Patient_Register.c(90): Error: Query data from database failed	[MsgId: MERR-17999]
End auto log messages stack.	[MsgId: MMSG-10544]


Start auto log messages stack - Iteration 717.	[MsgId: MMSG-10545]
A_Patient_Register.c(36): Registering web_reg_save_param was successful  	[MsgId: MMSG-26390]
A_Patient_Register.c(38): Notify: Transaction "Patient operations_ Get2DCodeImage" started.	[MsgId: MMSG-16999]
A_Patient_Register.c(40): web_custom_request("Get2DCodeImage") started  	[MsgId: MMSG-26355]
A_Patient_Register.c(40): web_custom_request("Get2DCodeImage") was successful, 2636 body bytes, 231 header bytes  	[MsgId: MMSG-26386]
A_Patient_Register.c(53): web_get_int_property started  	[MsgId: MMSG-26355]
A_Patient_Register.c(53): web_get_int_property was successful  	[MsgId: MMSG-26392]
A_Patient_Register.c(74): Notify: Transaction "Patient operations_ Get2DCodeImage" ended with a "Pass" status (Duration: 0.5524 Wasted Time: 0.0000).	[MsgId: MMSG-16871]
A_Patient_Register.c(88): Error: MySQL server has gone away	[MsgId: MERR-17999]
A_Patient_Register.c(90): Error: Query data from database failed	[MsgId: MERR-17999]
End auto log messages stack.	[MsgId: MMSG-10544]


Start auto log messages stack - Iteration 721.	[MsgId: MMSG-10545]
A_Patient_Register.c(36): Registering web_reg_save_param was successful  	[MsgId: MMSG-26390]
A_Patient_Register.c(38): Notify: Transaction "Patient operations_ Get2DCodeImage" started.	[MsgId: MMSG-16999]
A_Patient_Register.c(40): web_custom_request("Get2DCodeImage") started  	[MsgId: MMSG-26355]
A_Patient_Register.c(40): web_custom_request("Get2DCodeImage") was successful, 2640 body bytes, 231 header bytes  	[MsgId: MMSG-26386]
A_Patient_Register.c(53): web_get_int_property started  	[MsgId: MMSG-26355]
A_Patient_Register.c(53): web_get_int_property was successful  	[MsgId: MMSG-26392]
A_Patient_Register.c(74): Notify: Transaction "Patient operations_ Get2DCodeImage" ended with a "Pass" status (Duration: 0.3506 Wasted Time: 0.0000).	[MsgId: MMSG-16871]
A_Patient_Register.c(88): Error: MySQL server has gone away	[MsgId: MERR-17999]
A_Patient_Register.c(90): Error: Query data from database failed	[MsgId: MERR-17999]
End auto log messages stack.	[MsgId: MMSG-10544]


Start auto log messages stack - Iteration 705.	[MsgId: MMSG-10545]
A_Patient_Register.c(36): Registering web_reg_save_param was successful  	[MsgId: MMSG-26390]
A_Patient_Register.c(38): Notify: Transaction "Patient operations_ Get2DCodeImage" started.	[MsgId: MMSG-16999]
A_Patient_Register.c(40): web_custom_request("Get2DCodeImage") started  	[MsgId: MMSG-26355]
A_Patient_Register.c(40): web_custom_request("Get2DCodeImage") was successful, 2624 body bytes, 231 header bytes  	[MsgId: MMSG-26386]
A_Patient_Register.c(53): web_get_int_property started  	[MsgId: MMSG-26355]
A_Patient_Register.c(53): web_get_int_property was successful  	[MsgId: MMSG-26392]
A_Patient_Register.c(74): Notify: Transaction "Patient operations_ Get2DCodeImage" ended with a "Pass" status (Duration: 0.3718 Wasted Time: 0.0000).	[MsgId: MMSG-16871]
A_Patient_Register.c(88): Error: MySQL server has gone away	[MsgId: MERR-17999]
A_Patient_Register.c(90): Error: Query data from database failed	[MsgId: MERR-17999]
End auto log messages stack.	[MsgId: MMSG-10544]


Start auto log messages stack - Iteration 711.	[MsgId: MMSG-10545]
A_Patient_Register.c(36): Registering web_reg_save_param was successful  	[MsgId: MMSG-26390]
A_Patient_Register.c(38): Notify: Transaction "Patient operations_ Get2DCodeImage" started.	[MsgId: MMSG-16999]
A_Patient_Register.c(40): web_custom_request("Get2DCodeImage") started  	[MsgId: MMSG-26355]
A_Patient_Register.c(40): web_custom_request("Get2DCodeImage") was successful, 2632 body bytes, 231 header bytes  	[MsgId: MMSG-26386]
A_Patient_Register.c(53): web_get_int_property started  	[MsgId: MMSG-26355]
A_Patient_Register.c(53): web_get_int_property was successful  	[MsgId: MMSG-26392]
A_Patient_Register.c(74): Notify: Transaction "Patient operations_ Get2DCodeImage" ended with a "Pass" status (Duration: 0.4117 Wasted Time: 0.0000).	[MsgId: MMSG-16871]
A_Patient_Register.c(88): Error: MySQL server has gone away	[MsgId: MERR-17999]
A_Patient_Register.c(90): Error: Query data from database failed	[MsgId: MERR-17999]
End auto log messages stack.	[MsgId: MMSG-10544]


Start auto log messages stack - Iteration 724.	[MsgId: MMSG-10545]
A_Patient_Register.c(36): Registering web_reg_save_param was successful  	[MsgId: MMSG-26390]
A_Patient_Register.c(38): Notify: Transaction "Patient operations_ Get2DCodeImage" started.	[MsgId: MMSG-16999]
A_Patient_Register.c(40): web_custom_request("Get2DCodeImage") started  	[MsgId: MMSG-26355]
A_Patient_Register.c(40): web_custom_request("Get2DCodeImage") was successful, 2632 body bytes, 231 header bytes  	[MsgId: MMSG-26386]
A_Patient_Register.c(53): web_get_int_property started  	[MsgId: MMSG-26355]
A_Patient_Register.c(53): web_get_int_property was successful  	[MsgId: MMSG-26392]
A_Patient_Register.c(74): Notify: Transaction "Patient operations_ Get2DCodeImage" ended with a "Pass" status (Duration: 0.7151 Wasted Time: 0.0000).	[MsgId: MMSG-16871]
A_Patient_Register.c(88): Error: MySQL server has gone away	[MsgId: MERR-17999]
A_Patient_Register.c(90): Error: Query data from database failed	[MsgId: MERR-17999]
End auto log messages stack.	[MsgId: MMSG-10544]


Start auto log messages stack - Iteration 705.	[MsgId: MMSG-10545]
A_Patient_Register.c(36): Registering web_reg_save_param was successful  	[MsgId: MMSG-26390]
A_Patient_Register.c(38): Notify: Transaction "Patient operations_ Get2DCodeImage" started.	[MsgId: MMSG-16999]
A_Patient_Register.c(40): web_custom_request("Get2DCodeImage") started  	[MsgId: MMSG-26355]
A_Patient_Register.c(40): web_custom_request("Get2DCodeImage") was successful, 2628 body bytes, 231 header bytes  	[MsgId: MMSG-26386]
A_Patient_Register.c(53): web_get_int_property started  	[MsgId: MMSG-26355]
A_Patient_Register.c(53): web_get_int_property was successful  	[MsgId: MMSG-26392]
A_Patient_Register.c(74): Notify: Transaction "Patient operations_ Get2DCodeImage" ended with a "Pass" status (Duration: 1.0561 Wasted Time: 0.0000).	[MsgId: MMSG-16871]
A_Patient_Register.c(88): Error: MySQL server has gone away	[MsgId: MERR-17999]
A_Patient_Register.c(90): Error: Query data from database failed	[MsgId: MERR-17999]
End auto log messages stack.	[MsgId: MMSG-10544]


Start auto log messages stack - Iteration 719.	[MsgId: MMSG-10545]
A_Patient_Register.c(36): Registering web_reg_save_param was successful  	[MsgId: MMSG-26390]
A_Patient_Register.c(38): Notify: Transaction "Patient operations_ Get2DCodeImage" started.	[MsgId: MMSG-16999]
A_Patient_Register.c(40): web_custom_request("Get2DCodeImage") started  	[MsgId: MMSG-26355]
A_Patient_Register.c(40): web_custom_request("Get2DCodeImage") was successful, 2648 body bytes, 231 header bytes  	[MsgId: MMSG-26386]
A_Patient_Register.c(53): web_get_int_property started  	[MsgId: MMSG-26355]
A_Patient_Register.c(53): web_get_int_property was successful  	[MsgId: MMSG-26392]
A_Patient_Register.c(74): Notify: Transaction "Patient operations_ Get2DCodeImage" ended with a "Pass" status (Duration: 0.6876 Wasted Time: 0.0000).	[MsgId: MMSG-16871]
A_Patient_Register.c(88): Error: MySQL server has gone away	[MsgId: MERR-17999]
A_Patient_Register.c(90): Error: Query data from database failed	[MsgId: MERR-17999]
End auto log messages stack.	[MsgId: MMSG-10544]


Start auto log messages stack - Iteration 729.	[MsgId: MMSG-10545]
A_Patient_Register.c(36): Registering web_reg_save_param was successful  	[MsgId: MMSG-26390]
A_Patient_Register.c(38): Notify: Transaction "Patient operations_ Get2DCodeImage" started.	[MsgId: MMSG-16999]
A_Patient_Register.c(40): web_custom_request("Get2DCodeImage") started  	[MsgId: MMSG-26355]
A_Patient_Register.c(40): web_custom_request("Get2DCodeImage") was successful, 2632 body bytes, 231 header bytes  	[MsgId: MMSG-26386]
A_Patient_Register.c(53): web_get_int_property started  	[MsgId: MMSG-26355]
A_Patient_Register.c(53): web_get_int_property was successful  	[MsgId: MMSG-26392]
A_Patient_Register.c(74): Notify: Transaction "Patient operations_ Get2DCodeImage" ended with a "Pass" status (Duration: 0.5781 Wasted Time: 0.0000).	[MsgId: MMSG-16871]
A_Patient_Register.c(88): Error: MySQL server has gone away	[MsgId: MERR-17999]
A_Patient_Register.c(90): Error: Query data from database failed	[MsgId: MERR-17999]
End auto log messages stack.	[MsgId: MMSG-10544]


Start auto log messages stack - Iteration 716.	[MsgId: MMSG-10545]
A_Patient_Register.c(36): Registering web_reg_save_param was successful  	[MsgId: MMSG-26390]
A_Patient_Register.c(38): Notify: Transaction "Patient operations_ Get2DCodeImage" started.	[MsgId: MMSG-16999]
A_Patient_Register.c(40): web_custom_request("Get2DCodeImage") started  	[MsgId: MMSG-26355]
A_Patient_Register.c(40): web_custom_request("Get2DCodeImage") was successful, 2640 body bytes, 231 header bytes  	[MsgId: MMSG-26386]
A_Patient_Register.c(53): web_get_int_property started  	[MsgId: MMSG-26355]
A_Patient_Register.c(53): web_get_int_property was successful  	[MsgId: MMSG-26392]
A_Patient_Register.c(74): Notify: Transaction "Patient operations_ Get2DCodeImage" ended with a "Pass" status (Duration: 0.5468 Wasted Time: 0.0000).	[MsgId: MMSG-16871]
A_Patient_Register.c(88): Error: MySQL server has gone away	[MsgId: MERR-17999]
A_Patient_Register.c(90): Error: Query data from database failed	[MsgId: MERR-17999]
End auto log messages stack.	[MsgId: MMSG-10544]


Start auto log messages stack - Iteration 720.	[MsgId: MMSG-10545]
A_Patient_Register.c(36): Registering web_reg_save_param was successful  	[MsgId: MMSG-26390]
A_Patient_Register.c(38): Notify: Transaction "Patient operations_ Get2DCodeImage" started.	[MsgId: MMSG-16999]
A_Patient_Register.c(40): web_custom_request("Get2DCodeImage") started  	[MsgId: MMSG-26355]
A_Patient_Register.c(40): web_custom_request("Get2DCodeImage") was successful, 2628 body bytes, 231 header bytes  	[MsgId: MMSG-26386]
A_Patient_Register.c(53): web_get_int_property started  	[MsgId: MMSG-26355]
A_Patient_Register.c(53): web_get_int_property was successful  	[MsgId: MMSG-26392]
A_Patient_Register.c(74): Notify: Transaction "Patient operations_ Get2DCodeImage" ended with a "Pass" status (Duration: 0.5512 Wasted Time: 0.0000).	[MsgId: MMSG-16871]
A_Patient_Register.c(88): Error: MySQL server has gone away	[MsgId: MERR-17999]
A_Patient_Register.c(90): Error: Query data from database failed	[MsgId: MERR-17999]
End auto log messages stack.	[MsgId: MMSG-10544]


Start auto log messages stack - Iteration 718.	[MsgId: MMSG-10545]
A_Patient_Register.c(36): Registering web_reg_save_param was successful  	[MsgId: MMSG-26390]
A_Patient_Register.c(38): Notify: Transaction "Patient operations_ Get2DCodeImage" started.	[MsgId: MMSG-16999]
A_Patient_Register.c(40): web_custom_request("Get2DCodeImage") started  	[MsgId: MMSG-26355]
A_Patient_Register.c(40): web_custom_request("Get2DCodeImage") was successful, 2628 body bytes, 231 header bytes  	[MsgId: MMSG-26386]
A_Patient_Register.c(53): web_get_int_property started  	[MsgId: MMSG-26355]
A_Patient_Register.c(53): web_get_int_property was successful  	[MsgId: MMSG-26392]
A_Patient_Register.c(74): Notify: Transaction "Patient operations_ Get2DCodeImage" ended with a "Pass" status (Duration: 0.4232 Wasted Time: 0.0000).	[MsgId: MMSG-16871]
A_Patient_Register.c(88): Error: MySQL server has gone away	[MsgId: MERR-17999]
A_Patient_Register.c(90): Error: Query data from database failed	[MsgId: MERR-17999]
End auto log messages stack.	[MsgId: MMSG-10544]


Start auto log messages stack - Iteration 722.	[MsgId: MMSG-10545]
A_Patient_Register.c(36): Registering web_reg_save_param was successful  	[MsgId: MMSG-26390]
A_Patient_Register.c(38): Notify: Transaction "Patient operations_ Get2DCodeImage" started.	[MsgId: MMSG-16999]
A_Patient_Register.c(40): web_custom_request("Get2DCodeImage") started  	[MsgId: MMSG-26355]
A_Patient_Register.c(40): web_custom_request("Get2DCodeImage") was successful, 2632 body bytes, 231 header bytes  	[MsgId: MMSG-26386]
A_Patient_Register.c(53): web_get_int_property started  	[MsgId: MMSG-26355]
A_Patient_Register.c(53): web_get_int_property was successful  	[MsgId: MMSG-26392]
A_Patient_Register.c(74): Notify: Transaction "Patient operations_ Get2DCodeImage" ended with a "Pass" status (Duration: 0.7405 Wasted Time: 0.0000).	[MsgId: MMSG-16871]
A_Patient_Register.c(88): Error: MySQL server has gone away	[MsgId: MERR-17999]
A_Patient_Register.c(90): Error: Query data from database failed	[MsgId: MERR-17999]
End auto log messages stack.	[MsgId: MMSG-10544]


Start auto log messages stack - Iteration 720.	[MsgId: MMSG-10545]
A_Patient_Register.c(36): Registering web_reg_save_param was successful  	[MsgId: MMSG-26390]
A_Patient_Register.c(38): Notify: Transaction "Patient operations_ Get2DCodeImage" started.	[MsgId: MMSG-16999]
A_Patient_Register.c(40): web_custom_request("Get2DCodeImage") started  	[MsgId: MMSG-26355]
A_Patient_Register.c(40): web_custom_request("Get2DCodeImage") was successful, 2632 body bytes, 231 header bytes  	[MsgId: MMSG-26386]
A_Patient_Register.c(53): web_get_int_property started  	[MsgId: MMSG-26355]
A_Patient_Register.c(53): web_get_int_property was successful  	[MsgId: MMSG-26392]
A_Patient_Register.c(74): Notify: Transaction "Patient operations_ Get2DCodeImage" ended with a "Pass" status (Duration: 0.2597 Wasted Time: 0.0000).	[MsgId: MMSG-16871]
A_Patient_Register.c(88): Error: MySQL server has gone away	[MsgId: MERR-17999]
A_Patient_Register.c(90): Error: Query data from database failed	[MsgId: MERR-17999]
End auto log messages stack.	[MsgId: MMSG-10544]


Start auto log messages stack - Iteration 712.	[MsgId: MMSG-10545]
A_Patient_Register.c(36): Registering web_reg_save_param was successful  	[MsgId: MMSG-26390]
A_Patient_Register.c(38): Notify: Transaction "Patient operations_ Get2DCodeImage" started.	[MsgId: MMSG-16999]
Start auto log messages stack - Iteration 706.	[MsgId: MMSG-10545]
A_Patient_Register.c(40): web_custom_request("Get2DCodeImage") started  	[MsgId: MMSG-26355]
A_Patient_Register.c(40): web_custom_request("Get2DCodeImage") was successful, 2632 body bytes, 231 header bytes  	[MsgId: MMSG-26386]
A_Patient_Register.c(36): Registering web_reg_save_param was successful  	[MsgId: MMSG-26390]
A_Patient_Register.c(53): web_get_int_property started  	[MsgId: MMSG-26355]
A_Patient_Register.c(38): Notify: Transaction "Patient operations_ Get2DCodeImage" started.	[MsgId: MMSG-16999]
A_Patient_Register.c(40): web_custom_request("Get2DCodeImage") started  	[MsgId: MMSG-26355]
A_Patient_Register.c(40): web_custom_request("Get2DCodeImage") was successful, 2632 body bytes, 231 header bytes  	[MsgId: MMSG-26386]
A_Patient_Register.c(53): web_get_int_property started  	[MsgId: MMSG-26355]
A_Patient_Register.c(53): web_get_int_property was successful  	[MsgId: MMSG-26392]
A_Patient_Register.c(74): Notify: Transaction "Patient operations_ Get2DCodeImage" ended with a "Pass" status (Duration: 0.4435 Wasted Time: 0.0000).	[MsgId: MMSG-16871]
A_Patient_Register.c(88): Error: MySQL server has gone away	[MsgId: MERR-17999]
A_Patient_Register.c(53): web_get_int_property was successful  	[MsgId: MMSG-26392]
A_Patient_Register.c(90): Error: Query data from database failed	[MsgId: MERR-17999]
A_Patient_Register.c(74): Notify: Transaction "Patient operations_ Get2DCodeImage" ended with a "Pass" status (Duration: 0.8318 Wasted Time: 0.0000).	[MsgId: MMSG-16871]
A_Patient_Register.c(88): Error: MySQL server has gone away	[MsgId: MERR-17999]
End auto log messages stack.	[MsgId: MMSG-10544]


A_Patient_Register.c(90): Error: Query data from database failed	[MsgId: MERR-17999]
End auto log messages stack.	[MsgId: MMSG-10544]


Start auto log messages stack - Iteration 725.	[MsgId: MMSG-10545]
A_Patient_Register.c(36): Registering web_reg_save_param was successful  	[MsgId: MMSG-26390]
A_Patient_Register.c(38): Notify: Transaction "Patient operations_ Get2DCodeImage" started.	[MsgId: MMSG-16999]
A_Patient_Register.c(40): web_custom_request("Get2DCodeImage") started  	[MsgId: MMSG-26355]
A_Patient_Register.c(40): web_custom_request("Get2DCodeImage") was successful, 2628 body bytes, 231 header bytes  	[MsgId: MMSG-26386]
A_Patient_Register.c(53): web_get_int_property started  	[MsgId: MMSG-26355]
A_Patient_Register.c(53): web_get_int_property was successful  	[MsgId: MMSG-26392]
A_Patient_Register.c(74): Notify: Transaction "Patient operations_ Get2DCodeImage" ended with a "Pass" status (Duration: 0.9835 Wasted Time: 0.0000).	[MsgId: MMSG-16871]
A_Patient_Register.c(88): Error: MySQL server has gone away	[MsgId: MERR-17999]
A_Patient_Register.c(90): Error: Query data from database failed	[MsgId: MERR-17999]
End auto log messages stack.	[MsgId: MMSG-10544]


Start auto log messages stack - Iteration 706.	[MsgId: MMSG-10545]
A_Patient_Register.c(36): Registering web_reg_save_param was successful  	[MsgId: MMSG-26390]
A_Patient_Register.c(38): Notify: Transaction "Patient operations_ Get2DCodeImage" started.	[MsgId: MMSG-16999]
A_Patient_Register.c(40): web_custom_request("Get2DCodeImage") started  	[MsgId: MMSG-26355]
A_Patient_Register.c(40): web_custom_request("Get2DCodeImage") was successful, 2636 body bytes, 231 header bytes  	[MsgId: MMSG-26386]
A_Patient_Register.c(53): web_get_int_property started  	[MsgId: MMSG-26355]
A_Patient_Register.c(53): web_get_int_property was successful  	[MsgId: MMSG-26392]
A_Patient_Register.c(74): Notify: Transaction "Patient operations_ Get2DCodeImage" ended with a "Pass" status (Duration: 0.4190 Wasted Time: 0.0000).	[MsgId: MMSG-16871]
A_Patient_Register.c(88): Error: MySQL server has gone away	[MsgId: MERR-17999]
A_Patient_Register.c(90): Error: Query data from database failed	[MsgId: MERR-17999]
End auto log messages stack.	[MsgId: MMSG-10544]


Start auto log messages stack - Iteration 730.	[MsgId: MMSG-10545]
A_Patient_Register.c(36): Registering web_reg_save_param was successful  	[MsgId: MMSG-26390]
A_Patient_Register.c(38): Notify: Transaction "Patient operations_ Get2DCodeImage" started.	[MsgId: MMSG-16999]
A_Patient_Register.c(40): web_custom_request("Get2DCodeImage") started  	[MsgId: MMSG-26355]
A_Patient_Register.c(40): web_custom_request("Get2DCodeImage") was successful, 2640 body bytes, 231 header bytes  	[MsgId: MMSG-26386]
A_Patient_Register.c(53): web_get_int_property started  	[MsgId: MMSG-26355]
A_Patient_Register.c(53): web_get_int_property was successful  	[MsgId: MMSG-26392]
A_Patient_Register.c(74): Notify: Transaction "Patient operations_ Get2DCodeImage" ended with a "Pass" status (Duration: 0.5254 Wasted Time: 0.0000).	[MsgId: MMSG-16871]
A_Patient_Register.c(88): Error: MySQL server has gone away	[MsgId: MERR-17999]
A_Patient_Register.c(90): Error: Query data from database failed	[MsgId: MERR-17999]
End auto log messages stack.	[MsgId: MMSG-10544]


Start auto log messages stack - Iteration 717.	[MsgId: MMSG-10545]
A_Patient_Register.c(36): Registering web_reg_save_param was successful  	[MsgId: MMSG-26390]
A_Patient_Register.c(38): Notify: Transaction "Patient operations_ Get2DCodeImage" started.	[MsgId: MMSG-16999]
A_Patient_Register.c(40): web_custom_request("Get2DCodeImage") started  	[MsgId: MMSG-26355]
A_Patient_Register.c(40): web_custom_request("Get2DCodeImage") was successful, 2640 body bytes, 231 header bytes  	[MsgId: MMSG-26386]
A_Patient_Register.c(53): web_get_int_property started  	[MsgId: MMSG-26355]
A_Patient_Register.c(53): web_get_int_property was successful  	[MsgId: MMSG-26392]
A_Patient_Register.c(74): Notify: Transaction "Patient operations_ Get2DCodeImage" ended with a "Pass" status (Duration: 0.6195 Wasted Time: 0.0000).	[MsgId: MMSG-16871]
A_Patient_Register.c(88): Error: MySQL server has gone away	[MsgId: MERR-17999]
A_Patient_Register.c(90): Error: Query data from database failed	[MsgId: MERR-17999]
End auto log messages stack.	[MsgId: MMSG-10544]


Start auto log messages stack - Iteration 719.	[MsgId: MMSG-10545]
A_Patient_Register.c(36): Registering web_reg_save_param was successful  	[MsgId: MMSG-26390]
A_Patient_Register.c(38): Notify: Transaction "Patient operations_ Get2DCodeImage" started.	[MsgId: MMSG-16999]
A_Patient_Register.c(40): web_custom_request("Get2DCodeImage") started  	[MsgId: MMSG-26355]
A_Patient_Register.c(40): web_custom_request("Get2DCodeImage") was successful, 2644 body bytes, 231 header bytes  	[MsgId: MMSG-26386]
A_Patient_Register.c(53): web_get_int_property started  	[MsgId: MMSG-26355]
A_Patient_Register.c(53): web_get_int_property was successful  	[MsgId: MMSG-26392]
A_Patient_Register.c(74): Notify: Transaction "Patient operations_ Get2DCodeImage" ended with a "Pass" status (Duration: 0.8624 Wasted Time: 0.0000).	[MsgId: MMSG-16871]
A_Patient_Register.c(88): Error: MySQL server has gone away	[MsgId: MERR-17999]
A_Patient_Register.c(90): Error: Query data from database failed	[MsgId: MERR-17999]
End auto log messages stack.	[MsgId: MMSG-10544]


Start auto log messages stack - Iteration 721.	[MsgId: MMSG-10545]
A_Patient_Register.c(36): Registering web_reg_save_param was successful  	[MsgId: MMSG-26390]
A_Patient_Register.c(38): Notify: Transaction "Patient operations_ Get2DCodeImage" started.	[MsgId: MMSG-16999]
A_Patient_Register.c(40): web_custom_request("Get2DCodeImage") started  	[MsgId: MMSG-26355]
A_Patient_Register.c(40): web_custom_request("Get2DCodeImage") was successful, 2632 body bytes, 231 header bytes  	[MsgId: MMSG-26386]
A_Patient_Register.c(53): web_get_int_property started  	[MsgId: MMSG-26355]
A_Patient_Register.c(53): web_get_int_property was successful  	[MsgId: MMSG-26392]
A_Patient_Register.c(74): Notify: Transaction "Patient operations_ Get2DCodeImage" ended with a "Pass" status (Duration: 0.4044 Wasted Time: 0.0000).	[MsgId: MMSG-16871]
A_Patient_Register.c(88): Error: MySQL server has gone away	[MsgId: MERR-17999]
A_Patient_Register.c(90): Error: Query data from database failed	[MsgId: MERR-17999]
End auto log messages stack.	[MsgId: MMSG-10544]


Start auto log messages stack - Iteration 721.	[MsgId: MMSG-10545]
A_Patient_Register.c(36): Registering web_reg_save_param was successful  	[MsgId: MMSG-26390]
A_Patient_Register.c(38): Notify: Transaction "Patient operations_ Get2DCodeImage" started.	[MsgId: MMSG-16999]
A_Patient_Register.c(40): web_custom_request("Get2DCodeImage") started  	[MsgId: MMSG-26355]
A_Patient_Register.c(40): web_custom_request("Get2DCodeImage") was successful, 2640 body bytes, 231 header bytes  	[MsgId: MMSG-26386]
A_Patient_Register.c(53): web_get_int_property started  	[MsgId: MMSG-26355]
A_Patient_Register.c(53): web_get_int_property was successful  	[MsgId: MMSG-26392]
A_Patient_Register.c(74): Notify: Transaction "Patient operations_ Get2DCodeImage" ended with a "Pass" status (Duration: 0.3561 Wasted Time: 0.0000).	[MsgId: MMSG-16871]
A_Patient_Register.c(88): Error: MySQL server has gone away	[MsgId: MERR-17999]
A_Patient_Register.c(90): Error: Query data from database failed	[MsgId: MERR-17999]
End auto log messages stack.	[MsgId: MMSG-10544]


Start auto log messages stack - Iteration 726.	[MsgId: MMSG-10545]
Start auto log messages stack - Iteration 713.	[MsgId: MMSG-10545]
A_Patient_Register.c(36): Registering web_reg_save_param was successful  	[MsgId: MMSG-26390]
A_Patient_Register.c(38): Notify: Transaction "Patient operations_ Get2DCodeImage" started.	[MsgId: MMSG-16999]
A_Patient_Register.c(40): web_custom_request("Get2DCodeImage") started  	[MsgId: MMSG-26355]
A_Patient_Register.c(40): web_custom_request("Get2DCodeImage") was successful, 2636 body bytes, 231 header bytes  	[MsgId: MMSG-26386]
A_Patient_Register.c(53): web_get_int_property started  	[MsgId: MMSG-26355]
A_Patient_Register.c(53): web_get_int_property was successful  	[MsgId: MMSG-26392]
A_Patient_Register.c(74): Notify: Transaction "Patient operations_ Get2DCodeImage" ended with a "Pass" status (Duration: 0.4102 Wasted Time: 0.0000).	[MsgId: MMSG-16871]
A_Patient_Register.c(36): Registering web_reg_save_param was successful  	[MsgId: MMSG-26390]
A_Patient_Register.c(38): Notify: Transaction "Patient operations_ Get2DCodeImage" started.	[MsgId: MMSG-16999]
A_Patient_Register.c(40): web_custom_request("Get2DCodeImage") started  	[MsgId: MMSG-26355]
A_Patient_Register.c(40): web_custom_request("Get2DCodeImage") was successful, 2640 body bytes, 231 header bytes  	[MsgId: MMSG-26386]
A_Patient_Register.c(88): Error: MySQL server has gone away	[MsgId: MERR-17999]
A_Patient_Register.c(53): web_get_int_property started  	[MsgId: MMSG-26355]
A_Patient_Register.c(53): web_get_int_property was successful  	[MsgId: MMSG-26392]
A_Patient_Register.c(74): Notify: Transaction "Patient operations_ Get2DCodeImage" ended with a "Pass" status (Duration: 0.7348 Wasted Time: 0.0000).	[MsgId: MMSG-16871]
A_Patient_Register.c(90): Error: Query data from database failed	[MsgId: MERR-17999]
A_Patient_Register.c(88): Error: MySQL server has gone away	[MsgId: MERR-17999]
End auto log messages stack.	[MsgId: MMSG-10544]


A_Patient_Register.c(90): Error: Query data from database failed	[MsgId: MERR-17999]
End auto log messages stack.	[MsgId: MMSG-10544]


Start auto log messages stack - Iteration 723.	[MsgId: MMSG-10545]
A_Patient_Register.c(36): Registering web_reg_save_param was successful  	[MsgId: MMSG-26390]
A_Patient_Register.c(38): Notify: Transaction "Patient operations_ Get2DCodeImage" started.	[MsgId: MMSG-16999]
A_Patient_Register.c(40): web_custom_request("Get2DCodeImage") started  	[MsgId: MMSG-26355]
A_Patient_Register.c(40): web_custom_request("Get2DCodeImage") was successful, 2640 body bytes, 231 header bytes  	[MsgId: MMSG-26386]
A_Patient_Register.c(53): web_get_int_property started  	[MsgId: MMSG-26355]
A_Patient_Register.c(53): web_get_int_property was successful  	[MsgId: MMSG-26392]
A_Patient_Register.c(74): Notify: Transaction "Patient operations_ Get2DCodeImage" ended with a "Pass" status (Duration: 0.2876 Wasted Time: 0.0000).	[MsgId: MMSG-16871]
A_Patient_Register.c(88): Error: MySQL server has gone away	[MsgId: MERR-17999]
A_Patient_Register.c(90): Error: Query data from database failed	[MsgId: MERR-17999]
End auto log messages stack.	[MsgId: MMSG-10544]


Start auto log messages stack - Iteration 707.	[MsgId: MMSG-10545]
A_Patient_Register.c(36): Registering web_reg_save_param was successful  	[MsgId: MMSG-26390]
A_Patient_Register.c(38): Notify: Transaction "Patient operations_ Get2DCodeImage" started.	[MsgId: MMSG-16999]
A_Patient_Register.c(40): web_custom_request("Get2DCodeImage") started  	[MsgId: MMSG-26355]
A_Patient_Register.c(40): web_custom_request("Get2DCodeImage") was successful, 2644 body bytes, 231 header bytes  	[MsgId: MMSG-26386]
A_Patient_Register.c(53): web_get_int_property started  	[MsgId: MMSG-26355]
A_Patient_Register.c(53): web_get_int_property was successful  	[MsgId: MMSG-26392]
A_Patient_Register.c(74): Notify: Transaction "Patient operations_ Get2DCodeImage" ended with a "Pass" status (Duration: 0.7974 Wasted Time: 0.0000).	[MsgId: MMSG-16871]
A_Patient_Register.c(88): Error: MySQL server has gone away	[MsgId: MERR-17999]
A_Patient_Register.c(90): Error: Query data from database failed	[MsgId: MERR-17999]
End auto log messages stack.	[MsgId: MMSG-10544]


Start auto log messages stack - Iteration 707.	[MsgId: MMSG-10545]
A_Patient_Register.c(36): Registering web_reg_save_param was successful  	[MsgId: MMSG-26390]
A_Patient_Register.c(38): Notify: Transaction "Patient operations_ Get2DCodeImage" started.	[MsgId: MMSG-16999]
A_Patient_Register.c(40): web_custom_request("Get2DCodeImage") started  	[MsgId: MMSG-26355]
A_Patient_Register.c(40): web_custom_request("Get2DCodeImage") was successful, 2640 body bytes, 231 header bytes  	[MsgId: MMSG-26386]
A_Patient_Register.c(53): web_get_int_property started  	[MsgId: MMSG-26355]
A_Patient_Register.c(53): web_get_int_property was successful  	[MsgId: MMSG-26392]
A_Patient_Register.c(74): Notify: Transaction "Patient operations_ Get2DCodeImage" ended with a "Pass" status (Duration: 0.4302 Wasted Time: 0.0001).	[MsgId: MMSG-16871]
A_Patient_Register.c(88): Error: MySQL server has gone away	[MsgId: MERR-17999]
A_Patient_Register.c(90): Error: Query data from database failed	[MsgId: MERR-17999]
End auto log messages stack.	[MsgId: MMSG-10544]


Start auto log messages stack - Iteration 722.	[MsgId: MMSG-10545]
A_Patient_Register.c(36): Registering web_reg_save_param was successful  	[MsgId: MMSG-26390]
A_Patient_Register.c(38): Notify: Transaction "Patient operations_ Get2DCodeImage" started.	[MsgId: MMSG-16999]
A_Patient_Register.c(40): web_custom_request("Get2DCodeImage") started  	[MsgId: MMSG-26355]
A_Patient_Register.c(40): web_custom_request("Get2DCodeImage") was successful, 2640 body bytes, 231 header bytes  	[MsgId: MMSG-26386]
A_Patient_Register.c(53): web_get_int_property started  	[MsgId: MMSG-26355]
A_Patient_Register.c(53): web_get_int_property was successful  	[MsgId: MMSG-26392]
A_Patient_Register.c(74): Notify: Transaction "Patient operations_ Get2DCodeImage" ended with a "Pass" status (Duration: 0.5058 Wasted Time: 0.0000).	[MsgId: MMSG-16871]
A_Patient_Register.c(88): Error: MySQL server has gone away	[MsgId: MERR-17999]
A_Patient_Register.c(90): Error: Query data from database failed	[MsgId: MERR-17999]
End auto log messages stack.	[MsgId: MMSG-10544]


Start auto log messages stack - Iteration 731.	[MsgId: MMSG-10545]
A_Patient_Register.c(36): Registering web_reg_save_param was successful  	[MsgId: MMSG-26390]
A_Patient_Register.c(38): Notify: Transaction "Patient operations_ Get2DCodeImage" started.	[MsgId: MMSG-16999]
A_Patient_Register.c(40): web_custom_request("Get2DCodeImage") started  	[MsgId: MMSG-26355]
A_Patient_Register.c(40): web_custom_request("Get2DCodeImage") was successful, 2632 body bytes, 231 header bytes  	[MsgId: MMSG-26386]
A_Patient_Register.c(53): web_get_int_property started  	[MsgId: MMSG-26355]
A_Patient_Register.c(53): web_get_int_property was successful  	[MsgId: MMSG-26392]
A_Patient_Register.c(74): Notify: Transaction "Patient operations_ Get2DCodeImage" ended with a "Pass" status (Duration: 0.3946 Wasted Time: 0.0000).	[MsgId: MMSG-16871]
A_Patient_Register.c(88): Error: MySQL server has gone away	[MsgId: MERR-17999]
A_Patient_Register.c(90): Error: Query data from database failed	[MsgId: MERR-17999]
End auto log messages stack.	[MsgId: MMSG-10544]


Start auto log messages stack - Iteration 720.	[MsgId: MMSG-10545]
A_Patient_Register.c(36): Registering web_reg_save_param was successful  	[MsgId: MMSG-26390]
A_Patient_Register.c(38): Notify: Transaction "Patient operations_ Get2DCodeImage" started.	[MsgId: MMSG-16999]
A_Patient_Register.c(40): web_custom_request("Get2DCodeImage") started  	[MsgId: MMSG-26355]
A_Patient_Register.c(40): web_custom_request("Get2DCodeImage") was successful, 2632 body bytes, 231 header bytes  	[MsgId: MMSG-26386]
A_Patient_Register.c(53): web_get_int_property started  	[MsgId: MMSG-26355]
A_Patient_Register.c(53): web_get_int_property was successful  	[MsgId: MMSG-26392]
A_Patient_Register.c(74): Notify: Transaction "Patient operations_ Get2DCodeImage" ended with a "Pass" status (Duration: 0.4550 Wasted Time: 0.0000).	[MsgId: MMSG-16871]
A_Patient_Register.c(88): Error: MySQL server has gone away	[MsgId: MERR-17999]
A_Patient_Register.c(90): Error: Query data from database failed	[MsgId: MERR-17999]
End auto log messages stack.	[MsgId: MMSG-10544]


Start auto log messages stack - Iteration 724.	[MsgId: MMSG-10545]
A_Patient_Register.c(36): Registering web_reg_save_param was successful  	[MsgId: MMSG-26390]
A_Patient_Register.c(38): Notify: Transaction "Patient operations_ Get2DCodeImage" started.	[MsgId: MMSG-16999]
A_Patient_Register.c(40): web_custom_request("Get2DCodeImage") started  	[MsgId: MMSG-26355]
A_Patient_Register.c(40): web_custom_request("Get2DCodeImage") was successful, 2632 body bytes, 231 header bytes  	[MsgId: MMSG-26386]
A_Patient_Register.c(53): web_get_int_property started  	[MsgId: MMSG-26355]
A_Patient_Register.c(53): web_get_int_property was successful  	[MsgId: MMSG-26392]
A_Patient_Register.c(74): Notify: Transaction "Patient operations_ Get2DCodeImage" ended with a "Pass" status (Duration: 0.6450 Wasted Time: 0.0000).	[MsgId: MMSG-16871]
A_Patient_Register.c(88): Error: MySQL server has gone away	[MsgId: MERR-17999]
A_Patient_Register.c(90): Error: Query data from database failed	[MsgId: MERR-17999]
End auto log messages stack.	[MsgId: MMSG-10544]


Start auto log messages stack - Iteration 722.	[MsgId: MMSG-10545]
A_Patient_Register.c(36): Registering web_reg_save_param was successful  	[MsgId: MMSG-26390]
A_Patient_Register.c(38): Notify: Transaction "Patient operations_ Get2DCodeImage" started.	[MsgId: MMSG-16999]
A_Patient_Register.c(40): web_custom_request("Get2DCodeImage") started  	[MsgId: MMSG-26355]
A_Patient_Register.c(40): web_custom_request("Get2DCodeImage") was successful, 2644 body bytes, 231 header bytes  	[MsgId: MMSG-26386]
A_Patient_Register.c(53): web_get_int_property started  	[MsgId: MMSG-26355]
A_Patient_Register.c(53): web_get_int_property was successful  	[MsgId: MMSG-26392]
A_Patient_Register.c(74): Notify: Transaction "Patient operations_ Get2DCodeImage" ended with a "Pass" status (Duration: 0.3978 Wasted Time: 0.0000).	[MsgId: MMSG-16871]
A_Patient_Register.c(88): Error: MySQL server has gone away	[MsgId: MERR-17999]
A_Patient_Register.c(90): Error: Query data from database failed	[MsgId: MERR-17999]
End auto log messages stack.	[MsgId: MMSG-10544]


Start auto log messages stack - Iteration 718.	[MsgId: MMSG-10545]
A_Patient_Register.c(36): Registering web_reg_save_param was successful  	[MsgId: MMSG-26390]
A_Patient_Register.c(38): Notify: Transaction "Patient operations_ Get2DCodeImage" started.	[MsgId: MMSG-16999]
A_Patient_Register.c(40): web_custom_request("Get2DCodeImage") started  	[MsgId: MMSG-26355]
A_Patient_Register.c(40): web_custom_request("Get2DCodeImage") was successful, 2636 body bytes, 231 header bytes  	[MsgId: MMSG-26386]
A_Patient_Register.c(53): web_get_int_property started  	[MsgId: MMSG-26355]
A_Patient_Register.c(53): web_get_int_property was successful  	[MsgId: MMSG-26392]
A_Patient_Register.c(74): Notify: Transaction "Patient operations_ Get2DCodeImage" ended with a "Pass" status (Duration: 0.5928 Wasted Time: 0.0000).	[MsgId: MMSG-16871]
A_Patient_Register.c(88): Error: MySQL server has gone away	[MsgId: MERR-17999]
A_Patient_Register.c(90): Error: Query data from database failed	[MsgId: MERR-17999]
End auto log messages stack.	[MsgId: MMSG-10544]


Start auto log messages stack - Iteration 727.	[MsgId: MMSG-10545]
A_Patient_Register.c(36): Registering web_reg_save_param was successful  	[MsgId: MMSG-26390]
A_Patient_Register.c(38): Notify: Transaction "Patient operations_ Get2DCodeImage" started.	[MsgId: MMSG-16999]
A_Patient_Register.c(40): web_custom_request("Get2DCodeImage") started  	[MsgId: MMSG-26355]
A_Patient_Register.c(40): web_custom_request("Get2DCodeImage") was successful, 2632 body bytes, 231 header bytes  	[MsgId: MMSG-26386]
A_Patient_Register.c(53): web_get_int_property started  	[MsgId: MMSG-26355]
A_Patient_Register.c(53): web_get_int_property was successful  	[MsgId: MMSG-26392]
A_Patient_Register.c(74): Notify: Transaction "Patient operations_ Get2DCodeImage" ended with a "Pass" status (Duration: 0.5134 Wasted Time: 0.0000).	[MsgId: MMSG-16871]
A_Patient_Register.c(88): Error: MySQL server has gone away	[MsgId: MERR-17999]
A_Patient_Register.c(90): Error: Query data from database failed	[MsgId: MERR-17999]
End auto log messages stack.	[MsgId: MMSG-10544]


Start auto log messages stack - Iteration 714.	[MsgId: MMSG-10545]
A_Patient_Register.c(36): Registering web_reg_save_param was successful  	[MsgId: MMSG-26390]
A_Patient_Register.c(38): Notify: Transaction "Patient operations_ Get2DCodeImage" started.	[MsgId: MMSG-16999]
A_Patient_Register.c(40): web_custom_request("Get2DCodeImage") started  	[MsgId: MMSG-26355]
A_Patient_Register.c(40): web_custom_request("Get2DCodeImage") was successful, 2640 body bytes, 231 header bytes  	[MsgId: MMSG-26386]
A_Patient_Register.c(53): web_get_int_property started  	[MsgId: MMSG-26355]
A_Patient_Register.c(53): web_get_int_property was successful  	[MsgId: MMSG-26392]
A_Patient_Register.c(74): Notify: Transaction "Patient operations_ Get2DCodeImage" ended with a "Pass" status (Duration: 0.3747 Wasted Time: 0.0000).	[MsgId: MMSG-16871]
A_Patient_Register.c(88): Error: MySQL server has gone away	[MsgId: MERR-17999]
A_Patient_Register.c(90): Error: Query data from database failed	[MsgId: MERR-17999]
End auto log messages stack.	[MsgId: MMSG-10544]


Start auto log messages stack - Iteration 708.	[MsgId: MMSG-10545]
A_Patient_Register.c(36): Registering web_reg_save_param was successful  	[MsgId: MMSG-26390]
A_Patient_Register.c(38): Notify: Transaction "Patient operations_ Get2DCodeImage" started.	[MsgId: MMSG-16999]
A_Patient_Register.c(40): web_custom_request("Get2DCodeImage") started  	[MsgId: MMSG-26355]
A_Patient_Register.c(40): web_custom_request("Get2DCodeImage") was successful, 2644 body bytes, 231 header bytes  	[MsgId: MMSG-26386]
A_Patient_Register.c(53): web_get_int_property started  	[MsgId: MMSG-26355]
A_Patient_Register.c(53): web_get_int_property was successful  	[MsgId: MMSG-26392]
A_Patient_Register.c(74): Notify: Transaction "Patient operations_ Get2DCodeImage" ended with a "Pass" status (Duration: 0.3614 Wasted Time: 0.0000).	[MsgId: MMSG-16871]
A_Patient_Register.c(88): Error: MySQL server has gone away	[MsgId: MERR-17999]
A_Patient_Register.c(90): Error: Query data from database failed	[MsgId: MERR-17999]
End auto log messages stack.	[MsgId: MMSG-10544]


Start auto log messages stack - Iteration 708.	[MsgId: MMSG-10545]
A_Patient_Register.c(36): Registering web_reg_save_param was successful  	[MsgId: MMSG-26390]
A_Patient_Register.c(38): Notify: Transaction "Patient operations_ Get2DCodeImage" started.	[MsgId: MMSG-16999]
A_Patient_Register.c(40): web_custom_request("Get2DCodeImage") started  	[MsgId: MMSG-26355]
A_Patient_Register.c(40): web_custom_request("Get2DCodeImage") was successful, 2636 body bytes, 231 header bytes  	[MsgId: MMSG-26386]
A_Patient_Register.c(53): web_get_int_property started  	[MsgId: MMSG-26355]
A_Patient_Register.c(53): web_get_int_property was successful  	[MsgId: MMSG-26392]
A_Patient_Register.c(74): Notify: Transaction "Patient operations_ Get2DCodeImage" ended with a "Pass" status (Duration: 0.5123 Wasted Time: 0.0000).	[MsgId: MMSG-16871]
A_Patient_Register.c(88): Error: MySQL server has gone away	[MsgId: MERR-17999]
A_Patient_Register.c(90): Error: Query data from database failed	[MsgId: MERR-17999]
End auto log messages stack.	[MsgId: MMSG-10544]


Start auto log messages stack - Iteration 723.	[MsgId: MMSG-10545]
A_Patient_Register.c(36): Registering web_reg_save_param was successful  	[MsgId: MMSG-26390]
A_Patient_Register.c(38): Notify: Transaction "Patient operations_ Get2DCodeImage" started.	[MsgId: MMSG-16999]
A_Patient_Register.c(40): web_custom_request("Get2DCodeImage") started  	[MsgId: MMSG-26355]
A_Patient_Register.c(40): web_custom_request("Get2DCodeImage") was successful, 2648 body bytes, 231 header bytes  	[MsgId: MMSG-26386]
A_Patient_Register.c(53): web_get_int_property started  	[MsgId: MMSG-26355]
A_Patient_Register.c(53): web_get_int_property was successful  	[MsgId: MMSG-26392]
A_Patient_Register.c(74): Notify: Transaction "Patient operations_ Get2DCodeImage" ended with a "Pass" status (Duration: 0.4073 Wasted Time: 0.0000).	[MsgId: MMSG-16871]
A_Patient_Register.c(88): Error: MySQL server has gone away	[MsgId: MERR-17999]
A_Patient_Register.c(90): Error: Query data from database failed	[MsgId: MERR-17999]
End auto log messages stack.	[MsgId: MMSG-10544]


Start auto log messages stack - Iteration 719.	[MsgId: MMSG-10545]
A_Patient_Register.c(36): Registering web_reg_save_param was successful  	[MsgId: MMSG-26390]
A_Patient_Register.c(38): Notify: Transaction "Patient operations_ Get2DCodeImage" started.	[MsgId: MMSG-16999]
A_Patient_Register.c(40): web_custom_request("Get2DCodeImage") started  	[MsgId: MMSG-26355]
A_Patient_Register.c(40): web_custom_request("Get2DCodeImage") was successful, 2640 body bytes, 231 header bytes  	[MsgId: MMSG-26386]
A_Patient_Register.c(53): web_get_int_property started  	[MsgId: MMSG-26355]
A_Patient_Register.c(53): web_get_int_property was successful  	[MsgId: MMSG-26392]
A_Patient_Register.c(74): Notify: Transaction "Patient operations_ Get2DCodeImage" ended with a "Pass" status (Duration: 0.7937 Wasted Time: 0.0000).	[MsgId: MMSG-16871]
A_Patient_Register.c(88): Error: MySQL server has gone away	[MsgId: MERR-17999]
A_Patient_Register.c(90): Error: Query data from database failed	[MsgId: MERR-17999]
End auto log messages stack.	[MsgId: MMSG-10544]


Start auto log messages stack - Iteration 723.	[MsgId: MMSG-10545]
A_Patient_Register.c(36): Registering web_reg_save_param was successful  	[MsgId: MMSG-26390]
A_Patient_Register.c(38): Notify: Transaction "Patient operations_ Get2DCodeImage" started.	[MsgId: MMSG-16999]
A_Patient_Register.c(40): web_custom_request("Get2DCodeImage") started  	[MsgId: MMSG-26355]
A_Patient_Register.c(40): web_custom_request("Get2DCodeImage") was successful, 2636 body bytes, 231 header bytes  	[MsgId: MMSG-26386]
A_Patient_Register.c(53): web_get_int_property started  	[MsgId: MMSG-26355]
A_Patient_Register.c(53): web_get_int_property was successful  	[MsgId: MMSG-26392]
A_Patient_Register.c(74): Notify: Transaction "Patient operations_ Get2DCodeImage" ended with a "Pass" status (Duration: 0.6368 Wasted Time: 0.0000).	[MsgId: MMSG-16871]
A_Patient_Register.c(88): Error: MySQL server has gone away	[MsgId: MERR-17999]
A_Patient_Register.c(90): Error: Query data from database failed	[MsgId: MERR-17999]
End auto log messages stack.	[MsgId: MMSG-10544]


Start auto log messages stack - Iteration 732.	[MsgId: MMSG-10545]
A_Patient_Register.c(36): Registering web_reg_save_param was successful  	[MsgId: MMSG-26390]
A_Patient_Register.c(38): Notify: Transaction "Patient operations_ Get2DCodeImage" started.	[MsgId: MMSG-16999]
A_Patient_Register.c(40): web_custom_request("Get2DCodeImage") started  	[MsgId: MMSG-26355]
A_Patient_Register.c(40): web_custom_request("Get2DCodeImage") was successful, 2640 body bytes, 231 header bytes  	[MsgId: MMSG-26386]
A_Patient_Register.c(53): web_get_int_property started  	[MsgId: MMSG-26355]
A_Patient_Register.c(53): web_get_int_property was successful  	[MsgId: MMSG-26392]
A_Patient_Register.c(74): Notify: Transaction "Patient operations_ Get2DCodeImage" ended with a "Pass" status (Duration: 0.7937 Wasted Time: 0.0000).	[MsgId: MMSG-16871]
A_Patient_Register.c(88): Error: MySQL server has gone away	[MsgId: MERR-17999]
A_Patient_Register.c(90): Error: Query data from database failed	[MsgId: MERR-17999]
End auto log messages stack.	[MsgId: MMSG-10544]


Start auto log messages stack - Iteration 721.	[MsgId: MMSG-10545]
A_Patient_Register.c(36): Registering web_reg_save_param was successful  	[MsgId: MMSG-26390]
A_Patient_Register.c(38): Notify: Transaction "Patient operations_ Get2DCodeImage" started.	[MsgId: MMSG-16999]
A_Patient_Register.c(40): web_custom_request("Get2DCodeImage") started  	[MsgId: MMSG-26355]
A_Patient_Register.c(40): web_custom_request("Get2DCodeImage") was successful, 2632 body bytes, 231 header bytes  	[MsgId: MMSG-26386]
A_Patient_Register.c(53): web_get_int_property started  	[MsgId: MMSG-26355]
A_Patient_Register.c(53): web_get_int_property was successful  	[MsgId: MMSG-26392]
A_Patient_Register.c(74): Notify: Transaction "Patient operations_ Get2DCodeImage" ended with a "Pass" status (Duration: 0.2788 Wasted Time: 0.0000).	[MsgId: MMSG-16871]
A_Patient_Register.c(88): Error: MySQL server has gone away	[MsgId: MERR-17999]
A_Patient_Register.c(90): Error: Query data from database failed	[MsgId: MERR-17999]
End auto log messages stack.	[MsgId: MMSG-10544]


Start auto log messages stack - Iteration 728.	[MsgId: MMSG-10545]
A_Patient_Register.c(36): Registering web_reg_save_param was successful  	[MsgId: MMSG-26390]
A_Patient_Register.c(38): Notify: Transaction "Patient operations_ Get2DCodeImage" started.	[MsgId: MMSG-16999]
A_Patient_Register.c(40): web_custom_request("Get2DCodeImage") started  	[MsgId: MMSG-26355]
A_Patient_Register.c(40): web_custom_request("Get2DCodeImage") was successful, 2648 body bytes, 231 header bytes  	[MsgId: MMSG-26386]
A_Patient_Register.c(53): web_get_int_property started  	[MsgId: MMSG-26355]
A_Patient_Register.c(53): web_get_int_property was successful  	[MsgId: MMSG-26392]
A_Patient_Register.c(74): Notify: Transaction "Patient operations_ Get2DCodeImage" ended with a "Pass" status (Duration: 0.3989 Wasted Time: 0.0000).	[MsgId: MMSG-16871]
A_Patient_Register.c(88): Error: MySQL server has gone away	[MsgId: MERR-17999]
A_Patient_Register.c(90): Error: Query data from database failed	[MsgId: MERR-17999]
End auto log messages stack.	[MsgId: MMSG-10544]


Start auto log messages stack - Iteration 725.	[MsgId: MMSG-10545]
A_Patient_Register.c(36): Registering web_reg_save_param was successful  	[MsgId: MMSG-26390]
A_Patient_Register.c(38): Notify: Transaction "Patient operations_ Get2DCodeImage" started.	[MsgId: MMSG-16999]
A_Patient_Register.c(40): web_custom_request("Get2DCodeImage") started  	[MsgId: MMSG-26355]
A_Patient_Register.c(40): web_custom_request("Get2DCodeImage") was successful, 2640 body bytes, 231 header bytes  	[MsgId: MMSG-26386]
A_Patient_Register.c(53): web_get_int_property started  	[MsgId: MMSG-26355]
A_Patient_Register.c(53): web_get_int_property was successful  	[MsgId: MMSG-26392]
A_Patient_Register.c(74): Notify: Transaction "Patient operations_ Get2DCodeImage" ended with a "Pass" status (Duration: 0.3511 Wasted Time: 0.0000).	[MsgId: MMSG-16871]
A_Patient_Register.c(88): Error: MySQL server has gone away	[MsgId: MERR-17999]
A_Patient_Register.c(90): Error: Query data from database failed	[MsgId: MERR-17999]
End auto log messages stack.	[MsgId: MMSG-10544]


Start auto log messages stack - Iteration 715.	[MsgId: MMSG-10545]
A_Patient_Register.c(36): Registering web_reg_save_param was successful  	[MsgId: MMSG-26390]
A_Patient_Register.c(38): Notify: Transaction "Patient operations_ Get2DCodeImage" started.	[MsgId: MMSG-16999]
A_Patient_Register.c(40): web_custom_request("Get2DCodeImage") started  	[MsgId: MMSG-26355]
A_Patient_Register.c(40): web_custom_request("Get2DCodeImage") was successful, 2632 body bytes, 231 header bytes  	[MsgId: MMSG-26386]
A_Patient_Register.c(53): web_get_int_property started  	[MsgId: MMSG-26355]
A_Patient_Register.c(53): web_get_int_property was successful  	[MsgId: MMSG-26392]
A_Patient_Register.c(74): Notify: Transaction "Patient operations_ Get2DCodeImage" ended with a "Pass" status (Duration: 0.5463 Wasted Time: 0.0000).	[MsgId: MMSG-16871]
A_Patient_Register.c(88): Error: MySQL server has gone away	[MsgId: MERR-17999]
A_Patient_Register.c(90): Error: Query data from database failed	[MsgId: MERR-17999]
End auto log messages stack.	[MsgId: MMSG-10544]


Start auto log messages stack - Iteration 709.	[MsgId: MMSG-10545]
A_Patient_Register.c(36): Registering web_reg_save_param was successful  	[MsgId: MMSG-26390]
A_Patient_Register.c(38): Notify: Transaction "Patient operations_ Get2DCodeImage" started.	[MsgId: MMSG-16999]
A_Patient_Register.c(40): web_custom_request("Get2DCodeImage") started  	[MsgId: MMSG-26355]
A_Patient_Register.c(40): web_custom_request("Get2DCodeImage") was successful, 2632 body bytes, 231 header bytes  	[MsgId: MMSG-26386]
A_Patient_Register.c(53): web_get_int_property started  	[MsgId: MMSG-26355]
A_Patient_Register.c(53): web_get_int_property was successful  	[MsgId: MMSG-26392]
A_Patient_Register.c(74): Notify: Transaction "Patient operations_ Get2DCodeImage" ended with a "Pass" status (Duration: 0.3843 Wasted Time: 0.0000).	[MsgId: MMSG-16871]
A_Patient_Register.c(88): Error: MySQL server has gone away	[MsgId: MERR-17999]
A_Patient_Register.c(90): Error: Query data from database failed	[MsgId: MERR-17999]
End auto log messages stack.	[MsgId: MMSG-10544]


Start auto log messages stack - Iteration 709.	[MsgId: MMSG-10545]
A_Patient_Register.c(36): Registering web_reg_save_param was successful  	[MsgId: MMSG-26390]
A_Patient_Register.c(38): Notify: Transaction "Patient operations_ Get2DCodeImage" started.	[MsgId: MMSG-16999]
A_Patient_Register.c(40): web_custom_request("Get2DCodeImage") started  	[MsgId: MMSG-26355]
A_Patient_Register.c(40): web_custom_request("Get2DCodeImage") was successful, 2640 body bytes, 231 header bytes  	[MsgId: MMSG-26386]
A_Patient_Register.c(53): web_get_int_property started  	[MsgId: MMSG-26355]
A_Patient_Register.c(53): web_get_int_property was successful  	[MsgId: MMSG-26392]
A_Patient_Register.c(74): Notify: Transaction "Patient operations_ Get2DCodeImage" ended with a "Pass" status (Duration: 0.5476 Wasted Time: 0.0000).	[MsgId: MMSG-16871]
A_Patient_Register.c(88): Error: MySQL server has gone away	[MsgId: MERR-17999]
A_Patient_Register.c(90): Error: Query data from database failed	[MsgId: MERR-17999]
End auto log messages stack.	[MsgId: MMSG-10544]


Start auto log messages stack - Iteration 724.	[MsgId: MMSG-10545]
A_Patient_Register.c(36): Registering web_reg_save_param was successful  	[MsgId: MMSG-26390]
A_Patient_Register.c(38): Notify: Transaction "Patient operations_ Get2DCodeImage" started.	[MsgId: MMSG-16999]
A_Patient_Register.c(40): web_custom_request("Get2DCodeImage") started  	[MsgId: MMSG-26355]
A_Patient_Register.c(40): web_custom_request("Get2DCodeImage") was successful, 2632 body bytes, 231 header bytes  	[MsgId: MMSG-26386]
A_Patient_Register.c(53): web_get_int_property started  	[MsgId: MMSG-26355]
A_Patient_Register.c(53): web_get_int_property was successful  	[MsgId: MMSG-26392]
A_Patient_Register.c(74): Notify: Transaction "Patient operations_ Get2DCodeImage" ended with a "Pass" status (Duration: 0.4461 Wasted Time: 0.0000).	[MsgId: MMSG-16871]
A_Patient_Register.c(88): Error: MySQL server has gone away	[MsgId: MERR-17999]
A_Patient_Register.c(90): Error: Query data from database failed	[MsgId: MERR-17999]
End auto log messages stack.	[MsgId: MMSG-10544]


Start auto log messages stack - Iteration 733.	[MsgId: MMSG-10545]
A_Patient_Register.c(36): Registering web_reg_save_param was successful  	[MsgId: MMSG-26390]
A_Patient_Register.c(38): Notify: Transaction "Patient operations_ Get2DCodeImage" started.	[MsgId: MMSG-16999]
A_Patient_Register.c(40): web_custom_request("Get2DCodeImage") started  	[MsgId: MMSG-26355]
A_Patient_Register.c(40): web_custom_request("Get2DCodeImage") was successful, 2648 body bytes, 231 header bytes  	[MsgId: MMSG-26386]
A_Patient_Register.c(53): web_get_int_property started  	[MsgId: MMSG-26355]
A_Patient_Register.c(53): web_get_int_property was successful  	[MsgId: MMSG-26392]
A_Patient_Register.c(74): Notify: Transaction "Patient operations_ Get2DCodeImage" ended with a "Pass" status (Duration: 0.5125 Wasted Time: 0.0002).	[MsgId: MMSG-16871]
A_Patient_Register.c(88): Error: MySQL server has gone away	[MsgId: MERR-17999]
A_Patient_Register.c(90): Error: Query data from database failed	[MsgId: MERR-17999]
End auto log messages stack.	[MsgId: MMSG-10544]


Start auto log messages stack - Iteration 722.	[MsgId: MMSG-10545]
A_Patient_Register.c(36): Registering web_reg_save_param was successful  	[MsgId: MMSG-26390]
A_Patient_Register.c(38): Notify: Transaction "Patient operations_ Get2DCodeImage" started.	[MsgId: MMSG-16999]
A_Patient_Register.c(40): web_custom_request("Get2DCodeImage") started  	[MsgId: MMSG-26355]
A_Patient_Register.c(40): web_custom_request("Get2DCodeImage") was successful, 2636 body bytes, 231 header bytes  	[MsgId: MMSG-26386]
A_Patient_Register.c(53): web_get_int_property started  	[MsgId: MMSG-26355]
A_Patient_Register.c(53): web_get_int_property was successful  	[MsgId: MMSG-26392]
A_Patient_Register.c(74): Notify: Transaction "Patient operations_ Get2DCodeImage" ended with a "Pass" status (Duration: 0.3768 Wasted Time: 0.0000).	[MsgId: MMSG-16871]
A_Patient_Register.c(88): Error: MySQL server has gone away	[MsgId: MERR-17999]
A_Patient_Register.c(90): Error: Query data from database failed	[MsgId: MERR-17999]
End auto log messages stack.	[MsgId: MMSG-10544]


Start auto log messages stack - Iteration 720.	[MsgId: MMSG-10545]
A_Patient_Register.c(36): Registering web_reg_save_param was successful  	[MsgId: MMSG-26390]
A_Patient_Register.c(38): Notify: Transaction "Patient operations_ Get2DCodeImage" started.	[MsgId: MMSG-16999]
A_Patient_Register.c(40): web_custom_request("Get2DCodeImage") started  	[MsgId: MMSG-26355]
A_Patient_Register.c(40): web_custom_request("Get2DCodeImage") was successful, 2628 body bytes, 231 header bytes  	[MsgId: MMSG-26386]
A_Patient_Register.c(53): web_get_int_property started  	[MsgId: MMSG-26355]
A_Patient_Register.c(53): web_get_int_property was successful  	[MsgId: MMSG-26392]
A_Patient_Register.c(74): Notify: Transaction "Patient operations_ Get2DCodeImage" ended with a "Pass" status (Duration: 0.4155 Wasted Time: 0.0000).	[MsgId: MMSG-16871]
A_Patient_Register.c(88): Error: MySQL server has gone away	[MsgId: MERR-17999]
A_Patient_Register.c(90): Error: Query data from database failed	[MsgId: MERR-17999]
End auto log messages stack.	[MsgId: MMSG-10544]


Start auto log messages stack - Iteration 724.	[MsgId: MMSG-10545]
A_Patient_Register.c(36): Registering web_reg_save_param was successful  	[MsgId: MMSG-26390]
A_Patient_Register.c(38): Notify: Transaction "Patient operations_ Get2DCodeImage" started.	[MsgId: MMSG-16999]
A_Patient_Register.c(40): web_custom_request("Get2DCodeImage") started  	[MsgId: MMSG-26355]
A_Patient_Register.c(40): web_custom_request("Get2DCodeImage") was successful, 2632 body bytes, 231 header bytes  	[MsgId: MMSG-26386]
A_Patient_Register.c(53): web_get_int_property started  	[MsgId: MMSG-26355]
A_Patient_Register.c(53): web_get_int_property was successful  	[MsgId: MMSG-26392]
A_Patient_Register.c(74): Notify: Transaction "Patient operations_ Get2DCodeImage" ended with a "Pass" status (Duration: 0.4377 Wasted Time: 0.0000).	[MsgId: MMSG-16871]
A_Patient_Register.c(88): Error: MySQL server has gone away	[MsgId: MERR-17999]
A_Patient_Register.c(90): Error: Query data from database failed	[MsgId: MERR-17999]
End auto log messages stack.	[MsgId: MMSG-10544]


Start auto log messages stack - Iteration 726.	[MsgId: MMSG-10545]
A_Patient_Register.c(36): Registering web_reg_save_param was successful  	[MsgId: MMSG-26390]
A_Patient_Register.c(38): Notify: Transaction "Patient operations_ Get2DCodeImage" started.	[MsgId: MMSG-16999]
A_Patient_Register.c(40): web_custom_request("Get2DCodeImage") started  	[MsgId: MMSG-26355]
A_Patient_Register.c(40): web_custom_request("Get2DCodeImage") was successful, 2640 body bytes, 231 header bytes  	[MsgId: MMSG-26386]
A_Patient_Register.c(53): web_get_int_property started  	[MsgId: MMSG-26355]
A_Patient_Register.c(53): web_get_int_property was successful  	[MsgId: MMSG-26392]
A_Patient_Register.c(74): Notify: Transaction "Patient operations_ Get2DCodeImage" ended with a "Pass" status (Duration: 1.8894 Wasted Time: 0.0000).	[MsgId: MMSG-16871]
A_Patient_Register.c(88): Error: MySQL server has gone away	[MsgId: MERR-17999]
A_Patient_Register.c(90): Error: Query data from database failed	[MsgId: MERR-17999]
End auto log messages stack.	[MsgId: MMSG-10544]


Start auto log messages stack - Iteration 729.	[MsgId: MMSG-10545]
A_Patient_Register.c(36): Registering web_reg_save_param was successful  	[MsgId: MMSG-26390]
A_Patient_Register.c(38): Notify: Transaction "Patient operations_ Get2DCodeImage" started.	[MsgId: MMSG-16999]
A_Patient_Register.c(40): web_custom_request("Get2DCodeImage") started  	[MsgId: MMSG-26355]
A_Patient_Register.c(40): web_custom_request("Get2DCodeImage") was successful, 2636 body bytes, 231 header bytes  	[MsgId: MMSG-26386]
A_Patient_Register.c(53): web_get_int_property started  	[MsgId: MMSG-26355]
A_Patient_Register.c(53): web_get_int_property was successful  	[MsgId: MMSG-26392]
A_Patient_Register.c(74): Notify: Transaction "Patient operations_ Get2DCodeImage" ended with a "Pass" status (Duration: 0.4918 Wasted Time: 0.0000).	[MsgId: MMSG-16871]
A_Patient_Register.c(88): Error: MySQL server has gone away	[MsgId: MERR-17999]
A_Patient_Register.c(90): Error: Query data from database failed	[MsgId: MERR-17999]
End auto log messages stack.	[MsgId: MMSG-10544]


Start auto log messages stack - Iteration 716.	[MsgId: MMSG-10545]
A_Patient_Register.c(36): Registering web_reg_save_param was successful  	[MsgId: MMSG-26390]
A_Patient_Register.c(38): Notify: Transaction "Patient operations_ Get2DCodeImage" started.	[MsgId: MMSG-16999]
A_Patient_Register.c(40): web_custom_request("Get2DCodeImage") started  	[MsgId: MMSG-26355]
A_Patient_Register.c(40): web_custom_request("Get2DCodeImage") was successful, 2632 body bytes, 231 header bytes  	[MsgId: MMSG-26386]
A_Patient_Register.c(53): web_get_int_property started  	[MsgId: MMSG-26355]
A_Patient_Register.c(53): web_get_int_property was successful  	[MsgId: MMSG-26392]
A_Patient_Register.c(74): Notify: Transaction "Patient operations_ Get2DCodeImage" ended with a "Pass" status (Duration: 0.4021 Wasted Time: 0.0000).	[MsgId: MMSG-16871]
A_Patient_Register.c(88): Error: MySQL server has gone away	[MsgId: MERR-17999]
A_Patient_Register.c(90): Error: Query data from database failed	[MsgId: MERR-17999]
End auto log messages stack.	[MsgId: MMSG-10544]


Start auto log messages stack - Iteration 721.	[MsgId: MMSG-10545]
A_Patient_Register.c(36): Registering web_reg_save_param was successful  	[MsgId: MMSG-26390]
A_Patient_Register.c(38): Notify: Transaction "Patient operations_ Get2DCodeImage" started.	[MsgId: MMSG-16999]
A_Patient_Register.c(40): web_custom_request("Get2DCodeImage") started  	[MsgId: MMSG-26355]
A_Patient_Register.c(40): web_custom_request("Get2DCodeImage") was successful, 2628 body bytes, 231 header bytes  	[MsgId: MMSG-26386]
A_Patient_Register.c(53): web_get_int_property started  	[MsgId: MMSG-26355]
A_Patient_Register.c(53): web_get_int_property was successful  	[MsgId: MMSG-26392]
A_Patient_Register.c(74): Notify: Transaction "Patient operations_ Get2DCodeImage" ended with a "Pass" status (Duration: 0.2403 Wasted Time: 0.0000).	[MsgId: MMSG-16871]
A_Patient_Register.c(88): Error: MySQL server has gone away	[MsgId: MERR-17999]
A_Patient_Register.c(90): Error: Query data from database failed	[MsgId: MERR-17999]
End auto log messages stack.	[MsgId: MMSG-10544]


Start auto log messages stack - Iteration 710.	[MsgId: MMSG-10545]
A_Patient_Register.c(36): Registering web_reg_save_param was successful  	[MsgId: MMSG-26390]
A_Patient_Register.c(38): Notify: Transaction "Patient operations_ Get2DCodeImage" started.	[MsgId: MMSG-16999]
A_Patient_Register.c(40): web_custom_request("Get2DCodeImage") started  	[MsgId: MMSG-26355]
A_Patient_Register.c(40): web_custom_request("Get2DCodeImage") was successful, 2632 body bytes, 231 header bytes  	[MsgId: MMSG-26386]
A_Patient_Register.c(53): web_get_int_property started  	[MsgId: MMSG-26355]
A_Patient_Register.c(53): web_get_int_property was successful  	[MsgId: MMSG-26392]
A_Patient_Register.c(74): Notify: Transaction "Patient operations_ Get2DCodeImage" ended with a "Pass" status (Duration: 0.4298 Wasted Time: 0.0000).	[MsgId: MMSG-16871]
A_Patient_Register.c(88): Error: MySQL server has gone away	[MsgId: MERR-17999]
A_Patient_Register.c(90): Error: Query data from database failed	[MsgId: MERR-17999]
End auto log messages stack.	[MsgId: MMSG-10544]


Start auto log messages stack - Iteration 723.	[MsgId: MMSG-10545]
A_Patient_Register.c(36): Registering web_reg_save_param was successful  	[MsgId: MMSG-26390]
A_Patient_Register.c(38): Notify: Transaction "Patient operations_ Get2DCodeImage" started.	[MsgId: MMSG-16999]
A_Patient_Register.c(40): web_custom_request("Get2DCodeImage") started  	[MsgId: MMSG-26355]
A_Patient_Register.c(40): web_custom_request("Get2DCodeImage") was successful, 2640 body bytes, 231 header bytes  	[MsgId: MMSG-26386]
A_Patient_Register.c(53): web_get_int_property started  	[MsgId: MMSG-26355]
A_Patient_Register.c(53): web_get_int_property was successful  	[MsgId: MMSG-26392]
A_Patient_Register.c(74): Notify: Transaction "Patient operations_ Get2DCodeImage" ended with a "Pass" status (Duration: 0.2571 Wasted Time: 0.0000).	[MsgId: MMSG-16871]
A_Patient_Register.c(88): Error: MySQL server has gone away	[MsgId: MERR-17999]
A_Patient_Register.c(90): Error: Query data from database failed	[MsgId: MERR-17999]
End auto log messages stack.	[MsgId: MMSG-10544]


Start auto log messages stack - Iteration 710.	[MsgId: MMSG-10545]
A_Patient_Register.c(36): Registering web_reg_save_param was successful  	[MsgId: MMSG-26390]
A_Patient_Register.c(38): Notify: Transaction "Patient operations_ Get2DCodeImage" started.	[MsgId: MMSG-16999]
A_Patient_Register.c(40): web_custom_request("Get2DCodeImage") started  	[MsgId: MMSG-26355]
A_Patient_Register.c(40): web_custom_request("Get2DCodeImage") was successful, 2624 body bytes, 231 header bytes  	[MsgId: MMSG-26386]
A_Patient_Register.c(53): web_get_int_property started  	[MsgId: MMSG-26355]
A_Patient_Register.c(53): web_get_int_property was successful  	[MsgId: MMSG-26392]
A_Patient_Register.c(74): Notify: Transaction "Patient operations_ Get2DCodeImage" ended with a "Pass" status (Duration: 0.3509 Wasted Time: 0.0002).	[MsgId: MMSG-16871]
A_Patient_Register.c(88): Error: MySQL server has gone away	[MsgId: MERR-17999]
A_Patient_Register.c(90): Error: Query data from database failed	[MsgId: MERR-17999]
End auto log messages stack.	[MsgId: MMSG-10544]


Start auto log messages stack - Iteration 734.	[MsgId: MMSG-10545]
A_Patient_Register.c(36): Registering web_reg_save_param was successful  	[MsgId: MMSG-26390]
A_Patient_Register.c(38): Notify: Transaction "Patient operations_ Get2DCodeImage" started.	[MsgId: MMSG-16999]
A_Patient_Register.c(40): web_custom_request("Get2DCodeImage") started  	[MsgId: MMSG-26355]
A_Patient_Register.c(40): web_custom_request("Get2DCodeImage") was successful, 2624 body bytes, 231 header bytes  	[MsgId: MMSG-26386]
A_Patient_Register.c(53): web_get_int_property started  	[MsgId: MMSG-26355]
A_Patient_Register.c(53): web_get_int_property was successful  	[MsgId: MMSG-26392]
A_Patient_Register.c(74): Notify: Transaction "Patient operations_ Get2DCodeImage" ended with a "Pass" status (Duration: 0.3582 Wasted Time: 0.0000).	[MsgId: MMSG-16871]
A_Patient_Register.c(88): Error: MySQL server has gone away	[MsgId: MERR-17999]
A_Patient_Register.c(90): Error: Query data from database failed	[MsgId: MERR-17999]
End auto log messages stack.	[MsgId: MMSG-10544]


Start auto log messages stack - Iteration 725.	[MsgId: MMSG-10545]
A_Patient_Register.c(36): Registering web_reg_save_param was successful  	[MsgId: MMSG-26390]
A_Patient_Register.c(38): Notify: Transaction "Patient operations_ Get2DCodeImage" started.	[MsgId: MMSG-16999]
A_Patient_Register.c(40): web_custom_request("Get2DCodeImage") started  	[MsgId: MMSG-26355]
A_Patient_Register.c(40): web_custom_request("Get2DCodeImage") was successful, 2636 body bytes, 231 header bytes  	[MsgId: MMSG-26386]
A_Patient_Register.c(53): web_get_int_property started  	[MsgId: MMSG-26355]
A_Patient_Register.c(53): web_get_int_property was successful  	[MsgId: MMSG-26392]
A_Patient_Register.c(74): Notify: Transaction "Patient operations_ Get2DCodeImage" ended with a "Pass" status (Duration: 0.4617 Wasted Time: 0.0000).	[MsgId: MMSG-16871]
A_Patient_Register.c(88): Error: MySQL server has gone away	[MsgId: MERR-17999]
A_Patient_Register.c(90): Error: Query data from database failed	[MsgId: MERR-17999]
End auto log messages stack.	[MsgId: MMSG-10544]


Start auto log messages stack - Iteration 725.	[MsgId: MMSG-10545]
A_Patient_Register.c(36): Registering web_reg_save_param was successful  	[MsgId: MMSG-26390]
A_Patient_Register.c(38): Notify: Transaction "Patient operations_ Get2DCodeImage" started.	[MsgId: MMSG-16999]
A_Patient_Register.c(40): web_custom_request("Get2DCodeImage") started  	[MsgId: MMSG-26355]
A_Patient_Register.c(40): web_custom_request("Get2DCodeImage") was successful, 2632 body bytes, 231 header bytes  	[MsgId: MMSG-26386]
A_Patient_Register.c(53): web_get_int_property started  	[MsgId: MMSG-26355]
A_Patient_Register.c(53): web_get_int_property was successful  	[MsgId: MMSG-26392]
A_Patient_Register.c(74): Notify: Transaction "Patient operations_ Get2DCodeImage" ended with a "Pass" status (Duration: 0.9255 Wasted Time: 0.0000).	[MsgId: MMSG-16871]
A_Patient_Register.c(88): Error: MySQL server has gone away	[MsgId: MERR-17999]
A_Patient_Register.c(90): Error: Query data from database failed	[MsgId: MERR-17999]
End auto log messages stack.	[MsgId: MMSG-10544]


Start auto log messages stack - Iteration 727.	[MsgId: MMSG-10545]
A_Patient_Register.c(36): Registering web_reg_save_param was successful  	[MsgId: MMSG-26390]
A_Patient_Register.c(38): Notify: Transaction "Patient operations_ Get2DCodeImage" started.	[MsgId: MMSG-16999]
A_Patient_Register.c(40): web_custom_request("Get2DCodeImage") started  	[MsgId: MMSG-26355]
A_Patient_Register.c(40): web_custom_request("Get2DCodeImage") was successful, 2636 body bytes, 231 header bytes  	[MsgId: MMSG-26386]
A_Patient_Register.c(53): web_get_int_property started  	[MsgId: MMSG-26355]
A_Patient_Register.c(53): web_get_int_property was successful  	[MsgId: MMSG-26392]
A_Patient_Register.c(74): Notify: Transaction "Patient operations_ Get2DCodeImage" ended with a "Pass" status (Duration: 0.8128 Wasted Time: 0.0002).	[MsgId: MMSG-16871]
A_Patient_Register.c(88): Error: MySQL server has gone away	[MsgId: MERR-17999]
A_Patient_Register.c(90): Error: Query data from database failed	[MsgId: MERR-17999]
End auto log messages stack.	[MsgId: MMSG-10544]


Start auto log messages stack - Iteration 711.	[MsgId: MMSG-10545]
A_Patient_Register.c(36): Registering web_reg_save_param was successful  	[MsgId: MMSG-26390]
A_Patient_Register.c(38): Notify: Transaction "Patient operations_ Get2DCodeImage" started.	[MsgId: MMSG-16999]
A_Patient_Register.c(40): web_custom_request("Get2DCodeImage") started  	[MsgId: MMSG-26355]
A_Patient_Register.c(40): web_custom_request("Get2DCodeImage") was successful, 2636 body bytes, 231 header bytes  	[MsgId: MMSG-26386]
A_Patient_Register.c(53): web_get_int_property started  	[MsgId: MMSG-26355]
A_Patient_Register.c(53): web_get_int_property was successful  	[MsgId: MMSG-26392]
A_Patient_Register.c(74): Notify: Transaction "Patient operations_ Get2DCodeImage" ended with a "Pass" status (Duration: 0.4756 Wasted Time: 0.0000).	[MsgId: MMSG-16871]
A_Patient_Register.c(88): Error: MySQL server has gone away	[MsgId: MERR-17999]
A_Patient_Register.c(90): Error: Query data from database failed	[MsgId: MERR-17999]
End auto log messages stack.	[MsgId: MMSG-10544]


Start auto log messages stack - Iteration 724.	[MsgId: MMSG-10545]
A_Patient_Register.c(36): Registering web_reg_save_param was successful  	[MsgId: MMSG-26390]
A_Patient_Register.c(38): Notify: Transaction "Patient operations_ Get2DCodeImage" started.	[MsgId: MMSG-16999]
A_Patient_Register.c(40): web_custom_request("Get2DCodeImage") started  	[MsgId: MMSG-26355]
A_Patient_Register.c(40): web_custom_request("Get2DCodeImage") was successful, 2648 body bytes, 231 header bytes  	[MsgId: MMSG-26386]
A_Patient_Register.c(53): web_get_int_property started  	[MsgId: MMSG-26355]
A_Patient_Register.c(53): web_get_int_property was successful  	[MsgId: MMSG-26392]
A_Patient_Register.c(74): Notify: Transaction "Patient operations_ Get2DCodeImage" ended with a "Pass" status (Duration: 0.5741 Wasted Time: 0.0000).	[MsgId: MMSG-16871]
A_Patient_Register.c(86): Error: C interpreter run time error: A_Patient_Register.c (86):  Error -- memory violation : Exception ACCESS_VIOLATION received.	[MsgId: MERR-19890]
End auto log messages stack.	[MsgId: MMSG-10544]


Start auto log messages stack - Iteration 724.	[MsgId: MMSG-10545]
Ending Vuser...	[MsgId: MMSG-15966]
Starting action vuser_end.	[MsgId: MMSG-15919]
vuser_end.c(3): Error: C interpreter run time error: vuser_end.c (3):  Error -- memory violation : Exception ACCESS_VIOLATION received.	[MsgId: MERR-19890]
Start auto log messages stack - Iteration 730.	[MsgId: MMSG-10545]
A_Patient_Register.c(36): Registering web_reg_save_param was successful  	[MsgId: MMSG-26390]
A_Patient_Register.c(38): Notify: Transaction "Patient operations_ Get2DCodeImage" started.	[MsgId: MMSG-16999]
A_Patient_Register.c(40): web_custom_request("Get2DCodeImage") started  	[MsgId: MMSG-26355]
A_Patient_Register.c(40): web_custom_request("Get2DCodeImage") was successful, 2628 body bytes, 231 header bytes  	[MsgId: MMSG-26386]
A_Patient_Register.c(53): web_get_int_property started  	[MsgId: MMSG-26355]
A_Patient_Register.c(53): web_get_int_property was successful  	[MsgId: MMSG-26392]
A_Patient_Register.c(74): Notify: Transaction "Patient operations_ Get2DCodeImage" ended with a "Pass" status (Duration: 0.4795 Wasted Time: 0.0000).	[MsgId: MMSG-16871]
A_Patient_Register.c(88): Error: MySQL server has gone away	[MsgId: MERR-17999]
