Start auto log messages stack - Iteration 1.	[MsgId: MMSG-10545]
Starting action A_Patient_Register.	[MsgId: MMSG-15919]
A_Patient_Register.c(19): web_set_max_html_param_len started  	[MsgId: MMSG-26355]
A_Patient_Register.c(19): web_set_max_html_param_len was successful  	[MsgId: MMSG-26392]
A_Patient_Register.c(36): web_reg_save_param started  	[MsgId: MMSG-26355]
A_Patient_Register.c(36): Registering web_reg_save_param was successful  	[MsgId: MMSG-26390]
A_Patient_Register.c(38): Notify: Transaction "Patient operations_ Get2DCodeImage" started.	[MsgId: MMSG-16999]
A_Patient_Register.c(40): web_custom_request("Get2DCodeImage") started  	[MsgId: MMSG-26355]
A_Patient_Register.c(40): Continuing after Error -27492: "HttpSendRequest" failed, Windows error code=12029 (cannot connect) and retry limit (0) exceeded for URL="http://10.184.129.203/CenterInfoServer/CenterPrintService.asmx"  	[MsgId: MERR-27492]
A_Patient_Register.c(40): Continuing after Error -26377: No match found for the requested parameter "Get2DCodeImageResult". Either the specified boundaries were not found in the response or the matched text is longer than current max html parameter size of 10240 bytes. The total length of the response is 0 bytes. You can use "web_set_max_html_param_len" to increase the max parameter size.  	[MsgId: MERR-26377]
A_Patient_Register.c(40): Continuing after Error -26374: The above "not found" error(s) may be explained by header and body byte counts being 0 and 0, respectively.  	[MsgId: MERR-26374]
End auto log messages stack.	[MsgId: MMSG-10544]


Start auto log messages stack - Iteration 1.	[MsgId: MMSG-10545]
A_Patient_Register.c(40): web_custom_request("Get2DCodeImage") highest severity level was "continue on error", 0 body bytes, 0 header bytes  	[MsgId: MMSG-26388]
A_Patient_Register.c(40): Continuing after error in Vuser script.	[MsgId: MMSG-10678]
A_Patient_Register.c(53): web_get_int_property started  	[MsgId: MMSG-26355]
A_Patient_Register.c(53): web_get_int_property was successful  	[MsgId: MMSG-26392]
A_Patient_Register.c(57): Error: Get2DCodeImage from CS operations failed. The http return code is -1	[MsgId: MERR-17999]
End auto log messages stack.	[MsgId: MMSG-10544]


Start auto log messages stack - Iteration 2.	[MsgId: MMSG-10545]
Starting action A_Patient_Register.	[MsgId: MMSG-15919]
A_Patient_Register.c(19): web_set_max_html_param_len started  	[MsgId: MMSG-26355]
A_Patient_Register.c(19): web_set_max_html_param_len was successful  	[MsgId: MMSG-26392]
A_Patient_Register.c(36): web_reg_save_param started  	[MsgId: MMSG-26355]
A_Patient_Register.c(36): Registering web_reg_save_param was successful  	[MsgId: MMSG-26390]
A_Patient_Register.c(38): Notify: Transaction "Patient operations_ Get2DCodeImage" started.	[MsgId: MMSG-16999]
A_Patient_Register.c(40): web_custom_request("Get2DCodeImage") started  	[MsgId: MMSG-26355]
A_Patient_Register.c(40): Continuing after Error -27492: "HttpSendRequest" failed, Windows error code=12029 (cannot connect) and retry limit (0) exceeded for URL="http://10.184.129.203/CenterInfoServer/CenterPrintService.asmx"  	[MsgId: MERR-27492]
A_Patient_Register.c(40): Continuing after Error -26377: No match found for the requested parameter "Get2DCodeImageResult". Either the specified boundaries were not found in the response or the matched text is longer than current max html parameter size of 10240 bytes. The total length of the response is 0 bytes. You can use "web_set_max_html_param_len" to increase the max parameter size.  	[MsgId: MERR-26377]
A_Patient_Register.c(40): Continuing after Error -26374: The above "not found" error(s) may be explained by header and body byte counts being 0 and 0, respectively.  	[MsgId: MERR-26374]
End auto log messages stack.	[MsgId: MMSG-10544]


Start auto log messages stack - Iteration 2.	[MsgId: MMSG-10545]
A_Patient_Register.c(40): web_custom_request("Get2DCodeImage") highest severity level was "continue on error", 0 body bytes, 0 header bytes  	[MsgId: MMSG-26388]
A_Patient_Register.c(40): Continuing after error in Vuser script.	[MsgId: MMSG-10678]
A_Patient_Register.c(53): web_get_int_property started  	[MsgId: MMSG-26355]
A_Patient_Register.c(53): web_get_int_property was successful  	[MsgId: MMSG-26392]
A_Patient_Register.c(57): Error: Get2DCodeImage from CS operations failed. The http return code is -1	[MsgId: MERR-17999]
End auto log messages stack.	[MsgId: MMSG-10544]


Start auto log messages stack - Iteration 3.	[MsgId: MMSG-10545]
Starting action A_Patient_Register.	[MsgId: MMSG-15919]
A_Patient_Register.c(19): web_set_max_html_param_len started  	[MsgId: MMSG-26355]
A_Patient_Register.c(19): web_set_max_html_param_len was successful  	[MsgId: MMSG-26392]
A_Patient_Register.c(36): web_reg_save_param started  	[MsgId: MMSG-26355]
A_Patient_Register.c(36): Registering web_reg_save_param was successful  	[MsgId: MMSG-26390]
A_Patient_Register.c(38): Notify: Transaction "Patient operations_ Get2DCodeImage" started.	[MsgId: MMSG-16999]
A_Patient_Register.c(40): web_custom_request("Get2DCodeImage") started  	[MsgId: MMSG-26355]
A_Patient_Register.c(40): Continuing after Error -27492: "HttpSendRequest" failed, Windows error code=12029 (cannot connect) and retry limit (0) exceeded for URL="http://10.184.129.203/CenterInfoServer/CenterPrintService.asmx"  	[MsgId: MERR-27492]
A_Patient_Register.c(40): Continuing after Error -26377: No match found for the requested parameter "Get2DCodeImageResult". Either the specified boundaries were not found in the response or the matched text is longer than current max html parameter size of 10240 bytes. The total length of the response is 0 bytes. You can use "web_set_max_html_param_len" to increase the max parameter size.  	[MsgId: MERR-26377]
A_Patient_Register.c(40): Continuing after Error -26374: The above "not found" error(s) may be explained by header and body byte counts being 0 and 0, respectively.  	[MsgId: MERR-26374]
End auto log messages stack.	[MsgId: MMSG-10544]


Start auto log messages stack - Iteration 3.	[MsgId: MMSG-10545]
A_Patient_Register.c(40): web_custom_request("Get2DCodeImage") highest severity level was "continue on error", 0 body bytes, 0 header bytes  	[MsgId: MMSG-26388]
A_Patient_Register.c(40): Continuing after error in Vuser script.	[MsgId: MMSG-10678]
A_Patient_Register.c(53): web_get_int_property started  	[MsgId: MMSG-26355]
A_Patient_Register.c(53): web_get_int_property was successful  	[MsgId: MMSG-26392]
A_Patient_Register.c(57): Error: Get2DCodeImage from CS operations failed. The http return code is -1	[MsgId: MERR-17999]
End auto log messages stack.	[MsgId: MMSG-10544]


Start auto log messages stack - Iteration 4.	[MsgId: MMSG-10545]
Starting action A_Patient_Register.	[MsgId: MMSG-15919]
A_Patient_Register.c(19): web_set_max_html_param_len started  	[MsgId: MMSG-26355]
A_Patient_Register.c(19): web_set_max_html_param_len was successful  	[MsgId: MMSG-26392]
A_Patient_Register.c(36): web_reg_save_param started  	[MsgId: MMSG-26355]
A_Patient_Register.c(36): Registering web_reg_save_param was successful  	[MsgId: MMSG-26390]
A_Patient_Register.c(38): Notify: Transaction "Patient operations_ Get2DCodeImage" started.	[MsgId: MMSG-16999]
A_Patient_Register.c(40): web_custom_request("Get2DCodeImage") started  	[MsgId: MMSG-26355]
A_Patient_Register.c(40): Continuing after Error -27492: "HttpSendRequest" failed, Windows error code=12029 (cannot connect) and retry limit (0) exceeded for URL="http://10.184.129.203/CenterInfoServer/CenterPrintService.asmx"  	[MsgId: MERR-27492]
A_Patient_Register.c(40): Continuing after Error -26377: No match found for the requested parameter "Get2DCodeImageResult". Either the specified boundaries were not found in the response or the matched text is longer than current max html parameter size of 10240 bytes. The total length of the response is 0 bytes. You can use "web_set_max_html_param_len" to increase the max parameter size.  	[MsgId: MERR-26377]
A_Patient_Register.c(40): Continuing after Error -26374: The above "not found" error(s) may be explained by header and body byte counts being 0 and 0, respectively.  	[MsgId: MERR-26374]
End auto log messages stack.	[MsgId: MMSG-10544]


Start auto log messages stack - Iteration 4.	[MsgId: MMSG-10545]
A_Patient_Register.c(40): web_custom_request("Get2DCodeImage") highest severity level was "continue on error", 0 body bytes, 0 header bytes  	[MsgId: MMSG-26388]
A_Patient_Register.c(40): Continuing after error in Vuser script.	[MsgId: MMSG-10678]
A_Patient_Register.c(53): web_get_int_property started  	[MsgId: MMSG-26355]
A_Patient_Register.c(53): web_get_int_property was successful  	[MsgId: MMSG-26392]
A_Patient_Register.c(57): Error: Get2DCodeImage from CS operations failed. The http return code is -1	[MsgId: MERR-17999]
End auto log messages stack.	[MsgId: MMSG-10544]


Start auto log messages stack - Iteration 5.	[MsgId: MMSG-10545]
Starting action A_Patient_Register.	[MsgId: MMSG-15919]
A_Patient_Register.c(19): web_set_max_html_param_len started  	[MsgId: MMSG-26355]
A_Patient_Register.c(19): web_set_max_html_param_len was successful  	[MsgId: MMSG-26392]
A_Patient_Register.c(36): web_reg_save_param started  	[MsgId: MMSG-26355]
A_Patient_Register.c(36): Registering web_reg_save_param was successful  	[MsgId: MMSG-26390]
A_Patient_Register.c(38): Notify: Transaction "Patient operations_ Get2DCodeImage" started.	[MsgId: MMSG-16999]
A_Patient_Register.c(40): web_custom_request("Get2DCodeImage") started  	[MsgId: MMSG-26355]
A_Patient_Register.c(40): Continuing after Error -27492: "HttpSendRequest" failed, Windows error code=12029 (cannot connect) and retry limit (0) exceeded for URL="http://10.184.129.203/CenterInfoServer/CenterPrintService.asmx"  	[MsgId: MERR-27492]
A_Patient_Register.c(40): Continuing after Error -26377: No match found for the requested parameter "Get2DCodeImageResult". Either the specified boundaries were not found in the response or the matched text is longer than current max html parameter size of 10240 bytes. The total length of the response is 0 bytes. You can use "web_set_max_html_param_len" to increase the max parameter size.  	[MsgId: MERR-26377]
A_Patient_Register.c(40): Continuing after Error -26374: The above "not found" error(s) may be explained by header and body byte counts being 0 and 0, respectively.  	[MsgId: MERR-26374]
End auto log messages stack.	[MsgId: MMSG-10544]


Start auto log messages stack - Iteration 5.	[MsgId: MMSG-10545]
A_Patient_Register.c(40): web_custom_request("Get2DCodeImage") highest severity level was "continue on error", 0 body bytes, 0 header bytes  	[MsgId: MMSG-26388]
A_Patient_Register.c(40): Continuing after error in Vuser script.	[MsgId: MMSG-10678]
A_Patient_Register.c(53): web_get_int_property started  	[MsgId: MMSG-26355]
A_Patient_Register.c(53): web_get_int_property was successful  	[MsgId: MMSG-26392]
A_Patient_Register.c(57): Error: Get2DCodeImage from CS operations failed. The http return code is -1	[MsgId: MERR-17999]
End auto log messages stack.	[MsgId: MMSG-10544]


