Start auto log messages stack - Iteration 2.	[MsgId: MMSG-10545]
Starting action A_Patient_Register.	[MsgId: MMSG-15919]
A_Patient_Register.c(19): web_set_max_html_param_len started  	[MsgId: MMSG-26355]
A_Patient_Register.c(19): web_set_max_html_param_len was successful  	[MsgId: MMSG-26392]
A_Patient_Register.c(36): web_reg_save_param started  	[MsgId: MMSG-26355]
A_Patient_Register.c(36): Registering web_reg_save_param was successful  	[MsgId: MMSG-26390]
A_Patient_Register.c(38): Notify: Transaction "Patient operations_ Get2DCodeImage" started.	[MsgId: MMSG-16999]
A_Patient_Register.c(40): web_custom_request("Get2DCodeImage") started  	[MsgId: MMSG-26355]
A_Patient_Register.c(40): Continuing after Error -27492: "HttpSendRequest" failed, Windows error code=12029 (cannot connect) and retry limit (0) exceeded for URL="http://10.184.129.203/CenterInfoServer/CenterPrintService.asmx"  	[MsgId: MERR-27492]
A_Patient_Register.c(40): Continuing after Error -26377: No match found for the requested parameter "Get2DCodeImageResult". Either the specified boundaries were not found in the response or the matched text is longer than current max html parameter size of 10240 bytes. The total length of the response is 0 bytes. You can use "web_set_max_html_param_len" to increase the max parameter size.  	[MsgId: MERR-26377]
A_Patient_Register.c(40): Continuing after Error -26374: The above "not found" error(s) may be explained by header and body byte counts being 0 and 0, respectively.  	[MsgId: MERR-26374]
End auto log messages stack.	[MsgId: MMSG-10544]


Start auto log messages stack - Iteration 2.	[MsgId: MMSG-10545]
A_Patient_Register.c(40): web_custom_request("Get2DCodeImage") highest severity level was "continue on error", 0 body bytes, 0 header bytes  	[MsgId: MMSG-26388]
A_Patient_Register.c(40): Continuing after error in Vuser script.	[MsgId: MMSG-10678]
A_Patient_Register.c(53): web_get_int_property started  	[MsgId: MMSG-26355]
A_Patient_Register.c(53): web_get_int_property was successful  	[MsgId: MMSG-26392]
A_Patient_Register.c(57): Error: Get2DCodeImage from CS operations failed. The http return code is -1	[MsgId: MERR-17999]
End auto log messages stack.	[MsgId: MMSG-10544]


Start auto log messages stack - Iteration 2.	[MsgId: MMSG-10545]
B_Patient_ReportOperation_Query.c(123): web_get_int_property was successful  	[MsgId: MMSG-26392]
B_Patient_ReportOperation_Query.c(160): count is: 1	[MsgId: MMSG-17999]
B_Patient_ReportOperation_Query.c(164): ROWCOUNT is: 1	[MsgId: MMSG-17999]
B_Patient_ReportOperation_Query.c(193): web_reg_save_param started  	[MsgId: MMSG-26355]
B_Patient_ReportOperation_Query.c(193): Registering web_reg_save_param was successful  	[MsgId: MMSG-26390]
B_Patient_ReportOperation_Query.c(195): Notify: Transaction "Report Update Paper report" started.	[MsgId: MMSG-16999]
B_Patient_ReportOperation_Query.c(197): web_custom_request("Update Paper report Print status") started  	[MsgId: MMSG-26355]
B_Patient_ReportOperation_Query.c(197): Continuing after Error -27492: "HttpSendRequest" failed, Windows error code=12029 (cannot connect) and retry limit (0) exceeded for URL="http://10.184.129.203/CenterInfoServer/CenterPrintService.asmx"  	[MsgId: MERR-27492]
B_Patient_ReportOperation_Query.c(197): Continuing after Error -26377: No match found for the requested parameter "HttpResult". Either the specified boundaries were not found in the response or the matched text is longer than current max html parameter size of 10240 bytes. The total length of the response is 0 bytes. You can use "web_set_max_html_param_len" to increase the max parameter size.  	[MsgId: MERR-26377]
B_Patient_ReportOperation_Query.c(197): Continuing after Error -26374: The above "not found" error(s) may be explained by header and body byte counts being 0 and 0, respectively.  	[MsgId: MERR-26374]
End auto log messages stack.	[MsgId: MMSG-10544]


Start auto log messages stack - Iteration 2.	[MsgId: MMSG-10545]
B_Patient_ReportOperation_Query.c(211): Notify: The 2nd error message associated with transaction "Report Update Paper report" is "Error -26377: No match found for the requested parameter "HttpResult". Either the specified boundaries were not found in the response or the matched text is longer than current max html parameter size of 10240 bytes. The total length of the response is 0 bytes. You can use "web_set_max_html_param_len" to increase the max parameter size."	[MsgId: MMSG-16819]
B_Patient_ReportOperation_Query.c(211): Notify: The 3rd error message associated with transaction "Report Update Paper report" is "Error -26374: The above "not found" error(s) may be explained by header and body byte counts being 0 and 0, respectively."	[MsgId: MMSG-16819]
B_Patient_ReportOperation_Query.c(214): web_get_int_property started  	[MsgId: MMSG-26355]
B_Patient_ReportOperation_Query.c(214): web_get_int_property was successful  	[MsgId: MMSG-26392]
B_Patient_ReportOperation_Query.c(218): Error: PS Synchronize update PaperReport failed. The http return code is -1	[MsgId: MERR-17999]
End auto log messages stack.	[MsgId: MMSG-10544]


Start auto log messages stack - Iteration 2.	[MsgId: MMSG-10545]
C_Patient_FilmOperation_Query.c(120): web_get_int_property started  	[MsgId: MMSG-26355]
C_Patient_FilmOperation_Query.c(120): web_get_int_property was successful  	[MsgId: MMSG-26392]
C_Patient_FilmOperation_Query.c(157): count is: 1	[MsgId: MMSG-17999]
C_Patient_FilmOperation_Query.c(161): ROWCOUNT is: 1	[MsgId: MMSG-17999]
C_Patient_FilmOperation_Query.c(190): web_reg_save_param started  	[MsgId: MMSG-26355]
C_Patient_FilmOperation_Query.c(190): Registering web_reg_save_param was successful  	[MsgId: MMSG-26390]
C_Patient_FilmOperation_Query.c(192): Notify: Transaction "Film Update Film" started.	[MsgId: MMSG-16999]
C_Patient_FilmOperation_Query.c(194): web_custom_request("Update Paper report Print status") started  	[MsgId: MMSG-26355]
C_Patient_FilmOperation_Query.c(194): Continuing after Error -27492: "HttpSendRequest" failed, Windows error code=12029 (cannot connect) and retry limit (0) exceeded for URL="http://10.184.129.203/CenterInfoServer/CenterPrintService.asmx"  	[MsgId: MERR-27492]
C_Patient_FilmOperation_Query.c(194): Continuing after Error -26377: No match found for the requested parameter "HttpResult". Either the specified boundaries were not found in the response or the matched text is longer than current max html parameter size of 10240 bytes. The total length of the response is 0 bytes. You can use "web_set_max_html_param_len" to increase the max parameter size.  	[MsgId: MERR-26377]
C_Patient_FilmOperation_Query.c(194): Continuing after Error -26374: The above "not found" error(s) may be explained by header and body byte counts being 0 and 0, respectively.  	[MsgId: MERR-26374]
End auto log messages stack.	[MsgId: MMSG-10544]


Start auto log messages stack - Iteration 2.	[MsgId: MMSG-10545]
C_Patient_FilmOperation_Query.c(208): Notify: The 2nd error message associated with transaction "Film Update Film" is "Error -26377: No match found for the requested parameter "HttpResult". Either the specified boundaries were not found in the response or the matched text is longer than current max html parameter size of 10240 bytes. The total length of the response is 0 bytes. You can use "web_set_max_html_param_len" to increase the max parameter size."	[MsgId: MMSG-16819]
C_Patient_FilmOperation_Query.c(208): Notify: The 3rd error message associated with transaction "Film Update Film" is "Error -26374: The above "not found" error(s) may be explained by header and body byte counts being 0 and 0, respectively."	[MsgId: MMSG-16819]
C_Patient_FilmOperation_Query.c(211): web_get_int_property started  	[MsgId: MMSG-26355]
C_Patient_FilmOperation_Query.c(211): web_get_int_property was successful  	[MsgId: MMSG-26392]
C_Patient_FilmOperation_Query.c(215): Error: PS Synchronize Update film failed. The http return code is -1	[MsgId: MERR-17999]
End auto log messages stack.	[MsgId: MMSG-10544]


Start auto log messages stack - Iteration 2.	[MsgId: MMSG-10545]
Starting action A_Patient_Register.	[MsgId: MMSG-15919]
A_Patient_Register.c(19): web_set_max_html_param_len started  	[MsgId: MMSG-26355]
A_Patient_Register.c(19): web_set_max_html_param_len was successful  	[MsgId: MMSG-26392]
A_Patient_Register.c(36): web_reg_save_param started  	[MsgId: MMSG-26355]
A_Patient_Register.c(36): Registering web_reg_save_param was successful  	[MsgId: MMSG-26390]
A_Patient_Register.c(38): Notify: Transaction "Patient operations_ Get2DCodeImage" started.	[MsgId: MMSG-16999]
A_Patient_Register.c(40): web_custom_request("Get2DCodeImage") started  	[MsgId: MMSG-26355]
A_Patient_Register.c(40): Continuing after Error -27492: "HttpSendRequest" failed, Windows error code=12029 (cannot connect) and retry limit (0) exceeded for URL="http://10.184.129.203/CenterInfoServer/CenterPrintService.asmx"  	[MsgId: MERR-27492]
A_Patient_Register.c(40): Continuing after Error -26377: No match found for the requested parameter "Get2DCodeImageResult". Either the specified boundaries were not found in the response or the matched text is longer than current max html parameter size of 10240 bytes. The total length of the response is 0 bytes. You can use "web_set_max_html_param_len" to increase the max parameter size.  	[MsgId: MERR-26377]
A_Patient_Register.c(40): Continuing after Error -26374: The above "not found" error(s) may be explained by header and body byte counts being 0 and 0, respectively.  	[MsgId: MERR-26374]
End auto log messages stack.	[MsgId: MMSG-10544]


Start auto log messages stack - Iteration 2.	[MsgId: MMSG-10545]
A_Patient_Register.c(40): web_custom_request("Get2DCodeImage") highest severity level was "continue on error", 0 body bytes, 0 header bytes  	[MsgId: MMSG-26388]
A_Patient_Register.c(40): Continuing after error in Vuser script.	[MsgId: MMSG-10678]
A_Patient_Register.c(53): web_get_int_property started  	[MsgId: MMSG-26355]
A_Patient_Register.c(53): web_get_int_property was successful  	[MsgId: MMSG-26392]
A_Patient_Register.c(57): Error: Get2DCodeImage from CS operations failed. The http return code is -1	[MsgId: MERR-17999]
End auto log messages stack.	[MsgId: MMSG-10544]


Start auto log messages stack - Iteration 2.	[MsgId: MMSG-10545]
B_Patient_ReportOperation_Query.c(123): web_get_int_property was successful  	[MsgId: MMSG-26392]
B_Patient_ReportOperation_Query.c(160): count is: 1	[MsgId: MMSG-17999]
B_Patient_ReportOperation_Query.c(164): ROWCOUNT is: 1	[MsgId: MMSG-17999]
B_Patient_ReportOperation_Query.c(193): web_reg_save_param started  	[MsgId: MMSG-26355]
B_Patient_ReportOperation_Query.c(193): Registering web_reg_save_param was successful  	[MsgId: MMSG-26390]
B_Patient_ReportOperation_Query.c(195): Notify: Transaction "Report Update Paper report" started.	[MsgId: MMSG-16999]
B_Patient_ReportOperation_Query.c(197): web_custom_request("Update Paper report Print status") started  	[MsgId: MMSG-26355]
B_Patient_ReportOperation_Query.c(197): Continuing after Error -27492: "HttpSendRequest" failed, Windows error code=12029 (cannot connect) and retry limit (0) exceeded for URL="http://10.184.129.203/CenterInfoServer/CenterPrintService.asmx"  	[MsgId: MERR-27492]
B_Patient_ReportOperation_Query.c(197): Continuing after Error -26377: No match found for the requested parameter "HttpResult". Either the specified boundaries were not found in the response or the matched text is longer than current max html parameter size of 10240 bytes. The total length of the response is 0 bytes. You can use "web_set_max_html_param_len" to increase the max parameter size.  	[MsgId: MERR-26377]
B_Patient_ReportOperation_Query.c(197): Continuing after Error -26374: The above "not found" error(s) may be explained by header and body byte counts being 0 and 0, respectively.  	[MsgId: MERR-26374]
End auto log messages stack.	[MsgId: MMSG-10544]


Start auto log messages stack - Iteration 2.	[MsgId: MMSG-10545]
B_Patient_ReportOperation_Query.c(211): Notify: The 2nd error message associated with transaction "Report Update Paper report" is "Error -26377: No match found for the requested parameter "HttpResult". Either the specified boundaries were not found in the response or the matched text is longer than current max html parameter size of 10240 bytes. The total length of the response is 0 bytes. You can use "web_set_max_html_param_len" to increase the max parameter size."	[MsgId: MMSG-16819]
B_Patient_ReportOperation_Query.c(211): Notify: The 3rd error message associated with transaction "Report Update Paper report" is "Error -26374: The above "not found" error(s) may be explained by header and body byte counts being 0 and 0, respectively."	[MsgId: MMSG-16819]
B_Patient_ReportOperation_Query.c(214): web_get_int_property started  	[MsgId: MMSG-26355]
B_Patient_ReportOperation_Query.c(214): web_get_int_property was successful  	[MsgId: MMSG-26392]
B_Patient_ReportOperation_Query.c(218): Error: PS Synchronize update PaperReport failed. The http return code is -1	[MsgId: MERR-17999]
End auto log messages stack.	[MsgId: MMSG-10544]


Start auto log messages stack - Iteration 1.	[MsgId: MMSG-10545]
Start auto log messages stack - Iteration 1.	[MsgId: MMSG-10545]
C_Patient_FilmOperation_Query.c(120): web_get_int_property started  	[MsgId: MMSG-26355]
C_Patient_FilmOperation_Query.c(120): web_get_int_property was successful  	[MsgId: MMSG-26392]
B_Patient_ReportOperation_Query.c(123): web_get_int_property was successful  	[MsgId: MMSG-26392]
C_Patient_FilmOperation_Query.c(157): count is: 1	[MsgId: MMSG-17999]
B_Patient_ReportOperation_Query.c(160): count is: 1	[MsgId: MMSG-17999]
C_Patient_FilmOperation_Query.c(161): ROWCOUNT is: 1	[MsgId: MMSG-17999]
B_Patient_ReportOperation_Query.c(164): ROWCOUNT is: 1	[MsgId: MMSG-17999]
C_Patient_FilmOperation_Query.c(190): web_reg_save_param started  	[MsgId: MMSG-26355]
B_Patient_ReportOperation_Query.c(193): web_reg_save_param started  	[MsgId: MMSG-26355]
C_Patient_FilmOperation_Query.c(190): Registering web_reg_save_param was successful  	[MsgId: MMSG-26390]
B_Patient_ReportOperation_Query.c(193): Registering web_reg_save_param was successful  	[MsgId: MMSG-26390]
C_Patient_FilmOperation_Query.c(192): Notify: Transaction "Film Update Film" started.	[MsgId: MMSG-16999]
C_Patient_FilmOperation_Query.c(194): web_custom_request("Update Paper report Print status") started  	[MsgId: MMSG-26355]
C_Patient_FilmOperation_Query.c(194): Continuing after Error -27492: "HttpSendRequest" failed, Windows error code=12029 (cannot connect) and retry limit (0) exceeded for URL="http://10.184.129.203/CenterInfoServer/CenterPrintService.asmx"  	[MsgId: MERR-27492]
C_Patient_FilmOperation_Query.c(194): Continuing after Error -26377: No match found for the requested parameter "HttpResult". Either the specified boundaries were not found in the response or the matched text is longer than current max html parameter size of 10240 bytes. The total length of the response is 0 bytes. You can use "web_set_max_html_param_len" to increase the max parameter size.  	[MsgId: MERR-26377]
C_Patient_FilmOperation_Query.c(194): Continuing after Error -26374: The above "not found" error(s) may be explained by header and body byte counts being 0 and 0, respectively.  	[MsgId: MERR-26374]
B_Patient_ReportOperation_Query.c(195): Notify: Transaction "Report Update Paper report" started.	[MsgId: MMSG-16999]
End auto log messages stack.	[MsgId: MMSG-10544]
B_Patient_ReportOperation_Query.c(197): web_custom_request("Update Paper report Print status") started  	[MsgId: MMSG-26355]


B_Patient_ReportOperation_Query.c(197): Continuing after Error -27492: "HttpSendRequest" failed, Windows error code=12029 (cannot connect) and retry limit (0) exceeded for URL="http://10.184.129.203/CenterInfoServer/CenterPrintService.asmx"  	[MsgId: MERR-27492]
B_Patient_ReportOperation_Query.c(197): Continuing after Error -26377: No match found for the requested parameter "HttpResult". Either the specified boundaries were not found in the response or the matched text is longer than current max html parameter size of 10240 bytes. The total length of the response is 0 bytes. You can use "web_set_max_html_param_len" to increase the max parameter size.  	[MsgId: MERR-26377]
Start auto log messages stack - Iteration 1.	[MsgId: MMSG-10545]
C_Patient_FilmOperation_Query.c(208): Notify: The 2nd error message associated with transaction "Film Update Film" is "Error -26377: No match found for the requested parameter "HttpResult". Either the specified boundaries were not found in the response or the matched text is longer than current max html parameter size of 10240 bytes. The total length of the response is 0 bytes. You can use "web_set_max_html_param_len" to increase the max parameter size."	[MsgId: MMSG-16819]
B_Patient_ReportOperation_Query.c(197): Continuing after Error -26374: The above "not found" error(s) may be explained by header and body byte counts being 0 and 0, respectively.  	[MsgId: MERR-26374]
C_Patient_FilmOperation_Query.c(208): Notify: The 3rd error message associated with transaction "Film Update Film" is "Error -26374: The above "not found" error(s) may be explained by header and body byte counts being 0 and 0, respectively."	[MsgId: MMSG-16819]
C_Patient_FilmOperation_Query.c(211): web_get_int_property started  	[MsgId: MMSG-26355]
C_Patient_FilmOperation_Query.c(211): web_get_int_property was successful  	[MsgId: MMSG-26392]
C_Patient_FilmOperation_Query.c(215): Error: PS Synchronize Update film failed. The http return code is -1	[MsgId: MERR-17999]
End auto log messages stack.	[MsgId: MMSG-10544]


End auto log messages stack.	[MsgId: MMSG-10544]


Start auto log messages stack - Iteration 1.	[MsgId: MMSG-10545]
B_Patient_ReportOperation_Query.c(211): Notify: The 2nd error message associated with transaction "Report Update Paper report" is "Error -26377: No match found for the requested parameter "HttpResult". Either the specified boundaries were not found in the response or the matched text is longer than current max html parameter size of 10240 bytes. The total length of the response is 0 bytes. You can use "web_set_max_html_param_len" to increase the max parameter size."	[MsgId: MMSG-16819]
B_Patient_ReportOperation_Query.c(211): Notify: The 3rd error message associated with transaction "Report Update Paper report" is "Error -26374: The above "not found" error(s) may be explained by header and body byte counts being 0 and 0, respectively."	[MsgId: MMSG-16819]
B_Patient_ReportOperation_Query.c(214): web_get_int_property started  	[MsgId: MMSG-26355]
B_Patient_ReportOperation_Query.c(214): web_get_int_property was successful  	[MsgId: MMSG-26392]
B_Patient_ReportOperation_Query.c(218): Error: PS Synchronize update PaperReport failed. The http return code is -1	[MsgId: MERR-17999]
End auto log messages stack.	[MsgId: MMSG-10544]


Start auto log messages stack - Iteration 2.	[MsgId: MMSG-10545]
Starting action A_Patient_Register.	[MsgId: MMSG-15919]
A_Patient_Register.c(19): web_set_max_html_param_len started  	[MsgId: MMSG-26355]
A_Patient_Register.c(19): web_set_max_html_param_len was successful  	[MsgId: MMSG-26392]
A_Patient_Register.c(36): web_reg_save_param started  	[MsgId: MMSG-26355]
A_Patient_Register.c(36): Registering web_reg_save_param was successful  	[MsgId: MMSG-26390]
A_Patient_Register.c(38): Notify: Transaction "Patient operations_ Get2DCodeImage" started.	[MsgId: MMSG-16999]
A_Patient_Register.c(40): web_custom_request("Get2DCodeImage") started  	[MsgId: MMSG-26355]
A_Patient_Register.c(40): Continuing after Error -27492: "HttpSendRequest" failed, Windows error code=12029 (cannot connect) and retry limit (0) exceeded for URL="http://10.184.129.203/CenterInfoServer/CenterPrintService.asmx"  	[MsgId: MERR-27492]
A_Patient_Register.c(40): Continuing after Error -26377: No match found for the requested parameter "Get2DCodeImageResult". Either the specified boundaries were not found in the response or the matched text is longer than current max html parameter size of 10240 bytes. The total length of the response is 0 bytes. You can use "web_set_max_html_param_len" to increase the max parameter size.  	[MsgId: MERR-26377]
A_Patient_Register.c(40): Continuing after Error -26374: The above "not found" error(s) may be explained by header and body byte counts being 0 and 0, respectively.  	[MsgId: MERR-26374]
End auto log messages stack.	[MsgId: MMSG-10544]


Start auto log messages stack - Iteration 2.	[MsgId: MMSG-10545]
A_Patient_Register.c(40): web_custom_request("Get2DCodeImage") highest severity level was "continue on error", 0 body bytes, 0 header bytes  	[MsgId: MMSG-26388]
A_Patient_Register.c(40): Continuing after error in Vuser script.	[MsgId: MMSG-10678]
A_Patient_Register.c(53): web_get_int_property started  	[MsgId: MMSG-26355]
A_Patient_Register.c(53): web_get_int_property was successful  	[MsgId: MMSG-26392]
A_Patient_Register.c(57): Error: Get2DCodeImage from CS operations failed. The http return code is -1	[MsgId: MERR-17999]
End auto log messages stack.	[MsgId: MMSG-10544]


Start auto log messages stack - Iteration 3.	[MsgId: MMSG-10545]
Starting action A_Patient_Register.	[MsgId: MMSG-15919]
A_Patient_Register.c(19): web_set_max_html_param_len started  	[MsgId: MMSG-26355]
A_Patient_Register.c(19): web_set_max_html_param_len was successful  	[MsgId: MMSG-26392]
A_Patient_Register.c(36): web_reg_save_param started  	[MsgId: MMSG-26355]
A_Patient_Register.c(36): Registering web_reg_save_param was successful  	[MsgId: MMSG-26390]
A_Patient_Register.c(38): Notify: Transaction "Patient operations_ Get2DCodeImage" started.	[MsgId: MMSG-16999]
A_Patient_Register.c(40): web_custom_request("Get2DCodeImage") started  	[MsgId: MMSG-26355]
A_Patient_Register.c(40): Continuing after Error -27492: "HttpSendRequest" failed, Windows error code=12029 (cannot connect) and retry limit (0) exceeded for URL="http://10.184.129.203/CenterInfoServer/CenterPrintService.asmx"  	[MsgId: MERR-27492]
A_Patient_Register.c(40): Continuing after Error -26377: No match found for the requested parameter "Get2DCodeImageResult". Either the specified boundaries were not found in the response or the matched text is longer than current max html parameter size of 10240 bytes. The total length of the response is 0 bytes. You can use "web_set_max_html_param_len" to increase the max parameter size.  	[MsgId: MERR-26377]
A_Patient_Register.c(40): Continuing after Error -26374: The above "not found" error(s) may be explained by header and body byte counts being 0 and 0, respectively.  	[MsgId: MERR-26374]
End auto log messages stack.	[MsgId: MMSG-10544]


Start auto log messages stack - Iteration 3.	[MsgId: MMSG-10545]
A_Patient_Register.c(40): web_custom_request("Get2DCodeImage") highest severity level was "continue on error", 0 body bytes, 0 header bytes  	[MsgId: MMSG-26388]
A_Patient_Register.c(40): Continuing after error in Vuser script.	[MsgId: MMSG-10678]
A_Patient_Register.c(53): web_get_int_property started  	[MsgId: MMSG-26355]
A_Patient_Register.c(53): web_get_int_property was successful  	[MsgId: MMSG-26392]
A_Patient_Register.c(57): Error: Get2DCodeImage from CS operations failed. The http return code is -1	[MsgId: MERR-17999]
End auto log messages stack.	[MsgId: MMSG-10544]


Start auto log messages stack - Iteration 2.	[MsgId: MMSG-10545]
Starting action A_Patient_Register.	[MsgId: MMSG-15919]
A_Patient_Register.c(19): web_set_max_html_param_len started  	[MsgId: MMSG-26355]
A_Patient_Register.c(19): web_set_max_html_param_len was successful  	[MsgId: MMSG-26392]
A_Patient_Register.c(36): web_reg_save_param started  	[MsgId: MMSG-26355]
A_Patient_Register.c(36): Registering web_reg_save_param was successful  	[MsgId: MMSG-26390]
A_Patient_Register.c(38): Notify: Transaction "Patient operations_ Get2DCodeImage" started.	[MsgId: MMSG-16999]
A_Patient_Register.c(40): web_custom_request("Get2DCodeImage") started  	[MsgId: MMSG-26355]
A_Patient_Register.c(40): Continuing after Error -27492: "HttpSendRequest" failed, Windows error code=12029 (cannot connect) and retry limit (0) exceeded for URL="http://10.184.129.203/CenterInfoServer/CenterPrintService.asmx"  	[MsgId: MERR-27492]
A_Patient_Register.c(40): Continuing after Error -26377: No match found for the requested parameter "Get2DCodeImageResult". Either the specified boundaries were not found in the response or the matched text is longer than current max html parameter size of 10240 bytes. The total length of the response is 0 bytes. You can use "web_set_max_html_param_len" to increase the max parameter size.  	[MsgId: MERR-26377]
A_Patient_Register.c(40): Continuing after Error -26374: The above "not found" error(s) may be explained by header and body byte counts being 0 and 0, respectively.  	[MsgId: MERR-26374]
End auto log messages stack.	[MsgId: MMSG-10544]


Start auto log messages stack - Iteration 2.	[MsgId: MMSG-10545]
A_Patient_Register.c(40): web_custom_request("Get2DCodeImage") highest severity level was "continue on error", 0 body bytes, 0 header bytes  	[MsgId: MMSG-26388]
A_Patient_Register.c(40): Continuing after error in Vuser script.	[MsgId: MMSG-10678]
A_Patient_Register.c(53): web_get_int_property started  	[MsgId: MMSG-26355]
A_Patient_Register.c(53): web_get_int_property was successful  	[MsgId: MMSG-26392]
A_Patient_Register.c(57): Error: Get2DCodeImage from CS operations failed. The http return code is -1	[MsgId: MERR-17999]
End auto log messages stack.	[MsgId: MMSG-10544]


