Start auto log messages stack - Iteration 1.	[MsgId: MMSG-10545]
A_Patient_Register.c(59): web_get_int_property started  	[MsgId: MMSG-26355]
A_Patient_Register.c(59): web_get_int_property was successful  	[MsgId: MMSG-26392]
A_Patient_Register.c(80): Notify: Transaction "Patient operations_ Get2DCodeImage" ended with a "Pass" status (Duration: 1.3498 Wasted Time: 0.0000).	[MsgId: MMSG-16871]
A_Patient_Register.c(118): 1525245302	[MsgId: MMSG-17999]
A_Patient_Register.c(121): web_reg_save_param started  	[MsgId: MMSG-26355]
A_Patient_Register.c(121): Registering web_reg_save_param was successful  	[MsgId: MMSG-26390]
A_Patient_Register.c(123): Notify: Transaction "GetPatientQRID" started.	[MsgId: MMSG-16999]
A_Patient_Register.c(125): web_custom_request("web_custom_request") started  	[MsgId: MMSG-26355]
A_Patient_Register.c(125): Continuing after Error -26612: HTTP Status-Code=500 (Internal Server Error) for "http://47.98.102.85/CSService/CSService.asmx"  	[MsgId: MERR-26612]
A_Patient_Register.c(125): Continuing after Error -26377: No match found for the requested parameter "GetPatientQRIDResult". Either the specified boundaries were not found in the response or the matched text is longer than current max html parameter size of 10240 bytes. The total length of the response is 1141 bytes. You can use "web_set_max_html_param_len" to increase the max parameter size.  	[MsgId: MERR-26377]
End auto log messages stack.	[MsgId: MMSG-10544]


Start auto log messages stack - Iteration 1.	[MsgId: MMSG-10545]
A_Patient_Register.c(59): web_get_int_property started  	[MsgId: MMSG-26355]
A_Patient_Register.c(59): web_get_int_property was successful  	[MsgId: MMSG-26392]
A_Patient_Register.c(80): Notify: Transaction "Patient operations_ Get2DCodeImage" ended with a "Pass" status (Duration: 0.4587 Wasted Time: 0.0000).	[MsgId: MMSG-16871]
A_Patient_Register.c(118): 1525245305	[MsgId: MMSG-17999]
A_Patient_Register.c(121): web_reg_save_param started  	[MsgId: MMSG-26355]
A_Patient_Register.c(121): Registering web_reg_save_param was successful  	[MsgId: MMSG-26390]
A_Patient_Register.c(123): Notify: Transaction "GetPatientQRID" started.	[MsgId: MMSG-16999]
A_Patient_Register.c(125): web_custom_request("web_custom_request") started  	[MsgId: MMSG-26355]
A_Patient_Register.c(125): Continuing after Error -26612: HTTP Status-Code=500 (Internal Server Error) for "http://47.98.102.85/CSService/CSService.asmx"  	[MsgId: MERR-26612]
A_Patient_Register.c(125): Continuing after Error -26377: No match found for the requested parameter "GetPatientQRIDResult". Either the specified boundaries were not found in the response or the matched text is longer than current max html parameter size of 10240 bytes. The total length of the response is 1141 bytes. You can use "web_set_max_html_param_len" to increase the max parameter size.  	[MsgId: MERR-26377]
End auto log messages stack.	[MsgId: MMSG-10544]


Start auto log messages stack - Iteration 2.	[MsgId: MMSG-10545]
A_Patient_Register.c(59): web_get_int_property started  	[MsgId: MMSG-26355]
A_Patient_Register.c(59): web_get_int_property was successful  	[MsgId: MMSG-26392]
A_Patient_Register.c(80): Notify: Transaction "Patient operations_ Get2DCodeImage" ended with a "Pass" status (Duration: 0.2788 Wasted Time: 0.0000).	[MsgId: MMSG-16871]
A_Patient_Register.c(118): 1525245308	[MsgId: MMSG-17999]
A_Patient_Register.c(121): web_reg_save_param started  	[MsgId: MMSG-26355]
A_Patient_Register.c(121): Registering web_reg_save_param was successful  	[MsgId: MMSG-26390]
A_Patient_Register.c(123): Notify: Transaction "GetPatientQRID" started.	[MsgId: MMSG-16999]
A_Patient_Register.c(125): web_custom_request("web_custom_request") started  	[MsgId: MMSG-26355]
A_Patient_Register.c(125): Continuing after Error -26612: HTTP Status-Code=500 (Internal Server Error) for "http://47.98.102.85/CSService/CSService.asmx"  	[MsgId: MERR-26612]
A_Patient_Register.c(125): Continuing after Error -26377: No match found for the requested parameter "GetPatientQRIDResult". Either the specified boundaries were not found in the response or the matched text is longer than current max html parameter size of 10240 bytes. The total length of the response is 1141 bytes. You can use "web_set_max_html_param_len" to increase the max parameter size.  	[MsgId: MERR-26377]
End auto log messages stack.	[MsgId: MMSG-10544]


Start auto log messages stack - Iteration 2.	[MsgId: MMSG-10545]
Starting action A_Patient_Register.	[MsgId: MMSG-15919]
A_Patient_Register.c(25): web_set_max_html_param_len started  	[MsgId: MMSG-26355]
A_Patient_Register.c(25): web_set_max_html_param_len was successful  	[MsgId: MMSG-26392]
A_Patient_Register.c(42): web_reg_save_param started  	[MsgId: MMSG-26355]
A_Patient_Register.c(42): Registering web_reg_save_param was successful  	[MsgId: MMSG-26390]
A_Patient_Register.c(44): Notify: Transaction "Patient operations_ Get2DCodeImage" started.	[MsgId: MMSG-16999]
A_Patient_Register.c(46): web_custom_request("Get2DCodeImage") started  	[MsgId: MMSG-26355]
A_Patient_Register.c(46): Continuing after Error -26612: HTTP Status-Code=500 (Internal Server Error) for "http://47.98.102.85/CenterInfoServer/CenterPrintService.asmx"  	[MsgId: MERR-26612]
A_Patient_Register.c(46): Continuing after Error -26377: No match found for the requested parameter "Get2DCodeImageResult". Either the specified boundaries were not found in the response or the matched text is longer than current max html parameter size of 10240 bytes. The total length of the response is 459 bytes. You can use "web_set_max_html_param_len" to increase the max parameter size.  	[MsgId: MERR-26377]
End auto log messages stack.	[MsgId: MMSG-10544]


Start auto log messages stack - Iteration 2.	[MsgId: MMSG-10545]
A_Patient_Register.c(46): web_custom_request("Get2DCodeImage") highest severity level was "continue on error", 459 body bytes, 239 header bytes  	[MsgId: MMSG-26388]
A_Patient_Register.c(46): Continuing after error in Vuser script.	[MsgId: MMSG-10678]
A_Patient_Register.c(59): web_get_int_property started  	[MsgId: MMSG-26355]
A_Patient_Register.c(59): web_get_int_property was successful  	[MsgId: MMSG-26392]
A_Patient_Register.c(63): Error: Get2DCodeImage from CS operations failed. The http return code is 500	[MsgId: MERR-17999]
End auto log messages stack.	[MsgId: MMSG-10544]


Start auto log messages stack - Iteration 1.	[MsgId: MMSG-10545]
Starting action A_Patient_Register.	[MsgId: MMSG-15919]
A_Patient_Register.c(25): web_set_max_html_param_len started  	[MsgId: MMSG-26355]
A_Patient_Register.c(25): web_set_max_html_param_len was successful  	[MsgId: MMSG-26392]
A_Patient_Register.c(42): web_reg_save_param started  	[MsgId: MMSG-26355]
A_Patient_Register.c(42): Registering web_reg_save_param was successful  	[MsgId: MMSG-26390]
A_Patient_Register.c(44): Notify: Transaction "Patient operations_ Get2DCodeImage" started.	[MsgId: MMSG-16999]
A_Patient_Register.c(46): web_custom_request("Get2DCodeImage") started  	[MsgId: MMSG-26355]
A_Patient_Register.c(46): Continuing after Error -26612: HTTP Status-Code=500 (Internal Server Error) for "http://47.98.102.85/CenterInfoServer/CenterPrintService.asmx"  	[MsgId: MERR-26612]
A_Patient_Register.c(46): Continuing after Error -26377: No match found for the requested parameter "Get2DCodeImageResult". Either the specified boundaries were not found in the response or the matched text is longer than current max html parameter size of 10240 bytes. The total length of the response is 459 bytes. You can use "web_set_max_html_param_len" to increase the max parameter size.  	[MsgId: MERR-26377]
End auto log messages stack.	[MsgId: MMSG-10544]


Start auto log messages stack - Iteration 1.	[MsgId: MMSG-10545]
A_Patient_Register.c(46): web_custom_request("Get2DCodeImage") highest severity level was "continue on error", 459 body bytes, 239 header bytes  	[MsgId: MMSG-26388]
A_Patient_Register.c(46): Continuing after error in Vuser script.	[MsgId: MMSG-10678]
A_Patient_Register.c(59): web_get_int_property started  	[MsgId: MMSG-26355]
A_Patient_Register.c(59): web_get_int_property was successful  	[MsgId: MMSG-26392]
A_Patient_Register.c(63): Error: Get2DCodeImage from CS operations failed. The http return code is 500	[MsgId: MERR-17999]
End auto log messages stack.	[MsgId: MMSG-10544]


Start auto log messages stack - Iteration 3.	[MsgId: MMSG-10545]
Starting action A_Patient_Register.	[MsgId: MMSG-15919]
A_Patient_Register.c(25): web_set_max_html_param_len started  	[MsgId: MMSG-26355]
A_Patient_Register.c(25): web_set_max_html_param_len was successful  	[MsgId: MMSG-26392]
A_Patient_Register.c(42): web_reg_save_param started  	[MsgId: MMSG-26355]
A_Patient_Register.c(42): Registering web_reg_save_param was successful  	[MsgId: MMSG-26390]
A_Patient_Register.c(44): Notify: Transaction "Patient operations_ Get2DCodeImage" started.	[MsgId: MMSG-16999]
A_Patient_Register.c(46): web_custom_request("Get2DCodeImage") started  	[MsgId: MMSG-26355]
A_Patient_Register.c(46): Continuing after Error -26612: HTTP Status-Code=500 (Internal Server Error) for "http://47.98.102.85/CenterInfoServer/CenterPrintService.asmx"  	[MsgId: MERR-26612]
A_Patient_Register.c(46): Continuing after Error -26377: No match found for the requested parameter "Get2DCodeImageResult". Either the specified boundaries were not found in the response or the matched text is longer than current max html parameter size of 10240 bytes. The total length of the response is 459 bytes. You can use "web_set_max_html_param_len" to increase the max parameter size.  	[MsgId: MERR-26377]
End auto log messages stack.	[MsgId: MMSG-10544]


Start auto log messages stack - Iteration 3.	[MsgId: MMSG-10545]
A_Patient_Register.c(46): web_custom_request("Get2DCodeImage") highest severity level was "continue on error", 459 body bytes, 239 header bytes  	[MsgId: MMSG-26388]
A_Patient_Register.c(46): Continuing after error in Vuser script.	[MsgId: MMSG-10678]
A_Patient_Register.c(59): web_get_int_property started  	[MsgId: MMSG-26355]
A_Patient_Register.c(59): web_get_int_property was successful  	[MsgId: MMSG-26392]
A_Patient_Register.c(63): Error: Get2DCodeImage from CS operations failed. The http return code is 500	[MsgId: MERR-17999]
End auto log messages stack.	[MsgId: MMSG-10544]


Start auto log messages stack - Iteration 3.	[MsgId: MMSG-10545]
Starting action A_Patient_Register.	[MsgId: MMSG-15919]
A_Patient_Register.c(25): web_set_max_html_param_len started  	[MsgId: MMSG-26355]
A_Patient_Register.c(25): web_set_max_html_param_len was successful  	[MsgId: MMSG-26392]
A_Patient_Register.c(42): web_reg_save_param started  	[MsgId: MMSG-26355]
A_Patient_Register.c(42): Registering web_reg_save_param was successful  	[MsgId: MMSG-26390]
A_Patient_Register.c(44): Notify: Transaction "Patient operations_ Get2DCodeImage" started.	[MsgId: MMSG-16999]
A_Patient_Register.c(46): web_custom_request("Get2DCodeImage") started  	[MsgId: MMSG-26355]
A_Patient_Register.c(46): Continuing after Error -26612: HTTP Status-Code=500 (Internal Server Error) for "http://47.98.102.85/CenterInfoServer/CenterPrintService.asmx"  	[MsgId: MERR-26612]
A_Patient_Register.c(46): Continuing after Error -26377: No match found for the requested parameter "Get2DCodeImageResult". Either the specified boundaries were not found in the response or the matched text is longer than current max html parameter size of 10240 bytes. The total length of the response is 459 bytes. You can use "web_set_max_html_param_len" to increase the max parameter size.  	[MsgId: MERR-26377]
End auto log messages stack.	[MsgId: MMSG-10544]


Start auto log messages stack - Iteration 3.	[MsgId: MMSG-10545]
A_Patient_Register.c(46): web_custom_request("Get2DCodeImage") highest severity level was "continue on error", 459 body bytes, 239 header bytes  	[MsgId: MMSG-26388]
A_Patient_Register.c(46): Continuing after error in Vuser script.	[MsgId: MMSG-10678]
A_Patient_Register.c(59): web_get_int_property started  	[MsgId: MMSG-26355]
A_Patient_Register.c(59): web_get_int_property was successful  	[MsgId: MMSG-26392]
A_Patient_Register.c(63): Error: Get2DCodeImage from CS operations failed. The http return code is 500	[MsgId: MERR-17999]
End auto log messages stack.	[MsgId: MMSG-10544]


Start auto log messages stack - Iteration 2.	[MsgId: MMSG-10545]
A_Patient_Register.c(59): web_get_int_property started  	[MsgId: MMSG-26355]
A_Patient_Register.c(59): web_get_int_property was successful  	[MsgId: MMSG-26392]
A_Patient_Register.c(80): Notify: Transaction "Patient operations_ Get2DCodeImage" ended with a "Pass" status (Duration: 0.2834 Wasted Time: 0.0000).	[MsgId: MMSG-16871]
A_Patient_Register.c(118): 1525245313	[MsgId: MMSG-17999]
A_Patient_Register.c(121): web_reg_save_param started  	[MsgId: MMSG-26355]
A_Patient_Register.c(121): Registering web_reg_save_param was successful  	[MsgId: MMSG-26390]
A_Patient_Register.c(123): Notify: Transaction "GetPatientQRID" started.	[MsgId: MMSG-16999]
A_Patient_Register.c(125): web_custom_request("web_custom_request") started  	[MsgId: MMSG-26355]
A_Patient_Register.c(125): Continuing after Error -26612: HTTP Status-Code=500 (Internal Server Error) for "http://47.98.102.85/CSService/CSService.asmx"  	[MsgId: MERR-26612]
A_Patient_Register.c(125): Continuing after Error -26377: No match found for the requested parameter "GetPatientQRIDResult". Either the specified boundaries were not found in the response or the matched text is longer than current max html parameter size of 10240 bytes. The total length of the response is 1141 bytes. You can use "web_set_max_html_param_len" to increase the max parameter size.  	[MsgId: MERR-26377]
End auto log messages stack.	[MsgId: MMSG-10544]


Start auto log messages stack - Iteration 1.	[MsgId: MMSG-10545]
A_Patient_Register.c(59): web_get_int_property started  	[MsgId: MMSG-26355]
A_Patient_Register.c(59): web_get_int_property was successful  	[MsgId: MMSG-26392]
A_Patient_Register.c(80): Notify: Transaction "Patient operations_ Get2DCodeImage" ended with a "Pass" status (Duration: 0.2780 Wasted Time: 0.0000).	[MsgId: MMSG-16871]
A_Patient_Register.c(118): 1525245315	[MsgId: MMSG-17999]
A_Patient_Register.c(121): web_reg_save_param started  	[MsgId: MMSG-26355]
A_Patient_Register.c(121): Registering web_reg_save_param was successful  	[MsgId: MMSG-26390]
A_Patient_Register.c(123): Notify: Transaction "GetPatientQRID" started.	[MsgId: MMSG-16999]
A_Patient_Register.c(125): web_custom_request("web_custom_request") started  	[MsgId: MMSG-26355]
A_Patient_Register.c(125): Continuing after Error -26612: HTTP Status-Code=500 (Internal Server Error) for "http://47.98.102.85/CSService/CSService.asmx"  	[MsgId: MERR-26612]
A_Patient_Register.c(125): Continuing after Error -26377: No match found for the requested parameter "GetPatientQRIDResult". Either the specified boundaries were not found in the response or the matched text is longer than current max html parameter size of 10240 bytes. The total length of the response is 1141 bytes. You can use "web_set_max_html_param_len" to increase the max parameter size.  	[MsgId: MERR-26377]
End auto log messages stack.	[MsgId: MMSG-10544]


Start auto log messages stack - Iteration 4.	[MsgId: MMSG-10545]
Starting action A_Patient_Register.	[MsgId: MMSG-15919]
A_Patient_Register.c(25): web_set_max_html_param_len started  	[MsgId: MMSG-26355]
A_Patient_Register.c(25): web_set_max_html_param_len was successful  	[MsgId: MMSG-26392]
A_Patient_Register.c(42): web_reg_save_param started  	[MsgId: MMSG-26355]
A_Patient_Register.c(42): Registering web_reg_save_param was successful  	[MsgId: MMSG-26390]
A_Patient_Register.c(44): Notify: Transaction "Patient operations_ Get2DCodeImage" started.	[MsgId: MMSG-16999]
A_Patient_Register.c(46): web_custom_request("Get2DCodeImage") started  	[MsgId: MMSG-26355]
A_Patient_Register.c(46): Continuing after Error -26612: HTTP Status-Code=500 (Internal Server Error) for "http://47.98.102.85/CenterInfoServer/CenterPrintService.asmx"  	[MsgId: MERR-26612]
A_Patient_Register.c(46): Continuing after Error -26377: No match found for the requested parameter "Get2DCodeImageResult". Either the specified boundaries were not found in the response or the matched text is longer than current max html parameter size of 10240 bytes. The total length of the response is 459 bytes. You can use "web_set_max_html_param_len" to increase the max parameter size.  	[MsgId: MERR-26377]
End auto log messages stack.	[MsgId: MMSG-10544]


Start auto log messages stack - Iteration 4.	[MsgId: MMSG-10545]
A_Patient_Register.c(46): web_custom_request("Get2DCodeImage") highest severity level was "continue on error", 459 body bytes, 239 header bytes  	[MsgId: MMSG-26388]
A_Patient_Register.c(46): Continuing after error in Vuser script.	[MsgId: MMSG-10678]
A_Patient_Register.c(59): web_get_int_property started  	[MsgId: MMSG-26355]
A_Patient_Register.c(59): web_get_int_property was successful  	[MsgId: MMSG-26392]
A_Patient_Register.c(63): Error: Get2DCodeImage from CS operations failed. The http return code is 500	[MsgId: MERR-17999]
End auto log messages stack.	[MsgId: MMSG-10544]


Start auto log messages stack - Iteration 4.	[MsgId: MMSG-10545]
Starting action A_Patient_Register.	[MsgId: MMSG-15919]
A_Patient_Register.c(25): web_set_max_html_param_len started  	[MsgId: MMSG-26355]
A_Patient_Register.c(25): web_set_max_html_param_len was successful  	[MsgId: MMSG-26392]
A_Patient_Register.c(42): web_reg_save_param started  	[MsgId: MMSG-26355]
A_Patient_Register.c(42): Registering web_reg_save_param was successful  	[MsgId: MMSG-26390]
A_Patient_Register.c(44): Notify: Transaction "Patient operations_ Get2DCodeImage" started.	[MsgId: MMSG-16999]
A_Patient_Register.c(46): web_custom_request("Get2DCodeImage") started  	[MsgId: MMSG-26355]
A_Patient_Register.c(46): Continuing after Error -26612: HTTP Status-Code=500 (Internal Server Error) for "http://47.98.102.85/CenterInfoServer/CenterPrintService.asmx"  	[MsgId: MERR-26612]
A_Patient_Register.c(46): Continuing after Error -26377: No match found for the requested parameter "Get2DCodeImageResult". Either the specified boundaries were not found in the response or the matched text is longer than current max html parameter size of 10240 bytes. The total length of the response is 459 bytes. You can use "web_set_max_html_param_len" to increase the max parameter size.  	[MsgId: MERR-26377]
End auto log messages stack.	[MsgId: MMSG-10544]


Start auto log messages stack - Iteration 4.	[MsgId: MMSG-10545]
A_Patient_Register.c(46): web_custom_request("Get2DCodeImage") highest severity level was "continue on error", 459 body bytes, 239 header bytes  	[MsgId: MMSG-26388]
A_Patient_Register.c(46): Continuing after error in Vuser script.	[MsgId: MMSG-10678]
A_Patient_Register.c(59): web_get_int_property started  	[MsgId: MMSG-26355]
A_Patient_Register.c(59): web_get_int_property was successful  	[MsgId: MMSG-26392]
A_Patient_Register.c(63): Error: Get2DCodeImage from CS operations failed. The http return code is 500	[MsgId: MERR-17999]
End auto log messages stack.	[MsgId: MMSG-10544]


Start auto log messages stack - Iteration 3.	[MsgId: MMSG-10545]
Starting action A_Patient_Register.	[MsgId: MMSG-15919]
A_Patient_Register.c(25): web_set_max_html_param_len started  	[MsgId: MMSG-26355]
A_Patient_Register.c(25): web_set_max_html_param_len was successful  	[MsgId: MMSG-26392]
A_Patient_Register.c(42): web_reg_save_param started  	[MsgId: MMSG-26355]
A_Patient_Register.c(42): Registering web_reg_save_param was successful  	[MsgId: MMSG-26390]
A_Patient_Register.c(44): Notify: Transaction "Patient operations_ Get2DCodeImage" started.	[MsgId: MMSG-16999]
A_Patient_Register.c(46): web_custom_request("Get2DCodeImage") started  	[MsgId: MMSG-26355]
A_Patient_Register.c(46): Continuing after Error -26612: HTTP Status-Code=500 (Internal Server Error) for "http://47.98.102.85/CenterInfoServer/CenterPrintService.asmx"  	[MsgId: MERR-26612]
A_Patient_Register.c(46): Continuing after Error -26377: No match found for the requested parameter "Get2DCodeImageResult". Either the specified boundaries were not found in the response or the matched text is longer than current max html parameter size of 10240 bytes. The total length of the response is 459 bytes. You can use "web_set_max_html_param_len" to increase the max parameter size.  	[MsgId: MERR-26377]
End auto log messages stack.	[MsgId: MMSG-10544]


Start auto log messages stack - Iteration 3.	[MsgId: MMSG-10545]
A_Patient_Register.c(46): web_custom_request("Get2DCodeImage") highest severity level was "continue on error", 459 body bytes, 239 header bytes  	[MsgId: MMSG-26388]
A_Patient_Register.c(46): Continuing after error in Vuser script.	[MsgId: MMSG-10678]
A_Patient_Register.c(59): web_get_int_property started  	[MsgId: MMSG-26355]
A_Patient_Register.c(59): web_get_int_property was successful  	[MsgId: MMSG-26392]
A_Patient_Register.c(63): Error: Get2DCodeImage from CS operations failed. The http return code is 500	[MsgId: MERR-17999]
End auto log messages stack.	[MsgId: MMSG-10544]


Start auto log messages stack - Iteration 5.	[MsgId: MMSG-10545]
A_Patient_Register.c(59): web_get_int_property started  	[MsgId: MMSG-26355]
A_Patient_Register.c(59): web_get_int_property was successful  	[MsgId: MMSG-26392]
A_Patient_Register.c(80): Notify: Transaction "Patient operations_ Get2DCodeImage" ended with a "Pass" status (Duration: 0.2724 Wasted Time: 0.0000).	[MsgId: MMSG-16871]
A_Patient_Register.c(118): 1525245319	[MsgId: MMSG-17999]
A_Patient_Register.c(121): web_reg_save_param started  	[MsgId: MMSG-26355]
A_Patient_Register.c(121): Registering web_reg_save_param was successful  	[MsgId: MMSG-26390]
A_Patient_Register.c(123): Notify: Transaction "GetPatientQRID" started.	[MsgId: MMSG-16999]
A_Patient_Register.c(125): web_custom_request("web_custom_request") started  	[MsgId: MMSG-26355]
A_Patient_Register.c(125): Continuing after Error -26612: HTTP Status-Code=500 (Internal Server Error) for "http://47.98.102.85/CSService/CSService.asmx"  	[MsgId: MERR-26612]
A_Patient_Register.c(125): Continuing after Error -26377: No match found for the requested parameter "GetPatientQRIDResult". Either the specified boundaries were not found in the response or the matched text is longer than current max html parameter size of 10240 bytes. The total length of the response is 1141 bytes. You can use "web_set_max_html_param_len" to increase the max parameter size.  	[MsgId: MERR-26377]
End auto log messages stack.	[MsgId: MMSG-10544]


Start auto log messages stack - Iteration 5.	[MsgId: MMSG-10545]
Starting action A_Patient_Register.	[MsgId: MMSG-15919]
A_Patient_Register.c(25): web_set_max_html_param_len started  	[MsgId: MMSG-26355]
A_Patient_Register.c(25): web_set_max_html_param_len was successful  	[MsgId: MMSG-26392]
A_Patient_Register.c(42): web_reg_save_param started  	[MsgId: MMSG-26355]
A_Patient_Register.c(42): Registering web_reg_save_param was successful  	[MsgId: MMSG-26390]
A_Patient_Register.c(44): Notify: Transaction "Patient operations_ Get2DCodeImage" started.	[MsgId: MMSG-16999]
A_Patient_Register.c(46): web_custom_request("Get2DCodeImage") started  	[MsgId: MMSG-26355]
A_Patient_Register.c(46): Continuing after Error -26612: HTTP Status-Code=500 (Internal Server Error) for "http://47.98.102.85/CenterInfoServer/CenterPrintService.asmx"  	[MsgId: MERR-26612]
A_Patient_Register.c(46): Continuing after Error -26377: No match found for the requested parameter "Get2DCodeImageResult". Either the specified boundaries were not found in the response or the matched text is longer than current max html parameter size of 10240 bytes. The total length of the response is 459 bytes. You can use "web_set_max_html_param_len" to increase the max parameter size.  	[MsgId: MERR-26377]
End auto log messages stack.	[MsgId: MMSG-10544]


Start auto log messages stack - Iteration 5.	[MsgId: MMSG-10545]
A_Patient_Register.c(46): web_custom_request("Get2DCodeImage") highest severity level was "continue on error", 459 body bytes, 239 header bytes  	[MsgId: MMSG-26388]
A_Patient_Register.c(46): Continuing after error in Vuser script.	[MsgId: MMSG-10678]
A_Patient_Register.c(59): web_get_int_property started  	[MsgId: MMSG-26355]
A_Patient_Register.c(59): web_get_int_property was successful  	[MsgId: MMSG-26392]
A_Patient_Register.c(63): Error: Get2DCodeImage from CS operations failed. The http return code is 500	[MsgId: MERR-17999]
End auto log messages stack.	[MsgId: MMSG-10544]


Start auto log messages stack - Iteration 2.	[MsgId: MMSG-10545]
A_Patient_Register.c(59): web_get_int_property started  	[MsgId: MMSG-26355]
A_Patient_Register.c(59): web_get_int_property was successful  	[MsgId: MMSG-26392]
A_Patient_Register.c(80): Notify: Transaction "Patient operations_ Get2DCodeImage" ended with a "Pass" status (Duration: 0.2806 Wasted Time: 0.0000).	[MsgId: MMSG-16871]
A_Patient_Register.c(118): 1525245320	[MsgId: MMSG-17999]
A_Patient_Register.c(121): web_reg_save_param started  	[MsgId: MMSG-26355]
A_Patient_Register.c(121): Registering web_reg_save_param was successful  	[MsgId: MMSG-26390]
A_Patient_Register.c(123): Notify: Transaction "GetPatientQRID" started.	[MsgId: MMSG-16999]
A_Patient_Register.c(125): web_custom_request("web_custom_request") started  	[MsgId: MMSG-26355]
A_Patient_Register.c(125): Continuing after Error -26612: HTTP Status-Code=500 (Internal Server Error) for "http://47.98.102.85/CSService/CSService.asmx"  	[MsgId: MERR-26612]
A_Patient_Register.c(125): Continuing after Error -26377: No match found for the requested parameter "GetPatientQRIDResult". Either the specified boundaries were not found in the response or the matched text is longer than current max html parameter size of 10240 bytes. The total length of the response is 1141 bytes. You can use "web_set_max_html_param_len" to increase the max parameter size.  	[MsgId: MERR-26377]
End auto log messages stack.	[MsgId: MMSG-10544]


Start auto log messages stack - Iteration 1.	[MsgId: MMSG-10545]
A_Patient_Register.c(59): web_get_int_property started  	[MsgId: MMSG-26355]
A_Patient_Register.c(59): web_get_int_property was successful  	[MsgId: MMSG-26392]
A_Patient_Register.c(80): Notify: Transaction "Patient operations_ Get2DCodeImage" ended with a "Pass" status (Duration: 0.2669 Wasted Time: 0.0000).	[MsgId: MMSG-16871]
A_Patient_Register.c(118): 1525245320	[MsgId: MMSG-17999]
A_Patient_Register.c(121): web_reg_save_param started  	[MsgId: MMSG-26355]
A_Patient_Register.c(121): Registering web_reg_save_param was successful  	[MsgId: MMSG-26390]
A_Patient_Register.c(123): Notify: Transaction "GetPatientQRID" started.	[MsgId: MMSG-16999]
A_Patient_Register.c(125): web_custom_request("web_custom_request") started  	[MsgId: MMSG-26355]
A_Patient_Register.c(125): Continuing after Error -26612: HTTP Status-Code=500 (Internal Server Error) for "http://47.98.102.85/CSService/CSService.asmx"  	[MsgId: MERR-26612]
A_Patient_Register.c(125): Continuing after Error -26377: No match found for the requested parameter "GetPatientQRIDResult". Either the specified boundaries were not found in the response or the matched text is longer than current max html parameter size of 10240 bytes. The total length of the response is 1141 bytes. You can use "web_set_max_html_param_len" to increase the max parameter size.  	[MsgId: MERR-26377]
End auto log messages stack.	[MsgId: MMSG-10544]


Start auto log messages stack - Iteration 4.	[MsgId: MMSG-10545]
A_Patient_Register.c(59): web_get_int_property started  	[MsgId: MMSG-26355]
A_Patient_Register.c(59): web_get_int_property was successful  	[MsgId: MMSG-26392]
A_Patient_Register.c(80): Notify: Transaction "Patient operations_ Get2DCodeImage" ended with a "Pass" status (Duration: 0.4531 Wasted Time: 0.0000).	[MsgId: MMSG-16871]
A_Patient_Register.c(118): 1525245321	[MsgId: MMSG-17999]
A_Patient_Register.c(121): web_reg_save_param started  	[MsgId: MMSG-26355]
A_Patient_Register.c(121): Registering web_reg_save_param was successful  	[MsgId: MMSG-26390]
A_Patient_Register.c(123): Notify: Transaction "GetPatientQRID" started.	[MsgId: MMSG-16999]
A_Patient_Register.c(125): web_custom_request("web_custom_request") started  	[MsgId: MMSG-26355]
A_Patient_Register.c(125): Continuing after Error -26612: HTTP Status-Code=500 (Internal Server Error) for "http://47.98.102.85/CSService/CSService.asmx"  	[MsgId: MERR-26612]
A_Patient_Register.c(125): Continuing after Error -26377: No match found for the requested parameter "GetPatientQRIDResult". Either the specified boundaries were not found in the response or the matched text is longer than current max html parameter size of 10240 bytes. The total length of the response is 1141 bytes. You can use "web_set_max_html_param_len" to increase the max parameter size.  	[MsgId: MERR-26377]
End auto log messages stack.	[MsgId: MMSG-10544]


Start auto log messages stack - Iteration 6.	[MsgId: MMSG-10545]
A_Patient_Register.c(59): web_get_int_property started  	[MsgId: MMSG-26355]
A_Patient_Register.c(59): web_get_int_property was successful  	[MsgId: MMSG-26392]
A_Patient_Register.c(80): Notify: Transaction "Patient operations_ Get2DCodeImage" ended with a "Pass" status (Duration: 0.2396 Wasted Time: 0.0000).	[MsgId: MMSG-16871]
A_Patient_Register.c(118): 1525245323	[MsgId: MMSG-17999]
A_Patient_Register.c(121): web_reg_save_param started  	[MsgId: MMSG-26355]
A_Patient_Register.c(121): Registering web_reg_save_param was successful  	[MsgId: MMSG-26390]
A_Patient_Register.c(123): Notify: Transaction "GetPatientQRID" started.	[MsgId: MMSG-16999]
A_Patient_Register.c(125): web_custom_request("web_custom_request") started  	[MsgId: MMSG-26355]
A_Patient_Register.c(125): Continuing after Error -26612: HTTP Status-Code=500 (Internal Server Error) for "http://47.98.102.85/CSService/CSService.asmx"  	[MsgId: MERR-26612]
A_Patient_Register.c(125): Continuing after Error -26377: No match found for the requested parameter "GetPatientQRIDResult". Either the specified boundaries were not found in the response or the matched text is longer than current max html parameter size of 10240 bytes. The total length of the response is 1141 bytes. You can use "web_set_max_html_param_len" to increase the max parameter size.  	[MsgId: MERR-26377]
End auto log messages stack.	[MsgId: MMSG-10544]


Start auto log messages stack - Iteration 6.	[MsgId: MMSG-10545]
A_Patient_Register.c(59): web_get_int_property started  	[MsgId: MMSG-26355]
A_Patient_Register.c(59): web_get_int_property was successful  	[MsgId: MMSG-26392]
A_Patient_Register.c(80): Notify: Transaction "Patient operations_ Get2DCodeImage" ended with a "Pass" status (Duration: 0.3084 Wasted Time: 0.0000).	[MsgId: MMSG-16871]
A_Patient_Register.c(118): 1525245323	[MsgId: MMSG-17999]
A_Patient_Register.c(121): web_reg_save_param started  	[MsgId: MMSG-26355]
A_Patient_Register.c(121): Registering web_reg_save_param was successful  	[MsgId: MMSG-26390]
A_Patient_Register.c(123): Notify: Transaction "GetPatientQRID" started.	[MsgId: MMSG-16999]
A_Patient_Register.c(125): web_custom_request("web_custom_request") started  	[MsgId: MMSG-26355]
A_Patient_Register.c(125): Continuing after Error -26612: HTTP Status-Code=500 (Internal Server Error) for "http://47.98.102.85/CSService/CSService.asmx"  	[MsgId: MERR-26612]
A_Patient_Register.c(125): Continuing after Error -26377: No match found for the requested parameter "GetPatientQRIDResult". Either the specified boundaries were not found in the response or the matched text is longer than current max html parameter size of 10240 bytes. The total length of the response is 1141 bytes. You can use "web_set_max_html_param_len" to increase the max parameter size.  	[MsgId: MERR-26377]
End auto log messages stack.	[MsgId: MMSG-10544]


