Start auto log messages stack - Iteration 14.	[MsgId: MMSG-10545]
B_Patient_ReportOperation_Query.c(51): Notify: Transaction "Report Create Paper report" started.	[MsgId: MMSG-16999]
B_Patient_ReportOperation_Query.c(53): web_custom_request("Create_PaperReport") started  	[MsgId: MMSG-26355]
B_Patient_ReportOperation_Query.c(53): web_custom_request("Create_PaperReport") was successful, 377 body bytes, 231 header bytes  	[MsgId: MMSG-26386]
B_Patient_ReportOperation_Query.c(69): Notify: Transaction "Report Create Paper report" ended with a "Pass" status (Duration: 0.1825 Wasted Time: 0.0000).	[MsgId: MMSG-16871]
B_Patient_ReportOperation_Query.c(72): web_get_int_property started  	[MsgId: MMSG-26355]
B_Patient_ReportOperation_Query.c(72): web_get_int_property was successful  	[MsgId: MMSG-26392]
B_Patient_ReportOperation_Query.c(84): Error: PS Synchronize Create Paper report failed. The http response content is not true!	[MsgId: MERR-17999]
End auto log messages stack.	[MsgId: MMSG-10544]


Start auto log messages stack - Iteration 20.	[MsgId: MMSG-10545]
A_Patient_Register.c(42): Registering web_reg_save_param was successful  	[MsgId: MMSG-26390]
A_Patient_Register.c(44): Notify: Transaction "Patient operations_ Get2DCodeImage" started.	[MsgId: MMSG-16999]
A_Patient_Register.c(46): web_custom_request("Get2DCodeImage") started  	[MsgId: MMSG-26355]
A_Patient_Register.c(46): web_custom_request("Get2DCodeImage") was successful, 2632 body bytes, 232 header bytes  	[MsgId: MMSG-26386]
A_Patient_Register.c(59): web_get_int_property started  	[MsgId: MMSG-26355]
A_Patient_Register.c(59): web_get_int_property was successful  	[MsgId: MMSG-26392]
A_Patient_Register.c(80): Notify: Transaction "Patient operations_ Get2DCodeImage" ended with a "Pass" status (Duration: 0.4423 Wasted Time: 0.0000).	[MsgId: MMSG-16871]
A_Patient_Register.c(82): lr_think_time: 1.00 seconds.	[MsgId: MMSG-15948]
A_Patient_Register.c(82): Error: Message sent by service with id=800 failed. No service provider was set at the target point.	[MsgId: MERR-29741]
End auto log messages stack.	[MsgId: MMSG-10544]


Start auto log messages stack - Iteration 22.	[MsgId: MMSG-10545]
B_Patient_ReportOperation_Query.c(51): Notify: Transaction "Report Create Paper report" started.	[MsgId: MMSG-16999]
B_Patient_ReportOperation_Query.c(53): web_custom_request("Create_PaperReport") started  	[MsgId: MMSG-26355]
B_Patient_ReportOperation_Query.c(53): web_custom_request("Create_PaperReport") was successful, 377 body bytes, 231 header bytes  	[MsgId: MMSG-26386]
B_Patient_ReportOperation_Query.c(69): Notify: Transaction "Report Create Paper report" ended with a "Pass" status (Duration: 0.1815 Wasted Time: 0.0000).	[MsgId: MMSG-16871]
B_Patient_ReportOperation_Query.c(72): web_get_int_property started  	[MsgId: MMSG-26355]
B_Patient_ReportOperation_Query.c(72): web_get_int_property was successful  	[MsgId: MMSG-26392]
B_Patient_ReportOperation_Query.c(84): Error: PS Synchronize Create Paper report failed. The http response content is not true!	[MsgId: MERR-17999]
End auto log messages stack.	[MsgId: MMSG-10544]


Start auto log messages stack - Iteration 41.	[MsgId: MMSG-10545]
A_Patient_Register.c(118): 1525253573	[MsgId: MMSG-17999]
A_Patient_Register.c(121): web_reg_save_param started  	[MsgId: MMSG-26355]
A_Patient_Register.c(121): Registering web_reg_save_param was successful  	[MsgId: MMSG-26390]
A_Patient_Register.c(123): Notify: Transaction "GetPatientQRID" started.	[MsgId: MMSG-16999]
A_Patient_Register.c(125): web_custom_request("web_custom_request") started  	[MsgId: MMSG-26355]
A_Patient_Register.c(125): web_custom_request("web_custom_request") was successful, 372 body bytes, 231 header bytes  	[MsgId: MMSG-26386]
A_Patient_Register.c(139): Notify: Transaction "GetPatientQRID" ended with a "Pass" status (Duration: 0.1830 Wasted Time: 0.0000).	[MsgId: MMSG-16871]
A_Patient_Register.c(146): The string "3743" was found at position -186260031	[MsgId: MMSG-17999]
A_Patient_Register.c(156): lr_think_time: 1.00 seconds.	[MsgId: MMSG-15948]
A_Patient_Register.c(156): Error: Message sent by service with id=800 failed. No service provider was set at the target point.	[MsgId: MERR-29741]
End auto log messages stack.	[MsgId: MMSG-10544]


