Start auto log messages stack - Iteration 17.	[MsgId: MMSG-10545]
B_Patient_ReportOperation_Query.c(53): t=166753ms: Request done "http://47.98.102.85/CenterInfoServer/CenterPrintService.asmx"  	[MsgId: MMSG-26000]
B_Patient_ReportOperation_Query.c(53): web_custom_request("Create_PaperReport") was successful, 376 body bytes, 231 header bytes  	[MsgId: MMSG-26386]
B_Patient_ReportOperation_Query.c(69): Notify: Transaction "Report Create Paper report" ended with a "Pass" status (Duration: 0.1944 Wasted Time: 0.0000).	[MsgId: MMSG-16871]
B_Patient_ReportOperation_Query.c(72): web_get_int_property started  	[MsgId: MMSG-26355]
B_Patient_ReportOperation_Query.c(72): web_get_int_property was successful  	[MsgId: MMSG-26392]
B_Patient_ReportOperation_Query.c(82): Notify: Parameter Substitution: parameter "CreateReportHttpResult" =  "true"	[MsgId: MMSG-13992]
B_Patient_ReportOperation_Query.c(89): lr_think_time: 1.00 seconds.	[MsgId: MMSG-15948]
B_Patient_ReportOperation_Query.c(89): Error: Message sent by service with id=800 failed. No service provider was set at the target point.	[MsgId: MERR-29741]
End auto log messages stack.	[MsgId: MMSG-10544]


Start auto log messages stack - Iteration 2699.	[MsgId: MMSG-10545]
A_Patient_Register.c(46): t=26957907ms: 300-byte response body for "http://47.98.102.85/CenterInfoServer/CenterPrintService.asmx" (RelFrameId=1, Internal ID=18437)
A_Patient_Register.c(46):     <?xml version="1.0" encoding="utf-8"?><soap:Envelope xmlns:soap="http://schemas.xmlsoap.or
A_Patient_Register.c(46):     g/soap/envelope/" xmlns:xsi="http://www.w3.org/2001/XMLSchema-instance" xmlns:xsd="http://
A_Patient_Register.c(46):     www.w3.org/2001/XMLSchema"><soap:Body><Get2DCodeImageResponse xmlns="http://tempuri.org/" 
A_Patient_Register.c(46):     /></soap:Body></soap:Envelope>
A_Patient_Register.c(46): t=26957907ms: Request done "http://47.98.102.85/CenterInfoServer/CenterPrintService.asmx"  	[MsgId: MMSG-26000]
A_Patient_Register.c(46): Continuing after Error -26377: No match found for the requested parameter "Get2DCodeImageResult". Either the specified boundaries were not found in the response or the matched text is longer than current max html parameter size of 10240 bytes. The total length of the response is 300 bytes. You can use "web_set_max_html_param_len" to increase the max parameter size.  	[MsgId: MERR-26377]
End auto log messages stack.	[MsgId: MMSG-10544]


Start auto log messages stack - Iteration 2699.	[MsgId: MMSG-10545]
A_Patient_Register.c(46): Notify: Saving Parameter "Get2DCodeImageResult = ".	[MsgId: MMSG-13798]
A_Patient_Register.c(46): web_custom_request("Get2DCodeImage") highest severity level was "continue on error", 300 body bytes, 231 header bytes  	[MsgId: MMSG-26388]
A_Patient_Register.c(46): Continuing after error in Vuser script.	[MsgId: MMSG-10678]
A_Patient_Register.c(59): web_get_int_property started  	[MsgId: MMSG-26355]
A_Patient_Register.c(59): web_get_int_property was successful  	[MsgId: MMSG-26392]
A_Patient_Register.c(69): Notify: Parameter Substitution: parameter "Get2DCodeImageResult" =  ""	[MsgId: MMSG-13992]
A_Patient_Register.c(72): Notify: Parameter Substitution: parameter "Get2DCodeImageResult" =  ""	[MsgId: MMSG-13992]
A_Patient_Register.c(74): Error: Get2DCodeImage from CS operations failed. The http response content size is 0!	[MsgId: MERR-17999]
End auto log messages stack.	[MsgId: MMSG-10544]


Start auto log messages stack - Iteration 2698.	[MsgId: MMSG-10545]
A_Patient_Register.c(46): t=26964121ms: 300-byte response body for "http://47.98.102.85/CenterInfoServer/CenterPrintService.asmx" (RelFrameId=1, Internal ID=18382)
A_Patient_Register.c(46):     <?xml version="1.0" encoding="utf-8"?><soap:Envelope xmlns:soap="http://schemas.xmlsoap.or
A_Patient_Register.c(46):     g/soap/envelope/" xmlns:xsi="http://www.w3.org/2001/XMLSchema-instance" xmlns:xsd="http://
A_Patient_Register.c(46):     www.w3.org/2001/XMLSchema"><soap:Body><Get2DCodeImageResponse xmlns="http://tempuri.org/" 
A_Patient_Register.c(46):     /></soap:Body></soap:Envelope>
A_Patient_Register.c(46): t=26964121ms: Request done "http://47.98.102.85/CenterInfoServer/CenterPrintService.asmx"  	[MsgId: MMSG-26000]
A_Patient_Register.c(46): Continuing after Error -26377: No match found for the requested parameter "Get2DCodeImageResult". Either the specified boundaries were not found in the response or the matched text is longer than current max html parameter size of 10240 bytes. The total length of the response is 300 bytes. You can use "web_set_max_html_param_len" to increase the max parameter size.  	[MsgId: MERR-26377]
End auto log messages stack.	[MsgId: MMSG-10544]


Start auto log messages stack - Iteration 2698.	[MsgId: MMSG-10545]
A_Patient_Register.c(46): Notify: Saving Parameter "Get2DCodeImageResult = ".	[MsgId: MMSG-13798]
A_Patient_Register.c(46): web_custom_request("Get2DCodeImage") highest severity level was "continue on error", 300 body bytes, 231 header bytes  	[MsgId: MMSG-26388]
A_Patient_Register.c(46): Continuing after error in Vuser script.	[MsgId: MMSG-10678]
A_Patient_Register.c(59): web_get_int_property started  	[MsgId: MMSG-26355]
A_Patient_Register.c(59): web_get_int_property was successful  	[MsgId: MMSG-26392]
A_Patient_Register.c(69): Notify: Parameter Substitution: parameter "Get2DCodeImageResult" =  ""	[MsgId: MMSG-13992]
A_Patient_Register.c(72): Notify: Parameter Substitution: parameter "Get2DCodeImageResult" =  ""	[MsgId: MMSG-13992]
A_Patient_Register.c(74): Error: Get2DCodeImage from CS operations failed. The http response content size is 0!	[MsgId: MERR-17999]
End auto log messages stack.	[MsgId: MMSG-10544]


Start auto log messages stack - Iteration 2866.	[MsgId: MMSG-10545]
A_Patient_Register.c(46):     y></soap:Envelope>
A_Patient_Register.c(46): Notify: Message id [-13798] was not saved - Auto Log cache is too small to contain the message.	[MsgId: MMSG-10547]
A_Patient_Register.c(46): t=28621954ms: Request done "http://47.98.102.85/CenterInfoServer/CenterPrintService.asmx"  	[MsgId: MMSG-26000]
A_Patient_Register.c(46): web_custom_request("Get2DCodeImage") was successful, 2628 body bytes, 232 header bytes  	[MsgId: MMSG-26386]
A_Patient_Register.c(59): web_get_int_property started  	[MsgId: MMSG-26355]
A_Patient_Register.c(59): web_get_int_property was successful  	[MsgId: MMSG-26392]
A_Patient_Register.c(69): Notify: Message id [-13992] was not saved - Auto Log cache is too small to contain the message.	[MsgId: MMSG-10547]
A_Patient_Register.c(72): Notify: Message id [-13992] was not saved - Auto Log cache is too small to contain the message.	[MsgId: MMSG-10547]
A_Patient_Register.c(80): Notify: Transaction "Patient operations_ Get2DCodeImage" ended with a "Pass" status (Duration: 0.4211 Wasted Time: 0.0005).	[MsgId: MMSG-16871]
A_Patient_Register.c(80): Error: C interpreter run time error: A_Patient_Register.c (80):  Error -- memory violation : Exception ACCESS_VIOLATION received.	[MsgId: MERR-19890]
End auto log messages stack.	[MsgId: MMSG-10544]


Start auto log messages stack - Iteration 2868.	[MsgId: MMSG-10545]
A_Patient_Register.c(46):     soap:Body></soap:Envelope>
A_Patient_Register.c(46): Notify: Message id [-13798] was not saved - Auto Log cache is too small to contain the message.	[MsgId: MMSG-10547]
A_Patient_Register.c(46): t=28638900ms: Request done "http://47.98.102.85/CenterInfoServer/CenterPrintService.asmx"  	[MsgId: MMSG-26000]
A_Patient_Register.c(46): web_custom_request("Get2DCodeImage") was successful, 2636 body bytes, 232 header bytes  	[MsgId: MMSG-26386]
A_Patient_Register.c(59): web_get_int_property started  	[MsgId: MMSG-26355]
A_Patient_Register.c(59): web_get_int_property was successful  	[MsgId: MMSG-26392]
A_Patient_Register.c(69): Notify: Message id [-13992] was not saved - Auto Log cache is too small to contain the message.	[MsgId: MMSG-10547]
A_Patient_Register.c(72): Notify: Message id [-13992] was not saved - Auto Log cache is too small to contain the message.	[MsgId: MMSG-10547]
A_Patient_Register.c(80): Notify: Transaction "Patient operations_ Get2DCodeImage" ended with a "Pass" status (Duration: 0.4550 Wasted Time: 0.0004).	[MsgId: MMSG-16871]
A_Patient_Register.c(80): Error: C interpreter run time error: A_Patient_Register.c (80):  Error -- memory violation : Exception ACCESS_VIOLATION received.	[MsgId: MERR-19890]
End auto log messages stack.	[MsgId: MMSG-10544]


Start auto log messages stack - Iteration 2863.	[MsgId: MMSG-10545]
A_Patient_Register.c(46):     e></soap:Body></soap:Envelope>
A_Patient_Register.c(46): Notify: Message id [-13798] was not saved - Auto Log cache is too small to contain the message.	[MsgId: MMSG-10547]
A_Patient_Register.c(46): t=28656815ms: Request done "http://47.98.102.85/CenterInfoServer/CenterPrintService.asmx"  	[MsgId: MMSG-26000]
A_Patient_Register.c(46): web_custom_request("Get2DCodeImage") was successful, 2640 body bytes, 232 header bytes  	[MsgId: MMSG-26386]
A_Patient_Register.c(59): web_get_int_property started  	[MsgId: MMSG-26355]
A_Patient_Register.c(59): web_get_int_property was successful  	[MsgId: MMSG-26392]
A_Patient_Register.c(69): Notify: Message id [-13992] was not saved - Auto Log cache is too small to contain the message.	[MsgId: MMSG-10547]
A_Patient_Register.c(72): Notify: Message id [-13992] was not saved - Auto Log cache is too small to contain the message.	[MsgId: MMSG-10547]
A_Patient_Register.c(80): Notify: Transaction "Patient operations_ Get2DCodeImage" ended with a "Pass" status (Duration: 0.4199 Wasted Time: 0.0005).	[MsgId: MMSG-16871]
A_Patient_Register.c(80): Error: C interpreter run time error: A_Patient_Register.c (80):  Error -- memory violation : Exception ACCESS_VIOLATION received.	[MsgId: MERR-19890]
End auto log messages stack.	[MsgId: MMSG-10544]


Start auto log messages stack - Iteration 2865.	[MsgId: MMSG-10545]
A_Patient_Register.c(46):     e></soap:Body></soap:Envelope>
A_Patient_Register.c(46): Notify: Message id [-13798] was not saved - Auto Log cache is too small to contain the message.	[MsgId: MMSG-10547]
A_Patient_Register.c(46): t=28676519ms: Request done "http://47.98.102.85/CenterInfoServer/CenterPrintService.asmx"  	[MsgId: MMSG-26000]
A_Patient_Register.c(46): web_custom_request("Get2DCodeImage") was successful, 2640 body bytes, 232 header bytes  	[MsgId: MMSG-26386]
A_Patient_Register.c(59): web_get_int_property started  	[MsgId: MMSG-26355]
A_Patient_Register.c(59): web_get_int_property was successful  	[MsgId: MMSG-26392]
A_Patient_Register.c(69): Notify: Message id [-13992] was not saved - Auto Log cache is too small to contain the message.	[MsgId: MMSG-10547]
A_Patient_Register.c(72): Notify: Message id [-13992] was not saved - Auto Log cache is too small to contain the message.	[MsgId: MMSG-10547]
A_Patient_Register.c(80): Notify: Transaction "Patient operations_ Get2DCodeImage" ended with a "Pass" status (Duration: 0.4225 Wasted Time: 0.0005).	[MsgId: MMSG-16871]
A_Patient_Register.c(80): Error: C interpreter run time error: A_Patient_Register.c (80):  Error -- memory violation : Exception ACCESS_VIOLATION received.	[MsgId: MERR-19890]
End auto log messages stack.	[MsgId: MMSG-10544]


Start auto log messages stack - Iteration 2865.	[MsgId: MMSG-10545]
A_Patient_Register.c(46):     soap:Body></soap:Envelope>
A_Patient_Register.c(46): Notify: Message id [-13798] was not saved - Auto Log cache is too small to contain the message.	[MsgId: MMSG-10547]
A_Patient_Register.c(46): t=28693642ms: Request done "http://47.98.102.85/CenterInfoServer/CenterPrintService.asmx"  	[MsgId: MMSG-26000]
A_Patient_Register.c(46): web_custom_request("Get2DCodeImage") was successful, 2636 body bytes, 232 header bytes  	[MsgId: MMSG-26386]
A_Patient_Register.c(59): web_get_int_property started  	[MsgId: MMSG-26355]
A_Patient_Register.c(59): web_get_int_property was successful  	[MsgId: MMSG-26392]
A_Patient_Register.c(69): Notify: Message id [-13992] was not saved - Auto Log cache is too small to contain the message.	[MsgId: MMSG-10547]
A_Patient_Register.c(72): Notify: Message id [-13992] was not saved - Auto Log cache is too small to contain the message.	[MsgId: MMSG-10547]
A_Patient_Register.c(80): Notify: Transaction "Patient operations_ Get2DCodeImage" ended with a "Pass" status (Duration: 0.4272 Wasted Time: 0.0015).	[MsgId: MMSG-16871]
A_Patient_Register.c(80): Error: C interpreter run time error: A_Patient_Register.c (80):  Error -- memory violation : Exception ACCESS_VIOLATION received.	[MsgId: MERR-19890]
End auto log messages stack.	[MsgId: MMSG-10544]


Start auto log messages stack - Iteration 2870.	[MsgId: MMSG-10545]
A_Patient_Register.c(46):     e></soap:Body></soap:Envelope>
A_Patient_Register.c(46): Notify: Message id [-13798] was not saved - Auto Log cache is too small to contain the message.	[MsgId: MMSG-10547]
A_Patient_Register.c(46): t=28715397ms: Request done "http://47.98.102.85/CenterInfoServer/CenterPrintService.asmx"  	[MsgId: MMSG-26000]
A_Patient_Register.c(46): web_custom_request("Get2DCodeImage") was successful, 2640 body bytes, 232 header bytes  	[MsgId: MMSG-26386]
A_Patient_Register.c(59): web_get_int_property started  	[MsgId: MMSG-26355]
A_Patient_Register.c(59): web_get_int_property was successful  	[MsgId: MMSG-26392]
A_Patient_Register.c(69): Notify: Message id [-13992] was not saved - Auto Log cache is too small to contain the message.	[MsgId: MMSG-10547]
A_Patient_Register.c(72): Notify: Message id [-13992] was not saved - Auto Log cache is too small to contain the message.	[MsgId: MMSG-10547]
A_Patient_Register.c(80): Notify: Transaction "Patient operations_ Get2DCodeImage" ended with a "Pass" status (Duration: 0.4212 Wasted Time: 0.0009).	[MsgId: MMSG-16871]
A_Patient_Register.c(80): Error: C interpreter run time error: A_Patient_Register.c (80):  Error -- memory violation : Exception ACCESS_VIOLATION received.	[MsgId: MERR-19890]
End auto log messages stack.	[MsgId: MMSG-10544]


Start auto log messages stack - Iteration 2875.	[MsgId: MMSG-10545]
A_Patient_Register.c(46):     :Body></soap:Envelope>
A_Patient_Register.c(46): Notify: Message id [-13798] was not saved - Auto Log cache is too small to contain the message.	[MsgId: MMSG-10547]
A_Patient_Register.c(46): t=28739991ms: Request done "http://47.98.102.85/CenterInfoServer/CenterPrintService.asmx"  	[MsgId: MMSG-26000]
A_Patient_Register.c(46): web_custom_request("Get2DCodeImage") was successful, 2632 body bytes, 232 header bytes  	[MsgId: MMSG-26386]
A_Patient_Register.c(59): web_get_int_property started  	[MsgId: MMSG-26355]
A_Patient_Register.c(59): web_get_int_property was successful  	[MsgId: MMSG-26392]
A_Patient_Register.c(69): Notify: Message id [-13992] was not saved - Auto Log cache is too small to contain the message.	[MsgId: MMSG-10547]
A_Patient_Register.c(72): Notify: Message id [-13992] was not saved - Auto Log cache is too small to contain the message.	[MsgId: MMSG-10547]
A_Patient_Register.c(80): Notify: Transaction "Patient operations_ Get2DCodeImage" ended with a "Pass" status (Duration: 0.4284 Wasted Time: 0.0015).	[MsgId: MMSG-16871]
A_Patient_Register.c(80): Error: C interpreter run time error: A_Patient_Register.c (80):  Error -- memory violation : Exception ACCESS_VIOLATION received.	[MsgId: MERR-19890]
End auto log messages stack.	[MsgId: MMSG-10544]


Start auto log messages stack - Iteration 2888.	[MsgId: MMSG-10545]
A_Patient_Register.c(46):     deImageResponse></soap:Body></soap:Envelope>
A_Patient_Register.c(46): Notify: Message id [-13798] was not saved - Auto Log cache is too small to contain the message.	[MsgId: MMSG-10547]
A_Patient_Register.c(46): t=28765174ms: Request done "http://47.98.102.85/CenterInfoServer/CenterPrintService.asmx"  	[MsgId: MMSG-26000]
A_Patient_Register.c(46): web_custom_request("Get2DCodeImage") was successful, 2640 body bytes, 232 header bytes  	[MsgId: MMSG-26386]
A_Patient_Register.c(59): web_get_int_property started  	[MsgId: MMSG-26355]
A_Patient_Register.c(59): web_get_int_property was successful  	[MsgId: MMSG-26392]
A_Patient_Register.c(69): Notify: Message id [-13992] was not saved - Auto Log cache is too small to contain the message.	[MsgId: MMSG-10547]
A_Patient_Register.c(72): Notify: Message id [-13992] was not saved - Auto Log cache is too small to contain the message.	[MsgId: MMSG-10547]
A_Patient_Register.c(80): Notify: Transaction "Patient operations_ Get2DCodeImage" ended with a "Pass" status (Duration: 0.4216 Wasted Time: 0.0015).	[MsgId: MMSG-16871]
A_Patient_Register.c(80): Error: C interpreter run time error: A_Patient_Register.c (80):  Error -- memory violation : Exception ACCESS_VIOLATION received.	[MsgId: MERR-19890]
End auto log messages stack.	[MsgId: MMSG-10544]


Start auto log messages stack - Iteration 2877.	[MsgId: MMSG-10545]
A_Patient_Register.c(46):     e></soap:Body></soap:Envelope>
A_Patient_Register.c(46): Notify: Message id [-13798] was not saved - Auto Log cache is too small to contain the message.	[MsgId: MMSG-10547]
A_Patient_Register.c(46): t=28791827ms: Request done "http://47.98.102.85/CenterInfoServer/CenterPrintService.asmx"  	[MsgId: MMSG-26000]
A_Patient_Register.c(46): web_custom_request("Get2DCodeImage") was successful, 2640 body bytes, 232 header bytes  	[MsgId: MMSG-26386]
A_Patient_Register.c(59): web_get_int_property started  	[MsgId: MMSG-26355]
A_Patient_Register.c(59): web_get_int_property was successful  	[MsgId: MMSG-26392]
A_Patient_Register.c(69): Notify: Message id [-13992] was not saved - Auto Log cache is too small to contain the message.	[MsgId: MMSG-10547]
A_Patient_Register.c(72): Notify: Message id [-13992] was not saved - Auto Log cache is too small to contain the message.	[MsgId: MMSG-10547]
A_Patient_Register.c(80): Notify: Transaction "Patient operations_ Get2DCodeImage" ended with a "Pass" status (Duration: 0.4324 Wasted Time: 0.0005).	[MsgId: MMSG-16871]
A_Patient_Register.c(80): Error: C interpreter run time error: A_Patient_Register.c (80):  Error -- memory violation : Exception ACCESS_VIOLATION received.	[MsgId: MERR-19890]
End auto log messages stack.	[MsgId: MMSG-10544]


Start auto log messages stack - Iteration 2884.	[MsgId: MMSG-10545]
A_Patient_Register.c(46):     :Body></soap:Envelope>
A_Patient_Register.c(46): Notify: Message id [-13798] was not saved - Auto Log cache is too small to contain the message.	[MsgId: MMSG-10547]
A_Patient_Register.c(46): t=28823224ms: Request done "http://47.98.102.85/CenterInfoServer/CenterPrintService.asmx"  	[MsgId: MMSG-26000]
A_Patient_Register.c(46): web_custom_request("Get2DCodeImage") was successful, 2632 body bytes, 232 header bytes  	[MsgId: MMSG-26386]
A_Patient_Register.c(59): web_get_int_property started  	[MsgId: MMSG-26355]
A_Patient_Register.c(59): web_get_int_property was successful  	[MsgId: MMSG-26392]
A_Patient_Register.c(69): Notify: Message id [-13992] was not saved - Auto Log cache is too small to contain the message.	[MsgId: MMSG-10547]
A_Patient_Register.c(72): Notify: Message id [-13992] was not saved - Auto Log cache is too small to contain the message.	[MsgId: MMSG-10547]
A_Patient_Register.c(80): Notify: Transaction "Patient operations_ Get2DCodeImage" ended with a "Pass" status (Duration: 0.4446 Wasted Time: 0.0010).	[MsgId: MMSG-16871]
A_Patient_Register.c(80): Error: C interpreter run time error: A_Patient_Register.c (80):  Error -- memory violation : Exception ACCESS_VIOLATION received.	[MsgId: MERR-19890]
End auto log messages stack.	[MsgId: MMSG-10544]


Start auto log messages stack - Iteration 2883.	[MsgId: MMSG-10545]
A_Patient_Register.c(46):     soap:Body></soap:Envelope>
A_Patient_Register.c(46): Notify: Message id [-13798] was not saved - Auto Log cache is too small to contain the message.	[MsgId: MMSG-10547]
A_Patient_Register.c(46): t=28855735ms: Request done "http://47.98.102.85/CenterInfoServer/CenterPrintService.asmx"  	[MsgId: MMSG-26000]
A_Patient_Register.c(46): web_custom_request("Get2DCodeImage") was successful, 2636 body bytes, 232 header bytes  	[MsgId: MMSG-26386]
A_Patient_Register.c(59): web_get_int_property started  	[MsgId: MMSG-26355]
A_Patient_Register.c(59): web_get_int_property was successful  	[MsgId: MMSG-26392]
A_Patient_Register.c(69): Notify: Message id [-13992] was not saved - Auto Log cache is too small to contain the message.	[MsgId: MMSG-10547]
A_Patient_Register.c(72): Notify: Message id [-13992] was not saved - Auto Log cache is too small to contain the message.	[MsgId: MMSG-10547]
A_Patient_Register.c(80): Notify: Transaction "Patient operations_ Get2DCodeImage" ended with a "Pass" status (Duration: 0.4156 Wasted Time: 0.0004).	[MsgId: MMSG-16871]
A_Patient_Register.c(80): Error: C interpreter run time error: A_Patient_Register.c (80):  Error -- memory violation : Exception ACCESS_VIOLATION received.	[MsgId: MERR-19890]
End auto log messages stack.	[MsgId: MMSG-10544]


Start auto log messages stack - Iteration 2887.	[MsgId: MMSG-10545]
A_Patient_Register.c(46):     e></soap:Body></soap:Envelope>
A_Patient_Register.c(46): Notify: Message id [-13798] was not saved - Auto Log cache is too small to contain the message.	[MsgId: MMSG-10547]
A_Patient_Register.c(46): t=28890752ms: Request done "http://47.98.102.85/CenterInfoServer/CenterPrintService.asmx"  	[MsgId: MMSG-26000]
A_Patient_Register.c(46): web_custom_request("Get2DCodeImage") was successful, 2640 body bytes, 232 header bytes  	[MsgId: MMSG-26386]
A_Patient_Register.c(59): web_get_int_property started  	[MsgId: MMSG-26355]
A_Patient_Register.c(59): web_get_int_property was successful  	[MsgId: MMSG-26392]
A_Patient_Register.c(69): Notify: Message id [-13992] was not saved - Auto Log cache is too small to contain the message.	[MsgId: MMSG-10547]
A_Patient_Register.c(72): Notify: Message id [-13992] was not saved - Auto Log cache is too small to contain the message.	[MsgId: MMSG-10547]
A_Patient_Register.c(80): Notify: Transaction "Patient operations_ Get2DCodeImage" ended with a "Pass" status (Duration: 0.4267 Wasted Time: 0.0007).	[MsgId: MMSG-16871]
A_Patient_Register.c(80): Error: C interpreter run time error: A_Patient_Register.c (80):  Error -- memory violation : Exception ACCESS_VIOLATION received.	[MsgId: MERR-19890]
End auto log messages stack.	[MsgId: MMSG-10544]


Start auto log messages stack - Iteration 2896.	[MsgId: MMSG-10545]
A_Patient_Register.c(46):     soap:Body></soap:Envelope>
A_Patient_Register.c(46): Notify: Message id [-13798] was not saved - Auto Log cache is too small to contain the message.	[MsgId: MMSG-10547]
A_Patient_Register.c(46): t=28935935ms: Request done "http://47.98.102.85/CenterInfoServer/CenterPrintService.asmx"  	[MsgId: MMSG-26000]
A_Patient_Register.c(46): web_custom_request("Get2DCodeImage") was successful, 2636 body bytes, 232 header bytes  	[MsgId: MMSG-26386]
A_Patient_Register.c(59): web_get_int_property started  	[MsgId: MMSG-26355]
A_Patient_Register.c(59): web_get_int_property was successful  	[MsgId: MMSG-26392]
A_Patient_Register.c(69): Notify: Message id [-13992] was not saved - Auto Log cache is too small to contain the message.	[MsgId: MMSG-10547]
A_Patient_Register.c(72): Notify: Message id [-13992] was not saved - Auto Log cache is too small to contain the message.	[MsgId: MMSG-10547]
A_Patient_Register.c(80): Notify: Transaction "Patient operations_ Get2DCodeImage" ended with a "Pass" status (Duration: 0.4353 Wasted Time: 0.0015).	[MsgId: MMSG-16871]
A_Patient_Register.c(80): Error: C interpreter run time error: A_Patient_Register.c (80):  Error -- memory violation : Exception ACCESS_VIOLATION received.	[MsgId: MERR-19890]
End auto log messages stack.	[MsgId: MMSG-10544]


Start auto log messages stack - Iteration 2897.	[MsgId: MMSG-10545]
A_Patient_Register.c(46):     ImageResponse></soap:Body></soap:Envelope>
A_Patient_Register.c(46): Notify: Message id [-13798] was not saved - Auto Log cache is too small to contain the message.	[MsgId: MMSG-10547]
A_Patient_Register.c(46): t=28984855ms: Request done "http://47.98.102.85/CenterInfoServer/CenterPrintService.asmx"  	[MsgId: MMSG-26000]
A_Patient_Register.c(46): web_custom_request("Get2DCodeImage") was successful, 2652 body bytes, 232 header bytes  	[MsgId: MMSG-26386]
A_Patient_Register.c(59): web_get_int_property started  	[MsgId: MMSG-26355]
A_Patient_Register.c(59): web_get_int_property was successful  	[MsgId: MMSG-26392]
A_Patient_Register.c(69): Notify: Message id [-13992] was not saved - Auto Log cache is too small to contain the message.	[MsgId: MMSG-10547]
A_Patient_Register.c(72): Notify: Message id [-13992] was not saved - Auto Log cache is too small to contain the message.	[MsgId: MMSG-10547]
A_Patient_Register.c(80): Notify: Transaction "Patient operations_ Get2DCodeImage" ended with a "Pass" status (Duration: 0.4189 Wasted Time: 0.0004).	[MsgId: MMSG-16871]
A_Patient_Register.c(80): Error: C interpreter run time error: A_Patient_Register.c (80):  Error -- memory violation : Exception ACCESS_VIOLATION received.	[MsgId: MERR-19890]
End auto log messages stack.	[MsgId: MMSG-10544]


Start auto log messages stack - Iteration 2902.	[MsgId: MMSG-10545]
A_Patient_Register.c(46):     e></soap:Body></soap:Envelope>
A_Patient_Register.c(46): Notify: Message id [-13798] was not saved - Auto Log cache is too small to contain the message.	[MsgId: MMSG-10547]
A_Patient_Register.c(46): t=29038952ms: Request done "http://47.98.102.85/CenterInfoServer/CenterPrintService.asmx"  	[MsgId: MMSG-26000]
A_Patient_Register.c(46): web_custom_request("Get2DCodeImage") was successful, 2640 body bytes, 232 header bytes  	[MsgId: MMSG-26386]
A_Patient_Register.c(59): web_get_int_property started  	[MsgId: MMSG-26355]
A_Patient_Register.c(59): web_get_int_property was successful  	[MsgId: MMSG-26392]
A_Patient_Register.c(69): Notify: Message id [-13992] was not saved - Auto Log cache is too small to contain the message.	[MsgId: MMSG-10547]
A_Patient_Register.c(72): Notify: Message id [-13992] was not saved - Auto Log cache is too small to contain the message.	[MsgId: MMSG-10547]
A_Patient_Register.c(80): Notify: Transaction "Patient operations_ Get2DCodeImage" ended with a "Pass" status (Duration: 0.4450 Wasted Time: 0.0004).	[MsgId: MMSG-16871]
A_Patient_Register.c(80): Error: C interpreter run time error: A_Patient_Register.c (80):  Error -- memory violation : Exception ACCESS_VIOLATION received.	[MsgId: MERR-19890]
End auto log messages stack.	[MsgId: MMSG-10544]


Start auto log messages stack - Iteration 2908.	[MsgId: MMSG-10545]
A_Patient_Register.c(46):     /Get2DCodeImageResponse></soap:Body></soap:Envelope>
A_Patient_Register.c(46): Notify: Message id [-13798] was not saved - Auto Log cache is too small to contain the message.	[MsgId: MMSG-10547]
A_Patient_Register.c(46): t=29106091ms: Request done "http://47.98.102.85/CenterInfoServer/CenterPrintService.asmx"  	[MsgId: MMSG-26000]
A_Patient_Register.c(46): web_custom_request("Get2DCodeImage") was successful, 2648 body bytes, 232 header bytes  	[MsgId: MMSG-26386]
A_Patient_Register.c(59): web_get_int_property started  	[MsgId: MMSG-26355]
A_Patient_Register.c(59): web_get_int_property was successful  	[MsgId: MMSG-26392]
A_Patient_Register.c(69): Notify: Message id [-13992] was not saved - Auto Log cache is too small to contain the message.	[MsgId: MMSG-10547]
A_Patient_Register.c(72): Notify: Message id [-13992] was not saved - Auto Log cache is too small to contain the message.	[MsgId: MMSG-10547]
A_Patient_Register.c(80): Notify: Transaction "Patient operations_ Get2DCodeImage" ended with a "Pass" status (Duration: 0.4293 Wasted Time: 0.0004).	[MsgId: MMSG-16871]
A_Patient_Register.c(80): Error: C interpreter run time error: A_Patient_Register.c (80):  Error -- memory violation : Exception ACCESS_VIOLATION received.	[MsgId: MERR-19890]
End auto log messages stack.	[MsgId: MMSG-10544]


Start auto log messages stack - Iteration 2919.	[MsgId: MMSG-10545]
A_Patient_Register.c(46):     e></soap:Body></soap:Envelope>
A_Patient_Register.c(46): Notify: Message id [-13798] was not saved - Auto Log cache is too small to contain the message.	[MsgId: MMSG-10547]
A_Patient_Register.c(46): t=29197994ms: Request done "http://47.98.102.85/CenterInfoServer/CenterPrintService.asmx"  	[MsgId: MMSG-26000]
A_Patient_Register.c(46): web_custom_request("Get2DCodeImage") was successful, 2640 body bytes, 232 header bytes  	[MsgId: MMSG-26386]
A_Patient_Register.c(59): web_get_int_property started  	[MsgId: MMSG-26355]
A_Patient_Register.c(59): web_get_int_property was successful  	[MsgId: MMSG-26392]
A_Patient_Register.c(69): Notify: Message id [-13992] was not saved - Auto Log cache is too small to contain the message.	[MsgId: MMSG-10547]
A_Patient_Register.c(72): Notify: Message id [-13992] was not saved - Auto Log cache is too small to contain the message.	[MsgId: MMSG-10547]
A_Patient_Register.c(80): Notify: Transaction "Patient operations_ Get2DCodeImage" ended with a "Pass" status (Duration: 0.4222 Wasted Time: 0.0015).	[MsgId: MMSG-16871]
A_Patient_Register.c(80): Error: C interpreter run time error: A_Patient_Register.c (80):  Error -- memory violation : Exception ACCESS_VIOLATION received.	[MsgId: MERR-19890]
End auto log messages stack.	[MsgId: MMSG-10544]


Start auto log messages stack - Iteration 2924.	[MsgId: MMSG-10545]
A_Patient_Register.c(46):     soap:Body></soap:Envelope>
A_Patient_Register.c(46): Notify: Message id [-13798] was not saved - Auto Log cache is too small to contain the message.	[MsgId: MMSG-10547]
A_Patient_Register.c(46): t=29312480ms: Request done "http://47.98.102.85/CenterInfoServer/CenterPrintService.asmx"  	[MsgId: MMSG-26000]
A_Patient_Register.c(46): web_custom_request("Get2DCodeImage") was successful, 2636 body bytes, 232 header bytes  	[MsgId: MMSG-26386]
A_Patient_Register.c(59): web_get_int_property started  	[MsgId: MMSG-26355]
A_Patient_Register.c(59): web_get_int_property was successful  	[MsgId: MMSG-26392]
A_Patient_Register.c(69): Notify: Message id [-13992] was not saved - Auto Log cache is too small to contain the message.	[MsgId: MMSG-10547]
A_Patient_Register.c(72): Notify: Message id [-13992] was not saved - Auto Log cache is too small to contain the message.	[MsgId: MMSG-10547]
A_Patient_Register.c(80): Notify: Transaction "Patient operations_ Get2DCodeImage" ended with a "Pass" status (Duration: 0.4526 Wasted Time: 0.0004).	[MsgId: MMSG-16871]
A_Patient_Register.c(80): Error: C interpreter run time error: A_Patient_Register.c (80):  Error -- memory violation : Exception ACCESS_VIOLATION received.	[MsgId: MERR-19890]
End auto log messages stack.	[MsgId: MMSG-10544]


Start auto log messages stack - Iteration 2947.	[MsgId: MMSG-10545]
A_Patient_Register.c(46):     esponse></soap:Body></soap:Envelope>
A_Patient_Register.c(46): Notify: Message id [-13798] was not saved - Auto Log cache is too small to contain the message.	[MsgId: MMSG-10547]
A_Patient_Register.c(46): t=29482240ms: Request done "http://47.98.102.85/CenterInfoServer/CenterPrintService.asmx"  	[MsgId: MMSG-26000]
A_Patient_Register.c(46): web_custom_request("Get2DCodeImage") was successful, 2632 body bytes, 232 header bytes  	[MsgId: MMSG-26386]
A_Patient_Register.c(59): web_get_int_property started  	[MsgId: MMSG-26355]
A_Patient_Register.c(59): web_get_int_property was successful  	[MsgId: MMSG-26392]
A_Patient_Register.c(69): Notify: Message id [-13992] was not saved - Auto Log cache is too small to contain the message.	[MsgId: MMSG-10547]
A_Patient_Register.c(72): Notify: Message id [-13992] was not saved - Auto Log cache is too small to contain the message.	[MsgId: MMSG-10547]
A_Patient_Register.c(80): Notify: Transaction "Patient operations_ Get2DCodeImage" ended with a "Pass" status (Duration: 0.4348 Wasted Time: 0.0015).	[MsgId: MMSG-16871]
A_Patient_Register.c(80): Error: C interpreter run time error: A_Patient_Register.c (80):  Error -- memory violation : Exception ACCESS_VIOLATION received.	[MsgId: MERR-19890]
End auto log messages stack.	[MsgId: MMSG-10544]


Start auto log messages stack - Iteration 2977.	[MsgId: MMSG-10545]
A_Patient_Register.c(46):     nse></soap:Body></soap:Envelope>
A_Patient_Register.c(46): Notify: Message id [-13798] was not saved - Auto Log cache is too small to contain the message.	[MsgId: MMSG-10547]
A_Patient_Register.c(46): t=29816728ms: Request done "http://47.98.102.85/CenterInfoServer/CenterPrintService.asmx"  	[MsgId: MMSG-26000]
A_Patient_Register.c(46): web_custom_request("Get2DCodeImage") was successful, 2628 body bytes, 232 header bytes  	[MsgId: MMSG-26386]
A_Patient_Register.c(59): web_get_int_property started  	[MsgId: MMSG-26355]
A_Patient_Register.c(59): web_get_int_property was successful  	[MsgId: MMSG-26392]
A_Patient_Register.c(69): Notify: Message id [-13992] was not saved - Auto Log cache is too small to contain the message.	[MsgId: MMSG-10547]
A_Patient_Register.c(72): Notify: Message id [-13992] was not saved - Auto Log cache is too small to contain the message.	[MsgId: MMSG-10547]
A_Patient_Register.c(80): Notify: Transaction "Patient operations_ Get2DCodeImage" ended with a "Pass" status (Duration: 0.4283 Wasted Time: 0.0005).	[MsgId: MMSG-16871]
A_Patient_Register.c(80): Error: C interpreter run time error: A_Patient_Register.c (80):  Error -- memory violation : Exception ACCESS_VIOLATION received.	[MsgId: MERR-19890]
End auto log messages stack.	[MsgId: MMSG-10544]


