Start auto log messages stack - Iteration 17.	[MsgId: MMSG-10545]
Starting action Action.	[MsgId: MMSG-15919]
Action.c(6): web_set_max_html_param_len started  	[MsgId: MMSG-26355]
Action.c(6): web_set_max_html_param_len was successful  	[MsgId: MMSG-26392]
Action.c(8): web_url("Platform") started  	[MsgId: MMSG-26355]
Action.c(8): web_url("Platform") was successful, 9207 body bytes, 247 header bytes  	[MsgId: MMSG-26386]
Action.c(87): web_url("login-view.html") started  	[MsgId: MMSG-26355]
Action.c(87): web_url("login-view.html") was successful, 6207 body bytes, 247 header bytes  	[MsgId: MMSG-26386]
Action.c(99): web_reg_save_param started  	[MsgId: MMSG-26355]
Action.c(99): Registering web_reg_save_param was successful  	[MsgId: MMSG-26390]
Action.c(104): web_reg_save_param started  	[MsgId: MMSG-26355]
Action.c(104): Registering web_reg_save_param was successful  	[MsgId: MMSG-26390]
Action.c(109): web_reg_save_param started  	[MsgId: MMSG-26355]
Action.c(109): Registering web_reg_save_param was successful  	[MsgId: MMSG-26390]
Action.c(114): Notify: Transaction "User_login" started.	[MsgId: MMSG-16999]
Action.c(116): web_custom_request("login") started  	[MsgId: MMSG-26355]
Action.c(116): HTML parsing not performed for Content-Type "application/json" ("ParseHtmlContentType" Run-Time Setting is "TEXT"). URL="http://10.184.129.108/Platform/account/login"  	[MsgId: MMSG-26548]
Action.c(116): web_custom_request("login") was successful, 78 body bytes, 1675 header bytes  	[MsgId: MMSG-26386]
Action.c(127): web_add_cookie started  	[MsgId: MMSG-26355]
Action.c(127): web_add_cookie was successful  	[MsgId: MMSG-26392]
Action.c(128): web_add_cookie started  	[MsgId: MMSG-26355]
Action.c(128): web_add_cookie was successful  	[MsgId: MMSG-26392]
Action.c(138): web_url("login_2") started  	[MsgId: MMSG-26355]
Action.c(138): Redirecting "http://10.184.129.108/Platform//account/login" (redirection depth is 0)  	[MsgId: MMSG-26694]
Action.c(138): To location "http://10.184.129.108/Platform/workarea"  	[MsgId: MMSG-26693]
Action.c(138): web_url("login_2") was successful, 19035 body bytes, 539 header bytes  	[MsgId: MMSG-26386]
Action.c(146): web_url("workarea") started  	[MsgId: MMSG-26355]
Action.c(146): web_url("workarea") was successful, 18900 body bytes, 260 header bytes  	[MsgId: MMSG-26386]
Action.c(206): web_add_auto_header("Authorization") started  	[MsgId: MMSG-26355]
Action.c(206): Warning -26593: The header being added may cause unpredictable results when applied to all ensuing URLs. It is added anyway  	[MsgId: MWAR-26593]
Action.c(206): web_add_auto_header("Authorization") highest severity level was "warning"  	[MsgId: MMSG-26391]
Action.c(208): web_reg_save_param started  	[MsgId: MMSG-26355]
Action.c(208): Registering web_reg_save_param was successful  	[MsgId: MMSG-26390]
Action.c(213): web_url("CheckLoginStatusByUser") started  	[MsgId: MMSG-26355]
Action.c(213): HTML parsing not performed for Content-Type "application/json" ("ParseHtmlContentType" Run-Time Setting is "TEXT"). URL="http://10.184.129.108/Platform/Account/CheckLoginStatus"  	[MsgId: MMSG-26548]
Action.c(213): web_url("CheckLoginStatusByUser") was successful, 4 body bytes, 251 header bytes  	[MsgId: MMSG-26386]
User Login website successfully: HTTP/1.1 200 OK
Cache-Control: private
Content-Type: application/json; charset=utf-8
Server: Microsoft-IIS/7.5
X-AspNetMvc-Version: 5.2
X-AspNet-Version: 4.0.30319
X-Powered-By: ASP.NET
Date: Wed, 05 Sep 2018 09:32:22 GMT
Content-Length: 4

true	[MsgId: MMSG-17999]
Action.c(238): web_url("tableRowsPerPage") started  	[MsgId: MMSG-26355]
Action.c(238): HTML parsing not performed for Content-Type "application/json" ("ParseHtmlContentType" Run-Time Setting is "TEXT"). URL="http://10.184.129.108/webapi/api/tableRowsPerPage"  	[MsgId: MMSG-26548]
Action.c(238): web_url("tableRowsPerPage") was successful, 39 body bytes, 258 header bytes  	[MsgId: MMSG-26386]
Action.c(246): web_url("worklistcolumns") started  	[MsgId: MMSG-26355]
Action.c(246): HTML parsing not performed for Content-Type "application/json" ("ParseHtmlContentType" Run-Time Setting is "TEXT"). URL="http://10.184.129.108/webapi/api/worklist/worklistcolumns"  	[MsgId: MMSG-26548]
Action.c(246): web_url("worklistcolumns") was successful, 6057 body bytes, 260 header bytes  	[MsgId: MMSG-26386]
Action.c(262): web_url("systemversion") started  	[MsgId: MMSG-26355]
Action.c(262): HTML parsing not performed for Content-Type "application/json" ("ParseHtmlContentType" Run-Time Setting is "TEXT"). URL="http://10.184.129.108/webapi/api/systemversion"  	[MsgId: MMSG-26548]
Action.c(262): web_url("systemversion") was successful, 17 body bytes, 258 header bytes  	[MsgId: MMSG-26386]
Action.c(270): web_url("CheckLoginStatus") started  	[MsgId: MMSG-26355]
Action.c(270): HTML parsing not performed for Content-Type "application/json" ("ParseHtmlContentType" Run-Time Setting is "TEXT"). URL="http://10.184.129.108/Platform/Account/CheckLoginStatus"  	[MsgId: MMSG-26548]
Action.c(270): web_url("CheckLoginStatus") was successful, 4 body bytes, 251 header bytes  	[MsgId: MMSG-26386]
Action.c(282): web_url("workarea-app-container.html") started  	[MsgId: MMSG-26355]
Action.c(282): web_url("workarea-app-container.html") was successful, 901 body bytes, 246 header bytes  	[MsgId: MMSG-26386]
Action.c(291): web_url("terminalmonitor-template.html") started  	[MsgId: MMSG-26355]
Action.c(291): web_url("terminalmonitor-template.html") was successful, 32926 body bytes, 248 header bytes  	[MsgId: MMSG-26386]
Action.c(315): web_custom_request("terminalmonitoring") started  	[MsgId: MMSG-26355]
Action.c(315): Warning -26000: Request body (length=39) is not empty for HTTP Method=GET, for URL is "http://10.184.129.108/webapi/api/terminalmonitoring?userId=1" (Internal ID=382)  	[MsgId: MWAR-26000]
Action.c(315): HTML parsing not performed for Content-Type "application/json" ("ParseHtmlContentType" Run-Time Setting is "TEXT"). URL="http://10.184.129.108/webapi/api/terminalmonitoring?userId=1"  	[MsgId: MMSG-26548]
Action.c(315): web_custom_request("terminalmonitoring") highest severity level was "warning", 110113 body bytes, 262 header bytes  	[MsgId: MMSG-26388]
Action.c(326): web_url("CheckLoginStatus_5") started  	[MsgId: MMSG-26355]
Action.c(326): HTML parsing not performed for Content-Type "application/json" ("ParseHtmlContentType" Run-Time Setting is "TEXT"). URL="http://10.184.129.108/Platform/Account/CheckLoginStatus"  	[MsgId: MMSG-26548]
Action.c(326): web_url("CheckLoginStatus_5") was successful, 4 body bytes, 251 header bytes  	[MsgId: MMSG-26386]
Action.c(342): Notify: Transaction "User_login" ended with a "Pass" status (Duration: 0.1886 Wasted Time: 0.0000).	[MsgId: MMSG-16871]
Action.c(345): lr_think_time: 10.00 seconds.	[MsgId: MMSG-15948]
Action.c(347): web_url("reconciliation-list.html") started  	[MsgId: MMSG-26355]
Action.c(347): web_url("reconciliation-list.html") was successful, 19296 body bytes, 248 header bytes  	[MsgId: MMSG-26386]
Action.c(355): web_url("getUnmatchImages") started  	[MsgId: MMSG-26355]
Action.c(355): Continuing after Error -26609: HTTP Status-Code=503 (Service Unavailable) for "http://10.184.129.108/webapi/api/reconciliation/getUnmatchImages?days=1"  	[MsgId: MERR-26609]
End auto log messages stack.	[MsgId: MMSG-10544]


Start auto log messages stack - Iteration 17.	[MsgId: MMSG-10545]
Action.c(355): web_url("getUnmatchImages") highest severity level was "continue on error", 326 body bytes, 187 header bytes  	[MsgId: MMSG-26388]
Action.c(355): Continuing after error in Vuser script.	[MsgId: MMSG-10678]
Action.c(363): web_url("allTerminals") started  	[MsgId: MMSG-26355]
Action.c(363): Continuing after Error -26609: HTTP Status-Code=503 (Service Unavailable) for "http://10.184.129.108/webapi/api/terminal/allTerminals"  	[MsgId: MERR-26609]
End auto log messages stack.	[MsgId: MMSG-10544]


Start auto log messages stack - Iteration 17.	[MsgId: MMSG-10545]
Action.c(363): web_url("allTerminals") highest severity level was "continue on error", 326 body bytes, 187 header bytes  	[MsgId: MMSG-26388]
Action.c(363): Continuing after error in Vuser script.	[MsgId: MMSG-10678]
Action.c(371): web_url("CheckLoginStatus_6") started  	[MsgId: MMSG-26355]
Action.c(371): Continuing after Error -26609: HTTP Status-Code=503 (Service Unavailable) for "http://10.184.129.108/Platform/Account/CheckLoginStatus"  	[MsgId: MERR-26609]
End auto log messages stack.	[MsgId: MMSG-10544]


Start auto log messages stack - Iteration 17.	[MsgId: MMSG-10545]
Action.c(371): web_url("CheckLoginStatus_6") highest severity level was "continue on error", 326 body bytes, 187 header bytes  	[MsgId: MMSG-26388]
Action.c(371): Continuing after error in Vuser script.	[MsgId: MMSG-10678]
Action.c(379): web_url("CheckLoginStatus_7") started  	[MsgId: MMSG-26355]
Action.c(379): Continuing after Error -26609: HTTP Status-Code=503 (Service Unavailable) for "http://10.184.129.108/Platform/Account/CheckLoginStatus"  	[MsgId: MERR-26609]
End auto log messages stack.	[MsgId: MMSG-10544]


Start auto log messages stack - Iteration 17.	[MsgId: MMSG-10545]
Action.c(379): web_url("CheckLoginStatus_7") highest severity level was "continue on error", 326 body bytes, 187 header bytes  	[MsgId: MMSG-26388]
Action.c(379): Continuing after error in Vuser script.	[MsgId: MMSG-10678]
Action.c(405): Notify: Transaction "GetDepartmentInfo" started.	[MsgId: MMSG-16999]
Action.c(407): web_custom_request("GetDepartmentInfo") started  	[MsgId: MMSG-26355]
Action.c(407): Continuing after Error -26609: HTTP Status-Code=503 (Service Unavailable) for "http://10.184.129.108/webapi/api/department/departments"  	[MsgId: MERR-26609]
End auto log messages stack.	[MsgId: MMSG-10544]


Start auto log messages stack - Iteration 17.	[MsgId: MMSG-10545]
Action.c(407): web_custom_request("GetDepartmentInfo") highest severity level was "continue on error", 326 body bytes, 187 header bytes  	[MsgId: MMSG-26388]
Action.c(407): Continuing after error in Vuser script.	[MsgId: MMSG-10678]
Action.c(419): Notify: Transaction "GetDepartmentInfo" ended with a "Fail" status (Duration: 0.0023).	[MsgId: MMSG-16873]
Action.c(419): Notify: Transaction "GetDepartmentInfo" has 1 error message(s).	[MsgId: MMSG-16818]
Action.c(419): Notify: The 1st error message associated with transaction "GetDepartmentInfo" is "Error -26609: HTTP Status-Code=503 (Service Unavailable) for "http://10.184.129.108/webapi/api/department/departments""	[MsgId: MMSG-16819]
Action.c(422): Notify: Transaction "Terminal_monitor" started.	[MsgId: MMSG-16999]
Action.c(424): web_custom_request("terminalmonitoring") started  	[MsgId: MMSG-26355]
Action.c(424): Warning -26000: Request body (length=39) is not empty for HTTP Method=GET, for URL is "http://10.184.129.108/webapi/api/terminalmonitoring?userId=1" (Internal ID=390)  	[MsgId: MWAR-26000]
Action.c(424): Continuing after Error -26609: HTTP Status-Code=503 (Service Unavailable) for "http://10.184.129.108/webapi/api/terminalmonitoring?userId=1"  	[MsgId: MERR-26609]
End auto log messages stack.	[MsgId: MMSG-10544]


Start auto log messages stack - Iteration 17.	[MsgId: MMSG-10545]
Action.c(424): web_custom_request("terminalmonitoring") highest severity level was "continue on error", 326 body bytes, 187 header bytes  	[MsgId: MMSG-26388]
Action.c(424): Continuing after error in Vuser script.	[MsgId: MMSG-10678]
Action.c(434): Notify: Transaction "Terminal_monitor" ended with a "Fail" status (Duration: 0.0027).	[MsgId: MMSG-16873]
Action.c(434): Notify: Transaction "Terminal_monitor" has 1 error message(s).	[MsgId: MMSG-16818]
Action.c(434): Notify: The 1st error message associated with transaction "Terminal_monitor" is "Error -26609: HTTP Status-Code=503 (Service Unavailable) for "http://10.184.129.108/webapi/api/terminalmonitoring?userId=1""	[MsgId: MMSG-16819]
Action.c(436): lr_think_time: 5.00 seconds.	[MsgId: MMSG-15948]
Action.c(439): web_custom_request("GetDepartmentInfo") started  	[MsgId: MMSG-26355]
Action.c(439): Continuing after Error -26627: HTTP Status-Code=404 (Not Found) for "http://10.184.129.108/Platform/Account/CheckLoginStatus"  	[MsgId: MERR-26627]
End auto log messages stack.	[MsgId: MMSG-10544]


Start auto log messages stack - Iteration 18.	[MsgId: MMSG-10545]
Starting action Action.	[MsgId: MMSG-15919]
Action.c(6): web_set_max_html_param_len started  	[MsgId: MMSG-26355]
Action.c(6): web_set_max_html_param_len was successful  	[MsgId: MMSG-26392]
Action.c(8): web_url("Platform") started  	[MsgId: MMSG-26355]
Action.c(8): Continuing after Error -27792: Failed to connect to server "10.184.129.108:80": [10060] Connection timed out  	[MsgId: MERR-27792]
End auto log messages stack.	[MsgId: MMSG-10544]


Start auto log messages stack - Iteration 18.	[MsgId: MMSG-10545]
Action.c(8): web_url("Platform") highest severity level was "continue on error", 0 body bytes, 0 header bytes  	[MsgId: MMSG-26388]
Action.c(8): Continuing after error in Vuser script.	[MsgId: MMSG-10678]
Action.c(87): web_url("login-view.html") started  	[MsgId: MMSG-26355]
Action.c(87): Continuing after Error -27792: Failed to connect to server "10.184.129.108:80": [10061] Connection refused  	[MsgId: MERR-27792]
End auto log messages stack.	[MsgId: MMSG-10544]


Start auto log messages stack - Iteration 18.	[MsgId: MMSG-10545]
Action.c(87): web_url("login-view.html") highest severity level was "continue on error", 0 body bytes, 0 header bytes  	[MsgId: MMSG-26388]
Action.c(87): Continuing after error in Vuser script.	[MsgId: MMSG-10678]
Action.c(99): web_reg_save_param started  	[MsgId: MMSG-26355]
Action.c(99): Registering web_reg_save_param was successful  	[MsgId: MMSG-26390]
Action.c(104): web_reg_save_param started  	[MsgId: MMSG-26355]
Action.c(104): Registering web_reg_save_param was successful  	[MsgId: MMSG-26390]
Action.c(109): web_reg_save_param started  	[MsgId: MMSG-26355]
Action.c(109): Registering web_reg_save_param was successful  	[MsgId: MMSG-26390]
Action.c(114): Notify: Transaction "User_login" started.	[MsgId: MMSG-16999]
Action.c(116): web_custom_request("login") started  	[MsgId: MMSG-26355]
Action.c(116): Continuing after Error -27792: Failed to connect to server "10.184.129.108:80": [10061] Connection refused  	[MsgId: MERR-27792]
Action.c(116): Continuing after Error -26377: No match found for the requested parameter "ApiToken". Either the specified boundaries were not found in the response or the matched text is longer than current max html parameter size of 90000 bytes. The total length of the response is 0 bytes. You can use "web_set_max_html_param_len" to increase the max parameter size.  	[MsgId: MERR-26377]
Action.c(116): Continuing after Error -26377: No match found for the requested parameter "AspToken". Either the specified boundaries were not found in the response or the matched text is longer than current max html parameter size of 90000 bytes. The total length of the response is 0 bytes. You can use "web_set_max_html_param_len" to increase the max parameter size.  	[MsgId: MERR-26377]
Action.c(116): Continuing after Error -26377: No match found for the requested parameter "access_token". Either the specified boundaries were not found in the response or the matched text is longer than current max html parameter size of 90000 bytes. The total length of the response is 0 bytes. You can use "web_set_max_html_param_len" to increase the max parameter size.  	[MsgId: MERR-26377]
Action.c(116): Continuing after Error -26374: The above "not found" error(s) may be explained by header and body byte counts being 0 and 0, respectively.  	[MsgId: MERR-26374]
End auto log messages stack.	[MsgId: MMSG-10544]


Start auto log messages stack - Iteration 18.	[MsgId: MMSG-10545]
Action.c(116): web_custom_request("login") highest severity level was "continue on error", 0 body bytes, 0 header bytes  	[MsgId: MMSG-26388]
Action.c(116): Continuing after error in Vuser script.	[MsgId: MMSG-10678]
Action.c(127): web_add_cookie started  	[MsgId: MMSG-26355]
Action.c(127): web_add_cookie was successful  	[MsgId: MMSG-26392]
Action.c(128): web_add_cookie started  	[MsgId: MMSG-26355]
Action.c(128): web_add_cookie was successful  	[MsgId: MMSG-26392]
Action.c(138): web_url("login_2") started  	[MsgId: MMSG-26355]
Action.c(138): Continuing after Error -27792: Failed to connect to server "10.184.129.108:80": [10061] Connection refused  	[MsgId: MERR-27792]
End auto log messages stack.	[MsgId: MMSG-10544]


Start auto log messages stack - Iteration 18.	[MsgId: MMSG-10545]
Action.c(138): web_url("login_2") highest severity level was "continue on error", 0 body bytes, 0 header bytes  	[MsgId: MMSG-26388]
Action.c(138): Continuing after error in Vuser script.	[MsgId: MMSG-10678]
Action.c(146): web_url("workarea") started  	[MsgId: MMSG-26355]
Action.c(146): Continuing after Error -27792: Failed to connect to server "10.184.129.108:80": [10061] Connection refused  	[MsgId: MERR-27792]
End auto log messages stack.	[MsgId: MMSG-10544]


Start auto log messages stack - Iteration 18.	[MsgId: MMSG-10545]
Action.c(146): web_url("workarea") highest severity level was "continue on error", 0 body bytes, 0 header bytes  	[MsgId: MMSG-26388]
Action.c(146): Continuing after error in Vuser script.	[MsgId: MMSG-10678]
Action.c(206): web_add_auto_header("Authorization") started  	[MsgId: MMSG-26355]
Action.c(206): Warning -26593: The header being added may cause unpredictable results when applied to all ensuing URLs. It is added anyway  	[MsgId: MWAR-26593]
Action.c(206): web_add_auto_header("Authorization") highest severity level was "warning"  	[MsgId: MMSG-26391]
Action.c(208): web_reg_save_param started  	[MsgId: MMSG-26355]
Action.c(208): Registering web_reg_save_param was successful  	[MsgId: MMSG-26390]
Action.c(213): web_url("CheckLoginStatusByUser") started  	[MsgId: MMSG-26355]
Action.c(213): Continuing after Error -27792: Failed to connect to server "10.184.129.108:80": [10061] Connection refused  	[MsgId: MERR-27792]
Action.c(213): Continuing after Error -26377: No match found for the requested parameter "status". Either the specified boundaries were not found in the response or the matched text is longer than current max html parameter size of 90000 bytes. The total length of the response is 0 bytes. You can use "web_set_max_html_param_len" to increase the max parameter size.  	[MsgId: MERR-26377]
Action.c(213): Continuing after Error -26374: The above "not found" error(s) may be explained by header and body byte counts being 0 and 0, respectively.  	[MsgId: MERR-26374]
End auto log messages stack.	[MsgId: MMSG-10544]


Start auto log messages stack - Iteration 18.	[MsgId: MMSG-10545]
Action.c(213): web_url("CheckLoginStatusByUser") highest severity level was "continue on error", 0 body bytes, 0 header bytes  	[MsgId: MMSG-26388]
Action.c(213): Continuing after error in Vuser script.	[MsgId: MMSG-10678]
Action.c(225): Error: Login failed	[MsgId: MERR-17999]
End auto log messages stack.	[MsgId: MMSG-10544]


Start auto log messages stack - Iteration 19.	[MsgId: MMSG-10545]
Starting action Action.	[MsgId: MMSG-15919]
Action.c(6): web_set_max_html_param_len started  	[MsgId: MMSG-26355]
Action.c(6): web_set_max_html_param_len was successful  	[MsgId: MMSG-26392]
Action.c(8): web_url("Platform") started  	[MsgId: MMSG-26355]
Action.c(8): Continuing after Error -27792: Failed to connect to server "10.184.129.108:80": [10061] Connection refused  	[MsgId: MERR-27792]
End auto log messages stack.	[MsgId: MMSG-10544]


Start auto log messages stack - Iteration 19.	[MsgId: MMSG-10545]
Action.c(8): web_url("Platform") highest severity level was "continue on error", 0 body bytes, 0 header bytes  	[MsgId: MMSG-26388]
Action.c(8): Continuing after error in Vuser script.	[MsgId: MMSG-10678]
Action.c(87): web_url("login-view.html") started  	[MsgId: MMSG-26355]
Action.c(87): Continuing after Error -27792: Failed to connect to server "10.184.129.108:80": [10061] Connection refused  	[MsgId: MERR-27792]
End auto log messages stack.	[MsgId: MMSG-10544]


Start auto log messages stack - Iteration 19.	[MsgId: MMSG-10545]
Action.c(87): web_url("login-view.html") highest severity level was "continue on error", 0 body bytes, 0 header bytes  	[MsgId: MMSG-26388]
Action.c(87): Continuing after error in Vuser script.	[MsgId: MMSG-10678]
Action.c(99): web_reg_save_param started  	[MsgId: MMSG-26355]
Action.c(99): Registering web_reg_save_param was successful  	[MsgId: MMSG-26390]
Action.c(104): web_reg_save_param started  	[MsgId: MMSG-26355]
Action.c(104): Registering web_reg_save_param was successful  	[MsgId: MMSG-26390]
Action.c(109): web_reg_save_param started  	[MsgId: MMSG-26355]
Action.c(109): Registering web_reg_save_param was successful  	[MsgId: MMSG-26390]
Action.c(114): Notify: Transaction "User_login" started.	[MsgId: MMSG-16999]
Action.c(116): web_custom_request("login") started  	[MsgId: MMSG-26355]
Action.c(116): Continuing after Error -27792: Failed to connect to server "10.184.129.108:80": [10061] Connection refused  	[MsgId: MERR-27792]
Action.c(116): Continuing after Error -26377: No match found for the requested parameter "ApiToken". Either the specified boundaries were not found in the response or the matched text is longer than current max html parameter size of 90000 bytes. The total length of the response is 0 bytes. You can use "web_set_max_html_param_len" to increase the max parameter size.  	[MsgId: MERR-26377]
Action.c(116): Continuing after Error -26377: No match found for the requested parameter "AspToken". Either the specified boundaries were not found in the response or the matched text is longer than current max html parameter size of 90000 bytes. The total length of the response is 0 bytes. You can use "web_set_max_html_param_len" to increase the max parameter size.  	[MsgId: MERR-26377]
Action.c(116): Continuing after Error -26377: No match found for the requested parameter "access_token". Either the specified boundaries were not found in the response or the matched text is longer than current max html parameter size of 90000 bytes. The total length of the response is 0 bytes. You can use "web_set_max_html_param_len" to increase the max parameter size.  	[MsgId: MERR-26377]
Action.c(116): Continuing after Error -26374: The above "not found" error(s) may be explained by header and body byte counts being 0 and 0, respectively.  	[MsgId: MERR-26374]
End auto log messages stack.	[MsgId: MMSG-10544]


Start auto log messages stack - Iteration 19.	[MsgId: MMSG-10545]
Action.c(116): web_custom_request("login") highest severity level was "continue on error", 0 body bytes, 0 header bytes  	[MsgId: MMSG-26388]
Action.c(116): Continuing after error in Vuser script.	[MsgId: MMSG-10678]
Action.c(127): web_add_cookie started  	[MsgId: MMSG-26355]
Action.c(127): web_add_cookie was successful  	[MsgId: MMSG-26392]
Action.c(128): web_add_cookie started  	[MsgId: MMSG-26355]
Action.c(128): web_add_cookie was successful  	[MsgId: MMSG-26392]
Action.c(138): web_url("login_2") started  	[MsgId: MMSG-26355]
Action.c(138): Continuing after Error -27792: Failed to connect to server "10.184.129.108:80": [10061] Connection refused  	[MsgId: MERR-27792]
End auto log messages stack.	[MsgId: MMSG-10544]


Start auto log messages stack - Iteration 19.	[MsgId: MMSG-10545]
Action.c(138): web_url("login_2") highest severity level was "continue on error", 0 body bytes, 0 header bytes  	[MsgId: MMSG-26388]
Action.c(138): Continuing after error in Vuser script.	[MsgId: MMSG-10678]
Action.c(146): web_url("workarea") started  	[MsgId: MMSG-26355]
Action.c(146): Continuing after Error -27792: Failed to connect to server "10.184.129.108:80": [10061] Connection refused  	[MsgId: MERR-27792]
End auto log messages stack.	[MsgId: MMSG-10544]


Start auto log messages stack - Iteration 19.	[MsgId: MMSG-10545]
Action.c(146): web_url("workarea") highest severity level was "continue on error", 0 body bytes, 0 header bytes  	[MsgId: MMSG-26388]
Action.c(146): Continuing after error in Vuser script.	[MsgId: MMSG-10678]
Action.c(206): web_add_auto_header("Authorization") started  	[MsgId: MMSG-26355]
Action.c(206): Warning -26593: The header being added may cause unpredictable results when applied to all ensuing URLs. It is added anyway  	[MsgId: MWAR-26593]
Action.c(206): web_add_auto_header("Authorization") highest severity level was "warning"  	[MsgId: MMSG-26391]
Action.c(208): web_reg_save_param started  	[MsgId: MMSG-26355]
Action.c(208): Registering web_reg_save_param was successful  	[MsgId: MMSG-26390]
Action.c(213): web_url("CheckLoginStatusByUser") started  	[MsgId: MMSG-26355]
Action.c(213): Continuing after Error -27792: Failed to connect to server "10.184.129.108:80": [10061] Connection refused  	[MsgId: MERR-27792]
Action.c(213): Continuing after Error -26377: No match found for the requested parameter "status". Either the specified boundaries were not found in the response or the matched text is longer than current max html parameter size of 90000 bytes. The total length of the response is 0 bytes. You can use "web_set_max_html_param_len" to increase the max parameter size.  	[MsgId: MERR-26377]
Action.c(213): Continuing after Error -26374: The above "not found" error(s) may be explained by header and body byte counts being 0 and 0, respectively.  	[MsgId: MERR-26374]
End auto log messages stack.	[MsgId: MMSG-10544]


Start auto log messages stack - Iteration 19.	[MsgId: MMSG-10545]
Action.c(213): web_url("CheckLoginStatusByUser") highest severity level was "continue on error", 0 body bytes, 0 header bytes  	[MsgId: MMSG-26388]
Action.c(213): Continuing after error in Vuser script.	[MsgId: MMSG-10678]
Action.c(225): Error: Login failed	[MsgId: MERR-17999]
End auto log messages stack.	[MsgId: MMSG-10544]


Start auto log messages stack - Iteration 20.	[MsgId: MMSG-10545]
Starting action Action.	[MsgId: MMSG-15919]
Action.c(6): web_set_max_html_param_len started  	[MsgId: MMSG-26355]
Action.c(6): web_set_max_html_param_len was successful  	[MsgId: MMSG-26392]
Action.c(8): web_url("Platform") started  	[MsgId: MMSG-26355]
Action.c(8): Continuing after Error -27792: Failed to connect to server "10.184.129.108:80": [10061] Connection refused  	[MsgId: MERR-27792]
End auto log messages stack.	[MsgId: MMSG-10544]


Start auto log messages stack - Iteration 20.	[MsgId: MMSG-10545]
Action.c(8): web_url("Platform") highest severity level was "continue on error", 0 body bytes, 0 header bytes  	[MsgId: MMSG-26388]
Action.c(8): Continuing after error in Vuser script.	[MsgId: MMSG-10678]
Action.c(87): web_url("login-view.html") started  	[MsgId: MMSG-26355]
Action.c(87): Continuing after Error -27792: Failed to connect to server "10.184.129.108:80": [10061] Connection refused  	[MsgId: MERR-27792]
End auto log messages stack.	[MsgId: MMSG-10544]


