Start auto log messages stack - Iteration 9.	[MsgId: MMSG-10545]
Action.c(270): web_url("CheckLoginStatus") started  	[MsgId: MMSG-26355]
Action.c(270): HTML parsing not performed for Content-Type "application/json" ("ParseHtmlContentType" Run-Time Setting is "TEXT"). URL="http://10.184.129.108/Platform/Account/CheckLoginStatus"  	[MsgId: MMSG-26548]
Action.c(270): web_url("CheckLoginStatus") was successful, 4 body bytes, 251 header bytes  	[MsgId: MMSG-26386]
Action.c(281): web_url("terminalmonitor-template.html") started  	[MsgId: MMSG-26355]
Action.c(281): web_url("terminalmonitor-template.html") was successful, 29041 body bytes, 248 header bytes  	[MsgId: MMSG-26386]
Action.c(291): web_url("terminalmonitoring") started  	[MsgId: MMSG-26355]
Action.c(291): Continuing after Error -26612: HTTP Status-Code=500 (NullReferenceException) for "http://10.184.129.108/webapi/api/terminalmonitoring"  	[MsgId: MERR-26612]
End auto log messages stack.	[MsgId: MMSG-10544]


Start auto log messages stack - Iteration 117.	[MsgId: MMSG-10545]
Action.c(299): web_url("CheckLoginStatus_5") started  	[MsgId: MMSG-26355]
Action.c(299): HTML parsing not performed for Content-Type "application/json" ("ParseHtmlContentType" Run-Time Setting is "TEXT"). URL="http://10.184.129.108/Platform/Account/CheckLoginStatus"  	[MsgId: MMSG-26548]
Action.c(299): web_url("CheckLoginStatus_5") was successful, 4 body bytes, 251 header bytes  	[MsgId: MMSG-26386]
Action.c(315): Notify: Transaction "User_login" ended with a "Pass" status (Duration: 3.3153 Wasted Time: 0.0000).	[MsgId: MMSG-16871]
Action.c(318): lr_think_time: 30.00 seconds.	[MsgId: MMSG-15948]
Action.c(320): web_url("reconciliation-list.html") started  	[MsgId: MMSG-26355]
Action.c(320): web_url("reconciliation-list.html") was successful, 20464 body bytes, 248 header bytes  	[MsgId: MMSG-26386]
Action.c(328): web_url("getUnmatchImages") started  	[MsgId: MMSG-26355]
Action.c(328): Continuing after Error -26612: HTTP Status-Code=500 (NullReferenceException) for "http://10.184.129.108/webapi/api/reconciliation/getUnmatchImages?days=1"  	[MsgId: MERR-26612]
End auto log messages stack.	[MsgId: MMSG-10544]


Start auto log messages stack - Iteration 117.	[MsgId: MMSG-10545]
Action.c(328): web_url("getUnmatchImages") highest severity level was "continue on error", 99 body bytes, 278 header bytes  	[MsgId: MMSG-26388]
Action.c(328): Continuing after error in Vuser script.	[MsgId: MMSG-10678]
Action.c(336): web_url("allTerminals") started  	[MsgId: MMSG-26355]
Action.c(336): Continuing after Error -26612: HTTP Status-Code=500 (NullReferenceException) for "http://10.184.129.108/webapi/api/terminal/allTerminals"  	[MsgId: MERR-26612]
End auto log messages stack.	[MsgId: MMSG-10544]


Start auto log messages stack - Iteration 117.	[MsgId: MMSG-10545]
Action.c(344): web_url("CheckLoginStatus_6") was successful, 4 body bytes, 251 header bytes  	[MsgId: MMSG-26386]
Action.c(352): web_url("CheckLoginStatus_7") started  	[MsgId: MMSG-26355]
Action.c(352): HTML parsing not performed for Content-Type "application/json" ("ParseHtmlContentType" Run-Time Setting is "TEXT"). URL="http://10.184.129.108/Platform/Account/CheckLoginStatus"  	[MsgId: MMSG-26548]
Action.c(352): web_url("CheckLoginStatus_7") was successful, 4 body bytes, 251 header bytes  	[MsgId: MMSG-26386]
Action.c(378): Notify: Transaction "GetDepartmentInfo" started.	[MsgId: MMSG-16999]
Action.c(380): web_custom_request("GetDepartmentInfo") started  	[MsgId: MMSG-26355]
Action.c(380): Continuing after Error -26612: HTTP Status-Code=500 (NullReferenceException) for "http://10.184.129.108/webapi/api/department/departments"  	[MsgId: MERR-26612]
End auto log messages stack.	[MsgId: MMSG-10544]


Start auto log messages stack - Iteration 117.	[MsgId: MMSG-10545]
Action.c(380): web_custom_request("GetDepartmentInfo") highest severity level was "continue on error", 99 body bytes, 278 header bytes  	[MsgId: MMSG-26388]
Action.c(380): Continuing after error in Vuser script.	[MsgId: MMSG-10678]
Action.c(392): Notify: Transaction "GetDepartmentInfo" ended with a "Fail" status (Duration: 0.2039).	[MsgId: MMSG-16873]
Start auto log messages stack - Iteration 117.	[MsgId: MMSG-10545]
Action.c(392): Notify: Transaction "GetDepartmentInfo" has 1 error message(s).	[MsgId: MMSG-16818]
Action.c(392): Notify: The 1st error message associated with transaction "GetDepartmentInfo" is "Error -26612: HTTP Status-Code=500 (NullReferenceException) for "http://10.184.129.108/webapi/api/department/departments""	[MsgId: MMSG-16819]
Action.c(395): Notify: Transaction "Terminal_monitor" started.	[MsgId: MMSG-16999]
Action.c(99): Registering web_reg_save_param was successful  	[MsgId: MMSG-26390]
Action.c(397): web_url("terminalmonitoring_2") started  	[MsgId: MMSG-26355]
Action.c(104): web_reg_save_param started  	[MsgId: MMSG-26355]
Action.c(397): Continuing after Error -26612: HTTP Status-Code=500 (NullReferenceException) for "http://10.184.129.108/webapi/api/terminalmonitoring"  	[MsgId: MERR-26612]
Action.c(104): Registering web_reg_save_param was successful  	[MsgId: MMSG-26390]
Action.c(109): web_reg_save_param started  	[MsgId: MMSG-26355]
Action.c(109): Registering web_reg_save_param was successful  	[MsgId: MMSG-26390]
Action.c(114): Notify: Transaction "User_login" started.	[MsgId: MMSG-16999]
Action.c(116): web_custom_request("login") started  	[MsgId: MMSG-26355]
Action.c(116): HTML parsing not performed for Content-Type "application/json" ("ParseHtmlContentType" Run-Time Setting is "TEXT"). URL="http://10.184.129.108/Platform/account/login"  	[MsgId: MMSG-26548]
Action.c(116): Continuing after Error -26377: No match found for the requested parameter "ApiToken". Either the specified boundaries were not found in the response or the matched text is longer than current max html parameter size of 90000 bytes. The total length of the response is 87 bytes. You can use "web_set_max_html_param_len" to increase the max parameter size.  	[MsgId: MERR-26377]
End auto log messages stack.	[MsgId: MMSG-10544]


Action.c(116): Continuing after Error -26377: No match found for the requested parameter "AspToken". Either the specified boundaries were not found in the response or the matched text is longer than current max html parameter size of 90000 bytes. The total length of the response is 87 bytes. You can use "web_set_max_html_param_len" to increase the max parameter size.  	[MsgId: MERR-26377]
Action.c(116): Continuing after Error -26377: No match found for the requested parameter "access_token". Either the specified boundaries were not found in the response or the matched text is longer than current max html parameter size of 90000 bytes. The total length of the response is 87 bytes. You can use "web_set_max_html_param_len" to increase the max parameter size.  	[MsgId: MERR-26377]
End auto log messages stack.	[MsgId: MMSG-10544]


Start auto log messages stack - Iteration 117.	[MsgId: MMSG-10545]
Action.c(206): web_add_auto_header("Authorization") highest severity level was "warning"  	[MsgId: MMSG-26391]
Action.c(208): web_reg_save_param started  	[MsgId: MMSG-26355]
Action.c(208): Registering web_reg_save_param was successful  	[MsgId: MMSG-26390]
Action.c(213): web_url("CheckLoginStatusByUser") started  	[MsgId: MMSG-26355]
Action.c(213): HTML parsing not performed for Content-Type "application/json" ("ParseHtmlContentType" Run-Time Setting is "TEXT"). URL="http://10.184.129.108/Platform/Account/CheckLoginStatus"  	[MsgId: MMSG-26548]
Action.c(213): web_url("CheckLoginStatusByUser") was successful, 5 body bytes, 251 header bytes  	[MsgId: MMSG-26386]
Action.c(225): Error: Login failed	[MsgId: MERR-17999]
End auto log messages stack.	[MsgId: MMSG-10544]


Start auto log messages stack - Iteration 118.	[MsgId: MMSG-10545]
Action.c(299): web_url("CheckLoginStatus_5") started  	[MsgId: MMSG-26355]
Action.c(299): HTML parsing not performed for Content-Type "application/json" ("ParseHtmlContentType" Run-Time Setting is "TEXT"). URL="http://10.184.129.108/Platform/Account/CheckLoginStatus"  	[MsgId: MMSG-26548]
Action.c(299): web_url("CheckLoginStatus_5") was successful, 4 body bytes, 251 header bytes  	[MsgId: MMSG-26386]
Action.c(315): Notify: Transaction "User_login" ended with a "Pass" status (Duration: 3.2810 Wasted Time: 0.0001).	[MsgId: MMSG-16871]
Action.c(318): lr_think_time: 30.00 seconds.	[MsgId: MMSG-15948]
Action.c(320): web_url("reconciliation-list.html") started  	[MsgId: MMSG-26355]
Action.c(320): web_url("reconciliation-list.html") was successful, 20464 body bytes, 248 header bytes  	[MsgId: MMSG-26386]
Action.c(328): web_url("getUnmatchImages") started  	[MsgId: MMSG-26355]
Action.c(328): Continuing after Error -26612: HTTP Status-Code=500 (NullReferenceException) for "http://10.184.129.108/webapi/api/reconciliation/getUnmatchImages?days=1"  	[MsgId: MERR-26612]
End auto log messages stack.	[MsgId: MMSG-10544]


