Start auto log messages stack - Iteration 4.	[MsgId: MMSG-10545]
Starting action Action.	[MsgId: MMSG-15919]
Action.c(21): web_set_max_html_param_len was successful  	[MsgId: MMSG-26392]
Action.c(31): Registering web_reg_save_param was successful  	[MsgId: MMSG-26390]
Action.c(33): Notify: Transaction "Create New Patient" started.	[MsgId: MMSG-16999]
Action.c(36): web_custom_request("web_custom_request") was successful, 373 body bytes, 242 header bytes  	[MsgId: MMSG-26386]
Action.c(93): Notify: Transaction "Create New Patient" ended with "Pass" status (Duration: 0.6886 Wasted Time: 0.0000).	[MsgId: MMSG-16871]
Action.c(104): lr_think_time: 60.00 seconds.	[MsgId: MMSG-15948]
Action.c(110): Registering web_reg_save_param was successful  	[MsgId: MMSG-26390]
Action.c(112): Continuing after Error -26612: HTTP Status-Code=500 (Internal Server Error) for "http://10.184.129.108/PerformanceTest/CreateFilmTestData.asmx"  	[MsgId: MERR-26612]
Action.c(112): Continuing after Error -26377: No match found for the requested parameter "CreateFilmDataResult". Check whether the requested boundaries exist in the response data. Also, if the data you want to save exceeds 10240 bytes, use web_set_max_html_param_len to increase the parameter size  	[MsgId: MERR-26377]
End auto log messages stack.	[MsgId: MMSG-10544]


Start auto log messages stack - Iteration 5.	[MsgId: MMSG-10545]
Starting action Action.	[MsgId: MMSG-15919]
Action.c(21): web_set_max_html_param_len was successful  	[MsgId: MMSG-26392]
Action.c(31): Registering web_reg_save_param was successful  	[MsgId: MMSG-26390]
Action.c(33): Notify: Transaction "Create New Patient" started.	[MsgId: MMSG-16999]
Action.c(36): web_custom_request("web_custom_request") was successful, 373 body bytes, 242 header bytes  	[MsgId: MMSG-26386]
Action.c(93): Notify: Transaction "Create New Patient" ended with "Pass" status (Duration: 2.0199 Wasted Time: 0.0000).	[MsgId: MMSG-16871]
Action.c(104): lr_think_time: 60.00 seconds.	[MsgId: MMSG-15948]
Action.c(110): Registering web_reg_save_param was successful  	[MsgId: MMSG-26390]
Action.c(112): Continuing after Error -26612: HTTP Status-Code=500 (Internal Server Error) for "http://10.184.129.108/PerformanceTest/CreateFilmTestData.asmx"  	[MsgId: MERR-26612]
Action.c(112): Continuing after Error -26377: No match found for the requested parameter "CreateFilmDataResult". Check whether the requested boundaries exist in the response data. Also, if the data you want to save exceeds 10240 bytes, use web_set_max_html_param_len to increase the parameter size  	[MsgId: MERR-26377]
End auto log messages stack.	[MsgId: MMSG-10544]


Start auto log messages stack - Iteration 3.	[MsgId: MMSG-10545]
Action.c(337): Notify: Transaction "Film_PrintStatus_CheckService" started.	[MsgId: MMSG-16999]
Action.c(339): Warning -26593: The header being added may cause unpredictable results when applied to all ensuing URLs. It is added anyway  	[MsgId: MWAR-26593]
Action.c(339): web_add_auto_header("content-type") highest severity level was "warning"  	[MsgId: MMSG-26391]
Action.c(340): web_custom_request("web_custom_request") was successful, 716 body bytes, 259 header bytes  	[MsgId: MMSG-26386]
Action.c(350): Notify: Transaction "Film_PrintStatus_CheckService" ended with "Pass" status (Duration: 0.7665 Wasted Time: 0.0000).	[MsgId: MMSG-16871]
Action.c(352): PrintStatus in DataBase-------,3	[MsgId: MMSG-17999]
Action.c(354): PrintStatus Check result-------,-1	[MsgId: MMSG-17999]
Action.c(358): PrintStatus-------,30	[MsgId: MMSG-17999]
Action.c(380): Notify: Transaction "Film PrintTask_Result_Fail" started.	[MsgId: MMSG-16999]
Action.c(381): Error: The task do not finish correct: TaskID: 4371754  From Terminal: K2_7	[MsgId: MERR-17999]
End auto log messages stack.	[MsgId: MMSG-10544]


Start auto log messages stack - Iteration 3.	[MsgId: MMSG-10545]
Action.c(337): Notify: Transaction "Film_PrintStatus_CheckService" started.	[MsgId: MMSG-16999]
Action.c(339): Warning -26593: The header being added may cause unpredictable results when applied to all ensuing URLs. It is added anyway  	[MsgId: MWAR-26593]
Action.c(339): web_add_auto_header("content-type") highest severity level was "warning"  	[MsgId: MMSG-26391]
Action.c(340): web_custom_request("web_custom_request") was successful, 769 body bytes, 259 header bytes  	[MsgId: MMSG-26386]
Action.c(350): Notify: Transaction "Film_PrintStatus_CheckService" ended with "Pass" status (Duration: 0.1516 Wasted Time: 0.0001).	[MsgId: MMSG-16871]
Action.c(352): PrintStatus in DataBase-------,3	[MsgId: MMSG-17999]
Action.c(354): PrintStatus Check result-------,-1	[MsgId: MMSG-17999]
Action.c(358): PrintStatus-------,30	[MsgId: MMSG-17999]
Action.c(380): Notify: Transaction "Film PrintTask_Result_Fail" started.	[MsgId: MMSG-16999]
Action.c(381): Error: The task do not finish correct: TaskID: 4371762  From Terminal: K2_6	[MsgId: MERR-17999]
End auto log messages stack.	[MsgId: MMSG-10544]


Start auto log messages stack - Iteration 7.	[MsgId: MMSG-10545]
Starting action Action.	[MsgId: MMSG-15919]
Action.c(21): web_set_max_html_param_len was successful  	[MsgId: MMSG-26392]
Action.c(31): Registering web_reg_save_param was successful  	[MsgId: MMSG-26390]
Action.c(33): Notify: Transaction "Create New Patient" started.	[MsgId: MMSG-16999]
Action.c(36): web_custom_request("web_custom_request") was successful, 373 body bytes, 242 header bytes  	[MsgId: MMSG-26386]
Action.c(93): Notify: Transaction "Create New Patient" ended with "Pass" status (Duration: 4.7303 Wasted Time: 0.0000).	[MsgId: MMSG-16871]
Action.c(104): lr_think_time: 60.00 seconds.	[MsgId: MMSG-15948]
Action.c(110): Registering web_reg_save_param was successful  	[MsgId: MMSG-26390]
Action.c(112): Continuing after Error -26612: HTTP Status-Code=500 (Internal Server Error) for "http://10.184.129.108/PerformanceTest/CreateFilmTestData.asmx"  	[MsgId: MERR-26612]
Action.c(112): Continuing after Error -26377: No match found for the requested parameter "CreateFilmDataResult". Check whether the requested boundaries exist in the response data. Also, if the data you want to save exceeds 10240 bytes, use web_set_max_html_param_len to increase the parameter size  	[MsgId: MERR-26377]
End auto log messages stack.	[MsgId: MMSG-10544]


Start auto log messages stack - Iteration 6.	[MsgId: MMSG-10545]
Action.c(263): Warning -26377: No match found for the requested parameter "TaskID". Check whether the requested boundaries exist in the response data. Also, if the data you want to save exceeds 10240 bytes, use web_set_max_html_param_len to increase the parameter size  	[MsgId: MWAR-26377]
Action.c(263): web_custom_request("web_custom_request") highest severity level was "warning", 265 body bytes, 259 header bytes  	[MsgId: MMSG-26388]
Action.c(275): Notify: Transaction "Film Create_PrintTask" ended with "Pass" status (Duration: 0.9216 Wasted Time: 0.0000).	[MsgId: MMSG-16871]
Action.c(277): TaskID is : 	[MsgId: MMSG-17999]
Action.c(278): time is : 10	[MsgId: MMSG-17999]
Action.c(283): Notify: Transaction "Fim GetTaskID_fail" started.	[MsgId: MMSG-16999]
Action.c(284): The accession number is A20180607124743000,K2_3	[MsgId: MMSG-17999]
Action.c(285): Notify: Transaction "Fim GetTaskID_fail" ended with "Pass" status (Duration: 0.0001).	[MsgId: MMSG-16873]
Action.c(293): Notify: Transaction "Film Create_PrintTask Fail" started.	[MsgId: MMSG-16999]
Action.c(294): Error: Try to get the Print task ID failed: A20180607124743000 :  K2_3	[MsgId: MERR-17999]
End auto log messages stack.	[MsgId: MMSG-10544]


Start auto log messages stack - Iteration 6.	[MsgId: MMSG-10545]
Action.c(263): Warning -26377: No match found for the requested parameter "TaskID". Check whether the requested boundaries exist in the response data. Also, if the data you want to save exceeds 10240 bytes, use web_set_max_html_param_len to increase the parameter size  	[MsgId: MWAR-26377]
Action.c(263): web_custom_request("web_custom_request") highest severity level was "warning", 265 body bytes, 259 header bytes  	[MsgId: MMSG-26388]
Action.c(275): Notify: Transaction "Film Create_PrintTask" ended with "Pass" status (Duration: 0.3418 Wasted Time: 0.0000).	[MsgId: MMSG-16871]
Action.c(277): TaskID is : 	[MsgId: MMSG-17999]
Action.c(278): time is : 10	[MsgId: MMSG-17999]
Action.c(283): Notify: Transaction "Fim GetTaskID_fail" started.	[MsgId: MMSG-16999]
Action.c(284): The accession number is A20180607124758000,K2_5	[MsgId: MMSG-17999]
Action.c(285): Notify: Transaction "Fim GetTaskID_fail" ended with "Pass" status (Duration: 0.0001).	[MsgId: MMSG-16873]
Action.c(293): Notify: Transaction "Film Create_PrintTask Fail" started.	[MsgId: MMSG-16999]
Action.c(294): Error: Try to get the Print task ID failed: A20180607124758000 :  K2_5	[MsgId: MERR-17999]
End auto log messages stack.	[MsgId: MMSG-10544]


Start auto log messages stack - Iteration 7.	[MsgId: MMSG-10545]
Action.c(263): Warning -26377: No match found for the requested parameter "TaskID". Check whether the requested boundaries exist in the response data. Also, if the data you want to save exceeds 10240 bytes, use web_set_max_html_param_len to increase the parameter size  	[MsgId: MWAR-26377]
Action.c(263): web_custom_request("web_custom_request") highest severity level was "warning", 265 body bytes, 259 header bytes  	[MsgId: MMSG-26388]
Action.c(275): Notify: Transaction "Film Create_PrintTask" ended with "Pass" status (Duration: 0.5494 Wasted Time: 0.0000).	[MsgId: MMSG-16871]
Action.c(277): TaskID is : 	[MsgId: MMSG-17999]
Action.c(278): time is : 10	[MsgId: MMSG-17999]
Action.c(283): Notify: Transaction "Fim GetTaskID_fail" started.	[MsgId: MMSG-16999]
Action.c(284): The accession number is A20180607124935000,K2_2	[MsgId: MMSG-17999]
Action.c(285): Notify: Transaction "Fim GetTaskID_fail" ended with "Pass" status (Duration: 0.0001).	[MsgId: MMSG-16873]
Action.c(293): Notify: Transaction "Film Create_PrintTask Fail" started.	[MsgId: MMSG-16999]
Action.c(294): Error: Try to get the Print task ID failed: A20180607124935000 :  K2_2	[MsgId: MERR-17999]
End auto log messages stack.	[MsgId: MMSG-10544]


Start auto log messages stack - Iteration 5.	[MsgId: MMSG-10545]
Starting action Action.	[MsgId: MMSG-15919]
Action.c(21): web_set_max_html_param_len was successful  	[MsgId: MMSG-26392]
Action.c(31): Registering web_reg_save_param was successful  	[MsgId: MMSG-26390]
Action.c(33): Notify: Transaction "Create New Patient" started.	[MsgId: MMSG-16999]
Action.c(36): web_custom_request("web_custom_request") was successful, 373 body bytes, 242 header bytes  	[MsgId: MMSG-26386]
Action.c(93): Notify: Transaction "Create New Patient" ended with "Pass" status (Duration: 2.0927 Wasted Time: 0.0000).	[MsgId: MMSG-16871]
Action.c(104): lr_think_time: 60.00 seconds.	[MsgId: MMSG-15948]
Action.c(110): Registering web_reg_save_param was successful  	[MsgId: MMSG-26390]
Action.c(112): Continuing after Error -27728: Step download timeout (120 seconds) has expired  	[MsgId: MERR-27728]
End auto log messages stack.	[MsgId: MMSG-10544]


Start auto log messages stack - Iteration 5.	[MsgId: MMSG-10545]
Action.c(112): Aborting pending download of URL="http://10.184.129.108/PerformanceTest/CreateFilmTestData.asmx"  	[MsgId: MMSG-27656]
Action.c(112): Continuing after Error -26377: No match found for the requested parameter "CreateFilmDataResult". Check whether the requested boundaries exist in the response data. Also, if the data you want to save exceeds 10240 bytes, use web_set_max_html_param_len to increase the parameter size  	[MsgId: MERR-26377]
Action.c(112): Continuing after Error -26374: The above "not found" error(s) may be explained by header and body byte counts being 0 and 0, respectively.  	[MsgId: MERR-26374]
End auto log messages stack.	[MsgId: MMSG-10544]


Start auto log messages stack - Iteration 5.	[MsgId: MMSG-10545]
Action.c(337): Notify: Transaction "Film_PrintStatus_CheckService" started.	[MsgId: MMSG-16999]
Action.c(339): Warning -26593: The header being added may cause unpredictable results when applied to all ensuing URLs. It is added anyway  	[MsgId: MWAR-26593]
Action.c(339): web_add_auto_header("content-type") highest severity level was "warning"  	[MsgId: MMSG-26391]
Action.c(340): web_custom_request("web_custom_request") was successful, 760 body bytes, 259 header bytes  	[MsgId: MMSG-26386]
Action.c(350): Notify: Transaction "Film_PrintStatus_CheckService" ended with "Pass" status (Duration: 0.2588 Wasted Time: 0.0000).	[MsgId: MMSG-16871]
Action.c(352): PrintStatus in DataBase-------,3	[MsgId: MMSG-17999]
Action.c(354): PrintStatus Check result-------,-1	[MsgId: MMSG-17999]
Action.c(358): PrintStatus-------,30	[MsgId: MMSG-17999]
Action.c(380): Notify: Transaction "Film PrintTask_Result_Fail" started.	[MsgId: MMSG-16999]
Action.c(381): Error: The task do not finish correct: TaskID: 4371808  From Terminal: K2_4	[MsgId: MERR-17999]
End auto log messages stack.	[MsgId: MMSG-10544]


Start auto log messages stack - Iteration 6.	[MsgId: MMSG-10545]
Action.c(337): Notify: Transaction "Film_PrintStatus_CheckService" started.	[MsgId: MMSG-16999]
Action.c(339): Warning -26593: The header being added may cause unpredictable results when applied to all ensuing URLs. It is added anyway  	[MsgId: MWAR-26593]
Action.c(339): web_add_auto_header("content-type") highest severity level was "warning"  	[MsgId: MMSG-26391]
Action.c(340): web_custom_request("web_custom_request") was successful, 768 body bytes, 259 header bytes  	[MsgId: MMSG-26386]
Action.c(350): Notify: Transaction "Film_PrintStatus_CheckService" ended with "Pass" status (Duration: 0.1477 Wasted Time: 0.0000).	[MsgId: MMSG-16871]
Action.c(352): PrintStatus in DataBase-------,3	[MsgId: MMSG-17999]
Action.c(354): PrintStatus Check result-------,-1	[MsgId: MMSG-17999]
Action.c(358): PrintStatus-------,30	[MsgId: MMSG-17999]
Action.c(380): Notify: Transaction "Film PrintTask_Result_Fail" started.	[MsgId: MMSG-16999]
Action.c(381): Error: The task do not finish correct: TaskID: 4371826  From Terminal: K2_8	[MsgId: MERR-17999]
End auto log messages stack.	[MsgId: MMSG-10544]


Start auto log messages stack - Iteration 9.	[MsgId: MMSG-10545]
Starting action Action.	[MsgId: MMSG-15919]
Action.c(21): web_set_max_html_param_len was successful  	[MsgId: MMSG-26392]
Action.c(31): Registering web_reg_save_param was successful  	[MsgId: MMSG-26390]
Action.c(33): Notify: Transaction "Create New Patient" started.	[MsgId: MMSG-16999]
Action.c(36): web_custom_request("web_custom_request") was successful, 373 body bytes, 242 header bytes  	[MsgId: MMSG-26386]
Action.c(93): Notify: Transaction "Create New Patient" ended with "Pass" status (Duration: 2.1713 Wasted Time: 0.0000).	[MsgId: MMSG-16871]
Action.c(104): lr_think_time: 60.00 seconds.	[MsgId: MMSG-15948]
Action.c(110): Registering web_reg_save_param was successful  	[MsgId: MMSG-26390]
Action.c(112): Continuing after Error -27728: Step download timeout (120 seconds) has expired  	[MsgId: MERR-27728]
End auto log messages stack.	[MsgId: MMSG-10544]


Start auto log messages stack - Iteration 9.	[MsgId: MMSG-10545]
Action.c(112): Aborting pending download of URL="http://10.184.129.108/PerformanceTest/CreateFilmTestData.asmx"  	[MsgId: MMSG-27656]
Action.c(112): Continuing after Error -26377: No match found for the requested parameter "CreateFilmDataResult". Check whether the requested boundaries exist in the response data. Also, if the data you want to save exceeds 10240 bytes, use web_set_max_html_param_len to increase the parameter size  	[MsgId: MERR-26377]
Action.c(112): Continuing after Error -26374: The above "not found" error(s) may be explained by header and body byte counts being 0 and 0, respectively.  	[MsgId: MERR-26374]
End auto log messages stack.	[MsgId: MMSG-10544]


Start auto log messages stack - Iteration 8.	[MsgId: MMSG-10545]
Starting action Action.	[MsgId: MMSG-15919]
Action.c(21): web_set_max_html_param_len was successful  	[MsgId: MMSG-26392]
Action.c(31): Registering web_reg_save_param was successful  	[MsgId: MMSG-26390]
Action.c(33): Notify: Transaction "Create New Patient" started.	[MsgId: MMSG-16999]
Action.c(36): web_custom_request("web_custom_request") was successful, 373 body bytes, 242 header bytes  	[MsgId: MMSG-26386]
Action.c(93): Notify: Transaction "Create New Patient" ended with "Pass" status (Duration: 4.0887 Wasted Time: 0.0000).	[MsgId: MMSG-16871]
Action.c(104): lr_think_time: 60.00 seconds.	[MsgId: MMSG-15948]
Action.c(110): Registering web_reg_save_param was successful  	[MsgId: MMSG-26390]
Action.c(112): Continuing after Error -27728: Step download timeout (120 seconds) has expired  	[MsgId: MERR-27728]
End auto log messages stack.	[MsgId: MMSG-10544]


Start auto log messages stack - Iteration 8.	[MsgId: MMSG-10545]
Action.c(112): Aborting pending download of URL="http://10.184.129.108/PerformanceTest/CreateFilmTestData.asmx"  	[MsgId: MMSG-27656]
Action.c(112): Continuing after Error -26377: No match found for the requested parameter "CreateFilmDataResult". Check whether the requested boundaries exist in the response data. Also, if the data you want to save exceeds 10240 bytes, use web_set_max_html_param_len to increase the parameter size  	[MsgId: MERR-26377]
Action.c(112): Continuing after Error -26374: The above "not found" error(s) may be explained by header and body byte counts being 0 and 0, respectively.  	[MsgId: MERR-26374]
End auto log messages stack.	[MsgId: MMSG-10544]


Start auto log messages stack - Iteration 9.	[MsgId: MMSG-10545]
Action.c(250): lr_think_time: 5.00 seconds.	[MsgId: MMSG-15948]
Action.c(253): Registering web_reg_save_param was successful  	[MsgId: MMSG-26390]
Action.c(259): Notify: Transaction "Film Create_PrintTask" started.	[MsgId: MMSG-16999]
Action.c(261): Warning -26593: The header being added may cause unpredictable results when applied to all ensuing URLs. It is added anyway  	[MsgId: MWAR-26593]
Action.c(261): web_add_auto_header("content-type") highest severity level was "warning"  	[MsgId: MMSG-26391]
Action.c(263): web_custom_request("web_custom_request") was successful, 668 body bytes, 259 header bytes  	[MsgId: MMSG-26386]
Action.c(275): Notify: Transaction "Film Create_PrintTask" ended with "Pass" status (Duration: 0.8878 Wasted Time: 0.0000).	[MsgId: MMSG-16871]
Action.c(277): TaskID is : 4371955	[MsgId: MMSG-17999]
Action.c(278): time is : 10	[MsgId: MMSG-17999]
Action.c(293): Notify: Transaction "Film Create_PrintTask Fail" started.	[MsgId: MMSG-16999]
Action.c(294): Error: Try to get the Print task ID failed: A20180607125725000 :  K2_3	[MsgId: MERR-17999]
End auto log messages stack.	[MsgId: MMSG-10544]


Start auto log messages stack - Iteration 7.	[MsgId: MMSG-10545]
Action.c(250): lr_think_time: 5.00 seconds.	[MsgId: MMSG-15948]
Action.c(253): Registering web_reg_save_param was successful  	[MsgId: MMSG-26390]
Action.c(259): Notify: Transaction "Film Create_PrintTask" started.	[MsgId: MMSG-16999]
Action.c(261): Warning -26593: The header being added may cause unpredictable results when applied to all ensuing URLs. It is added anyway  	[MsgId: MWAR-26593]
Action.c(261): web_add_auto_header("content-type") highest severity level was "warning"  	[MsgId: MMSG-26391]
Action.c(263): web_custom_request("web_custom_request") was successful, 672 body bytes, 259 header bytes  	[MsgId: MMSG-26386]
Action.c(275): Notify: Transaction "Film Create_PrintTask" ended with "Pass" status (Duration: 10.2193 Wasted Time: 0.0000).	[MsgId: MMSG-16871]
Action.c(277): TaskID is : 4371966	[MsgId: MMSG-17999]
Action.c(278): time is : 10	[MsgId: MMSG-17999]
Action.c(293): Notify: Transaction "Film Create_PrintTask Fail" started.	[MsgId: MMSG-16999]
Action.c(294): Error: Try to get the Print task ID failed: A20180607125728000 :  K2_6	[MsgId: MERR-17999]
End auto log messages stack.	[MsgId: MMSG-10544]


Start auto log messages stack - Iteration 10.	[MsgId: MMSG-10545]
Starting action Action.	[MsgId: MMSG-15919]
Action.c(21): web_set_max_html_param_len was successful  	[MsgId: MMSG-26392]
Action.c(31): Registering web_reg_save_param was successful  	[MsgId: MMSG-26390]
Action.c(33): Notify: Transaction "Create New Patient" started.	[MsgId: MMSG-16999]
Action.c(36): web_custom_request("web_custom_request") was successful, 373 body bytes, 242 header bytes  	[MsgId: MMSG-26386]
Action.c(93): Notify: Transaction "Create New Patient" ended with "Pass" status (Duration: 0.4042 Wasted Time: 0.0000).	[MsgId: MMSG-16871]
Action.c(104): lr_think_time: 60.00 seconds.	[MsgId: MMSG-15948]
Action.c(110): Registering web_reg_save_param was successful  	[MsgId: MMSG-26390]
Action.c(112): Continuing after Error -26612: HTTP Status-Code=500 (Internal Server Error) for "http://10.184.129.108/PerformanceTest/CreateFilmTestData.asmx"  	[MsgId: MERR-26612]
Action.c(112): Continuing after Error -26377: No match found for the requested parameter "CreateFilmDataResult". Check whether the requested boundaries exist in the response data. Also, if the data you want to save exceeds 10240 bytes, use web_set_max_html_param_len to increase the parameter size  	[MsgId: MERR-26377]
End auto log messages stack.	[MsgId: MMSG-10544]


Start auto log messages stack - Iteration 8.	[MsgId: MMSG-10545]
Action.c(263): Warning -26377: No match found for the requested parameter "TaskID". Check whether the requested boundaries exist in the response data. Also, if the data you want to save exceeds 10240 bytes, use web_set_max_html_param_len to increase the parameter size  	[MsgId: MWAR-26377]
Action.c(263): web_custom_request("web_custom_request") highest severity level was "warning", 265 body bytes, 259 header bytes  	[MsgId: MMSG-26388]
Action.c(275): Notify: Transaction "Film Create_PrintTask" ended with "Pass" status (Duration: 0.1021 Wasted Time: 0.0000).	[MsgId: MMSG-16871]
Action.c(277): TaskID is : 	[MsgId: MMSG-17999]
Action.c(278): time is : 10	[MsgId: MMSG-17999]
Action.c(283): Notify: Transaction "Fim GetTaskID_fail" started.	[MsgId: MMSG-16999]
Action.c(284): The accession number is A20180607125939000,K2_8	[MsgId: MMSG-17999]
Action.c(285): Notify: Transaction "Fim GetTaskID_fail" ended with "Pass" status (Duration: 0.0001).	[MsgId: MMSG-16873]
Action.c(293): Notify: Transaction "Film Create_PrintTask Fail" started.	[MsgId: MMSG-16999]
Action.c(294): Error: Try to get the Print task ID failed: A20180607125939000 :  K2_8	[MsgId: MERR-17999]
End auto log messages stack.	[MsgId: MMSG-10544]


