Start auto log messages stack - Iteration 1.	[MsgId: MMSG-10545]
Starting action Action.	[MsgId: MMSG-15919]
Action.c(22): web_set_max_html_param_len was successful  	[MsgId: MMSG-26392]
Action.c(32): Registering web_reg_save_param was successful  	[MsgId: MMSG-26390]
Action.c(34): Notify: Transaction "Create New Patient" started.	[MsgId: MMSG-16999]
Action.c(37): web_custom_request("web_custom_request") was successful, 373 body bytes, 242 header bytes  	[MsgId: MMSG-26386]
Action.c(94): Notify: Transaction "Create New Patient" ended with "Pass" status (Duration: 0.3893 Wasted Time: 0.0000).	[MsgId: MMSG-16871]
Action.c(105): lr_think_time: 60.00 seconds.	[MsgId: MMSG-15948]
Action.c(111): Registering web_reg_save_param was successful  	[MsgId: MMSG-26390]
Action.c(113): web_custom_request("web_custom_request") was successful, 373 body bytes, 230 header bytes  	[MsgId: MMSG-26386]
Action.c(144): web_get_int_property was successful  	[MsgId: MMSG-26392]
Action.c(155): Error: Create film test data faile, it`s not an error. The return value is not true.	[MsgId: MERR-17999]
End auto log messages stack.	[MsgId: MMSG-10544]


Start auto log messages stack - Iteration 1.	[MsgId: MMSG-10545]
Action.c(347): Notify: Transaction "Film_PrintStatus_CheckService" started.	[MsgId: MMSG-16999]
Action.c(349): Warning -26593: The header being added may cause unpredictable results when applied to all ensuing URLs. It is added anyway  	[MsgId: MWAR-26593]
Action.c(349): web_add_auto_header("content-type") highest severity level was "warning"  	[MsgId: MMSG-26391]
Action.c(350): web_custom_request("web_custom_request") was successful, 671 body bytes, 259 header bytes  	[MsgId: MMSG-26386]
Action.c(360): Notify: Transaction "Film_PrintStatus_CheckService" ended with "Pass" status (Duration: 0.2159 Wasted Time: 0.0000).	[MsgId: MMSG-16871]
Action.c(362): PrintStatus in DataBase-------,-1	[MsgId: MMSG-17999]
Action.c(364): PrintStatus Check result-------,-7	[MsgId: MMSG-17999]
Action.c(368): PrintStatus-------,30	[MsgId: MMSG-17999]
Action.c(390): Notify: Transaction "Film PrintTask_Result_Fail" started.	[MsgId: MMSG-16999]
Action.c(391): Error: The task do not finish correct: TaskID: 4376573  From Terminal: K2_2	[MsgId: MERR-17999]
End auto log messages stack.	[MsgId: MMSG-10544]


Start auto log messages stack - Iteration 1.	[MsgId: MMSG-10545]
Action.c(347): Notify: Transaction "Film_PrintStatus_CheckService" started.	[MsgId: MMSG-16999]
Action.c(349): Warning -26593: The header being added may cause unpredictable results when applied to all ensuing URLs. It is added anyway  	[MsgId: MWAR-26593]
Action.c(349): web_add_auto_header("content-type") highest severity level was "warning"  	[MsgId: MMSG-26391]
Action.c(350): web_custom_request("web_custom_request") was successful, 670 body bytes, 259 header bytes  	[MsgId: MMSG-26386]
Action.c(360): Notify: Transaction "Film_PrintStatus_CheckService" ended with "Pass" status (Duration: 0.1722 Wasted Time: 0.0000).	[MsgId: MMSG-16871]
Action.c(362): PrintStatus in DataBase-------,-1	[MsgId: MMSG-17999]
Action.c(364): PrintStatus Check result-------,-7	[MsgId: MMSG-17999]
Action.c(368): PrintStatus-------,30	[MsgId: MMSG-17999]
Action.c(390): Notify: Transaction "Film PrintTask_Result_Fail" started.	[MsgId: MMSG-16999]
Action.c(391): Error: The task do not finish correct: TaskID: 4376579  From Terminal: K2_3	[MsgId: MERR-17999]
End auto log messages stack.	[MsgId: MMSG-10544]


Start auto log messages stack - Iteration 4.	[MsgId: MMSG-10545]
Starting action Action.	[MsgId: MMSG-15919]
Action.c(22): web_set_max_html_param_len was successful  	[MsgId: MMSG-26392]
Action.c(32): Registering web_reg_save_param was successful  	[MsgId: MMSG-26390]
Action.c(34): Notify: Transaction "Create New Patient" started.	[MsgId: MMSG-16999]
Action.c(37): web_custom_request("web_custom_request") was successful, 373 body bytes, 242 header bytes  	[MsgId: MMSG-26386]
Action.c(94): Notify: Transaction "Create New Patient" ended with "Pass" status (Duration: 0.7774 Wasted Time: 0.0000).	[MsgId: MMSG-16871]
Action.c(105): lr_think_time: 60.00 seconds.	[MsgId: MMSG-15948]
Action.c(111): Registering web_reg_save_param was successful  	[MsgId: MMSG-26390]
Action.c(113): Continuing after Error -27728: Step download timeout (120 seconds) has expired  	[MsgId: MERR-27728]
End auto log messages stack.	[MsgId: MMSG-10544]


Start auto log messages stack - Iteration 4.	[MsgId: MMSG-10545]
Action.c(113): Aborting pending download of URL="http://10.184.129.108/PerformanceTest/CreateFilmTestData.asmx"  	[MsgId: MMSG-27656]
Action.c(113): Continuing after Error -26377: No match found for the requested parameter "CreateFilmDataResult". Check whether the requested boundaries exist in the response data. Also, if the data you want to save exceeds 10240 bytes, use web_set_max_html_param_len to increase the parameter size  	[MsgId: MERR-26377]
Action.c(113): Continuing after Error -26374: The above "not found" error(s) may be explained by header and body byte counts being 0 and 0, respectively.  	[MsgId: MERR-26374]
End auto log messages stack.	[MsgId: MMSG-10544]


Start auto log messages stack - Iteration 4.	[MsgId: MMSG-10545]
Action.c(113): web_custom_request("web_custom_request") highest severity level was "continue on error", 0 body bytes, 0 header bytes  	[MsgId: MMSG-26388]
Action.c(113): Continuing after error in Vuser script.	[MsgId: MMSG-10678]
Action.c(144): web_get_int_property was successful  	[MsgId: MMSG-26392]
Action.c(147): Error: Create film test data faile, it`s not an error. The http return -1	[MsgId: MERR-17999]
End auto log messages stack.	[MsgId: MMSG-10544]


Start auto log messages stack - Iteration 3.	[MsgId: MMSG-10545]
Action.c(253): lr_think_time: 1.00 seconds.	[MsgId: MMSG-15948]
Action.c(260): lr_think_time: 5.00 seconds.	[MsgId: MMSG-15948]
Action.c(263): Registering web_reg_save_param was successful  	[MsgId: MMSG-26390]
Action.c(269): Notify: Transaction "Film Create_PrintTask" started.	[MsgId: MMSG-16999]
Action.c(271): Warning -26593: The header being added may cause unpredictable results when applied to all ensuing URLs. It is added anyway  	[MsgId: MWAR-26593]
Action.c(271): web_add_auto_header("content-type") highest severity level was "warning"  	[MsgId: MMSG-26391]
Action.c(273): web_custom_request("web_custom_request") was successful, 669 body bytes, 259 header bytes  	[MsgId: MMSG-26386]
Action.c(285): Notify: Transaction "Film Create_PrintTask" ended with "Pass" status (Duration: 2.1444 Wasted Time: 0.0000).	[MsgId: MMSG-16871]
Action.c(287): TaskID is : 4376696	[MsgId: MMSG-17999]
Action.c(288): time is : 10	[MsgId: MMSG-17999]
Action.c(303): Notify: Transaction "Film Create_PrintTask Fail" started.	[MsgId: MMSG-16999]
Action.c(304): Error: Try to get the Print task ID failed: A20180613134809000 :  K2_2	[MsgId: MERR-17999]
End auto log messages stack.	[MsgId: MMSG-10544]


Start auto log messages stack - Iteration 4.	[MsgId: MMSG-10545]
Action.c(273): Warning -26377: No match found for the requested parameter "TaskID". Check whether the requested boundaries exist in the response data. Also, if the data you want to save exceeds 10240 bytes, use web_set_max_html_param_len to increase the parameter size  	[MsgId: MWAR-26377]
Action.c(273): web_custom_request("web_custom_request") highest severity level was "warning", 265 body bytes, 259 header bytes  	[MsgId: MMSG-26388]
Action.c(285): Notify: Transaction "Film Create_PrintTask" ended with "Pass" status (Duration: 2.1486 Wasted Time: 0.0000).	[MsgId: MMSG-16871]
Action.c(287): TaskID is : 	[MsgId: MMSG-17999]
Action.c(288): time is : 10	[MsgId: MMSG-17999]
Action.c(293): Notify: Transaction "Fim GetTaskID_fail" started.	[MsgId: MMSG-16999]
Action.c(294): The accession number is A20180613135110000,K2_6	[MsgId: MMSG-17999]
Action.c(295): Notify: Transaction "Fim GetTaskID_fail" ended with "Pass" status (Duration: 0.0001).	[MsgId: MMSG-16873]
Action.c(303): Notify: Transaction "Film Create_PrintTask Fail" started.	[MsgId: MMSG-16999]
Action.c(304): Error: Try to get the Print task ID failed: A20180613135110000 :  K2_6	[MsgId: MERR-17999]
End auto log messages stack.	[MsgId: MMSG-10544]


Start auto log messages stack - Iteration 4.	[MsgId: MMSG-10545]
Starting action Action.	[MsgId: MMSG-15919]
Action.c(22): web_set_max_html_param_len was successful  	[MsgId: MMSG-26392]
Action.c(32): Registering web_reg_save_param was successful  	[MsgId: MMSG-26390]
Action.c(34): Notify: Transaction "Create New Patient" started.	[MsgId: MMSG-16999]
Action.c(37): web_custom_request("web_custom_request") was successful, 373 body bytes, 242 header bytes  	[MsgId: MMSG-26386]
Action.c(94): Notify: Transaction "Create New Patient" ended with "Pass" status (Duration: 0.9190 Wasted Time: 0.0000).	[MsgId: MMSG-16871]
Action.c(105): lr_think_time: 60.00 seconds.	[MsgId: MMSG-15948]
Action.c(111): Registering web_reg_save_param was successful  	[MsgId: MMSG-26390]
Action.c(113): Continuing after Error -26612: HTTP Status-Code=500 (Internal Server Error) for "http://10.184.129.108/PerformanceTest/CreateFilmTestData.asmx"  	[MsgId: MERR-26612]
Action.c(113): Continuing after Error -26377: No match found for the requested parameter "CreateFilmDataResult". Check whether the requested boundaries exist in the response data. Also, if the data you want to save exceeds 10240 bytes, use web_set_max_html_param_len to increase the parameter size  	[MsgId: MERR-26377]
End auto log messages stack.	[MsgId: MMSG-10544]


Start auto log messages stack - Iteration 4.	[MsgId: MMSG-10545]
Action.c(113): web_custom_request("web_custom_request") highest severity level was "continue on error", 535 body bytes, 238 header bytes  	[MsgId: MMSG-26388]
Action.c(113): Continuing after error in Vuser script.	[MsgId: MMSG-10678]
Action.c(144): web_get_int_property was successful  	[MsgId: MMSG-26392]
Action.c(147): Error: Create film test data faile, it`s not an error. The http return 500	[MsgId: MERR-17999]
End auto log messages stack.	[MsgId: MMSG-10544]


Start auto log messages stack - Iteration 4.	[MsgId: MMSG-10545]
Action.c(273): Warning -26377: No match found for the requested parameter "TaskID". Check whether the requested boundaries exist in the response data. Also, if the data you want to save exceeds 10240 bytes, use web_set_max_html_param_len to increase the parameter size  	[MsgId: MWAR-26377]
Action.c(273): web_custom_request("web_custom_request") highest severity level was "warning", 265 body bytes, 259 header bytes  	[MsgId: MMSG-26388]
Action.c(285): Notify: Transaction "Film Create_PrintTask" ended with "Pass" status (Duration: 29.9929 Wasted Time: 0.0000).	[MsgId: MMSG-16871]
Action.c(287): TaskID is : 	[MsgId: MMSG-17999]
Action.c(288): time is : 10	[MsgId: MMSG-17999]
Action.c(293): Notify: Transaction "Fim GetTaskID_fail" started.	[MsgId: MMSG-16999]
Action.c(294): The accession number is A20180613135143000,K2_3	[MsgId: MMSG-17999]
Action.c(295): Notify: Transaction "Fim GetTaskID_fail" ended with "Pass" status (Duration: 0.0001).	[MsgId: MMSG-16873]
Action.c(303): Notify: Transaction "Film Create_PrintTask Fail" started.	[MsgId: MMSG-16999]
Action.c(304): Error: Try to get the Print task ID failed: A20180613135143000 :  K2_3	[MsgId: MERR-17999]
End auto log messages stack.	[MsgId: MMSG-10544]


Start auto log messages stack - Iteration 5.	[MsgId: MMSG-10545]
Starting action Action.	[MsgId: MMSG-15919]
Action.c(22): web_set_max_html_param_len was successful  	[MsgId: MMSG-26392]
Action.c(32): Registering web_reg_save_param was successful  	[MsgId: MMSG-26390]
Action.c(34): Notify: Transaction "Create New Patient" started.	[MsgId: MMSG-16999]
Action.c(37): web_custom_request("web_custom_request") was successful, 373 body bytes, 242 header bytes  	[MsgId: MMSG-26386]
Action.c(94): Notify: Transaction "Create New Patient" ended with "Pass" status (Duration: 1.0462 Wasted Time: 0.0000).	[MsgId: MMSG-16871]
Action.c(105): lr_think_time: 60.00 seconds.	[MsgId: MMSG-15948]
Action.c(111): Registering web_reg_save_param was successful  	[MsgId: MMSG-26390]
Action.c(113): web_custom_request("web_custom_request") was successful, 373 body bytes, 230 header bytes  	[MsgId: MMSG-26386]
Action.c(144): web_get_int_property was successful  	[MsgId: MMSG-26392]
Action.c(155): Error: Create film test data faile, it`s not an error. The return value is not true.	[MsgId: MERR-17999]
End auto log messages stack.	[MsgId: MMSG-10544]


Start auto log messages stack - Iteration 5.	[MsgId: MMSG-10545]
Action.c(273): Warning -26377: No match found for the requested parameter "TaskID". Check whether the requested boundaries exist in the response data. Also, if the data you want to save exceeds 10240 bytes, use web_set_max_html_param_len to increase the parameter size  	[MsgId: MWAR-26377]
Action.c(273): web_custom_request("web_custom_request") highest severity level was "warning", 265 body bytes, 259 header bytes  	[MsgId: MMSG-26388]
Action.c(285): Notify: Transaction "Film Create_PrintTask" ended with "Pass" status (Duration: 25.0200 Wasted Time: 0.0000).	[MsgId: MMSG-16871]
Action.c(287): TaskID is : 	[MsgId: MMSG-17999]
Action.c(288): time is : 10	[MsgId: MMSG-17999]
Action.c(293): Notify: Transaction "Fim GetTaskID_fail" started.	[MsgId: MMSG-16999]
Action.c(294): The accession number is A20180613135214000,K2_4	[MsgId: MMSG-17999]
Action.c(295): Notify: Transaction "Fim GetTaskID_fail" ended with "Pass" status (Duration: 0.0001).	[MsgId: MMSG-16873]
Action.c(303): Notify: Transaction "Film Create_PrintTask Fail" started.	[MsgId: MMSG-16999]
Action.c(304): Error: Try to get the Print task ID failed: A20180613135214000 :  K2_4	[MsgId: MERR-17999]
End auto log messages stack.	[MsgId: MMSG-10544]


Start auto log messages stack - Iteration 4.	[MsgId: MMSG-10545]
Action.c(273): Warning -26377: No match found for the requested parameter "TaskID". Check whether the requested boundaries exist in the response data. Also, if the data you want to save exceeds 10240 bytes, use web_set_max_html_param_len to increase the parameter size  	[MsgId: MWAR-26377]
Action.c(273): web_custom_request("web_custom_request") highest severity level was "warning", 265 body bytes, 259 header bytes  	[MsgId: MMSG-26388]
Action.c(285): Notify: Transaction "Film Create_PrintTask" ended with "Pass" status (Duration: 31.5373 Wasted Time: 0.0000).	[MsgId: MMSG-16871]
Action.c(287): TaskID is : 	[MsgId: MMSG-17999]
Action.c(288): time is : 10	[MsgId: MMSG-17999]
Action.c(293): Notify: Transaction "Fim GetTaskID_fail" started.	[MsgId: MMSG-16999]
Action.c(294): The accession number is A20180613135236000,K2_7	[MsgId: MMSG-17999]
Action.c(295): Notify: Transaction "Fim GetTaskID_fail" ended with "Pass" status (Duration: 0.0001).	[MsgId: MMSG-16873]
Action.c(303): Notify: Transaction "Film Create_PrintTask Fail" started.	[MsgId: MMSG-16999]
Action.c(304): Error: Try to get the Print task ID failed: A20180613135236000 :  K2_7	[MsgId: MERR-17999]
End auto log messages stack.	[MsgId: MMSG-10544]


Start auto log messages stack - Iteration 4.	[MsgId: MMSG-10545]
Action.c(347): Notify: Transaction "Film_PrintStatus_CheckService" started.	[MsgId: MMSG-16999]
Action.c(349): Warning -26593: The header being added may cause unpredictable results when applied to all ensuing URLs. It is added anyway  	[MsgId: MWAR-26593]
Action.c(349): web_add_auto_header("content-type") highest severity level was "warning"  	[MsgId: MMSG-26391]
Action.c(350): web_custom_request("web_custom_request") was successful, 671 body bytes, 259 header bytes  	[MsgId: MMSG-26386]
Action.c(360): Notify: Transaction "Film_PrintStatus_CheckService" ended with "Pass" status (Duration: 0.2002 Wasted Time: 0.0000).	[MsgId: MMSG-16871]
Action.c(362): PrintStatus in DataBase-------,-1	[MsgId: MMSG-17999]
Action.c(364): PrintStatus Check result-------,-7	[MsgId: MMSG-17999]
Action.c(368): PrintStatus-------,30	[MsgId: MMSG-17999]
Action.c(390): Notify: Transaction "Film PrintTask_Result_Fail" started.	[MsgId: MMSG-16999]
Action.c(391): Error: The task do not finish correct: TaskID: 4376727  From Terminal: K2_2	[MsgId: MERR-17999]
End auto log messages stack.	[MsgId: MMSG-10544]


Start auto log messages stack - Iteration 6.	[MsgId: MMSG-10545]
Action.c(347): Notify: Transaction "Film_PrintStatus_CheckService" started.	[MsgId: MMSG-16999]
Action.c(349): Warning -26593: The header being added may cause unpredictable results when applied to all ensuing URLs. It is added anyway  	[MsgId: MWAR-26593]
Action.c(349): web_add_auto_header("content-type") highest severity level was "warning"  	[MsgId: MMSG-26391]
Action.c(350): web_custom_request("web_custom_request") was successful, 668 body bytes, 259 header bytes  	[MsgId: MMSG-26386]
Action.c(360): Notify: Transaction "Film_PrintStatus_CheckService" ended with "Pass" status (Duration: 0.4409 Wasted Time: 0.0000).	[MsgId: MMSG-16871]
Action.c(362): PrintStatus in DataBase-------,-1	[MsgId: MMSG-17999]
Action.c(364): PrintStatus Check result-------,-7	[MsgId: MMSG-17999]
Action.c(368): PrintStatus-------,30	[MsgId: MMSG-17999]
Action.c(390): Notify: Transaction "Film PrintTask_Result_Fail" started.	[MsgId: MMSG-16999]
Action.c(391): Error: The task do not finish correct: TaskID: 4376729  From Terminal: K2_1	[MsgId: MERR-17999]
End auto log messages stack.	[MsgId: MMSG-10544]


Start auto log messages stack - Iteration 7.	[MsgId: MMSG-10545]
Starting action Action.	[MsgId: MMSG-15919]
Action.c(22): web_set_max_html_param_len was successful  	[MsgId: MMSG-26392]
Action.c(32): Registering web_reg_save_param was successful  	[MsgId: MMSG-26390]
Action.c(34): Notify: Transaction "Create New Patient" started.	[MsgId: MMSG-16999]
Action.c(37): web_custom_request("web_custom_request") was successful, 373 body bytes, 242 header bytes  	[MsgId: MMSG-26386]
Action.c(94): Notify: Transaction "Create New Patient" ended with "Pass" status (Duration: 0.4410 Wasted Time: 0.0000).	[MsgId: MMSG-16871]
Action.c(105): lr_think_time: 60.00 seconds.	[MsgId: MMSG-15948]
Action.c(111): Registering web_reg_save_param was successful  	[MsgId: MMSG-26390]
Action.c(113): web_custom_request("web_custom_request") was successful, 373 body bytes, 230 header bytes  	[MsgId: MMSG-26386]
Action.c(144): web_get_int_property was successful  	[MsgId: MMSG-26392]
Action.c(155): Error: Create film test data faile, it`s not an error. The return value is not true.	[MsgId: MERR-17999]
End auto log messages stack.	[MsgId: MMSG-10544]


Start auto log messages stack - Iteration 7.	[MsgId: MMSG-10545]
Starting action Action.	[MsgId: MMSG-15919]
Action.c(22): web_set_max_html_param_len was successful  	[MsgId: MMSG-26392]
Action.c(32): Registering web_reg_save_param was successful  	[MsgId: MMSG-26390]
Action.c(34): Notify: Transaction "Create New Patient" started.	[MsgId: MMSG-16999]
Action.c(37): web_custom_request("web_custom_request") was successful, 373 body bytes, 242 header bytes  	[MsgId: MMSG-26386]
Action.c(94): Notify: Transaction "Create New Patient" ended with "Pass" status (Duration: 0.8636 Wasted Time: 0.0000).	[MsgId: MMSG-16871]
Action.c(105): lr_think_time: 60.00 seconds.	[MsgId: MMSG-15948]
Action.c(111): Registering web_reg_save_param was successful  	[MsgId: MMSG-26390]
Action.c(113): web_custom_request("web_custom_request") was successful, 373 body bytes, 230 header bytes  	[MsgId: MMSG-26386]
Action.c(144): web_get_int_property was successful  	[MsgId: MMSG-26392]
Action.c(155): Error: Create film test data faile, it`s not an error. The return value is not true.	[MsgId: MERR-17999]
End auto log messages stack.	[MsgId: MMSG-10544]


