Virtual User Script started at : 2018-05-31 15:08:29	[MsgId: MMSG-15967]
Starting action vuser_init.	[MsgId: MMSG-15919]
Web Services replay version 11.0.0 for Windows 7; Toolkit: ".Net"; build 8859	[MsgId: MMSG0]
Run-Time Settings file: "C:\Users\Administrator\AppData\Local\Temp\lr5tmpdirpvp.862\lrcfgREA.863\cfg0BL.864"	[MsgId: MMSG0]
Vuser directory: "D:\Scripts\ReleaseScripts\Reliability_Terminal_film_archive_print_web"	[MsgId: MMSG0]
Vuser output directory: "D:\Scripts\ReleaseScripts\Reliability_Terminal_film_archive_print_web"	[MsgId: MMSG0]
LOCAL start date/time:  2018-05-31 15:08:29	[MsgId: MMSG0]
vuser_init.c(3): DB Connection "Connect" started ... Wait ....	[MsgId: MMSG-108774]
Ending action vuser_init.	[MsgId: MMSG-15918]
Running Vuser...	[MsgId: MMSG-15964]
Starting iteration 1.	[MsgId: MMSG-15968]
Starting action Action.	[MsgId: MMSG-15919]
Action.c(21): web_set_max_html_param_len was successful  	[MsgId: MMSG-26392]
Action.c(23): Notify: Parameter Substitution: parameter "DateTime" =  "20180531150759000"	[MsgId: MMSG-13992]
Action.c(24): Notify: Saving Parameter "TreatmentID_new = 20180531150759000".	[MsgId: MMSG-13798]
Action.c(31): Registering web_reg_save_param was successful  	[MsgId: MMSG-26390]
Action.c(33): Notify: Transaction "Create New Patient" started.	[MsgId: MMSG-16999]
Action.c(36): Notify: Parameter Substitution: parameter "DateTime" =  "20180531150759000"	[MsgId: MMSG-13992]
Action.c(36): Notify: Parameter Substitution: parameter "DateTime" =  "20180531150759000"	[MsgId: MMSG-13992]
Action.c(36): Notify: Parameter Substitution: parameter "TreatmentID_new" =  "20180531150759000"	[MsgId: MMSG-13992]
Action.c(36): Notify: Parameter Substitution: parameter "TreatmentID_new" =  "20180531150759000"	[MsgId: MMSG-13992]
Action.c(36): Notify: Parameter Substitution: parameter "DateTime" =  "20180531150759000"	[MsgId: MMSG-13992]
Action.c(36): Notify: Parameter Substitution: parameter "TreatmentID_new" =  "20180531150759000"	[MsgId: MMSG-13992]
Action.c(36): Notify: Parameter Substitution: parameter "TreatmentID_new" =  "20180531150759000"	[MsgId: MMSG-13992]
Action.c(36): Notify: Parameter Substitution: parameter "Grender" =  "M"	[MsgId: MMSG-13992]
Action.c(36): Notify: Parameter Substitution: parameter "Modality" =  "SR"	[MsgId: MMSG-13992]
Action.c(36): Notify: Parameter Substitution: parameter "Modality" =  "SR"	[MsgId: MMSG-13992]
Action.c(36): Notify: Parameter Substitution: parameter "department" =  "3"	[MsgId: MMSG-13992]
Action.c(36): Notify: Parameter Substitution: parameter "DateTime" =  "20180531150759000"	[MsgId: MMSG-13992]
Action.c(36): Notify: Parameter Substitution: parameter "DateTime" =  "20180531150759000"	[MsgId: MMSG-13992]
Action.c(36): Notify: Parameter Substitution: parameter "DateTime" =  "20180531150759000"	[MsgId: MMSG-13992]
Action.c(36): Notify: Parameter Substitution: parameter "DateTime" =  "20180531150759000"	[MsgId: MMSG-13992]
Action.c(36): Notify: Parameter Substitution: parameter "DateTime" =  "20180531150759000"	[MsgId: MMSG-13992]
Action.c(36): Notify: Parameter Substitution: parameter "DateTime" =  "20180531150759000"	[MsgId: MMSG-13992]
Action.c(36): Notify: Parameter Substitution: parameter "TreatmentID_new" =  "20180531150759000"	[MsgId: MMSG-13992]
Action.c(36): Notify: Parameter Substitution: parameter "BodayPart" =  "chest"	[MsgId: MMSG-13992]
Action.c(36): t=32305ms: 242-byte response headers for "http://10.184.129.108/NotifyServer/NotifyService.asmx" (RelFrameId=1, Internal ID=1)
Action.c(36):     HTTP/1.1 200 OK\r\n
Action.c(36):     Cache-Control: private, max-age=0\r\n
Action.c(36):     Content-Type: application/soap+xml; charset=utf-8\r\n
Action.c(36):     Server: Microsoft-IIS/7.5\r\n
Action.c(36):     X-AspNet-Version: 4.0.30319\r\n
Action.c(36):     X-Powered-By: ASP.NET\r\n
Action.c(36):     Date: Thu, 31 May 2018 07:08:58 GMT\r\n
Action.c(36):     Content-Length: 373\r\n
Action.c(36):     \r\n
Action.c(36): t=32305ms: 373-byte response body for "http://10.184.129.108/NotifyServer/NotifyService.asmx" (RelFrameId=1, Internal ID=1)
Action.c(36):     <?xml version="1.0" encoding="utf-8"?><soap:Envelope xmlns:soap="http://www.w3.org/2003/05
Action.c(36):     /soap-envelope" xmlns:xsi="http://www.w3.org/2001/XMLSchema-instance" xmlns:xsd="http://ww
Action.c(36):     w.w3.org/2001/XMLSchema"><soap:Body><NotifyExamInfoResponse xmlns="http://carestream.org/"
Action.c(36):     ><NotifyExamInfoResult>true</NotifyExamInfoResult></NotifyExamInfoResponse></soap:Body></s
Action.c(36):     oap:Envelope>
Action.c(36): Notify: Saving Parameter "ServiceResult = true".	[MsgId: MMSG-13798]
Action.c(36): web_custom_request("web_custom_request") was successful, 373 body bytes, 242 header bytes  	[MsgId: MMSG-26386]
Action.c(93): Notify: Transaction "Create New Patient" ended with "Pass" status (Duration: 0.3957 Wasted Time: 0.0001).	[MsgId: MMSG-16871]
Action.c(95): Notify: Parameter Substitution: parameter "ServiceResult" =  "true"	[MsgId: MMSG-13992]
Action.c(104): lr_think_time: 60.00 seconds.	[MsgId: MMSG-15948]
Action.c(109): Registering web_reg_save_param was successful  	[MsgId: MMSG-26390]
Action.c(111): Notify: Parameter Substitution: parameter "TreatmentID_new" =  "20180531150759000"	[MsgId: MMSG-13992]
Action.c(111): Notify: Parameter Substitution: parameter "strDate" =  "20180531"	[MsgId: MMSG-13992]
Action.c(111): Notify: Parameter Substitution: parameter "strTime" =  "150759000"	[MsgId: MMSG-13992]
Action.c(111): Notify: Parameter Substitution: parameter "TreatmentID_new" =  "20180531150759000"	[MsgId: MMSG-13992]
Action.c(111): Notify: Parameter Substitution: parameter "TreatmentID_new" =  "20180531150759000"	[MsgId: MMSG-13992]
Action.c(111): Notify: Parameter Substitution: parameter "TreatmentID_new" =  "20180531150759000"	[MsgId: MMSG-13992]
Action.c(111): Notify: Parameter Substitution: parameter "TreatmentID_new" =  "20180531150759000"	[MsgId: MMSG-13992]
Action.c(111): Notify: Parameter Substitution: parameter "TreatmentID_new" =  "20180531150759000"	[MsgId: MMSG-13992]
Action.c(111): Notify: Parameter Substitution: parameter "TreatmentID_new" =  "20180531150759000"	[MsgId: MMSG-13992]
Action.c(111): Notify: Parameter Substitution: parameter "Grender" =  "M"	[MsgId: MMSG-13992]
Action.c(111): Notify: Parameter Substitution: parameter "Modality" =  "SR"	[MsgId: MMSG-13992]
Action.c(111): Notify: Parameter Substitution: parameter "BodayPart" =  "chest"	[MsgId: MMSG-13992]
Action.c(111): t=113823ms: 230-byte response headers for "http://10.184.129.108/PerformanceTest/CreateFilmTestData.asmx" (RelFrameId=1, Internal ID=2)
Action.c(111):     HTTP/1.1 200 OK\r\n
Action.c(111):     Cache-Control: private, max-age=0\r\n
Action.c(111):     Content-Type: text/xml; charset=utf-8\r\n
Action.c(111):     Server: Microsoft-IIS/7.5\r\n
Action.c(111):     X-AspNet-Version: 4.0.30319\r\n
Action.c(111):     X-Powered-By: ASP.NET\r\n
Action.c(111):     Date: Thu, 31 May 2018 07:10:21 GMT\r\n
Action.c(111):     Content-Length: 372\r\n
Action.c(111):     \r\n
Action.c(111): t=113824ms: 372-byte response body for "http://10.184.129.108/PerformanceTest/CreateFilmTestData.asmx" (RelFrameId=1, Internal ID=2)
Action.c(111):     <?xml version="1.0" encoding="utf-8"?><soap:Envelope xmlns:soap="http://schemas.xmlsoap.or
Action.c(111):     g/soap/envelope/" xmlns:xsi="http://www.w3.org/2001/XMLSchema-instance" xmlns:xsd="http://
Action.c(111):     www.w3.org/2001/XMLSchema"><soap:Body><CreateFilmFileResponse xmlns="http://tempuri.org/">
Action.c(111):     <CreateFilmFileResult>true</CreateFilmFileResult></CreateFilmFileResponse></soap:Body></so
Action.c(111):     ap:Envelope>
Action.c(111): Notify: Saving Parameter "CreateFilmDataResult = true".	[MsgId: MMSG-13798]
Action.c(111): web_custom_request("web_custom_request") was successful, 372 body bytes, 230 header bytes  	[MsgId: MMSG-26386]
Action.c(142): Notify: Parameter Substitution: parameter "CreateFilmDataResult" =  "true"	[MsgId: MMSG-13992]
Action.c(156): Notify: Parameter Substitution: parameter "TreatmentID_new" =  "20180531150759000"	[MsgId: MMSG-13992]
Action.c(156): Notify: Saving Parameter "SQLECSQuery1 =  select AccessionNumber from  wggc.dbo.AFP_FilmInfo  where AccessionNumber='A20180531150759000' and DeleteStatus =0 and FilmFlag =0  and MinDensity is not null".	[MsgId: MMSG-13798]
Action.c(158): Notify: Parameter Substitution: parameter "SQLECSQuery1" =  " select AccessionNumber from  wggc.dbo.AFP_FilmInfo  where AccessionNumber='A20180531150759000' and DeleteStatus =0 and FilmFlag =0  and MinDensity is not null"	[MsgId: MMSG-13992]
Action.c(158): SQL Statement  execution "QueryReportStatus" started	[MsgId: MMSG-108760]
Action.c(158): ================================================	[MsgId: MMSG0]
The result is 1	[MsgId: MMSG-17999]
Action.c(185): Notify: Parameter Substitution: parameter "TreatmentID_new" =  "20180531150759000"	[MsgId: MMSG-13992]
Action.c(185): Notify: Saving Parameter "SQLECSQuery1 =  select AccessionNumber from  wggc.dbo.AFP_FilmInfo  where AccessionNumber='A20180531150759000' and DeleteStatus =0 and FilmFlag =0  and MinDensity is not null".	[MsgId: MMSG-13798]
Action.c(187): Notify: Parameter Substitution: parameter "SQLECSQuery1" =  " select AccessionNumber from  wggc.dbo.AFP_FilmInfo  where AccessionNumber='A20180531150759000' and DeleteStatus =0 and FilmFlag =0  and MinDensity is not null"	[MsgId: MMSG-13992]
Action.c(187): SQL Statement  execution "QueryReportStatus" started	[MsgId: MMSG-108760]
Action.c(187): ================================================	[MsgId: MMSG0]
Action.c(201): Notify: Transaction "Film TerminalStatus" started.	[MsgId: MMSG-16999]
Action.c(203): Warning -26593: The header being added may cause unpredictable results when applied to all ensuing URLs. It is added anyway  	[MsgId: MWAR-26593]
Action.c(203): web_add_auto_header("content-type") highest severity level was "warning"  	[MsgId: MMSG-26391]
Action.c(204): Notify: Parameter Substitution: parameter "K2Terminal" =  "K2_1"	[MsgId: MMSG-13992]
Action.c(204): t=114340ms: 259-byte response headers for "http://10.184.129.108/EHDPS/status?tid=K2_1" (RelFrameId=1, Internal ID=3)
Action.c(204):     HTTP/1.1 200 OK\r\n
Action.c(204):     Cache-Control: no-cache\r\n
Action.c(204):     Pragma: no-cache\r\n
Action.c(204):     Content-Type: application/json; charset=utf-8\r\n
Action.c(204):     Expires: -1\r\n
Action.c(204):     Server: Microsoft-IIS/7.5\r\n
Action.c(204):     X-AspNet-Version: 4.0.30319\r\n
Action.c(204):     X-Powered-By: ASP.NET\r\n
Action.c(204):     Date: Thu, 31 May 2018 07:10:21 GMT\r\n
Action.c(204):     Content-Length: 540\r\n
Action.c(204):     \r\n
Action.c(204): t=114341ms: 540-byte response body for "http://10.184.129.108/EHDPS/status?tid=K2_1" (RelFrameId=1, Internal ID=3)
Action.c(204):     {"Status":0,"Code":"","Message":"","OriginalException":null,"Entity":{"Status":0,"Terminal
Action.c(204):     ":{"TerminalId":"K2_1","Status":0,"Type":0,"ErrorCode":"","FilmPrinters":[{"Bin_1":{"Media
Action.c(204):     Type":2,"MediaSize":0,"FilmCount":999999,"Capacity":125},"Bin_2":{"MediaType":2,"MediaSize
Action.c(204):     ":0,"FilmCount":88243,"Capacity":125},"Bin_3":{"MediaType":2,"MediaSize":0,"FilmCount":999
Action.c(204):     997,"Capacity":125},"FilmCount":2088239,"IsPrinting":false,"TerminalId":"K2_1","PrinterId"
Action.c(204):     :"6","ErrorCode":"","Status":8,"PrintStatus":0}],"ReportPrinters":[],"PrintTaskID":null}}}
Action.c(204): web_custom_request("web_custom_request") was successful, 540 body bytes, 259 header bytes  	[MsgId: MMSG-26386]
Action.c(214): Notify: Transaction "Film TerminalStatus" ended with "Pass" status (Duration: 0.2158).	[MsgId: MMSG-16873]
Action.c(217): lr_think_time: 1.00 seconds.	[MsgId: MMSG-15948]
Action.c(220): Notify: Transaction "Film TerminalStatus" started.	[MsgId: MMSG-16999]
Action.c(222): Notify: Parameter Substitution: parameter "K2Terminal" =  "K2_1"	[MsgId: MMSG-13992]
Action.c(222): Registering web_reg_find was successful  	[MsgId: MMSG-26390]
Action.c(224): Notify: Parameter Substitution: parameter "K2Terminal" =  "K2_1"	[MsgId: MMSG-13992]
Action.c(224): t=115372ms: 259-byte response headers for "http://10.184.129.108/EHDPS/status?tid=K2_1" (RelFrameId=1, Internal ID=4)
Action.c(224):     HTTP/1.1 200 OK\r\n
Action.c(224):     Cache-Control: no-cache\r\n
Action.c(224):     Pragma: no-cache\r\n
Action.c(224):     Content-Type: application/json; charset=utf-8\r\n
Action.c(224):     Expires: -1\r\n
Action.c(224):     Server: Microsoft-IIS/7.5\r\n
Action.c(224):     X-AspNet-Version: 4.0.30319\r\n
Action.c(224):     X-Powered-By: ASP.NET\r\n
Action.c(224):     Date: Thu, 31 May 2018 07:10:22 GMT\r\n
Action.c(224):     Content-Length: 540\r\n
Action.c(224):     \r\n
Action.c(224): t=115373ms: 540-byte response body for "http://10.184.129.108/EHDPS/status?tid=K2_1" (RelFrameId=1, Internal ID=4)
Action.c(224):     {"Status":0,"Code":"","Message":"","OriginalException":null,"Entity":{"Status":0,"Terminal
Action.c(224):     ":{"TerminalId":"K2_1","Status":0,"Type":0,"ErrorCode":"","FilmPrinters":[{"Bin_1":{"Media
Action.c(224):     Type":2,"MediaSize":0,"FilmCount":999999,"Capacity":125},"Bin_2":{"MediaType":2,"MediaSize
Action.c(224):     ":0,"FilmCount":88243,"Capacity":125},"Bin_3":{"MediaType":2,"MediaSize":0,"FilmCount":999
Action.c(224):     997,"Capacity":125},"FilmCount":2088239,"IsPrinting":false,"TerminalId":"K2_1","PrinterId"
Action.c(224):     :"6","ErrorCode":"","Status":8,"PrintStatus":0}],"ReportPrinters":[],"PrintTaskID":null}}}
Action.c(224): Registered web_reg_find successful for "Text=K2_1" (count=2)  	[MsgId: MMSG-26364]
Action.c(224): web_custom_request("web_custom_request") was successful, 540 body bytes, 259 header bytes  	[MsgId: MMSG-26386]
Action.c(234): Notify: Transaction "Film TerminalStatus" ended with "Pass" status (Duration: 0.0213 Wasted Time: 0.0000).	[MsgId: MMSG-16871]
Action.c(236): lr_think_time: 1.00 seconds.	[MsgId: MMSG-15948]
Action.c(243): lr_think_time: 5.00 seconds.	[MsgId: MMSG-15948]
Action.c(246): Registering web_reg_save_param was successful  	[MsgId: MMSG-26390]
Action.c(252): Notify: Transaction "Film Create_PrintTask" started.	[MsgId: MMSG-16999]
Action.c(254): Warning -26593: The header being added may cause unpredictable results when applied to all ensuing URLs. It is added anyway  	[MsgId: MWAR-26593]
Action.c(254): web_add_auto_header("content-type") highest severity level was "warning"  	[MsgId: MMSG-26391]
Action.c(256): Notify: Parameter Substitution: parameter "K2Terminal" =  "K2_1"	[MsgId: MMSG-13992]
Action.c(256): Notify: Parameter Substitution: parameter "TreatmentID_new" =  "20180531150759000"	[MsgId: MMSG-13992]
Action.c(256): Notify: Parameter Substitution: parameter "CurrentTime" =  "2018-05-31 15:10:00"	[MsgId: MMSG-13992]
Action.c(256): t=131485ms: 259-byte response headers for "http://10.184.129.108/EHDPS/printtask/create?tid=K2_1" (RelFrameId=1, Internal ID=5)
Action.c(256):     HTTP/1.1 200 OK\r\n
Action.c(256):     Cache-Control: no-cache\r\n
Action.c(256):     Pragma: no-cache\r\n
Action.c(256):     Content-Type: application/json; charset=utf-8\r\n
Action.c(256):     Expires: -1\r\n
Action.c(256):     Server: Microsoft-IIS/7.5\r\n
Action.c(256):     X-AspNet-Version: 4.0.30319\r\n
Action.c(256):     X-Powered-By: ASP.NET\r\n
Action.c(256):     Date: Thu, 31 May 2018 07:10:38 GMT\r\n
Action.c(256):     Content-Length: 666\r\n
Action.c(256):     \r\n
Action.c(256): t=131485ms: 666-byte response body for "http://10.184.129.108/EHDPS/printtask/create?tid=K2_1" (RelFrameId=1, Internal ID=5)
Action.c(256):     {"Status":0,"Code":"","Message":"","OriginalException":null,"Entity":{"TaskId":"4368088","
Action.c(256):     Status":-1,"TotalFilmCount":0,"TotalReportCount":0,"PrintedFilmCount":0,"PrintedReportCoun
Action.c(256):     t":0,"EstimatedTime":0,"TerminalInfo":{"TerminalId":"K2_1","Status":0,"Type":0,"ErrorCode"
Action.c(256):     :"","FilmPrinters":[{"Bin_1":{"MediaType":2,"MediaSize":0,"FilmCount":999999,"Capacity":12
Action.c(256):     5},"Bin_2":{"MediaType":2,"MediaSize":0,"FilmCount":88243,"Capacity":125},"Bin_3":{"MediaT
Action.c(256):     ype":2,"MediaSize":0,"FilmCount":999997,"Capacity":125},"FilmCount":2088239,"IsPrinting":f
Action.c(256):     alse,"TerminalId":"K2_1","PrinterId":"6","ErrorCode":"","Status":8,"PrintStatus":0}],"Repo
Action.c(256):     rtPrinters":[],"PrintTaskID":null}}}
Action.c(256): Notify: Saving Parameter "TaskID = 4368088".	[MsgId: MMSG-13798]
Action.c(256): web_custom_request("web_custom_request") was successful, 666 body bytes, 259 header bytes  	[MsgId: MMSG-26386]
Action.c(268): Notify: Transaction "Film Create_PrintTask" ended with "Pass" status (Duration: 10.0964 Wasted Time: 0.0001).	[MsgId: MMSG-16871]
Action.c(270): Notify: Parameter Substitution: parameter "TaskID" =  "4368088"	[MsgId: MMSG-13992]
Action.c(270): TaskID is : 4368088	[MsgId: MMSG-17999]
Action.c(271): time is : 1	[MsgId: MMSG-17999]
Action.c(273): Notify: Parameter Substitution: parameter "TaskID" =  "4368088"	[MsgId: MMSG-13992]
Action.c(281): Notify: Parameter Substitution: parameter "TaskID" =  "4368088"	[MsgId: MMSG-13992]
Action.c(294): Notify: Parameter Substitution: parameter "TaskID" =  "4368088"	[MsgId: MMSG-13992]
Action.c(298): Notify: Transaction "Film PrintTask" started.	[MsgId: MMSG-16999]
Action.c(300): Warning -26593: The header being added may cause unpredictable results when applied to all ensuing URLs. It is added anyway  	[MsgId: MWAR-26593]
Action.c(300): web_add_auto_header("content-type") highest severity level was "warning"  	[MsgId: MMSG-26391]
Action.c(302): Notify: Parameter Substitution: parameter "TaskID" =  "4368088"	[MsgId: MMSG-13992]
Action.c(302): Notify: Parameter Substitution: parameter "K2Terminal" =  "K2_1"	[MsgId: MMSG-13992]
Action.c(302): Notify: Parameter Substitution: parameter "CurrentTime" =  "2018-05-31 15:10:10"	[MsgId: MMSG-13992]
Action.c(302): t=131684ms: 259-byte response headers for "http://10.184.129.108/EHDPS/printtask/print/4368088?tid=K2_1" (RelFrameId=1, Internal ID=6)
Action.c(302):     HTTP/1.1 200 OK\r\n
Action.c(302):     Cache-Control: no-cache\r\n
Action.c(302):     Pragma: no-cache\r\n
Action.c(302):     Content-Type: application/json; charset=utf-8\r\n
Action.c(302):     Expires: -1\r\n
Action.c(302):     Server: Microsoft-IIS/7.5\r\n
Action.c(302):     X-AspNet-Version: 4.0.30319\r\n
Action.c(302):     X-Powered-By: ASP.NET\r\n
Action.c(302):     Date: Thu, 31 May 2018 07:10:38 GMT\r\n
Action.c(302):     Content-Length: 663\r\n
Action.c(302):     \r\n
Action.c(302): t=131685ms: 663-byte response body for "http://10.184.129.108/EHDPS/printtask/print/4368088?tid=K2_1" (RelFrameId=1, Internal ID=6)
Action.c(302):     {"Status":0,"Code":"","Message":"","OriginalException":null,"Entity":{"TaskId":"","Status"
Action.c(302):     :0,"TotalFilmCount":0,"TotalReportCount":0,"PrintedFilmCount":0,"PrintedReportCount":0,"Es
Action.c(302):     timatedTime":0,"TerminalInfo":{"TerminalId":"K2_1","Status":0,"Type":0,"ErrorCode":"","Fil
Action.c(302):     mPrinters":[{"Bin_1":{"MediaType":2,"MediaSize":0,"FilmCount":999999,"Capacity":125},"Bin_
Action.c(302):     2":{"MediaType":2,"MediaSize":0,"FilmCount":88243,"Capacity":125},"Bin_3":{"MediaType":2,"
Action.c(302):     MediaSize":0,"FilmCount":999997,"Capacity":125},"FilmCount":2088239,"IsPrinting":false,"Te
Action.c(302):     rminalId":"K2_1","PrinterId":"6","ErrorCode":"","Status":8,"PrintStatus":0}],"ReportPrinte
Action.c(302):     rs":[],"PrintTaskID":"4368088"}}}
Action.c(302): web_custom_request("web_custom_request") was successful, 663 body bytes, 259 header bytes  	[MsgId: MMSG-26386]
Action.c(313): Notify: Transaction "Film PrintTask" ended with "Pass" status (Duration: 0.1985).	[MsgId: MMSG-16873]
Action.c(315): lr_think_time: 5.00 seconds.	[MsgId: MMSG-15948]
Action.c(323): lr_think_time: 10.00 seconds.	[MsgId: MMSG-15948]
Action.c(325): Registering web_reg_save_param was successful  	[MsgId: MMSG-26390]
Action.c(330): Notify: Transaction "Film_PrintStatus_CheckService" started.	[MsgId: MMSG-16999]
Action.c(332): Warning -26593: The header being added may cause unpredictable results when applied to all ensuing URLs. It is added anyway  	[MsgId: MWAR-26593]
Action.c(332): web_add_auto_header("content-type") highest severity level was "warning"  	[MsgId: MMSG-26391]
Action.c(333): Notify: Parameter Substitution: parameter "TaskID" =  "4368088"	[MsgId: MMSG-13992]
Action.c(333): Notify: Parameter Substitution: parameter "K2Terminal" =  "K2_1"	[MsgId: MMSG-13992]
Action.c(333): t=146806ms: 259-byte response headers for "http://10.184.129.108/EHDPS/printtask/status/4368088?tid=K2_1" (RelFrameId=1, Internal ID=7)
Action.c(333):     HTTP/1.1 200 OK\r\n
Action.c(333):     Cache-Control: no-cache\r\n
Action.c(333):     Pragma: no-cache\r\n
Action.c(333):     Content-Type: application/json; charset=utf-8\r\n
Action.c(333):     Expires: -1\r\n
Action.c(333):     Server: Microsoft-IIS/7.5\r\n
Action.c(333):     X-AspNet-Version: 4.0.30319\r\n
Action.c(333):     X-Powered-By: ASP.NET\r\n
Action.c(333):     Date: Thu, 31 May 2018 07:10:53 GMT\r\n
Action.c(333):     Content-Length: 673\r\n
Action.c(333):     \r\n
Action.c(333): t=146806ms: 673-byte response body for "http://10.184.129.108/EHDPS/printtask/status/4368088?tid=K2_1" (RelFrameId=1, Internal ID=7)
Action.c(333):     {"Status":0,"Code":"","Message":null,"OriginalException":null,"Entity":{"TaskId":"4368088"
Action.c(333):     ,"Status":0,"TotalFilmCount":1,"TotalReportCount":0,"PrintedFilmCount":0,"PrintedReportCou
Action.c(333):     nt":0,"EstimatedTime":63,"TerminalInfo":{"TerminalId":"K2_1","Status":0,"Type":0,"ErrorCod
Action.c(333):     e":"","FilmPrinters":[{"Bin_1":{"MediaType":2,"MediaSize":0,"FilmCount":999999,"Capacity":
Action.c(333):     125},"Bin_2":{"MediaType":2,"MediaSize":0,"FilmCount":88243,"Capacity":125},"Bin_3":{"Medi
Action.c(333):     aType":2,"MediaSize":0,"FilmCount":999997,"Capacity":125},"FilmCount":2088239,"IsPrinting"
Action.c(333):     :false,"TerminalId":"K2_1","PrinterId":"6","ErrorCode":"","Status":8,"PrintStatus":0}],"Re
Action.c(333):     portPrinters":[],"PrintTaskID":"4368088"}}}
Action.c(333): Notify: Saving Parameter "TaskStatus = 0".	[MsgId: MMSG-13798]
Action.c(333): web_custom_request("web_custom_request") was successful, 673 body bytes, 259 header bytes  	[MsgId: MMSG-26386]
Action.c(343): Notify: Transaction "Film_PrintStatus_CheckService" ended with "Pass" status (Duration: 0.0980 Wasted Time: 0.0000).	[MsgId: MMSG-16871]
Action.c(345): Notify: Parameter Substitution: parameter "TaskStatus" =  "0"	[MsgId: MMSG-13992]
Action.c(345): PrintStatus in DataBase-------,0	[MsgId: MMSG-17999]
Action.c(346): Notify: Parameter Substitution: parameter "TaskStatus" =  "0"	[MsgId: MMSG-13992]
Action.c(347): PrintStatus Check result-------,-4	[MsgId: MMSG-17999]
Action.c(323): lr_think_time: 10.00 seconds.	[MsgId: MMSG-15948]
Action.c(325): Registering web_reg_save_param was successful  	[MsgId: MMSG-26390]
Action.c(330): Notify: Transaction "Film_PrintStatus_CheckService" started.	[MsgId: MMSG-16999]
Action.c(332): Warning -26593: The header being added may cause unpredictable results when applied to all ensuing URLs. It is added anyway  	[MsgId: MWAR-26593]
Action.c(332): web_add_auto_header("content-type") highest severity level was "warning"  	[MsgId: MMSG-26391]
Action.c(333): Notify: Parameter Substitution: parameter "TaskID" =  "4368088"	[MsgId: MMSG-13992]
Action.c(333): Notify: Parameter Substitution: parameter "K2Terminal" =  "K2_1"	[MsgId: MMSG-13992]
Action.c(333): t=156864ms: 259-byte response headers for "http://10.184.129.108/EHDPS/printtask/status/4368088?tid=K2_1" (RelFrameId=1, Internal ID=8)
Action.c(333):     HTTP/1.1 200 OK\r\n
Action.c(333):     Cache-Control: no-cache\r\n
Action.c(333):     Pragma: no-cache\r\n
Action.c(333):     Content-Type: application/json; charset=utf-8\r\n
Action.c(333):     Expires: -1\r\n
Action.c(333):     Server: Microsoft-IIS/7.5\r\n
Action.c(333):     X-AspNet-Version: 4.0.30319\r\n
Action.c(333):     X-Powered-By: ASP.NET\r\n
Action.c(333):     Date: Thu, 31 May 2018 07:11:03 GMT\r\n
Action.c(333):     Content-Length: 673\r\n
Action.c(333):     \r\n
Action.c(333): t=156865ms: 673-byte response body for "http://10.184.129.108/EHDPS/printtask/status/4368088?tid=K2_1" (RelFrameId=1, Internal ID=8)
Action.c(333):     {"Status":0,"Code":"","Message":null,"OriginalException":null,"Entity":{"TaskId":"4368088"
Action.c(333):     ,"Status":0,"TotalFilmCount":1,"TotalReportCount":0,"PrintedFilmCount":0,"PrintedReportCou
Action.c(333):     nt":0,"EstimatedTime":63,"TerminalInfo":{"TerminalId":"K2_1","Status":0,"Type":0,"ErrorCod
Action.c(333):     e":"","FilmPrinters":[{"Bin_1":{"MediaType":2,"MediaSize":0,"FilmCount":999999,"Capacity":
Action.c(333):     125},"Bin_2":{"MediaType":2,"MediaSize":0,"FilmCount":88243,"Capacity":125},"Bin_3":{"Medi
Action.c(333):     aType":2,"MediaSize":0,"FilmCount":999997,"Capacity":125},"FilmCount":2088239,"IsPrinting"
Action.c(333):     :false,"TerminalId":"K2_1","PrinterId":"6","ErrorCode":"","Status":8,"PrintStatus":0}],"Re
Action.c(333):     portPrinters":[],"PrintTaskID":"4368088"}}}
Action.c(333): Notify: Saving Parameter "TaskStatus = 0".	[MsgId: MMSG-13798]
Action.c(333): web_custom_request("web_custom_request") was successful, 673 body bytes, 259 header bytes  	[MsgId: MMSG-26386]
Action.c(343): Notify: Transaction "Film_PrintStatus_CheckService" ended with "Pass" status (Duration: 0.0486 Wasted Time: 0.0001).	[MsgId: MMSG-16871]
Action.c(345): Notify: Parameter Substitution: parameter "TaskStatus" =  "0"	[MsgId: MMSG-13992]
Action.c(345): PrintStatus in DataBase-------,0	[MsgId: MMSG-17999]
Action.c(346): Notify: Parameter Substitution: parameter "TaskStatus" =  "0"	[MsgId: MMSG-13992]
Action.c(347): PrintStatus Check result-------,-4	[MsgId: MMSG-17999]
Action.c(323): lr_think_time: 10.00 seconds.	[MsgId: MMSG-15948]
Action.c(325): Registering web_reg_save_param was successful  	[MsgId: MMSG-26390]
Action.c(330): Notify: Transaction "Film_PrintStatus_CheckService" started.	[MsgId: MMSG-16999]
Action.c(332): Warning -26593: The header being added may cause unpredictable results when applied to all ensuing URLs. It is added anyway  	[MsgId: MWAR-26593]
Action.c(332): web_add_auto_header("content-type") highest severity level was "warning"  	[MsgId: MMSG-26391]
Action.c(333): Notify: Parameter Substitution: parameter "TaskID" =  "4368088"	[MsgId: MMSG-13992]
Action.c(333): Notify: Parameter Substitution: parameter "K2Terminal" =  "K2_1"	[MsgId: MMSG-13992]
Action.c(333): t=167129ms: 259-byte response headers for "http://10.184.129.108/EHDPS/printtask/status/4368088?tid=K2_1" (RelFrameId=1, Internal ID=9)
Action.c(333):     HTTP/1.1 200 OK\r\n
Action.c(333):     Cache-Control: no-cache\r\n
Action.c(333):     Pragma: no-cache\r\n
Action.c(333):     Content-Type: application/json; charset=utf-8\r\n
Action.c(333):     Expires: -1\r\n
Action.c(333):     Server: Microsoft-IIS/7.5\r\n
Action.c(333):     X-AspNet-Version: 4.0.30319\r\n
Action.c(333):     X-Powered-By: ASP.NET\r\n
Action.c(333):     Date: Thu, 31 May 2018 07:11:13 GMT\r\n
Action.c(333):     Content-Length: 673\r\n
Action.c(333):     \r\n
Action.c(333): t=167129ms: 673-byte response body for "http://10.184.129.108/EHDPS/printtask/status/4368088?tid=K2_1" (RelFrameId=1, Internal ID=9)
Action.c(333):     {"Status":0,"Code":"","Message":null,"OriginalException":null,"Entity":{"TaskId":"4368088"
Action.c(333):     ,"Status":0,"TotalFilmCount":1,"TotalReportCount":0,"PrintedFilmCount":0,"PrintedReportCou
Action.c(333):     nt":0,"EstimatedTime":63,"TerminalInfo":{"TerminalId":"K2_1","Status":0,"Type":0,"ErrorCod
Action.c(333):     e":"","FilmPrinters":[{"Bin_1":{"MediaType":2,"MediaSize":0,"FilmCount":999999,"Capacity":
Action.c(333):     125},"Bin_2":{"MediaType":2,"MediaSize":0,"FilmCount":88243,"Capacity":125},"Bin_3":{"Medi
Action.c(333):     aType":2,"MediaSize":0,"FilmCount":999997,"Capacity":125},"FilmCount":2088239,"IsPrinting"
Action.c(333):     :false,"TerminalId":"K2_1","PrinterId":"6","ErrorCode":"","Status":8,"PrintStatus":0}],"Re
Action.c(333):     portPrinters":[],"PrintTaskID":"4368088"}}}
Action.c(333): Notify: Saving Parameter "TaskStatus = 0".	[MsgId: MMSG-13798]
Action.c(333): web_custom_request("web_custom_request") was successful, 673 body bytes, 259 header bytes  	[MsgId: MMSG-26386]
Action.c(343): Notify: Transaction "Film_PrintStatus_CheckService" ended with "Pass" status (Duration: 0.2510 Wasted Time: 0.0001).	[MsgId: MMSG-16871]
Action.c(345): Notify: Parameter Substitution: parameter "TaskStatus" =  "0"	[MsgId: MMSG-13992]
Action.c(345): PrintStatus in DataBase-------,0	[MsgId: MMSG-17999]
Action.c(346): Notify: Parameter Substitution: parameter "TaskStatus" =  "0"	[MsgId: MMSG-13992]
Action.c(347): PrintStatus Check result-------,-4	[MsgId: MMSG-17999]
Action.c(323): lr_think_time: 10.00 seconds.	[MsgId: MMSG-15948]
Action.c(325): Registering web_reg_save_param was successful  	[MsgId: MMSG-26390]
Action.c(330): Notify: Transaction "Film_PrintStatus_CheckService" started.	[MsgId: MMSG-16999]
Action.c(332): Warning -26593: The header being added may cause unpredictable results when applied to all ensuing URLs. It is added anyway  	[MsgId: MWAR-26593]
Action.c(332): web_add_auto_header("content-type") highest severity level was "warning"  	[MsgId: MMSG-26391]
Action.c(333): Notify: Parameter Substitution: parameter "TaskID" =  "4368088"	[MsgId: MMSG-13992]
Action.c(333): Notify: Parameter Substitution: parameter "K2Terminal" =  "K2_1"	[MsgId: MMSG-13992]
Action.c(333): t=177163ms: 259-byte response headers for "http://10.184.129.108/EHDPS/printtask/status/4368088?tid=K2_1" (RelFrameId=1, Internal ID=10)
Action.c(333):     HTTP/1.1 200 OK\r\n
Action.c(333):     Cache-Control: no-cache\r\n
Action.c(333):     Pragma: no-cache\r\n
Action.c(333):     Content-Type: application/json; charset=utf-8\r\n
Action.c(333):     Expires: -1\r\n
Action.c(333):     Server: Microsoft-IIS/7.5\r\n
Action.c(333):     X-AspNet-Version: 4.0.30319\r\n
Action.c(333):     X-Powered-By: ASP.NET\r\n
Action.c(333):     Date: Thu, 31 May 2018 07:11:24 GMT\r\n
Action.c(333):     Content-Length: 673\r\n
Action.c(333):     \r\n
Action.c(333): t=177164ms: 673-byte response body for "http://10.184.129.108/EHDPS/printtask/status/4368088?tid=K2_1" (RelFrameId=1, Internal ID=10)
Action.c(333):     {"Status":0,"Code":"","Message":null,"OriginalException":null,"Entity":{"TaskId":"4368088"
Action.c(333):     ,"Status":0,"TotalFilmCount":1,"TotalReportCount":0,"PrintedFilmCount":0,"PrintedReportCou
Action.c(333):     nt":0,"EstimatedTime":63,"TerminalInfo":{"TerminalId":"K2_1","Status":0,"Type":0,"ErrorCod
Action.c(333):     e":"","FilmPrinters":[{"Bin_1":{"MediaType":2,"MediaSize":0,"FilmCount":999999,"Capacity":
Action.c(333):     125},"Bin_2":{"MediaType":2,"MediaSize":0,"FilmCount":88243,"Capacity":125},"Bin_3":{"Medi
Action.c(333):     aType":2,"MediaSize":0,"FilmCount":999997,"Capacity":125},"FilmCount":2088239,"IsPrinting"
Action.c(333):     :false,"TerminalId":"K2_1","PrinterId":"6","ErrorCode":"","Status":8,"PrintStatus":0}],"Re
Action.c(333):     portPrinters":[],"PrintTaskID":"4368088"}}}
Action.c(333): Notify: Saving Parameter "TaskStatus = 0".	[MsgId: MMSG-13798]
Action.c(333): web_custom_request("web_custom_request") was successful, 673 body bytes, 259 header bytes  	[MsgId: MMSG-26386]
Action.c(343): Notify: Transaction "Film_PrintStatus_CheckService" ended with "Pass" status (Duration: 0.0209 Wasted Time: 0.0001).	[MsgId: MMSG-16871]
Action.c(345): Notify: Parameter Substitution: parameter "TaskStatus" =  "0"	[MsgId: MMSG-13992]
Action.c(345): PrintStatus in DataBase-------,0	[MsgId: MMSG-17999]
Action.c(346): Notify: Parameter Substitution: parameter "TaskStatus" =  "0"	[MsgId: MMSG-13992]
Action.c(347): PrintStatus Check result-------,-4	[MsgId: MMSG-17999]
Action.c(323): lr_think_time: 10.00 seconds.	[MsgId: MMSG-15948]
Action.c(325): Registering web_reg_save_param was successful  	[MsgId: MMSG-26390]
Action.c(330): Notify: Transaction "Film_PrintStatus_CheckService" started.	[MsgId: MMSG-16999]
Action.c(332): Warning -26593: The header being added may cause unpredictable results when applied to all ensuing URLs. It is added anyway  	[MsgId: MWAR-26593]
Action.c(332): web_add_auto_header("content-type") highest severity level was "warning"  	[MsgId: MMSG-26391]
Action.c(333): Notify: Parameter Substitution: parameter "TaskID" =  "4368088"	[MsgId: MMSG-13992]
Action.c(333): Notify: Parameter Substitution: parameter "K2Terminal" =  "K2_1"	[MsgId: MMSG-13992]
Action.c(333): t=187340ms: 259-byte response headers for "http://10.184.129.108/EHDPS/printtask/status/4368088?tid=K2_1" (RelFrameId=1, Internal ID=11)
Action.c(333):     HTTP/1.1 200 OK\r\n
Action.c(333):     Cache-Control: no-cache\r\n
Action.c(333):     Pragma: no-cache\r\n
Action.c(333):     Content-Type: application/json; charset=utf-8\r\n
Action.c(333):     Expires: -1\r\n
Action.c(333):     Server: Microsoft-IIS/7.5\r\n
Action.c(333):     X-AspNet-Version: 4.0.30319\r\n
Action.c(333):     X-Powered-By: ASP.NET\r\n
Action.c(333):     Date: Thu, 31 May 2018 07:11:34 GMT\r\n
Action.c(333):     Content-Length: 673\r\n
Action.c(333):     \r\n
Action.c(333): t=187340ms: 673-byte response body for "http://10.184.129.108/EHDPS/printtask/status/4368088?tid=K2_1" (RelFrameId=1, Internal ID=11)
Action.c(333):     {"Status":0,"Code":"","Message":null,"OriginalException":null,"Entity":{"TaskId":"4368088"
Action.c(333):     ,"Status":0,"TotalFilmCount":1,"TotalReportCount":0,"PrintedFilmCount":0,"PrintedReportCou
Action.c(333):     nt":0,"EstimatedTime":63,"TerminalInfo":{"TerminalId":"K2_1","Status":0,"Type":0,"ErrorCod
Action.c(333):     e":"","FilmPrinters":[{"Bin_1":{"MediaType":2,"MediaSize":0,"FilmCount":999999,"Capacity":
Action.c(333):     125},"Bin_2":{"MediaType":2,"MediaSize":0,"FilmCount":88243,"Capacity":125},"Bin_3":{"Medi
Action.c(333):     aType":2,"MediaSize":0,"FilmCount":999997,"Capacity":125},"FilmCount":2088239,"IsPrinting"
Action.c(333):     :false,"TerminalId":"K2_1","PrinterId":"6","ErrorCode":"","Status":8,"PrintStatus":0}],"Re
Action.c(333):     portPrinters":[],"PrintTaskID":"4368088"}}}
Action.c(333): Notify: Saving Parameter "TaskStatus = 0".	[MsgId: MMSG-13798]
Action.c(333): web_custom_request("web_custom_request") was successful, 673 body bytes, 259 header bytes  	[MsgId: MMSG-26386]
Action.c(343): Notify: Transaction "Film_PrintStatus_CheckService" ended with "Pass" status (Duration: 0.1670 Wasted Time: 0.0001).	[MsgId: MMSG-16871]
Action.c(345): Notify: Parameter Substitution: parameter "TaskStatus" =  "0"	[MsgId: MMSG-13992]
Action.c(345): PrintStatus in DataBase-------,0	[MsgId: MMSG-17999]
Action.c(346): Notify: Parameter Substitution: parameter "TaskStatus" =  "0"	[MsgId: MMSG-13992]
Action.c(347): PrintStatus Check result-------,-4	[MsgId: MMSG-17999]
Action.c(323): lr_think_time: 10.00 seconds.	[MsgId: MMSG-15948]
Action.c(325): Registering web_reg_save_param was successful  	[MsgId: MMSG-26390]
Action.c(330): Notify: Transaction "Film_PrintStatus_CheckService" started.	[MsgId: MMSG-16999]
Action.c(332): Warning -26593: The header being added may cause unpredictable results when applied to all ensuing URLs. It is added anyway  	[MsgId: MWAR-26593]
Action.c(332): web_add_auto_header("content-type") highest severity level was "warning"  	[MsgId: MMSG-26391]
Action.c(333): Notify: Parameter Substitution: parameter "TaskID" =  "4368088"	[MsgId: MMSG-13992]
Action.c(333): Notify: Parameter Substitution: parameter "K2Terminal" =  "K2_1"	[MsgId: MMSG-13992]
Action.c(333): t=197554ms: 259-byte response headers for "http://10.184.129.108/EHDPS/printtask/status/4368088?tid=K2_1" (RelFrameId=1, Internal ID=12)
Action.c(333):     HTTP/1.1 200 OK\r\n
Action.c(333):     Cache-Control: no-cache\r\n
Action.c(333):     Pragma: no-cache\r\n
Action.c(333):     Content-Type: application/json; charset=utf-8\r\n
Action.c(333):     Expires: -1\r\n
Action.c(333):     Server: Microsoft-IIS/7.5\r\n
Action.c(333):     X-AspNet-Version: 4.0.30319\r\n
Action.c(333):     X-Powered-By: ASP.NET\r\n
Action.c(333):     Date: Thu, 31 May 2018 07:11:44 GMT\r\n
Action.c(333):     Content-Length: 672\r\n
Action.c(333):     \r\n
Action.c(333): t=197555ms: 672-byte response body for "http://10.184.129.108/EHDPS/printtask/status/4368088?tid=K2_1" (RelFrameId=1, Internal ID=12)
Action.c(333):     {"Status":0,"Code":"","Message":null,"OriginalException":null,"Entity":{"TaskId":"4368088"
Action.c(333):     ,"Status":1,"TotalFilmCount":1,"TotalReportCount":0,"PrintedFilmCount":0,"PrintedReportCou
Action.c(333):     nt":0,"EstimatedTime":63,"TerminalInfo":{"TerminalId":"K2_1","Status":0,"Type":0,"ErrorCod
Action.c(333):     e":"","FilmPrinters":[{"Bin_1":{"MediaType":2,"MediaSize":0,"FilmCount":999999,"Capacity":
Action.c(333):     125},"Bin_2":{"MediaType":2,"MediaSize":0,"FilmCount":88243,"Capacity":125},"Bin_3":{"Medi
Action.c(333):     aType":2,"MediaSize":0,"FilmCount":999997,"Capacity":125},"FilmCount":2088239,"IsPrinting"
Action.c(333):     :true,"TerminalId":"K2_1","PrinterId":"6","ErrorCode":"","Status":8,"PrintStatus":1}],"Rep
Action.c(333):     ortPrinters":[],"PrintTaskID":"4368088"}}}
Action.c(333): Notify: Saving Parameter "TaskStatus = 1".	[MsgId: MMSG-13798]
Action.c(333): web_custom_request("web_custom_request") was successful, 672 body bytes, 259 header bytes  	[MsgId: MMSG-26386]
Action.c(343): Notify: Transaction "Film_PrintStatus_CheckService" ended with "Pass" status (Duration: 0.2104 Wasted Time: 0.0001).	[MsgId: MMSG-16871]
Action.c(345): Notify: Parameter Substitution: parameter "TaskStatus" =  "1"	[MsgId: MMSG-13992]
Action.c(345): PrintStatus in DataBase-------,1	[MsgId: MMSG-17999]
Action.c(346): Notify: Parameter Substitution: parameter "TaskStatus" =  "1"	[MsgId: MMSG-13992]
Action.c(347): PrintStatus Check result-------,-3	[MsgId: MMSG-17999]
Action.c(323): lr_think_time: 10.00 seconds.	[MsgId: MMSG-15948]
Action.c(325): Registering web_reg_save_param was successful  	[MsgId: MMSG-26390]
Action.c(330): Notify: Transaction "Film_PrintStatus_CheckService" started.	[MsgId: MMSG-16999]
Action.c(332): Warning -26593: The header being added may cause unpredictable results when applied to all ensuing URLs. It is added anyway  	[MsgId: MWAR-26593]
Action.c(332): web_add_auto_header("content-type") highest severity level was "warning"  	[MsgId: MMSG-26391]
Action.c(333): Notify: Parameter Substitution: parameter "TaskID" =  "4368088"	[MsgId: MMSG-13992]
Action.c(333): Notify: Parameter Substitution: parameter "K2Terminal" =  "K2_1"	[MsgId: MMSG-13992]
Action.c(333): t=207777ms: 259-byte response headers for "http://10.184.129.108/EHDPS/printtask/status/4368088?tid=K2_1" (RelFrameId=1, Internal ID=13)
Action.c(333):     HTTP/1.1 200 OK\r\n
Action.c(333):     Cache-Control: no-cache\r\n
Action.c(333):     Pragma: no-cache\r\n
Action.c(333):     Content-Type: application/json; charset=utf-8\r\n
Action.c(333):     Expires: -1\r\n
Action.c(333):     Server: Microsoft-IIS/7.5\r\n
Action.c(333):     X-AspNet-Version: 4.0.30319\r\n
Action.c(333):     X-Powered-By: ASP.NET\r\n
Action.c(333):     Date: Thu, 31 May 2018 07:11:54 GMT\r\n
Action.c(333):     Content-Length: 668\r\n
Action.c(333):     \r\n
Action.c(333): t=207777ms: 668-byte response body for "http://10.184.129.108/EHDPS/printtask/status/4368088?tid=K2_1" (RelFrameId=1, Internal ID=13)
Action.c(333):     {"Status":0,"Code":"","Message":null,"OriginalException":null,"Entity":{"TaskId":"4368088"
Action.c(333):     ,"Status":4,"TotalFilmCount":1,"TotalReportCount":0,"PrintedFilmCount":1,"PrintedReportCou
Action.c(333):     nt":0,"EstimatedTime":63,"TerminalInfo":{"TerminalId":"K2_1","Status":0,"Type":0,"ErrorCod
Action.c(333):     e":"","FilmPrinters":[{"Bin_1":{"MediaType":2,"MediaSize":0,"FilmCount":999999,"Capacity":
Action.c(333):     125},"Bin_2":{"MediaType":2,"MediaSize":0,"FilmCount":88242,"Capacity":125},"Bin_3":{"Medi
Action.c(333):     aType":2,"MediaSize":0,"FilmCount":999997,"Capacity":125},"FilmCount":2088238,"IsPrinting"
Action.c(333):     :false,"TerminalId":"K2_1","PrinterId":"6","ErrorCode":"","Status":8,"PrintStatus":0}],"Re
Action.c(333):     portPrinters":[],"PrintTaskID":null}}}
Action.c(333): Notify: Saving Parameter "TaskStatus = 4".	[MsgId: MMSG-13798]
Action.c(333): web_custom_request("web_custom_request") was successful, 668 body bytes, 259 header bytes  	[MsgId: MMSG-26386]
Action.c(343): Notify: Transaction "Film_PrintStatus_CheckService" ended with "Pass" status (Duration: 0.2149 Wasted Time: 0.0001).	[MsgId: MMSG-16871]
Action.c(345): Notify: Parameter Substitution: parameter "TaskStatus" =  "4"	[MsgId: MMSG-13992]
Action.c(345): PrintStatus in DataBase-------,4	[MsgId: MMSG-17999]
Action.c(346): Notify: Parameter Substitution: parameter "TaskStatus" =  "4"	[MsgId: MMSG-13992]
Action.c(347): PrintStatus Check result-------,0	[MsgId: MMSG-17999]
Action.c(351): PrintStatus-------,7	[MsgId: MMSG-17999]
Action.c(355): Notify: Transaction "Film PrintTask_Result_Correct" started.	[MsgId: MMSG-16999]
Action.c(356): lr_think_time: 1.00 seconds.	[MsgId: MMSG-15948]
Action.c(357): Notify: Transaction "Film PrintTask_Result_Correct" ended with "Pass" status (Duration: 1.0009 Think Time: 1.0008).	[MsgId: MMSG-16872]
Action.c(393): lr_think_time: 5.00 seconds.	[MsgId: MMSG-15948]
Ending action Action.	[MsgId: MMSG-15918]
Ending iteration 1.	[MsgId: MMSG-15965]
Ending Vuser...	[MsgId: MMSG-15966]
Starting action vuser_end.	[MsgId: MMSG-15919]
vuser_end.c(3): DB disconnect "Disconnect" started	[MsgId: MMSG-108767]
vuser_end.c(3): ================================================	[MsgId: MMSG0]
Ending action vuser_end.	[MsgId: MMSG-15918]
Vuser Terminated.	[MsgId: MMSG-15963]
Vuser 0 (thread 3016), ended OK."	[MsgId: MMSG-10695]
