Start auto log messages stack - Iteration 1.	[MsgId: MMSG-10545]
Starting action Action.	[MsgId: MMSG-15919]
Action.c(22): web_set_max_html_param_len was successful  	[MsgId: MMSG-26392]
Action.c(32): Registering web_reg_save_param was successful  	[MsgId: MMSG-26390]
Action.c(34): Notify: Transaction "Create New Patient" started.	[MsgId: MMSG-16999]
Action.c(37): web_custom_request("web_custom_request") was successful, 373 body bytes, 242 header bytes  	[MsgId: MMSG-26386]
Action.c(94): Notify: Transaction "Create New Patient" ended with "Pass" status (Duration: 0.2186 Wasted Time: 0.0000).	[MsgId: MMSG-16871]
Action.c(105): lr_think_time: 60.00 seconds.	[MsgId: MMSG-15948]
Action.c(111): Registering web_reg_save_param was successful  	[MsgId: MMSG-26390]
Action.c(113): web_custom_request("web_custom_request") was successful, 373 body bytes, 230 header bytes  	[MsgId: MMSG-26386]
Action.c(144): web_get_int_property was successful  	[MsgId: MMSG-26392]
Action.c(155): Error: Create film test data faile, it`s not an error. The return value is not true.	[MsgId: MERR-17999]
End auto log messages stack.	[MsgId: MMSG-10544]


Start auto log messages stack - Iteration 2.	[MsgId: MMSG-10545]
Action.c(273): Warning -26377: No match found for the requested parameter "TaskID". Check whether the requested boundaries exist in the response data. Also, if the data you want to save exceeds 10240 bytes, use web_set_max_html_param_len to increase the parameter size  	[MsgId: MWAR-26377]
Action.c(273): web_custom_request("web_custom_request") highest severity level was "warning", 247 body bytes, 259 header bytes  	[MsgId: MMSG-26388]
Action.c(285): Notify: Transaction "Film Create_PrintTask" ended with "Pass" status (Duration: 18.4818 Wasted Time: 0.0000).	[MsgId: MMSG-16871]
Action.c(287): TaskID is : 	[MsgId: MMSG-17999]
Action.c(288): time is : 10	[MsgId: MMSG-17999]
Action.c(293): Notify: Transaction "Fim GetTaskID_fail" started.	[MsgId: MMSG-16999]
Action.c(294): The accession number is A20180613162921000,K2_3	[MsgId: MMSG-17999]
Action.c(295): Notify: Transaction "Fim GetTaskID_fail" ended with "Pass" status (Duration: 0.0001).	[MsgId: MMSG-16873]
Action.c(303): Notify: Transaction "Film Create_PrintTask Fail" started.	[MsgId: MMSG-16999]
Action.c(304): Error: Try to get the Print task ID failed: A20180613162921000 :  K2_3	[MsgId: MERR-17999]
End auto log messages stack.	[MsgId: MMSG-10544]


Start auto log messages stack - Iteration 3.	[MsgId: MMSG-10545]
Action.c(273): Warning -26377: No match found for the requested parameter "TaskID". Check whether the requested boundaries exist in the response data. Also, if the data you want to save exceeds 10240 bytes, use web_set_max_html_param_len to increase the parameter size  	[MsgId: MWAR-26377]
Action.c(273): web_custom_request("web_custom_request") highest severity level was "warning", 247 body bytes, 259 header bytes  	[MsgId: MMSG-26388]
Action.c(285): Notify: Transaction "Film Create_PrintTask" ended with "Pass" status (Duration: 0.0954 Wasted Time: 0.0000).	[MsgId: MMSG-16871]
Action.c(287): TaskID is : 	[MsgId: MMSG-17999]
Action.c(288): time is : 10	[MsgId: MMSG-17999]
Action.c(293): Notify: Transaction "Fim GetTaskID_fail" started.	[MsgId: MMSG-16999]
Action.c(294): The accession number is A20180613162913000,K2_1	[MsgId: MMSG-17999]
Action.c(295): Notify: Transaction "Fim GetTaskID_fail" ended with "Pass" status (Duration: 0.0001).	[MsgId: MMSG-16873]
Action.c(303): Notify: Transaction "Film Create_PrintTask Fail" started.	[MsgId: MMSG-16999]
Action.c(304): Error: Try to get the Print task ID failed: A20180613162913000 :  K2_1	[MsgId: MERR-17999]
End auto log messages stack.	[MsgId: MMSG-10544]


Start auto log messages stack - Iteration 4.	[MsgId: MMSG-10545]
Starting action Action.	[MsgId: MMSG-15919]
Action.c(22): web_set_max_html_param_len was successful  	[MsgId: MMSG-26392]
Action.c(32): Registering web_reg_save_param was successful  	[MsgId: MMSG-26390]
Action.c(34): Notify: Transaction "Create New Patient" started.	[MsgId: MMSG-16999]
Action.c(37): web_custom_request("web_custom_request") was successful, 373 body bytes, 242 header bytes  	[MsgId: MMSG-26386]
Action.c(94): Notify: Transaction "Create New Patient" ended with "Pass" status (Duration: 0.6100 Wasted Time: 0.0000).	[MsgId: MMSG-16871]
Action.c(105): lr_think_time: 60.00 seconds.	[MsgId: MMSG-15948]
Action.c(111): Registering web_reg_save_param was successful  	[MsgId: MMSG-26390]
Action.c(113): web_custom_request("web_custom_request") was successful, 373 body bytes, 230 header bytes  	[MsgId: MMSG-26386]
Action.c(144): web_get_int_property was successful  	[MsgId: MMSG-26392]
Action.c(155): Error: Create film test data faile, it`s not an error. The return value is not true.	[MsgId: MERR-17999]
End auto log messages stack.	[MsgId: MMSG-10544]


Start auto log messages stack - Iteration 3.	[MsgId: MMSG-10545]
Starting action Action.	[MsgId: MMSG-15919]
Action.c(22): web_set_max_html_param_len was successful  	[MsgId: MMSG-26392]
Action.c(32): Registering web_reg_save_param was successful  	[MsgId: MMSG-26390]
Action.c(34): Notify: Transaction "Create New Patient" started.	[MsgId: MMSG-16999]
Action.c(37): web_custom_request("web_custom_request") was successful, 373 body bytes, 242 header bytes  	[MsgId: MMSG-26386]
Action.c(94): Notify: Transaction "Create New Patient" ended with "Pass" status (Duration: 1.8266 Wasted Time: 0.0000).	[MsgId: MMSG-16871]
Action.c(105): lr_think_time: 60.00 seconds.	[MsgId: MMSG-15948]
Action.c(111): Registering web_reg_save_param was successful  	[MsgId: MMSG-26390]
Action.c(113): web_custom_request("web_custom_request") was successful, 373 body bytes, 230 header bytes  	[MsgId: MMSG-26386]
Action.c(144): web_get_int_property was successful  	[MsgId: MMSG-26392]
Action.c(155): Error: Create film test data faile, it`s not an error. The return value is not true.	[MsgId: MERR-17999]
End auto log messages stack.	[MsgId: MMSG-10544]


Start auto log messages stack - Iteration 1.	[MsgId: MMSG-10545]
Action.c(273): Warning -26377: No match found for the requested parameter "TaskID". Check whether the requested boundaries exist in the response data. Also, if the data you want to save exceeds 10240 bytes, use web_set_max_html_param_len to increase the parameter size  	[MsgId: MWAR-26377]
Action.c(273): web_custom_request("web_custom_request") highest severity level was "warning", 265 body bytes, 259 header bytes  	[MsgId: MMSG-26388]
Action.c(285): Notify: Transaction "Film Create_PrintTask" ended with "Pass" status (Duration: 1.1000 Wasted Time: 0.0000).	[MsgId: MMSG-16871]
Action.c(287): TaskID is : 	[MsgId: MMSG-17999]
Action.c(288): time is : 10	[MsgId: MMSG-17999]
Action.c(293): Notify: Transaction "Fim GetTaskID_fail" started.	[MsgId: MMSG-16999]
Action.c(294): The accession number is A20180613162309000,K2_8	[MsgId: MMSG-17999]
Action.c(295): Notify: Transaction "Fim GetTaskID_fail" ended with "Pass" status (Duration: 0.0001).	[MsgId: MMSG-16873]
Action.c(303): Notify: Transaction "Film Create_PrintTask Fail" started.	[MsgId: MMSG-16999]
Action.c(304): Error: Try to get the Print task ID failed: A20180613162309000 :  K2_8	[MsgId: MERR-17999]
End auto log messages stack.	[MsgId: MMSG-10544]


Start auto log messages stack - Iteration 2.	[MsgId: MMSG-10545]
Action.c(260): lr_think_time: 5.00 seconds.	[MsgId: MMSG-15948]
Action.c(263): Registering web_reg_save_param was successful  	[MsgId: MMSG-26390]
Action.c(269): Notify: Transaction "Film Create_PrintTask" started.	[MsgId: MMSG-16999]
Action.c(271): Warning -26593: The header being added may cause unpredictable results when applied to all ensuing URLs. It is added anyway  	[MsgId: MWAR-26593]
Action.c(271): web_add_auto_header("content-type") highest severity level was "warning"  	[MsgId: MMSG-26391]
Action.c(273): web_custom_request("web_custom_request") was successful, 663 body bytes, 259 header bytes  	[MsgId: MMSG-26386]
Action.c(285): Notify: Transaction "Film Create_PrintTask" ended with "Pass" status (Duration: 38.5644 Wasted Time: 0.0000).	[MsgId: MMSG-16871]
Action.c(287): TaskID is : 4376805	[MsgId: MMSG-17999]
Action.c(288): time is : 10	[MsgId: MMSG-17999]
Action.c(303): Notify: Transaction "Film Create_PrintTask Fail" started.	[MsgId: MMSG-16999]
Action.c(304): Error: Try to get the Print task ID failed: A20180613163040000 :  K2_4	[MsgId: MERR-17999]
End auto log messages stack.	[MsgId: MMSG-10544]


Start auto log messages stack - Iteration 2.	[MsgId: MMSG-10545]
Action.c(347): Notify: Transaction "Film_PrintStatus_CheckService" started.	[MsgId: MMSG-16999]
Action.c(349): Warning -26593: The header being added may cause unpredictable results when applied to all ensuing URLs. It is added anyway  	[MsgId: MWAR-26593]
Action.c(349): web_add_auto_header("content-type") highest severity level was "warning"  	[MsgId: MMSG-26391]
Action.c(350): web_custom_request("web_custom_request") was successful, 671 body bytes, 259 header bytes  	[MsgId: MMSG-26386]
Action.c(360): Notify: Transaction "Film_PrintStatus_CheckService" ended with "Pass" status (Duration: 0.1660 Wasted Time: 0.0000).	[MsgId: MMSG-16871]
Action.c(362): PrintStatus in DataBase-------,-1	[MsgId: MMSG-17999]
Action.c(364): PrintStatus Check result-------,-7	[MsgId: MMSG-17999]
Action.c(368): PrintStatus-------,30	[MsgId: MMSG-17999]
Action.c(390): Notify: Transaction "Film PrintTask_Result_Fail" started.	[MsgId: MMSG-16999]
Action.c(391): Error: The task do not finish correct: TaskID: 4376788  From Terminal: K2_2	[MsgId: MERR-17999]
End auto log messages stack.	[MsgId: MMSG-10544]


Start auto log messages stack - Iteration 2.	[MsgId: MMSG-10545]
Starting action Action.	[MsgId: MMSG-15919]
Action.c(22): web_set_max_html_param_len was successful  	[MsgId: MMSG-26392]
Action.c(32): Registering web_reg_save_param was successful  	[MsgId: MMSG-26390]
Action.c(34): Notify: Transaction "Create New Patient" started.	[MsgId: MMSG-16999]
Action.c(37): web_custom_request("web_custom_request") was successful, 373 body bytes, 242 header bytes  	[MsgId: MMSG-26386]
Action.c(94): Notify: Transaction "Create New Patient" ended with "Pass" status (Duration: 2.8929 Wasted Time: 0.0000).	[MsgId: MMSG-16871]
Action.c(105): lr_think_time: 60.00 seconds.	[MsgId: MMSG-15948]
Action.c(111): Registering web_reg_save_param was successful  	[MsgId: MMSG-26390]
Action.c(113): Continuing after Error -26612: HTTP Status-Code=500 (Internal Server Error) for "http://10.184.129.108/PerformanceTest/CreateFilmTestData.asmx"  	[MsgId: MERR-26612]
Action.c(113): Continuing after Error -26377: No match found for the requested parameter "CreateFilmDataResult". Check whether the requested boundaries exist in the response data. Also, if the data you want to save exceeds 10240 bytes, use web_set_max_html_param_len to increase the parameter size  	[MsgId: MERR-26377]
End auto log messages stack.	[MsgId: MMSG-10544]


Start auto log messages stack - Iteration 2.	[MsgId: MMSG-10545]
Action.c(113): web_custom_request("web_custom_request") highest severity level was "continue on error", 3435 body bytes, 240 header bytes  	[MsgId: MMSG-26388]
Action.c(113): Continuing after error in Vuser script.	[MsgId: MMSG-10678]
Action.c(144): web_get_int_property was successful  	[MsgId: MMSG-26392]
Action.c(147): Error: Create film test data faile, it`s not an error. The http return 500	[MsgId: MERR-17999]
End auto log messages stack.	[MsgId: MMSG-10544]


Start auto log messages stack - Iteration 3.	[MsgId: MMSG-10545]
Starting action Action.	[MsgId: MMSG-15919]
Action.c(22): web_set_max_html_param_len was successful  	[MsgId: MMSG-26392]
Action.c(32): Registering web_reg_save_param was successful  	[MsgId: MMSG-26390]
Action.c(34): Notify: Transaction "Create New Patient" started.	[MsgId: MMSG-16999]
Action.c(37): web_custom_request("web_custom_request") was successful, 373 body bytes, 242 header bytes  	[MsgId: MMSG-26386]
Action.c(94): Notify: Transaction "Create New Patient" ended with "Pass" status (Duration: 0.3745 Wasted Time: 0.0000).	[MsgId: MMSG-16871]
Action.c(105): lr_think_time: 60.00 seconds.	[MsgId: MMSG-15948]
Action.c(111): Registering web_reg_save_param was successful  	[MsgId: MMSG-26390]
Action.c(113): web_custom_request("web_custom_request") was successful, 373 body bytes, 230 header bytes  	[MsgId: MMSG-26386]
Action.c(144): web_get_int_property was successful  	[MsgId: MMSG-26392]
Action.c(155): Error: Create film test data faile, it`s not an error. The return value is not true.	[MsgId: MERR-17999]
End auto log messages stack.	[MsgId: MMSG-10544]


Start auto log messages stack - Iteration 5.	[MsgId: MMSG-10545]
Starting action Action.	[MsgId: MMSG-15919]
Action.c(22): web_set_max_html_param_len was successful  	[MsgId: MMSG-26392]
Action.c(32): Registering web_reg_save_param was successful  	[MsgId: MMSG-26390]
Action.c(34): Notify: Transaction "Create New Patient" started.	[MsgId: MMSG-16999]
Action.c(37): web_custom_request("web_custom_request") was successful, 373 body bytes, 242 header bytes  	[MsgId: MMSG-26386]
Action.c(94): Notify: Transaction "Create New Patient" ended with "Pass" status (Duration: 0.3767 Wasted Time: 0.0000).	[MsgId: MMSG-16871]
Action.c(105): lr_think_time: 60.00 seconds.	[MsgId: MMSG-15948]
Action.c(111): Registering web_reg_save_param was successful  	[MsgId: MMSG-26390]
Action.c(113): web_custom_request("web_custom_request") was successful, 373 body bytes, 230 header bytes  	[MsgId: MMSG-26386]
Action.c(144): web_get_int_property was successful  	[MsgId: MMSG-26392]
Action.c(155): Error: Create film test data faile, it`s not an error. The return value is not true.	[MsgId: MERR-17999]
End auto log messages stack.	[MsgId: MMSG-10544]


Start auto log messages stack - Iteration 4.	[MsgId: MMSG-10545]
Starting action Action.	[MsgId: MMSG-15919]
Action.c(22): web_set_max_html_param_len was successful  	[MsgId: MMSG-26392]
Action.c(32): Registering web_reg_save_param was successful  	[MsgId: MMSG-26390]
Action.c(34): Notify: Transaction "Create New Patient" started.	[MsgId: MMSG-16999]
Action.c(37): web_custom_request("web_custom_request") was successful, 373 body bytes, 242 header bytes  	[MsgId: MMSG-26386]
Action.c(94): Notify: Transaction "Create New Patient" ended with "Pass" status (Duration: 0.3812 Wasted Time: 0.0000).	[MsgId: MMSG-16871]
Action.c(105): lr_think_time: 60.00 seconds.	[MsgId: MMSG-15948]
Action.c(111): Registering web_reg_save_param was successful  	[MsgId: MMSG-26390]
Action.c(113): web_custom_request("web_custom_request") was successful, 373 body bytes, 230 header bytes  	[MsgId: MMSG-26386]
Action.c(144): web_get_int_property was successful  	[MsgId: MMSG-26392]
Action.c(155): Error: Create film test data faile, it`s not an error. The return value is not true.	[MsgId: MERR-17999]
End auto log messages stack.	[MsgId: MMSG-10544]


Start auto log messages stack - Iteration 3.	[MsgId: MMSG-10545]
Starting action Action.	[MsgId: MMSG-15919]
Action.c(22): web_set_max_html_param_len was successful  	[MsgId: MMSG-26392]
Action.c(32): Registering web_reg_save_param was successful  	[MsgId: MMSG-26390]
Action.c(34): Notify: Transaction "Create New Patient" started.	[MsgId: MMSG-16999]
Action.c(37): web_custom_request("web_custom_request") was successful, 373 body bytes, 242 header bytes  	[MsgId: MMSG-26386]
Action.c(94): Notify: Transaction "Create New Patient" ended with "Pass" status (Duration: 0.4565 Wasted Time: 0.0000).	[MsgId: MMSG-16871]
Action.c(105): lr_think_time: 60.00 seconds.	[MsgId: MMSG-15948]
Action.c(111): Registering web_reg_save_param was successful  	[MsgId: MMSG-26390]
Action.c(113): web_custom_request("web_custom_request") was successful, 373 body bytes, 230 header bytes  	[MsgId: MMSG-26386]
Action.c(144): web_get_int_property was successful  	[MsgId: MMSG-26392]
Action.c(155): Error: Create film test data faile, it`s not an error. The return value is not true.	[MsgId: MERR-17999]
End auto log messages stack.	[MsgId: MMSG-10544]


Start auto log messages stack - Iteration 2.	[MsgId: MMSG-10545]
Action.c(347): Notify: Transaction "Film_PrintStatus_CheckService" started.	[MsgId: MMSG-16999]
Action.c(349): Warning -26593: The header being added may cause unpredictable results when applied to all ensuing URLs. It is added anyway  	[MsgId: MWAR-26593]
Action.c(349): web_add_auto_header("content-type") highest severity level was "warning"  	[MsgId: MMSG-26391]
Action.c(350): web_custom_request("web_custom_request") was successful, 669 body bytes, 259 header bytes  	[MsgId: MMSG-26386]
Action.c(360): Notify: Transaction "Film_PrintStatus_CheckService" ended with "Pass" status (Duration: 0.3533 Wasted Time: 0.0000).	[MsgId: MMSG-16871]
Action.c(362): PrintStatus in DataBase-------,-1	[MsgId: MMSG-17999]
Action.c(364): PrintStatus Check result-------,-7	[MsgId: MMSG-17999]
Action.c(368): PrintStatus-------,30	[MsgId: MMSG-17999]
Action.c(390): Notify: Transaction "Film PrintTask_Result_Fail" started.	[MsgId: MMSG-16999]
Action.c(391): Error: The task do not finish correct: TaskID: 4376796  From Terminal: K2_5	[MsgId: MERR-17999]
End auto log messages stack.	[MsgId: MMSG-10544]


Start auto log messages stack - Iteration 4.	[MsgId: MMSG-10545]
Starting action Action.	[MsgId: MMSG-15919]
Action.c(22): web_set_max_html_param_len was successful  	[MsgId: MMSG-26392]
Action.c(32): Registering web_reg_save_param was successful  	[MsgId: MMSG-26390]
Action.c(34): Notify: Transaction "Create New Patient" started.	[MsgId: MMSG-16999]
Action.c(37): web_custom_request("web_custom_request") was successful, 373 body bytes, 242 header bytes  	[MsgId: MMSG-26386]
Action.c(94): Notify: Transaction "Create New Patient" ended with "Pass" status (Duration: 0.8788 Wasted Time: 0.0000).	[MsgId: MMSG-16871]
Action.c(105): lr_think_time: 60.00 seconds.	[MsgId: MMSG-15948]
Action.c(111): Registering web_reg_save_param was successful  	[MsgId: MMSG-26390]
Action.c(113): web_custom_request("web_custom_request") was successful, 373 body bytes, 230 header bytes  	[MsgId: MMSG-26386]
Action.c(144): web_get_int_property was successful  	[MsgId: MMSG-26392]
Action.c(155): Error: Create film test data faile, it`s not an error. The return value is not true.	[MsgId: MERR-17999]
End auto log messages stack.	[MsgId: MMSG-10544]


Start auto log messages stack - Iteration 6.	[MsgId: MMSG-10545]
Starting action Action.	[MsgId: MMSG-15919]
Action.c(22): web_set_max_html_param_len was successful  	[MsgId: MMSG-26392]
Action.c(32): Registering web_reg_save_param was successful  	[MsgId: MMSG-26390]
Action.c(34): Notify: Transaction "Create New Patient" started.	[MsgId: MMSG-16999]
Action.c(37): web_custom_request("web_custom_request") was successful, 373 body bytes, 242 header bytes  	[MsgId: MMSG-26386]
Action.c(94): Notify: Transaction "Create New Patient" ended with "Pass" status (Duration: 0.3976 Wasted Time: 0.0000).	[MsgId: MMSG-16871]
Action.c(105): lr_think_time: 60.00 seconds.	[MsgId: MMSG-15948]
Action.c(111): Registering web_reg_save_param was successful  	[MsgId: MMSG-26390]
Action.c(113): web_custom_request("web_custom_request") was successful, 373 body bytes, 230 header bytes  	[MsgId: MMSG-26386]
Action.c(144): web_get_int_property was successful  	[MsgId: MMSG-26392]
Action.c(155): Error: Create film test data faile, it`s not an error. The return value is not true.	[MsgId: MERR-17999]
End auto log messages stack.	[MsgId: MMSG-10544]


Start auto log messages stack - Iteration 3.	[MsgId: MMSG-10545]
Action.c(273): Warning -26377: No match found for the requested parameter "TaskID". Check whether the requested boundaries exist in the response data. Also, if the data you want to save exceeds 10240 bytes, use web_set_max_html_param_len to increase the parameter size  	[MsgId: MWAR-26377]
Action.c(273): web_custom_request("web_custom_request") highest severity level was "warning", 265 body bytes, 259 header bytes  	[MsgId: MMSG-26388]
Action.c(285): Notify: Transaction "Film Create_PrintTask" ended with "Pass" status (Duration: 1.0912 Wasted Time: 0.0000).	[MsgId: MMSG-16871]
Action.c(287): TaskID is : 	[MsgId: MMSG-17999]
Action.c(288): time is : 10	[MsgId: MMSG-17999]
Action.c(293): Notify: Transaction "Fim GetTaskID_fail" started.	[MsgId: MMSG-16999]
Action.c(294): The accession number is A20180613163731000,K2_8	[MsgId: MMSG-17999]
Action.c(295): Notify: Transaction "Fim GetTaskID_fail" ended with "Pass" status (Duration: 0.0001).	[MsgId: MMSG-16873]
Action.c(303): Notify: Transaction "Film Create_PrintTask Fail" started.	[MsgId: MMSG-16999]
Action.c(304): Error: Try to get the Print task ID failed: A20180613163731000 :  K2_8	[MsgId: MERR-17999]
End auto log messages stack.	[MsgId: MMSG-10544]


Start auto log messages stack - Iteration 6.	[MsgId: MMSG-10545]
Starting action Action.	[MsgId: MMSG-15919]
Action.c(22): web_set_max_html_param_len was successful  	[MsgId: MMSG-26392]
Action.c(32): Registering web_reg_save_param was successful  	[MsgId: MMSG-26390]
Action.c(34): Notify: Transaction "Create New Patient" started.	[MsgId: MMSG-16999]
Action.c(37): web_custom_request("web_custom_request") was successful, 373 body bytes, 242 header bytes  	[MsgId: MMSG-26386]
Action.c(94): Notify: Transaction "Create New Patient" ended with "Pass" status (Duration: 1.0106 Wasted Time: 0.0000).	[MsgId: MMSG-16871]
Action.c(105): lr_think_time: 60.00 seconds.	[MsgId: MMSG-15948]
Action.c(111): Registering web_reg_save_param was successful  	[MsgId: MMSG-26390]
Action.c(113): web_custom_request("web_custom_request") was successful, 373 body bytes, 230 header bytes  	[MsgId: MMSG-26386]
Action.c(144): web_get_int_property was successful  	[MsgId: MMSG-26392]
Action.c(155): Error: Create film test data faile, it`s not an error. The return value is not true.	[MsgId: MERR-17999]
End auto log messages stack.	[MsgId: MMSG-10544]


Start auto log messages stack - Iteration 4.	[MsgId: MMSG-10545]
Starting action Action.	[MsgId: MMSG-15919]
Action.c(22): web_set_max_html_param_len was successful  	[MsgId: MMSG-26392]
Action.c(32): Registering web_reg_save_param was successful  	[MsgId: MMSG-26390]
Action.c(34): Notify: Transaction "Create New Patient" started.	[MsgId: MMSG-16999]
Action.c(37): web_custom_request("web_custom_request") was successful, 373 body bytes, 242 header bytes  	[MsgId: MMSG-26386]
Action.c(94): Notify: Transaction "Create New Patient" ended with "Pass" status (Duration: 0.5785 Wasted Time: 0.0000).	[MsgId: MMSG-16871]
Action.c(105): lr_think_time: 60.00 seconds.	[MsgId: MMSG-15948]
Action.c(111): Registering web_reg_save_param was successful  	[MsgId: MMSG-26390]
Action.c(113): web_custom_request("web_custom_request") was successful, 373 body bytes, 230 header bytes  	[MsgId: MMSG-26386]
Action.c(144): web_get_int_property was successful  	[MsgId: MMSG-26392]
Action.c(155): Error: Create film test data faile, it`s not an error. The return value is not true.	[MsgId: MERR-17999]
End auto log messages stack.	[MsgId: MMSG-10544]


Start auto log messages stack - Iteration 5.	[MsgId: MMSG-10545]
Starting action Action.	[MsgId: MMSG-15919]
Action.c(22): web_set_max_html_param_len was successful  	[MsgId: MMSG-26392]
Action.c(32): Registering web_reg_save_param was successful  	[MsgId: MMSG-26390]
Action.c(34): Notify: Transaction "Create New Patient" started.	[MsgId: MMSG-16999]
Action.c(37): web_custom_request("web_custom_request") was successful, 373 body bytes, 242 header bytes  	[MsgId: MMSG-26386]
Action.c(94): Notify: Transaction "Create New Patient" ended with "Pass" status (Duration: 0.6026 Wasted Time: 0.0000).	[MsgId: MMSG-16871]
Action.c(105): lr_think_time: 60.00 seconds.	[MsgId: MMSG-15948]
Action.c(111): Registering web_reg_save_param was successful  	[MsgId: MMSG-26390]
Action.c(113): web_custom_request("web_custom_request") was successful, 373 body bytes, 230 header bytes  	[MsgId: MMSG-26386]
Action.c(144): web_get_int_property was successful  	[MsgId: MMSG-26392]
Action.c(155): Error: Create film test data faile, it`s not an error. The return value is not true.	[MsgId: MERR-17999]
End auto log messages stack.	[MsgId: MMSG-10544]


Start auto log messages stack - Iteration 4.	[MsgId: MMSG-10545]
Starting action Action.	[MsgId: MMSG-15919]
Action.c(22): web_set_max_html_param_len was successful  	[MsgId: MMSG-26392]
Action.c(32): Registering web_reg_save_param was successful  	[MsgId: MMSG-26390]
Action.c(34): Notify: Transaction "Create New Patient" started.	[MsgId: MMSG-16999]
Action.c(37): web_custom_request("web_custom_request") was successful, 373 body bytes, 242 header bytes  	[MsgId: MMSG-26386]
Action.c(94): Notify: Transaction "Create New Patient" ended with "Pass" status (Duration: 0.8405 Wasted Time: 0.0000).	[MsgId: MMSG-16871]
Action.c(105): lr_think_time: 60.00 seconds.	[MsgId: MMSG-15948]
Action.c(111): Registering web_reg_save_param was successful  	[MsgId: MMSG-26390]
Action.c(113): web_custom_request("web_custom_request") was successful, 373 body bytes, 230 header bytes  	[MsgId: MMSG-26386]
Action.c(144): web_get_int_property was successful  	[MsgId: MMSG-26392]
Action.c(155): Error: Create film test data faile, it`s not an error. The return value is not true.	[MsgId: MERR-17999]
End auto log messages stack.	[MsgId: MMSG-10544]


Start auto log messages stack - Iteration 5.	[MsgId: MMSG-10545]
Action.c(273): Warning -26377: No match found for the requested parameter "TaskID". Check whether the requested boundaries exist in the response data. Also, if the data you want to save exceeds 10240 bytes, use web_set_max_html_param_len to increase the parameter size  	[MsgId: MWAR-26377]
Action.c(273): web_custom_request("web_custom_request") highest severity level was "warning", 265 body bytes, 259 header bytes  	[MsgId: MMSG-26388]
Action.c(285): Notify: Transaction "Film Create_PrintTask" ended with "Pass" status (Duration: 0.6789 Wasted Time: 0.0000).	[MsgId: MMSG-16871]
Action.c(287): TaskID is : 	[MsgId: MMSG-17999]
Action.c(288): time is : 10	[MsgId: MMSG-17999]
Action.c(293): Notify: Transaction "Fim GetTaskID_fail" started.	[MsgId: MMSG-16999]
Action.c(294): The accession number is A20180613164056000,K2_6	[MsgId: MMSG-17999]
Action.c(295): Notify: Transaction "Fim GetTaskID_fail" ended with "Pass" status (Duration: 0.0001).	[MsgId: MMSG-16873]
Action.c(303): Notify: Transaction "Film Create_PrintTask Fail" started.	[MsgId: MMSG-16999]
Action.c(304): Error: Try to get the Print task ID failed: A20180613164056000 :  K2_6	[MsgId: MERR-17999]
End auto log messages stack.	[MsgId: MMSG-10544]


Start auto log messages stack - Iteration 7.	[MsgId: MMSG-10545]
Action.c(273): Warning -26377: No match found for the requested parameter "TaskID". Check whether the requested boundaries exist in the response data. Also, if the data you want to save exceeds 10240 bytes, use web_set_max_html_param_len to increase the parameter size  	[MsgId: MWAR-26377]
Action.c(273): web_custom_request("web_custom_request") highest severity level was "warning", 265 body bytes, 259 header bytes  	[MsgId: MMSG-26388]
Action.c(285): Notify: Transaction "Film Create_PrintTask" ended with "Pass" status (Duration: 3.1158 Wasted Time: 0.0000).	[MsgId: MMSG-16871]
Action.c(287): TaskID is : 	[MsgId: MMSG-17999]
Action.c(288): time is : 10	[MsgId: MMSG-17999]
Action.c(293): Notify: Transaction "Fim GetTaskID_fail" started.	[MsgId: MMSG-16999]
Action.c(294): The accession number is A20180613164049000,K2_1	[MsgId: MMSG-17999]
Action.c(295): Notify: Transaction "Fim GetTaskID_fail" ended with "Pass" status (Duration: 0.0001).	[MsgId: MMSG-16873]
Action.c(303): Notify: Transaction "Film Create_PrintTask Fail" started.	[MsgId: MMSG-16999]
Action.c(304): Error: Try to get the Print task ID failed: A20180613164049000 :  K2_1	[MsgId: MERR-17999]
End auto log messages stack.	[MsgId: MMSG-10544]


Start auto log messages stack - Iteration 5.	[MsgId: MMSG-10545]
Action.c(273): Warning -26377: No match found for the requested parameter "TaskID". Check whether the requested boundaries exist in the response data. Also, if the data you want to save exceeds 10240 bytes, use web_set_max_html_param_len to increase the parameter size  	[MsgId: MWAR-26377]
Action.c(273): web_custom_request("web_custom_request") highest severity level was "warning", 265 body bytes, 259 header bytes  	[MsgId: MMSG-26388]
Action.c(285): Notify: Transaction "Film Create_PrintTask" ended with "Pass" status (Duration: 5.1483 Wasted Time: 0.0000).	[MsgId: MMSG-16871]
Action.c(287): TaskID is : 	[MsgId: MMSG-17999]
Action.c(288): time is : 10	[MsgId: MMSG-17999]
Action.c(293): Notify: Transaction "Fim GetTaskID_fail" started.	[MsgId: MMSG-16999]
Action.c(294): The accession number is A20180613164157000,K2_7	[MsgId: MMSG-17999]
Action.c(295): Notify: Transaction "Fim GetTaskID_fail" ended with "Pass" status (Duration: 0.0001).	[MsgId: MMSG-16873]
Action.c(303): Notify: Transaction "Film Create_PrintTask Fail" started.	[MsgId: MMSG-16999]
Action.c(304): Error: Try to get the Print task ID failed: A20180613164157000 :  K2_7	[MsgId: MERR-17999]
End auto log messages stack.	[MsgId: MMSG-10544]


Start auto log messages stack - Iteration 7.	[MsgId: MMSG-10545]
Action.c(273): Warning -26377: No match found for the requested parameter "TaskID". Check whether the requested boundaries exist in the response data. Also, if the data you want to save exceeds 10240 bytes, use web_set_max_html_param_len to increase the parameter size  	[MsgId: MWAR-26377]
Action.c(273): web_custom_request("web_custom_request") highest severity level was "warning", 265 body bytes, 259 header bytes  	[MsgId: MMSG-26388]
Action.c(285): Notify: Transaction "Film Create_PrintTask" ended with "Pass" status (Duration: 0.4736 Wasted Time: 0.0000).	[MsgId: MMSG-16871]
Action.c(287): TaskID is : 	[MsgId: MMSG-17999]
Action.c(288): time is : 10	[MsgId: MMSG-17999]
Action.c(293): Notify: Transaction "Fim GetTaskID_fail" started.	[MsgId: MMSG-16999]
Action.c(294): The accession number is A20180613164123000,K2_3	[MsgId: MMSG-17999]
Action.c(295): Notify: Transaction "Fim GetTaskID_fail" ended with "Pass" status (Duration: 0.0001).	[MsgId: MMSG-16873]
Action.c(303): Notify: Transaction "Film Create_PrintTask Fail" started.	[MsgId: MMSG-16999]
Action.c(304): Error: Try to get the Print task ID failed: A20180613164123000 :  K2_3	[MsgId: MERR-17999]
End auto log messages stack.	[MsgId: MMSG-10544]


Start auto log messages stack - Iteration 5.	[MsgId: MMSG-10545]
Action.c(273): Warning -26377: No match found for the requested parameter "TaskID". Check whether the requested boundaries exist in the response data. Also, if the data you want to save exceeds 10240 bytes, use web_set_max_html_param_len to increase the parameter size  	[MsgId: MWAR-26377]
Action.c(273): web_custom_request("web_custom_request") highest severity level was "warning", 265 body bytes, 259 header bytes  	[MsgId: MMSG-26388]
Action.c(285): Notify: Transaction "Film Create_PrintTask" ended with "Pass" status (Duration: 1.6929 Wasted Time: 0.0000).	[MsgId: MMSG-16871]
Action.c(287): TaskID is : 	[MsgId: MMSG-17999]
Action.c(288): time is : 10	[MsgId: MMSG-17999]
Action.c(293): Notify: Transaction "Fim GetTaskID_fail" started.	[MsgId: MMSG-16999]
Action.c(294): The accession number is A20180613164113000,K2_2	[MsgId: MMSG-17999]
Action.c(295): Notify: Transaction "Fim GetTaskID_fail" ended with "Pass" status (Duration: 0.0001).	[MsgId: MMSG-16873]
Action.c(303): Notify: Transaction "Film Create_PrintTask Fail" started.	[MsgId: MMSG-16999]
Action.c(304): Error: Try to get the Print task ID failed: A20180613164113000 :  K2_2	[MsgId: MERR-17999]
End auto log messages stack.	[MsgId: MMSG-10544]


Start auto log messages stack - Iteration 6.	[MsgId: MMSG-10545]
Action.c(273): Warning -26377: No match found for the requested parameter "TaskID". Check whether the requested boundaries exist in the response data. Also, if the data you want to save exceeds 10240 bytes, use web_set_max_html_param_len to increase the parameter size  	[MsgId: MWAR-26377]
Action.c(273): web_custom_request("web_custom_request") highest severity level was "warning", 265 body bytes, 259 header bytes  	[MsgId: MMSG-26388]
Action.c(285): Notify: Transaction "Film Create_PrintTask" ended with "Pass" status (Duration: 1.0853 Wasted Time: 0.0000).	[MsgId: MMSG-16871]
Action.c(287): TaskID is : 	[MsgId: MMSG-17999]
Action.c(288): time is : 10	[MsgId: MMSG-17999]
Action.c(293): Notify: Transaction "Fim GetTaskID_fail" started.	[MsgId: MMSG-16999]
Action.c(294): The accession number is A20180613164122000,K2_4	[MsgId: MMSG-17999]
Action.c(295): Notify: Transaction "Fim GetTaskID_fail" ended with "Pass" status (Duration: 0.0001).	[MsgId: MMSG-16873]
Action.c(303): Notify: Transaction "Film Create_PrintTask Fail" started.	[MsgId: MMSG-16999]
Action.c(304): Error: Try to get the Print task ID failed: A20180613164122000 :  K2_4	[MsgId: MERR-17999]
End auto log messages stack.	[MsgId: MMSG-10544]


Start auto log messages stack - Iteration 4.	[MsgId: MMSG-10545]
Starting action Action.	[MsgId: MMSG-15919]
Action.c(22): web_set_max_html_param_len was successful  	[MsgId: MMSG-26392]
Action.c(32): Registering web_reg_save_param was successful  	[MsgId: MMSG-26390]
Action.c(34): Notify: Transaction "Create New Patient" started.	[MsgId: MMSG-16999]
Action.c(37): web_custom_request("web_custom_request") was successful, 373 body bytes, 242 header bytes  	[MsgId: MMSG-26386]
Action.c(94): Notify: Transaction "Create New Patient" ended with "Pass" status (Duration: 0.3680 Wasted Time: 0.0000).	[MsgId: MMSG-16871]
Action.c(105): lr_think_time: 60.00 seconds.	[MsgId: MMSG-15948]
Action.c(111): Registering web_reg_save_param was successful  	[MsgId: MMSG-26390]
Action.c(113): web_custom_request("web_custom_request") was successful, 373 body bytes, 230 header bytes  	[MsgId: MMSG-26386]
Action.c(144): web_get_int_property was successful  	[MsgId: MMSG-26392]
Action.c(155): Error: Create film test data faile, it`s not an error. The return value is not true.	[MsgId: MERR-17999]
End auto log messages stack.	[MsgId: MMSG-10544]


Start auto log messages stack - Iteration 5.	[MsgId: MMSG-10545]
Starting action Action.	[MsgId: MMSG-15919]
Action.c(22): web_set_max_html_param_len was successful  	[MsgId: MMSG-26392]
Action.c(32): Registering web_reg_save_param was successful  	[MsgId: MMSG-26390]
Action.c(34): Notify: Transaction "Create New Patient" started.	[MsgId: MMSG-16999]
Action.c(37): web_custom_request("web_custom_request") was successful, 373 body bytes, 242 header bytes  	[MsgId: MMSG-26386]
Action.c(94): Notify: Transaction "Create New Patient" ended with "Pass" status (Duration: 1.1584 Wasted Time: 0.0000).	[MsgId: MMSG-16871]
Action.c(105): lr_think_time: 60.00 seconds.	[MsgId: MMSG-15948]
Action.c(111): Registering web_reg_save_param was successful  	[MsgId: MMSG-26390]
Action.c(113): web_custom_request("web_custom_request") was successful, 373 body bytes, 230 header bytes  	[MsgId: MMSG-26386]
Action.c(144): web_get_int_property was successful  	[MsgId: MMSG-26392]
Action.c(155): Error: Create film test data faile, it`s not an error. The return value is not true.	[MsgId: MERR-17999]
End auto log messages stack.	[MsgId: MMSG-10544]


Start auto log messages stack - Iteration 6.	[MsgId: MMSG-10545]
Starting action Action.	[MsgId: MMSG-15919]
Action.c(22): web_set_max_html_param_len was successful  	[MsgId: MMSG-26392]
Action.c(32): Registering web_reg_save_param was successful  	[MsgId: MMSG-26390]
Action.c(34): Notify: Transaction "Create New Patient" started.	[MsgId: MMSG-16999]
Action.c(37): web_custom_request("web_custom_request") was successful, 373 body bytes, 242 header bytes  	[MsgId: MMSG-26386]
Action.c(94): Notify: Transaction "Create New Patient" ended with "Pass" status (Duration: 0.4075 Wasted Time: 0.0000).	[MsgId: MMSG-16871]
Action.c(105): lr_think_time: 60.00 seconds.	[MsgId: MMSG-15948]
Action.c(111): Registering web_reg_save_param was successful  	[MsgId: MMSG-26390]
Action.c(113): web_custom_request("web_custom_request") was successful, 373 body bytes, 230 header bytes  	[MsgId: MMSG-26386]
Action.c(144): web_get_int_property was successful  	[MsgId: MMSG-26392]
Action.c(155): Error: Create film test data faile, it`s not an error. The return value is not true.	[MsgId: MERR-17999]
End auto log messages stack.	[MsgId: MMSG-10544]


Start auto log messages stack - Iteration 8.	[MsgId: MMSG-10545]
Starting action Action.	[MsgId: MMSG-15919]
Action.c(22): web_set_max_html_param_len was successful  	[MsgId: MMSG-26392]
Action.c(32): Registering web_reg_save_param was successful  	[MsgId: MMSG-26390]
Action.c(34): Notify: Transaction "Create New Patient" started.	[MsgId: MMSG-16999]
Action.c(37): web_custom_request("web_custom_request") was successful, 373 body bytes, 242 header bytes  	[MsgId: MMSG-26386]
Action.c(94): Notify: Transaction "Create New Patient" ended with "Pass" status (Duration: 0.7508 Wasted Time: 0.0000).	[MsgId: MMSG-16871]
Action.c(105): lr_think_time: 60.00 seconds.	[MsgId: MMSG-15948]
Action.c(111): Registering web_reg_save_param was successful  	[MsgId: MMSG-26390]
Action.c(113): web_custom_request("web_custom_request") was successful, 373 body bytes, 230 header bytes  	[MsgId: MMSG-26386]
Action.c(144): web_get_int_property was successful  	[MsgId: MMSG-26392]
Action.c(155): Error: Create film test data faile, it`s not an error. The return value is not true.	[MsgId: MERR-17999]
End auto log messages stack.	[MsgId: MMSG-10544]


Start auto log messages stack - Iteration 6.	[MsgId: MMSG-10545]
Starting action Action.	[MsgId: MMSG-15919]
Action.c(22): web_set_max_html_param_len was successful  	[MsgId: MMSG-26392]
Action.c(32): Registering web_reg_save_param was successful  	[MsgId: MMSG-26390]
Action.c(34): Notify: Transaction "Create New Patient" started.	[MsgId: MMSG-16999]
Action.c(37): web_custom_request("web_custom_request") was successful, 373 body bytes, 242 header bytes  	[MsgId: MMSG-26386]
Action.c(94): Notify: Transaction "Create New Patient" ended with "Pass" status (Duration: 0.7879 Wasted Time: 0.0000).	[MsgId: MMSG-16871]
Action.c(105): lr_think_time: 60.00 seconds.	[MsgId: MMSG-15948]
Action.c(111): Registering web_reg_save_param was successful  	[MsgId: MMSG-26390]
Action.c(113): web_custom_request("web_custom_request") was successful, 373 body bytes, 230 header bytes  	[MsgId: MMSG-26386]
Action.c(144): web_get_int_property was successful  	[MsgId: MMSG-26392]
Action.c(155): Error: Create film test data faile, it`s not an error. The return value is not true.	[MsgId: MERR-17999]
End auto log messages stack.	[MsgId: MMSG-10544]


Start auto log messages stack - Iteration 9.	[MsgId: MMSG-10545]
Starting action Action.	[MsgId: MMSG-15919]
Action.c(22): web_set_max_html_param_len was successful  	[MsgId: MMSG-26392]
Action.c(32): Registering web_reg_save_param was successful  	[MsgId: MMSG-26390]
Action.c(34): Notify: Transaction "Create New Patient" started.	[MsgId: MMSG-16999]
Action.c(37): web_custom_request("web_custom_request") was successful, 373 body bytes, 242 header bytes  	[MsgId: MMSG-26386]
Action.c(94): Notify: Transaction "Create New Patient" ended with "Pass" status (Duration: 0.8149 Wasted Time: 0.0000).	[MsgId: MMSG-16871]
Action.c(105): lr_think_time: 60.00 seconds.	[MsgId: MMSG-15948]
Action.c(111): Registering web_reg_save_param was successful  	[MsgId: MMSG-26390]
Action.c(113): web_custom_request("web_custom_request") was successful, 373 body bytes, 230 header bytes  	[MsgId: MMSG-26386]
Action.c(144): web_get_int_property was successful  	[MsgId: MMSG-26392]
Action.c(155): Error: Create film test data faile, it`s not an error. The return value is not true.	[MsgId: MERR-17999]
End auto log messages stack.	[MsgId: MMSG-10544]


Start auto log messages stack - Iteration 7.	[MsgId: MMSG-10545]
Starting action Action.	[MsgId: MMSG-15919]
Action.c(22): web_set_max_html_param_len was successful  	[MsgId: MMSG-26392]
Action.c(32): Registering web_reg_save_param was successful  	[MsgId: MMSG-26390]
Action.c(34): Notify: Transaction "Create New Patient" started.	[MsgId: MMSG-16999]
Action.c(37): web_custom_request("web_custom_request") was successful, 373 body bytes, 242 header bytes  	[MsgId: MMSG-26386]
Action.c(94): Notify: Transaction "Create New Patient" ended with "Pass" status (Duration: 1.5540 Wasted Time: 0.0000).	[MsgId: MMSG-16871]
Action.c(105): lr_think_time: 60.00 seconds.	[MsgId: MMSG-15948]
Action.c(111): Registering web_reg_save_param was successful  	[MsgId: MMSG-26390]
Action.c(113): web_custom_request("web_custom_request") was successful, 373 body bytes, 230 header bytes  	[MsgId: MMSG-26386]
Action.c(144): web_get_int_property was successful  	[MsgId: MMSG-26392]
Action.c(155): Error: Create film test data faile, it`s not an error. The return value is not true.	[MsgId: MERR-17999]
End auto log messages stack.	[MsgId: MMSG-10544]


Start auto log messages stack - Iteration 7.	[MsgId: MMSG-10545]
Starting action Action.	[MsgId: MMSG-15919]
Action.c(22): web_set_max_html_param_len was successful  	[MsgId: MMSG-26392]
Action.c(32): Registering web_reg_save_param was successful  	[MsgId: MMSG-26390]
Action.c(34): Notify: Transaction "Create New Patient" started.	[MsgId: MMSG-16999]
Action.c(37): web_custom_request("web_custom_request") was successful, 373 body bytes, 242 header bytes  	[MsgId: MMSG-26386]
Action.c(94): Notify: Transaction "Create New Patient" ended with "Pass" status (Duration: 0.3001 Wasted Time: 0.0000).	[MsgId: MMSG-16871]
Action.c(105): lr_think_time: 60.00 seconds.	[MsgId: MMSG-15948]
Action.c(111): Registering web_reg_save_param was successful  	[MsgId: MMSG-26390]
Action.c(113): web_custom_request("web_custom_request") was successful, 373 body bytes, 230 header bytes  	[MsgId: MMSG-26386]
Action.c(144): web_get_int_property was successful  	[MsgId: MMSG-26392]
Action.c(155): Error: Create film test data faile, it`s not an error. The return value is not true.	[MsgId: MERR-17999]
End auto log messages stack.	[MsgId: MMSG-10544]


Start auto log messages stack - Iteration 8.	[MsgId: MMSG-10545]
Starting action Action.	[MsgId: MMSG-15919]
Action.c(22): web_set_max_html_param_len was successful  	[MsgId: MMSG-26392]
Action.c(32): Registering web_reg_save_param was successful  	[MsgId: MMSG-26390]
Action.c(34): Notify: Transaction "Create New Patient" started.	[MsgId: MMSG-16999]
Action.c(37): web_custom_request("web_custom_request") was successful, 373 body bytes, 242 header bytes  	[MsgId: MMSG-26386]
Action.c(94): Notify: Transaction "Create New Patient" ended with "Pass" status (Duration: 0.7745 Wasted Time: 0.0000).	[MsgId: MMSG-16871]
Action.c(105): lr_think_time: 60.00 seconds.	[MsgId: MMSG-15948]
Action.c(111): Registering web_reg_save_param was successful  	[MsgId: MMSG-26390]
Action.c(113): web_custom_request("web_custom_request") was successful, 373 body bytes, 230 header bytes  	[MsgId: MMSG-26386]
Action.c(144): web_get_int_property was successful  	[MsgId: MMSG-26392]
Action.c(155): Error: Create film test data faile, it`s not an error. The return value is not true.	[MsgId: MERR-17999]
End auto log messages stack.	[MsgId: MMSG-10544]


Start auto log messages stack - Iteration 5.	[MsgId: MMSG-10545]
Action.c(273): Warning -26377: No match found for the requested parameter "TaskID". Check whether the requested boundaries exist in the response data. Also, if the data you want to save exceeds 10240 bytes, use web_set_max_html_param_len to increase the parameter size  	[MsgId: MWAR-26377]
Action.c(273): web_custom_request("web_custom_request") highest severity level was "warning", 265 body bytes, 259 header bytes  	[MsgId: MMSG-26388]
Action.c(285): Notify: Transaction "Film Create_PrintTask" ended with "Pass" status (Duration: 0.7105 Wasted Time: 0.0000).	[MsgId: MMSG-16871]
Action.c(287): TaskID is : 	[MsgId: MMSG-17999]
Action.c(288): time is : 10	[MsgId: MMSG-17999]
Action.c(293): Notify: Transaction "Fim GetTaskID_fail" started.	[MsgId: MMSG-16999]
Action.c(294): The accession number is A20180613164531000,K2_5	[MsgId: MMSG-17999]
Action.c(295): Notify: Transaction "Fim GetTaskID_fail" ended with "Pass" status (Duration: 0.0001).	[MsgId: MMSG-16873]
Action.c(303): Notify: Transaction "Film Create_PrintTask Fail" started.	[MsgId: MMSG-16999]
Action.c(304): Error: Try to get the Print task ID failed: A20180613164531000 :  K2_5	[MsgId: MERR-17999]
End auto log messages stack.	[MsgId: MMSG-10544]


Start auto log messages stack - Iteration 6.	[MsgId: MMSG-10545]
Action.c(273): Warning -26377: No match found for the requested parameter "TaskID". Check whether the requested boundaries exist in the response data. Also, if the data you want to save exceeds 10240 bytes, use web_set_max_html_param_len to increase the parameter size  	[MsgId: MWAR-26377]
Action.c(273): web_custom_request("web_custom_request") highest severity level was "warning", 265 body bytes, 259 header bytes  	[MsgId: MMSG-26388]
Action.c(285): Notify: Transaction "Film Create_PrintTask" ended with "Pass" status (Duration: 0.7109 Wasted Time: 0.0000).	[MsgId: MMSG-16871]
Action.c(287): TaskID is : 	[MsgId: MMSG-17999]
Action.c(288): time is : 10	[MsgId: MMSG-17999]
Action.c(293): Notify: Transaction "Fim GetTaskID_fail" started.	[MsgId: MMSG-16999]
Action.c(294): The accession number is A20180613164537000,K2_8	[MsgId: MMSG-17999]
Action.c(295): Notify: Transaction "Fim GetTaskID_fail" ended with "Pass" status (Duration: 0.0001).	[MsgId: MMSG-16873]
Action.c(303): Notify: Transaction "Film Create_PrintTask Fail" started.	[MsgId: MMSG-16999]
Action.c(304): Error: Try to get the Print task ID failed: A20180613164537000 :  K2_8	[MsgId: MERR-17999]
End auto log messages stack.	[MsgId: MMSG-10544]


Start auto log messages stack - Iteration 9.	[MsgId: MMSG-10545]
Starting action Action.	[MsgId: MMSG-15919]
Action.c(22): web_set_max_html_param_len was successful  	[MsgId: MMSG-26392]
Action.c(32): Registering web_reg_save_param was successful  	[MsgId: MMSG-26390]
Action.c(34): Notify: Transaction "Create New Patient" started.	[MsgId: MMSG-16999]
Action.c(37): web_custom_request("web_custom_request") was successful, 373 body bytes, 242 header bytes  	[MsgId: MMSG-26386]
Action.c(94): Notify: Transaction "Create New Patient" ended with "Pass" status (Duration: 4.0735 Wasted Time: 0.0000).	[MsgId: MMSG-16871]
Action.c(105): lr_think_time: 60.00 seconds.	[MsgId: MMSG-15948]
Action.c(111): Registering web_reg_save_param was successful  	[MsgId: MMSG-26390]
Action.c(113): web_custom_request("web_custom_request") was successful, 373 body bytes, 230 header bytes  	[MsgId: MMSG-26386]
Action.c(144): web_get_int_property was successful  	[MsgId: MMSG-26392]
Action.c(155): Error: Create film test data faile, it`s not an error. The return value is not true.	[MsgId: MERR-17999]
End auto log messages stack.	[MsgId: MMSG-10544]


Start auto log messages stack - Iteration 8.	[MsgId: MMSG-10545]
Starting action Action.	[MsgId: MMSG-15919]
Action.c(22): web_set_max_html_param_len was successful  	[MsgId: MMSG-26392]
Action.c(32): Registering web_reg_save_param was successful  	[MsgId: MMSG-26390]
Action.c(34): Notify: Transaction "Create New Patient" started.	[MsgId: MMSG-16999]
Action.c(37): web_custom_request("web_custom_request") was successful, 373 body bytes, 242 header bytes  	[MsgId: MMSG-26386]
Action.c(94): Notify: Transaction "Create New Patient" ended with "Pass" status (Duration: 0.9646 Wasted Time: 0.0000).	[MsgId: MMSG-16871]
Action.c(105): lr_think_time: 60.00 seconds.	[MsgId: MMSG-15948]
Action.c(111): Registering web_reg_save_param was successful  	[MsgId: MMSG-26390]
Action.c(113): web_custom_request("web_custom_request") was successful, 373 body bytes, 230 header bytes  	[MsgId: MMSG-26386]
Action.c(144): web_get_int_property was successful  	[MsgId: MMSG-26392]
Action.c(155): Error: Create film test data faile, it`s not an error. The return value is not true.	[MsgId: MERR-17999]
End auto log messages stack.	[MsgId: MMSG-10544]


Start auto log messages stack - Iteration 10.	[MsgId: MMSG-10545]
Starting action Action.	[MsgId: MMSG-15919]
Action.c(22): web_set_max_html_param_len was successful  	[MsgId: MMSG-26392]
Action.c(32): Registering web_reg_save_param was successful  	[MsgId: MMSG-26390]
Action.c(34): Notify: Transaction "Create New Patient" started.	[MsgId: MMSG-16999]
Action.c(37): web_custom_request("web_custom_request") was successful, 373 body bytes, 242 header bytes  	[MsgId: MMSG-26386]
Action.c(94): Notify: Transaction "Create New Patient" ended with "Pass" status (Duration: 0.7216 Wasted Time: 0.0000).	[MsgId: MMSG-16871]
Action.c(105): lr_think_time: 60.00 seconds.	[MsgId: MMSG-15948]
Action.c(111): Registering web_reg_save_param was successful  	[MsgId: MMSG-26390]
Action.c(113): web_custom_request("web_custom_request") was successful, 373 body bytes, 230 header bytes  	[MsgId: MMSG-26386]
Action.c(144): web_get_int_property was successful  	[MsgId: MMSG-26392]
Action.c(155): Error: Create film test data faile, it`s not an error. The return value is not true.	[MsgId: MERR-17999]
End auto log messages stack.	[MsgId: MMSG-10544]


Start auto log messages stack - Iteration 8.	[MsgId: MMSG-10545]
Starting action Action.	[MsgId: MMSG-15919]
Action.c(22): web_set_max_html_param_len was successful  	[MsgId: MMSG-26392]
Action.c(32): Registering web_reg_save_param was successful  	[MsgId: MMSG-26390]
Action.c(34): Notify: Transaction "Create New Patient" started.	[MsgId: MMSG-16999]
Action.c(37): web_custom_request("web_custom_request") was successful, 373 body bytes, 242 header bytes  	[MsgId: MMSG-26386]
Action.c(94): Notify: Transaction "Create New Patient" ended with "Pass" status (Duration: 0.6505 Wasted Time: 0.0000).	[MsgId: MMSG-16871]
Action.c(105): lr_think_time: 60.00 seconds.	[MsgId: MMSG-15948]
Action.c(111): Registering web_reg_save_param was successful  	[MsgId: MMSG-26390]
Action.c(113): web_custom_request("web_custom_request") was successful, 373 body bytes, 230 header bytes  	[MsgId: MMSG-26386]
Action.c(144): web_get_int_property was successful  	[MsgId: MMSG-26392]
Action.c(155): Error: Create film test data faile, it`s not an error. The return value is not true.	[MsgId: MERR-17999]
End auto log messages stack.	[MsgId: MMSG-10544]


