Start auto log messages stack - Iteration 1.	[MsgId: MMSG-10545]
Action.c(111):     SeriesUID20180411163629000</strSeriesInstanceUID><strSOPInstanceID>SOP20180411163629000</s
Action.c(111):     trSOPInstanceID><strAccNo>A20180411163629000</strAccNo><strPatientName>PN20180411163629000
Action.c(111):     </strPatientName><strGrender>F</strGrender><strModality>PR</strModality><strBodayPart></st
Action.c(111):     rBodayPart><strDestFolder>E:\\GX Platform\\Inbox</strDestFolder></CreateFilmFile></soap:Bo
Action.c(111):     dy></soap:Envelope>
Action.c(111): t=224954ms: Pending STATE_READ 070A4C2C [0] URL="http://10.184.129.208/PerformanceTest/CreateFilmTestData.asmx" in most_essential_active_task  	[MsgId: MMSG-26000]
Action.c(111): t=224954ms: recvd bytes=0, content length=-1, keepalive=0  	[MsgId: MMSG-26000]
Action.c(111): Continuing after Error -27728: Step download timeout (120 seconds) has expired  	[MsgId: MERR-27728]
End auto log messages stack.	[MsgId: MMSG-10544]


Start auto log messages stack - Iteration 1.	[MsgId: MMSG-10545]
Action.c(111): t=224956ms: Closed connection [0] to 10.184.129.208:80 after completing 1 request  	[MsgId: MMSG-26000]
Action.c(111): Aborting pending download of URL="http://10.184.129.208/PerformanceTest/CreateFilmTestData.asmx"  	[MsgId: MMSG-27656]
Action.c(111): Continuing after Error -26377: No match found for the requested parameter "CreateFilmDataResult". Check whether the requested boundaries exist in the response data. Also, if the data you want to save exceeds 10240 bytes, use web_set_max_html_param_len to increase the parameter size  	[MsgId: MERR-26377]
End auto log messages stack.	[MsgId: MMSG-10544]


Start auto log messages stack - Iteration 1.	[MsgId: MMSG-10545]
Action.c(111): Notify: Saving Parameter "CreateFilmDataResult = ".	[MsgId: MMSG-13798]
Action.c(111): Continuing after Error -26374: The above "not found" error(s) may be explained by header and body byte counts being 0 and 0, respectively.  	[MsgId: MERR-26374]
End auto log messages stack.	[MsgId: MMSG-10544]


Start auto log messages stack - Iteration 25.	[MsgId: MMSG-10545]
Action.c(111):     \r\n
Action.c(111):                 <b> è¯´æ˜: </b>HTTP 404ã€‚æ‚¨æ­£åœ¨æŸ¥æ‰¾çš„èµ„æº\x90(æˆ–è\x80…å®ƒçš„ä¸€ä¸ªä¾
Action.c(111):     èµ–é¡¹)å¯èƒ½å·²è¢«ç§»é™¤ï¼Œæˆ–å…¶åç§°å·²æ›´æ”¹ï¼Œæˆ–æš‚æ—¶ä¸å¯ç”¨ã\x80‚è¯·æ£\x80æŸ¥ä»¥
Action.c(111):     ä¸\x8B URL å¹¶ç¡®ä¿å…¶æ‹¼å†™æ­£ç¡®ã€\x82\r\n
Action.c(111):                 <br><br>\r\n
Action.c(111):     \r\n
Action.c(111):                 <b> è¯·æ±‚çš\x84 URL: </b>/PerformanceTest/CreateFilmTestData.asmx<br><br>\r\n
Action.c(111):     \r\n
Action.c(111):         </body>\r\n
Action.c(111):     </html>\r\n
Action.c(111): Continuing after Error -26627: HTTP Status-Code=404 (Not Found) for "http://10.184.129.208/PerformanceTest/CreateFilmTestData.asmx"  	[MsgId: MERR-26627]
End auto log messages stack.	[MsgId: MMSG-10544]


Start auto log messages stack - Iteration 25.	[MsgId: MMSG-10545]
Action.c(111): t=2049884ms: Closing connection [0] to 10.184.129.208 after receiving status code 404  	[MsgId: MMSG-26000]
Action.c(111): t=2049884ms: Closed connection [0] to 10.184.129.208:80 after completing 1 request  	[MsgId: MMSG-26000]
Action.c(111): t=2049884ms: Request done "http://10.184.129.208/PerformanceTest/CreateFilmTestData.asmx"  	[MsgId: MMSG-26000]
Action.c(111): Continuing after Error -26377: No match found for the requested parameter "CreateFilmDataResult". Check whether the requested boundaries exist in the response data. Also, if the data you want to save exceeds 10240 bytes, use web_set_max_html_param_len to increase the parameter size  	[MsgId: MERR-26377]
End auto log messages stack.	[MsgId: MMSG-10544]


