Start auto log messages stack - Iteration 2.	[MsgId: MMSG-10545]
Starting action Action.	[MsgId: MMSG-15919]
Action.c(21): web_set_max_html_param_len was successful  	[MsgId: MMSG-26392]
Action.c(31): Registering web_reg_save_param was successful  	[MsgId: MMSG-26390]
Action.c(33): Notify: Transaction "Create New Patient" started.	[MsgId: MMSG-16999]
Action.c(36): web_custom_request("web_custom_request") was successful, 373 body bytes, 242 header bytes  	[MsgId: MMSG-26386]
Action.c(93): Notify: Transaction "Create New Patient" ended with "Pass" status (Duration: 0.5056 Wasted Time: 0.0000).	[MsgId: MMSG-16871]
Action.c(104): lr_think_time: 60.00 seconds.	[MsgId: MMSG-15948]
Action.c(110): Registering web_reg_save_param was successful  	[MsgId: MMSG-26390]
Action.c(112): web_custom_request("web_custom_request") was successful, 372 body bytes, 230 header bytes  	[MsgId: MMSG-26386]
The result is 1	[MsgId: MMSG-17999]
Action.c(196): Error: The film print status is not correct and Update the status by databse failed: the accessionnumber is - A20180605182033000	[MsgId: MERR-17999]
End auto log messages stack.	[MsgId: MMSG-10544]


Start auto log messages stack - Iteration 1.	[MsgId: MMSG-10545]
Starting action Action.	[MsgId: MMSG-15919]
Action.c(21): web_set_max_html_param_len was successful  	[MsgId: MMSG-26392]
Action.c(31): Registering web_reg_save_param was successful  	[MsgId: MMSG-26390]
Action.c(33): Notify: Transaction "Create New Patient" started.	[MsgId: MMSG-16999]
Action.c(36): web_custom_request("web_custom_request") was successful, 373 body bytes, 242 header bytes  	[MsgId: MMSG-26386]
Action.c(93): Notify: Transaction "Create New Patient" ended with "Pass" status (Duration: 0.2323 Wasted Time: 0.0000).	[MsgId: MMSG-16871]
Action.c(104): lr_think_time: 60.00 seconds.	[MsgId: MMSG-15948]
Action.c(110): Registering web_reg_save_param was successful  	[MsgId: MMSG-26390]
Action.c(112): web_custom_request("web_custom_request") was successful, 372 body bytes, 230 header bytes  	[MsgId: MMSG-26386]
The result is 1	[MsgId: MMSG-17999]
Action.c(196): Error: The film print status is not correct and Update the status by databse failed: the accessionnumber is - A20180605181300000	[MsgId: MERR-17999]
End auto log messages stack.	[MsgId: MMSG-10544]


Start auto log messages stack - Iteration 2.	[MsgId: MMSG-10545]
Starting action Action.	[MsgId: MMSG-15919]
Action.c(21): web_set_max_html_param_len was successful  	[MsgId: MMSG-26392]
Action.c(31): Registering web_reg_save_param was successful  	[MsgId: MMSG-26390]
Action.c(33): Notify: Transaction "Create New Patient" started.	[MsgId: MMSG-16999]
Action.c(36): web_custom_request("web_custom_request") was successful, 373 body bytes, 242 header bytes  	[MsgId: MMSG-26386]
Action.c(93): Notify: Transaction "Create New Patient" ended with "Pass" status (Duration: 0.4946 Wasted Time: 0.0000).	[MsgId: MMSG-16871]
Action.c(104): lr_think_time: 60.00 seconds.	[MsgId: MMSG-15948]
Action.c(110): Registering web_reg_save_param was successful  	[MsgId: MMSG-26390]
Action.c(112): web_custom_request("web_custom_request") was successful, 372 body bytes, 230 header bytes  	[MsgId: MMSG-26386]
The result is 1	[MsgId: MMSG-17999]
Action.c(196): Error: The film print status is not correct and Update the status by databse failed: the accessionnumber is - A20180605182133000	[MsgId: MERR-17999]
End auto log messages stack.	[MsgId: MMSG-10544]


Start auto log messages stack - Iteration 2.	[MsgId: MMSG-10545]
Action.c(258): Warning -26377: No match found for the requested parameter "TaskID". Check whether the requested boundaries exist in the response data. Also, if the data you want to save exceeds 10240 bytes, use web_set_max_html_param_len to increase the parameter size  	[MsgId: MWAR-26377]
Action.c(258): web_custom_request("web_custom_request") highest severity level was "warning", 265 body bytes, 259 header bytes  	[MsgId: MMSG-26388]
Action.c(270): Notify: Transaction "Film Create_PrintTask" ended with "Pass" status (Duration: 0.3038 Wasted Time: 0.0000).	[MsgId: MMSG-16871]
Action.c(272): TaskID is : 	[MsgId: MMSG-17999]
Action.c(273): time is : 10	[MsgId: MMSG-17999]
Action.c(278): Notify: Transaction "Fim GetTaskID_fail" started.	[MsgId: MMSG-16999]
Action.c(279): The accession number is A20180605182133000,K2_3	[MsgId: MMSG-17999]
Action.c(280): Notify: Transaction "Fim GetTaskID_fail" ended with "Pass" status (Duration: 0.0001).	[MsgId: MMSG-16873]
Action.c(288): Notify: Transaction "Film Create_PrintTask Fail" started.	[MsgId: MMSG-16999]
Action.c(289): Error: Try to get the Print task ID failed: A20180605182133000 :  K2_3	[MsgId: MERR-17999]
End auto log messages stack.	[MsgId: MMSG-10544]


Start auto log messages stack - Iteration 1.	[MsgId: MMSG-10545]
Starting action Action.	[MsgId: MMSG-15919]
Action.c(21): web_set_max_html_param_len was successful  	[MsgId: MMSG-26392]
Action.c(31): Registering web_reg_save_param was successful  	[MsgId: MMSG-26390]
Action.c(33): Notify: Transaction "Create New Patient" started.	[MsgId: MMSG-16999]
Action.c(36): web_custom_request("web_custom_request") was successful, 373 body bytes, 242 header bytes  	[MsgId: MMSG-26386]
Action.c(93): Notify: Transaction "Create New Patient" ended with "Pass" status (Duration: 0.5241 Wasted Time: 0.0000).	[MsgId: MMSG-16871]
Action.c(104): lr_think_time: 60.00 seconds.	[MsgId: MMSG-15948]
Action.c(110): Registering web_reg_save_param was successful  	[MsgId: MMSG-26390]
Action.c(112): web_custom_request("web_custom_request") was successful, 372 body bytes, 230 header bytes  	[MsgId: MMSG-26386]
The result is 1	[MsgId: MMSG-17999]
Action.c(196): Error: The film print status is not correct and Update the status by databse failed: the accessionnumber is - A20180605181406000	[MsgId: MERR-17999]
End auto log messages stack.	[MsgId: MMSG-10544]


Start auto log messages stack - Iteration 2.	[MsgId: MMSG-10545]
Starting action Action.	[MsgId: MMSG-15919]
Action.c(21): web_set_max_html_param_len was successful  	[MsgId: MMSG-26392]
Action.c(31): Registering web_reg_save_param was successful  	[MsgId: MMSG-26390]
Action.c(33): Notify: Transaction "Create New Patient" started.	[MsgId: MMSG-16999]
Action.c(36): web_custom_request("web_custom_request") was successful, 373 body bytes, 242 header bytes  	[MsgId: MMSG-26386]
Action.c(93): Notify: Transaction "Create New Patient" ended with "Pass" status (Duration: 0.3820 Wasted Time: 0.0000).	[MsgId: MMSG-16871]
Action.c(104): lr_think_time: 60.00 seconds.	[MsgId: MMSG-15948]
Action.c(110): Registering web_reg_save_param was successful  	[MsgId: MMSG-26390]
Action.c(112): web_custom_request("web_custom_request") was successful, 372 body bytes, 230 header bytes  	[MsgId: MMSG-26386]
The result is 1	[MsgId: MMSG-17999]
Action.c(196): Error: The film print status is not correct and Update the status by databse failed: the accessionnumber is - A20180605182219000	[MsgId: MERR-17999]
End auto log messages stack.	[MsgId: MMSG-10544]


Start auto log messages stack - Iteration 2.	[MsgId: MMSG-10545]
Action.c(258): Warning -26377: No match found for the requested parameter "TaskID". Check whether the requested boundaries exist in the response data. Also, if the data you want to save exceeds 10240 bytes, use web_set_max_html_param_len to increase the parameter size  	[MsgId: MWAR-26377]
Action.c(258): web_custom_request("web_custom_request") highest severity level was "warning", 265 body bytes, 259 header bytes  	[MsgId: MMSG-26388]
Action.c(270): Notify: Transaction "Film Create_PrintTask" ended with "Pass" status (Duration: 0.2801 Wasted Time: 0.0000).	[MsgId: MMSG-16871]
Action.c(272): TaskID is : 	[MsgId: MMSG-17999]
Action.c(273): time is : 10	[MsgId: MMSG-17999]
Action.c(278): Notify: Transaction "Fim GetTaskID_fail" started.	[MsgId: MMSG-16999]
Action.c(279): The accession number is A20180605182219000,K2_4	[MsgId: MMSG-17999]
Action.c(280): Notify: Transaction "Fim GetTaskID_fail" ended with "Pass" status (Duration: 0.0001).	[MsgId: MMSG-16873]
Action.c(288): Notify: Transaction "Film Create_PrintTask Fail" started.	[MsgId: MMSG-16999]
Action.c(289): Error: Try to get the Print task ID failed: A20180605182219000 :  K2_4	[MsgId: MERR-17999]
End auto log messages stack.	[MsgId: MMSG-10544]


Start auto log messages stack - Iteration 1.	[MsgId: MMSG-10545]
Starting action Action.	[MsgId: MMSG-15919]
Action.c(21): web_set_max_html_param_len was successful  	[MsgId: MMSG-26392]
Action.c(31): Registering web_reg_save_param was successful  	[MsgId: MMSG-26390]
Action.c(33): Notify: Transaction "Create New Patient" started.	[MsgId: MMSG-16999]
Action.c(36): web_custom_request("web_custom_request") was successful, 373 body bytes, 242 header bytes  	[MsgId: MMSG-26386]
Action.c(93): Notify: Transaction "Create New Patient" ended with "Pass" status (Duration: 0.2285 Wasted Time: 0.0000).	[MsgId: MMSG-16871]
Action.c(104): lr_think_time: 60.00 seconds.	[MsgId: MMSG-15948]
Action.c(110): Registering web_reg_save_param was successful  	[MsgId: MMSG-26390]
Action.c(112): web_custom_request("web_custom_request") was successful, 372 body bytes, 230 header bytes  	[MsgId: MMSG-26386]
The result is 1	[MsgId: MMSG-17999]
Action.c(196): Error: The film print status is not correct and Update the status by databse failed: the accessionnumber is - A20180605181501000	[MsgId: MERR-17999]
End auto log messages stack.	[MsgId: MMSG-10544]


Start auto log messages stack - Iteration 2.	[MsgId: MMSG-10545]
Starting action Action.	[MsgId: MMSG-15919]
Action.c(21): web_set_max_html_param_len was successful  	[MsgId: MMSG-26392]
Action.c(31): Registering web_reg_save_param was successful  	[MsgId: MMSG-26390]
Action.c(33): Notify: Transaction "Create New Patient" started.	[MsgId: MMSG-16999]
Action.c(36): web_custom_request("web_custom_request") was successful, 373 body bytes, 242 header bytes  	[MsgId: MMSG-26386]
Action.c(93): Notify: Transaction "Create New Patient" ended with "Pass" status (Duration: 0.8083 Wasted Time: 0.0000).	[MsgId: MMSG-16871]
Action.c(104): lr_think_time: 60.00 seconds.	[MsgId: MMSG-15948]
Action.c(110): Registering web_reg_save_param was successful  	[MsgId: MMSG-26390]
Action.c(112): web_custom_request("web_custom_request") was successful, 372 body bytes, 230 header bytes  	[MsgId: MMSG-26386]
The result is 1	[MsgId: MMSG-17999]
Action.c(196): Error: The film print status is not correct and Update the status by databse failed: the accessionnumber is - A20180605182315000	[MsgId: MERR-17999]
End auto log messages stack.	[MsgId: MMSG-10544]


Start auto log messages stack - Iteration 3.	[MsgId: MMSG-10545]
Starting action Action.	[MsgId: MMSG-15919]
Action.c(21): web_set_max_html_param_len was successful  	[MsgId: MMSG-26392]
Action.c(31): Registering web_reg_save_param was successful  	[MsgId: MMSG-26390]
Action.c(33): Notify: Transaction "Create New Patient" started.	[MsgId: MMSG-16999]
Action.c(36): web_custom_request("web_custom_request") was successful, 373 body bytes, 242 header bytes  	[MsgId: MMSG-26386]
Action.c(93): Notify: Transaction "Create New Patient" ended with "Pass" status (Duration: 0.3691 Wasted Time: 0.0000).	[MsgId: MMSG-16871]
Action.c(104): lr_think_time: 60.00 seconds.	[MsgId: MMSG-15948]
Action.c(110): Registering web_reg_save_param was successful  	[MsgId: MMSG-26390]
Action.c(112): web_custom_request("web_custom_request") was successful, 372 body bytes, 230 header bytes  	[MsgId: MMSG-26386]
The result is 1	[MsgId: MMSG-17999]
Action.c(196): Error: The film print status is not correct and Update the status by databse failed: the accessionnumber is - A20180605182328000	[MsgId: MERR-17999]
End auto log messages stack.	[MsgId: MMSG-10544]


Start auto log messages stack - Iteration 3.	[MsgId: MMSG-10545]
Starting action Action.	[MsgId: MMSG-15919]
Action.c(21): web_set_max_html_param_len was successful  	[MsgId: MMSG-26392]
Action.c(31): Registering web_reg_save_param was successful  	[MsgId: MMSG-26390]
Action.c(33): Notify: Transaction "Create New Patient" started.	[MsgId: MMSG-16999]
Action.c(36): web_custom_request("web_custom_request") was successful, 373 body bytes, 242 header bytes  	[MsgId: MMSG-26386]
Action.c(93): Notify: Transaction "Create New Patient" ended with "Pass" status (Duration: 0.5086 Wasted Time: 0.0000).	[MsgId: MMSG-16871]
Action.c(104): lr_think_time: 60.00 seconds.	[MsgId: MMSG-15948]
Action.c(110): Registering web_reg_save_param was successful  	[MsgId: MMSG-26390]
Action.c(112): web_custom_request("web_custom_request") was successful, 372 body bytes, 230 header bytes  	[MsgId: MMSG-26386]
The result is 1	[MsgId: MMSG-17999]
Action.c(196): Error: The film print status is not correct and Update the status by databse failed: the accessionnumber is - A20180605182331000	[MsgId: MERR-17999]
End auto log messages stack.	[MsgId: MMSG-10544]


Start auto log messages stack - Iteration 3.	[MsgId: MMSG-10545]
Starting action Action.	[MsgId: MMSG-15919]
Action.c(21): web_set_max_html_param_len was successful  	[MsgId: MMSG-26392]
Action.c(31): Registering web_reg_save_param was successful  	[MsgId: MMSG-26390]
Action.c(33): Notify: Transaction "Create New Patient" started.	[MsgId: MMSG-16999]
Action.c(36): web_custom_request("web_custom_request") was successful, 373 body bytes, 242 header bytes  	[MsgId: MMSG-26386]
Action.c(93): Notify: Transaction "Create New Patient" ended with "Pass" status (Duration: 0.6058 Wasted Time: 0.0000).	[MsgId: MMSG-16871]
Action.c(104): lr_think_time: 60.00 seconds.	[MsgId: MMSG-15948]
Action.c(110): Registering web_reg_save_param was successful  	[MsgId: MMSG-26390]
Action.c(112): web_custom_request("web_custom_request") was successful, 372 body bytes, 230 header bytes  	[MsgId: MMSG-26386]
The result is 1	[MsgId: MMSG-17999]
Action.c(196): Error: The film print status is not correct and Update the status by databse failed: the accessionnumber is - A20180605182332000	[MsgId: MERR-17999]
End auto log messages stack.	[MsgId: MMSG-10544]


Start auto log messages stack - Iteration 2.	[MsgId: MMSG-10545]
Action.c(258): Warning -26377: No match found for the requested parameter "TaskID". Check whether the requested boundaries exist in the response data. Also, if the data you want to save exceeds 10240 bytes, use web_set_max_html_param_len to increase the parameter size  	[MsgId: MWAR-26377]
Action.c(258): web_custom_request("web_custom_request") highest severity level was "warning", 265 body bytes, 259 header bytes  	[MsgId: MMSG-26388]
Action.c(270): Notify: Transaction "Film Create_PrintTask" ended with "Pass" status (Duration: 0.2253 Wasted Time: 0.0000).	[MsgId: MMSG-16871]
Action.c(272): TaskID is : 	[MsgId: MMSG-17999]
Action.c(273): time is : 10	[MsgId: MMSG-17999]
Action.c(278): Notify: Transaction "Fim GetTaskID_fail" started.	[MsgId: MMSG-16999]
Action.c(279): The accession number is A20180605182315000,K2_5	[MsgId: MMSG-17999]
Action.c(280): Notify: Transaction "Fim GetTaskID_fail" ended with "Pass" status (Duration: 0.0001).	[MsgId: MMSG-16873]
Action.c(288): Notify: Transaction "Film Create_PrintTask Fail" started.	[MsgId: MMSG-16999]
Action.c(289): Error: Try to get the Print task ID failed: A20180605182315000 :  K2_5	[MsgId: MERR-17999]
End auto log messages stack.	[MsgId: MMSG-10544]


Start auto log messages stack - Iteration 3.	[MsgId: MMSG-10545]
Action.c(258): Warning -26377: No match found for the requested parameter "TaskID". Check whether the requested boundaries exist in the response data. Also, if the data you want to save exceeds 10240 bytes, use web_set_max_html_param_len to increase the parameter size  	[MsgId: MWAR-26377]
Action.c(258): web_custom_request("web_custom_request") highest severity level was "warning", 265 body bytes, 259 header bytes  	[MsgId: MMSG-26388]
Action.c(270): Notify: Transaction "Film Create_PrintTask" ended with "Pass" status (Duration: 0.6843 Wasted Time: 0.0000).	[MsgId: MMSG-16871]
Action.c(272): TaskID is : 	[MsgId: MMSG-17999]
Action.c(273): time is : 10	[MsgId: MMSG-17999]
Action.c(278): Notify: Transaction "Fim GetTaskID_fail" started.	[MsgId: MMSG-16999]
Action.c(279): The accession number is A20180605182331000,K2_1	[MsgId: MMSG-17999]
Action.c(280): Notify: Transaction "Fim GetTaskID_fail" ended with "Pass" status (Duration: 0.0001).	[MsgId: MMSG-16873]
Action.c(288): Notify: Transaction "Film Create_PrintTask Fail" started.	[MsgId: MMSG-16999]
Action.c(289): Error: Try to get the Print task ID failed: A20180605182331000 :  K2_1	[MsgId: MERR-17999]
End auto log messages stack.	[MsgId: MMSG-10544]


Start auto log messages stack - Iteration 3.	[MsgId: MMSG-10545]
Action.c(258): Warning -26377: No match found for the requested parameter "TaskID". Check whether the requested boundaries exist in the response data. Also, if the data you want to save exceeds 10240 bytes, use web_set_max_html_param_len to increase the parameter size  	[MsgId: MWAR-26377]
Action.c(258): web_custom_request("web_custom_request") highest severity level was "warning", 265 body bytes, 259 header bytes  	[MsgId: MMSG-26388]
Action.c(270): Notify: Transaction "Film Create_PrintTask" ended with "Pass" status (Duration: 0.1284 Wasted Time: 0.0000).	[MsgId: MMSG-16871]
Action.c(272): TaskID is : 	[MsgId: MMSG-17999]
Action.c(273): time is : 10	[MsgId: MMSG-17999]
Action.c(278): Notify: Transaction "Fim GetTaskID_fail" started.	[MsgId: MMSG-16999]
Action.c(279): The accession number is A20180605182332000,K2_2	[MsgId: MMSG-17999]
Action.c(280): Notify: Transaction "Fim GetTaskID_fail" ended with "Pass" status (Duration: 0.0001).	[MsgId: MMSG-16873]
Action.c(288): Notify: Transaction "Film Create_PrintTask Fail" started.	[MsgId: MMSG-16999]
Action.c(289): Error: Try to get the Print task ID failed: A20180605182332000 :  K2_2	[MsgId: MERR-17999]
End auto log messages stack.	[MsgId: MMSG-10544]


Start auto log messages stack - Iteration 3.	[MsgId: MMSG-10545]
Starting action Action.	[MsgId: MMSG-15919]
Action.c(21): web_set_max_html_param_len was successful  	[MsgId: MMSG-26392]
Action.c(31): Registering web_reg_save_param was successful  	[MsgId: MMSG-26390]
Action.c(33): Notify: Transaction "Create New Patient" started.	[MsgId: MMSG-16999]
Action.c(36): web_custom_request("web_custom_request") was successful, 373 body bytes, 242 header bytes  	[MsgId: MMSG-26386]
Action.c(93): Notify: Transaction "Create New Patient" ended with "Pass" status (Duration: 1.0262 Wasted Time: 0.0000).	[MsgId: MMSG-16871]
Action.c(104): lr_think_time: 60.00 seconds.	[MsgId: MMSG-15948]
Action.c(110): Registering web_reg_save_param was successful  	[MsgId: MMSG-26390]
Action.c(112): web_custom_request("web_custom_request") was successful, 372 body bytes, 230 header bytes  	[MsgId: MMSG-26386]
The result is 1	[MsgId: MMSG-17999]
Action.c(196): Error: The film print status is not correct and Update the status by databse failed: the accessionnumber is - A20180605182417000	[MsgId: MERR-17999]
End auto log messages stack.	[MsgId: MMSG-10544]


Start auto log messages stack - Iteration 2.	[MsgId: MMSG-10545]
Starting action Action.	[MsgId: MMSG-15919]
Action.c(21): web_set_max_html_param_len was successful  	[MsgId: MMSG-26392]
Action.c(31): Registering web_reg_save_param was successful  	[MsgId: MMSG-26390]
Action.c(33): Notify: Transaction "Create New Patient" started.	[MsgId: MMSG-16999]
Action.c(36): web_custom_request("web_custom_request") was successful, 373 body bytes, 242 header bytes  	[MsgId: MMSG-26386]
Action.c(93): Notify: Transaction "Create New Patient" ended with "Pass" status (Duration: 0.4409 Wasted Time: 0.0000).	[MsgId: MMSG-16871]
Action.c(104): lr_think_time: 60.00 seconds.	[MsgId: MMSG-15948]
Action.c(110): Registering web_reg_save_param was successful  	[MsgId: MMSG-26390]
Action.c(112): web_custom_request("web_custom_request") was successful, 372 body bytes, 230 header bytes  	[MsgId: MMSG-26386]
The result is 1	[MsgId: MMSG-17999]
Action.c(196): Error: The film print status is not correct and Update the status by databse failed: the accessionnumber is - A20180605182442000	[MsgId: MERR-17999]
End auto log messages stack.	[MsgId: MMSG-10544]


Start auto log messages stack - Iteration 2.	[MsgId: MMSG-10545]
Action.c(258): Warning -26377: No match found for the requested parameter "TaskID". Check whether the requested boundaries exist in the response data. Also, if the data you want to save exceeds 10240 bytes, use web_set_max_html_param_len to increase the parameter size  	[MsgId: MWAR-26377]
Action.c(258): web_custom_request("web_custom_request") highest severity level was "warning", 265 body bytes, 259 header bytes  	[MsgId: MMSG-26388]
Action.c(270): Notify: Transaction "Film Create_PrintTask" ended with "Pass" status (Duration: 0.2804 Wasted Time: 0.0000).	[MsgId: MMSG-16871]
Action.c(272): TaskID is : 	[MsgId: MMSG-17999]
Action.c(273): time is : 10	[MsgId: MMSG-17999]
Action.c(278): Notify: Transaction "Fim GetTaskID_fail" started.	[MsgId: MMSG-16999]
Action.c(279): The accession number is A20180605182442000,K2_6	[MsgId: MMSG-17999]
Action.c(280): Notify: Transaction "Fim GetTaskID_fail" ended with "Pass" status (Duration: 0.0001).	[MsgId: MMSG-16873]
Action.c(288): Notify: Transaction "Film Create_PrintTask Fail" started.	[MsgId: MMSG-16999]
Action.c(289): Error: Try to get the Print task ID failed: A20180605182442000 :  K2_6	[MsgId: MERR-17999]
End auto log messages stack.	[MsgId: MMSG-10544]


Start auto log messages stack - Iteration 3.	[MsgId: MMSG-10545]
Starting action Action.	[MsgId: MMSG-15919]
Action.c(21): web_set_max_html_param_len was successful  	[MsgId: MMSG-26392]
Action.c(31): Registering web_reg_save_param was successful  	[MsgId: MMSG-26390]
Action.c(33): Notify: Transaction "Create New Patient" started.	[MsgId: MMSG-16999]
Action.c(36): web_custom_request("web_custom_request") was successful, 373 body bytes, 242 header bytes  	[MsgId: MMSG-26386]
Action.c(93): Notify: Transaction "Create New Patient" ended with "Pass" status (Duration: 0.3429 Wasted Time: 0.0000).	[MsgId: MMSG-16871]
Action.c(104): lr_think_time: 60.00 seconds.	[MsgId: MMSG-15948]
Action.c(110): Registering web_reg_save_param was successful  	[MsgId: MMSG-26390]
Action.c(112): web_custom_request("web_custom_request") was successful, 372 body bytes, 230 header bytes  	[MsgId: MMSG-26386]
The result is 1	[MsgId: MMSG-17999]
Action.c(196): Error: The film print status is not correct and Update the status by databse failed: the accessionnumber is - A20180605182516000	[MsgId: MERR-17999]
End auto log messages stack.	[MsgId: MMSG-10544]


Start auto log messages stack - Iteration 4.	[MsgId: MMSG-10545]
Starting action Action.	[MsgId: MMSG-15919]
Action.c(21): web_set_max_html_param_len was successful  	[MsgId: MMSG-26392]
Action.c(31): Registering web_reg_save_param was successful  	[MsgId: MMSG-26390]
Action.c(33): Notify: Transaction "Create New Patient" started.	[MsgId: MMSG-16999]
Action.c(36): web_custom_request("web_custom_request") was successful, 373 body bytes, 242 header bytes  	[MsgId: MMSG-26386]
Action.c(93): Notify: Transaction "Create New Patient" ended with "Pass" status (Duration: 0.3936 Wasted Time: 0.0000).	[MsgId: MMSG-16871]
Action.c(104): lr_think_time: 60.00 seconds.	[MsgId: MMSG-15948]
Action.c(110): Registering web_reg_save_param was successful  	[MsgId: MMSG-26390]
Action.c(112): web_custom_request("web_custom_request") was successful, 372 body bytes, 230 header bytes  	[MsgId: MMSG-26386]
The result is 1	[MsgId: MMSG-17999]
Action.c(196): Error: The film print status is not correct and Update the status by databse failed: the accessionnumber is - A20180605182522000	[MsgId: MERR-17999]
End auto log messages stack.	[MsgId: MMSG-10544]


Start auto log messages stack - Iteration 4.	[MsgId: MMSG-10545]
Starting action Action.	[MsgId: MMSG-15919]
Action.c(21): web_set_max_html_param_len was successful  	[MsgId: MMSG-26392]
Action.c(31): Registering web_reg_save_param was successful  	[MsgId: MMSG-26390]
Action.c(33): Notify: Transaction "Create New Patient" started.	[MsgId: MMSG-16999]
Action.c(36): web_custom_request("web_custom_request") was successful, 373 body bytes, 242 header bytes  	[MsgId: MMSG-26386]
Action.c(93): Notify: Transaction "Create New Patient" ended with "Pass" status (Duration: 7.2174 Wasted Time: 0.0000).	[MsgId: MMSG-16871]
Action.c(104): lr_think_time: 60.00 seconds.	[MsgId: MMSG-15948]
Action.c(110): Registering web_reg_save_param was successful  	[MsgId: MMSG-26390]
Action.c(112): web_custom_request("web_custom_request") was successful, 372 body bytes, 230 header bytes  	[MsgId: MMSG-26386]
The result is 1	[MsgId: MMSG-17999]
Action.c(196): Error: The film print status is not correct and Update the status by databse failed: the accessionnumber is - A20180605182525000	[MsgId: MERR-17999]
End auto log messages stack.	[MsgId: MMSG-10544]


Start auto log messages stack - Iteration 4.	[MsgId: MMSG-10545]
Starting action Action.	[MsgId: MMSG-15919]
Action.c(21): web_set_max_html_param_len was successful  	[MsgId: MMSG-26392]
Action.c(31): Registering web_reg_save_param was successful  	[MsgId: MMSG-26390]
Action.c(33): Notify: Transaction "Create New Patient" started.	[MsgId: MMSG-16999]
Action.c(36): web_custom_request("web_custom_request") was successful, 373 body bytes, 242 header bytes  	[MsgId: MMSG-26386]
Action.c(93): Notify: Transaction "Create New Patient" ended with "Pass" status (Duration: 0.2715 Wasted Time: 0.0000).	[MsgId: MMSG-16871]
Action.c(104): lr_think_time: 60.00 seconds.	[MsgId: MMSG-15948]
Action.c(110): Registering web_reg_save_param was successful  	[MsgId: MMSG-26390]
Action.c(112): web_custom_request("web_custom_request") was successful, 372 body bytes, 230 header bytes  	[MsgId: MMSG-26386]
The result is 1	[MsgId: MMSG-17999]
Action.c(196): Error: The film print status is not correct and Update the status by databse failed: the accessionnumber is - A20180605182544000	[MsgId: MERR-17999]
End auto log messages stack.	[MsgId: MMSG-10544]


Start auto log messages stack - Iteration 2.	[MsgId: MMSG-10545]
Starting action Action.	[MsgId: MMSG-15919]
Action.c(21): web_set_max_html_param_len was successful  	[MsgId: MMSG-26392]
Action.c(31): Registering web_reg_save_param was successful  	[MsgId: MMSG-26390]
Action.c(33): Notify: Transaction "Create New Patient" started.	[MsgId: MMSG-16999]
Action.c(36): web_custom_request("web_custom_request") was successful, 373 body bytes, 242 header bytes  	[MsgId: MMSG-26386]
Action.c(93): Notify: Transaction "Create New Patient" ended with "Pass" status (Duration: 0.2914 Wasted Time: 0.0000).	[MsgId: MMSG-16871]
Action.c(104): lr_think_time: 60.00 seconds.	[MsgId: MMSG-15948]
Action.c(110): Registering web_reg_save_param was successful  	[MsgId: MMSG-26390]
Action.c(112): web_custom_request("web_custom_request") was successful, 372 body bytes, 230 header bytes  	[MsgId: MMSG-26386]
The result is 1	[MsgId: MMSG-17999]
Action.c(196): Error: The film print status is not correct and Update the status by databse failed: the accessionnumber is - A20180605182547000	[MsgId: MERR-17999]
End auto log messages stack.	[MsgId: MMSG-10544]


Start auto log messages stack - Iteration 4.	[MsgId: MMSG-10545]
Starting action Action.	[MsgId: MMSG-15919]
Action.c(21): web_set_max_html_param_len was successful  	[MsgId: MMSG-26392]
Action.c(31): Registering web_reg_save_param was successful  	[MsgId: MMSG-26390]
Action.c(33): Notify: Transaction "Create New Patient" started.	[MsgId: MMSG-16999]
Action.c(36): web_custom_request("web_custom_request") was successful, 373 body bytes, 242 header bytes  	[MsgId: MMSG-26386]
Action.c(93): Notify: Transaction "Create New Patient" ended with "Pass" status (Duration: 0.2458 Wasted Time: 0.0000).	[MsgId: MMSG-16871]
Action.c(104): lr_think_time: 60.00 seconds.	[MsgId: MMSG-15948]
Action.c(110): Registering web_reg_save_param was successful  	[MsgId: MMSG-26390]
Action.c(112): web_custom_request("web_custom_request") was successful, 372 body bytes, 230 header bytes  	[MsgId: MMSG-26386]
The result is 1	[MsgId: MMSG-17999]
Action.c(196): Error: The film print status is not correct and Update the status by databse failed: the accessionnumber is - A20180605182604000	[MsgId: MERR-17999]
End auto log messages stack.	[MsgId: MMSG-10544]


Start auto log messages stack - Iteration 2.	[MsgId: MMSG-10545]
Action.c(258): Warning -26377: No match found for the requested parameter "TaskID". Check whether the requested boundaries exist in the response data. Also, if the data you want to save exceeds 10240 bytes, use web_set_max_html_param_len to increase the parameter size  	[MsgId: MWAR-26377]
Action.c(258): web_custom_request("web_custom_request") highest severity level was "warning", 265 body bytes, 259 header bytes  	[MsgId: MMSG-26388]
Action.c(270): Notify: Transaction "Film Create_PrintTask" ended with "Pass" status (Duration: 0.7348 Wasted Time: 0.0000).	[MsgId: MMSG-16871]
Action.c(272): TaskID is : 	[MsgId: MMSG-17999]
Action.c(273): time is : 10	[MsgId: MMSG-17999]
Action.c(278): Notify: Transaction "Fim GetTaskID_fail" started.	[MsgId: MMSG-16999]
Action.c(279): The accession number is A20180605182547000,K2_7	[MsgId: MMSG-17999]
Action.c(280): Notify: Transaction "Fim GetTaskID_fail" ended with "Pass" status (Duration: 0.0001).	[MsgId: MMSG-16873]
Action.c(288): Notify: Transaction "Film Create_PrintTask Fail" started.	[MsgId: MMSG-16999]
Action.c(289): Error: Try to get the Print task ID failed: A20180605182547000 :  K2_7	[MsgId: MERR-17999]
End auto log messages stack.	[MsgId: MMSG-10544]


Start auto log messages stack - Iteration 4.	[MsgId: MMSG-10545]
Action.c(258): Warning -26377: No match found for the requested parameter "TaskID". Check whether the requested boundaries exist in the response data. Also, if the data you want to save exceeds 10240 bytes, use web_set_max_html_param_len to increase the parameter size  	[MsgId: MWAR-26377]
Action.c(258): web_custom_request("web_custom_request") highest severity level was "warning", 265 body bytes, 259 header bytes  	[MsgId: MMSG-26388]
Action.c(270): Notify: Transaction "Film Create_PrintTask" ended with "Pass" status (Duration: 0.3692 Wasted Time: 0.0000).	[MsgId: MMSG-16871]
Action.c(272): TaskID is : 	[MsgId: MMSG-17999]
Action.c(273): time is : 10	[MsgId: MMSG-17999]
Action.c(278): Notify: Transaction "Fim GetTaskID_fail" started.	[MsgId: MMSG-16999]
Action.c(279): The accession number is A20180605182522000,K2_3	[MsgId: MMSG-17999]
Action.c(280): Notify: Transaction "Fim GetTaskID_fail" ended with "Pass" status (Duration: 0.0001).	[MsgId: MMSG-16873]
Action.c(288): Notify: Transaction "Film Create_PrintTask Fail" started.	[MsgId: MMSG-16999]
Action.c(289): Error: Try to get the Print task ID failed: A20180605182522000 :  K2_3	[MsgId: MERR-17999]
End auto log messages stack.	[MsgId: MMSG-10544]


Start auto log messages stack - Iteration 3.	[MsgId: MMSG-10545]
Starting action Action.	[MsgId: MMSG-15919]
Action.c(21): web_set_max_html_param_len was successful  	[MsgId: MMSG-26392]
Action.c(31): Registering web_reg_save_param was successful  	[MsgId: MMSG-26390]
Action.c(33): Notify: Transaction "Create New Patient" started.	[MsgId: MMSG-16999]
Action.c(36): web_custom_request("web_custom_request") was successful, 373 body bytes, 242 header bytes  	[MsgId: MMSG-26386]
Action.c(93): Notify: Transaction "Create New Patient" ended with "Pass" status (Duration: 0.6077 Wasted Time: 0.0000).	[MsgId: MMSG-16871]
Action.c(104): lr_think_time: 60.00 seconds.	[MsgId: MMSG-15948]
Action.c(110): Registering web_reg_save_param was successful  	[MsgId: MMSG-26390]
Action.c(112): web_custom_request("web_custom_request") was successful, 372 body bytes, 230 header bytes  	[MsgId: MMSG-26386]
The result is 1	[MsgId: MMSG-17999]
Action.c(196): Error: The film print status is not correct and Update the status by databse failed: the accessionnumber is - A20180605182631000	[MsgId: MERR-17999]
End auto log messages stack.	[MsgId: MMSG-10544]


Start auto log messages stack - Iteration 3.	[MsgId: MMSG-10545]
Action.c(203): Notify: Transaction "Film TerminalStatus" started.	[MsgId: MMSG-16999]
Action.c(205): Warning -26593: The header being added may cause unpredictable results when applied to all ensuing URLs. It is added anyway  	[MsgId: MWAR-26593]
Action.c(205): web_add_auto_header("content-type") highest severity level was "warning"  	[MsgId: MMSG-26391]
Action.c(206): web_custom_request("web_custom_request") was successful, 546 body bytes, 259 header bytes  	[MsgId: MMSG-26386]
Action.c(216): Notify: Transaction "Film TerminalStatus" ended with "Pass" status (Duration: 6.3465).	[MsgId: MMSG-16873]
Action.c(219): lr_think_time: 1.00 seconds.	[MsgId: MMSG-15948]
Action.c(222): Notify: Transaction "Film TerminalStatus" started.	[MsgId: MMSG-16999]
Action.c(224): Registering web_reg_find was successful  	[MsgId: MMSG-26390]
Action.c(226): Continuing after Error -26366: "Text=K2_6" not found for web_reg_find  	[MsgId: MERR-26366]
End auto log messages stack.	[MsgId: MMSG-10544]


Start auto log messages stack - Iteration 2.	[MsgId: MMSG-10545]
Starting action Action.	[MsgId: MMSG-15919]
Action.c(21): web_set_max_html_param_len was successful  	[MsgId: MMSG-26392]
Action.c(31): Registering web_reg_save_param was successful  	[MsgId: MMSG-26390]
Action.c(33): Notify: Transaction "Create New Patient" started.	[MsgId: MMSG-16999]
Action.c(36): web_custom_request("web_custom_request") was successful, 373 body bytes, 242 header bytes  	[MsgId: MMSG-26386]
Action.c(93): Notify: Transaction "Create New Patient" ended with "Pass" status (Duration: 0.2359 Wasted Time: 0.0000).	[MsgId: MMSG-16871]
Action.c(104): lr_think_time: 60.00 seconds.	[MsgId: MMSG-15948]
Action.c(110): Registering web_reg_save_param was successful  	[MsgId: MMSG-26390]
Action.c(112): web_custom_request("web_custom_request") was successful, 372 body bytes, 230 header bytes  	[MsgId: MMSG-26386]
The result is 1	[MsgId: MMSG-17999]
Action.c(196): Error: The film print status is not correct and Update the status by databse failed: the accessionnumber is - A20180605182641000	[MsgId: MERR-17999]
End auto log messages stack.	[MsgId: MMSG-10544]


Start auto log messages stack - Iteration 4.	[MsgId: MMSG-10545]
Starting action Action.	[MsgId: MMSG-15919]
Action.c(21): web_set_max_html_param_len was successful  	[MsgId: MMSG-26392]
Action.c(31): Registering web_reg_save_param was successful  	[MsgId: MMSG-26390]
Action.c(33): Notify: Transaction "Create New Patient" started.	[MsgId: MMSG-16999]
Action.c(36): web_custom_request("web_custom_request") was successful, 373 body bytes, 242 header bytes  	[MsgId: MMSG-26386]
Action.c(93): Notify: Transaction "Create New Patient" ended with "Pass" status (Duration: 0.5437 Wasted Time: 0.0000).	[MsgId: MMSG-16871]
Action.c(104): lr_think_time: 60.00 seconds.	[MsgId: MMSG-15948]
Action.c(110): Registering web_reg_save_param was successful  	[MsgId: MMSG-26390]
Action.c(112): web_custom_request("web_custom_request") was successful, 372 body bytes, 230 header bytes  	[MsgId: MMSG-26386]
The result is 1	[MsgId: MMSG-17999]
Action.c(196): Error: The film print status is not correct and Update the status by databse failed: the accessionnumber is - A20180605182703000	[MsgId: MERR-17999]
End auto log messages stack.	[MsgId: MMSG-10544]


Start auto log messages stack - Iteration 5.	[MsgId: MMSG-10545]
Starting action Action.	[MsgId: MMSG-15919]
Action.c(21): web_set_max_html_param_len was successful  	[MsgId: MMSG-26392]
Action.c(31): Registering web_reg_save_param was successful  	[MsgId: MMSG-26390]
Action.c(33): Notify: Transaction "Create New Patient" started.	[MsgId: MMSG-16999]
Action.c(36): web_custom_request("web_custom_request") was successful, 373 body bytes, 242 header bytes  	[MsgId: MMSG-26386]
Action.c(93): Notify: Transaction "Create New Patient" ended with "Pass" status (Duration: 0.6860 Wasted Time: 0.0000).	[MsgId: MMSG-16871]
Action.c(104): lr_think_time: 60.00 seconds.	[MsgId: MMSG-15948]
Action.c(110): Registering web_reg_save_param was successful  	[MsgId: MMSG-26390]
Action.c(112): web_custom_request("web_custom_request") was successful, 372 body bytes, 230 header bytes  	[MsgId: MMSG-26386]
The result is 1	[MsgId: MMSG-17999]
Action.c(196): Error: The film print status is not correct and Update the status by databse failed: the accessionnumber is - A20180605182714000	[MsgId: MERR-17999]
End auto log messages stack.	[MsgId: MMSG-10544]


Start auto log messages stack - Iteration 4.	[MsgId: MMSG-10545]
Action.c(258): Warning -26377: No match found for the requested parameter "TaskID". Check whether the requested boundaries exist in the response data. Also, if the data you want to save exceeds 10240 bytes, use web_set_max_html_param_len to increase the parameter size  	[MsgId: MWAR-26377]
Action.c(258): web_custom_request("web_custom_request") highest severity level was "warning", 265 body bytes, 259 header bytes  	[MsgId: MMSG-26388]
Action.c(270): Notify: Transaction "Film Create_PrintTask" ended with "Pass" status (Duration: 0.0632 Wasted Time: 0.0000).	[MsgId: MMSG-16871]
Action.c(272): TaskID is : 	[MsgId: MMSG-17999]
Action.c(273): time is : 10	[MsgId: MMSG-17999]
Action.c(278): Notify: Transaction "Fim GetTaskID_fail" started.	[MsgId: MMSG-16999]
Action.c(279): The accession number is A20180605182604000,K2_4	[MsgId: MMSG-17999]
Action.c(280): Notify: Transaction "Fim GetTaskID_fail" ended with "Pass" status (Duration: 0.0001).	[MsgId: MMSG-16873]
Action.c(288): Notify: Transaction "Film Create_PrintTask Fail" started.	[MsgId: MMSG-16999]
Action.c(289): Error: Try to get the Print task ID failed: A20180605182604000 :  K2_4	[MsgId: MERR-17999]
End auto log messages stack.	[MsgId: MMSG-10544]


Start auto log messages stack - Iteration 2.	[MsgId: MMSG-10545]
Action.c(258): Warning -26377: No match found for the requested parameter "TaskID". Check whether the requested boundaries exist in the response data. Also, if the data you want to save exceeds 10240 bytes, use web_set_max_html_param_len to increase the parameter size  	[MsgId: MWAR-26377]
Action.c(258): web_custom_request("web_custom_request") highest severity level was "warning", 265 body bytes, 259 header bytes  	[MsgId: MMSG-26388]
Action.c(270): Notify: Transaction "Film Create_PrintTask" ended with "Pass" status (Duration: 0.2690 Wasted Time: 0.0000).	[MsgId: MMSG-16871]
Action.c(272): TaskID is : 	[MsgId: MMSG-17999]
Action.c(273): time is : 10	[MsgId: MMSG-17999]
Action.c(278): Notify: Transaction "Fim GetTaskID_fail" started.	[MsgId: MMSG-16999]
Action.c(279): The accession number is A20180605182641000,K2_8	[MsgId: MMSG-17999]
Action.c(280): Notify: Transaction "Fim GetTaskID_fail" ended with "Pass" status (Duration: 0.0002).	[MsgId: MMSG-16873]
Action.c(288): Notify: Transaction "Film Create_PrintTask Fail" started.	[MsgId: MMSG-16999]
Action.c(289): Error: Try to get the Print task ID failed: A20180605182641000 :  K2_8	[MsgId: MERR-17999]
End auto log messages stack.	[MsgId: MMSG-10544]


