Start auto log messages stack - Iteration 1.	[MsgId: MMSG-10545]
Starting action Action.	[MsgId: MMSG-15919]
Action.c(21): web_set_max_html_param_len was successful  	[MsgId: MMSG-26392]
Action.c(31): Registering web_reg_save_param was successful  	[MsgId: MMSG-26390]
Action.c(33): Notify: Transaction "Create New Patient" started.	[MsgId: MMSG-16999]
Action.c(36): web_custom_request("web_custom_request") was successful, 373 body bytes, 242 header bytes  	[MsgId: MMSG-26386]
Action.c(93): Notify: Transaction "Create New Patient" ended with "Pass" status (Duration: 0.2998 Wasted Time: 0.0000).	[MsgId: MMSG-16871]
Action.c(104): lr_think_time: 60.00 seconds.	[MsgId: MMSG-15948]
Action.c(110): Registering web_reg_save_param was successful  	[MsgId: MMSG-26390]
Action.c(112): Continuing after Error -26612: HTTP Status-Code=500 (Internal Server Error) for "http://10.184.129.108/PerformanceTest/CreateFilmTestData.asmx"  	[MsgId: MERR-26612]
Action.c(112): Continuing after Error -26377: No match found for the requested parameter "CreateFilmDataResult". Check whether the requested boundaries exist in the response data. Also, if the data you want to save exceeds 10240 bytes, use web_set_max_html_param_len to increase the parameter size  	[MsgId: MERR-26377]
End auto log messages stack.	[MsgId: MMSG-10544]


Start auto log messages stack - Iteration 1.	[MsgId: MMSG-10545]
Starting action Action.	[MsgId: MMSG-15919]
Action.c(21): web_set_max_html_param_len was successful  	[MsgId: MMSG-26392]
Action.c(31): Registering web_reg_save_param was successful  	[MsgId: MMSG-26390]
Action.c(33): Notify: Transaction "Create New Patient" started.	[MsgId: MMSG-16999]
Action.c(36): web_custom_request("web_custom_request") was successful, 373 body bytes, 242 header bytes  	[MsgId: MMSG-26386]
Action.c(93): Notify: Transaction "Create New Patient" ended with "Pass" status (Duration: 0.5811 Wasted Time: 0.0000).	[MsgId: MMSG-16871]
Action.c(104): lr_think_time: 60.00 seconds.	[MsgId: MMSG-15948]
Action.c(110): Registering web_reg_save_param was successful  	[MsgId: MMSG-26390]
Action.c(112): Continuing after Error -26612: HTTP Status-Code=500 (Internal Server Error) for "http://10.184.129.108/PerformanceTest/CreateFilmTestData.asmx"  	[MsgId: MERR-26612]
Action.c(112): Continuing after Error -26377: No match found for the requested parameter "CreateFilmDataResult". Check whether the requested boundaries exist in the response data. Also, if the data you want to save exceeds 10240 bytes, use web_set_max_html_param_len to increase the parameter size  	[MsgId: MERR-26377]
End auto log messages stack.	[MsgId: MMSG-10544]


Start auto log messages stack - Iteration 2.	[MsgId: MMSG-10545]
Starting action Action.	[MsgId: MMSG-15919]
Action.c(21): web_set_max_html_param_len was successful  	[MsgId: MMSG-26392]
Action.c(31): Registering web_reg_save_param was successful  	[MsgId: MMSG-26390]
Action.c(33): Notify: Transaction "Create New Patient" started.	[MsgId: MMSG-16999]
Action.c(36): web_custom_request("web_custom_request") was successful, 373 body bytes, 242 header bytes  	[MsgId: MMSG-26386]
Action.c(93): Notify: Transaction "Create New Patient" ended with "Pass" status (Duration: 0.6855 Wasted Time: 0.0000).	[MsgId: MMSG-16871]
Action.c(104): lr_think_time: 60.00 seconds.	[MsgId: MMSG-15948]
Action.c(110): Registering web_reg_save_param was successful  	[MsgId: MMSG-26390]
Action.c(112): Continuing after Error -26612: HTTP Status-Code=500 (Internal Server Error) for "http://10.184.129.108/PerformanceTest/CreateFilmTestData.asmx"  	[MsgId: MERR-26612]
Action.c(112): Continuing after Error -26377: No match found for the requested parameter "CreateFilmDataResult". Check whether the requested boundaries exist in the response data. Also, if the data you want to save exceeds 10240 bytes, use web_set_max_html_param_len to increase the parameter size  	[MsgId: MERR-26377]
End auto log messages stack.	[MsgId: MMSG-10544]


Start auto log messages stack - Iteration 1.	[MsgId: MMSG-10545]
Starting action Action.	[MsgId: MMSG-15919]
Action.c(21): web_set_max_html_param_len was successful  	[MsgId: MMSG-26392]
Action.c(31): Registering web_reg_save_param was successful  	[MsgId: MMSG-26390]
Action.c(33): Notify: Transaction "Create New Patient" started.	[MsgId: MMSG-16999]
Action.c(36): web_custom_request("web_custom_request") was successful, 373 body bytes, 242 header bytes  	[MsgId: MMSG-26386]
Action.c(93): Notify: Transaction "Create New Patient" ended with "Pass" status (Duration: 0.8075 Wasted Time: 0.0000).	[MsgId: MMSG-16871]
Action.c(104): lr_think_time: 60.00 seconds.	[MsgId: MMSG-15948]
Action.c(110): Registering web_reg_save_param was successful  	[MsgId: MMSG-26390]
Action.c(112): Continuing after Error -26612: HTTP Status-Code=500 (Internal Server Error) for "http://10.184.129.108/PerformanceTest/CreateFilmTestData.asmx"  	[MsgId: MERR-26612]
Action.c(112): Continuing after Error -26377: No match found for the requested parameter "CreateFilmDataResult". Check whether the requested boundaries exist in the response data. Also, if the data you want to save exceeds 10240 bytes, use web_set_max_html_param_len to increase the parameter size  	[MsgId: MERR-26377]
End auto log messages stack.	[MsgId: MMSG-10544]


Start auto log messages stack - Iteration 2.	[MsgId: MMSG-10545]
Starting action Action.	[MsgId: MMSG-15919]
Action.c(21): web_set_max_html_param_len was successful  	[MsgId: MMSG-26392]
Action.c(31): Registering web_reg_save_param was successful  	[MsgId: MMSG-26390]
Action.c(33): Notify: Transaction "Create New Patient" started.	[MsgId: MMSG-16999]
Action.c(36): web_custom_request("web_custom_request") was successful, 373 body bytes, 242 header bytes  	[MsgId: MMSG-26386]
Action.c(93): Notify: Transaction "Create New Patient" ended with "Pass" status (Duration: 2.0873 Wasted Time: 0.0000).	[MsgId: MMSG-16871]
Action.c(104): lr_think_time: 60.00 seconds.	[MsgId: MMSG-15948]
Action.c(110): Registering web_reg_save_param was successful  	[MsgId: MMSG-26390]
Action.c(112): Continuing after Error -26612: HTTP Status-Code=500 (Internal Server Error) for "http://10.184.129.108/PerformanceTest/CreateFilmTestData.asmx"  	[MsgId: MERR-26612]
Action.c(112): Continuing after Error -26377: No match found for the requested parameter "CreateFilmDataResult". Check whether the requested boundaries exist in the response data. Also, if the data you want to save exceeds 10240 bytes, use web_set_max_html_param_len to increase the parameter size  	[MsgId: MERR-26377]
End auto log messages stack.	[MsgId: MMSG-10544]


Start auto log messages stack - Iteration 1.	[MsgId: MMSG-10545]
Starting action Action.	[MsgId: MMSG-15919]
Action.c(21): web_set_max_html_param_len was successful  	[MsgId: MMSG-26392]
Action.c(31): Registering web_reg_save_param was successful  	[MsgId: MMSG-26390]
Action.c(33): Notify: Transaction "Create New Patient" started.	[MsgId: MMSG-16999]
Action.c(36): web_custom_request("web_custom_request") was successful, 373 body bytes, 242 header bytes  	[MsgId: MMSG-26386]
Action.c(93): Notify: Transaction "Create New Patient" ended with "Pass" status (Duration: 2.6699 Wasted Time: 0.0000).	[MsgId: MMSG-16871]
Action.c(104): lr_think_time: 60.00 seconds.	[MsgId: MMSG-15948]
Action.c(110): Registering web_reg_save_param was successful  	[MsgId: MMSG-26390]
Action.c(112): Continuing after Error -26612: HTTP Status-Code=500 (Internal Server Error) for "http://10.184.129.108/PerformanceTest/CreateFilmTestData.asmx"  	[MsgId: MERR-26612]
Action.c(112): Continuing after Error -26377: No match found for the requested parameter "CreateFilmDataResult". Check whether the requested boundaries exist in the response data. Also, if the data you want to save exceeds 10240 bytes, use web_set_max_html_param_len to increase the parameter size  	[MsgId: MERR-26377]
End auto log messages stack.	[MsgId: MMSG-10544]


Start auto log messages stack - Iteration 2.	[MsgId: MMSG-10545]
Start auto log messages stack - Iteration 2.	[MsgId: MMSG-10545]
Start auto log messages stack - Iteration 2.	[MsgId: MMSG-10545]
Starting action Action.	[MsgId: MMSG-15919]
Action.c(21): web_set_max_html_param_len was successful  	[MsgId: MMSG-26392]
Action.c(31): Registering web_reg_save_param was successful  	[MsgId: MMSG-26390]
Starting action Action.	[MsgId: MMSG-15919]
Action.c(21): web_set_max_html_param_len was successful  	[MsgId: MMSG-26392]
Action.c(33): Notify: Transaction "Create New Patient" started.	[MsgId: MMSG-16999]
Action.c(31): Registering web_reg_save_param was successful  	[MsgId: MMSG-26390]
Action.c(36): web_custom_request("web_custom_request") was successful, 373 body bytes, 242 header bytes  	[MsgId: MMSG-26386]
Action.c(33): Notify: Transaction "Create New Patient" started.	[MsgId: MMSG-16999]
Action.c(36): web_custom_request("web_custom_request") was successful, 373 body bytes, 242 header bytes  	[MsgId: MMSG-26386]
Action.c(93): Notify: Transaction "Create New Patient" ended with "Pass" status (Duration: 1.2982 Wasted Time: 0.0000).	[MsgId: MMSG-16871]
Action.c(104): lr_think_time: 60.00 seconds.	[MsgId: MMSG-15948]
Action.c(93): Notify: Transaction "Create New Patient" ended with "Pass" status (Duration: 0.9095 Wasted Time: 0.0000).	[MsgId: MMSG-16871]
Action.c(110): Registering web_reg_save_param was successful  	[MsgId: MMSG-26390]
Action.c(112): Continuing after Error -26612: HTTP Status-Code=500 (Internal Server Error) for "http://10.184.129.108/PerformanceTest/CreateFilmTestData.asmx"  	[MsgId: MERR-26612]
Action.c(104): lr_think_time: 60.00 seconds.	[MsgId: MMSG-15948]
Action.c(110): Registering web_reg_save_param was successful  	[MsgId: MMSG-26390]
Starting action Action.	[MsgId: MMSG-15919]
Action.c(112): Continuing after Error -26612: HTTP Status-Code=500 (Internal Server Error) for "http://10.184.129.108/PerformanceTest/CreateFilmTestData.asmx"  	[MsgId: MERR-26612]
Action.c(21): web_set_max_html_param_len was successful  	[MsgId: MMSG-26392]
Action.c(31): Registering web_reg_save_param was successful  	[MsgId: MMSG-26390]
Action.c(112): Continuing after Error -26377: No match found for the requested parameter "CreateFilmDataResult". Check whether the requested boundaries exist in the response data. Also, if the data you want to save exceeds 10240 bytes, use web_set_max_html_param_len to increase the parameter size  	[MsgId: MERR-26377]
Action.c(33): Notify: Transaction "Create New Patient" started.	[MsgId: MMSG-16999]
Action.c(112): Continuing after Error -26377: No match found for the requested parameter "CreateFilmDataResult". Check whether the requested boundaries exist in the response data. Also, if the data you want to save exceeds 10240 bytes, use web_set_max_html_param_len to increase the parameter size  	[MsgId: MERR-26377]
Action.c(36): web_custom_request("web_custom_request") was successful, 373 body bytes, 242 header bytes  	[MsgId: MMSG-26386]
End auto log messages stack.	[MsgId: MMSG-10544]
End auto log messages stack.	[MsgId: MMSG-10544]




Action.c(93): Notify: Transaction "Create New Patient" ended with "Pass" status (Duration: 0.8446 Wasted Time: 0.0000).	[MsgId: MMSG-16871]
Action.c(104): lr_think_time: 60.00 seconds.	[MsgId: MMSG-15948]
Action.c(110): Registering web_reg_save_param was successful  	[MsgId: MMSG-26390]
Action.c(112): Continuing after Error -26612: HTTP Status-Code=500 (Internal Server Error) for "http://10.184.129.108/PerformanceTest/CreateFilmTestData.asmx"  	[MsgId: MERR-26612]
Action.c(112): Continuing after Error -26377: No match found for the requested parameter "CreateFilmDataResult". Check whether the requested boundaries exist in the response data. Also, if the data you want to save exceeds 10240 bytes, use web_set_max_html_param_len to increase the parameter size  	[MsgId: MERR-26377]
End auto log messages stack.	[MsgId: MMSG-10544]


Start auto log messages stack - Iteration 3.	[MsgId: MMSG-10545]
Starting action Action.	[MsgId: MMSG-15919]
Action.c(21): web_set_max_html_param_len was successful  	[MsgId: MMSG-26392]
Action.c(31): Registering web_reg_save_param was successful  	[MsgId: MMSG-26390]
Action.c(33): Notify: Transaction "Create New Patient" started.	[MsgId: MMSG-16999]
Action.c(36): web_custom_request("web_custom_request") was successful, 373 body bytes, 242 header bytes  	[MsgId: MMSG-26386]
Action.c(93): Notify: Transaction "Create New Patient" ended with "Pass" status (Duration: 0.3444 Wasted Time: 0.0000).	[MsgId: MMSG-16871]
Action.c(104): lr_think_time: 60.00 seconds.	[MsgId: MMSG-15948]
Action.c(110): Registering web_reg_save_param was successful  	[MsgId: MMSG-26390]
Action.c(112): Continuing after Error -26612: HTTP Status-Code=500 (Internal Server Error) for "http://10.184.129.108/PerformanceTest/CreateFilmTestData.asmx"  	[MsgId: MERR-26612]
Action.c(112): Continuing after Error -26377: No match found for the requested parameter "CreateFilmDataResult". Check whether the requested boundaries exist in the response data. Also, if the data you want to save exceeds 10240 bytes, use web_set_max_html_param_len to increase the parameter size  	[MsgId: MERR-26377]
End auto log messages stack.	[MsgId: MMSG-10544]


Start auto log messages stack - Iteration 3.	[MsgId: MMSG-10545]
Starting action Action.	[MsgId: MMSG-15919]
Action.c(21): web_set_max_html_param_len was successful  	[MsgId: MMSG-26392]
Action.c(31): Registering web_reg_save_param was successful  	[MsgId: MMSG-26390]
Action.c(33): Notify: Transaction "Create New Patient" started.	[MsgId: MMSG-16999]
Action.c(36): web_custom_request("web_custom_request") was successful, 373 body bytes, 242 header bytes  	[MsgId: MMSG-26386]
Action.c(93): Notify: Transaction "Create New Patient" ended with "Pass" status (Duration: 1.3428 Wasted Time: 0.0001).	[MsgId: MMSG-16871]
Action.c(104): lr_think_time: 60.00 seconds.	[MsgId: MMSG-15948]
Action.c(110): Registering web_reg_save_param was successful  	[MsgId: MMSG-26390]
Action.c(112): Continuing after Error -26612: HTTP Status-Code=500 (Internal Server Error) for "http://10.184.129.108/PerformanceTest/CreateFilmTestData.asmx"  	[MsgId: MERR-26612]
Action.c(112): Continuing after Error -26377: No match found for the requested parameter "CreateFilmDataResult". Check whether the requested boundaries exist in the response data. Also, if the data you want to save exceeds 10240 bytes, use web_set_max_html_param_len to increase the parameter size  	[MsgId: MERR-26377]
End auto log messages stack.	[MsgId: MMSG-10544]


