Start auto log messages stack - Iteration 15.	[MsgId: MMSG-10545]
Action.c(250): lr_think_time: 5.00 seconds.	[MsgId: MMSG-15948]
Action.c(253): Registering web_reg_save_param was successful  	[MsgId: MMSG-26390]
Action.c(259): Notify: Transaction "Film Create_PrintTask" started.	[MsgId: MMSG-16999]
Action.c(261): Warning -26593: The header being added may cause unpredictable results when applied to all ensuing URLs. It is added anyway  	[MsgId: MWAR-26593]
Action.c(261): web_add_auto_header("content-type") highest severity level was "warning"  	[MsgId: MMSG-26391]
Action.c(263): web_custom_request("web_custom_request") was successful, 672 body bytes, 259 header bytes  	[MsgId: MMSG-26386]
Action.c(275): Notify: Transaction "Film Create_PrintTask" ended with "Pass" status (Duration: 8.4755 Wasted Time: 0.0000).	[MsgId: MMSG-16871]
Action.c(277): TaskID is : 4369264	[MsgId: MMSG-17999]
Action.c(278): time is : 10	[MsgId: MMSG-17999]
Action.c(293): Notify: Transaction "Film Create_PrintTask Fail" started.	[MsgId: MMSG-16999]
Action.c(294): Error: Try to get the Print task ID failed: A20180606173654000 :  K2_6	[MsgId: MERR-17999]
End auto log messages stack.	[MsgId: MMSG-10544]


Start auto log messages stack - Iteration 16.	[MsgId: MMSG-10545]
Action.c(263): Warning -26377: No match found for the requested parameter "TaskID". Check whether the requested boundaries exist in the response data. Also, if the data you want to save exceeds 10240 bytes, use web_set_max_html_param_len to increase the parameter size  	[MsgId: MWAR-26377]
Action.c(263): web_custom_request("web_custom_request") highest severity level was "warning", 265 body bytes, 259 header bytes  	[MsgId: MMSG-26388]
Action.c(275): Notify: Transaction "Film Create_PrintTask" ended with "Pass" status (Duration: 8.5160 Wasted Time: 0.0000).	[MsgId: MMSG-16871]
Action.c(277): TaskID is : 	[MsgId: MMSG-17999]
Action.c(278): time is : 10	[MsgId: MMSG-17999]
Action.c(283): Notify: Transaction "Fim GetTaskID_fail" started.	[MsgId: MMSG-16999]
Action.c(284): The accession number is A20180606174101000,K2_7	[MsgId: MMSG-17999]
Action.c(285): Notify: Transaction "Fim GetTaskID_fail" ended with "Pass" status (Duration: 0.0001).	[MsgId: MMSG-16873]
Action.c(293): Notify: Transaction "Film Create_PrintTask Fail" started.	[MsgId: MMSG-16999]
Action.c(294): Error: Try to get the Print task ID failed: A20180606174101000 :  K2_7	[MsgId: MERR-17999]
End auto log messages stack.	[MsgId: MMSG-10544]


Start auto log messages stack - Iteration 16.	[MsgId: MMSG-10545]
Action.c(337): Notify: Transaction "Film_PrintStatus_CheckService" started.	[MsgId: MMSG-16999]
Action.c(339): Warning -26593: The header being added may cause unpredictable results when applied to all ensuing URLs. It is added anyway  	[MsgId: MWAR-26593]
Action.c(339): web_add_auto_header("content-type") highest severity level was "warning"  	[MsgId: MMSG-26391]
Action.c(340): web_custom_request("web_custom_request") was successful, 674 body bytes, 259 header bytes  	[MsgId: MMSG-26386]
Action.c(350): Notify: Transaction "Film_PrintStatus_CheckService" ended with "Pass" status (Duration: 0.0457 Wasted Time: 0.0000).	[MsgId: MMSG-16871]
Action.c(352): PrintStatus in DataBase-------,-1	[MsgId: MMSG-17999]
Action.c(354): PrintStatus Check result-------,-7	[MsgId: MMSG-17999]
Action.c(358): PrintStatus-------,30	[MsgId: MMSG-17999]
Action.c(380): Notify: Transaction "Film PrintTask_Result_Fail" started.	[MsgId: MMSG-16999]
Action.c(381): Error: The task do not finish correct: TaskID: 4369289  From Terminal: K2_6	[MsgId: MERR-17999]
End auto log messages stack.	[MsgId: MMSG-10544]


Start auto log messages stack - Iteration 17.	[MsgId: MMSG-10545]
Starting action Action.	[MsgId: MMSG-15919]
Action.c(21): web_set_max_html_param_len was successful  	[MsgId: MMSG-26392]
Action.c(31): Registering web_reg_save_param was successful  	[MsgId: MMSG-26390]
Action.c(33): Notify: Transaction "Create New Patient" started.	[MsgId: MMSG-16999]
Action.c(36): web_custom_request("web_custom_request") was successful, 373 body bytes, 242 header bytes  	[MsgId: MMSG-26386]
Action.c(93): Notify: Transaction "Create New Patient" ended with "Pass" status (Duration: 0.2342 Wasted Time: 0.0000).	[MsgId: MMSG-16871]
Action.c(104): lr_think_time: 60.00 seconds.	[MsgId: MMSG-15948]
Action.c(110): Registering web_reg_save_param was successful  	[MsgId: MMSG-26390]
Action.c(112): Continuing after Error -26612: HTTP Status-Code=500 (Internal Server Error) for "http://10.184.129.108/PerformanceTest/CreateFilmTestData.asmx"  	[MsgId: MERR-26612]
Action.c(112): Continuing after Error -26377: No match found for the requested parameter "CreateFilmDataResult". Check whether the requested boundaries exist in the response data. Also, if the data you want to save exceeds 10240 bytes, use web_set_max_html_param_len to increase the parameter size  	[MsgId: MERR-26377]
End auto log messages stack.	[MsgId: MMSG-10544]


Start auto log messages stack - Iteration 18.	[MsgId: MMSG-10545]
Starting action Action.	[MsgId: MMSG-15919]
Action.c(21): web_set_max_html_param_len was successful  	[MsgId: MMSG-26392]
Action.c(31): Registering web_reg_save_param was successful  	[MsgId: MMSG-26390]
Action.c(33): Notify: Transaction "Create New Patient" started.	[MsgId: MMSG-16999]
Action.c(36): web_custom_request("web_custom_request") was successful, 373 body bytes, 242 header bytes  	[MsgId: MMSG-26386]
Action.c(93): Notify: Transaction "Create New Patient" ended with "Pass" status (Duration: 0.3442 Wasted Time: 0.0000).	[MsgId: MMSG-16871]
Action.c(104): lr_think_time: 60.00 seconds.	[MsgId: MMSG-15948]
Action.c(110): Registering web_reg_save_param was successful  	[MsgId: MMSG-26390]
Action.c(112): Continuing after Error -27728: Step download timeout (120 seconds) has expired  	[MsgId: MERR-27728]
End auto log messages stack.	[MsgId: MMSG-10544]


Start auto log messages stack - Iteration 18.	[MsgId: MMSG-10545]
Action.c(112): Aborting pending download of URL="http://10.184.129.108/PerformanceTest/CreateFilmTestData.asmx"  	[MsgId: MMSG-27656]
Action.c(112): Continuing after Error -26377: No match found for the requested parameter "CreateFilmDataResult". Check whether the requested boundaries exist in the response data. Also, if the data you want to save exceeds 10240 bytes, use web_set_max_html_param_len to increase the parameter size  	[MsgId: MERR-26377]
Action.c(112): Continuing after Error -26374: The above "not found" error(s) may be explained by header and body byte counts being 0 and 0, respectively.  	[MsgId: MERR-26374]
End auto log messages stack.	[MsgId: MMSG-10544]


Start auto log messages stack - Iteration 20.	[MsgId: MMSG-10545]
Action.c(243): lr_think_time: 1.00 seconds.	[MsgId: MMSG-15948]
Action.c(250): lr_think_time: 5.00 seconds.	[MsgId: MMSG-15948]
Action.c(253): Registering web_reg_save_param was successful  	[MsgId: MMSG-26390]
Action.c(259): Notify: Transaction "Film Create_PrintTask" started.	[MsgId: MMSG-16999]
Action.c(261): Warning -26593: The header being added may cause unpredictable results when applied to all ensuing URLs. It is added anyway  	[MsgId: MWAR-26593]
Action.c(261): web_add_auto_header("content-type") highest severity level was "warning"  	[MsgId: MMSG-26391]
Action.c(263): web_custom_request("web_custom_request") was successful, 669 body bytes, 259 header bytes  	[MsgId: MMSG-26386]
Action.c(275): Notify: Transaction "Film Create_PrintTask" ended with "Pass" status (Duration: 9.3660 Wasted Time: 0.0000).	[MsgId: MMSG-16871]
Action.c(277): TaskID is : 4369452	[MsgId: MMSG-17999]
Action.c(278): time is : 10	[MsgId: MMSG-17999]
Action.c(293): Notify: Transaction "Film Create_PrintTask Fail" started.	[MsgId: MMSG-16999]
Action.c(294): Error: Try to get the Print task ID failed: A20180606175306000 :  K2_2	[MsgId: MERR-17999]
End auto log messages stack.	[MsgId: MMSG-10544]


Start auto log messages stack - Iteration 20.	[MsgId: MMSG-10545]
Starting action Action.	[MsgId: MMSG-15919]
Action.c(21): web_set_max_html_param_len was successful  	[MsgId: MMSG-26392]
Action.c(31): Registering web_reg_save_param was successful  	[MsgId: MMSG-26390]
Action.c(33): Notify: Transaction "Create New Patient" started.	[MsgId: MMSG-16999]
Action.c(36): web_custom_request("web_custom_request") was successful, 373 body bytes, 242 header bytes  	[MsgId: MMSG-26386]
Action.c(93): Notify: Transaction "Create New Patient" ended with "Pass" status (Duration: 1.1577 Wasted Time: 0.0000).	[MsgId: MMSG-16871]
Action.c(104): lr_think_time: 60.00 seconds.	[MsgId: MMSG-15948]
Action.c(110): Registering web_reg_save_param was successful  	[MsgId: MMSG-26390]
Action.c(112): Continuing after Error -26612: HTTP Status-Code=500 (Internal Server Error) for "http://10.184.129.108/PerformanceTest/CreateFilmTestData.asmx"  	[MsgId: MERR-26612]
Action.c(112): Continuing after Error -26377: No match found for the requested parameter "CreateFilmDataResult". Check whether the requested boundaries exist in the response data. Also, if the data you want to save exceeds 10240 bytes, use web_set_max_html_param_len to increase the parameter size  	[MsgId: MERR-26377]
End auto log messages stack.	[MsgId: MMSG-10544]


Start auto log messages stack - Iteration 19.	[MsgId: MMSG-10545]
Action.c(337): Notify: Transaction "Film_PrintStatus_CheckService" started.	[MsgId: MMSG-16999]
Action.c(339): Warning -26593: The header being added may cause unpredictable results when applied to all ensuing URLs. It is added anyway  	[MsgId: MWAR-26593]
Action.c(339): web_add_auto_header("content-type") highest severity level was "warning"  	[MsgId: MMSG-26391]
Action.c(340): web_custom_request("web_custom_request") was successful, 764 body bytes, 259 header bytes  	[MsgId: MMSG-26386]
Action.c(350): Notify: Transaction "Film_PrintStatus_CheckService" ended with "Pass" status (Duration: 0.1527 Wasted Time: 0.0000).	[MsgId: MMSG-16871]
Action.c(352): PrintStatus in DataBase-------,3	[MsgId: MMSG-17999]
Action.c(354): PrintStatus Check result-------,-1	[MsgId: MMSG-17999]
Action.c(358): PrintStatus-------,30	[MsgId: MMSG-17999]
Action.c(380): Notify: Transaction "Film PrintTask_Result_Fail" started.	[MsgId: MMSG-16999]
Action.c(381): Error: The task do not finish correct: TaskID: 4369394  From Terminal: K2_5	[MsgId: MERR-17999]
End auto log messages stack.	[MsgId: MMSG-10544]


Start auto log messages stack - Iteration 21.	[MsgId: MMSG-10545]
Action.c(243): lr_think_time: 1.00 seconds.	[MsgId: MMSG-15948]
Action.c(250): lr_think_time: 5.00 seconds.	[MsgId: MMSG-15948]
Action.c(253): Registering web_reg_save_param was successful  	[MsgId: MMSG-26390]
Action.c(259): Notify: Transaction "Film Create_PrintTask" started.	[MsgId: MMSG-16999]
Action.c(261): Warning -26593: The header being added may cause unpredictable results when applied to all ensuing URLs. It is added anyway  	[MsgId: MWAR-26593]
Action.c(261): web_add_auto_header("content-type") highest severity level was "warning"  	[MsgId: MMSG-26391]
Action.c(263): web_custom_request("web_custom_request") was successful, 668 body bytes, 259 header bytes  	[MsgId: MMSG-26386]
Action.c(275): Notify: Transaction "Film Create_PrintTask" ended with "Pass" status (Duration: 12.2706 Wasted Time: 0.0000).	[MsgId: MMSG-16871]
Action.c(277): TaskID is : 4369491	[MsgId: MMSG-17999]
Action.c(278): time is : 10	[MsgId: MMSG-17999]
Action.c(293): Notify: Transaction "Film Create_PrintTask Fail" started.	[MsgId: MMSG-16999]
Action.c(294): Error: Try to get the Print task ID failed: A20180606175628000 :  K2_3	[MsgId: MERR-17999]
End auto log messages stack.	[MsgId: MMSG-10544]


Start auto log messages stack - Iteration 21.	[MsgId: MMSG-10545]
Action.c(243): lr_think_time: 1.00 seconds.	[MsgId: MMSG-15948]
Action.c(250): lr_think_time: 5.00 seconds.	[MsgId: MMSG-15948]
Action.c(253): Registering web_reg_save_param was successful  	[MsgId: MMSG-26390]
Action.c(259): Notify: Transaction "Film Create_PrintTask" started.	[MsgId: MMSG-16999]
Action.c(261): Warning -26593: The header being added may cause unpredictable results when applied to all ensuing URLs. It is added anyway  	[MsgId: MWAR-26593]
Action.c(261): web_add_auto_header("content-type") highest severity level was "warning"  	[MsgId: MMSG-26391]
Action.c(263): web_custom_request("web_custom_request") was successful, 663 body bytes, 259 header bytes  	[MsgId: MMSG-26386]
Action.c(275): Notify: Transaction "Film Create_PrintTask" ended with "Pass" status (Duration: 16.4832 Wasted Time: 0.0000).	[MsgId: MMSG-16871]
Action.c(277): TaskID is : 4369492	[MsgId: MMSG-17999]
Action.c(278): time is : 10	[MsgId: MMSG-17999]
Action.c(293): Notify: Transaction "Film Create_PrintTask Fail" started.	[MsgId: MMSG-16999]
Action.c(294): Error: Try to get the Print task ID failed: A20180606175634000 :  K2_4	[MsgId: MERR-17999]
End auto log messages stack.	[MsgId: MMSG-10544]


Start auto log messages stack - Iteration 24.	[MsgId: MMSG-10545]
Starting action Action.	[MsgId: MMSG-15919]
Action.c(21): web_set_max_html_param_len was successful  	[MsgId: MMSG-26392]
Action.c(31): Registering web_reg_save_param was successful  	[MsgId: MMSG-26390]
Action.c(33): Notify: Transaction "Create New Patient" started.	[MsgId: MMSG-16999]
Action.c(36): web_custom_request("web_custom_request") was successful, 373 body bytes, 242 header bytes  	[MsgId: MMSG-26386]
Action.c(93): Notify: Transaction "Create New Patient" ended with "Pass" status (Duration: 0.3647 Wasted Time: 0.0000).	[MsgId: MMSG-16871]
Action.c(104): lr_think_time: 60.00 seconds.	[MsgId: MMSG-15948]
Action.c(110): Registering web_reg_save_param was successful  	[MsgId: MMSG-26390]
Action.c(112): Continuing after Error -26612: HTTP Status-Code=500 (Internal Server Error) for "http://10.184.129.108/PerformanceTest/CreateFilmTestData.asmx"  	[MsgId: MERR-26612]
Action.c(112): Continuing after Error -26377: No match found for the requested parameter "CreateFilmDataResult". Check whether the requested boundaries exist in the response data. Also, if the data you want to save exceeds 10240 bytes, use web_set_max_html_param_len to increase the parameter size  	[MsgId: MERR-26377]
End auto log messages stack.	[MsgId: MMSG-10544]


Start auto log messages stack - Iteration 23.	[MsgId: MMSG-10545]
Starting action Action.	[MsgId: MMSG-15919]
Action.c(21): web_set_max_html_param_len was successful  	[MsgId: MMSG-26392]
Action.c(31): Registering web_reg_save_param was successful  	[MsgId: MMSG-26390]
Action.c(33): Notify: Transaction "Create New Patient" started.	[MsgId: MMSG-16999]
Action.c(36): web_custom_request("web_custom_request") was successful, 373 body bytes, 242 header bytes  	[MsgId: MMSG-26386]
Action.c(93): Notify: Transaction "Create New Patient" ended with "Pass" status (Duration: 0.3400 Wasted Time: 0.0000).	[MsgId: MMSG-16871]
Action.c(104): lr_think_time: 60.00 seconds.	[MsgId: MMSG-15948]
Action.c(110): Registering web_reg_save_param was successful  	[MsgId: MMSG-26390]
Action.c(112): Continuing after Error -27728: Step download timeout (120 seconds) has expired  	[MsgId: MERR-27728]
End auto log messages stack.	[MsgId: MMSG-10544]


Start auto log messages stack - Iteration 23.	[MsgId: MMSG-10545]
Action.c(112): Aborting pending download of URL="http://10.184.129.108/PerformanceTest/CreateFilmTestData.asmx"  	[MsgId: MMSG-27656]
Action.c(112): Continuing after Error -26377: No match found for the requested parameter "CreateFilmDataResult". Check whether the requested boundaries exist in the response data. Also, if the data you want to save exceeds 10240 bytes, use web_set_max_html_param_len to increase the parameter size  	[MsgId: MERR-26377]
Action.c(112): Continuing after Error -26374: The above "not found" error(s) may be explained by header and body byte counts being 0 and 0, respectively.  	[MsgId: MERR-26374]
End auto log messages stack.	[MsgId: MMSG-10544]


Start auto log messages stack - Iteration 22.	[MsgId: MMSG-10545]
Action.c(337): Notify: Transaction "Film_PrintStatus_CheckService" started.	[MsgId: MMSG-16999]
Action.c(339): Warning -26593: The header being added may cause unpredictable results when applied to all ensuing URLs. It is added anyway  	[MsgId: MWAR-26593]
Action.c(339): web_add_auto_header("content-type") highest severity level was "warning"  	[MsgId: MMSG-26391]
Action.c(340): web_custom_request("web_custom_request") was successful, 769 body bytes, 259 header bytes  	[MsgId: MMSG-26386]
Action.c(350): Notify: Transaction "Film_PrintStatus_CheckService" ended with "Pass" status (Duration: 0.7062 Wasted Time: 0.0000).	[MsgId: MMSG-16871]
Action.c(352): PrintStatus in DataBase-------,3	[MsgId: MMSG-17999]
Action.c(354): PrintStatus Check result-------,-1	[MsgId: MMSG-17999]
Action.c(358): PrintStatus-------,30	[MsgId: MMSG-17999]
Action.c(380): Notify: Transaction "Film PrintTask_Result_Fail" started.	[MsgId: MMSG-16999]
Action.c(381): Error: The task do not finish correct: TaskID: 4369645  From Terminal: K2_6	[MsgId: MERR-17999]
End auto log messages stack.	[MsgId: MMSG-10544]


Start auto log messages stack - Iteration 25.	[MsgId: MMSG-10545]
Action.c(221): Notify: Transaction "Film TerminalStatus" ended with "Pass" status (Duration: 0.0582).	[MsgId: MMSG-16873]
Action.c(224): lr_think_time: 1.00 seconds.	[MsgId: MMSG-15948]
Action.c(227): Notify: Transaction "Film TerminalStatus" started.	[MsgId: MMSG-16999]
Action.c(231): web_custom_request("web_custom_request") was successful, 541 body bytes, 259 header bytes  	[MsgId: MMSG-26386]
Action.c(241): Notify: Transaction "Film TerminalStatus" ended with "Pass" status (Duration: 0.2273).	[MsgId: MMSG-16873]
Action.c(243): lr_think_time: 1.00 seconds.	[MsgId: MMSG-15948]
Action.c(250): lr_think_time: 5.00 seconds.	[MsgId: MMSG-15948]
Action.c(253): Registering web_reg_save_param was successful  	[MsgId: MMSG-26390]
Action.c(259): Notify: Transaction "Film Create_PrintTask" started.	[MsgId: MMSG-16999]
Action.c(261): Warning -26593: The header being added may cause unpredictable results when applied to all ensuing URLs. It is added anyway  	[MsgId: MWAR-26593]
Action.c(261): web_add_auto_header("content-type") highest severity level was "warning"  	[MsgId: MMSG-26391]
Action.c(263): Continuing after Error -27728: Step download timeout (120 seconds) has expired  	[MsgId: MERR-27728]
End auto log messages stack.	[MsgId: MMSG-10544]


Start auto log messages stack - Iteration 26.	[MsgId: MMSG-10545]
Action.c(263): Warning -26377: No match found for the requested parameter "TaskID". Check whether the requested boundaries exist in the response data. Also, if the data you want to save exceeds 10240 bytes, use web_set_max_html_param_len to increase the parameter size  	[MsgId: MWAR-26377]
Action.c(263): web_custom_request("web_custom_request") highest severity level was "warning", 247 body bytes, 259 header bytes  	[MsgId: MMSG-26388]
Action.c(275): Notify: Transaction "Film Create_PrintTask" ended with "Pass" status (Duration: 0.1576 Wasted Time: 0.0000).	[MsgId: MMSG-16871]
Action.c(277): TaskID is : 	[MsgId: MMSG-17999]
Action.c(278): time is : 10	[MsgId: MMSG-17999]
Action.c(283): Notify: Transaction "Fim GetTaskID_fail" started.	[MsgId: MMSG-16999]
Action.c(284): The accession number is A20180606181513000,K2_2	[MsgId: MMSG-17999]
Action.c(285): Notify: Transaction "Fim GetTaskID_fail" ended with "Pass" status (Duration: 0.0001).	[MsgId: MMSG-16873]
Action.c(293): Notify: Transaction "Film Create_PrintTask Fail" started.	[MsgId: MMSG-16999]
Action.c(294): Error: Try to get the Print task ID failed: A20180606181513000 :  K2_2	[MsgId: MERR-17999]
End auto log messages stack.	[MsgId: MMSG-10544]


Start auto log messages stack - Iteration 26.	[MsgId: MMSG-10545]
Action.c(337): Notify: Transaction "Film_PrintStatus_CheckService" started.	[MsgId: MMSG-16999]
Action.c(339): Warning -26593: The header being added may cause unpredictable results when applied to all ensuing URLs. It is added anyway  	[MsgId: MWAR-26593]
Action.c(339): web_add_auto_header("content-type") highest severity level was "warning"  	[MsgId: MMSG-26391]
Action.c(340): web_custom_request("web_custom_request") was successful, 713 body bytes, 259 header bytes  	[MsgId: MMSG-26386]
Action.c(350): Notify: Transaction "Film_PrintStatus_CheckService" ended with "Pass" status (Duration: 0.6873 Wasted Time: 0.0000).	[MsgId: MMSG-16871]
Action.c(352): PrintStatus in DataBase-------,3	[MsgId: MMSG-17999]
Action.c(354): PrintStatus Check result-------,-1	[MsgId: MMSG-17999]
Action.c(358): PrintStatus-------,30	[MsgId: MMSG-17999]
Action.c(380): Notify: Transaction "Film PrintTask_Result_Fail" started.	[MsgId: MMSG-16999]
Action.c(381): Error: The task do not finish correct: TaskID: 4369738  From Terminal: K2_4	[MsgId: MERR-17999]
End auto log messages stack.	[MsgId: MMSG-10544]


Start auto log messages stack - Iteration 26.	[MsgId: MMSG-10545]
Action.c(337): Notify: Transaction "Film_PrintStatus_CheckService" started.	[MsgId: MMSG-16999]
Action.c(339): Warning -26593: The header being added may cause unpredictable results when applied to all ensuing URLs. It is added anyway  	[MsgId: MWAR-26593]
Action.c(339): web_add_auto_header("content-type") highest severity level was "warning"  	[MsgId: MMSG-26391]
Action.c(340): web_custom_request("web_custom_request") was successful, 716 body bytes, 259 header bytes  	[MsgId: MMSG-26386]
Action.c(350): Notify: Transaction "Film_PrintStatus_CheckService" ended with "Pass" status (Duration: 0.4843 Wasted Time: 0.0000).	[MsgId: MMSG-16871]
Action.c(352): PrintStatus in DataBase-------,3	[MsgId: MMSG-17999]
Action.c(354): PrintStatus Check result-------,-1	[MsgId: MMSG-17999]
Action.c(358): PrintStatus-------,30	[MsgId: MMSG-17999]
Action.c(380): Notify: Transaction "Film PrintTask_Result_Fail" started.	[MsgId: MMSG-16999]
Action.c(381): Error: The task do not finish correct: TaskID: 4369742  From Terminal: K2_1	[MsgId: MERR-17999]
End auto log messages stack.	[MsgId: MMSG-10544]


Start auto log messages stack - Iteration 26.	[MsgId: MMSG-10545]
Action.c(337): Notify: Transaction "Film_PrintStatus_CheckService" started.	[MsgId: MMSG-16999]
Action.c(339): Warning -26593: The header being added may cause unpredictable results when applied to all ensuing URLs. It is added anyway  	[MsgId: MWAR-26593]
Action.c(339): web_add_auto_header("content-type") highest severity level was "warning"  	[MsgId: MMSG-26391]
Action.c(340): web_custom_request("web_custom_request") was successful, 718 body bytes, 259 header bytes  	[MsgId: MMSG-26386]
Action.c(350): Notify: Transaction "Film_PrintStatus_CheckService" ended with "Pass" status (Duration: 0.7335 Wasted Time: 0.0000).	[MsgId: MMSG-16871]
Action.c(352): PrintStatus in DataBase-------,3	[MsgId: MMSG-17999]
Action.c(354): PrintStatus Check result-------,-1	[MsgId: MMSG-17999]
Action.c(358): PrintStatus-------,30	[MsgId: MMSG-17999]
Action.c(380): Notify: Transaction "Film PrintTask_Result_Fail" started.	[MsgId: MMSG-16999]
Action.c(381): Error: The task do not finish correct: TaskID: 4369741  From Terminal: K2_3	[MsgId: MERR-17999]
End auto log messages stack.	[MsgId: MMSG-10544]


Start auto log messages stack - Iteration 26.	[MsgId: MMSG-10545]
Start auto log messages stack - Iteration 25.	[MsgId: MMSG-10545]
Action.c(337): Notify: Transaction "Film_PrintStatus_CheckService" started.	[MsgId: MMSG-16999]
Action.c(339): Warning -26593: The header being added may cause unpredictable results when applied to all ensuing URLs. It is added anyway  	[MsgId: MWAR-26593]
Action.c(337): Notify: Transaction "Film_PrintStatus_CheckService" started.	[MsgId: MMSG-16999]
Action.c(339): Warning -26593: The header being added may cause unpredictable results when applied to all ensuing URLs. It is added anyway  	[MsgId: MWAR-26593]
Action.c(339): web_add_auto_header("content-type") highest severity level was "warning"  	[MsgId: MMSG-26391]
Action.c(339): web_add_auto_header("content-type") highest severity level was "warning"  	[MsgId: MMSG-26391]
Action.c(340): web_custom_request("web_custom_request") was successful, 721 body bytes, 259 header bytes  	[MsgId: MMSG-26386]
Action.c(340): web_custom_request("web_custom_request") was successful, 716 body bytes, 259 header bytes  	[MsgId: MMSG-26386]
Action.c(350): Notify: Transaction "Film_PrintStatus_CheckService" ended with "Pass" status (Duration: 0.7116 Wasted Time: 0.0000).	[MsgId: MMSG-16871]
Action.c(350): Notify: Transaction "Film_PrintStatus_CheckService" ended with "Pass" status (Duration: 0.7116 Wasted Time: 0.0000).	[MsgId: MMSG-16871]
Action.c(352): PrintStatus in DataBase-------,3	[MsgId: MMSG-17999]
Action.c(352): PrintStatus in DataBase-------,3	[MsgId: MMSG-17999]
Action.c(354): PrintStatus Check result-------,-1	[MsgId: MMSG-17999]
Action.c(354): PrintStatus Check result-------,-1	[MsgId: MMSG-17999]
Action.c(358): PrintStatus-------,30	[MsgId: MMSG-17999]
Action.c(358): PrintStatus-------,30	[MsgId: MMSG-17999]
Action.c(380): Notify: Transaction "Film PrintTask_Result_Fail" started.	[MsgId: MMSG-16999]
Action.c(380): Notify: Transaction "Film PrintTask_Result_Fail" started.	[MsgId: MMSG-16999]
Action.c(381): Error: The task do not finish correct: TaskID: 4369740  From Terminal: K2_8	[MsgId: MERR-17999]
Action.c(381): Error: The task do not finish correct: TaskID: 4369739  From Terminal: K2_7	[MsgId: MERR-17999]
End auto log messages stack.	[MsgId: MMSG-10544]


End auto log messages stack.	[MsgId: MMSG-10544]


Start auto log messages stack - Iteration 27.	[MsgId: MMSG-10545]
Starting action Action.	[MsgId: MMSG-15919]
Action.c(21): web_set_max_html_param_len was successful  	[MsgId: MMSG-26392]
Action.c(31): Registering web_reg_save_param was successful  	[MsgId: MMSG-26390]
Action.c(33): Notify: Transaction "Create New Patient" started.	[MsgId: MMSG-16999]
Action.c(36): web_custom_request("web_custom_request") was successful, 373 body bytes, 242 header bytes  	[MsgId: MMSG-26386]
Action.c(93): Notify: Transaction "Create New Patient" ended with "Pass" status (Duration: 1.6541 Wasted Time: 0.0000).	[MsgId: MMSG-16871]
Action.c(104): lr_think_time: 60.00 seconds.	[MsgId: MMSG-15948]
Action.c(110): Registering web_reg_save_param was successful  	[MsgId: MMSG-26390]
Action.c(112): Continuing after Error -26612: HTTP Status-Code=500 (Internal Server Error) for "http://10.184.129.108/PerformanceTest/CreateFilmTestData.asmx"  	[MsgId: MERR-26612]
Action.c(112): Continuing after Error -26377: No match found for the requested parameter "CreateFilmDataResult". Check whether the requested boundaries exist in the response data. Also, if the data you want to save exceeds 10240 bytes, use web_set_max_html_param_len to increase the parameter size  	[MsgId: MERR-26377]
End auto log messages stack.	[MsgId: MMSG-10544]


Start auto log messages stack - Iteration 26.	[MsgId: MMSG-10545]
Action.c(337): Notify: Transaction "Film_PrintStatus_CheckService" started.	[MsgId: MMSG-16999]
Action.c(339): Warning -26593: The header being added may cause unpredictable results when applied to all ensuing URLs. It is added anyway  	[MsgId: MWAR-26593]
Action.c(339): web_add_auto_header("content-type") highest severity level was "warning"  	[MsgId: MMSG-26391]
Action.c(340): web_custom_request("web_custom_request") was successful, 764 body bytes, 259 header bytes  	[MsgId: MMSG-26386]
Action.c(350): Notify: Transaction "Film_PrintStatus_CheckService" ended with "Pass" status (Duration: 0.4683 Wasted Time: 0.0001).	[MsgId: MMSG-16871]
Action.c(352): PrintStatus in DataBase-------,3	[MsgId: MMSG-17999]
Action.c(354): PrintStatus Check result-------,-1	[MsgId: MMSG-17999]
Action.c(358): PrintStatus-------,30	[MsgId: MMSG-17999]
Action.c(380): Notify: Transaction "Film PrintTask_Result_Fail" started.	[MsgId: MMSG-16999]
Action.c(381): Error: The task do not finish correct: TaskID: 4369771  From Terminal: K2_5	[MsgId: MERR-17999]
End auto log messages stack.	[MsgId: MMSG-10544]


Start auto log messages stack - Iteration 29.	[MsgId: MMSG-10545]
Starting action Action.	[MsgId: MMSG-15919]
Action.c(21): web_set_max_html_param_len was successful  	[MsgId: MMSG-26392]
Action.c(31): Registering web_reg_save_param was successful  	[MsgId: MMSG-26390]
Action.c(33): Notify: Transaction "Create New Patient" started.	[MsgId: MMSG-16999]
Action.c(36): web_custom_request("web_custom_request") was successful, 373 body bytes, 242 header bytes  	[MsgId: MMSG-26386]
Action.c(93): Notify: Transaction "Create New Patient" ended with "Pass" status (Duration: 1.7306 Wasted Time: 0.0000).	[MsgId: MMSG-16871]
Action.c(104): lr_think_time: 60.00 seconds.	[MsgId: MMSG-15948]
Action.c(110): Registering web_reg_save_param was successful  	[MsgId: MMSG-26390]
Action.c(112): Continuing after Error -26612: HTTP Status-Code=500 (Internal Server Error) for "http://10.184.129.108/PerformanceTest/CreateFilmTestData.asmx"  	[MsgId: MERR-26612]
Action.c(112): Continuing after Error -26377: No match found for the requested parameter "CreateFilmDataResult". Check whether the requested boundaries exist in the response data. Also, if the data you want to save exceeds 10240 bytes, use web_set_max_html_param_len to increase the parameter size  	[MsgId: MERR-26377]
End auto log messages stack.	[MsgId: MMSG-10544]


Start auto log messages stack - Iteration 29.	[MsgId: MMSG-10545]
Starting action Action.	[MsgId: MMSG-15919]
Action.c(21): web_set_max_html_param_len was successful  	[MsgId: MMSG-26392]
Action.c(31): Registering web_reg_save_param was successful  	[MsgId: MMSG-26390]
Action.c(33): Notify: Transaction "Create New Patient" started.	[MsgId: MMSG-16999]
Action.c(36): web_custom_request("web_custom_request") was successful, 373 body bytes, 242 header bytes  	[MsgId: MMSG-26386]
Action.c(93): Notify: Transaction "Create New Patient" ended with "Pass" status (Duration: 2.2616 Wasted Time: 0.0000).	[MsgId: MMSG-16871]
Action.c(104): lr_think_time: 60.00 seconds.	[MsgId: MMSG-15948]
Action.c(110): Registering web_reg_save_param was successful  	[MsgId: MMSG-26390]
Action.c(112): Continuing after Error -26612: HTTP Status-Code=500 (Internal Server Error) for "http://10.184.129.108/PerformanceTest/CreateFilmTestData.asmx"  	[MsgId: MERR-26612]
Action.c(112): Continuing after Error -26377: No match found for the requested parameter "CreateFilmDataResult". Check whether the requested boundaries exist in the response data. Also, if the data you want to save exceeds 10240 bytes, use web_set_max_html_param_len to increase the parameter size  	[MsgId: MERR-26377]
End auto log messages stack.	[MsgId: MMSG-10544]


Start auto log messages stack - Iteration 31.	[MsgId: MMSG-10545]
Starting action Action.	[MsgId: MMSG-15919]
Action.c(21): web_set_max_html_param_len was successful  	[MsgId: MMSG-26392]
Action.c(31): Registering web_reg_save_param was successful  	[MsgId: MMSG-26390]
Action.c(33): Notify: Transaction "Create New Patient" started.	[MsgId: MMSG-16999]
Action.c(36): web_custom_request("web_custom_request") was successful, 373 body bytes, 242 header bytes  	[MsgId: MMSG-26386]
Action.c(93): Notify: Transaction "Create New Patient" ended with "Pass" status (Duration: 0.7783 Wasted Time: 0.0000).	[MsgId: MMSG-16871]
Action.c(104): lr_think_time: 60.00 seconds.	[MsgId: MMSG-15948]
Action.c(110): Registering web_reg_save_param was successful  	[MsgId: MMSG-26390]
Action.c(112): Continuing after Error -27728: Step download timeout (120 seconds) has expired  	[MsgId: MERR-27728]
End auto log messages stack.	[MsgId: MMSG-10544]


Start auto log messages stack - Iteration 31.	[MsgId: MMSG-10545]
Action.c(112): Aborting pending download of URL="http://10.184.129.108/PerformanceTest/CreateFilmTestData.asmx"  	[MsgId: MMSG-27656]
Action.c(112): Continuing after Error -26377: No match found for the requested parameter "CreateFilmDataResult". Check whether the requested boundaries exist in the response data. Also, if the data you want to save exceeds 10240 bytes, use web_set_max_html_param_len to increase the parameter size  	[MsgId: MERR-26377]
Action.c(112): Continuing after Error -26374: The above "not found" error(s) may be explained by header and body byte counts being 0 and 0, respectively.  	[MsgId: MERR-26374]
End auto log messages stack.	[MsgId: MMSG-10544]


Start auto log messages stack - Iteration 34.	[MsgId: MMSG-10545]
Starting action Action.	[MsgId: MMSG-15919]
Action.c(21): web_set_max_html_param_len was successful  	[MsgId: MMSG-26392]
Action.c(31): Registering web_reg_save_param was successful  	[MsgId: MMSG-26390]
Action.c(33): Notify: Transaction "Create New Patient" started.	[MsgId: MMSG-16999]
Action.c(36): web_custom_request("web_custom_request") was successful, 373 body bytes, 242 header bytes  	[MsgId: MMSG-26386]
Action.c(93): Notify: Transaction "Create New Patient" ended with "Pass" status (Duration: 1.9828 Wasted Time: 0.0000).	[MsgId: MMSG-16871]
Action.c(104): lr_think_time: 60.00 seconds.	[MsgId: MMSG-15948]
Action.c(110): Registering web_reg_save_param was successful  	[MsgId: MMSG-26390]
Action.c(112): Continuing after Error -26612: HTTP Status-Code=500 (Internal Server Error) for "http://10.184.129.108/PerformanceTest/CreateFilmTestData.asmx"  	[MsgId: MERR-26612]
Action.c(112): Continuing after Error -26377: No match found for the requested parameter "CreateFilmDataResult". Check whether the requested boundaries exist in the response data. Also, if the data you want to save exceeds 10240 bytes, use web_set_max_html_param_len to increase the parameter size  	[MsgId: MERR-26377]
End auto log messages stack.	[MsgId: MMSG-10544]


Start auto log messages stack - Iteration 36.	[MsgId: MMSG-10545]
Starting action Action.	[MsgId: MMSG-15919]
Action.c(21): web_set_max_html_param_len was successful  	[MsgId: MMSG-26392]
Action.c(31): Registering web_reg_save_param was successful  	[MsgId: MMSG-26390]
Action.c(33): Notify: Transaction "Create New Patient" started.	[MsgId: MMSG-16999]
Action.c(36): web_custom_request("web_custom_request") was successful, 373 body bytes, 242 header bytes  	[MsgId: MMSG-26386]
Action.c(93): Notify: Transaction "Create New Patient" ended with "Pass" status (Duration: 2.8507 Wasted Time: 0.0000).	[MsgId: MMSG-16871]
Action.c(104): lr_think_time: 60.00 seconds.	[MsgId: MMSG-15948]
Action.c(110): Registering web_reg_save_param was successful  	[MsgId: MMSG-26390]
Action.c(112): Continuing after Error -27728: Step download timeout (120 seconds) has expired  	[MsgId: MERR-27728]
End auto log messages stack.	[MsgId: MMSG-10544]


Start auto log messages stack - Iteration 36.	[MsgId: MMSG-10545]
Action.c(112): Aborting pending download of URL="http://10.184.129.108/PerformanceTest/CreateFilmTestData.asmx"  	[MsgId: MMSG-27656]
Action.c(112): Continuing after Error -26377: No match found for the requested parameter "CreateFilmDataResult". Check whether the requested boundaries exist in the response data. Also, if the data you want to save exceeds 10240 bytes, use web_set_max_html_param_len to increase the parameter size  	[MsgId: MERR-26377]
Action.c(112): Continuing after Error -26374: The above "not found" error(s) may be explained by header and body byte counts being 0 and 0, respectively.  	[MsgId: MERR-26374]
End auto log messages stack.	[MsgId: MMSG-10544]


Start auto log messages stack - Iteration 40.	[MsgId: MMSG-10545]
Starting action Action.	[MsgId: MMSG-15919]
Action.c(21): web_set_max_html_param_len was successful  	[MsgId: MMSG-26392]
Action.c(31): Registering web_reg_save_param was successful  	[MsgId: MMSG-26390]
Action.c(33): Notify: Transaction "Create New Patient" started.	[MsgId: MMSG-16999]
Action.c(36): web_custom_request("web_custom_request") was successful, 373 body bytes, 242 header bytes  	[MsgId: MMSG-26386]
Action.c(93): Notify: Transaction "Create New Patient" ended with "Pass" status (Duration: 1.6351 Wasted Time: 0.0000).	[MsgId: MMSG-16871]
Action.c(104): lr_think_time: 60.00 seconds.	[MsgId: MMSG-15948]
Action.c(110): Registering web_reg_save_param was successful  	[MsgId: MMSG-26390]
Action.c(112): Continuing after Error -26612: HTTP Status-Code=500 (Internal Server Error) for "http://10.184.129.108/PerformanceTest/CreateFilmTestData.asmx"  	[MsgId: MERR-26612]
Action.c(112): Continuing after Error -26377: No match found for the requested parameter "CreateFilmDataResult". Check whether the requested boundaries exist in the response data. Also, if the data you want to save exceeds 10240 bytes, use web_set_max_html_param_len to increase the parameter size  	[MsgId: MERR-26377]
End auto log messages stack.	[MsgId: MMSG-10544]


Start auto log messages stack - Iteration 38.	[MsgId: MMSG-10545]
Action.c(263): Warning -26377: No match found for the requested parameter "TaskID". Check whether the requested boundaries exist in the response data. Also, if the data you want to save exceeds 10240 bytes, use web_set_max_html_param_len to increase the parameter size  	[MsgId: MWAR-26377]
Action.c(263): web_custom_request("web_custom_request") highest severity level was "warning", 265 body bytes, 259 header bytes  	[MsgId: MMSG-26388]
Action.c(275): Notify: Transaction "Film Create_PrintTask" ended with "Pass" status (Duration: 0.1295 Wasted Time: 0.0000).	[MsgId: MMSG-16871]
Action.c(277): TaskID is : 	[MsgId: MMSG-17999]
Action.c(278): time is : 10	[MsgId: MMSG-17999]
Action.c(283): Notify: Transaction "Fim GetTaskID_fail" started.	[MsgId: MMSG-16999]
Action.c(284): The accession number is A20180606184802000,K2_6	[MsgId: MMSG-17999]
Action.c(285): Notify: Transaction "Fim GetTaskID_fail" ended with "Pass" status (Duration: 0.0001).	[MsgId: MMSG-16873]
Action.c(293): Notify: Transaction "Film Create_PrintTask Fail" started.	[MsgId: MMSG-16999]
Action.c(294): Error: Try to get the Print task ID failed: A20180606184802000 :  K2_6	[MsgId: MERR-17999]
End auto log messages stack.	[MsgId: MMSG-10544]


Start auto log messages stack - Iteration 37.	[MsgId: MMSG-10545]
Starting action Action.	[MsgId: MMSG-15919]
Action.c(21): web_set_max_html_param_len was successful  	[MsgId: MMSG-26392]
Action.c(31): Registering web_reg_save_param was successful  	[MsgId: MMSG-26390]
Action.c(33): Notify: Transaction "Create New Patient" started.	[MsgId: MMSG-16999]
Action.c(36): web_custom_request("web_custom_request") was successful, 373 body bytes, 242 header bytes  	[MsgId: MMSG-26386]
Action.c(93): Notify: Transaction "Create New Patient" ended with "Pass" status (Duration: 4.4646 Wasted Time: 0.0000).	[MsgId: MMSG-16871]
Action.c(104): lr_think_time: 60.00 seconds.	[MsgId: MMSG-15948]
Action.c(110): Registering web_reg_save_param was successful  	[MsgId: MMSG-26390]
Action.c(112): Continuing after Error -27728: Step download timeout (120 seconds) has expired  	[MsgId: MERR-27728]
End auto log messages stack.	[MsgId: MMSG-10544]


Start auto log messages stack - Iteration 37.	[MsgId: MMSG-10545]
Action.c(112): Aborting pending download of URL="http://10.184.129.108/PerformanceTest/CreateFilmTestData.asmx"  	[MsgId: MMSG-27656]
Action.c(112): Continuing after Error -26377: No match found for the requested parameter "CreateFilmDataResult". Check whether the requested boundaries exist in the response data. Also, if the data you want to save exceeds 10240 bytes, use web_set_max_html_param_len to increase the parameter size  	[MsgId: MERR-26377]
Action.c(112): Continuing after Error -26374: The above "not found" error(s) may be explained by header and body byte counts being 0 and 0, respectively.  	[MsgId: MERR-26374]
End auto log messages stack.	[MsgId: MMSG-10544]


Start auto log messages stack - Iteration 40.	[MsgId: MMSG-10545]
Starting action Action.	[MsgId: MMSG-15919]
Action.c(21): web_set_max_html_param_len was successful  	[MsgId: MMSG-26392]
Action.c(31): Registering web_reg_save_param was successful  	[MsgId: MMSG-26390]
Action.c(33): Notify: Transaction "Create New Patient" started.	[MsgId: MMSG-16999]
Action.c(36): web_custom_request("web_custom_request") was successful, 373 body bytes, 242 header bytes  	[MsgId: MMSG-26386]
Action.c(93): Notify: Transaction "Create New Patient" ended with "Pass" status (Duration: 0.7125 Wasted Time: 0.0000).	[MsgId: MMSG-16871]
Action.c(104): lr_think_time: 60.00 seconds.	[MsgId: MMSG-15948]
Action.c(110): Registering web_reg_save_param was successful  	[MsgId: MMSG-26390]
Action.c(112): Continuing after Error -26612: HTTP Status-Code=500 (Internal Server Error) for "http://10.184.129.108/PerformanceTest/CreateFilmTestData.asmx"  	[MsgId: MERR-26612]
Action.c(112): Continuing after Error -26377: No match found for the requested parameter "CreateFilmDataResult". Check whether the requested boundaries exist in the response data. Also, if the data you want to save exceeds 10240 bytes, use web_set_max_html_param_len to increase the parameter size  	[MsgId: MERR-26377]
End auto log messages stack.	[MsgId: MMSG-10544]


Start auto log messages stack - Iteration 43.	[MsgId: MMSG-10545]
Action.c(275): Notify: Transaction "Film Create_PrintTask" ended with "Pass" status (Duration: 0.3347 Wasted Time: 0.0000).	[MsgId: MMSG-16871]
Action.c(277): TaskID is : 	[MsgId: MMSG-17999]
Action.c(278): time is : 9	[MsgId: MMSG-17999]
Action.c(283): Notify: Transaction "Fim GetTaskID_fail" started.	[MsgId: MMSG-16999]
Action.c(284): The accession number is A20180606184850000,K2_2	[MsgId: MMSG-17999]
Action.c(285): Notify: Transaction "Fim GetTaskID_fail" ended with "Pass" status (Duration: 0.0001).	[MsgId: MMSG-16873]
Action.c(250): lr_think_time: 5.00 seconds.	[MsgId: MMSG-15948]
Action.c(253): Registering web_reg_save_param was successful  	[MsgId: MMSG-26390]
Action.c(259): Notify: Transaction "Film Create_PrintTask" started.	[MsgId: MMSG-16999]
Action.c(261): Warning -26593: The header being added may cause unpredictable results when applied to all ensuing URLs. It is added anyway  	[MsgId: MWAR-26593]
Action.c(261): web_add_auto_header("content-type") highest severity level was "warning"  	[MsgId: MMSG-26391]
Action.c(263): Continuing after Error -27728: Step download timeout (120 seconds) has expired  	[MsgId: MERR-27728]
End auto log messages stack.	[MsgId: MMSG-10544]


Start auto log messages stack - Iteration 43.	[MsgId: MMSG-10545]
Action.c(263): Warning -26377: No match found for the requested parameter "TaskID". Check whether the requested boundaries exist in the response data. Also, if the data you want to save exceeds 10240 bytes, use web_set_max_html_param_len to increase the parameter size  	[MsgId: MWAR-26377]
Action.c(263): web_custom_request("web_custom_request") highest severity level was "continue on error", 0 body bytes, 0 header bytes  	[MsgId: MMSG-26388]
Action.c(263): Continuing after error in Vuser script.	[MsgId: MMSG-10678]
Action.c(275): Notify: Transaction "Film Create_PrintTask" ended with "Fail" status (Duration: 120.0110).	[MsgId: MMSG-16873]
Action.c(277): TaskID is : 	[MsgId: MMSG-17999]
Action.c(278): time is : 10	[MsgId: MMSG-17999]
Action.c(283): Notify: Transaction "Fim GetTaskID_fail" started.	[MsgId: MMSG-16999]
Action.c(284): The accession number is A20180606184850000,K2_2	[MsgId: MMSG-17999]
Action.c(285): Notify: Transaction "Fim GetTaskID_fail" ended with "Pass" status (Duration: 0.0001).	[MsgId: MMSG-16873]
Action.c(293): Notify: Transaction "Film Create_PrintTask Fail" started.	[MsgId: MMSG-16999]
Action.c(294): Error: Try to get the Print task ID failed: A20180606184850000 :  K2_2	[MsgId: MERR-17999]
End auto log messages stack.	[MsgId: MMSG-10544]


Start auto log messages stack - Iteration 40.	[MsgId: MMSG-10545]
Starting action Action.	[MsgId: MMSG-15919]
Action.c(21): web_set_max_html_param_len was successful  	[MsgId: MMSG-26392]
Action.c(31): Registering web_reg_save_param was successful  	[MsgId: MMSG-26390]
Action.c(33): Notify: Transaction "Create New Patient" started.	[MsgId: MMSG-16999]
Action.c(36): web_custom_request("web_custom_request") was successful, 373 body bytes, 242 header bytes  	[MsgId: MMSG-26386]
Action.c(93): Notify: Transaction "Create New Patient" ended with "Pass" status (Duration: 3.4696 Wasted Time: 0.0000).	[MsgId: MMSG-16871]
Action.c(104): lr_think_time: 60.00 seconds.	[MsgId: MMSG-15948]
Action.c(110): Registering web_reg_save_param was successful  	[MsgId: MMSG-26390]
Action.c(112): Continuing after Error -27728: Step download timeout (120 seconds) has expired  	[MsgId: MERR-27728]
End auto log messages stack.	[MsgId: MMSG-10544]


Start auto log messages stack - Iteration 40.	[MsgId: MMSG-10545]
Action.c(112): Aborting pending download of URL="http://10.184.129.108/PerformanceTest/CreateFilmTestData.asmx"  	[MsgId: MMSG-27656]
Action.c(112): Continuing after Error -26377: No match found for the requested parameter "CreateFilmDataResult". Check whether the requested boundaries exist in the response data. Also, if the data you want to save exceeds 10240 bytes, use web_set_max_html_param_len to increase the parameter size  	[MsgId: MERR-26377]
Action.c(112): Continuing after Error -26374: The above "not found" error(s) may be explained by header and body byte counts being 0 and 0, respectively.  	[MsgId: MERR-26374]
End auto log messages stack.	[MsgId: MMSG-10544]


Start auto log messages stack - Iteration 42.	[MsgId: MMSG-10545]
Starting action Action.	[MsgId: MMSG-15919]
Action.c(21): web_set_max_html_param_len was successful  	[MsgId: MMSG-26392]
Action.c(31): Registering web_reg_save_param was successful  	[MsgId: MMSG-26390]
Action.c(33): Notify: Transaction "Create New Patient" started.	[MsgId: MMSG-16999]
Action.c(36): web_custom_request("web_custom_request") was successful, 373 body bytes, 242 header bytes  	[MsgId: MMSG-26386]
Action.c(93): Notify: Transaction "Create New Patient" ended with "Pass" status (Duration: 0.7603 Wasted Time: 0.0000).	[MsgId: MMSG-16871]
Action.c(104): lr_think_time: 60.00 seconds.	[MsgId: MMSG-15948]
Action.c(110): Registering web_reg_save_param was successful  	[MsgId: MMSG-26390]
Action.c(112): Continuing after Error -26612: HTTP Status-Code=500 (Internal Server Error) for "http://10.184.129.108/PerformanceTest/CreateFilmTestData.asmx"  	[MsgId: MERR-26612]
Action.c(112): Continuing after Error -26377: No match found for the requested parameter "CreateFilmDataResult". Check whether the requested boundaries exist in the response data. Also, if the data you want to save exceeds 10240 bytes, use web_set_max_html_param_len to increase the parameter size  	[MsgId: MERR-26377]
End auto log messages stack.	[MsgId: MMSG-10544]


Start auto log messages stack - Iteration 44.	[MsgId: MMSG-10545]
Action.c(263): Warning -26377: No match found for the requested parameter "TaskID". Check whether the requested boundaries exist in the response data. Also, if the data you want to save exceeds 10240 bytes, use web_set_max_html_param_len to increase the parameter size  	[MsgId: MWAR-26377]
Action.c(263): web_custom_request("web_custom_request") highest severity level was "warning", 265 body bytes, 259 header bytes  	[MsgId: MMSG-26388]
Action.c(275): Notify: Transaction "Film Create_PrintTask" ended with "Pass" status (Duration: 0.1212 Wasted Time: 0.0000).	[MsgId: MMSG-16871]
Action.c(277): TaskID is : 	[MsgId: MMSG-17999]
Action.c(278): time is : 10	[MsgId: MMSG-17999]
Action.c(283): Notify: Transaction "Fim GetTaskID_fail" started.	[MsgId: MMSG-16999]
Action.c(284): The accession number is A20180606185404000,K2_3	[MsgId: MMSG-17999]
Action.c(285): Notify: Transaction "Fim GetTaskID_fail" ended with "Pass" status (Duration: 0.0001).	[MsgId: MMSG-16873]
Action.c(293): Notify: Transaction "Film Create_PrintTask Fail" started.	[MsgId: MMSG-16999]
Action.c(294): Error: Try to get the Print task ID failed: A20180606185404000 :  K2_3	[MsgId: MERR-17999]
End auto log messages stack.	[MsgId: MMSG-10544]


