Start auto log messages stack - Iteration 1.	[MsgId: MMSG-10545]
Starting action Action.	[MsgId: MMSG-15919]
Action.c(6): web_set_max_html_param_len started  	[MsgId: MMSG-26355]
Action.c(6): web_set_max_html_param_len was successful  	[MsgId: MMSG-26392]
Action.c(8): web_url("Platform") started  	[MsgId: MMSG-26355]
Action.c(8): web_url("Platform") was successful, 6136 body bytes, 247 header bytes  	[MsgId: MMSG-26386]
Action.c(87): web_url("login-view.html") started  	[MsgId: MMSG-26355]
Action.c(87): web_url("login-view.html") was successful, 6207 body bytes, 247 header bytes  	[MsgId: MMSG-26386]
Action.c(99): web_reg_save_param started  	[MsgId: MMSG-26355]
Action.c(99): Registering web_reg_save_param was successful  	[MsgId: MMSG-26390]
Action.c(104): web_reg_save_param started  	[MsgId: MMSG-26355]
Action.c(104): Registering web_reg_save_param was successful  	[MsgId: MMSG-26390]
Action.c(109): web_reg_save_param started  	[MsgId: MMSG-26355]
Action.c(109): Registering web_reg_save_param was successful  	[MsgId: MMSG-26390]
Action.c(114): Notify: Transaction "User_login" started.	[MsgId: MMSG-16999]
Action.c(116): web_custom_request("login") started  	[MsgId: MMSG-26355]
Action.c(116): HTML parsing not performed for Content-Type "application/json" ("ParseHtmlContentType" Run-Time Setting is "TEXT"). URL="http://10.184.129.108/Platform/account/login"  	[MsgId: MMSG-26548]
Action.c(116): web_custom_request("login") was successful, 78 body bytes, 1676 header bytes  	[MsgId: MMSG-26386]
Action.c(127): web_add_cookie started  	[MsgId: MMSG-26355]
Action.c(127): web_add_cookie was successful  	[MsgId: MMSG-26392]
Action.c(128): web_add_cookie started  	[MsgId: MMSG-26355]
Action.c(128): web_add_cookie was successful  	[MsgId: MMSG-26392]
Action.c(138): web_url("login_2") started  	[MsgId: MMSG-26355]
Action.c(138): Redirecting "http://10.184.129.108/Platform//account/login" (redirection depth is 0)  	[MsgId: MMSG-26694]
Action.c(138): To location "http://10.184.129.108/Platform/workarea"  	[MsgId: MMSG-26693]
Action.c(138): web_url("login_2") was successful, 14227 body bytes, 539 header bytes  	[MsgId: MMSG-26386]
Action.c(146): web_url("workarea") started  	[MsgId: MMSG-26355]
Action.c(146): web_url("workarea") was successful, 14092 body bytes, 260 header bytes  	[MsgId: MMSG-26386]
Action.c(206): web_add_auto_header("Authorization") started  	[MsgId: MMSG-26355]
Action.c(206): Warning -26593: The header being added may cause unpredictable results when applied to all ensuing URLs. It is added anyway  	[MsgId: MWAR-26593]
Action.c(206): web_add_auto_header("Authorization") highest severity level was "warning"  	[MsgId: MMSG-26391]
Action.c(208): web_reg_save_param started  	[MsgId: MMSG-26355]
Action.c(208): Registering web_reg_save_param was successful  	[MsgId: MMSG-26390]
Action.c(213): web_url("CheckLoginStatusByUser") started  	[MsgId: MMSG-26355]
Action.c(213): HTML parsing not performed for Content-Type "application/json" ("ParseHtmlContentType" Run-Time Setting is "TEXT"). URL="http://10.184.129.108/Platform/Account/CheckLoginStatus"  	[MsgId: MMSG-26548]
Action.c(213): web_url("CheckLoginStatusByUser") was successful, 4 body bytes, 251 header bytes  	[MsgId: MMSG-26386]
User Login website successfully: HTTP/1.1 200 OK
Cache-Control: private
Content-Type: application/json; charset=utf-8
Server: Microsoft-IIS/7.5
X-AspNetMvc-Version: 5.2
X-AspNet-Version: 4.0.30319
X-Powered-By: ASP.NET
Date: Wed, 12 Sep 2018 03:13:56 GMT
Content-Length: 4

true	[MsgId: MMSG-17999]
Action.c(238): web_url("tableRowsPerPage") started  	[MsgId: MMSG-26355]
Action.c(238): HTML parsing not performed for Content-Type "application/json" ("ParseHtmlContentType" Run-Time Setting is "TEXT"). URL="http://10.184.129.108/webapi/api/tableRowsPerPage"  	[MsgId: MMSG-26548]
Action.c(238): web_url("tableRowsPerPage") was successful, 39 body bytes, 258 header bytes  	[MsgId: MMSG-26386]
Action.c(246): web_url("worklistcolumns") started  	[MsgId: MMSG-26355]
Action.c(246): HTML parsing not performed for Content-Type "application/json" ("ParseHtmlContentType" Run-Time Setting is "TEXT"). URL="http://10.184.129.108/webapi/api/worklist/worklistcolumns"  	[MsgId: MMSG-26548]
Action.c(246): web_url("worklistcolumns") was successful, 6056 body bytes, 260 header bytes  	[MsgId: MMSG-26386]
Action.c(262): web_url("systemversion") started  	[MsgId: MMSG-26355]
Action.c(262): HTML parsing not performed for Content-Type "application/json" ("ParseHtmlContentType" Run-Time Setting is "TEXT"). URL="http://10.184.129.108/webapi/api/systemversion"  	[MsgId: MMSG-26548]
Action.c(262): web_url("systemversion") was successful, 17 body bytes, 258 header bytes  	[MsgId: MMSG-26386]
Action.c(270): web_url("CheckLoginStatus") started  	[MsgId: MMSG-26355]
Action.c(270): HTML parsing not performed for Content-Type "application/json" ("ParseHtmlContentType" Run-Time Setting is "TEXT"). URL="http://10.184.129.108/Platform/Account/CheckLoginStatus"  	[MsgId: MMSG-26548]
Action.c(270): web_url("CheckLoginStatus") was successful, 4 body bytes, 251 header bytes  	[MsgId: MMSG-26386]
Action.c(281): web_url("workarea-app-container.html") started  	[MsgId: MMSG-26355]
Action.c(281): web_url("workarea-app-container.html") was successful, 798 body bytes, 246 header bytes  	[MsgId: MMSG-26386]
Action.c(290): web_url("terminalmonitor-template.html") started  	[MsgId: MMSG-26355]
Action.c(290): web_url("terminalmonitor-template.html") was successful, 28996 body bytes, 248 header bytes  	[MsgId: MMSG-26386]
Action.c(314): web_custom_request("terminalmonitoring") started  	[MsgId: MMSG-26355]
Action.c(314): Warning -26000: Request body (length=39) is not empty for HTTP Method=GET, for URL is "http://10.184.129.108/webapi/api/terminalmonitoring?userId=13" (Internal ID=14)  	[MsgId: MWAR-26000]
Action.c(314): HTML parsing not performed for Content-Type "application/json" ("ParseHtmlContentType" Run-Time Setting is "TEXT"). URL="http://10.184.129.108/webapi/api/terminalmonitoring?userId=13"  	[MsgId: MMSG-26548]
Action.c(314): web_custom_request("terminalmonitoring") highest severity level was "warning", 34941 body bytes, 261 header bytes  	[MsgId: MMSG-26388]
Action.c(325): web_url("CheckLoginStatus_5") started  	[MsgId: MMSG-26355]
Action.c(325): HTML parsing not performed for Content-Type "application/json" ("ParseHtmlContentType" Run-Time Setting is "TEXT"). URL="http://10.184.129.108/Platform/Account/CheckLoginStatus"  	[MsgId: MMSG-26548]
Action.c(325): web_url("CheckLoginStatus_5") was successful, 4 body bytes, 251 header bytes  	[MsgId: MMSG-26386]
Action.c(341): Notify: Transaction "User_login" ended with a "Pass" status (Duration: 0.1850 Wasted Time: 0.0001).	[MsgId: MMSG-16871]
Action.c(351): Notify: Transaction "ExpandFilmRecord" started.	[MsgId: MMSG-16999]
Action.c(353): web_custom_request("web_custom_request") started  	[MsgId: MMSG-26355]
Action.c(353): HTML parsing not performed for Content-Type "application/json" ("ParseHtmlContentType" Run-Time Setting is "TEXT"). URL="http://10.184.129.108/webapi/api/worklist/filmInfo?accessionNumber=A20180822142359991"  	[MsgId: MMSG-26548]
Action.c(353): web_custom_request("web_custom_request") was successful, 2 body bytes, 257 header bytes  	[MsgId: MMSG-26386]
Action.c(362): Notify: Transaction "ExpandFilmRecord" ended with a "Pass" status (Duration: 0.0728).	[MsgId: MMSG-16873]
Action.c(364): web_url("CheckLoginStatus_25") started  	[MsgId: MMSG-26355]
Action.c(364): HTML parsing not performed for Content-Type "application/json" ("ParseHtmlContentType" Run-Time Setting is "TEXT"). URL="http://10.184.129.108/Platform/Account/CheckLoginStatus"  	[MsgId: MMSG-26548]
Action.c(364): web_url("CheckLoginStatus_25") was successful, 4 body bytes, 251 header bytes  	[MsgId: MMSG-26386]
Action.c(372): lr_think_time: 10.00 seconds.	[MsgId: MMSG-15948]
Action.c(375): web_url("CheckLoginStatus_25") started  	[MsgId: MMSG-26355]
Action.c(375): HTML parsing not performed for Content-Type "application/json" ("ParseHtmlContentType" Run-Time Setting is "TEXT"). URL="http://10.184.129.108/Platform/Account/CheckLoginStatus"  	[MsgId: MMSG-26548]
Action.c(375): web_url("CheckLoginStatus_25") was successful, 4 body bytes, 251 header bytes  	[MsgId: MMSG-26386]
Action.c(385): Notify: Transaction "ExpandReportRecord" started.	[MsgId: MMSG-16999]
Action.c(387): web_custom_request("web_custom_request") started  	[MsgId: MMSG-26355]
Action.c(387): HTML parsing not performed for Content-Type "application/json" ("ParseHtmlContentType" Run-Time Setting is "TEXT"). URL="http://10.184.129.108/webapi/api/worklist/reportInfo?accessionNumber=A20180822145643137"  	[MsgId: MMSG-26548]
Action.c(387): web_custom_request("web_custom_request") was successful, 653 body bytes, 259 header bytes  	[MsgId: MMSG-26386]
Action.c(396): Notify: Transaction "ExpandReportRecord" ended with a "Pass" status (Duration: 0.0504).	[MsgId: MMSG-16873]
Action.c(398): web_url("CheckLoginStatus_25") started  	[MsgId: MMSG-26355]
Action.c(398): HTML parsing not performed for Content-Type "application/json" ("ParseHtmlContentType" Run-Time Setting is "TEXT"). URL="http://10.184.129.108/Platform/Account/CheckLoginStatus"  	[MsgId: MMSG-26548]
Action.c(398): web_url("CheckLoginStatus_25") was successful, 4 body bytes, 251 header bytes  	[MsgId: MMSG-26386]
Action.c(406): lr_think_time: 10.00 seconds.	[MsgId: MMSG-15948]
Action.c(418): web_reg_save_param started  	[MsgId: MMSG-26355]
Action.c(418): Registering web_reg_save_param was successful  	[MsgId: MMSG-26390]
Action.c(423): Notify: Transaction "SetTheHoldingTime" started.	[MsgId: MMSG-16999]
Action.c(425): web_custom_request("SetHoldingTime") started  	[MsgId: MMSG-26355]
Action.c(425): HTML parsing not performed for Content-Type "application/json" ("ParseHtmlContentType" Run-Time Setting is "TEXT"). URL="http://10.184.129.108/webapi/api/worklist/UpdateStatusByAccessionNumber"  	[MsgId: MMSG-26548]
Action.c(425): web_custom_request("SetHoldingTime") was successful, 50 body bytes, 258 header bytes  	[MsgId: MMSG-26386]
Action.c(435): Notify: Transaction "SetTheHoldingTime" ended with a "Pass" status (Duration: 0.0773 Wasted Time: 0.0000).	[MsgId: MMSG-16871]
The result is:  false	[MsgId: MMSG-17999]
Action.c(441): Error: SetTheHoldingTime fail :A20180822155321756,false	[MsgId: MERR-17999]
End auto log messages stack.	[MsgId: MMSG-10544]


Start auto log messages stack - Iteration 2.	[MsgId: MMSG-10545]
Starting action Action.	[MsgId: MMSG-15919]
Action.c(6): web_set_max_html_param_len started  	[MsgId: MMSG-26355]
Action.c(6): web_set_max_html_param_len was successful  	[MsgId: MMSG-26392]
Action.c(8): web_url("Platform") started  	[MsgId: MMSG-26355]
Action.c(8): web_url("Platform") was successful, 6136 body bytes, 247 header bytes  	[MsgId: MMSG-26386]
Action.c(87): web_url("login-view.html") started  	[MsgId: MMSG-26355]
Action.c(87): web_url("login-view.html") was successful, 6207 body bytes, 247 header bytes  	[MsgId: MMSG-26386]
Action.c(99): web_reg_save_param started  	[MsgId: MMSG-26355]
Action.c(99): Registering web_reg_save_param was successful  	[MsgId: MMSG-26390]
Action.c(104): web_reg_save_param started  	[MsgId: MMSG-26355]
Action.c(104): Registering web_reg_save_param was successful  	[MsgId: MMSG-26390]
Action.c(109): web_reg_save_param started  	[MsgId: MMSG-26355]
Action.c(109): Registering web_reg_save_param was successful  	[MsgId: MMSG-26390]
Action.c(114): Notify: Transaction "User_login" started.	[MsgId: MMSG-16999]
Action.c(116): web_custom_request("login") started  	[MsgId: MMSG-26355]
Action.c(116): HTML parsing not performed for Content-Type "application/json" ("ParseHtmlContentType" Run-Time Setting is "TEXT"). URL="http://10.184.129.108/Platform/account/login"  	[MsgId: MMSG-26548]
Action.c(116): web_custom_request("login") was successful, 78 body bytes, 1676 header bytes  	[MsgId: MMSG-26386]
Action.c(127): web_add_cookie started  	[MsgId: MMSG-26355]
Action.c(127): web_add_cookie was successful  	[MsgId: MMSG-26392]
Action.c(128): web_add_cookie started  	[MsgId: MMSG-26355]
Action.c(128): web_add_cookie was successful  	[MsgId: MMSG-26392]
Action.c(138): web_url("login_2") started  	[MsgId: MMSG-26355]
Action.c(138): Redirecting "http://10.184.129.108/Platform//account/login" (redirection depth is 0)  	[MsgId: MMSG-26694]
Action.c(138): To location "http://10.184.129.108/Platform/workarea"  	[MsgId: MMSG-26693]
Action.c(138): web_url("login_2") was successful, 14227 body bytes, 539 header bytes  	[MsgId: MMSG-26386]
Action.c(146): web_url("workarea") started  	[MsgId: MMSG-26355]
Action.c(146): web_url("workarea") was successful, 14092 body bytes, 260 header bytes  	[MsgId: MMSG-26386]
Action.c(206): web_add_auto_header("Authorization") started  	[MsgId: MMSG-26355]
Action.c(206): Warning -26593: The header being added may cause unpredictable results when applied to all ensuing URLs. It is added anyway  	[MsgId: MWAR-26593]
Action.c(206): web_add_auto_header("Authorization") highest severity level was "warning"  	[MsgId: MMSG-26391]
Action.c(208): web_reg_save_param started  	[MsgId: MMSG-26355]
Action.c(208): Registering web_reg_save_param was successful  	[MsgId: MMSG-26390]
Action.c(213): web_url("CheckLoginStatusByUser") started  	[MsgId: MMSG-26355]
Action.c(213): HTML parsing not performed for Content-Type "application/json" ("ParseHtmlContentType" Run-Time Setting is "TEXT"). URL="http://10.184.129.108/Platform/Account/CheckLoginStatus"  	[MsgId: MMSG-26548]
Action.c(213): web_url("CheckLoginStatusByUser") was successful, 4 body bytes, 251 header bytes  	[MsgId: MMSG-26386]
User Login website successfully: HTTP/1.1 200 OK
Cache-Control: private
Content-Type: application/json; charset=utf-8
Server: Microsoft-IIS/7.5
X-AspNetMvc-Version: 5.2
X-AspNet-Version: 4.0.30319
X-Powered-By: ASP.NET
Date: Wed, 12 Sep 2018 03:15:16 GMT
Content-Length: 4

true	[MsgId: MMSG-17999]
Action.c(238): web_url("tableRowsPerPage") started  	[MsgId: MMSG-26355]
Action.c(238): HTML parsing not performed for Content-Type "application/json" ("ParseHtmlContentType" Run-Time Setting is "TEXT"). URL="http://10.184.129.108/webapi/api/tableRowsPerPage"  	[MsgId: MMSG-26548]
Action.c(238): web_url("tableRowsPerPage") was successful, 39 body bytes, 258 header bytes  	[MsgId: MMSG-26386]
Action.c(246): web_url("worklistcolumns") started  	[MsgId: MMSG-26355]
Action.c(246): HTML parsing not performed for Content-Type "application/json" ("ParseHtmlContentType" Run-Time Setting is "TEXT"). URL="http://10.184.129.108/webapi/api/worklist/worklistcolumns"  	[MsgId: MMSG-26548]
Action.c(246): web_url("worklistcolumns") was successful, 6056 body bytes, 260 header bytes  	[MsgId: MMSG-26386]
Action.c(262): web_url("systemversion") started  	[MsgId: MMSG-26355]
Action.c(262): HTML parsing not performed for Content-Type "application/json" ("ParseHtmlContentType" Run-Time Setting is "TEXT"). URL="http://10.184.129.108/webapi/api/systemversion"  	[MsgId: MMSG-26548]
Action.c(262): web_url("systemversion") was successful, 17 body bytes, 258 header bytes  	[MsgId: MMSG-26386]
Action.c(270): web_url("CheckLoginStatus") started  	[MsgId: MMSG-26355]
Action.c(270): HTML parsing not performed for Content-Type "application/json" ("ParseHtmlContentType" Run-Time Setting is "TEXT"). URL="http://10.184.129.108/Platform/Account/CheckLoginStatus"  	[MsgId: MMSG-26548]
Action.c(270): web_url("CheckLoginStatus") was successful, 4 body bytes, 251 header bytes  	[MsgId: MMSG-26386]
Action.c(281): web_url("workarea-app-container.html") started  	[MsgId: MMSG-26355]
Action.c(281): web_url("workarea-app-container.html") was successful, 798 body bytes, 246 header bytes  	[MsgId: MMSG-26386]
Action.c(290): web_url("terminalmonitor-template.html") started  	[MsgId: MMSG-26355]
Action.c(290): web_url("terminalmonitor-template.html") was successful, 28996 body bytes, 248 header bytes  	[MsgId: MMSG-26386]
Action.c(314): web_custom_request("terminalmonitoring") started  	[MsgId: MMSG-26355]
Action.c(314): Warning -26000: Request body (length=39) is not empty for HTTP Method=GET, for URL is "http://10.184.129.108/webapi/api/terminalmonitoring?userId=14" (Internal ID=37)  	[MsgId: MWAR-26000]
Action.c(314): HTML parsing not performed for Content-Type "application/json" ("ParseHtmlContentType" Run-Time Setting is "TEXT"). URL="http://10.184.129.108/webapi/api/terminalmonitoring?userId=14"  	[MsgId: MMSG-26548]
Action.c(314): web_custom_request("terminalmonitoring") highest severity level was "warning", 34941 body bytes, 261 header bytes  	[MsgId: MMSG-26388]
Action.c(325): web_url("CheckLoginStatus_5") started  	[MsgId: MMSG-26355]
Action.c(325): HTML parsing not performed for Content-Type "application/json" ("ParseHtmlContentType" Run-Time Setting is "TEXT"). URL="http://10.184.129.108/Platform/Account/CheckLoginStatus"  	[MsgId: MMSG-26548]
Action.c(325): web_url("CheckLoginStatus_5") was successful, 4 body bytes, 251 header bytes  	[MsgId: MMSG-26386]
Action.c(341): Notify: Transaction "User_login" ended with a "Pass" status (Duration: 0.1513 Wasted Time: 0.0001).	[MsgId: MMSG-16871]
Action.c(351): Notify: Transaction "ExpandFilmRecord" started.	[MsgId: MMSG-16999]
Action.c(353): web_custom_request("web_custom_request") started  	[MsgId: MMSG-26355]
Action.c(353): HTML parsing not performed for Content-Type "application/json" ("ParseHtmlContentType" Run-Time Setting is "TEXT"). URL="http://10.184.129.108/webapi/api/worklist/filmInfo?accessionNumber=A20180822141624569"  	[MsgId: MMSG-26548]
Action.c(353): web_custom_request("web_custom_request") was successful, 2 body bytes, 257 header bytes  	[MsgId: MMSG-26386]
Action.c(362): Notify: Transaction "ExpandFilmRecord" ended with a "Pass" status (Duration: 0.0065).	[MsgId: MMSG-16873]
Action.c(364): web_url("CheckLoginStatus_25") started  	[MsgId: MMSG-26355]
Action.c(364): HTML parsing not performed for Content-Type "application/json" ("ParseHtmlContentType" Run-Time Setting is "TEXT"). URL="http://10.184.129.108/Platform/Account/CheckLoginStatus"  	[MsgId: MMSG-26548]
Action.c(364): web_url("CheckLoginStatus_25") was successful, 4 body bytes, 251 header bytes  	[MsgId: MMSG-26386]
Action.c(372): lr_think_time: 10.00 seconds.	[MsgId: MMSG-15948]
Action.c(375): web_url("CheckLoginStatus_25") started  	[MsgId: MMSG-26355]
Action.c(375): HTML parsing not performed for Content-Type "application/json" ("ParseHtmlContentType" Run-Time Setting is "TEXT"). URL="http://10.184.129.108/Platform/Account/CheckLoginStatus"  	[MsgId: MMSG-26548]
Action.c(375): web_url("CheckLoginStatus_25") was successful, 4 body bytes, 251 header bytes  	[MsgId: MMSG-26386]
Action.c(385): Notify: Transaction "ExpandReportRecord" started.	[MsgId: MMSG-16999]
Action.c(387): web_custom_request("web_custom_request") started  	[MsgId: MMSG-26355]
Action.c(387): HTML parsing not performed for Content-Type "application/json" ("ParseHtmlContentType" Run-Time Setting is "TEXT"). URL="http://10.184.129.108/webapi/api/worklist/reportInfo?accessionNumber=A20180822143705529"  	[MsgId: MMSG-26548]
Action.c(387): web_custom_request("web_custom_request") was successful, 651 body bytes, 259 header bytes  	[MsgId: MMSG-26386]
Action.c(396): Notify: Transaction "ExpandReportRecord" ended with a "Pass" status (Duration: 0.0148).	[MsgId: MMSG-16873]
Action.c(398): web_url("CheckLoginStatus_25") started  	[MsgId: MMSG-26355]
Action.c(398): HTML parsing not performed for Content-Type "application/json" ("ParseHtmlContentType" Run-Time Setting is "TEXT"). URL="http://10.184.129.108/Platform/Account/CheckLoginStatus"  	[MsgId: MMSG-26548]
Action.c(398): web_url("CheckLoginStatus_25") was successful, 4 body bytes, 251 header bytes  	[MsgId: MMSG-26386]
Action.c(406): lr_think_time: 10.00 seconds.	[MsgId: MMSG-15948]
Action.c(418): web_reg_save_param started  	[MsgId: MMSG-26355]
Action.c(418): Registering web_reg_save_param was successful  	[MsgId: MMSG-26390]
Action.c(423): Notify: Transaction "SetTheHoldingTime" started.	[MsgId: MMSG-16999]
Action.c(425): web_custom_request("SetHoldingTime") started  	[MsgId: MMSG-26355]
Action.c(425): HTML parsing not performed for Content-Type "application/json" ("ParseHtmlContentType" Run-Time Setting is "TEXT"). URL="http://10.184.129.108/webapi/api/worklist/UpdateStatusByAccessionNumber"  	[MsgId: MMSG-26548]
Action.c(425): web_custom_request("SetHoldingTime") was successful, 50 body bytes, 258 header bytes  	[MsgId: MMSG-26386]
Action.c(435): Notify: Transaction "SetTheHoldingTime" ended with a "Pass" status (Duration: 0.1044 Wasted Time: 0.0000).	[MsgId: MMSG-16871]
The result is:  false	[MsgId: MMSG-17999]
Action.c(441): Error: SetTheHoldingTime fail :A20180822155308976,false	[MsgId: MERR-17999]
End auto log messages stack.	[MsgId: MMSG-10544]


Start auto log messages stack - Iteration 3.	[MsgId: MMSG-10545]
Starting action Action.	[MsgId: MMSG-15919]
Action.c(6): web_set_max_html_param_len started  	[MsgId: MMSG-26355]
Action.c(6): web_set_max_html_param_len was successful  	[MsgId: MMSG-26392]
Action.c(8): web_url("Platform") started  	[MsgId: MMSG-26355]
Action.c(8): web_url("Platform") was successful, 6136 body bytes, 247 header bytes  	[MsgId: MMSG-26386]
Action.c(87): web_url("login-view.html") started  	[MsgId: MMSG-26355]
Action.c(87): web_url("login-view.html") was successful, 6207 body bytes, 247 header bytes  	[MsgId: MMSG-26386]
Action.c(99): web_reg_save_param started  	[MsgId: MMSG-26355]
Action.c(99): Registering web_reg_save_param was successful  	[MsgId: MMSG-26390]
Action.c(104): web_reg_save_param started  	[MsgId: MMSG-26355]
Action.c(104): Registering web_reg_save_param was successful  	[MsgId: MMSG-26390]
Action.c(109): web_reg_save_param started  	[MsgId: MMSG-26355]
Action.c(109): Registering web_reg_save_param was successful  	[MsgId: MMSG-26390]
Action.c(114): Notify: Transaction "User_login" started.	[MsgId: MMSG-16999]
Action.c(116): web_custom_request("login") started  	[MsgId: MMSG-26355]
Action.c(116): HTML parsing not performed for Content-Type "application/json" ("ParseHtmlContentType" Run-Time Setting is "TEXT"). URL="http://10.184.129.108/Platform/account/login"  	[MsgId: MMSG-26548]
Action.c(116): web_custom_request("login") was successful, 78 body bytes, 1676 header bytes  	[MsgId: MMSG-26386]
Action.c(127): web_add_cookie started  	[MsgId: MMSG-26355]
Action.c(127): web_add_cookie was successful  	[MsgId: MMSG-26392]
Action.c(128): web_add_cookie started  	[MsgId: MMSG-26355]
Action.c(128): web_add_cookie was successful  	[MsgId: MMSG-26392]
Action.c(138): web_url("login_2") started  	[MsgId: MMSG-26355]
Action.c(138): Redirecting "http://10.184.129.108/Platform//account/login" (redirection depth is 0)  	[MsgId: MMSG-26694]
Action.c(138): To location "http://10.184.129.108/Platform/workarea"  	[MsgId: MMSG-26693]
Action.c(138): web_url("login_2") was successful, 14227 body bytes, 539 header bytes  	[MsgId: MMSG-26386]
Action.c(146): web_url("workarea") started  	[MsgId: MMSG-26355]
Action.c(146): web_url("workarea") was successful, 14092 body bytes, 260 header bytes  	[MsgId: MMSG-26386]
Action.c(206): web_add_auto_header("Authorization") started  	[MsgId: MMSG-26355]
Action.c(206): Warning -26593: The header being added may cause unpredictable results when applied to all ensuing URLs. It is added anyway  	[MsgId: MWAR-26593]
Action.c(206): web_add_auto_header("Authorization") highest severity level was "warning"  	[MsgId: MMSG-26391]
Action.c(208): web_reg_save_param started  	[MsgId: MMSG-26355]
Action.c(208): Registering web_reg_save_param was successful  	[MsgId: MMSG-26390]
Action.c(213): web_url("CheckLoginStatusByUser") started  	[MsgId: MMSG-26355]
Action.c(213): HTML parsing not performed for Content-Type "application/json" ("ParseHtmlContentType" Run-Time Setting is "TEXT"). URL="http://10.184.129.108/Platform/Account/CheckLoginStatus"  	[MsgId: MMSG-26548]
Action.c(213): web_url("CheckLoginStatusByUser") was successful, 4 body bytes, 251 header bytes  	[MsgId: MMSG-26386]
User Login website successfully: HTTP/1.1 200 OK
Cache-Control: private
Content-Type: application/json; charset=utf-8
Server: Microsoft-IIS/7.5
X-AspNetMvc-Version: 5.2
X-AspNet-Version: 4.0.30319
X-Powered-By: ASP.NET
Date: Wed, 12 Sep 2018 03:16:46 GMT
Content-Length: 4

true	[MsgId: MMSG-17999]
Action.c(238): web_url("tableRowsPerPage") started  	[MsgId: MMSG-26355]
Action.c(238): HTML parsing not performed for Content-Type "application/json" ("ParseHtmlContentType" Run-Time Setting is "TEXT"). URL="http://10.184.129.108/webapi/api/tableRowsPerPage"  	[MsgId: MMSG-26548]
Action.c(238): web_url("tableRowsPerPage") was successful, 39 body bytes, 258 header bytes  	[MsgId: MMSG-26386]
Action.c(246): web_url("worklistcolumns") started  	[MsgId: MMSG-26355]
Action.c(246): HTML parsing not performed for Content-Type "application/json" ("ParseHtmlContentType" Run-Time Setting is "TEXT"). URL="http://10.184.129.108/webapi/api/worklist/worklistcolumns"  	[MsgId: MMSG-26548]
Action.c(246): web_url("worklistcolumns") was successful, 6056 body bytes, 260 header bytes  	[MsgId: MMSG-26386]
Action.c(262): web_url("systemversion") started  	[MsgId: MMSG-26355]
Action.c(262): HTML parsing not performed for Content-Type "application/json" ("ParseHtmlContentType" Run-Time Setting is "TEXT"). URL="http://10.184.129.108/webapi/api/systemversion"  	[MsgId: MMSG-26548]
Action.c(262): web_url("systemversion") was successful, 17 body bytes, 258 header bytes  	[MsgId: MMSG-26386]
Action.c(270): web_url("CheckLoginStatus") started  	[MsgId: MMSG-26355]
Action.c(270): HTML parsing not performed for Content-Type "application/json" ("ParseHtmlContentType" Run-Time Setting is "TEXT"). URL="http://10.184.129.108/Platform/Account/CheckLoginStatus"  	[MsgId: MMSG-26548]
Action.c(270): web_url("CheckLoginStatus") was successful, 4 body bytes, 251 header bytes  	[MsgId: MMSG-26386]
Action.c(281): web_url("workarea-app-container.html") started  	[MsgId: MMSG-26355]
Action.c(281): web_url("workarea-app-container.html") was successful, 798 body bytes, 246 header bytes  	[MsgId: MMSG-26386]
Action.c(290): web_url("terminalmonitor-template.html") started  	[MsgId: MMSG-26355]
Action.c(290): web_url("terminalmonitor-template.html") was successful, 28996 body bytes, 248 header bytes  	[MsgId: MMSG-26386]
Action.c(314): web_custom_request("terminalmonitoring") started  	[MsgId: MMSG-26355]
Action.c(314): Warning -26000: Request body (length=39) is not empty for HTTP Method=GET, for URL is "http://10.184.129.108/webapi/api/terminalmonitoring?userId=13" (Internal ID=60)  	[MsgId: MWAR-26000]
Action.c(314): HTML parsing not performed for Content-Type "application/json" ("ParseHtmlContentType" Run-Time Setting is "TEXT"). URL="http://10.184.129.108/webapi/api/terminalmonitoring?userId=13"  	[MsgId: MMSG-26548]
Action.c(314): web_custom_request("terminalmonitoring") highest severity level was "warning", 34941 body bytes, 261 header bytes  	[MsgId: MMSG-26388]
Action.c(325): web_url("CheckLoginStatus_5") started  	[MsgId: MMSG-26355]
Action.c(325): HTML parsing not performed for Content-Type "application/json" ("ParseHtmlContentType" Run-Time Setting is "TEXT"). URL="http://10.184.129.108/Platform/Account/CheckLoginStatus"  	[MsgId: MMSG-26548]
Action.c(325): web_url("CheckLoginStatus_5") was successful, 4 body bytes, 251 header bytes  	[MsgId: MMSG-26386]
Action.c(341): Notify: Transaction "User_login" ended with a "Pass" status (Duration: 0.1453 Wasted Time: 0.0000).	[MsgId: MMSG-16871]
Action.c(351): Notify: Transaction "ExpandFilmRecord" started.	[MsgId: MMSG-16999]
Action.c(353): web_custom_request("web_custom_request") started  	[MsgId: MMSG-26355]
Action.c(353): HTML parsing not performed for Content-Type "application/json" ("ParseHtmlContentType" Run-Time Setting is "TEXT"). URL="http://10.184.129.108/webapi/api/worklist/filmInfo?accessionNumber=A20180822142807523"  	[MsgId: MMSG-26548]
Action.c(353): web_custom_request("web_custom_request") was successful, 2 body bytes, 257 header bytes  	[MsgId: MMSG-26386]
Action.c(362): Notify: Transaction "ExpandFilmRecord" ended with a "Pass" status (Duration: 0.0061).	[MsgId: MMSG-16873]
Action.c(364): web_url("CheckLoginStatus_25") started  	[MsgId: MMSG-26355]
Action.c(364): HTML parsing not performed for Content-Type "application/json" ("ParseHtmlContentType" Run-Time Setting is "TEXT"). URL="http://10.184.129.108/Platform/Account/CheckLoginStatus"  	[MsgId: MMSG-26548]
Action.c(364): web_url("CheckLoginStatus_25") was successful, 4 body bytes, 251 header bytes  	[MsgId: MMSG-26386]
Action.c(372): lr_think_time: 10.00 seconds.	[MsgId: MMSG-15948]
Action.c(375): web_url("CheckLoginStatus_25") started  	[MsgId: MMSG-26355]
Action.c(375): HTML parsing not performed for Content-Type "application/json" ("ParseHtmlContentType" Run-Time Setting is "TEXT"). URL="http://10.184.129.108/Platform/Account/CheckLoginStatus"  	[MsgId: MMSG-26548]
Action.c(375): web_url("CheckLoginStatus_25") was successful, 4 body bytes, 251 header bytes  	[MsgId: MMSG-26386]
Action.c(385): Notify: Transaction "ExpandReportRecord" started.	[MsgId: MMSG-16999]
Action.c(387): web_custom_request("web_custom_request") started  	[MsgId: MMSG-26355]
Action.c(387): HTML parsing not performed for Content-Type "application/json" ("ParseHtmlContentType" Run-Time Setting is "TEXT"). URL="http://10.184.129.108/webapi/api/worklist/reportInfo?accessionNumber=A20180822145503923"  	[MsgId: MMSG-26548]
Action.c(387): web_custom_request("web_custom_request") was successful, 653 body bytes, 259 header bytes  	[MsgId: MMSG-26386]
Action.c(396): Notify: Transaction "ExpandReportRecord" ended with a "Pass" status (Duration: 0.0415).	[MsgId: MMSG-16873]
Action.c(398): web_url("CheckLoginStatus_25") started  	[MsgId: MMSG-26355]
Action.c(398): HTML parsing not performed for Content-Type "application/json" ("ParseHtmlContentType" Run-Time Setting is "TEXT"). URL="http://10.184.129.108/Platform/Account/CheckLoginStatus"  	[MsgId: MMSG-26548]
Action.c(398): web_url("CheckLoginStatus_25") was successful, 4 body bytes, 251 header bytes  	[MsgId: MMSG-26386]
Action.c(406): lr_think_time: 10.00 seconds.	[MsgId: MMSG-15948]
Action.c(418): web_reg_save_param started  	[MsgId: MMSG-26355]
Action.c(418): Registering web_reg_save_param was successful  	[MsgId: MMSG-26390]
Action.c(423): Notify: Transaction "SetTheHoldingTime" started.	[MsgId: MMSG-16999]
Action.c(425): web_custom_request("SetHoldingTime") started  	[MsgId: MMSG-26355]
Action.c(425): HTML parsing not performed for Content-Type "application/json" ("ParseHtmlContentType" Run-Time Setting is "TEXT"). URL="http://10.184.129.108/webapi/api/worklist/UpdateStatusByAccessionNumber"  	[MsgId: MMSG-26548]
Action.c(425): web_custom_request("SetHoldingTime") was successful, 50 body bytes, 258 header bytes  	[MsgId: MMSG-26386]
Action.c(435): Notify: Transaction "SetTheHoldingTime" ended with a "Pass" status (Duration: 0.0428 Wasted Time: 0.0000).	[MsgId: MMSG-16871]
The result is:  false	[MsgId: MMSG-17999]
Action.c(441): Error: SetTheHoldingTime fail :A20180822155229514,false	[MsgId: MERR-17999]
End auto log messages stack.	[MsgId: MMSG-10544]


Start auto log messages stack - Iteration 4.	[MsgId: MMSG-10545]
Starting action Action.	[MsgId: MMSG-15919]
Action.c(6): web_set_max_html_param_len started  	[MsgId: MMSG-26355]
Action.c(6): web_set_max_html_param_len was successful  	[MsgId: MMSG-26392]
Action.c(8): web_url("Platform") started  	[MsgId: MMSG-26355]
Action.c(8): web_url("Platform") was successful, 6136 body bytes, 247 header bytes  	[MsgId: MMSG-26386]
Action.c(87): web_url("login-view.html") started  	[MsgId: MMSG-26355]
Action.c(87): web_url("login-view.html") was successful, 6207 body bytes, 247 header bytes  	[MsgId: MMSG-26386]
Action.c(99): web_reg_save_param started  	[MsgId: MMSG-26355]
Action.c(99): Registering web_reg_save_param was successful  	[MsgId: MMSG-26390]
Action.c(104): web_reg_save_param started  	[MsgId: MMSG-26355]
Action.c(104): Registering web_reg_save_param was successful  	[MsgId: MMSG-26390]
Action.c(109): web_reg_save_param started  	[MsgId: MMSG-26355]
Action.c(109): Registering web_reg_save_param was successful  	[MsgId: MMSG-26390]
Action.c(114): Notify: Transaction "User_login" started.	[MsgId: MMSG-16999]
Action.c(116): web_custom_request("login") started  	[MsgId: MMSG-26355]
Action.c(116): HTML parsing not performed for Content-Type "application/json" ("ParseHtmlContentType" Run-Time Setting is "TEXT"). URL="http://10.184.129.108/Platform/account/login"  	[MsgId: MMSG-26548]
Action.c(116): web_custom_request("login") was successful, 78 body bytes, 1676 header bytes  	[MsgId: MMSG-26386]
Action.c(127): web_add_cookie started  	[MsgId: MMSG-26355]
Action.c(127): web_add_cookie was successful  	[MsgId: MMSG-26392]
Action.c(128): web_add_cookie started  	[MsgId: MMSG-26355]
Action.c(128): web_add_cookie was successful  	[MsgId: MMSG-26392]
Action.c(138): web_url("login_2") started  	[MsgId: MMSG-26355]
Action.c(138): Redirecting "http://10.184.129.108/Platform//account/login" (redirection depth is 0)  	[MsgId: MMSG-26694]
Action.c(138): To location "http://10.184.129.108/Platform/workarea"  	[MsgId: MMSG-26693]
Action.c(138): web_url("login_2") was successful, 14227 body bytes, 539 header bytes  	[MsgId: MMSG-26386]
Action.c(146): web_url("workarea") started  	[MsgId: MMSG-26355]
Action.c(146): web_url("workarea") was successful, 14092 body bytes, 260 header bytes  	[MsgId: MMSG-26386]
Action.c(206): web_add_auto_header("Authorization") started  	[MsgId: MMSG-26355]
Action.c(206): Warning -26593: The header being added may cause unpredictable results when applied to all ensuing URLs. It is added anyway  	[MsgId: MWAR-26593]
Action.c(206): web_add_auto_header("Authorization") highest severity level was "warning"  	[MsgId: MMSG-26391]
Action.c(208): web_reg_save_param started  	[MsgId: MMSG-26355]
Action.c(208): Registering web_reg_save_param was successful  	[MsgId: MMSG-26390]
Action.c(213): web_url("CheckLoginStatusByUser") started  	[MsgId: MMSG-26355]
Action.c(213): HTML parsing not performed for Content-Type "application/json" ("ParseHtmlContentType" Run-Time Setting is "TEXT"). URL="http://10.184.129.108/Platform/Account/CheckLoginStatus"  	[MsgId: MMSG-26548]
Action.c(213): web_url("CheckLoginStatusByUser") was successful, 4 body bytes, 251 header bytes  	[MsgId: MMSG-26386]
User Login website successfully: HTTP/1.1 200 OK
Cache-Control: private
Content-Type: application/json; charset=utf-8
Server: Microsoft-IIS/7.5
X-AspNetMvc-Version: 5.2
X-AspNet-Version: 4.0.30319
X-Powered-By: ASP.NET
Date: Wed, 12 Sep 2018 03:18:10 GMT
Content-Length: 4

true	[MsgId: MMSG-17999]
Action.c(238): web_url("tableRowsPerPage") started  	[MsgId: MMSG-26355]
Action.c(238): HTML parsing not performed for Content-Type "application/json" ("ParseHtmlContentType" Run-Time Setting is "TEXT"). URL="http://10.184.129.108/webapi/api/tableRowsPerPage"  	[MsgId: MMSG-26548]
Action.c(238): web_url("tableRowsPerPage") was successful, 39 body bytes, 258 header bytes  	[MsgId: MMSG-26386]
Action.c(246): web_url("worklistcolumns") started  	[MsgId: MMSG-26355]
Action.c(246): HTML parsing not performed for Content-Type "application/json" ("ParseHtmlContentType" Run-Time Setting is "TEXT"). URL="http://10.184.129.108/webapi/api/worklist/worklistcolumns"  	[MsgId: MMSG-26548]
Action.c(246): web_url("worklistcolumns") was successful, 6056 body bytes, 260 header bytes  	[MsgId: MMSG-26386]
Action.c(262): web_url("systemversion") started  	[MsgId: MMSG-26355]
Action.c(262): HTML parsing not performed for Content-Type "application/json" ("ParseHtmlContentType" Run-Time Setting is "TEXT"). URL="http://10.184.129.108/webapi/api/systemversion"  	[MsgId: MMSG-26548]
Action.c(262): web_url("systemversion") was successful, 17 body bytes, 258 header bytes  	[MsgId: MMSG-26386]
Action.c(270): web_url("CheckLoginStatus") started  	[MsgId: MMSG-26355]
Action.c(270): HTML parsing not performed for Content-Type "application/json" ("ParseHtmlContentType" Run-Time Setting is "TEXT"). URL="http://10.184.129.108/Platform/Account/CheckLoginStatus"  	[MsgId: MMSG-26548]
Action.c(270): web_url("CheckLoginStatus") was successful, 4 body bytes, 251 header bytes  	[MsgId: MMSG-26386]
Action.c(281): web_url("workarea-app-container.html") started  	[MsgId: MMSG-26355]
Action.c(281): web_url("workarea-app-container.html") was successful, 798 body bytes, 246 header bytes  	[MsgId: MMSG-26386]
Action.c(290): web_url("terminalmonitor-template.html") started  	[MsgId: MMSG-26355]
Action.c(290): web_url("terminalmonitor-template.html") was successful, 28996 body bytes, 248 header bytes  	[MsgId: MMSG-26386]
Action.c(314): web_custom_request("terminalmonitoring") started  	[MsgId: MMSG-26355]
Action.c(314): Warning -26000: Request body (length=39) is not empty for HTTP Method=GET, for URL is "http://10.184.129.108/webapi/api/terminalmonitoring?userId=14" (Internal ID=83)  	[MsgId: MWAR-26000]
Action.c(314): HTML parsing not performed for Content-Type "application/json" ("ParseHtmlContentType" Run-Time Setting is "TEXT"). URL="http://10.184.129.108/webapi/api/terminalmonitoring?userId=14"  	[MsgId: MMSG-26548]
Action.c(314): web_custom_request("terminalmonitoring") highest severity level was "warning", 34941 body bytes, 261 header bytes  	[MsgId: MMSG-26388]
Action.c(325): web_url("CheckLoginStatus_5") started  	[MsgId: MMSG-26355]
Action.c(325): HTML parsing not performed for Content-Type "application/json" ("ParseHtmlContentType" Run-Time Setting is "TEXT"). URL="http://10.184.129.108/Platform/Account/CheckLoginStatus"  	[MsgId: MMSG-26548]
Action.c(325): web_url("CheckLoginStatus_5") was successful, 4 body bytes, 251 header bytes  	[MsgId: MMSG-26386]
Action.c(341): Notify: Transaction "User_login" ended with a "Pass" status (Duration: 0.1272 Wasted Time: 0.0000).	[MsgId: MMSG-16871]
Action.c(351): Notify: Transaction "ExpandFilmRecord" started.	[MsgId: MMSG-16999]
Action.c(353): web_custom_request("web_custom_request") started  	[MsgId: MMSG-26355]
Action.c(353): HTML parsing not performed for Content-Type "application/json" ("ParseHtmlContentType" Run-Time Setting is "TEXT"). URL="http://10.184.129.108/webapi/api/worklist/filmInfo?accessionNumber=A20180822142359991"  	[MsgId: MMSG-26548]
Action.c(353): web_custom_request("web_custom_request") was successful, 2 body bytes, 257 header bytes  	[MsgId: MMSG-26386]
Action.c(362): Notify: Transaction "ExpandFilmRecord" ended with a "Pass" status (Duration: 0.0067).	[MsgId: MMSG-16873]
Action.c(364): web_url("CheckLoginStatus_25") started  	[MsgId: MMSG-26355]
Action.c(364): HTML parsing not performed for Content-Type "application/json" ("ParseHtmlContentType" Run-Time Setting is "TEXT"). URL="http://10.184.129.108/Platform/Account/CheckLoginStatus"  	[MsgId: MMSG-26548]
Action.c(364): web_url("CheckLoginStatus_25") was successful, 4 body bytes, 251 header bytes  	[MsgId: MMSG-26386]
Action.c(372): lr_think_time: 10.00 seconds.	[MsgId: MMSG-15948]
Action.c(375): web_url("CheckLoginStatus_25") started  	[MsgId: MMSG-26355]
Action.c(375): HTML parsing not performed for Content-Type "application/json" ("ParseHtmlContentType" Run-Time Setting is "TEXT"). URL="http://10.184.129.108/Platform/Account/CheckLoginStatus"  	[MsgId: MMSG-26548]
Action.c(375): web_url("CheckLoginStatus_25") was successful, 4 body bytes, 251 header bytes  	[MsgId: MMSG-26386]
Action.c(385): Notify: Transaction "ExpandReportRecord" started.	[MsgId: MMSG-16999]
Action.c(387): web_custom_request("web_custom_request") started  	[MsgId: MMSG-26355]
Action.c(387): HTML parsing not performed for Content-Type "application/json" ("ParseHtmlContentType" Run-Time Setting is "TEXT"). URL="http://10.184.129.108/webapi/api/worklist/reportInfo?accessionNumber=A20180822143759129"  	[MsgId: MMSG-26548]
Action.c(387): web_custom_request("web_custom_request") was successful, 655 body bytes, 259 header bytes  	[MsgId: MMSG-26386]
Action.c(396): Notify: Transaction "ExpandReportRecord" ended with a "Pass" status (Duration: 0.0181).	[MsgId: MMSG-16873]
Action.c(398): web_url("CheckLoginStatus_25") started  	[MsgId: MMSG-26355]
Action.c(398): HTML parsing not performed for Content-Type "application/json" ("ParseHtmlContentType" Run-Time Setting is "TEXT"). URL="http://10.184.129.108/Platform/Account/CheckLoginStatus"  	[MsgId: MMSG-26548]
Action.c(398): web_url("CheckLoginStatus_25") was successful, 4 body bytes, 251 header bytes  	[MsgId: MMSG-26386]
Action.c(406): lr_think_time: 10.00 seconds.	[MsgId: MMSG-15948]
Action.c(418): web_reg_save_param started  	[MsgId: MMSG-26355]
Action.c(418): Registering web_reg_save_param was successful  	[MsgId: MMSG-26390]
Action.c(423): Notify: Transaction "SetTheHoldingTime" started.	[MsgId: MMSG-16999]
Action.c(425): web_custom_request("SetHoldingTime") started  	[MsgId: MMSG-26355]
Action.c(425): HTML parsing not performed for Content-Type "application/json" ("ParseHtmlContentType" Run-Time Setting is "TEXT"). URL="http://10.184.129.108/webapi/api/worklist/UpdateStatusByAccessionNumber"  	[MsgId: MMSG-26548]
Action.c(425): web_custom_request("SetHoldingTime") was successful, 50 body bytes, 258 header bytes  	[MsgId: MMSG-26386]
Action.c(435): Notify: Transaction "SetTheHoldingTime" ended with a "Pass" status (Duration: 0.0320 Wasted Time: 0.0000).	[MsgId: MMSG-16871]
The result is:  false	[MsgId: MMSG-17999]
Action.c(441): Error: SetTheHoldingTime fail :A20180822155256702,false	[MsgId: MERR-17999]
End auto log messages stack.	[MsgId: MMSG-10544]


Start auto log messages stack - Iteration 5.	[MsgId: MMSG-10545]
Starting action Action.	[MsgId: MMSG-15919]
Action.c(6): web_set_max_html_param_len started  	[MsgId: MMSG-26355]
Action.c(6): web_set_max_html_param_len was successful  	[MsgId: MMSG-26392]
Action.c(8): web_url("Platform") started  	[MsgId: MMSG-26355]
Action.c(8): web_url("Platform") was successful, 6136 body bytes, 247 header bytes  	[MsgId: MMSG-26386]
Action.c(87): web_url("login-view.html") started  	[MsgId: MMSG-26355]
Action.c(87): web_url("login-view.html") was successful, 6207 body bytes, 247 header bytes  	[MsgId: MMSG-26386]
Action.c(99): web_reg_save_param started  	[MsgId: MMSG-26355]
Action.c(99): Registering web_reg_save_param was successful  	[MsgId: MMSG-26390]
Action.c(104): web_reg_save_param started  	[MsgId: MMSG-26355]
Action.c(104): Registering web_reg_save_param was successful  	[MsgId: MMSG-26390]
Action.c(109): web_reg_save_param started  	[MsgId: MMSG-26355]
Action.c(109): Registering web_reg_save_param was successful  	[MsgId: MMSG-26390]
Action.c(114): Notify: Transaction "User_login" started.	[MsgId: MMSG-16999]
Action.c(116): web_custom_request("login") started  	[MsgId: MMSG-26355]
Action.c(116): HTML parsing not performed for Content-Type "application/json" ("ParseHtmlContentType" Run-Time Setting is "TEXT"). URL="http://10.184.129.108/Platform/account/login"  	[MsgId: MMSG-26548]
Action.c(116): web_custom_request("login") was successful, 78 body bytes, 1676 header bytes  	[MsgId: MMSG-26386]
Action.c(127): web_add_cookie started  	[MsgId: MMSG-26355]
Action.c(127): web_add_cookie was successful  	[MsgId: MMSG-26392]
Action.c(128): web_add_cookie started  	[MsgId: MMSG-26355]
Action.c(128): web_add_cookie was successful  	[MsgId: MMSG-26392]
Action.c(138): web_url("login_2") started  	[MsgId: MMSG-26355]
Action.c(138): Redirecting "http://10.184.129.108/Platform//account/login" (redirection depth is 0)  	[MsgId: MMSG-26694]
Action.c(138): To location "http://10.184.129.108/Platform/workarea"  	[MsgId: MMSG-26693]
Action.c(138): web_url("login_2") was successful, 14227 body bytes, 539 header bytes  	[MsgId: MMSG-26386]
Action.c(146): web_url("workarea") started  	[MsgId: MMSG-26355]
Action.c(146): web_url("workarea") was successful, 14092 body bytes, 260 header bytes  	[MsgId: MMSG-26386]
Action.c(206): web_add_auto_header("Authorization") started  	[MsgId: MMSG-26355]
Action.c(206): Warning -26593: The header being added may cause unpredictable results when applied to all ensuing URLs. It is added anyway  	[MsgId: MWAR-26593]
Action.c(206): web_add_auto_header("Authorization") highest severity level was "warning"  	[MsgId: MMSG-26391]
Action.c(208): web_reg_save_param started  	[MsgId: MMSG-26355]
Action.c(208): Registering web_reg_save_param was successful  	[MsgId: MMSG-26390]
Action.c(213): web_url("CheckLoginStatusByUser") started  	[MsgId: MMSG-26355]
Action.c(213): HTML parsing not performed for Content-Type "application/json" ("ParseHtmlContentType" Run-Time Setting is "TEXT"). URL="http://10.184.129.108/Platform/Account/CheckLoginStatus"  	[MsgId: MMSG-26548]
Action.c(213): web_url("CheckLoginStatusByUser") was successful, 4 body bytes, 251 header bytes  	[MsgId: MMSG-26386]
User Login website successfully: HTTP/1.1 200 OK
Cache-Control: private
Content-Type: application/json; charset=utf-8
Server: Microsoft-IIS/7.5
X-AspNetMvc-Version: 5.2
X-AspNet-Version: 4.0.30319
X-Powered-By: ASP.NET
Date: Wed, 12 Sep 2018 03:19:27 GMT
Content-Length: 4

true	[MsgId: MMSG-17999]
Action.c(238): web_url("tableRowsPerPage") started  	[MsgId: MMSG-26355]
Action.c(238): HTML parsing not performed for Content-Type "application/json" ("ParseHtmlContentType" Run-Time Setting is "TEXT"). URL="http://10.184.129.108/webapi/api/tableRowsPerPage"  	[MsgId: MMSG-26548]
Action.c(238): web_url("tableRowsPerPage") was successful, 39 body bytes, 258 header bytes  	[MsgId: MMSG-26386]
Action.c(246): web_url("worklistcolumns") started  	[MsgId: MMSG-26355]
Action.c(246): HTML parsing not performed for Content-Type "application/json" ("ParseHtmlContentType" Run-Time Setting is "TEXT"). URL="http://10.184.129.108/webapi/api/worklist/worklistcolumns"  	[MsgId: MMSG-26548]
Action.c(246): web_url("worklistcolumns") was successful, 6056 body bytes, 260 header bytes  	[MsgId: MMSG-26386]
Action.c(262): web_url("systemversion") started  	[MsgId: MMSG-26355]
Action.c(262): HTML parsing not performed for Content-Type "application/json" ("ParseHtmlContentType" Run-Time Setting is "TEXT"). URL="http://10.184.129.108/webapi/api/systemversion"  	[MsgId: MMSG-26548]
Action.c(262): web_url("systemversion") was successful, 17 body bytes, 258 header bytes  	[MsgId: MMSG-26386]
Action.c(270): web_url("CheckLoginStatus") started  	[MsgId: MMSG-26355]
Action.c(270): HTML parsing not performed for Content-Type "application/json" ("ParseHtmlContentType" Run-Time Setting is "TEXT"). URL="http://10.184.129.108/Platform/Account/CheckLoginStatus"  	[MsgId: MMSG-26548]
Action.c(270): web_url("CheckLoginStatus") was successful, 4 body bytes, 251 header bytes  	[MsgId: MMSG-26386]
Action.c(281): web_url("workarea-app-container.html") started  	[MsgId: MMSG-26355]
Action.c(281): web_url("workarea-app-container.html") was successful, 798 body bytes, 246 header bytes  	[MsgId: MMSG-26386]
Action.c(290): web_url("terminalmonitor-template.html") started  	[MsgId: MMSG-26355]
Action.c(290): web_url("terminalmonitor-template.html") was successful, 28996 body bytes, 248 header bytes  	[MsgId: MMSG-26386]
Action.c(314): web_custom_request("terminalmonitoring") started  	[MsgId: MMSG-26355]
Action.c(314): Warning -26000: Request body (length=39) is not empty for HTTP Method=GET, for URL is "http://10.184.129.108/webapi/api/terminalmonitoring?userId=13" (Internal ID=106)  	[MsgId: MWAR-26000]
Action.c(314): HTML parsing not performed for Content-Type "application/json" ("ParseHtmlContentType" Run-Time Setting is "TEXT"). URL="http://10.184.129.108/webapi/api/terminalmonitoring?userId=13"  	[MsgId: MMSG-26548]
Action.c(314): web_custom_request("terminalmonitoring") highest severity level was "warning", 34983 body bytes, 261 header bytes  	[MsgId: MMSG-26388]
Action.c(325): web_url("CheckLoginStatus_5") started  	[MsgId: MMSG-26355]
Action.c(325): HTML parsing not performed for Content-Type "application/json" ("ParseHtmlContentType" Run-Time Setting is "TEXT"). URL="http://10.184.129.108/Platform/Account/CheckLoginStatus"  	[MsgId: MMSG-26548]
Action.c(325): web_url("CheckLoginStatus_5") was successful, 4 body bytes, 251 header bytes  	[MsgId: MMSG-26386]
Action.c(341): Notify: Transaction "User_login" ended with a "Pass" status (Duration: 0.1798 Wasted Time: 0.0001).	[MsgId: MMSG-16871]
Action.c(351): Notify: Transaction "ExpandFilmRecord" started.	[MsgId: MMSG-16999]
Action.c(353): web_custom_request("web_custom_request") started  	[MsgId: MMSG-26355]
Action.c(353): HTML parsing not performed for Content-Type "application/json" ("ParseHtmlContentType" Run-Time Setting is "TEXT"). URL="http://10.184.129.108/webapi/api/worklist/filmInfo?accessionNumber=A20180822142457741"  	[MsgId: MMSG-26548]
Action.c(353): web_custom_request("web_custom_request") was successful, 2 body bytes, 257 header bytes  	[MsgId: MMSG-26386]
Action.c(362): Notify: Transaction "ExpandFilmRecord" ended with a "Pass" status (Duration: 0.0065).	[MsgId: MMSG-16873]
Action.c(364): web_url("CheckLoginStatus_25") started  	[MsgId: MMSG-26355]
Action.c(364): HTML parsing not performed for Content-Type "application/json" ("ParseHtmlContentType" Run-Time Setting is "TEXT"). URL="http://10.184.129.108/Platform/Account/CheckLoginStatus"  	[MsgId: MMSG-26548]
Action.c(364): web_url("CheckLoginStatus_25") was successful, 4 body bytes, 251 header bytes  	[MsgId: MMSG-26386]
Action.c(372): lr_think_time: 10.00 seconds.	[MsgId: MMSG-15948]
Action.c(375): web_url("CheckLoginStatus_25") started  	[MsgId: MMSG-26355]
Action.c(375): HTML parsing not performed for Content-Type "application/json" ("ParseHtmlContentType" Run-Time Setting is "TEXT"). URL="http://10.184.129.108/Platform/Account/CheckLoginStatus"  	[MsgId: MMSG-26548]
Action.c(375): web_url("CheckLoginStatus_25") was successful, 4 body bytes, 251 header bytes  	[MsgId: MMSG-26386]
Action.c(385): Notify: Transaction "ExpandReportRecord" started.	[MsgId: MMSG-16999]
Action.c(387): web_custom_request("web_custom_request") started  	[MsgId: MMSG-26355]
Action.c(387): HTML parsing not performed for Content-Type "application/json" ("ParseHtmlContentType" Run-Time Setting is "TEXT"). URL="http://10.184.129.108/webapi/api/worklist/reportInfo?accessionNumber=A20180822142048490"  	[MsgId: MMSG-26548]
Action.c(387): web_custom_request("web_custom_request") was successful, 654 body bytes, 259 header bytes  	[MsgId: MMSG-26386]
Action.c(396): Notify: Transaction "ExpandReportRecord" ended with a "Pass" status (Duration: 0.0418).	[MsgId: MMSG-16873]
Action.c(398): web_url("CheckLoginStatus_25") started  	[MsgId: MMSG-26355]
Action.c(398): HTML parsing not performed for Content-Type "application/json" ("ParseHtmlContentType" Run-Time Setting is "TEXT"). URL="http://10.184.129.108/Platform/Account/CheckLoginStatus"  	[MsgId: MMSG-26548]
Action.c(398): web_url("CheckLoginStatus_25") was successful, 4 body bytes, 251 header bytes  	[MsgId: MMSG-26386]
Action.c(406): lr_think_time: 10.00 seconds.	[MsgId: MMSG-15948]
Action.c(418): web_reg_save_param started  	[MsgId: MMSG-26355]
Action.c(418): Registering web_reg_save_param was successful  	[MsgId: MMSG-26390]
Action.c(423): Notify: Transaction "SetTheHoldingTime" started.	[MsgId: MMSG-16999]
Action.c(425): web_custom_request("SetHoldingTime") started  	[MsgId: MMSG-26355]
Action.c(425): HTML parsing not performed for Content-Type "application/json" ("ParseHtmlContentType" Run-Time Setting is "TEXT"). URL="http://10.184.129.108/webapi/api/worklist/UpdateStatusByAccessionNumber"  	[MsgId: MMSG-26548]
Action.c(425): web_custom_request("SetHoldingTime") was successful, 50 body bytes, 258 header bytes  	[MsgId: MMSG-26386]
Action.c(435): Notify: Transaction "SetTheHoldingTime" ended with a "Pass" status (Duration: 0.0403 Wasted Time: 0.0000).	[MsgId: MMSG-16871]
The result is:  false	[MsgId: MMSG-17999]
Action.c(441): Error: SetTheHoldingTime fail :A20180822155243280,false	[MsgId: MERR-17999]
End auto log messages stack.	[MsgId: MMSG-10544]


