Start auto log messages stack - Iteration 26.	[MsgId: MMSG-10545]
Action.c(399): web_custom_request("SetHoldingTime") started  	[MsgId: MMSG-26355]
Action.c(399): Connection to 10.184.129.108:80 closed after being inactive for 60 seconds, exceeding the "HTTP Keep-Alive timeout" Run-Time Setting (60 seconds). URL="http://10.184.129.108/webapi/api/worklist/UpdateStatusByAccessionNumber"  	[MsgId: MMSG-27650]
Action.c(399): HTML parsing not performed for Content-Type "application/json" ("ParseHtmlContentType" Run-Time Setting is "TEXT"). URL="http://10.184.129.108/webapi/api/worklist/UpdateStatusByAccessionNumber"  	[MsgId: MMSG-26548]
Action.c(399): web_custom_request("SetHoldingTime") was successful, 87 body bytes, 258 header bytes  	[MsgId: MMSG-26386]
Action.c(409): Notify: Transaction "SetTheHoldingTime" ended with a "Pass" status (Duration: 0.2864 Wasted Time: 0.0000).	[MsgId: MMSG-16871]
The result is:  false	[MsgId: MMSG-17999]
Action.c(415): Error: SetTheHoldingTime fail :A20180601093431692,false	[MsgId: MERR-17999]
End auto log messages stack.	[MsgId: MMSG-10544]


Start auto log messages stack - Iteration 27.	[MsgId: MMSG-10545]
Action.c(291): web_url("terminalmonitoring") was successful, 108089 body bytes, 262 header bytes  	[MsgId: MMSG-26386]
Action.c(299): web_url("CheckLoginStatus_5") started  	[MsgId: MMSG-26355]
Action.c(299): HTML parsing not performed for Content-Type "application/json" ("ParseHtmlContentType" Run-Time Setting is "TEXT"). URL="http://10.184.129.108/Platform/Account/CheckLoginStatus"  	[MsgId: MMSG-26548]
Action.c(299): web_url("CheckLoginStatus_5") was successful, 4 body bytes, 251 header bytes  	[MsgId: MMSG-26386]
Action.c(315): Notify: Transaction "User_login" ended with a "Pass" status (Duration: 3.4623 Wasted Time: 0.0000).	[MsgId: MMSG-16871]
Action.c(325): Notify: Transaction "ExpandFilmRecord" started.	[MsgId: MMSG-16999]
Action.c(327): web_custom_request("web_custom_request") started  	[MsgId: MMSG-26355]
Action.c(327): Continuing after Error -26612: HTTP Status-Code=500 (NullReferenceException) for "http://10.184.129.108/webapi/api/worklist/filmInfo?accessionNumber=A20180601094725255"  	[MsgId: MERR-26612]
End auto log messages stack.	[MsgId: MMSG-10544]


Start auto log messages stack - Iteration 32.	[MsgId: MMSG-10545]
Action.c(428): lr_think_time: 30.00 seconds.	[MsgId: MMSG-15948]
Action.c(430): web_reg_save_param started  	[MsgId: MMSG-26355]
Action.c(430): Registering web_reg_save_param was successful  	[MsgId: MMSG-26390]
Action.c(435): Notify: Transaction "SetPrintMode" started.	[MsgId: MMSG-16999]
Action.c(437): web_custom_request("SetPrintMode") started  	[MsgId: MMSG-26355]
Action.c(437): HTML parsing not performed for Content-Type "application/json" ("ParseHtmlContentType" Run-Time Setting is "TEXT"). URL="http://10.184.129.108/webapi/api/worklist/UpdateStatusByAccessionNumber"  	[MsgId: MMSG-26548]
Action.c(437): web_custom_request("SetPrintMode") was successful, 87 body bytes, 258 header bytes  	[MsgId: MMSG-26386]
Action.c(447): Notify: Transaction "SetPrintMode" ended with a "Pass" status (Duration: 15.2382 Wasted Time: 0.0000).	[MsgId: MMSG-16871]
The result is:  false	[MsgId: MMSG-17999]
Action.c(453): Error: SetPrintMode fail	[MsgId: MERR-17999]
End auto log messages stack.	[MsgId: MMSG-10544]


Start auto log messages stack - Iteration 62.	[MsgId: MMSG-10545]
Action.c(399): web_custom_request("SetHoldingTime") started  	[MsgId: MMSG-26355]
Action.c(399): Connection to 10.184.129.108:80 closed after being inactive for 60 seconds, exceeding the "HTTP Keep-Alive timeout" Run-Time Setting (60 seconds). URL="http://10.184.129.108/webapi/api/worklist/UpdateStatusByAccessionNumber"  	[MsgId: MMSG-27650]
Action.c(399): HTML parsing not performed for Content-Type "application/json" ("ParseHtmlContentType" Run-Time Setting is "TEXT"). URL="http://10.184.129.108/webapi/api/worklist/UpdateStatusByAccessionNumber"  	[MsgId: MMSG-26548]
Action.c(399): web_custom_request("SetHoldingTime") was successful, 87 body bytes, 258 header bytes  	[MsgId: MMSG-26386]
Action.c(409): Notify: Transaction "SetTheHoldingTime" ended with a "Pass" status (Duration: 15.4025 Wasted Time: 0.0000).	[MsgId: MMSG-16871]
The result is:  false	[MsgId: MMSG-17999]
Action.c(415): Error: SetTheHoldingTime fail :A20180601093510505,false	[MsgId: MERR-17999]
End auto log messages stack.	[MsgId: MMSG-10544]


Start auto log messages stack - Iteration 77.	[MsgId: MMSG-10545]
Action.c(291): web_url("terminalmonitoring") was successful, 108092 body bytes, 262 header bytes  	[MsgId: MMSG-26386]
Action.c(299): web_url("CheckLoginStatus_5") started  	[MsgId: MMSG-26355]
Action.c(299): HTML parsing not performed for Content-Type "application/json" ("ParseHtmlContentType" Run-Time Setting is "TEXT"). URL="http://10.184.129.108/Platform/Account/CheckLoginStatus"  	[MsgId: MMSG-26548]
Action.c(299): web_url("CheckLoginStatus_5") was successful, 4 body bytes, 251 header bytes  	[MsgId: MMSG-26386]
Action.c(315): Notify: Transaction "User_login" ended with a "Pass" status (Duration: 8.4091 Wasted Time: 0.0000).	[MsgId: MMSG-16871]
Action.c(325): Notify: Transaction "ExpandFilmRecord" started.	[MsgId: MMSG-16999]
Action.c(327): web_custom_request("web_custom_request") started  	[MsgId: MMSG-26355]
Action.c(327): Continuing after Error -26612: HTTP Status-Code=500 (NullReferenceException) for "http://10.184.129.108/webapi/api/worklist/filmInfo?accessionNumber=A20180601094705598"  	[MsgId: MERR-26612]
End auto log messages stack.	[MsgId: MMSG-10544]


Start auto log messages stack - Iteration 87.	[MsgId: MMSG-10545]
Action.c(291): web_url("terminalmonitoring") was successful, 108088 body bytes, 262 header bytes  	[MsgId: MMSG-26386]
Action.c(299): web_url("CheckLoginStatus_5") started  	[MsgId: MMSG-26355]
Action.c(299): HTML parsing not performed for Content-Type "application/json" ("ParseHtmlContentType" Run-Time Setting is "TEXT"). URL="http://10.184.129.108/Platform/Account/CheckLoginStatus"  	[MsgId: MMSG-26548]
Action.c(299): web_url("CheckLoginStatus_5") was successful, 4 body bytes, 251 header bytes  	[MsgId: MMSG-26386]
Action.c(315): Notify: Transaction "User_login" ended with a "Pass" status (Duration: 5.5175 Wasted Time: 0.0001).	[MsgId: MMSG-16871]
Action.c(325): Notify: Transaction "ExpandFilmRecord" started.	[MsgId: MMSG-16999]
Action.c(327): web_custom_request("web_custom_request") started  	[MsgId: MMSG-26355]
Action.c(327): Continuing after Error -26612: HTTP Status-Code=500 (NullReferenceException) for "http://10.184.129.108/webapi/api/worklist/filmInfo?accessionNumber=A20180601094719692"  	[MsgId: MERR-26612]
End auto log messages stack.	[MsgId: MMSG-10544]


Start auto log messages stack - Iteration 86.	[MsgId: MMSG-10545]
Action.c(291): web_url("terminalmonitoring") was successful, 108088 body bytes, 262 header bytes  	[MsgId: MMSG-26386]
Action.c(299): web_url("CheckLoginStatus_5") started  	[MsgId: MMSG-26355]
Action.c(299): HTML parsing not performed for Content-Type "application/json" ("ParseHtmlContentType" Run-Time Setting is "TEXT"). URL="http://10.184.129.108/Platform/Account/CheckLoginStatus"  	[MsgId: MMSG-26548]
Action.c(299): web_url("CheckLoginStatus_5") was successful, 4 body bytes, 251 header bytes  	[MsgId: MMSG-26386]
Action.c(315): Notify: Transaction "User_login" ended with a "Pass" status (Duration: 6.9531 Wasted Time: 0.0001).	[MsgId: MMSG-16871]
Action.c(325): Notify: Transaction "ExpandFilmRecord" started.	[MsgId: MMSG-16999]
Action.c(327): web_custom_request("web_custom_request") started  	[MsgId: MMSG-26355]
Action.c(327): Continuing after Error -26612: HTTP Status-Code=500 (NullReferenceException) for "http://10.184.129.108/webapi/api/worklist/filmInfo?accessionNumber=A20180601094801427"  	[MsgId: MERR-26612]
End auto log messages stack.	[MsgId: MMSG-10544]


Start auto log messages stack - Iteration 87.	[MsgId: MMSG-10545]
Action.c(428): lr_think_time: 30.00 seconds.	[MsgId: MMSG-15948]
Action.c(430): web_reg_save_param started  	[MsgId: MMSG-26355]
Action.c(430): Registering web_reg_save_param was successful  	[MsgId: MMSG-26390]
Action.c(435): Notify: Transaction "SetPrintMode" started.	[MsgId: MMSG-16999]
Action.c(437): web_custom_request("SetPrintMode") started  	[MsgId: MMSG-26355]
Action.c(437): HTML parsing not performed for Content-Type "application/json" ("ParseHtmlContentType" Run-Time Setting is "TEXT"). URL="http://10.184.129.108/webapi/api/worklist/UpdateStatusByAccessionNumber"  	[MsgId: MMSG-26548]
Action.c(437): web_custom_request("SetPrintMode") was successful, 87 body bytes, 258 header bytes  	[MsgId: MMSG-26386]
Action.c(447): Notify: Transaction "SetPrintMode" ended with a "Pass" status (Duration: 15.1520 Wasted Time: 0.0000).	[MsgId: MMSG-16871]
The result is:  false	[MsgId: MMSG-17999]
Action.c(453): Error: SetPrintMode fail	[MsgId: MERR-17999]
End auto log messages stack.	[MsgId: MMSG-10544]


Start auto log messages stack - Iteration 102.	[MsgId: MMSG-10545]
Action.c(291): web_url("terminalmonitoring") was successful, 108087 body bytes, 262 header bytes  	[MsgId: MMSG-26386]
Action.c(299): web_url("CheckLoginStatus_5") started  	[MsgId: MMSG-26355]
Action.c(299): HTML parsing not performed for Content-Type "application/json" ("ParseHtmlContentType" Run-Time Setting is "TEXT"). URL="http://10.184.129.108/Platform/Account/CheckLoginStatus"  	[MsgId: MMSG-26548]
Action.c(299): web_url("CheckLoginStatus_5") was successful, 4 body bytes, 251 header bytes  	[MsgId: MMSG-26386]
Action.c(315): Notify: Transaction "User_login" ended with a "Pass" status (Duration: 3.8690 Wasted Time: 0.0000).	[MsgId: MMSG-16871]
Action.c(325): Notify: Transaction "ExpandFilmRecord" started.	[MsgId: MMSG-16999]
Action.c(327): web_custom_request("web_custom_request") started  	[MsgId: MMSG-26355]
Action.c(327): Continuing after Error -26612: HTTP Status-Code=500 (NullReferenceException) for "http://10.184.129.108/webapi/api/worklist/filmInfo?accessionNumber=A20180601094644552"  	[MsgId: MERR-26612]
End auto log messages stack.	[MsgId: MMSG-10544]


Start auto log messages stack - Iteration 104.	[MsgId: MMSG-10545]
Action.c(291): web_url("terminalmonitoring") was successful, 108087 body bytes, 262 header bytes  	[MsgId: MMSG-26386]
Action.c(299): web_url("CheckLoginStatus_5") started  	[MsgId: MMSG-26355]
Action.c(299): HTML parsing not performed for Content-Type "application/json" ("ParseHtmlContentType" Run-Time Setting is "TEXT"). URL="http://10.184.129.108/Platform/Account/CheckLoginStatus"  	[MsgId: MMSG-26548]
Action.c(299): web_url("CheckLoginStatus_5") was successful, 4 body bytes, 251 header bytes  	[MsgId: MMSG-26386]
Action.c(315): Notify: Transaction "User_login" ended with a "Pass" status (Duration: 18.1806 Wasted Time: 0.0001).	[MsgId: MMSG-16871]
Action.c(325): Notify: Transaction "ExpandFilmRecord" started.	[MsgId: MMSG-16999]
Action.c(327): web_custom_request("web_custom_request") started  	[MsgId: MMSG-26355]
Action.c(327): Continuing after Error -26612: HTTP Status-Code=500 (NullReferenceException) for "http://10.184.129.108/webapi/api/worklist/filmInfo?accessionNumber=A20180601094636364"  	[MsgId: MERR-26612]
End auto log messages stack.	[MsgId: MMSG-10544]


Start auto log messages stack - Iteration 108.	[MsgId: MMSG-10545]
Action.c(291): web_url("terminalmonitoring") was successful, 108090 body bytes, 262 header bytes  	[MsgId: MMSG-26386]
Action.c(299): web_url("CheckLoginStatus_5") started  	[MsgId: MMSG-26355]
Action.c(299): HTML parsing not performed for Content-Type "application/json" ("ParseHtmlContentType" Run-Time Setting is "TEXT"). URL="http://10.184.129.108/Platform/Account/CheckLoginStatus"  	[MsgId: MMSG-26548]
Action.c(299): web_url("CheckLoginStatus_5") was successful, 4 body bytes, 251 header bytes  	[MsgId: MMSG-26386]
Action.c(315): Notify: Transaction "User_login" ended with a "Pass" status (Duration: 3.2988 Wasted Time: 0.0001).	[MsgId: MMSG-16871]
Action.c(325): Notify: Transaction "ExpandFilmRecord" started.	[MsgId: MMSG-16999]
Action.c(327): web_custom_request("web_custom_request") started  	[MsgId: MMSG-26355]
Action.c(327): Continuing after Error -26612: HTTP Status-Code=500 (NullReferenceException) for "http://10.184.129.108/webapi/api/worklist/filmInfo?accessionNumber=A20180601094711098"  	[MsgId: MERR-26612]
End auto log messages stack.	[MsgId: MMSG-10544]


