Start auto log messages stack - Iteration 1.	[MsgId: MMSG-10545]
Starting action Action.	[MsgId: MMSG-15919]
Action.c(6): web_set_max_html_param_len started  	[MsgId: MMSG-26355]
Action.c(6): web_set_max_html_param_len was successful  	[MsgId: MMSG-26392]
Action.c(8): web_url("Platform") started  	[MsgId: MMSG-26355]
Action.c(8): Continuing after Error -27792: Failed to connect to server "10.184.129.108:80": [10060] Connection timed out  	[MsgId: MERR-27792]
End auto log messages stack.	[MsgId: MMSG-10544]


Start auto log messages stack - Iteration 1.	[MsgId: MMSG-10545]
Action.c(8): web_url("Platform") highest severity level was "continue on error", 0 body bytes, 0 header bytes  	[MsgId: MMSG-26388]
Action.c(8): Continuing after error in Vuser script.	[MsgId: MMSG-10678]
Action.c(87): web_url("login-view.html") started  	[MsgId: MMSG-26355]
Action.c(87): Continuing after Error -27792: Failed to connect to server "10.184.129.108:80": [10060] Connection timed out  	[MsgId: MERR-27792]
End auto log messages stack.	[MsgId: MMSG-10544]


Start auto log messages stack - Iteration 1.	[MsgId: MMSG-10545]
Action.c(87): web_url("login-view.html") highest severity level was "continue on error", 0 body bytes, 0 header bytes  	[MsgId: MMSG-26388]
Action.c(87): Continuing after error in Vuser script.	[MsgId: MMSG-10678]
Action.c(99): web_reg_save_param started  	[MsgId: MMSG-26355]
Action.c(99): Registering web_reg_save_param was successful  	[MsgId: MMSG-26390]
Action.c(104): web_reg_save_param started  	[MsgId: MMSG-26355]
Action.c(104): Registering web_reg_save_param was successful  	[MsgId: MMSG-26390]
Action.c(109): web_reg_save_param started  	[MsgId: MMSG-26355]
Action.c(109): Registering web_reg_save_param was successful  	[MsgId: MMSG-26390]
Action.c(114): Notify: Transaction "User_login" started.	[MsgId: MMSG-16999]
Action.c(116): web_custom_request("login") started  	[MsgId: MMSG-26355]
Action.c(116): Notify: Parameter Substitution: parameter "UserName" =  "13"	[MsgId: MMSG-13992]
Action.c(116): Continuing after Error -27792: Failed to connect to server "10.184.129.108:80": [10060] Connection timed out  	[MsgId: MERR-27792]
Action.c(116): Continuing after Error -26377: No match found for the requested parameter "ApiToken". Either the specified boundaries were not found in the response or the matched text is longer than current max html parameter size of 90000 bytes. The total length of the response is 0 bytes. You can use "web_set_max_html_param_len" to increase the max parameter size.  	[MsgId: MERR-26377]
End auto log messages stack.	[MsgId: MMSG-10544]


Start auto log messages stack - Iteration 1.	[MsgId: MMSG-10545]
Action.c(116): Notify: Saving Parameter "ApiToken = ".	[MsgId: MMSG-13798]
Action.c(116): Continuing after Error -26377: No match found for the requested parameter "AspToken". Either the specified boundaries were not found in the response or the matched text is longer than current max html parameter size of 90000 bytes. The total length of the response is 0 bytes. You can use "web_set_max_html_param_len" to increase the max parameter size.  	[MsgId: MERR-26377]
End auto log messages stack.	[MsgId: MMSG-10544]


Start auto log messages stack - Iteration 1.	[MsgId: MMSG-10545]
Action.c(116): Notify: Saving Parameter "AspToken = ".	[MsgId: MMSG-13798]
Action.c(116): Continuing after Error -26377: No match found for the requested parameter "access_token". Either the specified boundaries were not found in the response or the matched text is longer than current max html parameter size of 90000 bytes. The total length of the response is 0 bytes. You can use "web_set_max_html_param_len" to increase the max parameter size.  	[MsgId: MERR-26377]
End auto log messages stack.	[MsgId: MMSG-10544]


Start auto log messages stack - Iteration 1.	[MsgId: MMSG-10545]
Action.c(116): Notify: Saving Parameter "access_token = ".	[MsgId: MMSG-13798]
Action.c(116): Continuing after Error -26374: The above "not found" error(s) may be explained by header and body byte counts being 0 and 0, respectively.  	[MsgId: MERR-26374]
End auto log messages stack.	[MsgId: MMSG-10544]


Start auto log messages stack - Iteration 1.	[MsgId: MMSG-10545]
Action.c(116): web_custom_request("login") highest severity level was "continue on error", 0 body bytes, 0 header bytes  	[MsgId: MMSG-26388]
Action.c(116): Continuing after error in Vuser script.	[MsgId: MMSG-10678]
Action.c(127): web_add_cookie started  	[MsgId: MMSG-26355]
Action.c(127): Notify: Parameter Substitution: parameter "ApiToken" =  ""	[MsgId: MMSG-13992]
Action.c(127): web_add_cookie was successful  	[MsgId: MMSG-26392]
Action.c(128): web_add_cookie started  	[MsgId: MMSG-26355]
Action.c(128): Notify: Parameter Substitution: parameter "AspToken" =  ""	[MsgId: MMSG-13992]
Action.c(128): web_add_cookie was successful  	[MsgId: MMSG-26392]
Action.c(138): web_url("login_2") started  	[MsgId: MMSG-26355]
Action.c(138): Continuing after Error -27792: Failed to connect to server "10.184.129.108:80": [10060] Connection timed out  	[MsgId: MERR-27792]
End auto log messages stack.	[MsgId: MMSG-10544]


Start auto log messages stack - Iteration 1.	[MsgId: MMSG-10545]
Action.c(138): web_url("login_2") highest severity level was "continue on error", 0 body bytes, 0 header bytes  	[MsgId: MMSG-26388]
Action.c(138): Continuing after error in Vuser script.	[MsgId: MMSG-10678]
Action.c(146): web_url("workarea") started  	[MsgId: MMSG-26355]
Action.c(146): Continuing after Error -27792: Failed to connect to server "10.184.129.108:80": [10060] Connection timed out  	[MsgId: MERR-27792]
End auto log messages stack.	[MsgId: MMSG-10544]


Start auto log messages stack - Iteration 1.	[MsgId: MMSG-10545]
Action.c(146): web_url("workarea") highest severity level was "continue on error", 0 body bytes, 0 header bytes  	[MsgId: MMSG-26388]
Action.c(146): Continuing after error in Vuser script.	[MsgId: MMSG-10678]
Action.c(206): web_add_auto_header("Authorization") started  	[MsgId: MMSG-26355]
Action.c(206): Notify: Parameter Substitution: parameter "access_token" =  ""	[MsgId: MMSG-13992]
Action.c(206): Warning -26593: The header being added may cause unpredictable results when applied to all ensuing URLs. It is added anyway  	[MsgId: MWAR-26593]
Action.c(206): web_add_auto_header("Authorization") highest severity level was "warning"  	[MsgId: MMSG-26391]
Action.c(208): web_reg_save_param started  	[MsgId: MMSG-26355]
Action.c(208): Registering web_reg_save_param was successful  	[MsgId: MMSG-26390]
Action.c(213): web_url("CheckLoginStatusByUser") started  	[MsgId: MMSG-26355]
Action.c(213): Continuing after Error -27792: Failed to connect to server "10.184.129.108:80": [10060] Connection timed out  	[MsgId: MERR-27792]
Action.c(213): Continuing after Error -26377: No match found for the requested parameter "status". Either the specified boundaries were not found in the response or the matched text is longer than current max html parameter size of 90000 bytes. The total length of the response is 0 bytes. You can use "web_set_max_html_param_len" to increase the max parameter size.  	[MsgId: MERR-26377]
End auto log messages stack.	[MsgId: MMSG-10544]


Start auto log messages stack - Iteration 1.	[MsgId: MMSG-10545]
Action.c(213): Notify: Saving Parameter "status = ".	[MsgId: MMSG-13798]
Action.c(213): Continuing after Error -26374: The above "not found" error(s) may be explained by header and body byte counts being 0 and 0, respectively.  	[MsgId: MERR-26374]
End auto log messages stack.	[MsgId: MMSG-10544]


Start auto log messages stack - Iteration 1.	[MsgId: MMSG-10545]
Action.c(213): web_url("CheckLoginStatusByUser") highest severity level was "continue on error", 0 body bytes, 0 header bytes  	[MsgId: MMSG-26388]
Action.c(213): Continuing after error in Vuser script.	[MsgId: MMSG-10678]
Action.c(223): Notify: Parameter Substitution: parameter "status" =  ""	[MsgId: MMSG-13992]
Action.c(225): Error: Login failed	[MsgId: MERR-17999]
End auto log messages stack.	[MsgId: MMSG-10544]


Start auto log messages stack - Iteration 2.	[MsgId: MMSG-10545]
Starting action Action.	[MsgId: MMSG-15919]
Action.c(6): web_set_max_html_param_len started  	[MsgId: MMSG-26355]
Action.c(6): web_set_max_html_param_len was successful  	[MsgId: MMSG-26392]
Action.c(8): web_url("Platform") started  	[MsgId: MMSG-26355]
Action.c(8): Continuing after Error -27792: Failed to connect to server "10.184.129.108:80": [10060] Connection timed out  	[MsgId: MERR-27792]
End auto log messages stack.	[MsgId: MMSG-10544]


Start auto log messages stack - Iteration 2.	[MsgId: MMSG-10545]
Action.c(8): web_url("Platform") highest severity level was "continue on error", 0 body bytes, 0 header bytes  	[MsgId: MMSG-26388]
Action.c(8): Continuing after error in Vuser script.	[MsgId: MMSG-10678]
Action.c(87): web_url("login-view.html") started  	[MsgId: MMSG-26355]
Action.c(87): Continuing after Error -27792: Failed to connect to server "10.184.129.108:80": [10060] Connection timed out  	[MsgId: MERR-27792]
End auto log messages stack.	[MsgId: MMSG-10544]


Start auto log messages stack - Iteration 2.	[MsgId: MMSG-10545]
Action.c(87): web_url("login-view.html") highest severity level was "continue on error", 0 body bytes, 0 header bytes  	[MsgId: MMSG-26388]
Action.c(87): Continuing after error in Vuser script.	[MsgId: MMSG-10678]
Action.c(99): web_reg_save_param started  	[MsgId: MMSG-26355]
Action.c(99): Registering web_reg_save_param was successful  	[MsgId: MMSG-26390]
Action.c(104): web_reg_save_param started  	[MsgId: MMSG-26355]
Action.c(104): Registering web_reg_save_param was successful  	[MsgId: MMSG-26390]
Action.c(109): web_reg_save_param started  	[MsgId: MMSG-26355]
Action.c(109): Registering web_reg_save_param was successful  	[MsgId: MMSG-26390]
Action.c(114): Notify: Transaction "User_login" started.	[MsgId: MMSG-16999]
Action.c(116): web_custom_request("login") started  	[MsgId: MMSG-26355]
Action.c(116): Notify: Parameter Substitution: parameter "UserName" =  "14"	[MsgId: MMSG-13992]
Action.c(116): Continuing after Error -27792: Failed to connect to server "10.184.129.108:80": [10060] Connection timed out  	[MsgId: MERR-27792]
Action.c(116): Continuing after Error -26377: No match found for the requested parameter "ApiToken". Either the specified boundaries were not found in the response or the matched text is longer than current max html parameter size of 90000 bytes. The total length of the response is 0 bytes. You can use "web_set_max_html_param_len" to increase the max parameter size.  	[MsgId: MERR-26377]
End auto log messages stack.	[MsgId: MMSG-10544]


Start auto log messages stack - Iteration 2.	[MsgId: MMSG-10545]
Action.c(116): Notify: Saving Parameter "ApiToken = ".	[MsgId: MMSG-13798]
Action.c(116): Continuing after Error -26377: No match found for the requested parameter "AspToken". Either the specified boundaries were not found in the response or the matched text is longer than current max html parameter size of 90000 bytes. The total length of the response is 0 bytes. You can use "web_set_max_html_param_len" to increase the max parameter size.  	[MsgId: MERR-26377]
End auto log messages stack.	[MsgId: MMSG-10544]


Start auto log messages stack - Iteration 2.	[MsgId: MMSG-10545]
Action.c(116): Notify: Saving Parameter "AspToken = ".	[MsgId: MMSG-13798]
Action.c(116): Continuing after Error -26377: No match found for the requested parameter "access_token". Either the specified boundaries were not found in the response or the matched text is longer than current max html parameter size of 90000 bytes. The total length of the response is 0 bytes. You can use "web_set_max_html_param_len" to increase the max parameter size.  	[MsgId: MERR-26377]
End auto log messages stack.	[MsgId: MMSG-10544]


Start auto log messages stack - Iteration 2.	[MsgId: MMSG-10545]
Action.c(116): Notify: Saving Parameter "access_token = ".	[MsgId: MMSG-13798]
Action.c(116): Continuing after Error -26374: The above "not found" error(s) may be explained by header and body byte counts being 0 and 0, respectively.  	[MsgId: MERR-26374]
End auto log messages stack.	[MsgId: MMSG-10544]


Start auto log messages stack - Iteration 2.	[MsgId: MMSG-10545]
Action.c(116): web_custom_request("login") highest severity level was "continue on error", 0 body bytes, 0 header bytes  	[MsgId: MMSG-26388]
Action.c(116): Continuing after error in Vuser script.	[MsgId: MMSG-10678]
Action.c(127): web_add_cookie started  	[MsgId: MMSG-26355]
Action.c(127): Notify: Parameter Substitution: parameter "ApiToken" =  ""	[MsgId: MMSG-13992]
Action.c(127): web_add_cookie was successful  	[MsgId: MMSG-26392]
Action.c(128): web_add_cookie started  	[MsgId: MMSG-26355]
Action.c(128): Notify: Parameter Substitution: parameter "AspToken" =  ""	[MsgId: MMSG-13992]
Action.c(128): web_add_cookie was successful  	[MsgId: MMSG-26392]
Action.c(138): web_url("login_2") started  	[MsgId: MMSG-26355]
Action.c(138): Continuing after Error -27792: Failed to connect to server "10.184.129.108:80": [10060] Connection timed out  	[MsgId: MERR-27792]
End auto log messages stack.	[MsgId: MMSG-10544]


Start auto log messages stack - Iteration 2.	[MsgId: MMSG-10545]
Action.c(138): web_url("login_2") highest severity level was "continue on error", 0 body bytes, 0 header bytes  	[MsgId: MMSG-26388]
Action.c(138): Continuing after error in Vuser script.	[MsgId: MMSG-10678]
Action.c(146): web_url("workarea") started  	[MsgId: MMSG-26355]
Action.c(146): Continuing after Error -27792: Failed to connect to server "10.184.129.108:80": [10060] Connection timed out  	[MsgId: MERR-27792]
End auto log messages stack.	[MsgId: MMSG-10544]


Start auto log messages stack - Iteration 2.	[MsgId: MMSG-10545]
Action.c(146): web_url("workarea") highest severity level was "continue on error", 0 body bytes, 0 header bytes  	[MsgId: MMSG-26388]
Action.c(146): Continuing after error in Vuser script.	[MsgId: MMSG-10678]
Action.c(206): web_add_auto_header("Authorization") started  	[MsgId: MMSG-26355]
Action.c(206): Notify: Parameter Substitution: parameter "access_token" =  ""	[MsgId: MMSG-13992]
Action.c(206): Warning -26593: The header being added may cause unpredictable results when applied to all ensuing URLs. It is added anyway  	[MsgId: MWAR-26593]
Action.c(206): web_add_auto_header("Authorization") highest severity level was "warning"  	[MsgId: MMSG-26391]
Action.c(208): web_reg_save_param started  	[MsgId: MMSG-26355]
Action.c(208): Registering web_reg_save_param was successful  	[MsgId: MMSG-26390]
Action.c(213): web_url("CheckLoginStatusByUser") started  	[MsgId: MMSG-26355]
Action.c(213): Continuing after Error -27792: Failed to connect to server "10.184.129.108:80": [10060] Connection timed out  	[MsgId: MERR-27792]
Action.c(213): Continuing after Error -26377: No match found for the requested parameter "status". Either the specified boundaries were not found in the response or the matched text is longer than current max html parameter size of 90000 bytes. The total length of the response is 0 bytes. You can use "web_set_max_html_param_len" to increase the max parameter size.  	[MsgId: MERR-26377]
End auto log messages stack.	[MsgId: MMSG-10544]


Start auto log messages stack - Iteration 2.	[MsgId: MMSG-10545]
Action.c(213): Notify: Saving Parameter "status = ".	[MsgId: MMSG-13798]
Action.c(213): Continuing after Error -26374: The above "not found" error(s) may be explained by header and body byte counts being 0 and 0, respectively.  	[MsgId: MERR-26374]
End auto log messages stack.	[MsgId: MMSG-10544]


Start auto log messages stack - Iteration 2.	[MsgId: MMSG-10545]
Action.c(213): web_url("CheckLoginStatusByUser") highest severity level was "continue on error", 0 body bytes, 0 header bytes  	[MsgId: MMSG-26388]
Action.c(213): Continuing after error in Vuser script.	[MsgId: MMSG-10678]
Action.c(223): Notify: Parameter Substitution: parameter "status" =  ""	[MsgId: MMSG-13992]
Action.c(225): Error: Login failed	[MsgId: MERR-17999]
End auto log messages stack.	[MsgId: MMSG-10544]


Start auto log messages stack - Iteration 3.	[MsgId: MMSG-10545]
Starting action Action.	[MsgId: MMSG-15919]
Action.c(6): web_set_max_html_param_len started  	[MsgId: MMSG-26355]
Action.c(6): web_set_max_html_param_len was successful  	[MsgId: MMSG-26392]
Action.c(8): web_url("Platform") started  	[MsgId: MMSG-26355]
Action.c(8): Continuing after Error -27792: Failed to connect to server "10.184.129.108:80": [10053] Software caused connection abort  	[MsgId: MERR-27792]
End auto log messages stack.	[MsgId: MMSG-10544]


Start auto log messages stack - Iteration 3.	[MsgId: MMSG-10545]
Action.c(8): web_url("Platform") highest severity level was "continue on error", 0 body bytes, 0 header bytes  	[MsgId: MMSG-26388]
Action.c(8): Continuing after error in Vuser script.	[MsgId: MMSG-10678]
Action.c(87): web_url("login-view.html") started  	[MsgId: MMSG-26355]
Action.c(87): Continuing after Error -27792: Failed to connect to server "10.184.129.108:80": [10051] Network is unreachable  	[MsgId: MERR-27792]
End auto log messages stack.	[MsgId: MMSG-10544]


Start auto log messages stack - Iteration 3.	[MsgId: MMSG-10545]
Action.c(87): web_url("login-view.html") highest severity level was "continue on error", 0 body bytes, 0 header bytes  	[MsgId: MMSG-26388]
Action.c(87): Continuing after error in Vuser script.	[MsgId: MMSG-10678]
Action.c(99): web_reg_save_param started  	[MsgId: MMSG-26355]
Action.c(99): Registering web_reg_save_param was successful  	[MsgId: MMSG-26390]
Action.c(104): web_reg_save_param started  	[MsgId: MMSG-26355]
Action.c(104): Registering web_reg_save_param was successful  	[MsgId: MMSG-26390]
Action.c(109): web_reg_save_param started  	[MsgId: MMSG-26355]
Action.c(109): Registering web_reg_save_param was successful  	[MsgId: MMSG-26390]
Action.c(114): Notify: Transaction "User_login" started.	[MsgId: MMSG-16999]
Action.c(116): web_custom_request("login") started  	[MsgId: MMSG-26355]
Action.c(116): Notify: Parameter Substitution: parameter "UserName" =  "15"	[MsgId: MMSG-13992]
Action.c(116): Continuing after Error -27792: Failed to connect to server "10.184.129.108:80": [10051] Network is unreachable  	[MsgId: MERR-27792]
Action.c(116): Continuing after Error -26377: No match found for the requested parameter "ApiToken". Either the specified boundaries were not found in the response or the matched text is longer than current max html parameter size of 90000 bytes. The total length of the response is 0 bytes. You can use "web_set_max_html_param_len" to increase the max parameter size.  	[MsgId: MERR-26377]
End auto log messages stack.	[MsgId: MMSG-10544]


Start auto log messages stack - Iteration 3.	[MsgId: MMSG-10545]
Action.c(116): Notify: Saving Parameter "ApiToken = ".	[MsgId: MMSG-13798]
Action.c(116): Continuing after Error -26377: No match found for the requested parameter "AspToken". Either the specified boundaries were not found in the response or the matched text is longer than current max html parameter size of 90000 bytes. The total length of the response is 0 bytes. You can use "web_set_max_html_param_len" to increase the max parameter size.  	[MsgId: MERR-26377]
End auto log messages stack.	[MsgId: MMSG-10544]


Start auto log messages stack - Iteration 3.	[MsgId: MMSG-10545]
Action.c(116): Notify: Saving Parameter "AspToken = ".	[MsgId: MMSG-13798]
Action.c(116): Continuing after Error -26377: No match found for the requested parameter "access_token". Either the specified boundaries were not found in the response or the matched text is longer than current max html parameter size of 90000 bytes. The total length of the response is 0 bytes. You can use "web_set_max_html_param_len" to increase the max parameter size.  	[MsgId: MERR-26377]
End auto log messages stack.	[MsgId: MMSG-10544]


Start auto log messages stack - Iteration 3.	[MsgId: MMSG-10545]
Action.c(116): Notify: Saving Parameter "access_token = ".	[MsgId: MMSG-13798]
Action.c(116): Continuing after Error -26374: The above "not found" error(s) may be explained by header and body byte counts being 0 and 0, respectively.  	[MsgId: MERR-26374]
End auto log messages stack.	[MsgId: MMSG-10544]


Start auto log messages stack - Iteration 3.	[MsgId: MMSG-10545]
Action.c(116): web_custom_request("login") highest severity level was "continue on error", 0 body bytes, 0 header bytes  	[MsgId: MMSG-26388]
Action.c(116): Continuing after error in Vuser script.	[MsgId: MMSG-10678]
Action.c(127): web_add_cookie started  	[MsgId: MMSG-26355]
Action.c(127): Notify: Parameter Substitution: parameter "ApiToken" =  ""	[MsgId: MMSG-13992]
Action.c(127): web_add_cookie was successful  	[MsgId: MMSG-26392]
Action.c(128): web_add_cookie started  	[MsgId: MMSG-26355]
Action.c(128): Notify: Parameter Substitution: parameter "AspToken" =  ""	[MsgId: MMSG-13992]
Action.c(128): web_add_cookie was successful  	[MsgId: MMSG-26392]
Action.c(138): web_url("login_2") started  	[MsgId: MMSG-26355]
Action.c(138): Continuing after Error -27792: Failed to connect to server "10.184.129.108:80": [10051] Network is unreachable  	[MsgId: MERR-27792]
End auto log messages stack.	[MsgId: MMSG-10544]


Start auto log messages stack - Iteration 3.	[MsgId: MMSG-10545]
Action.c(138): web_url("login_2") highest severity level was "continue on error", 0 body bytes, 0 header bytes  	[MsgId: MMSG-26388]
Action.c(138): Continuing after error in Vuser script.	[MsgId: MMSG-10678]
Action.c(146): web_url("workarea") started  	[MsgId: MMSG-26355]
Action.c(146): Continuing after Error -27792: Failed to connect to server "10.184.129.108:80": [10051] Network is unreachable  	[MsgId: MERR-27792]
End auto log messages stack.	[MsgId: MMSG-10544]


Start auto log messages stack - Iteration 3.	[MsgId: MMSG-10545]
Action.c(146): web_url("workarea") highest severity level was "continue on error", 0 body bytes, 0 header bytes  	[MsgId: MMSG-26388]
Action.c(146): Continuing after error in Vuser script.	[MsgId: MMSG-10678]
Action.c(206): web_add_auto_header("Authorization") started  	[MsgId: MMSG-26355]
Action.c(206): Notify: Parameter Substitution: parameter "access_token" =  ""	[MsgId: MMSG-13992]
Action.c(206): Warning -26593: The header being added may cause unpredictable results when applied to all ensuing URLs. It is added anyway  	[MsgId: MWAR-26593]
Action.c(206): web_add_auto_header("Authorization") highest severity level was "warning"  	[MsgId: MMSG-26391]
Action.c(208): web_reg_save_param started  	[MsgId: MMSG-26355]
Action.c(208): Registering web_reg_save_param was successful  	[MsgId: MMSG-26390]
Action.c(213): web_url("CheckLoginStatusByUser") started  	[MsgId: MMSG-26355]
Action.c(213): Continuing after Error -27792: Failed to connect to server "10.184.129.108:80": [10051] Network is unreachable  	[MsgId: MERR-27792]
Action.c(213): Continuing after Error -26377: No match found for the requested parameter "status". Either the specified boundaries were not found in the response or the matched text is longer than current max html parameter size of 90000 bytes. The total length of the response is 0 bytes. You can use "web_set_max_html_param_len" to increase the max parameter size.  	[MsgId: MERR-26377]
End auto log messages stack.	[MsgId: MMSG-10544]


Start auto log messages stack - Iteration 3.	[MsgId: MMSG-10545]
Action.c(213): Notify: Saving Parameter "status = ".	[MsgId: MMSG-13798]
Action.c(213): Continuing after Error -26374: The above "not found" error(s) may be explained by header and body byte counts being 0 and 0, respectively.  	[MsgId: MERR-26374]
End auto log messages stack.	[MsgId: MMSG-10544]


Start auto log messages stack - Iteration 3.	[MsgId: MMSG-10545]
Action.c(213): web_url("CheckLoginStatusByUser") highest severity level was "continue on error", 0 body bytes, 0 header bytes  	[MsgId: MMSG-26388]
Action.c(213): Continuing after error in Vuser script.	[MsgId: MMSG-10678]
Action.c(223): Notify: Parameter Substitution: parameter "status" =  ""	[MsgId: MMSG-13992]
Action.c(225): Error: Login failed	[MsgId: MERR-17999]
End auto log messages stack.	[MsgId: MMSG-10544]


Start auto log messages stack - Iteration 4.	[MsgId: MMSG-10545]
Starting action Action.	[MsgId: MMSG-15919]
Action.c(6): web_set_max_html_param_len started  	[MsgId: MMSG-26355]
Action.c(6): web_set_max_html_param_len was successful  	[MsgId: MMSG-26392]
Action.c(8): web_url("Platform") started  	[MsgId: MMSG-26355]
Action.c(8): t=392174ms: 187-byte response headers for "http://10.184.129.108/Platform" (RelFrameId=1, Internal ID=19)
Action.c(8):     HTTP/1.1 503 Service Unavailable\r\n
Action.c(8):     Content-Type: text/html; charset=us-ascii\r\n
Action.c(8):     Server: Microsoft-HTTPAPI/2.0\r\n
Action.c(8):     Date: Fri, 14 Sep 2018 08:46:35 GMT\r\n
Action.c(8):     Connection: close\r\n
Action.c(8):     Content-Length: 326\r\n
Action.c(8):     \r\n
Action.c(8): t=392174ms: 326-byte response body for "http://10.184.129.108/Platform" (RelFrameId=1, Internal ID=19)
Action.c(8):     <!DOCTYPE HTML PUBLIC "-//W3C//DTD HTML 4.01//EN""http://www.w3.org/TR/html4/strict.dtd">\r
Action.c(8):     \n
Action.c(8):     <HTML><HEAD><TITLE>Service Unavailable</TITLE>\r\n
Action.c(8):     <META HTTP-EQUIV="Content-Type" Content="text/html; charset=us-ascii"></HEAD>\r\n
Action.c(8):     <BODY><h2>Service Unavailable</h2>\r\n
Action.c(8):     <hr><p>HTTP Error 503. The service is unavailable.</p>\r\n
Action.c(8):     </BODY></HTML>\r\n
Action.c(8): Continuing after Error -26609: HTTP Status-Code=503 (Service Unavailable) for "http://10.184.129.108/Platform"  	[MsgId: MERR-26609]
End auto log messages stack.	[MsgId: MMSG-10544]


Start auto log messages stack - Iteration 4.	[MsgId: MMSG-10545]
Action.c(8): web_url("Platform") highest severity level was "continue on error", 326 body bytes, 187 header bytes  	[MsgId: MMSG-26388]
Action.c(8): Continuing after error in Vuser script.	[MsgId: MMSG-10678]
Action.c(87): web_url("login-view.html") started  	[MsgId: MMSG-26355]
Action.c(87): t=392176ms: 187-byte response headers for "http://10.184.129.108/Platform/app/login/login-view.html" (RelFrameId=1, Internal ID=20)
Action.c(87):     HTTP/1.1 503 Service Unavailable\r\n
Action.c(87):     Content-Type: text/html; charset=us-ascii\r\n
Action.c(87):     Server: Microsoft-HTTPAPI/2.0\r\n
Action.c(87):     Date: Fri, 14 Sep 2018 08:46:35 GMT\r\n
Action.c(87):     Connection: close\r\n
Action.c(87):     Content-Length: 326\r\n
Action.c(87):     \r\n
Action.c(87): t=392176ms: 326-byte response body for "http://10.184.129.108/Platform/app/login/login-view.html" (RelFrameId=1, Internal ID=20)
Action.c(87):     <!DOCTYPE HTML PUBLIC "-//W3C//DTD HTML 4.01//EN""http://www.w3.org/TR/html4/strict.dtd">\r
Action.c(87):     \n
Action.c(87):     <HTML><HEAD><TITLE>Service Unavailable</TITLE>\r\n
Action.c(87):     <META HTTP-EQUIV="Content-Type" Content="text/html; charset=us-ascii"></HEAD>\r\n
Action.c(87):     <BODY><h2>Service Unavailable</h2>\r\n
Action.c(87):     <hr><p>HTTP Error 503. The service is unavailable.</p>\r\n
Action.c(87):     </BODY></HTML>\r\n
Action.c(87): Continuing after Error -26609: HTTP Status-Code=503 (Service Unavailable) for "http://10.184.129.108/Platform/app/login/login-view.html"  	[MsgId: MERR-26609]
End auto log messages stack.	[MsgId: MMSG-10544]


Start auto log messages stack - Iteration 4.	[MsgId: MMSG-10545]
Action.c(87): web_url("login-view.html") highest severity level was "continue on error", 326 body bytes, 187 header bytes  	[MsgId: MMSG-26388]
Action.c(87): Continuing after error in Vuser script.	[MsgId: MMSG-10678]
Action.c(99): web_reg_save_param started  	[MsgId: MMSG-26355]
Action.c(99): Registering web_reg_save_param was successful  	[MsgId: MMSG-26390]
Action.c(104): web_reg_save_param started  	[MsgId: MMSG-26355]
Action.c(104): Registering web_reg_save_param was successful  	[MsgId: MMSG-26390]
Action.c(109): web_reg_save_param started  	[MsgId: MMSG-26355]
Action.c(109): Registering web_reg_save_param was successful  	[MsgId: MMSG-26390]
Action.c(114): Notify: Transaction "User_login" started.	[MsgId: MMSG-16999]
Action.c(116): web_custom_request("login") started  	[MsgId: MMSG-26355]
Action.c(116): Notify: Parameter Substitution: parameter "UserName" =  "16"	[MsgId: MMSG-13992]
Action.c(116): t=392178ms: 187-byte response headers for "http://10.184.129.108/Platform/account/login" (RelFrameId=1, Internal ID=21)
Action.c(116):     HTTP/1.1 503 Service Unavailable\r\n
Action.c(116):     Content-Type: text/html; charset=us-ascii\r\n
Action.c(116):     Server: Microsoft-HTTPAPI/2.0\r\n
Action.c(116):     Date: Fri, 14 Sep 2018 08:46:35 GMT\r\n
Action.c(116):     Connection: close\r\n
Action.c(116):     Content-Length: 326\r\n
Action.c(116):     \r\n
Action.c(116): t=392178ms: 326-byte response body for "http://10.184.129.108/Platform/account/login" (RelFrameId=1, Internal ID=21)
Action.c(116):     <!DOCTYPE HTML PUBLIC "-//W3C//DTD HTML 4.01//EN""http://www.w3.org/TR/html4/strict.dtd">\r
Action.c(116):     \n
Action.c(116):     <HTML><HEAD><TITLE>Service Unavailable</TITLE>\r\n
Action.c(116):     <META HTTP-EQUIV="Content-Type" Content="text/html; charset=us-ascii"></HEAD>\r\n
Action.c(116):     <BODY><h2>Service Unavailable</h2>\r\n
Action.c(116):     <hr><p>HTTP Error 503. The service is unavailable.</p>\r\n
Action.c(116):     </BODY></HTML>\r\n
Action.c(116): Continuing after Error -26609: HTTP Status-Code=503 (Service Unavailable) for "http://10.184.129.108/Platform/account/login"  	[MsgId: MERR-26609]
Action.c(116): Continuing after Error -26377: No match found for the requested parameter "ApiToken". Either the specified boundaries were not found in the response or the matched text is longer than current max html parameter size of 90000 bytes. The total length of the response is 326 bytes. You can use "web_set_max_html_param_len" to increase the max parameter size.  	[MsgId: MERR-26377]
End auto log messages stack.	[MsgId: MMSG-10544]


Start auto log messages stack - Iteration 4.	[MsgId: MMSG-10545]
Action.c(116): Notify: Saving Parameter "ApiToken = ".	[MsgId: MMSG-13798]
Action.c(116): Continuing after Error -26377: No match found for the requested parameter "AspToken". Either the specified boundaries were not found in the response or the matched text is longer than current max html parameter size of 90000 bytes. The total length of the response is 326 bytes. You can use "web_set_max_html_param_len" to increase the max parameter size.  	[MsgId: MERR-26377]
End auto log messages stack.	[MsgId: MMSG-10544]


Start auto log messages stack - Iteration 4.	[MsgId: MMSG-10545]
Action.c(116): Notify: Saving Parameter "AspToken = ".	[MsgId: MMSG-13798]
Action.c(116): Continuing after Error -26377: No match found for the requested parameter "access_token". Either the specified boundaries were not found in the response or the matched text is longer than current max html parameter size of 90000 bytes. The total length of the response is 326 bytes. You can use "web_set_max_html_param_len" to increase the max parameter size.  	[MsgId: MERR-26377]
End auto log messages stack.	[MsgId: MMSG-10544]


Start auto log messages stack - Iteration 4.	[MsgId: MMSG-10545]
Action.c(116): Notify: Saving Parameter "access_token = ".	[MsgId: MMSG-13798]
Action.c(116): web_custom_request("login") highest severity level was "continue on error", 326 body bytes, 187 header bytes  	[MsgId: MMSG-26388]
Action.c(116): Continuing after error in Vuser script.	[MsgId: MMSG-10678]
Action.c(127): web_add_cookie started  	[MsgId: MMSG-26355]
Action.c(127): Notify: Parameter Substitution: parameter "ApiToken" =  ""	[MsgId: MMSG-13992]
Action.c(127): web_add_cookie was successful  	[MsgId: MMSG-26392]
Action.c(128): web_add_cookie started  	[MsgId: MMSG-26355]
Action.c(128): Notify: Parameter Substitution: parameter "AspToken" =  ""	[MsgId: MMSG-13992]
Action.c(128): web_add_cookie was successful  	[MsgId: MMSG-26392]
Action.c(138): web_url("login_2") started  	[MsgId: MMSG-26355]
Action.c(138): t=392180ms: 187-byte response headers for "http://10.184.129.108/Platform//account/login" (RelFrameId=1, Internal ID=22)
Action.c(138):     HTTP/1.1 503 Service Unavailable\r\n
Action.c(138):     Content-Type: text/html; charset=us-ascii\r\n
Action.c(138):     Server: Microsoft-HTTPAPI/2.0\r\n
Action.c(138):     Date: Fri, 14 Sep 2018 08:46:35 GMT\r\n
Action.c(138):     Connection: close\r\n
Action.c(138):     Content-Length: 326\r\n
Action.c(138):     \r\n
Action.c(138): t=392180ms: 326-byte response body for "http://10.184.129.108/Platform//account/login" (RelFrameId=1, Internal ID=22)
Action.c(138):     <!DOCTYPE HTML PUBLIC "-//W3C//DTD HTML 4.01//EN""http://www.w3.org/TR/html4/strict.dtd">\r
Action.c(138):     \n
Action.c(138):     <HTML><HEAD><TITLE>Service Unavailable</TITLE>\r\n
Action.c(138):     <META HTTP-EQUIV="Content-Type" Content="text/html; charset=us-ascii"></HEAD>\r\n
Action.c(138):     <BODY><h2>Service Unavailable</h2>\r\n
Action.c(138):     <hr><p>HTTP Error 503. The service is unavailable.</p>\r\n
Action.c(138):     </BODY></HTML>\r\n
Action.c(138): Continuing after Error -26609: HTTP Status-Code=503 (Service Unavailable) for "http://10.184.129.108/Platform//account/login"  	[MsgId: MERR-26609]
End auto log messages stack.	[MsgId: MMSG-10544]


Start auto log messages stack - Iteration 4.	[MsgId: MMSG-10545]
Action.c(138): web_url("login_2") highest severity level was "continue on error", 326 body bytes, 187 header bytes  	[MsgId: MMSG-26388]
Action.c(138): Continuing after error in Vuser script.	[MsgId: MMSG-10678]
Action.c(146): web_url("workarea") started  	[MsgId: MMSG-26355]
Action.c(146): t=392183ms: 187-byte response headers for "http://10.184.129.108/Platform/workarea" (RelFrameId=1, Internal ID=23)
Action.c(146):     HTTP/1.1 503 Service Unavailable\r\n
Action.c(146):     Content-Type: text/html; charset=us-ascii\r\n
Action.c(146):     Server: Microsoft-HTTPAPI/2.0\r\n
Action.c(146):     Date: Fri, 14 Sep 2018 08:46:35 GMT\r\n
Action.c(146):     Connection: close\r\n
Action.c(146):     Content-Length: 326\r\n
Action.c(146):     \r\n
Action.c(146): t=392183ms: 326-byte response body for "http://10.184.129.108/Platform/workarea" (RelFrameId=1, Internal ID=23)
Action.c(146):     <!DOCTYPE HTML PUBLIC "-//W3C//DTD HTML 4.01//EN""http://www.w3.org/TR/html4/strict.dtd">\r
Action.c(146):     \n
Action.c(146):     <HTML><HEAD><TITLE>Service Unavailable</TITLE>\r\n
Action.c(146):     <META HTTP-EQUIV="Content-Type" Content="text/html; charset=us-ascii"></HEAD>\r\n
Action.c(146):     <BODY><h2>Service Unavailable</h2>\r\n
Action.c(146):     <hr><p>HTTP Error 503. The service is unavailable.</p>\r\n
Action.c(146):     </BODY></HTML>\r\n
Action.c(146): Continuing after Error -26609: HTTP Status-Code=503 (Service Unavailable) for "http://10.184.129.108/Platform/workarea"  	[MsgId: MERR-26609]
End auto log messages stack.	[MsgId: MMSG-10544]


Start auto log messages stack - Iteration 4.	[MsgId: MMSG-10545]
Action.c(146): web_url("workarea") highest severity level was "continue on error", 326 body bytes, 187 header bytes  	[MsgId: MMSG-26388]
Action.c(146): Continuing after error in Vuser script.	[MsgId: MMSG-10678]
Action.c(206): web_add_auto_header("Authorization") started  	[MsgId: MMSG-26355]
Action.c(206): Notify: Parameter Substitution: parameter "access_token" =  ""	[MsgId: MMSG-13992]
Action.c(206): Warning -26593: The header being added may cause unpredictable results when applied to all ensuing URLs. It is added anyway  	[MsgId: MWAR-26593]
Action.c(206): web_add_auto_header("Authorization") highest severity level was "warning"  	[MsgId: MMSG-26391]
Action.c(208): web_reg_save_param started  	[MsgId: MMSG-26355]
Action.c(208): Registering web_reg_save_param was successful  	[MsgId: MMSG-26390]
Action.c(213): web_url("CheckLoginStatusByUser") started  	[MsgId: MMSG-26355]
Action.c(213): t=392184ms: 187-byte response headers for "http://10.184.129.108/Platform/Account/CheckLoginStatus" (RelFrameId=1, Internal ID=24)
Action.c(213):     HTTP/1.1 503 Service Unavailable\r\n
Action.c(213):     Content-Type: text/html; charset=us-ascii\r\n
Action.c(213):     Server: Microsoft-HTTPAPI/2.0\r\n
Action.c(213):     Date: Fri, 14 Sep 2018 08:46:35 GMT\r\n
Action.c(213):     Connection: close\r\n
Action.c(213):     Content-Length: 326\r\n
Action.c(213):     \r\n
Action.c(213): t=392184ms: 326-byte response body for "http://10.184.129.108/Platform/Account/CheckLoginStatus" (RelFrameId=1, Internal ID=24)
Action.c(213):     <!DOCTYPE HTML PUBLIC "-//W3C//DTD HTML 4.01//EN""http://www.w3.org/TR/html4/strict.dtd">\r
Action.c(213):     \n
Action.c(213):     <HTML><HEAD><TITLE>Service Unavailable</TITLE>\r\n
Action.c(213):     <META HTTP-EQUIV="Content-Type" Content="text/html; charset=us-ascii"></HEAD>\r\n
Action.c(213):     <BODY><h2>Service Unavailable</h2>\r\n
Action.c(213):     <hr><p>HTTP Error 503. The service is unavailable.</p>\r\n
Action.c(213):     </BODY></HTML>\r\n
Action.c(213): Continuing after Error -26609: HTTP Status-Code=503 (Service Unavailable) for "http://10.184.129.108/Platform/Account/CheckLoginStatus"  	[MsgId: MERR-26609]
End auto log messages stack.	[MsgId: MMSG-10544]


Start auto log messages stack - Iteration 4.	[MsgId: MMSG-10545]
Action.c(213): Notify: Saving Parameter "status = HTTP/1.1 503 Service Unavailable\r\nContent-Type: text/html; charset=us-ascii\r\nServer: Microsoft-HTTPAPI/2.0\r\nDate: Fri, 14 Sep 2018 08:46:35 GMT\r\nConnection: close\r\nContent-Length: 326\r\n\r\n<!DOCTYPE HTML PUBLIC "-//W3C//DTD HTML 4.01//EN""http://www.w3.org/TR/html4/strict.dtd">\r\n<HTML><HEAD><TITLE>Service Unavailable</TITLE>\r\n<META HTTP-EQUIV="Content-Type" Content="text/html; charset=us-ascii"></HEAD>\r\n<BODY><h2>Service Unavailable</h2>\r\n<hr><p>HTTP Error 503. The service is unavailable.</p>\r\n</BODY></HTML>\r\n".	[MsgId: MMSG-13798]
Action.c(213): web_url("CheckLoginStatusByUser") highest severity level was "continue on error", 326 body bytes, 187 header bytes  	[MsgId: MMSG-26388]
Action.c(213): Continuing after error in Vuser script.	[MsgId: MMSG-10678]
Action.c(223): Notify: Parameter Substitution: parameter "status" =  "HTTP/1.1 503 Service Unavailable\r\nContent-Type: text/html; charset=us-ascii\r\nServer: Microsoft-HTTPAPI/2.0\r\nDate: Fri, 14 Sep 2018 08:46:35 GMT\r\nConnection: close\r\nContent-Length: 326\r\n\r\n<!DOCTYPE HTML PUBLIC "-//W3C//DTD HTML 4.01//EN""http://www.w3.org/TR/html4/strict.dtd">\r\n<HTML><HEAD><TITLE>Service Unavailable</TITLE>\r\n<META HTTP-EQUIV="Content-Type" Content="text/html; charset=us-ascii"></HEAD>\r\n<BODY><h2>Service Unavailable</h2>\r\n<hr><p>HTTP Error 503. The service is unavailable.</p>\r\n</BODY></HTML>\r\n"	[MsgId: MMSG-13992]
Action.c(225): Error: Login failed	[MsgId: MERR-17999]
End auto log messages stack.	[MsgId: MMSG-10544]


