Start auto log messages stack - Iteration 1.	[MsgId: MMSG-10545]
Action.c(314):     sInfo":[{"drawerName":null,"paperType":"Plain","paperSizeType":"A4","statusCode":3,"status
Action.c(314):     Description":"Empty"},{"drawerName":null,"paperType":"Plain","paperSizeType":"A4","statusC
Action.c(314):     ode":0,"statusDescription":"Normal"}],"printerType":0,"blackInkLevel":71,"cyanInkLevel":0,
Action.c(314):     "magentaInkLevel":0,"yellowInkLevel":0,"errorCode":"","errorDescription":null,"statusTime"
Action.c(314):     :"2018-09-20T16:09:18.093+08:00"},{"printerID":"Upper","terminalID":null,"printerName":"Up
Action.c(314):     per","printerModel":"Color","statusCode":0,"statusDescription":"Normal","reportDrawersInfo
Action.c(314):     ":[{"drawerName":null,"paperType":"Plain","paperSizeType":"A5","statusCode":3,"statusDescr
Action.c(314):     iption":"Empty"},{"drawerName":null,"paperType":"Plain","paperSizeType":"A4","statusCode":
Action.c(314):     0,"statusDescription":"Normal"}],"printerType":1,"blackInkLevel":94,"cyanInkLevel":0,"mage
Action.c(314):     ntaInkLevel":0,"yellowInkLevel":0,"errorCode":"","errorDescription":null,"statusTime":"201
Action.c(314):     8-09-20T16:09:23.143+08:00"}],"errorCode":null,"errorDescription":null,"terminalType":2,"t
Action.c(314):     erminalEnabledFlag":1,"isFollowed":false},{"terminalID":"Terminal20","terminalName":"Termi
Action.c(314):     nal20","terminalIP":"10.184.129.120","terminalDescription":null,"terminalStatus":0,"termin
Action.c(314):     alStatusLevel":"Normal","terminalStatusDescription":null,"terminalStatusTime":"2018-09-20T
Action.c(314):     16:11:19.827+08:00","departmentIdList":"3,12,4,5,6,7,8,9,10,11,1,2","checkTermianlState":f
Action.c(314):     alse,"checkFilmState":false,"filmPrinterInfo":null,"reportPrintersInfo":[{"printerID":"Low
Action.c(314):     er","terminalID":null,"printerName":"Lower","printerModel":"Mono","statusCode":0,"statusDe
Action.c(314):     scription":"Normal","reportDrawersInfo":[{"drawerName":null,"paperType":"Plain","paperSize
Action.c(314):     Type":"A4","statusCode":3,"statusDescription":"Empty"},{"drawerName":null,"paperType":"Pla
Action.c(314):     in","paperSizeType":"A4","statusCode":0,"statusDescription":"Normal"}],"printerType":0,"bl
Action.c(314):     ackInkLevel":71,"cyanInkLevel":0,"magentaInkLevel":0,"yellowInkLevel":0,"errorCode":"","er
Action.c(314):     rorDescription":null,"statusTime":"2018-09-20T16:10:31.15+08:00"},{"printerID":"Upper","te
Action.c(314):     rminalID":null,"printerName":"Upper","printerModel":"Color","statusCode":0,"statusDescript
Action.c(314):     ion":"Normal","reportDrawersInfo":[{"drawerName":null,"paperType":"Plain","paperSizeType":
Action.c(314):     "A5","statusCode":3,"statusDescription":"Empty"},{"drawerName":null,"paperType":"Plain","p
Action.c(314):     aperSizeType":"A4","statusCode":0,"statusDescription":"Norma
Action.c(314): t=9521ms: 4380-byte response body for "http://10.184.129.108/webapi/api/terminalmonitoring?userId=13" (RelFrameId=1, Internal ID=14)
Action.c(314):     l"}],"printerType":1,"blackInkLevel":94,"cyanInkLevel":0,"magentaInkLevel":0,"yellowInkLev
Action.c(314):     el":0,"errorCode":"","errorDescription":null,"statusTime":"2018-09-20T16:10:36.193+08:00"}
Action.c(314):     ],"errorCode":null,"errorDescription":null,"terminalType":2,"terminalEnabledFlag":1,"isFol
Action.c(314):     lowed":false},{"terminalID":"Terminal21","terminalName":"Terminal21","terminalIP":"10.184.
Action.c(314):     129.21","terminalDescription":null,"terminalStatus":0,"terminalStatusLevel":"Normal","term
Action.c(314):     inalStatusDescription":null,"terminalStatusTime":"2018-09-20T16:13:05.29+08:00","departmen
Action.c(314):     tIdList":"3,12,4,5,6,7,8,9,10,11,1,2","checkTermianlState":false,"checkFilmState":false,"f
Action.c(314):     ilmPrinterInfo":null,"reportPrintersInfo":[{"printerID":"Lower","terminalID":null,"printer
Action.c(314):     Name":"Lower","printerModel":"Mono","statusCode":0,"statusDescription":"Normal","reportDra
Action.c(314):     wersInfo":[{"drawerName":null,"paperType":"Plain","paperSizeType":"A4","statusCode":3,"sta
Action.c(314):     tusDescription":"Empty"},{"drawerName":null,"paperType":"Plain","paperSizeType":"A4","stat
Action.c(314):     usCode":0,"statusDescription":"Normal"}],"printerType":0,"blackInkLevel":71,"cyanInkLevel"
Action.c(314):     :0,"magentaInkLevel":0,"yellowInkLevel":0,"errorCode":"","errorDescription":null,"statusTi
Action.c(314):     me":"2018-09-20T16:12:13.423+08:00"},{"printerID":"Upper","terminalID":null,"printerName":
Action.c(314):     "Upper","printerModel":"Color","statusCode":0,"statusDescription":"Normal","reportDrawersI
Action.c(314):     nfo":[{"drawerName":null,"paperType":"Plain","paperSizeType":"A5","statusCode":3,"statusDe
Action.c(314):     scription":"Empty"},{"drawerName":null,"paperType":"Plain","paperSizeType":"A4","statusCod
Action.c(314):     e":0,"statusDescription":"Normal"}],"printerType":1,"blackInkLevel":94,"cyanInkLevel":0,"m
Action.c(314):     agentaInkLevel":0,"yellowInkLevel":0,"errorCode":"","errorDescription":null,"statusTime":"
Action.c(314):     2018-09-20T16:12:18.463+08:00"}],"errorCode":null,"errorDescription":null,"terminalType":2
Action.c(314):     ,"terminalEnabledFlag":1,"isFollowed":false},{"terminalID":"Terminal22","terminalName":"Te
Action.c(314):     rminal22","terminalIP":"10.184.129.22","terminalDescription":null,"terminalStatus":0,"term
Action.c(314):     inalStatusLevel":"Normal","terminalStatusDescription":null,"terminalStatusTime":"2018-09-2
Action.c(314):     0T16:13:52.347+08:00","departmentIdList":"3,12,4,5,6,7,8,9,10,11,1,2","checkTermianlState"
Action.c(314):     :false,"checkFilmState":false,"filmPrinterInfo":null,"reportPrintersInfo":[{"printerID":"L
Action.c(314):     ower","terminalID":null,"printerName":"Lower","printerModel":"Mono","statusCode":0,"status
Action.c(314):     Description":"Normal","reportDrawersInfo":[{"drawerName":null,"paperType":"Plain","paperSi
Action.c(314):     zeType":"A4","statusCode":3,"statusDescription":"Empty"},{"drawerName":null,"paperType":"P
Action.c(314):     lain","paperSizeType":"A4","statusCode":0,"statusDescription":"Normal"}],"printerType":0,"
Action.c(314):     blackInkLevel":71,"cyanInkLevel":0,"magentaInkLevel":0,"yellowInkLevel":0,"errorCode":"","
Action.c(314):     errorDescription":null,"statusTime":"2018-09-20T16:13:37.093+08:00"},{"printerID":"Upper",
Action.c(314):     "terminalID":null,"printerName":"Upper","printerModel":"Color","statusCode":0,"statusDescr
Action.c(314):     iption":"Normal","reportDrawersInfo":[{"drawerName":null,"paperType":"Plain","paperSizeTyp
Action.c(314):     e":"A5","statusCode":3,"statusDescription":"Empty"},{"drawerName":null,"paperType":"Plain"
Action.c(314):     ,"paperSizeType":"A4","statusCode":0,"statusDescription":"Normal"}],"printerType":1,"black
Action.c(314):     InkLevel":94,"cyanInkLevel":0,"magentaInkLevel":0,"yellowInkLevel":0,"errorCode":"","error
Action.c(314):     Description":null,"statusTime":"2018-09-20T16:13:42.173+08:00"}],"errorCode":null,"errorDe
Action.c(314):     scription":null,"terminalType":2,"terminalEnabledFlag":1,"isFollowed":false},{"terminalID"
Action.c(314):     :"Terminal23","terminalName":"Terminal23","terminalIP":"10.184.129.23","terminalDescriptio
Action.c(314):     n":null,"terminalStatus":0,"terminalStatusLevel":"Normal","terminalStatusDescription":null
Action.c(314):     ,"terminalStatusTime":"2018-09-20T16:07:26.45+08:00","departmentIdList":"3,12,4,5,6,7,8,9,
Action.c(314):     10,11,1,2","checkTermianlState":false,"checkFilmState":false,"filmPrinterInfo":null,"repor
Action.c(314):     tPrintersInfo":[{"printerID":"Lower","terminalID":null,"printerName":"Lower","printerModel
Action.c(314):     ":"Mono","statusCode":0,"statusDescription":"Normal","reportDrawersInfo":[{"drawerName":nu
Action.c(314):     ll,"paperType":"Plain","paperSizeType":"A4","statusCode":3,"statusDescription":"Empty"},{"
Action.c(314):     drawerName":null,"paperType":"Plain","paperSizeType":"A4","statusCode":0,"statusDescriptio
Action.c(314):     n":"Normal"}],"printerType":0,"blackInkLevel":71,"cyanInkLevel":0,"magentaInkLevel":0,"yel
Action.c(314):     lowInkLevel":0,"errorCode":"","errorDescription":null,"statusTime":"2018-09-20T16:06:37.73
Action.c(314):     3+08:00"},{"printerID":"Upper","terminalID":null,"printerNam
Action.c(314): t=9521ms: 4380-byte response body for "http://10.184.129.108/webapi/api/terminalmonitoring?userId=13" (RelFrameId=1, Internal ID=14)
Action.c(314):     e":"Upper","printerModel":"Color","statusCode":0,"statusDescription":"Normal","reportDrawe
Action.c(314):     rsInfo":[{"drawerName":null,"paperType":"Plain","paperSizeType":"A5","statusCode":3,"statu
Action.c(314):     sDescription":"Empty"},{"drawerName":null,"paperType":"Plain","paperSizeType":"A4","status
Action.c(314):     Code":0,"statusDescription":"Normal"}],"printerType":1,"blackInkLevel":94,"cyanInkLevel":0
Action.c(314):     ,"magentaInkLevel":0,"yellowInkLevel":0,"errorCode":"","errorDescription":null,"statusTime
Action.c(314):     ":"2018-09-20T16:06:42.76+08:00"}],"errorCode":null,"errorDescription":null,"terminalType"
Action.c(314):     :2,"terminalEnabledFlag":1,"isFollowed":false},{"terminalID":"Terminal24","terminalName":"
Action.c(314):     Terminal24","terminalIP":"10.184.129.24","terminalDescription":null,"terminalStatus":0,"te
Action.c(314):     rminalStatusLevel":"Normal","terminalStatusDescription":null,"terminalStatusTime":"2018-09
Action.c(314):     -20T16:08:46.357+08:00","departmentIdList":"3,12,4,5,6,7,8,9,10,11,1,2","checkTermianlStat
Action.c(314):     e":false,"checkFilmState":false,"filmPrinterInfo":null,"reportPrintersInfo":[{"printerID":
Action.c(314):     "Lower","terminalID":null,"printerName":"Lower","printerModel":"Mono","statusCode":0,"stat
Action.c(314):     usDescription":"Normal","reportDrawersInfo":[{"drawerName":null,"paperType":"Plain","paper
Action.c(314):     SizeType":"A4","statusCode":3,"statusDescription":"Empty"},{"drawerName":null,"paperType":
Action.c(314):     "Plain","paperSizeType":"A4","statusCode":0,"statusDescription":"Normal"}],"printerType":0
Action.c(314):     ,"blackInkLevel":71,"cyanInkLevel":0,"magentaInkLevel":0,"yellowInkLevel":0,"errorCode":""
Action.c(314):     ,"errorDescription":null,"statusTime":"2018-09-20T16:07:57.767+08:00"},{"printerID":"Upper
Action.c(314):     ","terminalID":null,"printerName":"Upper","printerModel":"Color","statusCode":0,"statusDes
Action.c(314):     cription":"Normal","reportDrawersInfo":[{"drawerName":null,"paperType":"Plain","paperSizeT
Action.c(314):     ype":"A5","statusCode":3,"statusDescription":"Empty"},{"drawerName":null,"paperType":"Plai
Action.c(314):     n","paperSizeType":"A4","statusCode":0,"statusDescription":"Normal"}],"printerType":1,"bla
Action.c(314):     ckInkLevel":94,"cyanInkLevel":0,"magentaInkLevel":0,"yellowInkLevel":0,"errorCode":"","err
Action.c(314):     orDescription":null,"statusTime":"2018-09-20T16:08:02.787+08:00"}],"errorCode":null,"error
Action.c(314):     Description":null,"terminalType":2,"terminalEnabledFlag":1,"isFollowed":false},{"terminalI
Action.c(314):     D":"Terminal25","terminalName":"Terminal25","terminalIP":"10.184.129.25","terminalDescript
Action.c(314):     ion":null,"terminalStatus":0,"terminalStatusLevel":"Normal","terminalStatusDescription":nu
Action.c(314):     ll,"terminalStatusTime":"2018-09-20T16:10:04.223+08:00","departmentIdList":"3,12,4,5,6,7,8
Action.c(314):     ,9,10,11,1,2","checkTermianlState":false,"checkFilmState":false,"filmPrinterInfo":null,"re
Action.c(314):     portPrintersInfo":[{"printerID":"Lower","terminalID":null,"printerName":"Lower","printerMo
Action.c(314):     del":"Mono","statusCode":0,"statusDescription":"Normal","reportDrawersInfo":[{"drawerName"
Action.c(314):     :null,"paperType":"Plain","paperSizeType":"A4","statusCode":3,"statusDescription":"Empty"}
Action.c(314):     ,{"drawerName":null,"paperType":"Plain","paperSizeType":"A4","statusCode":0,"statusDescrip
Action.c(314):     tion":"Normal"}],"printerType":0,"blackInkLevel":71,"cyanInkLevel":0,"magentaInkLevel":0,"
Action.c(314):     yellowInkLevel":0,"errorCode":"","errorDescription":null,"statusTime":"2018-09-20T16:09:15
Action.c(314):     .6+08:00"},{"printerID":"Upper","terminalID":null,"printerName":"Upper","printerModel":"Co
Action.c(314):     lor","statusCode":0,"statusDescription":"Normal","reportDrawersInfo":[{"drawerName":null,"
Action.c(314):     paperType":"Plain","paperSizeType":"A5","statusCode":3,"statusDescription":"Empty"},{"draw
Action.c(314):     erName":null,"paperType":"Plain","paperSizeType":"A4","statusCode":0,"statusDescription":"
Action.c(314):     Normal"}],"printerType":1,"blackInkLevel":94,"cyanInkLevel":0,"magentaInkLevel":0,"yellowI
Action.c(314):     nkLevel":0,"errorCode":"","errorDescription":null,"statusTime":"2018-09-20T16:09:20.63+08:
Action.c(314):     00"}],"errorCode":null,"errorDescription":null,"terminalType":2,"terminalEnabledFlag":1,"i
Action.c(314):     sFollowed":false},{"terminalID":"Terminal26","terminalName":"Terminal26","terminalIP":"10.
Action.c(314):     184.129.26","terminalDescription":null,"terminalStatus":0,"terminalStatusLevel":"Normal","
Action.c(314):     terminalStatusDescription":null,"terminalStatusTime":"2018-09-20T16:13:57.083+08:00","depa
Action.c(314):     rtmentIdList":"3,12,4,5,6,7,8,9,10,11,1,2","checkTermianlState":false,"checkFilmState":fal
Action.c(314):     se,"filmPrinterInfo":null,"reportPrintersInfo":[{"printerID":"Lower","terminalID":null,"pr
Action.c(314):     interName":"Lower","printerModel":"Mono","statusCode":0,"statusDescription":"Normal","repo
Action.c(314):     rtDrawersInfo":[{"drawerName":null,"paperType":"Plain","paperSizeType":"A4","statusCode":3
Action.c(314):     ,"statusDescription":"Empty"},{"drawerName":null,"paperType"
Action.c(314): t=9522ms: 4380-byte response body for "http://10.184.129.108/webapi/api/terminalmonitoring?userId=13" (RelFrameId=1, Internal ID=14)
Action.c(314):     :"Plain","paperSizeType":"A4","statusCode":0,"statusDescription":"Normal"}],"printerType":
Action.c(314):     0,"blackInkLevel":71,"cyanInkLevel":0,"magentaInkLevel":0,"yellowInkLevel":0,"errorCode":"
Action.c(314):     ","errorDescription":null,"statusTime":"2018-09-20T16:13:06.47+08:00"},{"printerID":"Upper
Action.c(314):     ","terminalID":null,"printerName":"Upper","printerModel":"Color","statusCode":0,"statusDes
Action.c(314):     cription":"Normal","reportDrawersInfo":[{"drawerName":null,"paperType":"Plain","paperSizeT
Action.c(314):     ype":"A5","statusCode":3,"statusDescription":"Empty"},{"drawerName":null,"paperType":"Plai
Action.c(314):     n","paperSizeType":"A4","statusCode":0,"statusDescription":"Normal"}],"printerType":1,"bla
Action.c(314):     ckInkLevel":94,"cyanInkLevel":0,"magentaInkLevel":0,"yellowInkLevel":0,"errorCode":"","err
Action.c(314):     orDescription":null,"statusTime":"2018-09-20T16:13:11.563+08:00"}],"errorCode":null,"error
Action.c(314):     Description":null,"terminalType":2,"terminalEnabledFlag":1,"isFollowed":false},{"terminalI
Action.c(314):     D":"Terminal27","terminalName":"Terminal27","terminalIP":"10.184.129.27","terminalDescript
Action.c(314):     ion":null,"terminalStatus":0,"terminalStatusLevel":"Normal","terminalStatusDescription":nu
Action.c(314):     ll,"terminalStatusTime":"2018-09-20T16:05:02.51+08:00","departmentIdList":"3,12,4,5,6,7,8,
Action.c(314):     9,10,11,1,2","checkTermianlState":false,"checkFilmState":false,"filmPrinterInfo":null,"rep
Action.c(314):     ortPrintersInfo":[{"printerID":"Lower","terminalID":null,"printerName":"Lower","printerMod
Action.c(314):     el":"Mono","statusCode":0,"statusDescription":"Normal","reportDrawersInfo":[{"drawerName":
Action.c(314):     null,"paperType":"Plain","paperSizeType":"A4","statusCode":3,"statusDescription":"Empty"},
Action.c(314):     {"drawerName":null,"paperType":"Plain","paperSizeType":"A4","statusCode":0,"statusDescript
Action.c(314):     ion":"Normal"}],"printerType":0,"blackInkLevel":71,"cyanInkLevel":0,"magentaInkLevel":0,"y
Action.c(314):     ellowInkLevel":0,"errorCode":"","errorDescription":null,"statusTime":"2018-09-20T16:04:13.
Action.c(314):     687+08:00"},{"printerID":"Upper","terminalID":null,"printerName":"Upper","printerModel":"C
Action.c(314):     olor","statusCode":0,"statusDescription":"Normal","reportDrawersInfo":[{"drawerName":null,
Action.c(314):     "paperType":"Plain","paperSizeType":"A5","statusCode":3,"statusDescription":"Empty"},{"dra
Action.c(314):     werName":null,"paperType":"Plain","paperSizeType":"A4","statusCode":0,"statusDescription":
Action.c(314):     "Normal"}],"printerType":1,"blackInkLevel":94,"cyanInkLevel":0,"magentaInkLevel":0,"yellow
Action.c(314):     InkLevel":0,"errorCode":"","errorDescription":null,"statusTime":"2018-09-20T16:04:18.71+08
Action.c(314):     :00"}],"errorCode":null,"errorDescription":null,"terminalType":2,"terminalEnabledFlag":1,"
Action.c(314):     isFollowed":false},{"terminalID":"Terminal28","terminalName":"Terminal28","terminalIP":"10
Action.c(314):     .184.129.28","terminalDescription":null,"terminalStatus":0,"terminalStatusLevel":"Normal",
Action.c(314):     "terminalStatusDescription":null,"terminalStatusTime":"2018-09-20T16:06:22.543+08:00","dep
Action.c(314):     artmentIdList":"3,12,4,5,6,7,8,9,10,11,1,2","checkTermianlState":false,"checkFilmState":fa
Action.c(314):     lse,"filmPrinterInfo":null,"reportPrintersInfo":[{"printerID":"Lower","terminalID":null,"p
Action.c(314):     rinterName":"Lower","printerModel":"Mono","statusCode":0,"statusDescription":"Normal","rep
Action.c(314):     ortDrawersInfo":[{"drawerName":null,"paperType":"Plain","paperSizeType":"A4","statusCode":
Action.c(314):     3,"statusDescription":"Empty"},{"drawerName":null,"paperType":"Plain","paperSizeType":"A4"
Action.c(314):     ,"statusCode":0,"statusDescription":"Normal"}],"printerType":0,"blackInkLevel":71,"cyanInk
Action.c(314):     Level":0,"magentaInkLevel":0,"yellowInkLevel":0,"errorCode":"","errorDescription":null,"st
Action.c(314):     atusTime":"2018-09-20T16:05:31.71+08:00"},{"printerID":"Upper","terminalID":null,"printerN
Action.c(314):     ame":"Upper","printerModel":"Color","statusCode":0,"statusDescription":"Normal","reportDra
Action.c(314):     wersInfo":[{"drawerName":null,"paperType":"Plain","paperSizeType":"A5","statusCode":3,"sta
Action.c(314):     tusDescription":"Empty"},{"drawerName":null,"paperType":"Plain","paperSizeType":"A4","stat
Action.c(314):     usCode":0,"statusDescription":"Normal"}],"printerType":1,"blackInkLevel":94,"cyanInkLevel"
Action.c(314):     :0,"magentaInkLevel":0,"yellowInkLevel":0,"errorCode":"","errorDescription":null,"statusTi
Action.c(314):     me":"2018-09-20T16:05:36.747+08:00"}],"errorCode":null,"errorDescription":null,"terminalTy
Action.c(314):     pe":2,"terminalEnabledFlag":1,"isFollowed":false},{"terminalID":"Terminal29","terminalName
Action.c(314):     ":"Terminal29","terminalIP":"10.184.129.29","terminalDescription":null,"terminalStatus":0,
Action.c(314):     "terminalStatusLevel":"Normal","terminalStatusDescription":null,"terminalStatusTime":"2018
Action.c(314):     -09-20T16:07:45.137+08:00","departmentIdList":"3,12,4,5,6,7,8,9,10,11,1,2","checkTermianlS
Action.c(314):     tate":false,"checkFilmState":false,"filmPrinterInfo":null,"r
Action.c(314): t=9522ms: 4380-byte response body for "http://10.184.129.108/webapi/api/terminalmonitoring?userId=13" (RelFrameId=1, Internal ID=14)
Action.c(314):     eportPrintersInfo":[{"printerID":"Lower","terminalID":null,"printerName":"Lower","printerM
Action.c(314):     odel":"Mono","statusCode":0,"statusDescription":"Normal","reportDrawersInfo":[{"drawerName
Action.c(314):     ":null,"paperType":"Plain","paperSizeType":"A4","statusCode":3,"statusDescription":"Empty"
Action.c(314):     },{"drawerName":null,"paperType":"Plain","paperSizeType":"A4","statusCode":0,"statusDescri
Action.c(314):     ption":"Normal"}],"printerType":0,"blackInkLevel":71,"cyanInkLevel":0,"magentaInkLevel":0,
Action.c(314):     "yellowInkLevel":0,"errorCode":"","errorDescription":null,"statusTime":"2018-09-20T16:06:5
Action.c(314):     6.527+08:00"},{"printerID":"Upper","terminalID":null,"printerName":"Upper","printerModel":
Action.c(314):     "Color","statusCode":0,"statusDescription":"Normal","reportDrawersInfo":[{"drawerName":nul
Action.c(314):     l,"paperType":"Plain","paperSizeType":"A5","statusCode":3,"statusDescription":"Empty"},{"d
Action.c(314):     rawerName":null,"paperType":"Plain","paperSizeType":"A4","statusCode":0,"statusDescription
Action.c(314):     ":"Normal"}],"printerType":1,"blackInkLevel":94,"cyanInkLevel":0,"magentaInkLevel":0,"yell
Action.c(314):     owInkLevel":0,"errorCode":"","errorDescription":null,"statusTime":"2018-09-20T16:07:01.597
Action.c(314):     +08:00"}],"errorCode":null,"errorDescription":null,"terminalType":2,"terminalEnabledFlag":
Action.c(314):     1,"isFollowed":false},{"terminalID":"Terminal3","terminalName":"Terminal3","terminalIP":"1
Action.c(314):     0.184.129.3","terminalDescription":null,"terminalStatus":0,"terminalStatusLevel":"Normal",
Action.c(314):     "terminalStatusDescription":null,"terminalStatusTime":"2018-09-20T16:09:00.467+08:00","dep
Action.c(314):     artmentIdList":"3,12,4,5,6,7,8,9,10,11,1,2","checkTermianlState":false,"checkFilmState":fa
Action.c(314):     lse,"filmPrinterInfo":null,"reportPrintersInfo":[{"printerID":"Lower","terminalID":null,"p
Action.c(314):     rinterName":"Lower","printerModel":"Mono","statusCode":0,"statusDescription":"Normal","rep
Action.c(314):     ortDrawersInfo":[{"drawerName":null,"paperType":"Plain","paperSizeType":"A4","statusCode":
Action.c(314):     3,"statusDescription":"Empty"},{"drawerName":null,"paperType":"Plain","paperSizeType":"A4"
Action.c(314):     ,"statusCode":0,"statusDescription":"Normal"}],"printerType":0,"blackInkLevel":71,"cyanInk
Action.c(314):     Level":0,"magentaInkLevel":0,"yellowInkLevel":0,"errorCode":"","errorDescription":null,"st
Action.c(314):     atusTime":"2018-09-20T16:08:11.863+08:00"},{"printerID":"Upper","terminalID":null,"printer
Action.c(314):     Name":"Upper","printerModel":"Color","statusCode":0,"statusDescription":"Normal","reportDr
Action.c(314):     awersInfo":[{"drawerName":null,"paperType":"Plain","paperSizeType":"A5","statusCode":3,"st
Action.c(314):     atusDescription":"Empty"},{"drawerName":null,"paperType":"Plain","paperSizeType":"A4","sta
Action.c(314):     tusCode":0,"statusDescription":"Normal"}],"printerType":1,"blackInkLevel":94,"cyanInkLevel
Action.c(314):     ":0,"magentaInkLevel":0,"yellowInkLevel":0,"errorCode":"","errorDescription":null,"statusT
Action.c(314):     ime":"2018-09-20T16:08:16.85+08:00"}],"errorCode":null,"errorDescription":null,"terminalTy
Action.c(314):     pe":2,"terminalEnabledFlag":1,"isFollowed":false},{"terminalID":"Terminal30","terminalName
Action.c(314):     ":"Terminal30","terminalIP":"10.184.129.30","terminalDescription":null,"terminalStatus":0,
Action.c(314):     "terminalStatusLevel":"Normal","terminalStatusDescription":null,"terminalStatusTime":"2018
Action.c(314):     -09-20T16:12:30.07+08:00","departmentIdList":"3,12,4,5,6,7,8,9,10,11,1,2","checkTermianlSt
Action.c(314):     ate":false,"checkFilmState":false,"filmPrinterInfo":null,"reportPrintersInfo":[{"printerID
Action.c(314):     ":"Lower","terminalID":null,"printerName":"Lower","printerModel":"Mono","statusCode":0,"st
Action.c(314):     atusDescription":"Normal","reportDrawersInfo":[{"drawerName":null,"paperType":"Plain","pap
Action.c(314):     erSizeType":"A4","statusCode":3,"statusDescription":"Empty"},{"drawerName":null,"paperType
Action.c(314):     ":"Plain","paperSizeType":"A4","statusCode":0,"statusDescription":"Normal"}],"printerType"
Action.c(314):     :0,"blackInkLevel":71,"cyanInkLevel":0,"magentaInkLevel":0,"yellowInkLevel":0,"errorCode":
Action.c(314):     "","errorDescription":null,"statusTime":"2018-09-20T16:09:37.42+08:00"},{"printerID":"Uppe
Action.c(314):     r","terminalID":null,"printerName":"Upper","printerModel":"Color","statusCode":0,"statusDe
Action.c(314):     scription":"Normal","reportDrawersInfo":[{"drawerName":null,"paperType":"Plain","paperSize
Action.c(314):     Type":"A5","statusCode":3,"statusDescription":"Empty"},{"drawerName":null,"paperType":"Pla
Action.c(314):     in","paperSizeType":"A4","statusCode":0,"statusDescription":"Normal"}],"printerType":1,"bl
Action.c(314):     ackInkLevel":94,"cyanInkLevel":0,"magentaInkLevel":0,"yellowInkLevel":0,"errorCode":"","er
Action.c(314):     rorDescription":null,"statusTime":"2018-09-20T16:09:42.467+08:00"}],"errorCode":null,"erro
Action.c(314):     rDescription":null,"terminalType":2,"terminalEnabledFlag":1,"isFollowed":false},{"terminal
Action.c(314):     ID":"Terminal31","terminalName":"Terminal31","terminalIP":"1
Action.c(314): t=9523ms: 4380-byte response body for "http://10.184.129.108/webapi/api/terminalmonitoring?userId=13" (RelFrameId=1, Internal ID=14)
Action.c(314):     0.184.129.31","terminalDescription":null,"terminalStatus":0,"terminalStatusLevel":"Normal"
Action.c(314):     ,"terminalStatusDescription":null,"terminalStatusTime":"2018-09-20T16:12:17.243+08:00","de
Action.c(314):     partmentIdList":"3,12,4,5,6,7,8,9,10,11,1,2","checkTermianlState":false,"checkFilmState":f
Action.c(314):     alse,"filmPrinterInfo":null,"reportPrintersInfo":[{"printerID":"Lower","terminalID":null,"
Action.c(314):     printerName":"Lower","printerModel":"Mono","statusCode":0,"statusDescription":"Normal","re
Action.c(314):     portDrawersInfo":[{"drawerName":null,"paperType":"Plain","paperSizeType":"A4","statusCode"
Action.c(314):     :3,"statusDescription":"Empty"},{"drawerName":null,"paperType":"Plain","paperSizeType":"A4
Action.c(314):     ","statusCode":0,"statusDescription":"Normal"}],"printerType":0,"blackInkLevel":71,"cyanIn
Action.c(314):     kLevel":0,"magentaInkLevel":0,"yellowInkLevel":0,"errorCode":"","errorDescription":null,"s
Action.c(314):     tatusTime":"2018-09-20T16:11:10.047+08:00"},{"printerID":"Upper","terminalID":null,"printe
Action.c(314):     rName":"Upper","printerModel":"Color","statusCode":0,"statusDescription":"Normal","reportD
Action.c(314):     rawersInfo":[{"drawerName":null,"paperType":"Plain","paperSizeType":"A5","statusCode":3,"s
Action.c(314):     tatusDescription":"Empty"},{"drawerName":null,"paperType":"Plain","paperSizeType":"A4","st
Action.c(314):     atusCode":0,"statusDescription":"Normal"}],"printerType":1,"blackInkLevel":94,"cyanInkLeve
Action.c(314):     l":0,"magentaInkLevel":0,"yellowInkLevel":0,"errorCode":"","errorDescription":null,"status
Action.c(314):     Time":"2018-09-20T16:11:15.18+08:00"}],"errorCode":null,"errorDescription":null,"terminalT
Action.c(314):     ype":2,"terminalEnabledFlag":1,"isFollowed":false},{"terminalID":"Terminal32","terminalNam
Action.c(314):     e":"Terminal32","terminalIP":"10.184.129.32","terminalDescription":null,"terminalStatus":0
Action.c(314):     ,"terminalStatusLevel":"Normal","terminalStatusDescription":null,"terminalStatusTime":"201
Action.c(314):     8-09-20T16:13:32.063+08:00","departmentIdList":"3,12,4,5,6,7,8,9,10,11,1,2","checkTermianl
Action.c(314):     State":false,"checkFilmState":false,"filmPrinterInfo":null,"reportPrintersInfo":[{"printer
Action.c(314):     ID":"Lower","terminalID":null,"printerName":"Lower","printerModel":"Mono","statusCode":0,"
Action.c(314):     statusDescription":"Normal","reportDrawersInfo":[{"drawerName":null,"paperType":"Plain","p
Action.c(314):     aperSizeType":"A4","statusCode":3,"statusDescription":"Empty"},{"drawerName":null,"paperTy
Action.c(314):     pe":"Plain","paperSizeType":"A4","statusCode":0,"statusDescription":"Normal"}],"printerTyp
Action.c(314):     e":0,"blackInkLevel":71,"cyanInkLevel":0,"magentaInkLevel":0,"yellowInkLevel":0,"errorCode
Action.c(314):     ":"","errorDescription":null,"statusTime":"2018-09-20T16:12:39.937+08:00"},{"printerID":"U
Action.c(314):     pper","terminalID":null,"printerName":"Upper","printerModel":"Color","statusCode":0,"statu
Action.c(314):     sDescription":"Normal","reportDrawersInfo":[{"drawerName":null,"paperType":"Plain","paperS
Action.c(314):     izeType":"A5","statusCode":3,"statusDescription":"Empty"},{"drawerName":null,"paperType":"
Action.c(314):     Plain","paperSizeType":"A4","statusCode":0,"statusDescription":"Normal"}],"printerType":1,
Action.c(314):     "blackInkLevel":94,"cyanInkLevel":0,"magentaInkLevel":0,"yellowInkLevel":0,"errorCode":"",
Action.c(314):     "errorDescription":null,"statusTime":"2018-09-20T16:12:44.99+08:00"}],"errorCode":null,"er
Action.c(314):     rorDescription":null,"terminalType":2,"terminalEnabledFlag":1,"isFollowed":false},{"termin
Action.c(314):     alID":"Terminal33","terminalName":"Terminal33","terminalIP":"10.184.129.33","terminalDescr
Action.c(314):     iption":null,"terminalStatus":0,"terminalStatusLevel":"Normal","terminalStatusDescription"
Action.c(314):     :null,"terminalStatusTime":"2018-09-20T16:06:15.233+08:00","departmentIdList":"3,12,4,5,6,
Action.c(314):     7,8,9,10,11,1,2","checkTermianlState":false,"checkFilmState":false,"filmPrinterInfo":null,
Action.c(314):     "reportPrintersInfo":[{"printerID":"Lower","terminalID":null,"printerName":"Lower","printe
Action.c(314):     rModel":"Mono","statusCode":0,"statusDescription":"Normal","reportDrawersInfo":[{"drawerNa
Action.c(314):     me":null,"paperType":"Plain","paperSizeType":"A4","statusCode":3,"statusDescription":"Empt
Action.c(314):     y"},{"drawerName":null,"paperType":"Plain","paperSizeType":"A4","statusCode":0,"statusDesc
Action.c(314):     ription":"Normal"}],"printerType":0,"blackInkLevel":71,"cyanInkLevel":0,"magentaInkLevel":
Action.c(314):     0,"yellowInkLevel":0,"errorCode":"","errorDescription":null,"statusTime":"2018-09-20T16:05
Action.c(314):     :26.417+08:00"},{"printerID":"Upper","terminalID":null,"printerName":"Upper","printerModel
Action.c(314):     ":"Color","statusCode":0,"statusDescription":"Normal","reportDrawersInfo":[{"drawerName":n
Action.c(314):     ull,"paperType":"Plain","paperSizeType":"A5","statusCode":3,"statusDescription":"Empty"},{
Action.c(314):     "drawerName":null,"paperType":"Plain","paperSizeType":"A4","statusCode":0,"statusDescripti
Action.c(314):     on":"Normal"}],"printerType":1,"blackInkLevel":94,"cyanInkLe
Action.c(314): t=9523ms: 4380-byte response body for "http://10.184.129.108/webapi/api/terminalmonitoring?userId=13" (RelFrameId=1, Internal ID=14)
Action.c(314):     vel":0,"magentaInkLevel":0,"yellowInkLevel":0,"errorCode":"","errorDescription":null,"stat
Action.c(314):     usTime":"2018-09-20T16:05:31.423+08:00"}],"errorCode":null,"errorDescription":null,"termin
Action.c(314):     alType":2,"terminalEnabledFlag":1,"isFollowed":false},{"terminalID":"Terminal34","terminal
Action.c(314):     Name":"Terminal34","terminalIP":"10.184.129.34","terminalDescription":null,"terminalStatus
Action.c(314):     ":0,"terminalStatusLevel":"Normal","terminalStatusDescription":null,"terminalStatusTime":"
Action.c(314):     2018-09-20T16:07:40.93+08:00","departmentIdList":"3,12,4,5,6,7,8,9,10,11,1,2","checkTermia
Action.c(314):     nlState":false,"checkFilmState":false,"filmPrinterInfo":null,"reportPrintersInfo":[{"print
Action.c(314):     erID":"Lower","terminalID":null,"printerName":"Lower","printerModel":"Mono","statusCode":0
Action.c(314):     ,"statusDescription":"Normal","reportDrawersInfo":[{"drawerName":null,"paperType":"Plain",
Action.c(314):     "paperSizeType":"A4","statusCode":3,"statusDescription":"Empty"},{"drawerName":null,"paper
Action.c(314):     Type":"Plain","paperSizeType":"A4","statusCode":0,"statusDescription":"Normal"}],"printerT
Action.c(314):     ype":0,"blackInkLevel":71,"cyanInkLevel":0,"magentaInkLevel":0,"yellowInkLevel":0,"errorCo
Action.c(314):     de":"","errorDescription":null,"statusTime":"2018-09-20T16:06:52.3+08:00"},{"printerID":"U
Action.c(314):     pper","terminalID":null,"printerName":"Upper","printerModel":"Color","statusCode":0,"statu
Action.c(314):     sDescription":"Normal","reportDrawersInfo":[{"drawerName":null,"paperType":"Plain","paperS
Action.c(314):     izeType":"A5","statusCode":3,"statusDescription":"Empty"},{"drawerName":null,"paperType":"
Action.c(314):     Plain","paperSizeType":"A4","statusCode":0,"statusDescription":"Normal"}],"printerType":1,
Action.c(314):     "blackInkLevel":94,"cyanInkLevel":0,"magentaInkLevel":0,"yellowInkLevel":0,"errorCode":"",
Action.c(314):     "errorDescription":null,"statusTime":"2018-09-20T16:06:57.363+08:00"}],"errorCode":null,"e
Action.c(314):     rrorDescription":null,"terminalType":2,"terminalEnabledFlag":1,"isFollowed":false},{"termi
Action.c(314):     nalID":"Terminal35","terminalName":"Terminal35","terminalIP":"10.184.129.35","terminalDesc
Action.c(314):     ription":null,"terminalStatus":0,"terminalStatusLevel":"Normal","terminalStatusDescription
Action.c(314):     ":null,"terminalStatusTime":"2018-09-20T16:09:07.09+08:00","departmentIdList":"3,12,4,5,6,
Action.c(314):     7,8,9,10,11,1,2","checkTermianlState":false,"checkFilmState":false,"filmPrinterInfo":null,
Action.c(314):     "reportPrintersInfo":[{"printerID":"Lower","terminalID":null,"printerName":"Lower","printe
Action.c(314):     rModel":"Mono","statusCode":0,"statusDescription":"Normal","reportDrawersInfo":[{"drawerNa
Action.c(314):     me":null,"paperType":"Plain","paperSizeType":"A4","statusCode":3,"statusDescription":"Empt
Action.c(314):     y"},{"drawerName":null,"paperType":"Plain","paperSizeType":"A4","statusCode":0,"statusDesc
Action.c(314):     ription":"Normal"}],"printerType":0,"blackInkLevel":71,"cyanInkLevel":0,"magentaInkLevel":
Action.c(314):     0,"yellowInkLevel":0,"errorCode":"","errorDescription":null,"statusTime":"2018-09-20T16:08
Action.c(314):     :18.317+08:00"},{"printerID":"Upper","terminalID":null,"printerName":"Upper","printerModel
Action.c(314):     ":"Color","statusCode":0,"statusDescription":"Normal","reportDrawersInfo":[{"drawerName":n
Action.c(314):     ull,"paperType":"Plain","paperSizeType":"A5","statusCode":3,"statusDescription":"Empty"},{
Action.c(314):     "drawerName":null,"paperType":"Plain","paperSizeType":"A4","statusCode":0,"statusDescripti
Action.c(314):     on":"Normal"}],"printerType":1,"blackInkLevel":94,"cyanInkLevel":0,"magentaInkLevel":0,"ye
Action.c(314):     llowInkLevel":0,"errorCode":"","errorDescription":null,"statusTime":"2018-09-20T16:08:23.3
Action.c(314):     8+08:00"}],"errorCode":null,"errorDescription":null,"terminalType":2,"terminalEnabledFlag"
Action.c(314):     :1,"isFollowed":false},{"terminalID":"Terminal36","terminalName":"Terminal36","terminalIP"
Action.c(314):     :"10.184.129.36","terminalDescription":null,"terminalStatus":0,"terminalStatusLevel":"Norm
Action.c(314):     al","terminalStatusDescription":null,"terminalStatusTime":"2018-09-20T16:10:28.503+08:00",
Action.c(314):     "departmentIdList":"3,12,4,5,6,7,8,9,10,11,1,2","checkTermianlState":false,"checkFilmState
Action.c(314):     ":false,"filmPrinterInfo":null,"reportPrintersInfo":[{"printerID":"Lower","terminalID":nul
Action.c(314):     l,"printerName":"Lower","printerModel":"Mono","statusCode":0,"statusDescription":"Normal",
Action.c(314):     "reportDrawersInfo":[{"drawerName":null,"paperType":"Plain","paperSizeType":"A4","statusCo
Action.c(314):     de":3,"statusDescription":"Empty"},{"drawerName":null,"paperType":"Plain","paperSizeType":
Action.c(314):     "A4","statusCode":0,"statusDescription":"Normal"}],"printerType":0,"blackInkLevel":71,"cya
Action.c(314):     nInkLevel":0,"magentaInkLevel":0,"yellowInkLevel":0,"errorCode":"","errorDescription":null
Action.c(314):     ,"statusTime":"2018-09-20T16:09:39.867+08:00"},{"printerID":"Upper","terminalID":null,"pri
Action.c(314):     nterName":"Upper","printerModel":"Color","statusCode":0,"sta
Action.c(314): t=9523ms: 4380-byte response body for "http://10.184.129.108/webapi/api/terminalmonitoring?userId=13" (RelFrameId=1, Internal ID=14)
Action.c(314):     tusDescription":"Normal","reportDrawersInfo":[{"drawerName":null,"paperType":"Plain","pape
Action.c(314):     rSizeType":"A5","statusCode":3,"statusDescription":"Empty"},{"drawerName":null,"paperType"
Action.c(314):     :"Plain","paperSizeType":"A4","statusCode":0,"statusDescription":"Normal"}],"printerType":
Action.c(314):     1,"blackInkLevel":94,"cyanInkLevel":0,"magentaInkLevel":0,"yellowInkLevel":0,"errorCode":"
Action.c(314):     ","errorDescription":null,"statusTime":"2018-09-20T16:09:44.92+08:00"}],"errorCode":null,"
Action.c(314):     errorDescription":null,"terminalType":2,"terminalEnabledFlag":1,"isFollowed":false},{"term
Action.c(314):     inalID":"Terminal37","terminalName":"Terminal37","terminalIP":"10.184.129.37","terminalDes
Action.c(314):     cription":null,"terminalStatus":0,"terminalStatusLevel":"Normal","terminalStatusDescriptio
Action.c(314):     n":null,"terminalStatusTime":"2018-09-20T16:11:27.75+08:00","departmentIdList":"3,12,4,5,6
Action.c(314):     ,7,8,9,10,11,1,2","checkTermianlState":false,"checkFilmState":false,"filmPrinterInfo":null
Action.c(314):     ,"reportPrintersInfo":[{"printerID":"Lower","terminalID":null,"printerName":"Lower","print
Action.c(314):     erModel":"Mono","statusCode":0,"statusDescription":"Normal","reportDrawersInfo":[{"drawerN
Action.c(314):     ame":null,"paperType":"Plain","paperSizeType":"A4","statusCode":3,"statusDescription":"Emp
Action.c(314):     ty"},{"drawerName":null,"paperType":"Plain","paperSizeType":"A4","statusCode":0,"statusDes
Action.c(314):     cription":"Normal"}],"printerType":0,"blackInkLevel":71,"cyanInkLevel":0,"magentaInkLevel"
Action.c(314):     :0,"yellowInkLevel":0,"errorCode":"","errorDescription":null,"statusTime":"2018-09-20T16:1
Action.c(314):     0:38.47+08:00"},{"printerID":"Upper","terminalID":null,"printerName":"Upper","printerModel
Action.c(314):     ":"Color","statusCode":0,"statusDescription":"Normal","reportDrawersInfo":[{"drawerName":n
Action.c(314):     ull,"paperType":"Plain","paperSizeType":"A5","statusCode":3,"statusDescription":"Empty"},{
Action.c(314):     "drawerName":null,"paperType":"Plain","paperSizeType":"A4","statusCode":0,"statusDescripti
Action.c(314):     on":"Normal"}],"printerType":1,"blackInkLevel":94,"cyanInkLevel":0,"magentaInkLevel":0,"ye
Action.c(314):     llowInkLevel":0,"errorCode":"","errorDescription":null,"statusTime":"2018-09-20T16:10:43.5
Action.c(314):     +08:00"}],"errorCode":null,"errorDescription":null,"terminalType":2,"terminalEnabledFlag":
Action.c(314):     1,"isFollowed":false},{"terminalID":"Terminal38","terminalName":"Terminal38","terminalIP":
Action.c(314):     "10.184.129.38","terminalDescription":null,"terminalStatus":0,"terminalStatusLevel":"Norma
Action.c(314):     l","terminalStatusDescription":null,"terminalStatusTime":"2018-09-20T16:13:03.3+08:00","de
Action.c(314):     partmentIdList":"3,12,4,5,6,7,8,9,10,11,1,2","checkTermianlState":false,"checkFilmState":f
Action.c(314):     alse,"filmPrinterInfo":null,"reportPrintersInfo":[{"printerID":"Lower","terminalID":null,"
Action.c(314):     printerName":"Lower","printerModel":"Mono","statusCode":0,"statusDescription":"Normal","re
Action.c(314):     portDrawersInfo":[{"drawerName":null,"paperType":"Plain","paperSizeType":"A4","statusCode"
Action.c(314):     :3,"statusDescription":"Empty"},{"drawerName":null,"paperType":"Plain","paperSizeType":"A4
Action.c(314):     ","statusCode":0,"statusDescription":"Normal"}],"printerType":0,"blackInkLevel":71,"cyanIn
Action.c(314):     kLevel":0,"magentaInkLevel":0,"yellowInkLevel":0,"errorCode":"","errorDescription":null,"s
Action.c(314):     tatusTime":"2018-09-20T16:12:13.207+08:00"},{"printerID":"Upper","terminalID":null,"printe
Action.c(314):     rName":"Upper","printerModel":"Color","statusCode":0,"statusDescription":"Normal","reportD
Action.c(314):     rawersInfo":[{"drawerName":null,"paperType":"Plain","paperSizeType":"A5","statusCode":3,"s
Action.c(314):     tatusDescription":"Empty"},{"drawerName":null,"paperType":"Plain","paperSizeType":"A4","st
Action.c(314):     atusCode":0,"statusDescription":"Normal"}],"printerType":1,"blackInkLevel":94,"cyanInkLeve
Action.c(314):     l":0,"magentaInkLevel":0,"yellowInkLevel":0,"errorCode":"","errorDescription":null,"status
Action.c(314):     Time":"2018-09-20T16:12:18.317+08:00"}],"errorCode":null,"errorDescription":null,"terminal
Action.c(314):     Type":2,"terminalEnabledFlag":1,"isFollowed":false},{"terminalID":"Terminal39","terminalNa
Action.c(314):     me":"Terminal39","terminalIP":"10.184.129.39","terminalDescription":null,"terminalStatus":
Action.c(314):     0,"terminalStatusLevel":"Normal","terminalStatusDescription":null,"terminalStatusTime":"20
Action.c(314):     18-09-20T16:14:02.077+08:00","departmentIdList":"3,12,4,5,6,7,8,9,10,11,1,2","checkTermian
Action.c(314):     lState":false,"checkFilmState":false,"filmPrinterInfo":null,"reportPrintersInfo":[{"printe
Action.c(314):     rID":"Lower","terminalID":null,"printerName":"Lower","printerModel":"Mono","statusCode":0,
Action.c(314):     "statusDescription":"Normal","reportDrawersInfo":[{"drawerName":null,"paperType":"Plain","
Action.c(314):     paperSizeType":"A4","statusCode":3,"statusDescription":"Empty"},{"drawerName":null,"paperT
Action.c(314):     ype":"Plain","paperSizeType":"A4","statusCode":0,"statusDesc
Action.c(314): t=9529ms: 2756-byte response body for "http://10.184.129.108/webapi/api/terminalmonitoring?userId=13" (RelFrameId=1, Internal ID=14)
Action.c(314):     ription":"Normal"}],"printerType":0,"blackInkLevel":71,"cyanInkLevel":0,"magentaInkLevel":
Action.c(314):     0,"yellowInkLevel":0,"errorCode":"","errorDescription":null,"statusTime":"2018-09-20T16:13
Action.c(314):     :46.8+08:00"},{"printerID":"Upper","terminalID":null,"printerName":"Upper","printerModel":
Action.c(314):     "Color","statusCode":0,"statusDescription":"Normal","reportDrawersInfo":[{"drawerName":nul
Action.c(314):     l,"paperType":"Plain","paperSizeType":"A5","statusCode":3,"statusDescription":"Empty"},{"d
Action.c(314):     rawerName":null,"paperType":"Plain","paperSizeType":"A4","statusCode":0,"statusDescription
Action.c(314):     ":"Normal"}],"printerType":1,"blackInkLevel":94,"cyanInkLevel":0,"magentaInkLevel":0,"yell
Action.c(314):     owInkLevel":0,"errorCode":"","errorDescription":null,"statusTime":"2018-09-20T16:13:51.85+
Action.c(314):     08:00"}],"errorCode":null,"errorDescription":null,"terminalType":2,"terminalEnabledFlag":1
Action.c(314):     ,"isFollowed":false},{"terminalID":"Terminal4","terminalName":"Terminal4","terminalIP":"10
Action.c(314):     .184.129.4","terminalDescription":null,"terminalStatus":0,"terminalStatusLevel":"Normal","
Action.c(314):     terminalStatusDescription":null,"terminalStatusTime":"2018-09-20T16:07:36.227+08:00","depa
Action.c(314):     rtmentIdList":"3,12,4,5,6,7,8,9,10,11,1,2","checkTermianlState":false,"checkFilmState":fal
Action.c(314):     se,"filmPrinterInfo":null,"reportPrintersInfo":[{"printerID":"Lower","terminalID":null,"pr
Action.c(314):     interName":"Lower","printerModel":"Mono","statusCode":0,"statusDescription":"Normal","repo
Action.c(314):     rtDrawersInfo":[{"drawerName":null,"paperType":"Plain","paperSizeType":"A4","statusCode":3
Action.c(314):     ,"statusDescription":"Empty"},{"drawerName":null,"paperType":"Plain","paperSizeType":"A4",
Action.c(314):     "statusCode":0,"statusDescription":"Normal"}],"printerType":0,"blackInkLevel":71,"cyanInkL
Action.c(314):     evel":0,"magentaInkLevel":0,"yellowInkLevel":0,"errorCode":"","errorDescription":null,"sta
Action.c(314):     tusTime":"2018-09-20T16:06:47.71+08:00"},{"printerID":"Upper","terminalID":null,"printerNa
Action.c(314):     me":"Upper","printerModel":"Color","statusCode":0,"statusDescription":"Normal","reportDraw
Action.c(314):     ersInfo":[{"drawerName":null,"paperType":"Plain","paperSizeType":"A5","statusCode":3,"stat
Action.c(314):     usDescription":"Empty"},{"drawerName":null,"paperType":"Plain","paperSizeType":"A4","statu
Action.c(314):     sCode":0,"statusDescription":"Normal"}],"printerType":1,"blackInkLevel":94,"cyanInkLevel":
Action.c(314):     0,"magentaInkLevel":0,"yellowInkLevel":0,"errorCode":"","errorDescription":null,"statusTim
Action.c(314):     e":"2018-09-20T16:06:52.82+08:00"}],"errorCode":null,"errorDescription":null,"terminalType
Action.c(314):     ":2,"terminalEnabledFlag":1,"isFollowed":false},{"terminalID":"Terminal40","terminalName":
Action.c(314):     "Terminal40","terminalIP":"10.184.129.40","terminalDescription":null,"terminalStatus":0,"t
Action.c(314):     erminalStatusLevel":"Normal","terminalStatusDescription":null,"terminalStatusTime":"2018-0
Action.c(314):     9-20T16:08:46.31+08:00","departmentIdList":"3,12,4,5,6,7,8,9,10,11,1,2","checkTermianlStat
Action.c(314):     e":false,"checkFilmState":false,"filmPrinterInfo":null,"
Action.c(314): t=9539ms: 2920-byte response body for "http://10.184.129.108/webapi/api/terminalmonitoring?userId=13" (RelFrameId=1, Internal ID=14)
Action.c(314):     reportPrintersInfo":[{"printerID":"Lower","terminalID":null,"printerName":"Lower","printer
Action.c(314):     Model":"Mono","statusCode":0,"statusDescription":"Normal","reportDrawersInfo":[{"drawerNam
Action.c(314):     e":null,"paperType":"Plain","paperSizeType":"A4","statusCode":3,"statusDescription":"Empty
Action.c(314):     "},{"drawerName":null,"paperType":"Plain","paperSizeType":"A4","statusCode":0,"statusDescr
Action.c(314):     iption":"Normal"}],"printerType":0,"blackInkLevel":71,"cyanInkLevel":0,"magentaInkLevel":0
Action.c(314):     ,"yellowInkLevel":0,"errorCode":"","errorDescription":null,"statusTime":"2018-09-20T16:07:
Action.c(314):     57.64+08:00"},{"printerID":"Upper","terminalID":null,"printerName":"Upper","printerModel":
Action.c(314):     "Color","statusCode":0,"statusDescription":"Normal","reportDrawersInfo":[{"drawerName":nul
Action.c(314):     l,"paperType":"Plain","paperSizeType":"A5","statusCode":3,"statusDescription":"Empty"},{"d
Action.c(314):     rawerName":null,"paperType":"Plain","paperSizeType":"A4","statusCode":0,"statusDescription
Action.c(314):     ":"Normal"}],"printerType":1,"blackInkLevel":94,"cyanInkLevel":0,"magentaInkLevel":0,"yell
Action.c(314):     owInkLevel":0,"errorCode":"","errorDescription":null,"statusTime":"2018-09-20T16:08:02.66+
Action.c(314):     08:00"}],"errorCode":null,"errorDescription":null,"terminalType":2,"terminalEnabledFlag":1
Action.c(314):     ,"isFollowed":false},{"terminalID":"Terminal41","terminalName":"Terminal41","terminalIP":"
Action.c(314):     10.184.129.41","terminalDescription":null,"terminalStatus":0,"terminalStatusLevel":"Normal
Action.c(314):     ","terminalStatusDescription":null,"terminalStatusTime":"2018-09-20T16:10:06.973+08:00","d
Action.c(314):     epartmentIdList":"3,12,4,5,6,7,8,9,10,11,1,2","checkTermianlState":false,"checkFilmState":
Action.c(314):     false,"filmPrinterInfo":null,"reportPrintersInfo":[{"printerID":"Lower","terminalID":null,
Action.c(314):     "printerName":"Lower","printerModel":"Mono","statusCode":0,"statusDescription":"Normal","r
Action.c(314):     eportDrawersInfo":[{"drawerName":null,"paperType":"Plain","paperSizeType":"A4","statusCode
Action.c(314):     ":3,"statusDescription":"Empty"},{"drawerName":null,"paperType":"Plain","paperSizeType":"A
Action.c(314):     4","statusCode":0,"statusDescription":"Normal"}],"printerType":0,"blackInkLevel":71,"cyanI
Action.c(314):     nkLevel":0,"magentaInkLevel":0,"yellowInkLevel":0,"errorCode":"","errorDescription":null,"
Action.c(314):     statusTime":"2018-09-20T16:09:18.34+08:00"},{"printerID":"Upper","terminalID":null,"printe
Action.c(314):     rName":"Upper","printerModel":"Color","statusCode":0,"statusDescription":"Normal","reportD
Action.c(314):     rawersInfo":[{"drawerName":null,"paperType":"Plain","paperSizeType":"A5","statusCode":3,"s
Action.c(314):     tatusDescription":"Empty"},{"drawerName":null,"paperType":"Plain","paperSizeType":"A4","st
Action.c(314):     atusCode":0,"statusDescription":"Normal"}],"printerType":1,"blackInkLevel":94,"cyanInkLeve
Action.c(314):     l":0,"magentaInkLevel":0,"yellowInkLevel":0,"errorCode":"","errorDescription":null,"status
Action.c(314):     Time":"2018-09-20T16:09:23.373+08:00"}],"errorCode":null,"errorDescription":null,"terminal
Action.c(314):     Type":2,"terminalEnabledFlag":1,"isFollowed":false},{"terminalID":"Terminal42","terminalNa
Action.c(314):     me":"Terminal42","terminalIP":"10.184.129.42","terminalDescription":null,"terminalStatus":
Action.c(314):     0,"terminalStatusLevel":"Normal","termin
Action.c(314): t=9540ms: 4380-byte response body for "http://10.184.129.108/webapi/api/terminalmonitoring?userId=13" (RelFrameId=1, Internal ID=14)
Action.c(314):     alStatusDescription":null,"terminalStatusTime":"2018-09-20T16:12:28.333+08:00","department
Action.c(314):     IdList":"3,12,4,5,6,7,8,9,10,11,1,2","checkTermianlState":false,"checkFilmState":false,"fi
Action.c(314):     lmPrinterInfo":null,"reportPrintersInfo":[{"printerID":"Lower","terminalID":null,"printerN
Action.c(314):     ame":"Lower","printerModel":"Mono","statusCode":0,"statusDescription":"Normal","reportDraw
Action.c(314):     ersInfo":[{"drawerName":null,"paperType":"Plain","paperSizeType":"A4","statusCode":3,"stat
Action.c(314):     usDescription":"Empty"},{"drawerName":null,"paperType":"Plain","paperSizeType":"A4","statu
Action.c(314):     sCode":0,"statusDescription":"Normal"}],"printerType":0,"blackInkLevel":71,"cyanInkLevel":
Action.c(314):     0,"magentaInkLevel":0,"yellowInkLevel":0,"errorCode":"","errorDescription":null,"statusTim
Action.c(314):     e":"2018-09-20T16:11:16.1+08:00"},{"printerID":"Upper","terminalID":null,"printerName":"Up
Action.c(314):     per","printerModel":"Color","statusCode":0,"statusDescription":"Normal","reportDrawersInfo
Action.c(314):     ":[{"drawerName":null,"paperType":"Plain","paperSizeType":"A5","statusCode":3,"statusDescr
Action.c(314):     iption":"Empty"},{"drawerName":null,"paperType":"Plain","paperSizeType":"A4","statusCode":
Action.c(314):     0,"statusDescription":"Normal"}],"printerType":1,"blackInkLevel":94,"cyanInkLevel":0,"mage
Action.c(314):     ntaInkLevel":0,"yellowInkLevel":0,"errorCode":"","errorDescription":null,"statusTime":"201
Action.c(314):     8-09-20T16:11:21.19+08:00"}],"errorCode":null,"errorDescription":null,"terminalType":2,"te
Action.c(314):     rminalEnabledFlag":1,"isFollowed":false},{"terminalID":"Terminal43","terminalName":"Termin
Action.c(314):     al43","terminalIP":"10.184.129.43","terminalDescription":null,"terminalStatus":0,"terminal
Action.c(314):     StatusLevel":"Normal","terminalStatusDescription":null,"terminalStatusTime":"2018-09-20T16
Action.c(314):     :13:46.27+08:00","departmentIdList":"3,12,4,5,6,7,8,9,10,11,1,2","checkTermianlState":fals
Action.c(314):     e,"checkFilmState":false,"filmPrinterInfo":null,"reportPrintersInfo":[{"printerID":"Lower"
Action.c(314):     ,"terminalID":null,"printerName":"Lower","printerModel":"Mono","statusCode":0,"statusDescr
Action.c(314):     iption":"Normal","reportDrawersInfo":[{"drawerName":null,"paperType":"Plain","paperSizeTyp
Action.c(314):     e":"A4","statusCode":3,"statusDescription":"Empty"},{"drawerName":null,"paperType":"Plain"
Action.c(314):     ,"paperSizeType":"A4","statusCode":0,"statusDescription":"Normal"}],"printerType":0,"black
Action.c(314):     InkLevel":71,"cyanInkLevel":0,"magentaInkLevel":0,"yellowInkLevel":0,"errorCode":"","error
Action.c(314):     Description":null,"statusTime":"2018-09-20T16:12:56.16+08:00"},{"printerID":"Upper","termi
Action.c(314):     nalID":null,"printerName":"Upper","printerModel":"Color","statusCode":0,"statusDescription
Action.c(314):     ":"Normal","reportDrawersInfo":[{"drawerName":null,"paperType":"Plain","paperSizeType":"A5
Action.c(314):     ","statusCode":3,"statusDescription":"Empty"},{"drawerName":null,"paperType":"Plain","pape
Action.c(314):     rSizeType":"A4","statusCode":0,"statusDescription":"Normal"}],"printerType":1,"blackInkLev
Action.c(314):     el":94,"cyanInkLevel":0,"magentaInkLevel":0,"yellowInkLevel":0,"errorCode":"","errorDescri
Action.c(314):     ption":null,"statusTime":"2018-09-20T16:13:01.277+08:00"}],"errorCode":null,"errorDescript
Action.c(314):     ion":null,"terminalType":2,"terminalEnabledFlag":1,"isFollowed":false},{"terminalID":"Term
Action.c(314):     inal44","terminalName":"Terminal44","terminalIP":"10.184.129.44","terminalDescription":nul
Action.c(314):     l,"terminalStatus":0,"terminalStatusLevel":"Normal","terminalStatusDescription":null,"term
Action.c(314):     inalStatusTime":"2018-09-20T16:06:39.04+08:00","departmentIdList":"3,12,4,5,6,7,8,9,10,11,
Action.c(314):     1,2","checkTermianlState":false,"checkFilmState":false,"filmPrinterInfo":null,"reportPrint
Action.c(314):     ersInfo":[{"printerID":"Lower","terminalID":null,"printerName":"Lower","printerModel":"Mon
Action.c(314):     o","statusCode":0,"statusDescription":"Normal","reportDrawersInfo":[{"drawerName":null,"pa
Action.c(314):     perType":"Plain","paperSizeType":"A4","statusCode":3,"statusDescription":"Empty"},{"drawer
Action.c(314):     Name":null,"paperType":"Plain","paperSizeType":"A4","statusCode":0,"statusDescription":"No
Action.c(314):     rmal"}],"printerType":0,"blackInkLevel":71,"cyanInkLevel":0,"magentaInkLevel":0,"yellowInk
Action.c(314):     Level":0,"errorCode":"","errorDescription":null,"statusTime":"2018-09-20T16:05:49.6+08:00"
Action.c(314):     },{"printerID":"Upper","terminalID":null,"printerName":"Upper","printerModel":"Color","sta
Action.c(314):     tusCode":0,"statusDescription":"Normal","reportDrawersInfo":[{"drawerName":null,"paperType
Action.c(314):     ":"Plain","paperSizeType":"A5","statusCode":3,"statusDescription":"Empty"},{"drawerName":n
Action.c(314):     ull,"paperType":"Plain","paperSizeType":"A4","statusCode":0,"statusDescription":"Normal"}]
Action.c(314):     ,"printerType":1,"blackInkLevel":94,"cyanInkLevel":0,"magentaInkLevel":0,"yellowInkLevel":
Action.c(314):     0,"errorCode":"","errorDescription":null,"statusTime":"2018-
Action.c(314): t=9540ms: 4380-byte response body for "http://10.184.129.108/webapi/api/terminalmonitoring?userId=13" (RelFrameId=1, Internal ID=14)
Action.c(314):     09-20T16:05:54.66+08:00"}],"errorCode":null,"errorDescription":null,"terminalType":2,"term
Action.c(314):     inalEnabledFlag":1,"isFollowed":false},{"terminalID":"Terminal45","terminalName":"Terminal
Action.c(314):     45","terminalIP":"10.184.129.45","terminalDescription":null,"terminalStatus":0,"terminalSt
Action.c(314):     atusLevel":"Normal","terminalStatusDescription":null,"terminalStatusTime":"2018-09-20T16:0
Action.c(314):     7:55.307+08:00","departmentIdList":"3,12,4,5,6,7,8,9,10,11,1,2","checkTermianlState":false
Action.c(314):     ,"checkFilmState":false,"filmPrinterInfo":null,"reportPrintersInfo":[{"printerID":"Lower",
Action.c(314):     "terminalID":null,"printerName":"Lower","printerModel":"Mono","statusCode":0,"statusDescri
Action.c(314):     ption":"Normal","reportDrawersInfo":[{"drawerName":null,"paperType":"Plain","paperSizeType
Action.c(314):     ":"A4","statusCode":3,"statusDescription":"Empty"},{"drawerName":null,"paperType":"Plain",
Action.c(314):     "paperSizeType":"A4","statusCode":0,"statusDescription":"Normal"}],"printerType":0,"blackI
Action.c(314):     nkLevel":71,"cyanInkLevel":0,"magentaInkLevel":0,"yellowInkLevel":0,"errorCode":"","errorD
Action.c(314):     escription":null,"statusTime":"2018-09-20T16:07:06.8+08:00"},{"printerID":"Upper","termina
Action.c(314):     lID":null,"printerName":"Upper","printerModel":"Color","statusCode":0,"statusDescription":
Action.c(314):     "Normal","reportDrawersInfo":[{"drawerName":null,"paperType":"Plain","paperSizeType":"A5",
Action.c(314):     "statusCode":3,"statusDescription":"Empty"},{"drawerName":null,"paperType":"Plain","paperS
Action.c(314):     izeType":"A4","statusCode":0,"statusDescription":"Normal"}],"printerType":1,"blackInkLevel
Action.c(314):     ":94,"cyanInkLevel":0,"magentaInkLevel":0,"yellowInkLevel":0,"errorCode":"","errorDescript
Action.c(314):     ion":null,"statusTime":"2018-09-20T16:07:11.833+08:00"}],"errorCode":null,"errorDescriptio
Action.c(314):     n":null,"terminalType":2,"terminalEnabledFlag":1,"isFollowed":false},{"terminalID":"Termin
Action.c(314):     al46","terminalName":"Terminal46","terminalIP":"10.184.129.46","terminalDescription":null,
Action.c(314):     "terminalStatus":0,"terminalStatusLevel":"Normal","terminalStatusDescription":null,"termin
Action.c(314):     alStatusTime":"2018-09-20T16:09:18.17+08:00","departmentIdList":"3,12,4,5,6,7,8,9,10,11,1,
Action.c(314):     2","checkTermianlState":false,"checkFilmState":false,"filmPrinterInfo":null,"reportPrinter
Action.c(314):     sInfo":[{"printerID":"Lower","terminalID":null,"printerName":"Lower","printerModel":"Mono"
Action.c(314):     ,"statusCode":0,"statusDescription":"Normal","reportDrawersInfo":[{"drawerName":null,"pape
Action.c(314):     rType":"Plain","paperSizeType":"A4","statusCode":3,"statusDescription":"Empty"},{"drawerNa
Action.c(314):     me":null,"paperType":"Plain","paperSizeType":"A4","statusCode":0,"statusDescription":"Norm
Action.c(314):     al"}],"printerType":0,"blackInkLevel":71,"cyanInkLevel":0,"magentaInkLevel":0,"yellowInkLe
Action.c(314):     vel":0,"errorCode":"","errorDescription":null,"statusTime":"2018-09-20T16:08:29.643+08:00"
Action.c(314):     },{"printerID":"Upper","terminalID":null,"printerName":"Upper","printerModel":"Color","sta
Action.c(314):     tusCode":0,"statusDescription":"Normal","reportDrawersInfo":[{"drawerName":null,"paperType
Action.c(314):     ":"Plain","paperSizeType":"A5","statusCode":3,"statusDescription":"Empty"},{"drawerName":n
Action.c(314):     ull,"paperType":"Plain","paperSizeType":"A4","statusCode":0,"statusDescription":"Normal"}]
Action.c(314):     ,"printerType":1,"blackInkLevel":94,"cyanInkLevel":0,"magentaInkLevel":0,"yellowInkLevel":
Action.c(314):     0,"errorCode":"","errorDescription":null,"statusTime":"2018-09-20T16:08:34.67+08:00"}],"er
Action.c(314):     rorCode":null,"errorDescription":null,"terminalType":2,"terminalEnabledFlag":1,"isFollowed
Action.c(314):     ":false},{"terminalID":"Terminal47","terminalName":"Terminal47","terminalIP":"10.184.129.4
Action.c(314):     7","terminalDescription":null,"terminalStatus":0,"terminalStatusLevel":"Normal","terminalS
Action.c(314):     tatusDescription":null,"terminalStatusTime":"2018-09-20T16:10:40.413+08:00","departmentIdL
Action.c(314):     ist":"3,12,4,5,6,7,8,9,10,11,1,2","checkTermianlState":false,"checkFilmState":false,"filmP
Action.c(314):     rinterInfo":null,"reportPrintersInfo":[{"printerID":"Lower","terminalID":null,"printerName
Action.c(314):     ":"Lower","printerModel":"Mono","statusCode":0,"statusDescription":"Normal","reportDrawers
Action.c(314):     Info":[{"drawerName":null,"paperType":"Plain","paperSizeType":"A4","statusCode":3,"statusD
Action.c(314):     escription":"Empty"},{"drawerName":null,"paperType":"Plain","paperSizeType":"A4","statusCo
Action.c(314):     de":0,"statusDescription":"Normal"}],"printerType":0,"blackInkLevel":71,"cyanInkLevel":0,"
Action.c(314):     magentaInkLevel":0,"yellowInkLevel":0,"errorCode":"","errorDescription":null,"statusTime":
Action.c(314):     "2018-09-20T16:09:51.833+08:00"},{"printerID":"Upper","terminalID":null,"printerName":"Upp
Action.c(314):     er","printerModel":"Color","statusCode":0,"statusDescription":"Normal","reportDrawersInfo"
Action.c(314):     :[{"drawerName":null,"paperType":"Plain","paperSizeType":"A5
Action.c(314): t=9540ms: 2920-byte response body for "http://10.184.129.108/webapi/api/terminalmonitoring?userId=13" (RelFrameId=1, Internal ID=14)
Action.c(314):     ","statusCode":3,"statusDescription":"Empty"},{"drawerName":null,"paperType":"Plain","pape
Action.c(314):     rSizeType":"A4","statusCode":0,"statusDescription":"Normal"}],"printerType":1,"blackInkLev
Action.c(314):     el":94,"cyanInkLevel":0,"magentaInkLevel":0,"yellowInkLevel":0,"errorCode":"","errorDescri
Action.c(314):     ption":null,"statusTime":"2018-09-20T16:09:56.87+08:00"}],"errorCode":null,"errorDescripti
Action.c(314):     on":null,"terminalType":2,"terminalEnabledFlag":1,"isFollowed":false},{"terminalID":"Termi
Action.c(314):     nal48","terminalName":"Terminal48","terminalIP":"10.184.129.48","terminalDescription":null
Action.c(314):     ,"terminalStatus":0,"terminalStatusLevel":"Normal","terminalStatusDescription":null,"termi
Action.c(314):     nalStatusTime":"2018-09-20T16:13:49.587+08:00","departmentIdList":"3,12,4,5,6,7,8,9,10,11,
Action.c(314):     1,2","checkTermianlState":false,"checkFilmState":false,"filmPrinterInfo":null,"reportPrint
Action.c(314):     ersInfo":[{"printerID":"Lower","terminalID":null,"printerName":"Lower","printerModel":"Mon
Action.c(314):     o","statusCode":0,"statusDescription":"Normal","reportDrawersInfo":[{"drawerName":null,"pa
Action.c(314):     perType":"Plain","paperSizeType":"A4","statusCode":3,"statusDescription":"Empty"},{"drawer
Action.c(314):     Name":null,"paperType":"Plain","paperSizeType":"A4","statusCode":0,"statusDescription":"No
Action.c(314):     rmal"}],"printerType":0,"blackInkLevel":71,"cyanInkLevel":0,"magentaInkLevel":0,"yellowInk
Action.c(314):     Level":0,"errorCode":"","errorDescription":null,"statusTime":"2018-09-20T16:13:34.23+08:00
Action.c(314):     "},{"printerID":"Upper","terminalID":null,"printerName":"Upper","printerModel":"Color","st
Action.c(314):     atusCode":0,"statusDescription":"Normal","reportDrawersInfo":[{"drawerName":null,"paperTyp
Action.c(314):     e":"Plain","paperSizeType":"A5","statusCode":3,"statusDescription":"Empty"},{"drawerName":
Action.c(314):     null,"paperType":"Plain","paperSizeType":"A4","statusCode":0,"statusDescription":"Normal"}
Action.c(314):     ],"printerType":1,"blackInkLevel":94,"cyanInkLevel":0,"magentaInkLevel":0,"yellowInkLevel"
Action.c(314):     :0,"errorCode":"","errorDescription":null,"statusTime":"2018-09-20T16:13:39.4+08:00"}],"er
Action.c(314):     rorCode":null,"errorDescription":null,"terminalType":2,"terminalEnabledFlag":1,"isFollowed
Action.c(314):     ":false},{"terminalID":"Terminal49","terminalName":"Terminal49","terminalIP":"10.184.129.4
Action.c(314):     9","terminalDescription":null,"terminalStatus":0,"terminalStatusLevel":"Normal","terminalS
Action.c(314):     tatusDescription":null,"terminalStatusTime":"2018-09-20T16:05:37.26+08:00","departmentIdLi
Action.c(314):     st":"3,12,4,5,6,7,8,9,10,11,1,2","checkTermianlState":false,"checkFilmState":false,"filmPr
Action.c(314):     interInfo":null,"reportPrintersInfo":[{"printerID":"Lower","terminalID":null,"printerName"
Action.c(314):     :"Lower","printerModel":"Mono","statusCode":0,"statusDescription":"Normal","reportDrawersI
Action.c(314):     nfo":[{"drawerName":null,"paperType":"Plain","paperSizeType":"A4","statusCode":3,"statusDe
Action.c(314):     scription":"Empty"},{"drawerName":null,"paperType":"Plain","paperSizeType":"A4","statusCod
Action.c(314):     e":0,"statusDescription":"Normal"}],"printerType":0,"blackInkLevel":71,"cyanInkLevel":0,"m
Action.c(314):     agentaInkLevel":0,"yellowInkLevel":0,"errorCode":"","errorDescription":null,"statusTime":"
Action.c(314):     2018-09-20T16:04:48.51+08:00"},{"printer
Action.c(314): t=9541ms: 4380-byte response body for "http://10.184.129.108/webapi/api/terminalmonitoring?userId=13" (RelFrameId=1, Internal ID=14)
Action.c(314):     ID":"Upper","terminalID":null,"printerName":"Upper","printerModel":"Color","statusCode":0,
Action.c(314):     "statusDescription":"Normal","reportDrawersInfo":[{"drawerName":null,"paperType":"Plain","
Action.c(314):     paperSizeType":"A5","statusCode":3,"statusDescription":"Empty"},{"drawerName":null,"paperT
Action.c(314):     ype":"Plain","paperSizeType":"A4","statusCode":0,"statusDescription":"Normal"}],"printerTy
Action.c(314):     pe":1,"blackInkLevel":94,"cyanInkLevel":0,"magentaInkLevel":0,"yellowInkLevel":0,"errorCod
Action.c(314):     e":"","errorDescription":null,"statusTime":"2018-09-20T16:04:53.607+08:00"}],"errorCode":n
Action.c(314):     ull,"errorDescription":null,"terminalType":2,"terminalEnabledFlag":1,"isFollowed":false},{
Action.c(314):     "terminalID":"Terminal5","terminalName":"Terminal5","terminalIP":"10.184.129.5","terminalD
Action.c(314):     escription":null,"terminalStatus":0,"terminalStatusLevel":"Normal","terminalStatusDescript
Action.c(314):     ion":null,"terminalStatusTime":"2018-09-20T16:06:54.36+08:00","departmentIdList":"3,12,4,5
Action.c(314):     ,6,7,8,9,10,11,1,2","checkTermianlState":false,"checkFilmState":false,"filmPrinterInfo":nu
Action.c(314):     ll,"reportPrintersInfo":[{"printerID":"Lower","terminalID":null,"printerName":"Lower","pri
Action.c(314):     nterModel":"Mono","statusCode":0,"statusDescription":"Normal","reportDrawersInfo":[{"drawe
Action.c(314):     rName":null,"paperType":"Plain","paperSizeType":"A4","statusCode":3,"statusDescription":"E
Action.c(314):     mpty"},{"drawerName":null,"paperType":"Plain","paperSizeType":"A4","statusCode":0,"statusD
Action.c(314):     escription":"Normal"}],"printerType":0,"blackInkLevel":71,"cyanInkLevel":0,"magentaInkLeve
Action.c(314):     l":0,"yellowInkLevel":0,"errorCode":"","errorDescription":null,"statusTime":"2018-09-20T16
Action.c(314):     :06:05.067+08:00"},{"printerID":"Upper","terminalID":null,"printerName":"Upper","printerMo
Action.c(314):     del":"Color","statusCode":0,"statusDescription":"Normal","reportDrawersInfo":[{"drawerName
Action.c(314):     ":null,"paperType":"Plain","paperSizeType":"A5","statusCode":3,"statusDescription":"Empty"
Action.c(314):     },{"drawerName":null,"paperType":"Plain","paperSizeType":"A4","statusCode":0,"statusDescri
Action.c(314):     ption":"Normal"}],"printerType":1,"blackInkLevel":94,"cyanInkLevel":0,"magentaInkLevel":0,
Action.c(314):     "yellowInkLevel":0,"errorCode":"","errorDescription":null,"statusTime":"2018-09-20T16:06:1
Action.c(314):     0.087+08:00"}],"errorCode":null,"errorDescription":null,"terminalType":2,"terminalEnabledF
Action.c(314):     lag":1,"isFollowed":false},{"terminalID":"Terminal50","terminalName":"Terminal50","termina
Action.c(314):     lIP":"10.184.129.50","terminalDescription":null,"terminalStatus":0,"terminalStatusLevel":"
Action.c(314):     Normal","terminalStatusDescription":null,"terminalStatusTime":"2018-09-20T16:08:13.36+08:0
Action.c(314):     0","departmentIdList":"3,12,4,5,6,7,8,9,10,11,1,2","checkTermianlState":false,"checkFilmSt
Action.c(314):     ate":false,"filmPrinterInfo":null,"reportPrintersInfo":[{"printerID":"Lower","terminalID":
Action.c(314):     null,"printerName":"Lower","printerModel":"Mono","statusCode":0,"statusDescription":"Norma
Action.c(314):     l","reportDrawersInfo":[{"drawerName":null,"paperType":"Plain","paperSizeType":"A4","statu
Action.c(314):     sCode":3,"statusDescription":"Empty"},{"drawerName":null,"paperType":"Plain","paperSizeTyp
Action.c(314):     e":"A4","statusCode":0,"statusDescription":"Normal"}],"printerType":0,"blackInkLevel":71,"
Action.c(314):     cyanInkLevel":0,"magentaInkLevel":0,"yellowInkLevel":0,"errorCode":"","errorDescription":n
Action.c(314):     ull,"statusTime":"2018-09-20T16:07:24.717+08:00"},{"printerID":"Upper","terminalID":null,"
Action.c(314):     printerName":"Upper","printerModel":"Color","statusCode":0,"statusDescription":"Normal","r
Action.c(314):     eportDrawersInfo":[{"drawerName":null,"paperType":"Plain","paperSizeType":"A5","statusCode
Action.c(314):     ":3,"statusDescription":"Empty"},{"drawerName":null,"paperType":"Plain","paperSizeType":"A
Action.c(314):     4","statusCode":0,"statusDescription":"Normal"}],"printerType":1,"blackInkLevel":94,"cyanI
Action.c(314):     nkLevel":0,"magentaInkLevel":0,"yellowInkLevel":0,"errorCode":"","errorDescription":null,"
Action.c(314):     statusTime":"2018-09-20T16:07:29.737+08:00"}],"errorCode":null,"errorDescription":null,"te
Action.c(314):     rminalType":2,"terminalEnabledFlag":1,"isFollowed":false},{"terminalID":"Terminal6","termi
Action.c(314):     nalName":"Terminal6","terminalIP":"10.184.129.6","terminalDescription":null,"terminalStatu
Action.c(314):     s":0,"terminalStatusLevel":"Normal","terminalStatusDescription":null,"terminalStatusTime":
Action.c(314):     "2018-09-20T16:09:41.637+08:00","departmentIdList":"3,12,4,5,6,7,8,9,10,11,1,2","checkTerm
Action.c(314):     ianlState":false,"checkFilmState":false,"filmPrinterInfo":null,"reportPrintersInfo":[{"pri
Action.c(314):     nterID":"Lower","terminalID":null,"printerName":"Lower","printerModel":"Mono","statusCode"
Action.c(314):     :0,"statusDescription":"Normal","reportDrawersInfo":[{"drawerName":null,"paperType":"Plain
Action.c(314):     ","paperSizeType":"A4","statusCode":3,"statusDescription":"E
Action.c(314): t=9541ms: 4643-byte response body for "http://10.184.129.108/webapi/api/terminalmonitoring?userId=13" (RelFrameId=1, Internal ID=14)
Action.c(314):     mpty"},{"drawerName":null,"paperType":"Plain","paperSizeType":"A4","statusCode":0,"statusD
Action.c(314):     escription":"Normal"}],"printerType":0,"blackInkLevel":71,"cyanInkLevel":0,"magentaInkLeve
Action.c(314):     l":0,"yellowInkLevel":0,"errorCode":"","errorDescription":null,"statusTime":"2018-09-20T16
Action.c(314):     :08:53.063+08:00"},{"printerID":"Upper","terminalID":null,"printerName":"Upper","printerMo
Action.c(314):     del":"Color","statusCode":0,"statusDescription":"Normal","reportDrawersInfo":[{"drawerName
Action.c(314):     ":null,"paperType":"Plain","paperSizeType":"A5","statusCode":3,"statusDescription":"Empty"
Action.c(314):     },{"drawerName":null,"paperType":"Plain","paperSizeType":"A4","statusCode":0,"statusDescri
Action.c(314):     ption":"Normal"}],"printerType":1,"blackInkLevel":94,"cyanInkLevel":0,"magentaInkLevel":0,
Action.c(314):     "yellowInkLevel":0,"errorCode":"","errorDescription":null,"statusTime":"2018-09-20T16:08:5
Action.c(314):     8.11+08:00"}],"errorCode":null,"errorDescription":null,"terminalType":2,"terminalEnabledFl
Action.c(314):     ag":1,"isFollowed":false},{"terminalID":"Terminal7","terminalName":"Terminal7","terminalIP
Action.c(314):     ":"10.184.129.7","terminalDescription":null,"terminalStatus":0,"terminalStatusLevel":"Norm
Action.c(314):     al","terminalStatusDescription":null,"terminalStatusTime":"2018-09-20T16:13:04.193+08:00",
Action.c(314):     "departmentIdList":"3,12,4,5,6,7,8,9,10,11,1,2","checkTermianlState":false,"checkFilmState
Action.c(314):     ":false,"filmPrinterInfo":null,"reportPrintersInfo":[{"printerID":"Lower","terminalID":nul
Action.c(314):     l,"printerName":"Lower","printerModel":"Mono","statusCode":0,"statusDescription":"Normal",
Action.c(314):     "reportDrawersInfo":[{"drawerName":null,"paperType":"Plain","paperSizeType":"A4","statusCo
Action.c(314):     de":3,"statusDescription":"Empty"},{"drawerName":null,"paperType":"Plain","paperSizeType":
Action.c(314):     "A4","statusCode":0,"statusDescription":"Normal"}],"printerType":0,"blackInkLevel":71,"cya
Action.c(314):     nInkLevel":0,"magentaInkLevel":0,"yellowInkLevel":0,"errorCode":"","errorDescription":null
Action.c(314):     ,"statusTime":"2018-09-20T16:10:12.027+08:00"},{"printerID":"Upper","terminalID":null,"pri
Action.c(314):     nterName":"Upper","printerModel":"Color","statusCode":0,"statusDescription":"Normal","repo
Action.c(314):     rtDrawersInfo":[{"drawerName":null,"paperType":"Plain","paperSizeType":"A5","statusCode":3
Action.c(314):     ,"statusDescription":"Empty"},{"drawerName":null,"paperType":"Plain","paperSizeType":"A4",
Action.c(314):     "statusCode":0,"statusDescription":"Normal"}],"printerType":1,"blackInkLevel":94,"cyanInkL
Action.c(314):     evel":0,"magentaInkLevel":0,"yellowInkLevel":0,"errorCode":"","errorDescription":null,"sta
Action.c(314):     tusTime":"2018-09-20T16:10:17.037+08:00"}],"errorCode":null,"errorDescription":null,"termi
Action.c(314):     nalType":2,"terminalEnabledFlag":1,"isFollowed":false},{"terminalID":"Terminal8","terminal
Action.c(314):     Name":"Terminal8","terminalIP":"10.184.129.8","terminalDescription":null,"terminalStatus":
Action.c(314):     1,"terminalStatusLevel":"Error","terminalStatusDescription":null,"terminalStatusTime":null
Action.c(314):     ,"departmentIdList":"3,12,4,5,6,7,8,9,10,11,1,2","checkTermianlState":false,"checkFilmStat
Action.c(314):     e":false,"filmPrinterInfo":null,"reportPrintersInfo":[],"errorCode":"80005018","errorDescr
Action.c(314):     iption":null,"terminalType":2,"terminalEnabledFlag":1,"isFollowed":false},{"terminalID":"T
Action.c(314):     erminal9","terminalName":"Terminal9","terminalIP":"10.184.129.9","terminalDescription":nul
Action.c(314):     l,"terminalStatus":1,"terminalStatusLevel":"Error","terminalStatusDescription":null,"termi
Action.c(314):     nalStatusTime":null,"departmentIdList":"3,12,4,5,6,7,8,9,10,11,1,2","checkTermianlState":f
Action.c(314):     alse,"checkFilmState":false,"filmPrinterInfo":null,"reportPrintersInfo":[],"errorCode":"80
Action.c(314):     005018","errorDescription":null,"terminalType":2,"terminalEnabledFlag":1,"isFollowed":fals
Action.c(314):     e},{"terminalID":"YF","terminalName":"YF","terminalIP":"1.1.1.3","terminalDescription":"",
Action.c(314):     "terminalStatus":0,"terminalStatusLevel":"Normal","terminalStatusDescription":null,"termin
Action.c(314):     alStatusTime":null,"departmentIdList":"3,12,4,5,6,7,8,9,10,11,1,2","checkTermianlState":fa
Action.c(314):     lse,"checkFilmState":false,"filmPrinterInfo":{"filmPrinterID":25,"filmPrinterName":null,"f
Action.c(314):     ilmPrinterModel":"Unknown","filmPrinterPrintState":null,"filmDrawers":[{"mediaType":"Unkno
Action.c(314):     wn","mediaSize":"Unknown","mediaStatusLevel":"Warning","totalFilmCount":125,"availableFilm
Action.c(314):     Count":0,"availablePercentage":0},{"mediaType":"Unknown","mediaSize":"Unknown","mediaStatu
Action.c(314):     sLevel":"Warning","totalFilmCount":125,"availableFilmCount":0,"availablePercentage":0},{"m
Action.c(314):     ediaType":"Unknown","mediaSize":"Unknown","mediaStatusLevel":"Warning","totalFilmCount":12
Action.c(314):     5,"availableFilmCount":0,"availablePercentage":0}],"filmPrinterStatus":8,"statusCode":null
Action.c(314):     ,"filmPrinterStatusLevel":"Warning","statusDescription":null,"filmPrinterStatusTime":null,
Action.c(314):     "errorCode":null,"errorDescription":null,"rawErrorCodes":null,"pmDate":null,"pmCount":null
Action.c(314):     ,"frCount":null},"reportPrintersInfo":[],"errorCode":null,"errorDescription":null,"termina
Action.c(314):     lType":1,"terminalEnabledFlag":1,"isFollowed":false}]
Action.c(314): web_custom_request("terminalmonitoring") highest severity level was "warning", 88898 body bytes, 261 header bytes  	[MsgId: MMSG-26388]
Action.c(325): web_url("CheckLoginStatus_5") started  	[MsgId: MMSG-26355]
Action.c(325): t=9549ms: 251-byte response headers for "http://10.184.129.108/Platform/Account/CheckLoginStatus" (RelFrameId=1, Internal ID=15)
Action.c(325):     HTTP/1.1 200 OK\r\n
Action.c(325):     Cache-Control: private\r\n
Action.c(325):     Content-Type: application/json; charset=utf-8\r\n
Action.c(325):     Server: Microsoft-IIS/7.5\r\n
Action.c(325):     X-AspNetMvc-Version: 5.2\r\n
Action.c(325):     X-AspNet-Version: 4.0.30319\r\n
Action.c(325):     X-Powered-By: ASP.NET\r\n
Action.c(325):     Date: Thu, 20 Sep 2018 08:14:06 GMT\r\n
Action.c(325):     Content-Length: 4\r\n
Action.c(325):     \r\n
Action.c(325): t=9549ms: 4-byte response body for "http://10.184.129.108/Platform/Account/CheckLoginStatus" (RelFrameId=1, Internal ID=15)
Action.c(325):     true
Action.c(325): HTML parsing not performed for Content-Type "application/json" ("ParseHtmlContentType" Run-Time Setting is "TEXT"). URL="http://10.184.129.108/Platform/Account/CheckLoginStatus"  	[MsgId: MMSG-26548]
Action.c(325): web_url("CheckLoginStatus_5") was successful, 4 body bytes, 251 header bytes  	[MsgId: MMSG-26386]
Action.c(341): Notify: Transaction "User_login" ended with a "Pass" status (Duration: 9.3617 Wasted Time: 0.0003).	[MsgId: MMSG-16871]
Action.c(351): Notify: Transaction "ExpandFilmRecord" started.	[MsgId: MMSG-16999]
Action.c(353): web_custom_request("web_custom_request") started  	[MsgId: MMSG-26355]
Action.c(353): Notify: Parameter Substitution: parameter "Query_filminfo" =  "A20180912170042314"	[MsgId: MMSG-13992]
Action.c(353): t=40646ms: 278-byte response headers for "http://10.184.129.108/webapi/api/worklist/filmInfo?accessionNumber=A20180912170042314" (RelFrameId=1, Internal ID=16)
Action.c(353):     HTTP/1.1 500 NullReferenceException\r\n
Action.c(353):     Cache-Control: no-cache\r\n
Action.c(353):     Pragma: no-cache\r\n
Action.c(353):     Content-Type: application/json; charset=utf-8\r\n
Action.c(353):     Expires: -1\r\n
Action.c(353):     Server: Microsoft-IIS/7.5\r\n
Action.c(353):     X-AspNet-Version: 4.0.30319\r\n
Action.c(353):     X-Powered-By: ASP.NET\r\n
Action.c(353):     Date: Thu, 20 Sep 2018 08:14:37 GMT\r\n
Action.c(353):     Content-Length: 99\r\n
Action.c(353):     \r\n
Action.c(353): t=40647ms: 99-byte response body for "http://10.184.129.108/webapi/api/worklist/filmInfo?accessionNumber=A20180912170042314" (RelFrameId=1, Internal ID=16)
Action.c(353):     {"name":"NullReferenceException","message":"Object reference not set to an instance of an 
Action.c(353):     object."}
Action.c(353): Continuing after Error -26612: HTTP Status-Code=500 (NullReferenceException) for "http://10.184.129.108/webapi/api/worklist/filmInfo?accessionNumber=A20180912170042314"  	[MsgId: MERR-26612]
End auto log messages stack.	[MsgId: MMSG-10544]


