Start auto log messages stack - Iteration 1.	[MsgId: MMSG-10545]
Action.c(314):     lDescription":null,"terminalStatus":0,"terminalStatusLevel":"Normal","terminalStatusDescri
Action.c(314):     ption":null,"terminalStatusTime":"2018-09-18T17:11:12.04+08:00","departmentIdList":"3,12,4
Action.c(314):     ,5,6,7,8,9,10,11,1,2","checkTermianlState":false,"checkFilmState":false,"filmPrinterInfo":
Action.c(314):     null,"reportPrintersInfo":[{"printerID":"Lower","terminalID":null,"printerName":"Lower","p
Action.c(314):     rinterModel":"Mono","statusCode":0,"statusDescription":"Normal","reportDrawersInfo":[{"dra
Action.c(314):     werName":null,"paperType":"Plain","paperSizeType":"A4","statusCode":3,"statusDescription":
Action.c(314):     "Empty"},{"drawerName":null,"paperType":"Plain","paperSizeType":"A4","statusCode":0,"statu
Action.c(314):     sDescription":"Normal"}],"printerType":0,"blackInkLevel":71,"cyanInkLevel":0,"magentaInkLe
Action.c(314):     vel":0,"yellowInkLevel":0,"errorCode":"","errorDescription":null,"statusTime":"2018-09-18T
Action.c(314):     17:10:22.5+08:00"},{"printerID":"Upper","terminalID":null,"printerName":"Upper","printerMo
Action.c(314):     del":"Color","statusCode":0,"statusDescription":"Normal","reportDrawersInfo":[{"drawerName
Action.c(314):     ":null,"paperType":"Plain","paperSizeType":"A5","statusCode":3,"statusDescription":"Empty"
Action.c(314):     },{"drawerName":null,"paperType":"Plain","paperSizeType":"A4","statusCode":0,"statusDescri
Action.c(314):     ption":"Normal"}],"p
Action.c(314): t=334ms: 2920-byte response body for "http://10.184.129.108/webapi/api/terminalmonitoring?userId=13" (RelFrameId=1, Internal ID=14)
Action.c(314):     rinterType":1,"blackInkLevel":94,"cyanInkLevel":0,"magentaInkLevel":0,"yellowInkLevel":0,"
Action.c(314):     errorCode":"","errorDescription":null,"statusTime":"2018-09-18T17:10:27.507+08:00"}],"erro
Action.c(314):     rCode":null,"errorDescription":null,"terminalType":2,"terminalEnabledFlag":1,"isFollowed":
Action.c(314):     false},{"terminalID":"Terminal21","terminalName":"Terminal21","terminalIP":"10.184.129.21"
Action.c(314):     ,"terminalDescription":null,"terminalStatus":0,"terminalStatusLevel":"Normal","terminalSta
Action.c(314):     tusDescription":null,"terminalStatusTime":"2018-09-18T17:12:29.73+08:00","departmentIdList
Action.c(314):     ":"3,12,4,5,6,7,8,9,10,11,1,2","checkTermianlState":false,"checkFilmState":false,"filmPrin
Action.c(314):     terInfo":null,"reportPrintersInfo":[{"printerID":"Lower","terminalID":null,"printerName":"
Action.c(314):     Lower","printerModel":"Mono","statusCode":0,"statusDescription":"Normal","reportDrawersInf
Action.c(314):     o":[{"drawerName":null,"paperType":"Plain","paperSizeType":"A4","statusCode":3,"statusDesc
Action.c(314):     ription":"Empty"},{"drawerName":null,"paperType":"Plain","paperSizeType":"A4","statusCode"
Action.c(314):     :0,"statusDescription":"Normal"}],"printerType":0,"blackInkLevel":71,"cyanInkLevel":0,"mag
Action.c(314):     entaInkLevel":0,"yellowInkLevel":0,"errorCode":"","errorDescription":null,"statusTime":"20
Action.c(314):     18-09-18T17:11:40.153+08:00"},{"printerID":"Upper","terminalID":null,"printerName":"Upper"
Action.c(314):     ,"printerModel":"Color","statusCode":0,"statusDescription":"Normal","reportDrawersInfo":[{
Action.c(314):     "drawerName":null,"paperType":"Plain","paperSizeType":"A5","statusCode":3,"statusDescripti
Action.c(314):     on":"Empty"},{"drawerName":null,"paperType":"Plain","paperSizeType":"A4","statusCode":0,"s
Action.c(314):     tatusDescription":"Normal"}],"printerType":1,"blackInkLevel":94,"cyanInkLevel":0,"magentaI
Action.c(314):     nkLevel":0,"yellowInkLevel":0,"errorCode":"","errorDescription":null,"statusTime":"2018-09
Action.c(314):     -18T17:11:45.2+08:00"}],"errorCode":null,"errorDescription":null,"terminalType":2,"termina
Action.c(314):     lEnabledFlag":1,"isFollowed":false},{"terminalID":"Terminal22","terminalName":"Terminal22"
Action.c(314):     ,"terminalIP":"10.184.129.22","terminalDescription":null,"terminalStatus":0,"terminalStatu
Action.c(314):     sLevel":"Normal","terminalStatusDescription":null,"terminalStatusTime":"2018-09-18T17:13:5
Action.c(314):     9.523+08:00","departmentIdList":"3,12,4,5,6,7,8,9,10,11,1,2","checkTermianlState":false,"c
Action.c(314):     heckFilmState":false,"filmPrinterInfo":null,"reportPrintersInfo":[{"printerID":"Lower","te
Action.c(314):     rminalID":null,"printerName":"Lower","printerModel":"Mono","statusCode":0,"statusDescripti
Action.c(314):     on":"Normal","reportDrawersInfo":[{"drawerName":null,"paperType":"Plain","paperSizeType":"
Action.c(314):     A4","statusCode":3,"statusDescription":"Empty"},{"drawerName":null,"paperType":"Plain","pa
Action.c(314):     perSizeType":"A4","statusCode":0,"statusDescription":"Normal"}],"printerType":0,"blackInkL
Action.c(314):     evel":71,"cyanInkLevel":0,"magentaInkLevel":0,"yellowInkLevel":0,"errorCode":"","errorDesc
Action.c(314):     ription":null,"statusTime":"2018-09-18T17:13:08.997+08:00"},{"printerID":"Upper","terminal
Action.c(314):     ID":null,"printerName":"Upper","printerModel":"Color","statusCode":0,"statusDescription":"
Action.c(314):     Normal","reportDrawersInfo":[{"drawerNam
Action.c(314): t=334ms: 1460-byte response body for "http://10.184.129.108/webapi/api/terminalmonitoring?userId=13" (RelFrameId=1, Internal ID=14)
Action.c(314):     e":null,"paperType":"Plain","paperSizeType":"A5","statusCode":3,"statusDescription":"Empty
Action.c(314):     "},{"drawerName":null,"paperType":"Plain","paperSizeType":"A4","statusCode":0,"statusDescr
Action.c(314):     iption":"Normal"}],"printerType":1,"blackInkLevel":94,"cyanInkLevel":0,"magentaInkLevel":0
Action.c(314):     ,"yellowInkLevel":0,"errorCode":"","errorDescription":null,"statusTime":"2018-09-18T17:13:
Action.c(314):     14.063+08:00"}],"errorCode":null,"errorDescription":null,"terminalType":2,"terminalEnabled
Action.c(314):     Flag":1,"isFollowed":false},{"terminalID":"Terminal23","terminalName":"Terminal23","termin
Action.c(314):     alIP":"10.184.129.23","terminalDescription":null,"terminalStatus":0,"terminalStatusLevel":
Action.c(314):     "Normal","terminalStatusDescription":null,"terminalStatusTime":"2018-09-18T17:15:16.317+08
Action.c(314):     :00","departmentIdList":"3,12,4,5,6,7,8,9,10,11,1,2","checkTermianlState":false,"checkFilm
Action.c(314):     State":false,"filmPrinterInfo":null,"reportPrintersInfo":[{"printerID":"Lower","terminalID
Action.c(314):     ":null,"printerName":"Lower","printerModel":"Mono","statusCode":0,"statusDescription":"Nor
Action.c(314):     mal","reportDrawersInfo":[{"drawerName":null,"paperType":"Plain","paperSizeType":"A4","sta
Action.c(314):     tusCode":3,"statusDescription":"Empty"},{"drawerName":null,"paperType":"Plain","paperSizeT
Action.c(314):     ype":"A4","statusCode":0,"statusDescription":"Normal"}],"printerType":0,"blackInkLevel":71
Action.c(314):     ,"cyanInkLevel":0,"magentaInkLevel":0,"yellowInkLevel":0,"errorCode":"","errorDescription"
Action.c(314):     :null,"statusTime":"2018-09-18T17:14:27.12+08:00"},{"printerID":"Upper","terminalID":null,
Action.c(314):     "printerName":"Upper
Action.c(314): t=334ms: 2920-byte response body for "http://10.184.129.108/webapi/api/terminalmonitoring?userId=13" (RelFrameId=1, Internal ID=14)
Action.c(314):     ","printerModel":"Color","statusCode":0,"statusDescription":"Normal","reportDrawersInfo":[
Action.c(314):     {"drawerName":null,"paperType":"Plain","paperSizeType":"A5","statusCode":3,"statusDescript
Action.c(314):     ion":"Empty"},{"drawerName":null,"paperType":"Plain","paperSizeType":"A4","statusCode":0,"
Action.c(314):     statusDescription":"Normal"}],"printerType":1,"blackInkLevel":94,"cyanInkLevel":0,"magenta
Action.c(314):     InkLevel":0,"yellowInkLevel":0,"errorCode":"","errorDescription":null,"statusTime":"2018-0
Action.c(314):     9-18T17:14:32.183+08:00"}],"errorCode":null,"errorDescription":null,"terminalType":2,"term
Action.c(314):     inalEnabledFlag":1,"isFollowed":false},{"terminalID":"Terminal24","terminalName":"Terminal
Action.c(314):     24","terminalIP":"10.184.129.24","terminalDescription":null,"terminalStatus":0,"terminalSt
Action.c(314):     atusLevel":"Normal","terminalStatusDescription":null,"terminalStatusTime":"2018-09-18T17:1
Action.c(314):     6:29.61+08:00","departmentIdList":"3,12,4,5,6,7,8,9,10,11,1,2","checkTermianlState":false,
Action.c(314):     "checkFilmState":false,"filmPrinterInfo":null,"reportPrintersInfo":[{"printerID":"Lower","
Action.c(314):     terminalID":null,"printerName":"Lower","printerModel":"Mono","statusCode":0,"statusDescrip
Action.c(314):     tion":"Normal","reportDrawersInfo":[{"drawerName":null,"paperType":"Plain","paperSizeType"
Action.c(314):     :"A4","statusCode":3,"statusDescription":"Empty"},{"drawerName":null,"paperType":"Plain","
Action.c(314):     paperSizeType":"A4","statusCode":0,"statusDescription":"Normal"}],"printerType":0,"blackIn
Action.c(314):     kLevel":71,"cyanInkLevel":0,"magentaInkLevel":0,"yellowInkLevel":0,"errorCode":"","errorDe
Action.c(314):     scription":null,"statusTime":"2018-09-18T17:15:40.58+08:00"},{"printerID":"Upper","termina
Action.c(314):     lID":null,"printerName":"Upper","printerModel":"Color","statusCode":0,"statusDescription":
Action.c(314):     "Normal","reportDrawersInfo":[{"drawerName":null,"paperType":"Plain","paperSizeType":"A5",
Action.c(314):     "statusCode":3,"statusDescription":"Empty"},{"drawerName":null,"paperType":"Plain","paperS
Action.c(314):     izeType":"A4","statusCode":0,"statusDescription":"Normal"}],"printerType":1,"blackInkLevel
Action.c(314):     ":94,"cyanInkLevel":0,"magentaInkLevel":0,"yellowInkLevel":0,"errorCode":"","errorDescript
Action.c(314):     ion":null,"statusTime":"2018-09-18T17:15:45.6+08:00"}],"errorCode":null,"errorDescription"
Action.c(314):     :null,"terminalType":2,"terminalEnabledFlag":1,"isFollowed":false},{"terminalID":"Terminal
Action.c(314):     25","terminalName":"Terminal25","terminalIP":"10.184.129.25","terminalDescription":null,"t
Action.c(314):     erminalStatus":0,"terminalStatusLevel":"Normal","terminalStatusDescription":null,"terminal
Action.c(314):     StatusTime":"2018-09-18T17:17:25.69+08:00","departmentIdList":"3,12,4,5,6,7,8,9,10,11,1,2"
Action.c(314):     ,"checkTermianlState":false,"checkFilmState":false,"filmPrinterInfo":null,"reportPrintersI
Action.c(314):     nfo":[{"printerID":"Lower","terminalID":null,"printerName":"Lower","printerModel":"Mono","
Action.c(314):     statusCode":0,"statusDescription":"Normal","reportDrawersInfo":[{"drawerName":null,"paperT
Action.c(314):     ype":"Plain","paperSizeType":"A4","statusCode":3,"statusDescription":"Empty"},{"drawerName
Action.c(314):     ":null,"paperType":"Plain","paperSizeType":"A4","statusCode":0,"statusDescription":"Normal
Action.c(314):     "}],"printerType":0,"blackInkLevel":71,"
Action.c(314): t=335ms: 2920-byte response body for "http://10.184.129.108/webapi/api/terminalmonitoring?userId=13" (RelFrameId=1, Internal ID=14)
Action.c(314):     cyanInkLevel":0,"magentaInkLevel":0,"yellowInkLevel":0,"errorCode":"","errorDescription":n
Action.c(314):     ull,"statusTime":"2018-09-18T17:17:10.607+08:00"},{"printerID":"Upper","terminalID":null,"
Action.c(314):     printerName":"Upper","printerModel":"Color","statusCode":0,"statusDescription":"Normal","r
Action.c(314):     eportDrawersInfo":[{"drawerName":null,"paperType":"Plain","paperSizeType":"A5","statusCode
Action.c(314):     ":3,"statusDescription":"Empty"},{"drawerName":null,"paperType":"Plain","paperSizeType":"A
Action.c(314):     4","statusCode":0,"statusDescription":"Normal"}],"printerType":1,"blackInkLevel":94,"cyanI
Action.c(314):     nkLevel":0,"magentaInkLevel":0,"yellowInkLevel":0,"errorCode":"","errorDescription":null,"
Action.c(314):     statusTime":"2018-09-18T17:17:15.637+08:00"}],"errorCode":null,"errorDescription":null,"te
Action.c(314):     rminalType":2,"terminalEnabledFlag":1,"isFollowed":false},{"terminalID":"Terminal26","term
Action.c(314):     inalName":"Terminal26","terminalIP":"10.184.129.26","terminalDescription":null,"terminalSt
Action.c(314):     atus":0,"terminalStatusLevel":"Normal","terminalStatusDescription":null,"terminalStatusTim
Action.c(314):     e":"2018-09-18T17:11:12.54+08:00","departmentIdList":"3,12,4,5,6,7,8,9,10,11,1,2","checkTe
Action.c(314):     rmianlState":false,"checkFilmState":false,"filmPrinterInfo":null,"reportPrintersInfo":[{"p
Action.c(314):     rinterID":"Lower","terminalID":null,"printerName":"Lower","printerModel":"Mono","statusCod
Action.c(314):     e":0,"statusDescription":"Normal","reportDrawersInfo":[{"drawerName":null,"paperType":"Pla
Action.c(314):     in","paperSizeType":"A4","statusCode":3,"statusDescription":"Empty"},{"drawerName":null,"p
Action.c(314):     aperType":"Plain","paperSizeType":"A4","statusCode":0,"statusDescription":"Normal"}],"prin
Action.c(314):     terType":0,"blackInkLevel":71,"cyanInkLevel":0,"magentaInkLevel":0,"yellowInkLevel":0,"err
Action.c(314):     orCode":"","errorDescription":null,"statusTime":"2018-09-18T17:10:23.44+08:00"},{"printerI
Action.c(314):     D":"Upper","terminalID":null,"printerName":"Upper","printerModel":"Color","statusCode":0,"
Action.c(314):     statusDescription":"Normal","reportDrawersInfo":[{"drawerName":null,"paperType":"Plain","p
Action.c(314):     aperSizeType":"A5","statusCode":3,"statusDescription":"Empty"},{"drawerName":null,"paperTy
Action.c(314):     pe":"Plain","paperSizeType":"A4","statusCode":0,"statusDescription":"Normal"}],"printerTyp
Action.c(314):     e":1,"blackInkLevel":94,"cyanInkLevel":0,"magentaInkLevel":0,"yellowInkLevel":0,"errorCode
Action.c(314):     ":"","errorDescription":null,"statusTime":"2018-09-18T17:10:28.473+08:00"}],"errorCode":nu
Action.c(314):     ll,"errorDescription":null,"terminalType":2,"terminalEnabledFlag":1,"isFollowed":false},{"
Action.c(314):     terminalID":"Terminal27","terminalName":"Terminal27","terminalIP":"10.184.129.27","termina
Action.c(314):     lDescription":null,"terminalStatus":0,"terminalStatusLevel":"Normal","terminalStatusDescri
Action.c(314):     ption":null,"terminalStatusTime":"2018-09-18T17:12:41.647+08:00","departmentIdList":"3,12,
Action.c(314):     4,5,6,7,8,9,10,11,1,2","checkTermianlState":false,"checkFilmState":false,"filmPrinterInfo"
Action.c(314):     :null,"reportPrintersInfo":[{"printerID":"Lower","terminalID":null,"printerName":"Lower","
Action.c(314):     printerModel":"Mono","statusCode":0,"statusDescription":"Normal","reportDrawersInfo":[{"dr
Action.c(314):     awerName":null,"paperType":"Plain","pape
Action.c(314): t=335ms: 1460-byte response body for "http://10.184.129.108/webapi/api/terminalmonitoring?userId=13" (RelFrameId=1, Internal ID=14)
Action.c(314):     rSizeType":"A4","statusCode":3,"statusDescription":"Empty"},{"drawerName":null,"paperType"
Action.c(314):     :"Plain","paperSizeType":"A4","statusCode":0,"statusDescription":"Normal"}],"printerType":
Action.c(314):     0,"blackInkLevel":71,"cyanInkLevel":0,"magentaInkLevel":0,"yellowInkLevel":0,"errorCode":"
Action.c(314):     ","errorDescription":null,"statusTime":"2018-09-18T17:11:52.06+08:00"},{"printerID":"Upper
Action.c(314):     ","terminalID":null,"printerName":"Upper","printerModel":"Color","statusCode":0,"statusDes
Action.c(314):     cription":"Normal","reportDrawersInfo":[{"drawerName":null,"paperType":"Plain","paperSizeT
Action.c(314):     ype":"A5","statusCode":3,"statusDescription":"Empty"},{"drawerName":null,"paperType":"Plai
Action.c(314):     n","paperSizeType":"A4","statusCode":0,"statusDescription":"Normal"}],"printerType":1,"bla
Action.c(314):     ckInkLevel":94,"cyanInkLevel":0,"magentaInkLevel":0,"yellowInkLevel":0,"errorCode":"","err
Action.c(314):     orDescription":null,"statusTime":"2018-09-18T17:11:57.077+08:00"}],"errorCode":null,"error
Action.c(314):     Description":null,"terminalType":2,"terminalEnabledFlag":1,"isFollowed":false},{"terminalI
Action.c(314):     D":"Terminal28","terminalName":"Terminal28","terminalIP":"10.184.129.28","terminalDescript
Action.c(314):     ion":null,"terminalStatus":0,"terminalStatusLevel":"Normal","terminalStatusDescription":nu
Action.c(314):     ll,"terminalStatusTime":"2018-09-18T17:13:54.52+08:00","departmentIdList":"3,12,4,5,6,7,8,
Action.c(314):     9,10,11,1,2","checkTermianlState":false,"checkFilmState":false,"filmPrinterInfo":null,"rep
Action.c(314):     ortPrintersInfo":[{"printerID":"Lower","terminalID":null,"printerName":"Lower","printerMod
Action.c(314):     el":"Mono","statusCo
Action.c(314): t=335ms: 2920-byte response body for "http://10.184.129.108/webapi/api/terminalmonitoring?userId=13" (RelFrameId=1, Internal ID=14)
Action.c(314):     de":0,"statusDescription":"Normal","reportDrawersInfo":[{"drawerName":null,"paperType":"Pl
Action.c(314):     ain","paperSizeType":"A4","statusCode":3,"statusDescription":"Empty"},{"drawerName":null,"
Action.c(314):     paperType":"Plain","paperSizeType":"A4","statusCode":0,"statusDescription":"Normal"}],"pri
Action.c(314):     nterType":0,"blackInkLevel":71,"cyanInkLevel":0,"magentaInkLevel":0,"yellowInkLevel":0,"er
Action.c(314):     rorCode":"","errorDescription":null,"statusTime":"2018-09-18T17:13:04.88+08:00"},{"printer
Action.c(314):     ID":"Upper","terminalID":null,"printerName":"Upper","printerModel":"Color","statusCode":0,
Action.c(314):     "statusDescription":"Normal","reportDrawersInfo":[{"drawerName":null,"paperType":"Plain","
Action.c(314):     paperSizeType":"A5","statusCode":3,"statusDescription":"Empty"},{"drawerName":null,"paperT
Action.c(314):     ype":"Plain","paperSizeType":"A4","statusCode":0,"statusDescription":"Normal"}],"printerTy
Action.c(314):     pe":1,"blackInkLevel":94,"cyanInkLevel":0,"magentaInkLevel":0,"yellowInkLevel":0,"errorCod
Action.c(314):     e":"","errorDescription":null,"statusTime":"2018-09-18T17:13:09.9+08:00"}],"errorCode":nul
Action.c(314):     l,"errorDescription":null,"terminalType":2,"terminalEnabledFlag":1,"isFollowed":false},{"t
Action.c(314):     erminalID":"Terminal29","terminalName":"Terminal29","terminalIP":"10.184.129.29","terminal
Action.c(314):     Description":null,"terminalStatus":0,"terminalStatusLevel":"Normal","terminalStatusDescrip
Action.c(314):     tion":null,"terminalStatusTime":"2018-09-18T17:15:24.37+08:00","departmentIdList":"3,12,4,
Action.c(314):     5,6,7,8,9,10,11,1,2","checkTermianlState":false,"checkFilmState":false,"filmPrinterInfo":n
Action.c(314):     ull,"reportPrintersInfo":[{"printerID":"Lower","terminalID":null,"printerName":"Lower","pr
Action.c(314):     interModel":"Mono","statusCode":0,"statusDescription":"Normal","reportDrawersInfo":[{"draw
Action.c(314):     erName":null,"paperType":"Plain","paperSizeType":"A4","statusCode":3,"statusDescription":"
Action.c(314):     Empty"},{"drawerName":null,"paperType":"Plain","paperSizeType":"A4","statusCode":0,"status
Action.c(314):     Description":"Normal"}],"printerType":0,"blackInkLevel":71,"cyanInkLevel":0,"magentaInkLev
Action.c(314):     el":0,"yellowInkLevel":0,"errorCode":"","errorDescription":null,"statusTime":"2018-09-18T1
Action.c(314):     7:14:35.327+08:00"},{"printerID":"Upper","terminalID":null,"printerName":"Upper","printerM
Action.c(314):     odel":"Color","statusCode":0,"statusDescription":"Normal","reportDrawersInfo":[{"drawerNam
Action.c(314):     e":null,"paperType":"Plain","paperSizeType":"A5","statusCode":3,"statusDescription":"Empty
Action.c(314):     "},{"drawerName":null,"paperType":"Plain","paperSizeType":"A4","statusCode":0,"statusDescr
Action.c(314):     iption":"Normal"}],"printerType":1,"blackInkLevel":94,"cyanInkLevel":0,"magentaInkLevel":0
Action.c(314):     ,"yellowInkLevel":0,"errorCode":"","errorDescription":null,"statusTime":"2018-09-18T17:14:
Action.c(314):     40.49+08:00"}],"errorCode":null,"errorDescription":null,"terminalType":2,"terminalEnabledF
Action.c(314):     lag":1,"isFollowed":false},{"terminalID":"Terminal3","terminalName":"Terminal3","terminalI
Action.c(314):     P":"10.184.129.3","terminalDescription":null,"terminalStatus":0,"terminalStatusLevel":"Nor
Action.c(314):     mal","terminalStatusDescription":null,"terminalStatusTime":"2018-09-18T17:16:48.81+08:00",
Action.c(314):     "departmentIdList":"3,12,4,5,6,7,8,9,10,
Action.c(314): t=336ms: 1460-byte response body for "http://10.184.129.108/webapi/api/terminalmonitoring?userId=13" (RelFrameId=1, Internal ID=14)
Action.c(314):     11,1,2","checkTermianlState":false,"checkFilmState":false,"filmPrinterInfo":null,"reportPr
Action.c(314):     intersInfo":[{"printerID":"Lower","terminalID":null,"printerName":"Lower","printerModel":"
Action.c(314):     Mono","statusCode":0,"statusDescription":"Normal","reportDrawersInfo":[{"drawerName":null,
Action.c(314):     "paperType":"Plain","paperSizeType":"A4","statusCode":3,"statusDescription":"Empty"},{"dra
Action.c(314):     werName":null,"paperType":"Plain","paperSizeType":"A4","statusCode":0,"statusDescription":
Action.c(314):     "Normal"}],"printerType":0,"blackInkLevel":71,"cyanInkLevel":0,"magentaInkLevel":0,"yellow
Action.c(314):     InkLevel":0,"errorCode":"","errorDescription":null,"statusTime":"2018-09-18T17:15:59.507+0
Action.c(314):     8:00"},{"printerID":"Upper","terminalID":null,"printerName":"Upper","printerModel":"Color"
Action.c(314):     ,"statusCode":0,"statusDescription":"Normal","reportDrawersInfo":[{"drawerName":null,"pape
Action.c(314):     rType":"Plain","paperSizeType":"A5","statusCode":3,"statusDescription":"Empty"},{"drawerNa
Action.c(314):     me":null,"paperType":"Plain","paperSizeType":"A4","statusCode":0,"statusDescription":"Norm
Action.c(314):     al"}],"printerType":1,"blackInkLevel":94,"cyanInkLevel":0,"magentaInkLevel":0,"yellowInkLe
Action.c(314):     vel":0,"errorCode":"","errorDescription":null,"statusTime":"2018-09-18T17:16:04.51+08:00"}
Action.c(314):     ],"errorCode":null,"errorDescription":null,"terminalType":2,"terminalEnabledFlag":1,"isFol
Action.c(314):     lowed":false},{"terminalID":"Terminal30","terminalName":"Terminal30","terminalIP":"10.184.
Action.c(314):     129.30","terminalDescription":null,"terminalStatus":0,"terminalStatusLevel":"Normal","term
Action.c(314):     inalStatusDescriptio
Action.c(314): t=336ms: 2920-byte response body for "http://10.184.129.108/webapi/api/terminalmonitoring?userId=13" (RelFrameId=1, Internal ID=14)
Action.c(314):     n":null,"terminalStatusTime":"2018-09-18T17:17:40.783+08:00","departmentIdList":"3,12,4,5,
Action.c(314):     6,7,8,9,10,11,1,2","checkTermianlState":false,"checkFilmState":false,"filmPrinterInfo":nul
Action.c(314):     l,"reportPrintersInfo":[{"printerID":"Lower","terminalID":null,"printerName":"Lower","prin
Action.c(314):     terModel":"Mono","statusCode":0,"statusDescription":"Normal","reportDrawersInfo":[{"drawer
Action.c(314):     Name":null,"paperType":"Plain","paperSizeType":"A4","statusCode":3,"statusDescription":"Em
Action.c(314):     pty"},{"drawerName":null,"paperType":"Plain","paperSizeType":"A4","statusCode":0,"statusDe
Action.c(314):     scription":"Normal"}],"printerType":0,"blackInkLevel":71,"cyanInkLevel":0,"magentaInkLevel
Action.c(314):     ":0,"yellowInkLevel":0,"errorCode":"","errorDescription":null,"statusTime":"2018-09-18T17:
Action.c(314):     17:25.683+08:00"},{"printerID":"Upper","terminalID":null,"printerName":"Upper","printerMod
Action.c(314):     el":"Color","statusCode":0,"statusDescription":"Normal","reportDrawersInfo":[{"drawerName"
Action.c(314):     :null,"paperType":"Plain","paperSizeType":"A5","statusCode":3,"statusDescription":"Empty"}
Action.c(314):     ,{"drawerName":null,"paperType":"Plain","paperSizeType":"A4","statusCode":0,"statusDescrip
Action.c(314):     tion":"Normal"}],"printerType":1,"blackInkLevel":94,"cyanInkLevel":0,"magentaInkLevel":0,"
Action.c(314):     yellowInkLevel":0,"errorCode":"","errorDescription":null,"statusTime":"2018-09-18T17:17:30
Action.c(314):     .707+08:00"}],"errorCode":null,"errorDescription":null,"terminalType":2,"terminalEnabledFl
Action.c(314):     ag":1,"isFollowed":false},{"terminalID":"Terminal31","terminalName":"Terminal31","terminal
Action.c(314):     IP":"10.184.129.31","terminalDescription":null,"terminalStatus":0,"terminalStatusLevel":"N
Action.c(314):     ormal","terminalStatusDescription":null,"terminalStatusTime":"2018-09-18T17:13:33.333+08:0
Action.c(314):     0","departmentIdList":"3,12,4,5,6,7,8,9,10,11,1,2","checkTermianlState":false,"checkFilmSt
Action.c(314):     ate":false,"filmPrinterInfo":null,"reportPrintersInfo":[{"printerID":"Lower","terminalID":
Action.c(314):     null,"printerName":"Lower","printerModel":"Mono","statusCode":0,"statusDescription":"Norma
Action.c(314):     l","reportDrawersInfo":[{"drawerName":null,"paperType":"Plain","paperSizeType":"A4","statu
Action.c(314):     sCode":3,"statusDescription":"Empty"},{"drawerName":null,"paperType":"Plain","paperSizeTyp
Action.c(314):     e":"A4","statusCode":0,"statusDescription":"Normal"}],"printerType":0,"blackInkLevel":71,"
Action.c(314):     cyanInkLevel":0,"magentaInkLevel":0,"yellowInkLevel":0,"errorCode":"","errorDescription":n
Action.c(314):     ull,"statusTime":"2018-09-18T17:12:43.21+08:00"},{"printerID":"Upper","terminalID":null,"p
Action.c(314):     rinterName":"Upper","printerModel":"Color","statusCode":0,"statusDescription":"Normal","re
Action.c(314):     portDrawersInfo":[{"drawerName":null,"paperType":"Plain","paperSizeType":"A5","statusCode"
Action.c(314):     :3,"statusDescription":"Empty"},{"drawerName":null,"paperType":"Plain","paperSizeType":"A4
Action.c(314):     ","statusCode":0,"statusDescription":"Normal"}],"printerType":1,"blackInkLevel":94,"cyanIn
Action.c(314):     kLevel":0,"magentaInkLevel":0,"yellowInkLevel":0,"errorCode":"","errorDescription":null,"s
Action.c(314):     tatusTime":"2018-09-18T17:12:48.23+08:00"}],"errorCode":null,"errorDescription":null,"term
Action.c(314):     inalType":2,"terminalEnabledFlag":1,"isF
Action.c(314): t=336ms: 4380-byte response body for "http://10.184.129.108/webapi/api/terminalmonitoring?userId=13" (RelFrameId=1, Internal ID=14)
Action.c(314):     ollowed":false},{"terminalID":"Terminal32","terminalName":"Terminal32","terminalIP":"10.18
Action.c(314):     4.129.32","terminalDescription":null,"terminalStatus":0,"terminalStatusLevel":"Normal","te
Action.c(314):     rminalStatusDescription":null,"terminalStatusTime":"2018-09-18T17:14:54.447+08:00","depart
Action.c(314):     mentIdList":"3,12,4,5,6,7,8,9,10,11,1,2","checkTermianlState":false,"checkFilmState":false
Action.c(314):     ,"filmPrinterInfo":null,"reportPrintersInfo":[{"printerID":"Lower","terminalID":null,"prin
Action.c(314):     terName":"Lower","printerModel":"Mono","statusCode":0,"statusDescription":"Normal","report
Action.c(314):     DrawersInfo":[{"drawerName":null,"paperType":"Plain","paperSizeType":"A4","statusCode":3,"
Action.c(314):     statusDescription":"Empty"},{"drawerName":null,"paperType":"Plain","paperSizeType":"A4","s
Action.c(314):     tatusCode":0,"statusDescription":"Normal"}],"printerType":0,"blackInkLevel":71,"cyanInkLev
Action.c(314):     el":0,"magentaInkLevel":0,"yellowInkLevel":0,"errorCode":"","errorDescription":null,"statu
Action.c(314):     sTime":"2018-09-18T17:14:04.81+08:00"},{"printerID":"Upper","terminalID":null,"printerName
Action.c(314):     ":"Upper","printerModel":"Color","statusCode":0,"statusDescription":"Normal","reportDrawer
Action.c(314):     sInfo":[{"drawerName":null,"paperType":"Plain","paperSizeType":"A5","statusCode":3,"status
Action.c(314):     Description":"Empty"},{"drawerName":null,"paperType":"Plain","paperSizeType":"A4","statusC
Action.c(314):     ode":0,"statusDescription":"Normal"}],"printerType":1,"blackInkLevel":94,"cyanInkLevel":0,
Action.c(314):     "magentaInkLevel":0,"yellowInkLevel":0,"errorCode":"","errorDescription":null,"statusTime"
Action.c(314):     :"2018-09-18T17:14:09.97+08:00"}],"errorCode":null,"errorDescription":null,"terminalType":
Action.c(314):     2,"terminalEnabledFlag":1,"isFollowed":false},{"terminalID":"Terminal33","terminalName":"T
Action.c(314):     erminal33","terminalIP":"10.184.129.33","terminalDescription":null,"terminalStatus":0,"ter
Action.c(314):     minalStatusLevel":"Normal","terminalStatusDescription":null,"terminalStatusTime":"2018-09-
Action.c(314):     18T17:16:09.37+08:00","departmentIdList":"3,12,4,5,6,7,8,9,10,11,1,2","checkTermianlState"
Action.c(314):     :false,"checkFilmState":false,"filmPrinterInfo":null,"reportPrintersInfo":[{"printerID":"L
Action.c(314):     ower","terminalID":null,"printerName":"Lower","printerModel":"Mono","statusCode":0,"status
Action.c(314):     Description":"Normal","reportDrawersInfo":[{"drawerName":null,"paperType":"Plain","paperSi
Action.c(314):     zeType":"A4","statusCode":3,"statusDescription":"Empty"},{"drawerName":null,"paperType":"P
Action.c(314):     lain","paperSizeType":"A4","statusCode":0,"statusDescription":"Normal"}],"printerType":0,"
Action.c(314):     blackInkLevel":71,"cyanInkLevel":0,"magentaInkLevel":0,"yellowInkLevel":0,"errorCode":"","
Action.c(314):     errorDescription":null,"statusTime":"2018-09-18T17:15:20.213+08:00"},{"printerID":"Upper",
Action.c(314):     "terminalID":null,"printerName":"Upper","printerModel":"Color","statusCode":0,"statusDescr
Action.c(314):     iption":"Normal","reportDrawersInfo":[{"drawerName":null,"paperType":"Plain","paperSizeTyp
Action.c(314):     e":"A5","statusCode":3,"statusDescription":"Empty"},{"drawerName":null,"paperType":"Plain"
Action.c(314):     ,"paperSizeType":"A4","statusCode":0,"statusDescription":"Normal"}],"printerType":1,"black
Action.c(314):     InkLevel":94,"cyanInkLevel":0,"magentaInkLevel":0,"yellowInkLevel":0,"errorCode":"","error
Action.c(314):     Description":null,"statusTime":"2018-09-18T17:15:25.23+08:00"}],"errorCode":null,"errorDes
Action.c(314):     cription":null,"terminalType":2,"terminalEnabledFlag":1,"isFollowed":false},{"terminalID":
Action.c(314):     "Terminal34","terminalName":"Terminal34","terminalIP":"10.184.129.34","terminalDescription
Action.c(314):     ":null,"terminalStatus":0,"terminalStatusLevel":"Normal","terminalStatusDescription":null,
Action.c(314):     "terminalStatusTime":"2018-09-18T17:17:28.15+08:00","departmentIdList":"3,12,4,5,6,7,8,9,1
Action.c(314):     0,11,1,2","checkTermianlState":false,"checkFilmState":false,"filmPrinterInfo":null,"report
Action.c(314):     PrintersInfo":[{"printerID":"Lower","terminalID":null,"printerName":"Lower","printerModel"
Action.c(314):     :"Mono","statusCode":0,"statusDescription":"Normal","reportDrawersInfo":[{"drawerName":nul
Action.c(314):     l,"paperType":"Plain","paperSizeType":"A4","statusCode":3,"statusDescription":"Empty"},{"d
Action.c(314):     rawerName":null,"paperType":"Plain","paperSizeType":"A4","statusCode":0,"statusDescription
Action.c(314):     ":"Normal"}],"printerType":0,"blackInkLevel":71,"cyanInkLevel":0,"magentaInkLevel":0,"yell
Action.c(314):     owInkLevel":0,"errorCode":"","errorDescription":null,"statusTime":"2018-09-18T17:16:38.567
Action.c(314):     +08:00"},{"printerID":"Upper","terminalID":null,"printerName":"Upper","printerModel":"Colo
Action.c(314):     r","statusCode":0,"statusDescription":"Normal","reportDrawersInfo":[{"drawerName":null,"pa
Action.c(314):     perType":"Plain","paperSizeType":"A5","statusCode":3,"statusDescription":"Empty"},{"drawer
Action.c(314):     Name":null,"paperType":"Plain","paperSizeType":"A4","statusC
Action.c(314): t=337ms: 2920-byte response body for "http://10.184.129.108/webapi/api/terminalmonitoring?userId=13" (RelFrameId=1, Internal ID=14)
Action.c(314):     ode":0,"statusDescription":"Normal"}],"printerType":1,"blackInkLevel":94,"cyanInkLevel":0,
Action.c(314):     "magentaInkLevel":0,"yellowInkLevel":0,"errorCode":"","errorDescription":null,"statusTime"
Action.c(314):     :"2018-09-18T17:16:43.597+08:00"}],"errorCode":null,"errorDescription":null,"terminalType"
Action.c(314):     :2,"terminalEnabledFlag":1,"isFollowed":false},{"terminalID":"Terminal35","terminalName":"
Action.c(314):     Terminal35","terminalIP":"10.184.129.35","terminalDescription":null,"terminalStatus":0,"te
Action.c(314):     rminalStatusLevel":"Normal","terminalStatusDescription":null,"terminalStatusTime":"2018-09
Action.c(314):     -18T17:10:54.903+08:00","departmentIdList":"3,12,4,5,6,7,8,9,10,11,1,2","checkTermianlStat
Action.c(314):     e":false,"checkFilmState":false,"filmPrinterInfo":null,"reportPrintersInfo":[{"printerID":
Action.c(314):     "Lower","terminalID":null,"printerName":"Lower","printerModel":"Mono","statusCode":0,"stat
Action.c(314):     usDescription":"Normal","reportDrawersInfo":[{"drawerName":null,"paperType":"Plain","paper
Action.c(314):     SizeType":"A4","statusCode":3,"statusDescription":"Empty"},{"drawerName":null,"paperType":
Action.c(314):     "Plain","paperSizeType":"A4","statusCode":0,"statusDescription":"Normal"}],"printerType":0
Action.c(314):     ,"blackInkLevel":71,"cyanInkLevel":0,"magentaInkLevel":0,"yellowInkLevel":0,"errorCode":""
Action.c(314):     ,"errorDescription":null,"statusTime":"2018-09-18T17:10:05.607+08:00"},{"printerID":"Upper
Action.c(314):     ","terminalID":null,"printerName":"Upper","printerModel":"Color","statusCode":0,"statusDes
Action.c(314):     cription":"Normal","reportDrawersInfo":[{"drawerName":null,"paperType":"Plain","paperSizeT
Action.c(314):     ype":"A5","statusCode":3,"statusDescription":"Empty"},{"drawerName":null,"paperType":"Plai
Action.c(314):     n","paperSizeType":"A4","statusCode":0,"statusDescription":"Normal"}],"printerType":1,"bla
Action.c(314):     ckInkLevel":94,"cyanInkLevel":0,"magentaInkLevel":0,"yellowInkLevel":0,"errorCode":"","err
Action.c(314):     orDescription":null,"statusTime":"2018-09-18T17:10:10.66+08:00"}],"errorCode":null,"errorD
Action.c(314):     escription":null,"terminalType":2,"terminalEnabledFlag":1,"isFollowed":false},{"terminalID
Action.c(314):     ":"Terminal36","terminalName":"Terminal36","terminalIP":"10.184.129.36","terminalDescripti
Action.c(314):     on":null,"terminalStatus":0,"terminalStatusLevel":"Normal","terminalStatusDescription":nul
Action.c(314):     l,"terminalStatusTime":"2018-09-18T17:12:11.46+08:00","departmentIdList":"3,12,4,5,6,7,8,9
Action.c(314):     ,10,11,1,2","checkTermianlState":false,"checkFilmState":false,"filmPrinterInfo":null,"repo
Action.c(314):     rtPrintersInfo":[{"printerID":"Lower","terminalID":null,"printerName":"Lower","printerMode
Action.c(314):     l":"Mono","statusCode":0,"statusDescription":"Normal","reportDrawersInfo":[{"drawerName":n
Action.c(314):     ull,"paperType":"Plain","paperSizeType":"A4","statusCode":3,"statusDescription":"Empty"},{
Action.c(314):     "drawerName":null,"paperType":"Plain","paperSizeType":"A4","statusCode":0,"statusDescripti
Action.c(314):     on":"Normal"}],"printerType":0,"blackInkLevel":71,"cyanInkLevel":0,"magentaInkLevel":0,"ye
Action.c(314):     llowInkLevel":0,"errorCode":"","errorDescription":null,"statusTime":"2018-09-18T17:11:22.3
Action.c(314):     47+08:00"},{"printerID":"Upper","terminalID":null,"printerName":"Upper","printerModel":"Co
Action.c(314):     lor","statusCode":0,"statusDescription":
Action.c(314): t=337ms: 1460-byte response body for "http://10.184.129.108/webapi/api/terminalmonitoring?userId=13" (RelFrameId=1, Internal ID=14)
Action.c(314):     "Normal","reportDrawersInfo":[{"drawerName":null,"paperType":"Plain","paperSizeType":"A5",
Action.c(314):     "statusCode":3,"statusDescription":"Empty"},{"drawerName":null,"paperType":"Plain","paperS
Action.c(314):     izeType":"A4","statusCode":0,"statusDescription":"Normal"}],"printerType":1,"blackInkLevel
Action.c(314):     ":94,"cyanInkLevel":0,"magentaInkLevel":0,"yellowInkLevel":0,"errorCode":"","errorDescript
Action.c(314):     ion":null,"statusTime":"2018-09-18T17:11:27.443+08:00"}],"errorCode":null,"errorDescriptio
Action.c(314):     n":null,"terminalType":2,"terminalEnabledFlag":1,"isFollowed":false},{"terminalID":"Termin
Action.c(314):     al37","terminalName":"Terminal37","terminalIP":"10.184.129.37","terminalDescription":null,
Action.c(314):     "terminalStatus":0,"terminalStatusLevel":"Normal","terminalStatusDescription":null,"termin
Action.c(314):     alStatusTime":"2018-09-18T17:14:25.273+08:00","departmentIdList":"3,12,4,5,6,7,8,9,10,11,1
Action.c(314):     ,2","checkTermianlState":false,"checkFilmState":false,"filmPrinterInfo":null,"reportPrinte
Action.c(314):     rsInfo":[{"printerID":"Lower","terminalID":null,"printerName":"Lower","printerModel":"Mono
Action.c(314):     ","statusCode":0,"statusDescription":"Normal","reportDrawersInfo":[{"drawerName":null,"pap
Action.c(314):     erType":"Plain","paperSizeType":"A4","statusCode":3,"statusDescription":"Empty"},{"drawerN
Action.c(314):     ame":null,"paperType":"Plain","paperSizeType":"A4","statusCode":0,"statusDescription":"Nor
Action.c(314):     mal"}],"printerType":0,"blackInkLevel":71,"cyanInkLevel":0,"magentaInkLevel":0,"yellowInkL
Action.c(314):     evel":0,"errorCode":"","errorDescription":null,"statusTime":"2018-09-18T17:13:36.27+08:00"
Action.c(314):     },{"printerID":"Uppe
Action.c(314): t=338ms: 2920-byte response body for "http://10.184.129.108/webapi/api/terminalmonitoring?userId=13" (RelFrameId=1, Internal ID=14)
Action.c(314):     r","terminalID":null,"printerName":"Upper","printerModel":"Color","statusCode":0,"statusDe
Action.c(314):     scription":"Normal","reportDrawersInfo":[{"drawerName":null,"paperType":"Plain","paperSize
Action.c(314):     Type":"A5","statusCode":3,"statusDescription":"Empty"},{"drawerName":null,"paperType":"Pla
Action.c(314):     in","paperSizeType":"A4","statusCode":0,"statusDescription":"Normal"}],"printerType":1,"bl
Action.c(314):     ackInkLevel":94,"cyanInkLevel":0,"magentaInkLevel":0,"yellowInkLevel":0,"errorCode":"","er
Action.c(314):     rorDescription":null,"statusTime":"2018-09-18T17:13:41.3+08:00"}],"errorCode":null,"errorD
Action.c(314):     escription":null,"terminalType":2,"terminalEnabledFlag":1,"isFollowed":false},{"terminalID
Action.c(314):     ":"Terminal38","terminalName":"Terminal38","terminalIP":"10.184.129.38","terminalDescripti
Action.c(314):     on":null,"terminalStatus":0,"terminalStatusLevel":"Normal","terminalStatusDescription":nul
Action.c(314):     l,"terminalStatusTime":"2018-09-18T17:15:53.247+08:00","departmentIdList":"3,12,4,5,6,7,8,
Action.c(314):     9,10,11,1,2","checkTermianlState":false,"checkFilmState":false,"filmPrinterInfo":null,"rep
Action.c(314):     ortPrintersInfo":[{"printerID":"Lower","terminalID":null,"printerName":"Lower","printerMod
Action.c(314):     el":"Mono","statusCode":0,"statusDescription":"Normal","reportDrawersInfo":[{"drawerName":
Action.c(314):     null,"paperType":"Plain","paperSizeType":"A4","statusCode":3,"statusDescription":"Empty"},
Action.c(314):     {"drawerName":null,"paperType":"Plain","paperSizeType":"A4","statusCode":0,"statusDescript
Action.c(314):     ion":"Normal"}],"printerType":0,"blackInkLevel":71,"cyanInkLevel":0,"magentaInkLevel":0,"y
Action.c(314):     ellowInkLevel":0,"errorCode":"","errorDescription":null,"statusTime":"2018-09-18T17:15:04.
Action.c(314):     15+08:00"},{"printerID":"Upper","terminalID":null,"printerName":"Upper","printerModel":"Co
Action.c(314):     lor","statusCode":0,"statusDescription":"Normal","reportDrawersInfo":[{"drawerName":null,"
Action.c(314):     paperType":"Plain","paperSizeType":"A5","statusCode":3,"statusDescription":"Empty"},{"draw
Action.c(314):     erName":null,"paperType":"Plain","paperSizeType":"A4","statusCode":0,"statusDescription":"
Action.c(314):     Normal"}],"printerType":1,"blackInkLevel":94,"cyanInkLevel":0,"magentaInkLevel":0,"yellowI
Action.c(314):     nkLevel":0,"errorCode":"","errorDescription":null,"statusTime":"2018-09-18T17:15:09.183+08
Action.c(314):     :00"}],"errorCode":null,"errorDescription":null,"terminalType":2,"terminalEnabledFlag":1,"
Action.c(314):     isFollowed":false},{"terminalID":"Terminal39","terminalName":"Terminal39","terminalIP":"10
Action.c(314):     .184.129.39","terminalDescription":null,"terminalStatus":0,"terminalStatusLevel":"Normal",
Action.c(314):     "terminalStatusDescription":null,"terminalStatusTime":"2018-09-18T17:17:15.45+08:00","depa
Action.c(314):     rtmentIdList":"3,12,4,5,6,7,8,9,10,11,1,2","checkTermianlState":false,"checkFilmState":fal
Action.c(314):     se,"filmPrinterInfo":null,"reportPrintersInfo":[{"printerID":"Lower","terminalID":null,"pr
Action.c(314):     interName":"Lower","printerModel":"Mono","statusCode":0,"statusDescription":"Normal","repo
Action.c(314):     rtDrawersInfo":[{"drawerName":null,"paperType":"Plain","paperSizeType":"A4","statusCode":3
Action.c(314):     ,"statusDescription":"Empty"},{"drawerName":null,"paperType":"Plain","paperSizeType":"A4",
Action.c(314):     "statusCode":0,"statusDescription":"Norm
Action.c(314): t=338ms: 2756-byte response body for "http://10.184.129.108/webapi/api/terminalmonitoring?userId=13" (RelFrameId=1, Internal ID=14)
Action.c(314):     al"}],"printerType":0,"blackInkLevel":71,"cyanInkLevel":0,"magentaInkLevel":0,"yellowInkLe
Action.c(314):     vel":0,"errorCode":"","errorDescription":null,"statusTime":"2018-09-18T17:16:26.18+08:00"}
Action.c(314):     ,{"printerID":"Upper","terminalID":null,"printerName":"Upper","printerModel":"Color","stat
Action.c(314):     usCode":0,"statusDescription":"Normal","reportDrawersInfo":[{"drawerName":null,"paperType"
Action.c(314):     :"Plain","paperSizeType":"A5","statusCode":3,"statusDescription":"Empty"},{"drawerName":nu
Action.c(314):     ll,"paperType":"Plain","paperSizeType":"A4","statusCode":0,"statusDescription":"Normal"}],
Action.c(314):     "printerType":1,"blackInkLevel":94,"cyanInkLevel":0,"magentaInkLevel":0,"yellowInkLevel":0
Action.c(314):     ,"errorCode":"","errorDescription":null,"statusTime":"2018-09-18T17:16:31.2+08:00"}],"erro
Action.c(314):     rCode":null,"errorDescription":null,"terminalType":2,"terminalEnabledFlag":1,"isFollowed":
Action.c(314):     false},{"terminalID":"Terminal4","terminalName":"Terminal4","terminalIP":"10.184.129.4","t
Action.c(314):     erminalDescription":null,"terminalStatus":0,"terminalStatusLevel":"Normal","terminalStatus
Action.c(314):     Description":null,"terminalStatusTime":"2018-09-18T17:10:25.65+08:00","departmentIdList":"
Action.c(314):     3,12,4,5,6,7,8,9,10,11,1,2","checkTermianlState":false,"checkFilmState":false,"filmPrinter
Action.c(314):     Info":null,"reportPrintersInfo":[{"printerID":"Lower","terminalID":null,"printerName":"Low
Action.c(314):     er","printerModel":"Mono","statusCode":0,"statusDescription":"Normal","reportDrawersInfo":
Action.c(314):     [{"drawerName":null,"paperType":"Plain","paperSizeType":"A4","statusCode":3,"statusDescrip
Action.c(314):     tion":"Empty"},{"drawerName":null,"paperType":"Plain","paperSizeType":"A4","statusCode":0,
Action.c(314):     "statusDescription":"Normal"}],"printerType":0,"blackInkLevel":71,"cyanInkLevel":0,"magent
Action.c(314):     aInkLevel":0,"yellowInkLevel":0,"errorCode":"","errorDescription":null,"statusTime":"2018-
Action.c(314):     09-18T17:17:38.713+08:00"},{"printerID":"Upper","terminalID":null,"printerName":"Upper","p
Action.c(314):     rinterModel":"Color","statusCode":0,"statusDescription":"Normal","reportDrawersInfo":[{"dr
Action.c(314):     awerName":null,"paperType":"Plain","paperSizeType":"A5","statusCode":3,"statusDescription"
Action.c(314):     :"Empty"},{"drawerName":null,"paperType":"Plain","paperSizeType":"A4","statusCode":0,"stat
Action.c(314):     usDescription":"Normal"}],"printerType":1,"blackInkLevel":94,"cyanInkLevel":0,"magentaInkL
Action.c(314):     evel":0,"yellowInkLevel":0,"errorCode":"","errorDescription":null,"statusTime":"2018-09-18
Action.c(314):     T17:17:43.75+08:00"}],"errorCode":null,"errorDescription":null,"terminalType":2,"terminalE
Action.c(314):     nabledFlag":1,"isFollowed":false},{"terminalID":"Terminal40","terminalName":"Terminal40","
Action.c(314):     terminalIP":"10.184.129.40","terminalDescription":null,"terminalStatus":0,"terminalStatusL
Action.c(314):     evel":"Normal","terminalStatusDescription":null,"terminalStatusTime":"2018-09-18T17:11:38.
Action.c(314):     23+08:00","departmentIdList":"3,12,4,5,6,7,8,9,10,11,1,2","checkTermianlState":false,"chec
Action.c(314):     kFilmState":false,"filmPrinterInfo":null,"reportPrinters
Action.c(314): t=338ms: 2920-byte response body for "http://10.184.129.108/webapi/api/terminalmonitoring?userId=13" (RelFrameId=1, Internal ID=14)
Action.c(314):     Info":[{"printerID":"Lower","terminalID":null,"printerName":"Lower","printerModel":"Mono",
Action.c(314):     "statusCode":0,"statusDescription":"Normal","reportDrawersInfo":[{"drawerName":null,"paper
Action.c(314):     Type":"Plain","paperSizeType":"A4","statusCode":3,"statusDescription":"Empty"},{"drawerNam
Action.c(314):     e":null,"paperType":"Plain","paperSizeType":"A4","statusCode":0,"statusDescription":"Norma
Action.c(314):     l"}],"printerType":0,"blackInkLevel":71,"cyanInkLevel":0,"magentaInkLevel":0,"yellowInkLev
Action.c(314):     el":0,"errorCode":"","errorDescription":null,"statusTime":"2018-09-18T17:10:48.743+08:00"}
Action.c(314):     ,{"printerID":"Upper","terminalID":null,"printerName":"Upper","printerModel":"Color","stat
Action.c(314):     usCode":0,"statusDescription":"Normal","reportDrawersInfo":[{"drawerName":null,"paperType"
Action.c(314):     :"Plain","paperSizeType":"A5","statusCode":3,"statusDescription":"Empty"},{"drawerName":nu
Action.c(314):     ll,"paperType":"Plain","paperSizeType":"A4","statusCode":0,"statusDescription":"Normal"}],
Action.c(314):     "printerType":1,"blackInkLevel":94,"cyanInkLevel":0,"magentaInkLevel":0,"yellowInkLevel":0
Action.c(314):     ,"errorCode":"","errorDescription":null,"statusTime":"2018-09-18T17:10:54.053+08:00"}],"er
Action.c(314):     rorCode":null,"errorDescription":null,"terminalType":2,"terminalEnabledFlag":1,"isFollowed
Action.c(314):     ":false},{"terminalID":"Terminal41","terminalName":"Terminal41","terminalIP":"10.184.129.4
Action.c(314):     1","terminalDescription":null,"terminalStatus":0,"terminalStatusLevel":"Normal","terminalS
Action.c(314):     tatusDescription":null,"terminalStatusTime":"2018-09-18T17:13:04.39+08:00","departmentIdLi
Action.c(314):     st":"3,12,4,5,6,7,8,9,10,11,1,2","checkTermianlState":false,"checkFilmState":false,"filmPr
Action.c(314):     interInfo":null,"reportPrintersInfo":[{"printerID":"Lower","terminalID":null,"printerName"
Action.c(314):     :"Lower","printerModel":"Mono","statusCode":0,"statusDescription":"Normal","reportDrawersI
Action.c(314):     nfo":[{"drawerName":null,"paperType":"Plain","paperSizeType":"A4","statusCode":3,"statusDe
Action.c(314):     scription":"Empty"},{"drawerName":null,"paperType":"Plain","paperSizeType":"A4","statusCod
Action.c(314):     e":0,"statusDescription":"Normal"}],"printerType":0,"blackInkLevel":71,"cyanInkLevel":0,"m
Action.c(314):     agentaInkLevel":0,"yellowInkLevel":0,"errorCode":"","errorDescription":null,"statusTime":"
Action.c(314):     2018-09-18T17:12:14.883+08:00"},{"printerID":"Upper","terminalID":null,"printerName":"Uppe
Action.c(314):     r","printerModel":"Color","statusCode":0,"statusDescription":"Normal","reportDrawersInfo":
Action.c(314):     [{"drawerName":null,"paperType":"Plain","paperSizeType":"A5","statusCode":3,"statusDescrip
Action.c(314):     tion":"Empty"},{"drawerName":null,"paperType":"Plain","paperSizeType":"A4","statusCode":0,
Action.c(314):     "statusDescription":"Normal"}],"printerType":1,"blackInkLevel":94,"cyanInkLevel":0,"magent
Action.c(314):     aInkLevel":0,"yellowInkLevel":0,"errorCode":"","errorDescription":null,"statusTime":"2018-
Action.c(314):     09-18T17:12:19.923+08:00"}],"errorCode":null,"errorDescription":null,"terminalType":2,"ter
Action.c(314):     minalEnabledFlag":1,"isFollowed":false},{"terminalID":"Terminal42","terminalName":"Termina
Action.c(314):     l42","terminalIP":"10.184.129.42","terminalDescription":null,"terminalStatus":0,"terminalS
Action.c(314):     tatusLevel":"Normal","terminalStatusDesc
Action.c(314): t=339ms: 4380-byte response body for "http://10.184.129.108/webapi/api/terminalmonitoring?userId=13" (RelFrameId=1, Internal ID=14)
Action.c(314):     ription":null,"terminalStatusTime":"2018-09-18T17:10:31.75+08:00","departmentIdList":"3,12
Action.c(314):     ,4,5,6,7,8,9,10,11,1,2","checkTermianlState":false,"checkFilmState":false,"filmPrinterInfo
Action.c(314):     ":null,"reportPrintersInfo":[{"printerID":"Lower","terminalID":null,"printerName":"Lower",
Action.c(314):     "printerModel":"Mono","statusCode":0,"statusDescription":"Normal","reportDrawersInfo":[{"d
Action.c(314):     rawerName":null,"paperType":"Plain","paperSizeType":"A4","statusCode":3,"statusDescription
Action.c(314):     ":"Empty"},{"drawerName":null,"paperType":"Plain","paperSizeType":"A4","statusCode":0,"sta
Action.c(314):     tusDescription":"Normal"}],"printerType":0,"blackInkLevel":71,"cyanInkLevel":0,"magentaInk
Action.c(314):     Level":0,"yellowInkLevel":0,"errorCode":"","errorDescription":null,"statusTime":"2018-09-1
Action.c(314):     8T17:09:41.853+08:00"},{"printerID":"Upper","terminalID":null,"printerName":"Upper","print
Action.c(314):     erModel":"Color","statusCode":0,"statusDescription":"Normal","reportDrawersInfo":[{"drawer
Action.c(314):     Name":null,"paperType":"Plain","paperSizeType":"A5","statusCode":3,"statusDescription":"Em
Action.c(314):     pty"},{"drawerName":null,"paperType":"Plain","paperSizeType":"A4","statusCode":0,"statusDe
Action.c(314):     scription":"Normal"}],"printerType":1,"blackInkLevel":94,"cyanInkLevel":0,"magentaInkLevel
Action.c(314):     ":0,"yellowInkLevel":0,"errorCode":"","errorDescription":null,"statusTime":"2018-09-18T17:
Action.c(314):     09:46.89+08:00"}],"errorCode":null,"errorDescription":null,"terminalType":2,"terminalEnabl
Action.c(314):     edFlag":1,"isFollowed":false},{"terminalID":"Terminal43","terminalName":"Terminal43","term
Action.c(314):     inalIP":"10.184.129.43","terminalDescription":null,"terminalStatus":0,"terminalStatusLevel
Action.c(314):     ":"Normal","terminalStatusDescription":null,"terminalStatusTime":"2018-09-18T17:11:54.503+
Action.c(314):     08:00","departmentIdList":"3,12,4,5,6,7,8,9,10,11,1,2","checkTermianlState":false,"checkFi
Action.c(314):     lmState":false,"filmPrinterInfo":null,"reportPrintersInfo":[{"printerID":"Lower","terminal
Action.c(314):     ID":null,"printerName":"Lower","printerModel":"Mono","statusCode":0,"statusDescription":"N
Action.c(314):     ormal","reportDrawersInfo":[{"drawerName":null,"paperType":"Plain","paperSizeType":"A4","s
Action.c(314):     tatusCode":3,"statusDescription":"Empty"},{"drawerName":null,"paperType":"Plain","paperSiz
Action.c(314):     eType":"A4","statusCode":0,"statusDescription":"Normal"}],"printerType":0,"blackInkLevel":
Action.c(314):     71,"cyanInkLevel":0,"magentaInkLevel":0,"yellowInkLevel":0,"errorCode":"","errorDescriptio
Action.c(314):     n":null,"statusTime":"2018-09-18T17:11:05.017+08:00"},{"printerID":"Upper","terminalID":nu
Action.c(314):     ll,"printerName":"Upper","printerModel":"Color","statusCode":0,"statusDescription":"Normal
Action.c(314):     ","reportDrawersInfo":[{"drawerName":null,"paperType":"Plain","paperSizeType":"A5","status
Action.c(314):     Code":3,"statusDescription":"Empty"},{"drawerName":null,"paperType":"Plain","paperSizeType
Action.c(314):     ":"A4","statusCode":0,"statusDescription":"Normal"}],"printerType":1,"blackInkLevel":94,"c
Action.c(314):     yanInkLevel":0,"magentaInkLevel":0,"yellowInkLevel":0,"errorCode":"","errorDescription":nu
Action.c(314):     ll,"statusTime":"2018-09-18T17:11:10.013+08:00"}],"errorCode":null,"errorDescription":null
Action.c(314):     ,"terminalType":2,"terminalEnabledFlag":1,"isFollowed":false},{"terminalID":"Terminal44","
Action.c(314):     terminalName":"Terminal44","terminalIP":"10.184.129.44","terminalDescription":null,"termin
Action.c(314):     alStatus":0,"terminalStatusLevel":"Normal","terminalStatusDescription":null,"terminalStatu
Action.c(314):     sTime":"2018-09-18T17:13:18.497+08:00","departmentIdList":"3,12,4,5,6,7,8,9,10,11,1,2","ch
Action.c(314):     eckTermianlState":false,"checkFilmState":false,"filmPrinterInfo":null,"reportPrintersInfo"
Action.c(314):     :[{"printerID":"Lower","terminalID":null,"printerName":"Lower","printerModel":"Mono","stat
Action.c(314):     usCode":0,"statusDescription":"Normal","reportDrawersInfo":[{"drawerName":null,"paperType"
Action.c(314):     :"Plain","paperSizeType":"A4","statusCode":3,"statusDescription":"Empty"},{"drawerName":nu
Action.c(314):     ll,"paperType":"Plain","paperSizeType":"A4","statusCode":0,"statusDescription":"Normal"}],
Action.c(314):     "printerType":0,"blackInkLevel":71,"cyanInkLevel":0,"magentaInkLevel":0,"yellowInkLevel":0
Action.c(314):     ,"errorCode":"","errorDescription":null,"statusTime":"2018-09-18T17:12:28.693+08:00"},{"pr
Action.c(314):     interID":"Upper","terminalID":null,"printerName":"Upper","printerModel":"Color","statusCod
Action.c(314):     e":0,"statusDescription":"Normal","reportDrawersInfo":[{"drawerName":null,"paperType":"Pla
Action.c(314):     in","paperSizeType":"A5","statusCode":3,"statusDescription":"Empty"},{"drawerName":null,"p
Action.c(314):     aperType":"Plain","paperSizeType":"A4","statusCode":0,"statusDescription":"Normal"}],"prin
Action.c(314):     terType":1,"blackInkLevel":94,"cyanInkLevel":0,"magentaInkLevel":0,"yellowInkLevel":0,"err
Action.c(314):     orCode":"","errorDescription":null,"statusTime":"2018-09-18T
Action.c(314): t=339ms: 1460-byte response body for "http://10.184.129.108/webapi/api/terminalmonitoring?userId=13" (RelFrameId=1, Internal ID=14)
Action.c(314):     17:12:34.08+08:00"}],"errorCode":null,"errorDescription":null,"terminalType":2,"terminalEn
Action.c(314):     abledFlag":1,"isFollowed":false},{"terminalID":"Terminal45","terminalName":"Terminal45","t
Action.c(314):     erminalIP":"10.184.129.45","terminalDescription":null,"terminalStatus":0,"terminalStatusLe
Action.c(314):     vel":"Normal","terminalStatusDescription":null,"terminalStatusTime":"2018-09-18T17:14:36.8
Action.c(314):     27+08:00","departmentIdList":"3,12,4,5,6,7,8,9,10,11,1,2","checkTermianlState":false,"chec
Action.c(314):     kFilmState":false,"filmPrinterInfo":null,"reportPrintersInfo":[{"printerID":"Lower","termi
Action.c(314):     nalID":null,"printerName":"Lower","printerModel":"Mono","statusCode":0,"statusDescription"
Action.c(314):     :"Normal","reportDrawersInfo":[{"drawerName":null,"paperType":"Plain","paperSizeType":"A4"
Action.c(314):     ,"statusCode":3,"statusDescription":"Empty"},{"drawerName":null,"paperType":"Plain","paper
Action.c(314):     SizeType":"A4","statusCode":0,"statusDescription":"Normal"}],"printerType":0,"blackInkLeve
Action.c(314):     l":71,"cyanInkLevel":0,"magentaInkLevel":0,"yellowInkLevel":0,"errorCode":"","errorDescrip
Action.c(314):     tion":null,"statusTime":"2018-09-18T17:13:47.003+08:00"},{"printerID":"Upper","terminalID"
Action.c(314):     :null,"printerName":"Upper","printerModel":"Color","statusCode":0,"statusDescription":"Nor
Action.c(314):     mal","reportDrawersInfo":[{"drawerName":null,"paperType":"Plain","paperSizeType":"A5","sta
Action.c(314):     tusCode":3,"statusDescription":"Empty"},{"drawerName":null,"paperType":"Plain","paperSizeT
Action.c(314):     ype":"A4","statusCode":0,"statusDescription":"Normal"}],"printerType":1,"blackInkLevel":94
Action.c(314):     ,"cyanInkLevel":0,"m
Action.c(314): t=339ms: 2920-byte response body for "http://10.184.129.108/webapi/api/terminalmonitoring?userId=13" (RelFrameId=1, Internal ID=14)
Action.c(314):     agentaInkLevel":0,"yellowInkLevel":0,"errorCode":"","errorDescription":null,"statusTime":"
Action.c(314):     2018-09-18T17:13:52.03+08:00"}],"errorCode":null,"errorDescription":null,"terminalType":2,
Action.c(314):     "terminalEnabledFlag":1,"isFollowed":false},{"terminalID":"Terminal46","terminalName":"Ter
Action.c(314):     minal46","terminalIP":"10.184.129.46","terminalDescription":null,"terminalStatus":0,"termi
Action.c(314):     nalStatusLevel":"Normal","terminalStatusDescription":null,"terminalStatusTime":"2018-09-18
Action.c(314):     T17:16:00.203+08:00","departmentIdList":"3,12,4,5,6,7,8,9,10,11,1,2","checkTermianlState":
Action.c(314):     false,"checkFilmState":false,"filmPrinterInfo":null,"reportPrintersInfo":[{"printerID":"Lo
Action.c(314):     wer","terminalID":null,"printerName":"Lower","printerModel":"Mono","statusCode":0,"statusD
Action.c(314):     escription":"Normal","reportDrawersInfo":[{"drawerName":null,"paperType":"Plain","paperSiz
Action.c(314):     eType":"A4","statusCode":3,"statusDescription":"Empty"},{"drawerName":null,"paperType":"Pl
Action.c(314):     ain","paperSizeType":"A4","statusCode":0,"statusDescription":"Normal"}],"printerType":0,"b
Action.c(314):     lackInkLevel":71,"cyanInkLevel":0,"magentaInkLevel":0,"yellowInkLevel":0,"errorCode":"","e
Action.c(314):     rrorDescription":null,"statusTime":"2018-09-18T17:15:10.7+08:00"},{"printerID":"Upper","te
Action.c(314):     rminalID":null,"printerName":"Upper","printerModel":"Color","statusCode":0,"statusDescript
Action.c(314):     ion":"Normal","reportDrawersInfo":[{"drawerName":null,"paperType":"Plain","paperSizeType":
Action.c(314):     "A5","statusCode":3,"statusDescription":"Empty"},{"drawerName":null,"paperType":"Plain","p
Action.c(314):     aperSizeType":"A4","statusCode":0,"statusDescription":"Normal"}],"printerType":1,"blackInk
Action.c(314):     Level":94,"cyanInkLevel":0,"magentaInkLevel":0,"yellowInkLevel":0,"errorCode":"","errorDes
Action.c(314):     cription":null,"statusTime":"2018-09-18T17:15:15.723+08:00"}],"errorCode":null,"errorDescr
Action.c(314):     iption":null,"terminalType":2,"terminalEnabledFlag":1,"isFollowed":false},{"terminalID":"T
Action.c(314):     erminal47","terminalName":"Terminal47","terminalIP":"10.184.129.47","terminalDescription":
Action.c(314):     null,"terminalStatus":0,"terminalStatusLevel":"Normal","terminalStatusDescription":null,"t
Action.c(314):     erminalStatusTime":"2018-09-18T17:17:14.993+08:00","departmentIdList":"3,12,4,5,6,7,8,9,10
Action.c(314):     ,11,1,2","checkTermianlState":false,"checkFilmState":false,"filmPrinterInfo":null,"reportP
Action.c(314):     rintersInfo":[{"printerID":"Lower","terminalID":null,"printerName":"Lower","printerModel":
Action.c(314):     "Mono","statusCode":0,"statusDescription":"Normal","reportDrawersInfo":[{"drawerName":null
Action.c(314):     ,"paperType":"Plain","paperSizeType":"A4","statusCode":3,"statusDescription":"Empty"},{"dr
Action.c(314):     awerName":null,"paperType":"Plain","paperSizeType":"A4","statusCode":0,"statusDescription"
Action.c(314):     :"Normal"}],"printerType":0,"blackInkLevel":71,"cyanInkLevel":0,"magentaInkLevel":0,"yello
Action.c(314):     wInkLevel":0,"errorCode":"","errorDescription":null,"statusTime":"2018-09-18T17:16:25.057+
Action.c(314):     08:00"},{"printerID":"Upper","terminalID":null,"printerName":"Upper","printerModel":"Color
Action.c(314):     ","statusCode":0,"statusDescription":"Normal","reportDrawersInfo":[{"drawerName":null,"pap
Action.c(314):     erType":"Plain","paperSizeType":"A5","st
Action.c(314): t=340ms: 4380-byte response body for "http://10.184.129.108/webapi/api/terminalmonitoring?userId=13" (RelFrameId=1, Internal ID=14)
Action.c(314):     atusCode":3,"statusDescription":"Empty"},{"drawerName":null,"paperType":"Plain","paperSize
Action.c(314):     Type":"A4","statusCode":0,"statusDescription":"Normal"}],"printerType":1,"blackInkLevel":9
Action.c(314):     4,"cyanInkLevel":0,"magentaInkLevel":0,"yellowInkLevel":0,"errorCode":"","errorDescription
Action.c(314):     ":null,"statusTime":"2018-09-18T17:16:30.183+08:00"}],"errorCode":null,"errorDescription":
Action.c(314):     null,"terminalType":2,"terminalEnabledFlag":1,"isFollowed":false},{"terminalID":"Terminal4
Action.c(314):     8","terminalName":"Terminal48","terminalIP":"10.184.129.48","terminalDescription":null,"te
Action.c(314):     rminalStatus":0,"terminalStatusLevel":"Normal","terminalStatusDescription":null,"terminalS
Action.c(314):     tatusTime":"2018-09-18T17:16:13.39+08:00","departmentIdList":"3,12,4,5,6,7,8,9,10,11,1,2",
Action.c(314):     "checkTermianlState":false,"checkFilmState":false,"filmPrinterInfo":null,"reportPrintersIn
Action.c(314):     fo":[{"printerID":"Lower","terminalID":null,"printerName":"Lower","printerModel":"Mono","s
Action.c(314):     tatusCode":0,"statusDescription":"Normal","reportDrawersInfo":[{"drawerName":null,"paperTy
Action.c(314):     pe":"Plain","paperSizeType":"A4","statusCode":3,"statusDescription":"Empty"},{"drawerName"
Action.c(314):     :null,"paperType":"Plain","paperSizeType":"A4","statusCode":0,"statusDescription":"Normal"
Action.c(314):     }],"printerType":0,"blackInkLevel":71,"cyanInkLevel":0,"magentaInkLevel":0,"yellowInkLevel
Action.c(314):     ":0,"errorCode":"","errorDescription":null,"statusTime":"2018-09-18T17:15:23.877+08:00"},{
Action.c(314):     "printerID":"Upper","terminalID":null,"printerName":"Upper","printerModel":"Color","status
Action.c(314):     Code":0,"statusDescription":"Normal","reportDrawersInfo":[{"drawerName":null,"paperType":"
Action.c(314):     Plain","paperSizeType":"A5","statusCode":3,"statusDescription":"Empty"},{"drawerName":null
Action.c(314):     ,"paperType":"Plain","paperSizeType":"A4","statusCode":0,"statusDescription":"Normal"}],"p
Action.c(314):     rinterType":1,"blackInkLevel":94,"cyanInkLevel":0,"magentaInkLevel":0,"yellowInkLevel":0,"
Action.c(314):     errorCode":"","errorDescription":null,"statusTime":"2018-09-18T17:15:28.893+08:00"}],"erro
Action.c(314):     rCode":null,"errorDescription":null,"terminalType":2,"terminalEnabledFlag":1,"isFollowed":
Action.c(314):     false},{"terminalID":"Terminal49","terminalName":"Terminal49","terminalIP":"10.184.129.49"
Action.c(314):     ,"terminalDescription":null,"terminalStatus":0,"terminalStatusLevel":"Normal","terminalSta
Action.c(314):     tusDescription":null,"terminalStatusTime":"2018-09-18T17:17:43.657+08:00","departmentIdLis
Action.c(314):     t":"3,12,4,5,6,7,8,9,10,11,1,2","checkTermianlState":false,"checkFilmState":false,"filmPri
Action.c(314):     nterInfo":null,"reportPrintersInfo":[{"printerID":"Lower","terminalID":null,"printerName":
Action.c(314):     "Lower","printerModel":"Mono","statusCode":0,"statusDescription":"Normal","reportDrawersIn
Action.c(314):     fo":[{"drawerName":null,"paperType":"Plain","paperSizeType":"A4","statusCode":3,"statusDes
Action.c(314):     cription":"Empty"},{"drawerName":null,"paperType":"Plain","paperSizeType":"A4","statusCode
Action.c(314):     ":0,"statusDescription":"Normal"}],"printerType":0,"blackInkLevel":71,"cyanInkLevel":0,"ma
Action.c(314):     gentaInkLevel":0,"yellowInkLevel":0,"errorCode":"","errorDescription":null,"statusTime":"2
Action.c(314):     018-09-18T17:16:53.937+08:00"},{"printerID":"Upper","terminalID":null,"printerName":"Upper
Action.c(314):     ","printerModel":"Color","statusCode":0,"statusDescription":"Normal","reportDrawersInfo":[
Action.c(314):     {"drawerName":null,"paperType":"Plain","paperSizeType":"A5","statusCode":3,"statusDescript
Action.c(314):     ion":"Empty"},{"drawerName":null,"paperType":"Plain","paperSizeType":"A4","statusCode":0,"
Action.c(314):     statusDescription":"Normal"}],"printerType":1,"blackInkLevel":94,"cyanInkLevel":0,"magenta
Action.c(314):     InkLevel":0,"yellowInkLevel":0,"errorCode":"","errorDescription":null,"statusTime":"2018-0
Action.c(314):     9-18T17:16:58.97+08:00"}],"errorCode":null,"errorDescription":null,"terminalType":2,"termi
Action.c(314):     nalEnabledFlag":1,"isFollowed":false},{"terminalID":"Terminal5","terminalName":"Terminal5"
Action.c(314):     ,"terminalIP":"10.184.129.5","terminalDescription":null,"terminalStatus":0,"terminalStatus
Action.c(314):     Level":"Normal","terminalStatusDescription":null,"terminalStatusTime":"2018-09-18T17:10:49
Action.c(314):     .437+08:00","departmentIdList":"3,12,4,5,6,7,8,9,10,11,1,2","checkTermianlState":false,"ch
Action.c(314):     eckFilmState":false,"filmPrinterInfo":null,"reportPrintersInfo":[{"printerID":"Lower","ter
Action.c(314):     minalID":null,"printerName":"Lower","printerModel":"Mono","statusCode":0,"statusDescriptio
Action.c(314):     n":"Normal","reportDrawersInfo":[{"drawerName":null,"paperType":"Plain","paperSizeType":"A
Action.c(314):     4","statusCode":3,"statusDescription":"Empty"},{"drawerName":null,"paperType":"Plain","pap
Action.c(314):     erSizeType":"A4","statusCode":0,"statusDescription":"Normal"}],"printerType":0,"blackInkLe
Action.c(314):     vel":71,"cyanInkLevel":0,"magentaInkLevel":0,"yellowInkLevel
Action.c(314): t=340ms: 1460-byte response body for "http://10.184.129.108/webapi/api/terminalmonitoring?userId=13" (RelFrameId=1, Internal ID=14)
Action.c(314):     ":0,"errorCode":"","errorDescription":null,"statusTime":"2018-09-18T17:10:00.377+08:00"},{
Action.c(314):     "printerID":"Upper","terminalID":null,"printerName":"Upper","printerModel":"Color","status
Action.c(314):     Code":0,"statusDescription":"Normal","reportDrawersInfo":[{"drawerName":null,"paperType":"
Action.c(314):     Plain","paperSizeType":"A5","statusCode":3,"statusDescription":"Empty"},{"drawerName":null
Action.c(314):     ,"paperType":"Plain","paperSizeType":"A4","statusCode":0,"statusDescription":"Normal"}],"p
Action.c(314):     rinterType":1,"blackInkLevel":94,"cyanInkLevel":0,"magentaInkLevel":0,"yellowInkLevel":0,"
Action.c(314):     errorCode":"","errorDescription":null,"statusTime":"2018-09-18T17:10:05.417+08:00"}],"erro
Action.c(314):     rCode":null,"errorDescription":null,"terminalType":2,"terminalEnabledFlag":1,"isFollowed":
Action.c(314):     false},{"terminalID":"Terminal50","terminalName":"Terminal50","terminalIP":"10.184.129.50"
Action.c(314):     ,"terminalDescription":null,"terminalStatus":0,"terminalStatusLevel":"Normal","terminalSta
Action.c(314):     tusDescription":null,"terminalStatusTime":"2018-09-18T17:12:09.26+08:00","departmentIdList
Action.c(314):     ":"3,12,4,5,6,7,8,9,10,11,1,2","checkTermianlState":false,"checkFilmState":false,"filmPrin
Action.c(314):     terInfo":null,"reportPrintersInfo":[{"printerID":"Lower","terminalID":null,"printerName":"
Action.c(314):     Lower","printerModel":"Mono","statusCode":0,"statusDescription":"Normal","reportDrawersInf
Action.c(314):     o":[{"drawerName":null,"paperType":"Plain","paperSizeType":"A4","statusCode":3,"statusDesc
Action.c(314):     ription":"Empty"},{"drawerName":null,"paperType":"Plain","paperSizeType":"A4","statusCode"
Action.c(314):     :0,"statusDescriptio
Action.c(314): t=340ms: 2920-byte response body for "http://10.184.129.108/webapi/api/terminalmonitoring?userId=13" (RelFrameId=1, Internal ID=14)
Action.c(314):     n":"Normal"}],"printerType":0,"blackInkLevel":71,"cyanInkLevel":0,"magentaInkLevel":0,"yel
Action.c(314):     lowInkLevel":0,"errorCode":"","errorDescription":null,"statusTime":"2018-09-18T17:11:19.86
Action.c(314):     +08:00"},{"printerID":"Upper","terminalID":null,"printerName":"Upper","printerModel":"Colo
Action.c(314):     r","statusCode":0,"statusDescription":"Normal","reportDrawersInfo":[{"drawerName":null,"pa
Action.c(314):     perType":"Plain","paperSizeType":"A5","statusCode":3,"statusDescription":"Empty"},{"drawer
Action.c(314):     Name":null,"paperType":"Plain","paperSizeType":"A4","statusCode":0,"statusDescription":"No
Action.c(314):     rmal"}],"printerType":1,"blackInkLevel":94,"cyanInkLevel":0,"magentaInkLevel":0,"yellowInk
Action.c(314):     Level":0,"errorCode":"","errorDescription":null,"statusTime":"2018-09-18T17:11:25.07+08:00
Action.c(314):     "}],"errorCode":null,"errorDescription":null,"terminalType":2,"terminalEnabledFlag":1,"isF
Action.c(314):     ollowed":false},{"terminalID":"Terminal6","terminalName":"Terminal6","terminalIP":"10.184.
Action.c(314):     129.6","terminalDescription":null,"terminalStatus":0,"terminalStatusLevel":"Normal","termi
Action.c(314):     nalStatusDescription":null,"terminalStatusTime":"2018-09-18T17:13:36.663+08:00","departmen
Action.c(314):     tIdList":"3,12,4,5,6,7,8,9,10,11,1,2","checkTermianlState":false,"checkFilmState":false,"f
Action.c(314):     ilmPrinterInfo":null,"reportPrintersInfo":[{"printerID":"Lower","terminalID":null,"printer
Action.c(314):     Name":"Lower","printerModel":"Mono","statusCode":0,"statusDescription":"Normal","reportDra
Action.c(314):     wersInfo":[{"drawerName":null,"paperType":"Plain","paperSizeType":"A4","statusCode":3,"sta
Action.c(314):     tusDescription":"Empty"},{"drawerName":null,"paperType":"Plain","paperSizeType":"A4","stat
Action.c(314):     usCode":0,"statusDescription":"Normal"}],"printerType":0,"blackInkLevel":71,"cyanInkLevel"
Action.c(314):     :0,"magentaInkLevel":0,"yellowInkLevel":0,"errorCode":"","errorDescription":null,"statusTi
Action.c(314):     me":"2018-09-18T17:12:47.067+08:00"},{"printerID":"Upper","terminalID":null,"printerName":
Action.c(314):     "Upper","printerModel":"Color","statusCode":0,"statusDescription":"Normal","reportDrawersI
Action.c(314):     nfo":[{"drawerName":null,"paperType":"Plain","paperSizeType":"A5","statusCode":3,"statusDe
Action.c(314):     scription":"Empty"},{"drawerName":null,"paperType":"Plain","paperSizeType":"A4","statusCod
Action.c(314):     e":0,"statusDescription":"Normal"}],"printerType":1,"blackInkLevel":94,"cyanInkLevel":0,"m
Action.c(314):     agentaInkLevel":0,"yellowInkLevel":0,"errorCode":"","errorDescription":null,"statusTime":"
Action.c(314):     2018-09-18T17:12:52.083+08:00"}],"errorCode":null,"errorDescription":null,"terminalType":2
Action.c(314):     ,"terminalEnabledFlag":1,"isFollowed":false},{"terminalID":"Terminal7","terminalName":"Ter
Action.c(314):     minal7","terminalIP":"10.184.129.7","terminalDescription":null,"terminalStatus":0,"termina
Action.c(314):     lStatusLevel":"Normal","terminalStatusDescription":null,"terminalStatusTime":"2018-09-18T1
Action.c(314):     7:15:00.56+08:00","departmentIdList":"3,12,4,5,6,7,8,9,10,11,1,2","checkTermianlState":fal
Action.c(314):     se,"checkFilmState":false,"filmPrinterInfo":null,"reportPrintersInfo":[{"printerID":"Lower
Action.c(314):     ","terminalID":null,"printerName":"Lower","printerModel":"Mono","statusCode":0,"statusDesc
Action.c(314):     ription":"Normal","reportDrawersInfo":[{
Action.c(314): t=341ms: 1460-byte response body for "http://10.184.129.108/webapi/api/terminalmonitoring?userId=13" (RelFrameId=1, Internal ID=14)
Action.c(314):     "drawerName":null,"paperType":"Plain","paperSizeType":"A4","statusCode":3,"statusDescripti
Action.c(314):     on":"Empty"},{"drawerName":null,"paperType":"Plain","paperSizeType":"A4","statusCode":0,"s
Action.c(314):     tatusDescription":"Normal"}],"printerType":0,"blackInkLevel":71,"cyanInkLevel":0,"magentaI
Action.c(314):     nkLevel":0,"yellowInkLevel":0,"errorCode":"","errorDescription":null,"statusTime":"2018-09
Action.c(314):     -18T17:14:11.177+08:00"},{"printerID":"Upper","terminalID":null,"printerName":"Upper","pri
Action.c(314):     nterModel":"Color","statusCode":0,"statusDescription":"Normal","reportDrawersInfo":[{"draw
Action.c(314):     erName":null,"paperType":"Plain","paperSizeType":"A5","statusCode":3,"statusDescription":"
Action.c(314):     Empty"},{"drawerName":null,"paperType":"Plain","paperSizeType":"A4","statusCode":0,"status
Action.c(314):     Description":"Normal"}],"printerType":1,"blackInkLevel":94,"cyanInkLevel":0,"magentaInkLev
Action.c(314):     el":0,"yellowInkLevel":0,"errorCode":"","errorDescription":null,"statusTime":"2018-09-18T1
Action.c(314):     7:14:16.19+08:00"}],"errorCode":null,"errorDescription":null,"terminalType":2,"terminalEna
Action.c(314):     bledFlag":1,"isFollowed":false},{"terminalID":"Terminal8","terminalName":"Terminal8","term
Action.c(314):     inalIP":"10.184.129.8","terminalDescription":null,"terminalStatus":1,"terminalStatusLevel"
Action.c(314):     :"Error","terminalStatusDescription":null,"terminalStatusTime":null,"departmentIdList":"3,
Action.c(314):     12,4,5,6,7,8,9,10,11,1,2","checkTermianlState":false,"checkFilmState":false,"filmPrinterIn
Action.c(314):     fo":null,"reportPrintersInfo":[],"errorCode":"80005018","errorDescription":null,"terminalT
Action.c(314):     ype":2,"terminalEnab
Action.c(314): t=341ms: 1720-byte response body for "http://10.184.129.108/webapi/api/terminalmonitoring?userId=13" (RelFrameId=1, Internal ID=14)
Action.c(314):     ledFlag":1,"isFollowed":false},{"terminalID":"Terminal9","terminalName":"Terminal9","termi
Action.c(314):     nalIP":"10.184.129.9","terminalDescription":null,"terminalStatus":1,"terminalStatusLevel":
Action.c(314):     "Error","terminalStatusDescription":null,"terminalStatusTime":null,"departmentIdList":"3,1
Action.c(314):     2,4,5,6,7,8,9,10,11,1,2","checkTermianlState":false,"checkFilmState":false,"filmPrinterInf
Action.c(314):     o":null,"reportPrintersInfo":[],"errorCode":"80005018","errorDescription":null,"terminalTy
Action.c(314):     pe":2,"terminalEnabledFlag":1,"isFollowed":false},{"terminalID":"YF","terminalName":"YF","
Action.c(314):     terminalIP":"1.1.1.3","terminalDescription":"","terminalStatus":0,"terminalStatusLevel":"N
Action.c(314):     ormal","terminalStatusDescription":null,"terminalStatusTime":null,"departmentIdList":"3,12
Action.c(314):     ,4,5,6,7,8,9,10,11,1,2","checkTermianlState":false,"checkFilmState":false,"filmPrinterInfo
Action.c(314):     ":{"filmPrinterID":25,"filmPrinterName":null,"filmPrinterModel":"Unknown","filmPrinterPrin
Action.c(314):     tState":null,"filmDrawers":[{"mediaType":"Unknown","mediaSize":"Unknown","mediaStatusLevel
Action.c(314):     ":"Warning","totalFilmCount":125,"availableFilmCount":0,"availablePercentage":0},{"mediaTy
Action.c(314):     pe":"Unknown","mediaSize":"Unknown","mediaStatusLevel":"Warning","totalFilmCount":125,"ava
Action.c(314):     ilableFilmCount":0,"availablePercentage":0},{"mediaType":"Unknown","mediaSize":"Unknown","
Action.c(314):     mediaStatusLevel":"Warning","totalFilmCount":125,"availableFilmCount":0,"availablePercenta
Action.c(314):     ge":0}],"filmPrinterStatus":8,"statusCode":null,"filmPrinterStatusLevel":"Warning","status
Action.c(314):     Description":null,"filmPrinterStatusTime":null,"errorCode":null,"errorDescription":null,"r
Action.c(314):     awErrorCodes":null,"pmDate":null,"pmCount":null,"frCount":null},"reportPrintersInfo":[],"e
Action.c(314):     rrorCode":null,"errorDescription":null,"terminalType":1,"terminalEnabledFlag":1,"isFollowe
Action.c(314):     d":false}]
Action.c(314): web_custom_request("terminalmonitoring") highest severity level was "warning", 88895 body bytes, 261 header bytes  	[MsgId: MMSG-26388]
Action.c(325): web_url("CheckLoginStatus_5") started  	[MsgId: MMSG-26355]
Action.c(325): t=348ms: 251-byte response headers for "http://10.184.129.108/Platform/Account/CheckLoginStatus" (RelFrameId=1, Internal ID=15)
Action.c(325):     HTTP/1.1 200 OK\r\n
Action.c(325):     Cache-Control: private\r\n
Action.c(325):     Content-Type: application/json; charset=utf-8\r\n
Action.c(325):     Server: Microsoft-IIS/7.5\r\n
Action.c(325):     X-AspNetMvc-Version: 5.2\r\n
Action.c(325):     X-AspNet-Version: 4.0.30319\r\n
Action.c(325):     X-Powered-By: ASP.NET\r\n
Action.c(325):     Date: Tue, 18 Sep 2018 09:48:53 GMT\r\n
Action.c(325):     Content-Length: 4\r\n
Action.c(325):     \r\n
Action.c(325): t=348ms: 4-byte response body for "http://10.184.129.108/Platform/Account/CheckLoginStatus" (RelFrameId=1, Internal ID=15)
Action.c(325):     true
Action.c(325): HTML parsing not performed for Content-Type "application/json" ("ParseHtmlContentType" Run-Time Setting is "TEXT"). URL="http://10.184.129.108/Platform/Account/CheckLoginStatus"  	[MsgId: MMSG-26548]
Action.c(325): web_url("CheckLoginStatus_5") was successful, 4 body bytes, 251 header bytes  	[MsgId: MMSG-26386]
Action.c(341): Notify: Transaction "User_login" ended with a "Pass" status (Duration: 0.1846 Wasted Time: 0.0003).	[MsgId: MMSG-16871]
Action.c(351): Notify: Transaction "ExpandFilmRecord" started.	[MsgId: MMSG-16999]
Action.c(353): web_custom_request("web_custom_request") started  	[MsgId: MMSG-26355]
Action.c(353): Notify: Parameter Substitution: parameter "Query_filminfo" =  "A20180912165756908"	[MsgId: MMSG-13992]
Action.c(353): t=31252ms: 278-byte response headers for "http://10.184.129.108/webapi/api/worklist/filmInfo?accessionNumber=A20180912165756908" (RelFrameId=1, Internal ID=16)
Action.c(353):     HTTP/1.1 500 NullReferenceException\r\n
Action.c(353):     Cache-Control: no-cache\r\n
Action.c(353):     Pragma: no-cache\r\n
Action.c(353):     Content-Type: application/json; charset=utf-8\r\n
Action.c(353):     Expires: -1\r\n
Action.c(353):     Server: Microsoft-IIS/7.5\r\n
Action.c(353):     X-AspNet-Version: 4.0.30319\r\n
Action.c(353):     X-Powered-By: ASP.NET\r\n
Action.c(353):     Date: Tue, 18 Sep 2018 09:49:24 GMT\r\n
Action.c(353):     Content-Length: 99\r\n
Action.c(353):     \r\n
Action.c(353): t=31252ms: 99-byte response body for "http://10.184.129.108/webapi/api/worklist/filmInfo?accessionNumber=A20180912165756908" (RelFrameId=1, Internal ID=16)
Action.c(353):     {"name":"NullReferenceException","message":"Object reference not set to an instance of an 
Action.c(353):     object."}
Action.c(353): Continuing after Error -26612: HTTP Status-Code=500 (NullReferenceException) for "http://10.184.129.108/webapi/api/worklist/filmInfo?accessionNumber=A20180912165756908"  	[MsgId: MERR-26612]
End auto log messages stack.	[MsgId: MMSG-10544]


