Start auto log messages stack - Iteration 22.	[MsgId: MMSG-10545]
Starting action Action.	[MsgId: MMSG-15919]
Action.c(6): web_set_max_html_param_len started  	[MsgId: MMSG-26355]
Action.c(6): web_set_max_html_param_len was successful  	[MsgId: MMSG-26392]
Action.c(8): web_url("Platform") started  	[MsgId: MMSG-26355]
Action.c(8): Continuing after Error -27792: Failed to connect to server "10.184.129.108:80": [10048] Address already in use
Try changing the registry value 
HKEY_LOCAL_MACHINE\System\CurrentControlSet\Services\tcpip\Parameters\TcpTimedWaitDelay to 30
and HKEY_LOCAL_MACHINE\System\CurrentControlSet\Services\tcpip\Parameters\MaxUserPort to 65534
and rebooting the machine
See the readme.doc file for more information  	[MsgId: MERR-27792]
End auto log messages stack.	[MsgId: MMSG-10544]


Start auto log messages stack - Iteration 22.	[MsgId: MMSG-10545]
Action.c(8): web_url("Platform") highest severity level was "continue on error", 0 body bytes, 0 header bytes  	[MsgId: MMSG-26388]
Action.c(8): Continuing after error in Vuser script.	[MsgId: MMSG-10678]
Action.c(87): web_url("login-view.html") started  	[MsgId: MMSG-26355]
Action.c(87): Continuing after Error -27792: Failed to connect to server "10.184.129.108:80": [10048] Address already in use
Try changing the registry value 
HKEY_LOCAL_MACHINE\System\CurrentControlSet\Services\tcpip\Parameters\TcpTimedWaitDelay to 30
and HKEY_LOCAL_MACHINE\System\CurrentControlSet\Services\tcpip\Parameters\MaxUserPort to 65534
and rebooting the machine
See the readme.doc file for more information  	[MsgId: MERR-27792]
End auto log messages stack.	[MsgId: MMSG-10544]


