Start auto log messages stack - Iteration 52.	[MsgId: MMSG-10545]
Starting action Action.	[MsgId: MMSG-15919]
Action.c(6): web_set_max_html_param_len started  	[MsgId: MMSG-26355]
Action.c(6): web_set_max_html_param_len was successful  	[MsgId: MMSG-26392]
Action.c(8): web_url("Platform") started  	[MsgId: MMSG-26355]
Action.c(8): web_url("Platform") was successful, 9207 body bytes, 247 header bytes  	[MsgId: MMSG-26386]
Action.c(87): web_url("login-view.html") started  	[MsgId: MMSG-26355]
Action.c(87): web_url("login-view.html") was successful, 6207 body bytes, 247 header bytes  	[MsgId: MMSG-26386]
Action.c(99): web_reg_save_param started  	[MsgId: MMSG-26355]
Action.c(99): Registering web_reg_save_param was successful  	[MsgId: MMSG-26390]
Action.c(104): web_reg_save_param started  	[MsgId: MMSG-26355]
Action.c(104): Registering web_reg_save_param was successful  	[MsgId: MMSG-26390]
Action.c(109): web_reg_save_param started  	[MsgId: MMSG-26355]
Action.c(109): Registering web_reg_save_param was successful  	[MsgId: MMSG-26390]
Action.c(114): Notify: Transaction "User_login" started.	[MsgId: MMSG-16999]
Action.c(116): web_custom_request("login") started  	[MsgId: MMSG-26355]
Action.c(116): HTML parsing not performed for Content-Type "application/json" ("ParseHtmlContentType" Run-Time Setting is "TEXT"). URL="http://10.184.129.108/Platform/account/login"  	[MsgId: MMSG-26548]
Action.c(116): web_custom_request("login") was successful, 78 body bytes, 1676 header bytes  	[MsgId: MMSG-26386]
Action.c(127): web_add_cookie started  	[MsgId: MMSG-26355]
Action.c(127): web_add_cookie was successful  	[MsgId: MMSG-26392]
Action.c(128): web_add_cookie started  	[MsgId: MMSG-26355]
Action.c(128): web_add_cookie was successful  	[MsgId: MMSG-26392]
Action.c(138): web_url("login_2") started  	[MsgId: MMSG-26355]
Action.c(138): Redirecting "http://10.184.129.108/Platform//account/login" (redirection depth is 0)  	[MsgId: MMSG-26694]
Action.c(138): To location "http://10.184.129.108/Platform/workarea"  	[MsgId: MMSG-26693]
Action.c(138): web_url("login_2") was successful, 19036 body bytes, 539 header bytes  	[MsgId: MMSG-26386]
Action.c(146): web_url("workarea") started  	[MsgId: MMSG-26355]
Action.c(146): web_url("workarea") was successful, 18901 body bytes, 260 header bytes  	[MsgId: MMSG-26386]
Action.c(206): web_add_auto_header("Authorization") started  	[MsgId: MMSG-26355]
Action.c(206): Warning -26593: The header being added may cause unpredictable results when applied to all ensuing URLs. It is added anyway  	[MsgId: MWAR-26593]
Action.c(206): web_add_auto_header("Authorization") highest severity level was "warning"  	[MsgId: MMSG-26391]
Action.c(208): web_reg_save_param started  	[MsgId: MMSG-26355]
Action.c(208): Registering web_reg_save_param was successful  	[MsgId: MMSG-26390]
Action.c(213): web_url("CheckLoginStatusByUser") started  	[MsgId: MMSG-26355]
Action.c(213): HTML parsing not performed for Content-Type "application/json" ("ParseHtmlContentType" Run-Time Setting is "TEXT"). URL="http://10.184.129.108/Platform/Account/CheckLoginStatus"  	[MsgId: MMSG-26548]
Action.c(213): web_url("CheckLoginStatusByUser") was successful, 4 body bytes, 251 header bytes  	[MsgId: MMSG-26386]
User Login website successfully: HTTP/1.1 200 OK
Cache-Control: private
Content-Type: application/json; charset=utf-8
Server: Microsoft-IIS/7.5
X-AspNetMvc-Version: 5.2
X-AspNet-Version: 4.0.30319
X-Powered-By: ASP.NET
Date: Wed, 29 Aug 2018 12:00:00 GMT
Content-Length: 4

true	[MsgId: MMSG-17999]
Action.c(238): web_url("tableRowsPerPage") started  	[MsgId: MMSG-26355]
Action.c(238): HTML parsing not performed for Content-Type "application/json" ("ParseHtmlContentType" Run-Time Setting is "TEXT"). URL="http://10.184.129.108/webapi/api/tableRowsPerPage"  	[MsgId: MMSG-26548]
Action.c(238): web_url("tableRowsPerPage") was successful, 39 body bytes, 258 header bytes  	[MsgId: MMSG-26386]
Action.c(246): web_url("worklistcolumns") started  	[MsgId: MMSG-26355]
Action.c(246): HTML parsing not performed for Content-Type "application/json" ("ParseHtmlContentType" Run-Time Setting is "TEXT"). URL="http://10.184.129.108/webapi/api/worklist/worklistcolumns"  	[MsgId: MMSG-26548]
Action.c(246): web_url("worklistcolumns") was successful, 6057 body bytes, 260 header bytes  	[MsgId: MMSG-26386]
Action.c(262): web_url("systemversion") started  	[MsgId: MMSG-26355]
Action.c(262): HTML parsing not performed for Content-Type "application/json" ("ParseHtmlContentType" Run-Time Setting is "TEXT"). URL="http://10.184.129.108/webapi/api/systemversion"  	[MsgId: MMSG-26548]
Action.c(262): web_url("systemversion") was successful, 17 body bytes, 258 header bytes  	[MsgId: MMSG-26386]
Action.c(270): web_url("CheckLoginStatus") started  	[MsgId: MMSG-26355]
Action.c(270): HTML parsing not performed for Content-Type "application/json" ("ParseHtmlContentType" Run-Time Setting is "TEXT"). URL="http://10.184.129.108/Platform/Account/CheckLoginStatus"  	[MsgId: MMSG-26548]
Action.c(270): web_url("CheckLoginStatus") was successful, 4 body bytes, 251 header bytes  	[MsgId: MMSG-26386]
Action.c(279): web_url("workarea-app-container.html") started  	[MsgId: MMSG-26355]
Action.c(279): web_url("workarea-app-container.html") was successful, 901 body bytes, 246 header bytes  	[MsgId: MMSG-26386]
Action.c(288): web_url("terminalmonitor-template.html") started  	[MsgId: MMSG-26355]
Action.c(288): web_url("terminalmonitor-template.html") was successful, 32926 body bytes, 248 header bytes  	[MsgId: MMSG-26386]
Action.c(314): web_custom_request("terminalmonitoring") started  	[MsgId: MMSG-26355]
Action.c(314): Warning -26000: Request body (length=39) is not empty for HTTP Method=GET, for URL is "http://10.184.129.108/webapi/api/terminalmonitoring?userId=12" (Internal ID=886)  	[MsgId: MWAR-26000]
Action.c(314): Continuing after Error -26612: HTTP Status-Code=500 (NullReferenceException) for "http://10.184.129.108/webapi/api/terminalmonitoring?userId=12"  	[MsgId: MERR-26612]
End auto log messages stack.	[MsgId: MMSG-10544]


