Start auto log messages stack - Iteration 1.	[MsgId: MMSG-10545]
Action.c(87): web_url("login-view.html") was successful, 6207 body bytes, 247 header bytes  	[MsgId: MMSG-26386]
Action.c(99): web_reg_save_param started  	[MsgId: MMSG-26355]
Action.c(99): Registering web_reg_save_param was successful  	[MsgId: MMSG-26390]
Action.c(104): web_reg_save_param started  	[MsgId: MMSG-26355]
Action.c(104): Registering web_reg_save_param was successful  	[MsgId: MMSG-26390]
Action.c(109): web_reg_save_param started  	[MsgId: MMSG-26355]
Action.c(109): Registering web_reg_save_param was successful  	[MsgId: MMSG-26390]
Action.c(114): Notify: Transaction "User_login" started.	[MsgId: MMSG-16999]
Action.c(116): web_custom_request("login") started  	[MsgId: MMSG-26355]
Action.c(116): Continuing after Error -27492: "HttpSendRequest" failed, Windows error code=12002 and retry limit (0) exceeded for URL="http://10.184.129.108/Platform/account/login"  	[MsgId: MERR-27492]
Action.c(116): Continuing after Error -26377: No match found for the requested parameter "ApiToken". Either the specified boundaries were not found in the response or the matched text is longer than current max html parameter size of 90000 bytes. The total length of the response is 0 bytes. You can use "web_set_max_html_param_len" to increase the max parameter size.  	[MsgId: MERR-26377]
Action.c(116): Continuing after Error -26377: No match found for the requested parameter "AspToken". Either the specified boundaries were not found in the response or the matched text is longer than current max html parameter size of 90000 bytes. The total length of the response is 0 bytes. You can use "web_set_max_html_param_len" to increase the max parameter size.  	[MsgId: MERR-26377]
Action.c(116): Continuing after Error -26377: No match found for the requested parameter "access_token". Either the specified boundaries were not found in the response or the matched text is longer than current max html parameter size of 90000 bytes. The total length of the response is 0 bytes. You can use "web_set_max_html_param_len" to increase the max parameter size.  	[MsgId: MERR-26377]
Action.c(116): Continuing after Error -26374: The above "not found" error(s) may be explained by header and body byte counts being 0 and 0, respectively.  	[MsgId: MERR-26374]
End auto log messages stack.	[MsgId: MMSG-10544]


Start auto log messages stack - Iteration 1.	[MsgId: MMSG-10545]
Action.c(299): web_url("CheckLoginStatus_5") started  	[MsgId: MMSG-26355]
Action.c(299): HTML parsing not performed for Content-Type "application/json" ("ParseHtmlContentType" Run-Time Setting is "TEXT"). URL="http://10.184.129.108/Platform/Account/CheckLoginStatus"  	[MsgId: MMSG-26548]
Action.c(299): web_url("CheckLoginStatus_5") was successful, 4 body bytes, 251 header bytes  	[MsgId: MMSG-26386]
Action.c(315): Notify: Transaction "User_login" ended with a "Pass" status (Duration: 41.8662 Wasted Time: 0.0000).	[MsgId: MMSG-16871]
Action.c(318): Think time - Waiting 1.00 seconds (according to limit).	[MsgId: MMSG-15946]
Action.c(318): lr_think_time: 1.00 seconds (recorded think time was 30.00 seconds).	[MsgId: MMSG-15947]
Action.c(329): Notify: Transaction "WorlkList_Query_randomTime" started.	[MsgId: MMSG-16999]
Action.c(331): web_custom_request("searchWorklist_2") started  	[MsgId: MMSG-26355]
Action.c(331): Continuing after Error -26612: HTTP Status-Code=500 (NullReferenceException) for "http://10.184.129.108/webapi/api/worklist/searchWorklist"  	[MsgId: MERR-26612]
End auto log messages stack.	[MsgId: MMSG-10544]


Start auto log messages stack - Iteration 1.	[MsgId: MMSG-10545]
Action.c(206): web_add_auto_header("Authorization") highest severity level was "warning"  	[MsgId: MMSG-26391]
Action.c(208): web_reg_save_param started  	[MsgId: MMSG-26355]
Action.c(208): Registering web_reg_save_param was successful  	[MsgId: MMSG-26390]
Action.c(213): web_url("CheckLoginStatusByUser") started  	[MsgId: MMSG-26355]
Action.c(213): HTML parsing not performed for Content-Type "application/json" ("ParseHtmlContentType" Run-Time Setting is "TEXT"). URL="http://10.184.129.108/Platform/Account/CheckLoginStatus"  	[MsgId: MMSG-26548]
Action.c(213): web_url("CheckLoginStatusByUser") was successful, 5 body bytes, 251 header bytes  	[MsgId: MMSG-26386]
Action.c(225): Error: Login failed	[MsgId: MERR-17999]
End auto log messages stack.	[MsgId: MMSG-10544]


