Start auto log messages stack - Iteration 6.	[MsgId: MMSG-10545]
Action.c(299): web_url("CheckLoginStatus_5") started  	[MsgId: MMSG-26355]
Action.c(299): HTML parsing not performed for Content-Type "application/json" ("ParseHtmlContentType" Run-Time Setting is "TEXT"). URL="http://10.184.129.108/Platform/Account/CheckLoginStatus"  	[MsgId: MMSG-26548]
Action.c(299): web_url("CheckLoginStatus_5") was successful, 4 body bytes, 251 header bytes  	[MsgId: MMSG-26386]
Action.c(315): Notify: Transaction "User_login" ended with a "Pass" status (Duration: 5.9080 Wasted Time: 0.0000).	[MsgId: MMSG-16871]
Action.c(318): lr_think_time: 30.00 seconds.	[MsgId: MMSG-15948]
The Time is 2018-05-13	[MsgId: MMSG-17999]
Action.c(467): Notify: Transaction "worklist_query_LastMonth" started.	[MsgId: MMSG-16999]
Action.c(469): web_custom_request("searchWorklist_6") started  	[MsgId: MMSG-26355]
Action.c(469): Continuing after Error -26612: HTTP Status-Code=500 (NullReferenceException) for "http://10.184.129.108/webapi/api/worklist/searchWorklist"  	[MsgId: MERR-26612]
End auto log messages stack.	[MsgId: MMSG-10544]


Start auto log messages stack - Iteration 9.	[MsgId: MMSG-10545]
Action.c(299): web_url("CheckLoginStatus_5") was successful, 4 body bytes, 251 header bytes  	[MsgId: MMSG-26386]
Action.c(315): Notify: Transaction "User_login" ended with a "Pass" status (Duration: 3.2569 Wasted Time: 0.0000).	[MsgId: MMSG-16871]
Action.c(318): lr_think_time: 30.00 seconds.	[MsgId: MMSG-15948]
The Time is 2018-06-06	[MsgId: MMSG-17999]
Action.c(431): lr_think_time: 30.00 seconds.	[MsgId: MMSG-15948]
Action.c(433): Notify: Transaction "worklist_query_Lastweek" started.	[MsgId: MMSG-16999]
Action.c(435): web_custom_request("searchWorklist_5") started  	[MsgId: MMSG-26355]
Action.c(435): Connection to 10.184.129.108:80 closed after being inactive for 60 seconds, exceeding the "HTTP Keep-Alive timeout" Run-Time Setting (60 seconds). URL="http://10.184.129.108/webapi/api/worklist/searchWorklist"  	[MsgId: MMSG-27650]
Action.c(435): Continuing after Error -26612: HTTP Status-Code=500 (NullReferenceException) for "http://10.184.129.108/webapi/api/worklist/searchWorklist"  	[MsgId: MERR-26612]
End auto log messages stack.	[MsgId: MMSG-10544]


Start auto log messages stack - Iteration 11.	[MsgId: MMSG-10545]
Action.c(299): web_url("CheckLoginStatus_5") started  	[MsgId: MMSG-26355]
Action.c(299): HTML parsing not performed for Content-Type "application/json" ("ParseHtmlContentType" Run-Time Setting is "TEXT"). URL="http://10.184.129.108/Platform/Account/CheckLoginStatus"  	[MsgId: MMSG-26548]
Action.c(299): web_url("CheckLoginStatus_5") was successful, 4 body bytes, 251 header bytes  	[MsgId: MMSG-26386]
Action.c(315): Notify: Transaction "User_login" ended with a "Pass" status (Duration: 4.2836 Wasted Time: 0.0000).	[MsgId: MMSG-16871]
Action.c(318): lr_think_time: 30.00 seconds.	[MsgId: MMSG-15948]
The Time is 2018-06-11	[MsgId: MMSG-17999]
Action.c(399): Notify: Transaction "worklist_query_LastTwoToday" started.	[MsgId: MMSG-16999]
Action.c(401): web_custom_request("searchWorklist_4") started  	[MsgId: MMSG-26355]
Action.c(401): Continuing after Error -26612: HTTP Status-Code=500 (NullReferenceException) for "http://10.184.129.108/webapi/api/worklist/searchWorklist"  	[MsgId: MERR-26612]
End auto log messages stack.	[MsgId: MMSG-10544]


